

  ********************************************************************
  *                                                                  *
  *              USDA - WATER EROSION PREDICTION PROJECT             *
  *                 WEPP CLIMATE INPUT DATA GENERATOR                *
  *                                                                  *
  *                    CONTINUOUS SIMULATION AND                     *
  *                       SINGLE STORM OPTIONS                       *
  *                    with Command Line Options,                    *
  *                        and Corrections to                        *
  *                  Rainfall Intensity Calculations                 *
  *                   and Random Number Generation.                  *
  *                                                                  *
  *                          VERSION 5.30000                         *
  *                     Revised from VERSION 4.2                     *
  *                           October 2004                           *
  *                                                                  *
  *           (Use -h or /h to list command line options.)           *
  *                                                                  *
  ********************************************************************


 mo236791.par                                                                                                                                                                                                                                                    
 0500000US29023.prn                                                                                                                                                                                                                                              
 Tdew -10 rangecheck executed.
 Tdew -10 rangecheck executed.
 FAILED K-S -- Parm:Time to Peak    Mon:           5  Year:        1991  N:         103
 FAILED K-S -- Parm:Time to Peak    Mon:           5  Year:        1991  N:         103
 FAILED K-S -- Parm:Time to Peak    Mon:           5  Year:        1991  N:         103
 FAILED K-S -- Parm:Time to Peak    Mon:           5  Year:        1991  N:         103
 FAILED K-S -- Parm:Time to Peak    Mon:           5  Year:        1991  N:         103
*** ERROR *** Could not produce desired level of quality in
                    << Time to Peak    >> random deviates.
 Tdew -10 rangecheck executed.
 FAILED K-S -- Parm:Precip. Amt.    Mon:           9  Year:        1999  N:         100
 FAILED K-S -- Parm:Precip. Amt.    Mon:           9  Year:        1999  N:         100
 FAILED K-S -- Parm:Precip. Amt.    Mon:           9  Year:        1999  N:         100
 FAILED K-S -- Parm:Precip. Amt.    Mon:           9  Year:        1999  N:         100
 FAILED K-S -- Parm:Precip. Amt.    Mon:           9  Year:        1999  N:         100
*** ERROR *** Could not produce desired level of quality in
                    << Precip. Amt.    >> random deviates.
 Failed SN SD test.
 Parm:Temp. Dew Pt.   Month:           9  Year:        1999  Mlevel=   20.0000000      SDlevel=   50.6421318      Days:         600
 FAILED K-S -- Parm:Precip. Amt.    Mon:           9  Year:        2000  N:         107
 FAILED K-S -- Parm:Precip. Amt.    Mon:           9  Year:        2000  N:         107
 FAILED K-S -- Parm:Precip. Amt.    Mon:           9  Year:        2000  N:         107
 FAILED K-S -- Parm:Precip. Amt.    Mon:           9  Year:        2000  N:         107
 FAILED K-S -- Parm:Precip. Amt.    Mon:           9  Year:        2000  N:         107
*** ERROR *** Could not produce desired level of quality in
                    << Precip. Amt.    >> random deviates.
 FAILED K-S -- Parm:Precip. Amt.    Mon:           9  Year:        2001  N:         112
 FAILED K-S -- Parm:Precip. Amt.    Mon:           9  Year:        2001  N:         112
 FAILED K-S -- Parm:Precip. Amt.    Mon:           9  Year:        2001  N:         112
 FAILED K-S -- Parm:Precip. Amt.    Mon:           9  Year:        2001  N:         112
 FAILED K-S -- Parm:Precip. Amt.    Mon:           9  Year:        2001  N:         112
*** ERROR *** Could not produce desired level of quality in
                    << Precip. Amt.    >> random deviates.
 Failed SN SD test.
 Parm:Temp. Dew Pt.   Month:           9  Year:        2001  Mlevel=   40.0000000      SDlevel=   53.1834488      Days:         660
 FAILED K-S -- Parm:Precip. Amt.    Mon:           9  Year:        2002  N:         118
 FAILED K-S -- Parm:Precip. Amt.    Mon:           9  Year:        2002  N:         118
 FAILED K-S -- Parm:Precip. Amt.    Mon:           9  Year:        2002  N:         118
 FAILED K-S -- Parm:Precip. Amt.    Mon:           9  Year:        2002  N:         118
 FAILED K-S -- Parm:Precip. Amt.    Mon:           9  Year:        2002  N:         118
*** ERROR *** Could not produce desired level of quality in
                    << Precip. Amt.    >> random deviates.
 FAILED K-S -- Parm:Temp. Dew Pt.   Mon:           9  Year:        2002  N:         630
 FAILED K-S -- Parm:Time to Peak    Mon:           9  Year:        2002  N:         118
 FAILED K-S -- Parm:Precip. Amt.    Mon:           9  Year:        2003  N:         124
 FAILED K-S -- Parm:Precip. Amt.    Mon:           9  Year:        2003  N:         124
 FAILED K-S -- Parm:Precip. Amt.    Mon:           9  Year:        2003  N:         124
 FAILED K-S -- Parm:Precip. Amt.    Mon:           9  Year:        2003  N:         124
 FAILED K-S -- Parm:Precip. Amt.    Mon:           9  Year:        2003  N:         124
*** ERROR *** Could not produce desired level of quality in
                    << Precip. Amt.    >> random deviates.
 Failed SN SD test.
 Parm:Temp. Dew Pt.   Month:           9  Year:        2003  Mlevel=   30.0000000      SDlevel=   96.5503922      Days:         720
 FAILED K-S -- Parm:Precip. Amt.    Mon:           9  Year:        2004  N:         130
 FAILED K-S -- Parm:Precip. Amt.    Mon:           9  Year:        2004  N:         130
 FAILED K-S -- Parm:Precip. Amt.    Mon:           9  Year:        2004  N:         130
 FAILED K-S -- Parm:Precip. Amt.    Mon:           9  Year:        2004  N:         130
 FAILED K-S -- Parm:Precip. Amt.    Mon:           9  Year:        2004  N:         130
*** ERROR *** Could not produce desired level of quality in
                    << Precip. Amt.    >> random deviates.
 Failed SN SD test.
 Parm:Temp. Dew Pt.   Month:           9  Year:        2004  Mlevel=   50.0000000      SDlevel=   98.6682358      Days:         750
 FAILED K-S -- Parm:Precip. Amt.    Mon:           9  Year:        2005  N:         133
 FAILED K-S -- Parm:Precip. Amt.    Mon:           9  Year:        2005  N:         133
 FAILED K-S -- Parm:Precip. Amt.    Mon:           9  Year:        2005  N:         133
 FAILED K-S -- Parm:Precip. Amt.    Mon:           9  Year:        2005  N:         133
 FAILED K-S -- Parm:Precip. Amt.    Mon:           9  Year:        2005  N:         133
*** ERROR *** Could not produce desired level of quality in
                    << Precip. Amt.    >> random deviates.
 Failed SN SD test.
 Parm:Temp. Dew Pt.   Month:           9  Year:        2005  Mlevel=   30.0000000      SDlevel=   99.9972458      Days:         780
 FAILED K-S -- Parm:Time to Peak    Mon:           9  Year:        2005  N:         127
 FAILED K-S -- Parm:Precip. Amt.    Mon:           9  Year:        2006  N:         137
 FAILED K-S -- Parm:Precip. Amt.    Mon:           9  Year:        2006  N:         137
 FAILED K-S -- Parm:Precip. Amt.    Mon:           9  Year:        2006  N:         137
 FAILED K-S -- Parm:Precip. Amt.    Mon:           9  Year:        2006  N:         137
 FAILED K-S -- Parm:Precip. Amt.    Mon:           9  Year:        2006  N:         137
*** ERROR *** Could not produce desired level of quality in
                    << Precip. Amt.    >> random deviates.
 Failed SN SD test.
 Parm:Temp. Dew Pt.   Month:           9  Year:        2006  Mlevel=   50.0000000      SDlevel=   99.9988098      Days:         810
 FAILED K-S -- Parm:Time to Peak    Mon:           9  Year:        2006  N:         128
 FAILED K-S -- Parm:Precip. Amt.    Mon:           9  Year:        2007  N:         147
 FAILED K-S -- Parm:Precip. Amt.    Mon:           9  Year:        2007  N:         147
 FAILED K-S -- Parm:Precip. Amt.    Mon:           9  Year:        2007  N:         147
 FAILED K-S -- Parm:Precip. Amt.    Mon:           9  Year:        2007  N:         147
 FAILED K-S -- Parm:Precip. Amt.    Mon:           9  Year:        2007  N:         147
*** ERROR *** Could not produce desired level of quality in
                    << Precip. Amt.    >> random deviates.
 Failed SN SD test.
 Parm:Temp. Dew Pt.   Month:           9  Year:        2007  Mlevel=   40.0000000      SDlevel=   99.9999771      Days:         840
 FAILED K-S -- Parm:Time to Peak    Mon:           9  Year:        2007  N:         134
 FAILED K-S -- Parm:Precip. Amt.    Mon:           9  Year:        2008  N:         151
 FAILED K-S -- Parm:Precip. Amt.    Mon:           9  Year:        2008  N:         151
 FAILED K-S -- Parm:Precip. Amt.    Mon:           9  Year:        2008  N:         151
 FAILED K-S -- Parm:Precip. Amt.    Mon:           9  Year:        2008  N:         151
 FAILED K-S -- Parm:Precip. Amt.    Mon:           9  Year:        2008  N:         151
*** ERROR *** Could not produce desired level of quality in
                    << Precip. Amt.    >> random deviates.
 Failed SN SD test.
 Parm:Temp. Dew Pt.   Month:           9  Year:        2008  Mlevel=   50.0000000      SDlevel=   100.000000      Days:         870
 FAILED K-S -- Parm:Precip. Amt.    Mon:           9  Year:        2009  N:         154
 FAILED K-S -- Parm:Precip. Amt.    Mon:           9  Year:        2009  N:         154
 FAILED K-S -- Parm:Precip. Amt.    Mon:           9  Year:        2009  N:         154
 FAILED K-S -- Parm:Precip. Amt.    Mon:           9  Year:        2009  N:         154
 FAILED K-S -- Parm:Precip. Amt.    Mon:           9  Year:        2009  N:         154
*** ERROR *** Could not produce desired level of quality in
                    << Precip. Amt.    >> random deviates.
 Failed SN SD test.
 Parm:Temp. Dew Pt.   Month:           9  Year:        2009  Mlevel=   50.0000000      SDlevel=   100.000000      Days:         900
 FAILED K-S -- Parm:Time to Peak    Mon:           9  Year:        2009  N:         131
 FAILED K-S -- Parm:Precip. Amt.    Mon:           9  Year:        2010  N:         165
 FAILED K-S -- Parm:Precip. Amt.    Mon:           9  Year:        2010  N:         165
 FAILED K-S -- Parm:Precip. Amt.    Mon:           9  Year:        2010  N:         165
 FAILED K-S -- Parm:Precip. Amt.    Mon:           9  Year:        2010  N:         165
 FAILED K-S -- Parm:Precip. Amt.    Mon:           9  Year:        2010  N:         165
*** ERROR *** Could not produce desired level of quality in
                    << Precip. Amt.    >> random deviates.
 FAILED K-S -- Parm:Temp. Dew Pt.   Mon:           9  Year:        2010  N:         630
 FAILED K-S -- Parm:Time to Peak    Mon:           9  Year:        2010  N:         139
 FAILED K-S -- Parm:Precip. Amt.    Mon:           9  Year:        2011  N:         168
 FAILED K-S -- Parm:Precip. Amt.    Mon:           9  Year:        2011  N:         168
 FAILED K-S -- Parm:Precip. Amt.    Mon:           9  Year:        2011  N:         168
 FAILED K-S -- Parm:Precip. Amt.    Mon:           9  Year:        2011  N:         168
 FAILED K-S -- Parm:Precip. Amt.    Mon:           9  Year:        2011  N:         168
*** ERROR *** Could not produce desired level of quality in
                    << Precip. Amt.    >> random deviates.
 Failed SN SD test.
 Parm:Temp. Dew Pt.   Month:           9  Year:        2011  Mlevel=   30.0000000      SDlevel=   100.000000      Days:         960
 FAILED K-S -- Parm:Precip. Amt.    Mon:           9  Year:        2012  N:         176
 FAILED K-S -- Parm:Precip. Amt.    Mon:           9  Year:        2012  N:         176
 FAILED K-S -- Parm:Precip. Amt.    Mon:           9  Year:        2012  N:         176
 FAILED K-S -- Parm:Precip. Amt.    Mon:           9  Year:        2012  N:         176
At line 3013 of file cligen53.f (unit = 9, file = '0500000US29023.prn')
Fortran runtime error: Sequential READ or WRITE not allowed after EOF marker, possibly use REWIND or BACKSPACE
 FAILED K-S -- Parm:Precip. Amt.    Mon:           9  Year:        2012  N:         176
*** ERROR *** Could not produce desired level of quality in
                    << Precip. Amt.    >> random deviates.
 Failed SN SD test.
 Parm:Temp. Dew Pt.   Month:           9  Year:        2012  Mlevel=   40.0000000      SDlevel=   100.000000      Days:         990
 FAILED K-S -- Parm:Time to Peak    Mon:           9  Year:        2012  N:         139
 FAILED K-S -- Parm:Precip. Amt.    Mon:           9  Year:        2013  N:         182
 FAILED K-S -- Parm:Precip. Amt.    Mon:           9  Year:        2013  N:         182
 FAILED K-S -- Parm:Precip. Amt.    Mon:           9  Year:        2013  N:         182
 FAILED K-S -- Parm:Precip. Amt.    Mon:           9  Year:        2013  N:         182
 FAILED K-S -- Parm:Precip. Amt.    Mon:           9  Year:        2013  N:         182
*** ERROR *** Could not produce desired level of quality in
                    << Precip. Amt.    >> random deviates.
 Failed SN SD test.
 Parm:Temp. Dew Pt.   Month:           9  Year:        2013  Mlevel=   20.0000000      SDlevel=   100.000000      Days:        1020
 FAILED K-S -- Parm:Precip. Amt.    Mon:           9  Year:        2014  N:         187
 FAILED K-S -- Parm:Precip. Amt.    Mon:           9  Year:        2014  N:         187
 FAILED K-S -- Parm:Precip. Amt.    Mon:           9  Year:        2014  N:         187
 FAILED K-S -- Parm:Precip. Amt.    Mon:           9  Year:        2014  N:         187
 FAILED K-S -- Parm:Precip. Amt.    Mon:           9  Year:        2014  N:         187
*** ERROR *** Could not produce desired level of quality in
                    << Precip. Amt.    >> random deviates.
 FAILED K-S -- Parm:Temp. Dew Pt.   Mon:           9  Year:        2014  N:         630
 FAILED K-S -- Parm:Time to Peak    Mon:           9  Year:        2014  N:         142
 FAILED K-S -- Parm:Precip. Amt.    Mon:           9  Year:        2015  N:         189
 FAILED K-S -- Parm:Precip. Amt.    Mon:           9  Year:        2015  N:         189
 FAILED K-S -- Parm:Precip. Amt.    Mon:           9  Year:        2015  N:         189
 FAILED K-S -- Parm:Precip. Amt.    Mon:           9  Year:        2015  N:         189
 FAILED K-S -- Parm:Precip. Amt.    Mon:           9  Year:        2015  N:         189
*** ERROR *** Could not produce desired level of quality in
                    << Precip. Amt.    >> random deviates.
 Failed SN SD test.
 Parm:Temp. Dew Pt.   Month:           9  Year:        2015  Mlevel=   10.0000000      SDlevel=   100.000000      Days:        1080
 FAILED K-S -- Parm:Precip. Amt.    Mon:           9  Year:        2016  N:         195
 FAILED K-S -- Parm:Precip. Amt.    Mon:           9  Year:        2016  N:         195
 FAILED K-S -- Parm:Precip. Amt.    Mon:           9  Year:        2016  N:         195
 FAILED K-S -- Parm:Precip. Amt.    Mon:           9  Year:        2016  N:         195
 FAILED K-S -- Parm:Precip. Amt.    Mon:           9  Year:        2016  N:         195
*** ERROR *** Could not produce desired level of quality in
                    << Precip. Amt.    >> random deviates.
 Failed SN SD test.
 Parm:Temp. Dew Pt.   Month:           9  Year:        2016  Mlevel=   20.0000000      SDlevel=   100.000000      Days:        1110
 FAILED K-S -- Parm:Precip. Amt.    Mon:           9  Year:        2017  N:         197
 FAILED K-S -- Parm:Precip. Amt.    Mon:           9  Year:        2017  N:         197
 FAILED K-S -- Parm:Precip. Amt.    Mon:           9  Year:        2017  N:         197
 FAILED K-S -- Parm:Precip. Amt.    Mon:           9  Year:        2017  N:         197
 FAILED K-S -- Parm:Precip. Amt.    Mon:           9  Year:        2017  N:         197
*** ERROR *** Could not produce desired level of quality in
                    << Precip. Amt.    >> random deviates.
 Failed SN SD test.
 Parm:Temp. Dew Pt.   Month:           9  Year:        2017  Mlevel=   20.0000000      SDlevel=   100.000000      Days:        1140
