

  ********************************************************************
  *                                                                  *
  *              USDA - WATER EROSION PREDICTION PROJECT             *
  *                 WEPP CLIMATE INPUT DATA GENERATOR                *
  *                                                                  *
  *                    CONTINUOUS SIMULATION AND                     *
  *                       SINGLE STORM OPTIONS                       *
  *                    with Command Line Options,                    *
  *                        and Corrections to                        *
  *                  Rainfall Intensity Calculations                 *
  *                   and Random Number Generation.                  *
  *                                                                  *
  *                          VERSION 5.30000                         *
  *                     Revised from VERSION 4.2                     *
  *                           October 2004                           *
  *                                                                  *
  *           (Use -h or /h to list command line options.)           *
  *                                                                  *
  ********************************************************************


 ok348380.par                                                                                                                                                                                                                                                    
 0500000US40097.prn                                                                                                                                                                                                                                              
 Tdew -10 rangecheck executed.
 Tdew -10 rangecheck executed.
 Tdew -10 rangecheck executed.
 Tdew -10 rangecheck executed.
 Tdew -10 rangecheck executed.
 Tdew -10 rangecheck executed.
 Tdew -10 rangecheck executed.
 Tdew -10 rangecheck executed.
 Tdew -10 rangecheck executed.
 Tdew -10 rangecheck executed.
 Tdew -10 rangecheck executed.
 FAILED K-S -- Parm:Precip. Amt.    Mon:          12  Year:        1996  N:         100
 FAILED K-S -- Parm:Precip. Amt.    Mon:          12  Year:        1996  N:         100
 FAILED K-S -- Parm:Precip. Amt.    Mon:          12  Year:        1996  N:         100
 FAILED K-S -- Parm:Precip. Amt.    Mon:          12  Year:        1996  N:         100
 FAILED K-S -- Parm:Precip. Amt.    Mon:          12  Year:        1996  N:         100
*** ERROR *** Could not produce desired level of quality in
                    << Precip. Amt.    >> random deviates.
 FAILED K-S -- Parm:Time to Peak    Mon:          12  Year:        1996  N:         100
 FAILED K-S -- Parm:Precip. Amt.    Mon:          12  Year:        1997  N:         104
 FAILED K-S -- Parm:Precip. Amt.    Mon:          12  Year:        1997  N:         104
 FAILED K-S -- Parm:Precip. Amt.    Mon:          12  Year:        1997  N:         104
 FAILED K-S -- Parm:Precip. Amt.    Mon:          12  Year:        1997  N:         104
 FAILED K-S -- Parm:Precip. Amt.    Mon:          12  Year:        1997  N:         104
*** ERROR *** Could not produce desired level of quality in
                    << Precip. Amt.    >> random deviates.
 FAILED K-S -- Parm:Precip. Amt.    Mon:          12  Year:        1998  N:         106
 FAILED K-S -- Parm:Precip. Amt.    Mon:          12  Year:        1998  N:         106
 FAILED K-S -- Parm:Precip. Amt.    Mon:          12  Year:        1998  N:         106
 FAILED K-S -- Parm:Precip. Amt.    Mon:          12  Year:        1998  N:         106
 FAILED K-S -- Parm:Precip. Amt.    Mon:          12  Year:        1998  N:         106
*** ERROR *** Could not produce desired level of quality in
                    << Precip. Amt.    >> random deviates.
 FAILED K-S -- Parm:Precip. Amt.    Mon:          12  Year:        1999  N:         112
 FAILED K-S -- Parm:Precip. Amt.    Mon:          12  Year:        1999  N:         112
 FAILED K-S -- Parm:Precip. Amt.    Mon:          12  Year:        1999  N:         112
 FAILED K-S -- Parm:Precip. Amt.    Mon:          12  Year:        1999  N:         112
 FAILED K-S -- Parm:Precip. Amt.    Mon:          12  Year:        1999  N:         112
*** ERROR *** Could not produce desired level of quality in
                    << Precip. Amt.    >> random deviates.
 Failed SN SD test.
 Parm:Temp. Dew Pt.   Month:          12  Year:        1999  Mlevel=   10.0000000      SDlevel=   64.6017761      Days:         620
 FAILED K-S -- Parm:Time to Peak    Mon:          12  Year:        1999  N:         105
 FAILED K-S -- Parm:Precip. Amt.    Mon:          12  Year:        2000  N:         118
 FAILED K-S -- Parm:Precip. Amt.    Mon:          12  Year:        2000  N:         118
 FAILED K-S -- Parm:Precip. Amt.    Mon:          12  Year:        2000  N:         118
 FAILED K-S -- Parm:Precip. Amt.    Mon:          12  Year:        2000  N:         118
 FAILED K-S -- Parm:Precip. Amt.    Mon:          12  Year:        2000  N:         118
*** ERROR *** Could not produce desired level of quality in
                    << Precip. Amt.    >> random deviates.
 Failed SN SD test.
 Parm:Temp. Dew Pt.   Month:          12  Year:        2000  Mlevel=   5.00000000      SDlevel=   90.9763412      Days:         651
 FAILED K-S -- Parm:Time to Peak    Mon:          12  Year:        2000  N:         105
 FAILED K-S -- Parm:Precip. Amt.    Mon:          12  Year:        2001  N:         123
 FAILED K-S -- Parm:Precip. Amt.    Mon:          12  Year:        2001  N:         123
 FAILED K-S -- Parm:Precip. Amt.    Mon:          12  Year:        2001  N:         123
 FAILED K-S -- Parm:Precip. Amt.    Mon:          12  Year:        2001  N:         123
 FAILED K-S -- Parm:Precip. Amt.    Mon:          12  Year:        2001  N:         123
*** ERROR *** Could not produce desired level of quality in
                    << Precip. Amt.    >> random deviates.
 Failed SN SD test.
 Parm:Temp. Dew Pt.   Month:          12  Year:        2001  Mlevel=   1.00000000      SDlevel=   99.1413193      Days:         682
 FAILED K-S -- Parm:Time to Peak    Mon:          12  Year:        2001  N:         104
 FAILED K-S -- Parm:Precip. Amt.    Mon:          12  Year:        2002  N:         131
 Failed SN SD test.
 Parm:Precip. Amt.    Month:          12  Year:        2002  Mlevel=   5.00000000      SDlevel=   63.4493332      Days:         131
 FAILED K-S -- Parm:Precip. Amt.    Mon:          12  Year:        2002  N:         131
 Failed SN SD test.
 Parm:Precip. Amt.    Month:          12  Year:        2002  Mlevel=   5.00000000      SDlevel=   63.4493332      Days:         131
 FAILED K-S -- Parm:Precip. Amt.    Mon:          12  Year:        2002  N:         131
 Failed SN SD test.
 Parm:Precip. Amt.    Month:          12  Year:        2002  Mlevel=   5.00000000      SDlevel=   63.4493332      Days:         131
 FAILED K-S -- Parm:Precip. Amt.    Mon:          12  Year:        2002  N:         131
 Failed SN SD test.
 Parm:Precip. Amt.    Month:          12  Year:        2002  Mlevel=   5.00000000      SDlevel=   63.4493332      Days:         131
 FAILED K-S -- Parm:Precip. Amt.    Mon:          12  Year:        2002  N:         131
 Failed SN SD test.
 Parm:Precip. Amt.    Month:          12  Year:        2002  Mlevel=   5.00000000      SDlevel=   63.4493332      Days:         131
*** ERROR *** Could not produce desired level of quality in
                    << Precip. Amt.    >> random deviates.
 Failed SN SD test.
 Parm:Temp. Dew Pt.   Month:          12  Year:        2002  Mlevel=   10.0000000      SDlevel=   99.7291870      Days:         713
 FAILED K-S -- Parm:Time to Peak    Mon:          12  Year:        2002  N:         107
 FAILED K-S -- Parm:Precip. Amt.    Mon:          12  Year:        2003  N:         136
 FAILED K-S -- Parm:Precip. Amt.    Mon:          12  Year:        2003  N:         136
 FAILED K-S -- Parm:Precip. Amt.    Mon:          12  Year:        2003  N:         136
 FAILED K-S -- Parm:Precip. Amt.    Mon:          12  Year:        2003  N:         136
 FAILED K-S -- Parm:Precip. Amt.    Mon:          12  Year:        2003  N:         136
*** ERROR *** Could not produce desired level of quality in
                    << Precip. Amt.    >> random deviates.
 Failed SN SD test.
 Parm:Temp. Dew Pt.   Month:          12  Year:        2003  Mlevel=   10.0000000      SDlevel=   99.9947815      Days:         744
 FAILED K-S -- Parm:Time to Peak    Mon:          12  Year:        2003  N:         104
 Failed SN SD test.
 Parm:Temp. Dew Pt.   Month:          12  Year:        2004  Mlevel=   1.00000000      SDlevel=   99.9999771      Days:         775
 Failed SN SD test.
 Parm:Temp. Dew Pt.   Month:          12  Year:        2004  Mlevel=   10.0000000      SDlevel=   99.9999924      Days:         775
 Failed SN SD test.
 Parm:Temp. Dew Pt.   Month:          12  Year:        2004  Mlevel=   1.00000000      SDlevel=   99.9999771      Days:         775
 Failed SN SD test.
 Parm:Temp. Dew Pt.   Month:          12  Year:        2004  Mlevel=   5.00000000      SDlevel=   99.9999847      Days:         775
 Failed SN SD test.
 Parm:Temp. Dew Pt.   Month:          12  Year:        2004  Mlevel=   10.0000000      SDlevel=   99.9990463      Days:         775
*** ERROR *** Could not produce desired level of quality in
                    << Temp. Dew Pt.   >> random deviates.
 FAILED K-S -- Parm:Time to Peak    Mon:          12  Year:        2004  N:         106
 Failed SN SD test.
 Parm:Temp. Dew Pt.   Month:          12  Year:        2005  Mlevel=   10.0000000      SDlevel=   99.9990540      Days:         806
 Failed SN SD test.
 Parm:Temp. Dew Pt.   Month:          12  Year:        2005  Mlevel=   20.0000000      SDlevel=   99.9852829      Days:         806
 Failed SN SD test.
 Parm:Temp. Dew Pt.   Month:          12  Year:        2005  Mlevel=   5.00000000      SDlevel=   99.9984665      Days:         806
 Failed SN SD test.
 Parm:Temp. Dew Pt.   Month:          12  Year:        2005  Mlevel=   10.0000000      SDlevel=   99.9971008      Days:         806
 Failed SN SD test.
 Parm:Temp. Dew Pt.   Month:          12  Year:        2005  Mlevel=   10.0000000      SDlevel=   99.9986954      Days:         806
*** ERROR *** Could not produce desired level of quality in
                    << Temp. Dew Pt.   >> random deviates.
 FAILED K-S -- Parm:Time to Peak    Mon:          12  Year:        2005  N:         106
 Failed SN SD test.
 Parm:Temp. Dew Pt.   Month:          12  Year:        2006  Mlevel=   20.0000000      SDlevel=   99.9983444      Days:         837
 Failed SN SD test.
 Parm:Temp. Dew Pt.   Month:          12  Year:        2006  Mlevel=   10.0000000      SDlevel=   99.9989548      Days:         837
 Failed SN SD test.
 Parm:Temp. Dew Pt.   Month:          12  Year:        2006  Mlevel=   10.0000000      SDlevel=   99.9987640      Days:         837
 Failed SN SD test.
 Parm:Temp. Dew Pt.   Month:          12  Year:        2006  Mlevel=   20.0000000      SDlevel=   99.9994354      Days:         837
 Failed SN SD test.
 Parm:Temp. Dew Pt.   Month:          12  Year:        2006  Mlevel=   5.00000000      SDlevel=   99.9963531      Days:         837
*** ERROR *** Could not produce desired level of quality in
                    << Temp. Dew Pt.   >> random deviates.
 FAILED K-S -- Parm:Time to Peak    Mon:          12  Year:        2006  N:         105
 FAILED K-S -- Parm:Temp. Dew Pt.   Mon:          12  Year:        2007  N:         713
 Failed SN SD test.
 Parm:Temp. Dew Pt.   Month:          12  Year:        2007  Mlevel=   1.00000000      SDlevel=   99.9987640      Days:         868
 Failed SN SD test.
 Parm:Temp. Dew Pt.   Month:          12  Year:        2007  Mlevel=   10.0000000      SDlevel=   99.9976883      Days:         868
 Failed SN SD test.
 Parm:Temp. Dew Pt.   Month:          12  Year:        2007  Mlevel=  0.500000000      SDlevel=   99.9882126      Days:         868
 Failed SN SD test.
 Parm:Temp. Dew Pt.   Month:          12  Year:        2007  Mlevel=   10.0000000      SDlevel=   99.9904022      Days:         868
 Failed SN SD test.
 Parm:Temp. Dew Pt.   Month:          12  Year:        2007  Mlevel=   30.0000000      SDlevel=   99.9935150      Days:         868
*** ERROR *** Could not produce desired level of quality in
                    << Temp. Dew Pt.   >> random deviates.
 FAILED K-S -- Parm:Time to Peak    Mon:          12  Year:        2007  N:         107
 Failed SN SD test.
 Parm:Temp. Dew Pt.   Month:          12  Year:        2008  Mlevel=   30.0000000      SDlevel=   99.9963150      Days:         899
 Failed SN SD test.
 Parm:Temp. Dew Pt.   Month:          12  Year:        2008  Mlevel=   30.0000000      SDlevel=   99.9881439      Days:         899
 Failed SN SD test.
 Parm:Temp. Dew Pt.   Month:          12  Year:        2008  Mlevel=   20.0000000      SDlevel=   99.9964676      Days:         899
 Failed SN SD test.
 Parm:Temp. Dew Pt.   Month:          12  Year:        2008  Mlevel=   40.0000000      SDlevel=   99.9778061      Days:         899
 Failed SN SD test.
 Parm:Temp. Dew Pt.   Month:          12  Year:        2008  Mlevel=   30.0000000      SDlevel=   99.9955063      Days:         899
*** ERROR *** Could not produce desired level of quality in
                    << Temp. Dew Pt.   >> random deviates.
 FAILED K-S -- Parm:Time to Peak    Mon:          12  Year:        2008  N:         109
 Failed SN SD test.
 Parm:Temp. Dew Pt.   Month:          12  Year:        2009  Mlevel=   30.0000000      SDlevel=   99.9926834      Days:         930
 Failed SN SD test.
 Parm:Temp. Dew Pt.   Month:          12  Year:        2009  Mlevel=   40.0000000      SDlevel=   99.9926605      Days:         930
 Failed SN SD test.
 Parm:Temp. Dew Pt.   Month:          12  Year:        2009  Mlevel=   30.0000000      SDlevel=   99.9906464      Days:         930
 Failed SN SD test.
 Parm:Temp. Dew Pt.   Month:          12  Year:        2009  Mlevel=   50.0000000      SDlevel=   99.9920578      Days:         930
 Failed SN SD test.
 Parm:Temp. Dew Pt.   Month:          12  Year:        2009  Mlevel=   30.0000000      SDlevel=   99.9914780      Days:         930
*** ERROR *** Could not produce desired level of quality in
                    << Temp. Dew Pt.   >> random deviates.
 FAILED K-S -- Parm:Time to Peak    Mon:          12  Year:        2009  N:         105
 Failed SN SD test.
 Parm:Temp. Dew Pt.   Month:          12  Year:        2010  Mlevel=   30.0000000      SDlevel=   99.9936523      Days:         961
 Failed SN SD test.
 Parm:Temp. Dew Pt.   Month:          12  Year:        2010  Mlevel=   40.0000000      SDlevel=   99.9909668      Days:         961
 Failed SN SD test.
 Parm:Temp. Dew Pt.   Month:          12  Year:        2010  Mlevel=   20.0000000      SDlevel=   99.9859009      Days:         961
 Failed SN SD test.
 Parm:Temp. Dew Pt.   Month:          12  Year:        2010  Mlevel=   50.0000000      SDlevel=   99.9519348      Days:         961
 Failed SN SD test.
 Parm:Temp. Dew Pt.   Month:          12  Year:        2010  Mlevel=   30.0000000      SDlevel=   99.9950790      Days:         961
*** ERROR *** Could not produce desired level of quality in
                    << Temp. Dew Pt.   >> random deviates.
 FAILED K-S -- Parm:Time to Peak    Mon:          12  Year:        2010  N:         104
 Failed SN SD test.
 Parm:Temp. Dew Pt.   Month:          12  Year:        2011  Mlevel=   5.00000000      SDlevel=   99.9921722      Days:         992
 Failed SN SD test.
 Parm:Temp. Dew Pt.   Month:          12  Year:        2011  Mlevel=   30.0000000      SDlevel=   99.9961929      Days:         992
 Failed SN SD test.
 Parm:Temp. Dew Pt.   Month:          12  Year:        2011  Mlevel=   30.0000000      SDlevel=   99.9987335      Days:         992
 Failed SN SD test.
 Parm:Temp. Dew Pt.   Month:          12  Year:        2011  Mlevel=   40.0000000      SDlevel=   99.9792938      Days:         992
 Failed SN Mean test.
 Failed SN SD test.
 Parm:Temp. Dew Pt.   Month:          12  Year:        2011  Mlevel=   60.0000000      SDlevel=   99.9953461      Days:         992
*** ERROR *** Could not produce desired level of quality in
                    << Temp. Dew Pt.   >> random deviates.
 FAILED K-S -- Parm:Time to Peak    Mon:          12  Year:        2011  N:         109
 Failed SN Mean test.
 Failed SN SD test.
 Parm:Temp. Dew Pt.   Month:          12  Year:        2012  Mlevel=   60.0000000      SDlevel=   99.9972534      Days:        1023
 Failed SN SD test.
 Parm:Temp. Dew Pt.   Month:          12  Year:        2012  Mlevel=   40.0000000      SDlevel=   99.9942932      Days:        1023
 Failed SN SD test.
 Parm:Temp. Dew Pt.   Month:          12  Year:        2012  Mlevel=   50.0000000      SDlevel=   99.9973602      Days:        1023
 Failed SN SD test.
 Parm:Temp. Dew Pt.   Month:          12  Year:        2012  Mlevel=   50.0000000      SDlevel=   99.9941559      Days:        1023
 Failed SN SD test.
 Parm:Temp. Dew Pt.   Month:          12  Year:        2012  Mlevel=   50.0000000      SDlevel=   99.9962158      Days:        1023
*** ERROR *** Could not produce desired level of quality in
                    << Temp. Dew Pt.   >> random deviates.
 FAILED K-S -- Parm:Time to Peak    Mon:          12  Year:        2012  N:         110
 Failed SN SD test.
 Parm:Temp. Dew Pt.   Month:          12  Year:        2013  Mlevel=   30.0000000      SDlevel=   99.9917450      Days:        1054
 Failed SN SD test.
 Parm:Temp. Dew Pt.   Month:          12  Year:        2013  Mlevel=   40.0000000      SDlevel=   99.9978027      Days:        1054
 Failed SN SD test.
 Parm:Temp. Dew Pt.   Month:          12  Year:        2013  Mlevel=   50.0000000      SDlevel=   99.9955750      Days:        1054
 Failed SN Mean test.
 Failed SN SD test.
 Parm:Temp. Dew Pt.   Month:          12  Year:        2013  Mlevel=   70.0000000      SDlevel=   99.9749146      Days:        1054
 Failed SN SD test.
 Parm:Temp. Dew Pt.   Month:          12  Year:        2013  Mlevel=   50.0000000      SDlevel=   99.9990768      Days:        1054
*** ERROR *** Could not produce desired level of quality in
                    << Temp. Dew Pt.   >> random deviates.
 FAILED K-S -- Parm:Time to Peak    Mon:          12  Year:        2013  N:         101
 Failed SN SD test.
 Parm:Temp. Dew Pt.   Month:          12  Year:        2014  Mlevel=   40.0000000      SDlevel=   99.9989471      Days:        1085
 Failed SN SD test.
 Parm:Temp. Dew Pt.   Month:          12  Year:        2014  Mlevel=   40.0000000      SDlevel=   99.9960403      Days:        1085
 Failed SN SD test.
 Parm:Temp. Dew Pt.   Month:          12  Year:        2014  Mlevel=   30.0000000      SDlevel=   99.9923096      Days:        1085
 Failed SN SD test.
 Parm:Temp. Dew Pt.   Month:          12  Year:        2014  Mlevel=   30.0000000      SDlevel=   99.9978104      Days:        1085
 Failed SN SD test.
 Parm:Temp. Dew Pt.   Month:          12  Year:        2014  Mlevel=   30.0000000      SDlevel=   99.9975891      Days:        1085
*** ERROR *** Could not produce desired level of quality in
                    << Temp. Dew Pt.   >> random deviates.
 FAILED K-S -- Parm:Time to Peak    Mon:          12  Year:        2014  N:         103
 Failed SN SD test.
 Parm:Temp. Dew Pt.   Month:          12  Year:        2015  Mlevel=   30.0000000      SDlevel=   99.9982681      Days:        1116
 Failed SN SD test.
 Parm:Temp. Dew Pt.   Month:          12  Year:        2015  Mlevel=   30.0000000      SDlevel=   99.9894714      Days:        1116
 Failed SN SD test.
 Parm:Temp. Dew Pt.   Month:          12  Year:        2015  Mlevel=   20.0000000      SDlevel=   99.9971771      Days:        1116
 Failed SN SD test.
 Parm:Temp. Dew Pt.   Month:          12  Year:        2015  Mlevel=   5.00000000      SDlevel=   99.9978561      Days:        1116
 Failed SN SD test.
 Parm:Temp. Dew Pt.   Month:          12  Year:        2015  Mlevel=   40.0000000      SDlevel=   99.9981308      Days:        1116
*** ERROR *** Could not produce desired level of quality in
                    << Temp. Dew Pt.   >> random deviates.
 FAILED K-S -- Parm:Time to Peak    Mon:          12  Year:        2015  N:         111
 Failed SN SD test.
 Parm:Temp. Dew Pt.   Month:          12  Year:        2016  Mlevel=   50.0000000      SDlevel=   99.9990082      Days:        1147
 Failed SN SD test.
 Parm:Temp. Dew Pt.   Month:          12  Year:        2016  Mlevel=   30.0000000      SDlevel=   99.9989548      Days:        1147
At line 3013 of file cligen53.f (unit = 9, file = '0500000US40097.prn')
Fortran runtime error: Sequential READ or WRITE not allowed after EOF marker, possibly use REWIND or BACKSPACE
 Failed SN SD test.
 Parm:Temp. Dew Pt.   Month:          12  Year:        2016  Mlevel=   10.0000000      SDlevel=   99.9989777      Days:        1147
 Failed SN SD test.
 Parm:Temp. Dew Pt.   Month:          12  Year:        2016  Mlevel=   20.0000000      SDlevel=   99.9993668      Days:        1147
 Failed SN SD test.
 Parm:Temp. Dew Pt.   Month:          12  Year:        2016  Mlevel=   30.0000000      SDlevel=   99.9960785      Days:        1147
*** ERROR *** Could not produce desired level of quality in
                    << Temp. Dew Pt.   >> random deviates.
 FAILED K-S -- Parm:Time to Peak    Mon:          12  Year:        2016  N:         104
 Failed SN SD test.
 Parm:Temp. Dew Pt.   Month:          12  Year:        2017  Mlevel=   20.0000000      SDlevel=   99.9974518      Days:        1178
 Failed SN SD test.
 Parm:Temp. Dew Pt.   Month:          12  Year:        2017  Mlevel=   40.0000000      SDlevel=   99.9975891      Days:        1178
 Failed SN SD test.
 Parm:Temp. Dew Pt.   Month:          12  Year:        2017  Mlevel=   20.0000000      SDlevel=   99.9974213      Days:        1178
 Failed SN SD test.
 Parm:Temp. Dew Pt.   Month:          12  Year:        2017  Mlevel=   30.0000000      SDlevel=   99.9967804      Days:        1178
 Failed SN SD test.
 Parm:Temp. Dew Pt.   Month:          12  Year:        2017  Mlevel=   40.0000000      SDlevel=   99.9841003      Days:        1178
*** ERROR *** Could not produce desired level of quality in
                    << Temp. Dew Pt.   >> random deviates.
 FAILED K-S -- Parm:Time to Peak    Mon:          12  Year:        2017  N:         101
