

  ********************************************************************
  *                                                                  *
  *              USDA - WATER EROSION PREDICTION PROJECT             *
  *                 WEPP CLIMATE INPUT DATA GENERATOR                *
  *                                                                  *
  *                    CONTINUOUS SIMULATION AND                     *
  *                       SINGLE STORM OPTIONS                       *
  *                    with Command Line Options,                    *
  *                        and Corrections to                        *
  *                  Rainfall Intensity Calculations                 *
  *                   and Random Number Generation.                  *
  *                                                                  *
  *                          VERSION 5.30000                         *
  *                     Revised from VERSION 4.2                     *
  *                           October 2004                           *
  *                                                                  *
  *           (Use -h or /h to list command line options.)           *
  *                                                                  *
  ********************************************************************


 ut429595.par                                                                                                                                                                                                                                                    
 0500000US49033.prn                                                                                                                                                                                                                                              
 Tdew -10 rangecheck executed.
 Tdew -10 rangecheck executed.
 Tdew -10 rangecheck executed.
 Tdew -10 rangecheck executed.
 Tdew -10 rangecheck executed.
 Tdew -10 rangecheck executed.
 Tdew -10 rangecheck executed.
 Tdew -10 rangecheck executed.
 Tdew -10 rangecheck executed.
 Tdew -10 rangecheck executed.
 Tdew -10 rangecheck executed.
 Tdew -10 rangecheck executed.
 Tdew -10 rangecheck executed.
 Tdew -10 rangecheck executed.
 Tdew -10 rangecheck executed.
 Tdew -10 rangecheck executed.
 Tdew -10 rangecheck executed.
 Tdew -10 rangecheck executed.
 Tdew -10 rangecheck executed.
 Tdew -10 rangecheck executed.
 Tdew -10 rangecheck executed.
 Tdew -10 rangecheck executed.
 Tdew -10 rangecheck executed.
 Tdew -10 rangecheck executed.
 Tdew -10 rangecheck executed.
 Tdew -10 rangecheck executed.
 Tdew -10 rangecheck executed.
 Tdew -10 rangecheck executed.
 Tdew -10 rangecheck executed.
 Tdew -10 rangecheck executed.
 Tdew -10 rangecheck executed.
 Tdew -10 rangecheck executed.
 Tdew -10 rangecheck executed.
 FAILED K-S -- Parm:Time to Peak    Mon:           9  Year:        2001  N:         100
 FAILED K-S -- Parm:Time to Peak    Mon:           9  Year:        2001  N:         100
 FAILED K-S -- Parm:Time to Peak    Mon:           9  Year:        2001  N:         100
 FAILED K-S -- Parm:Time to Peak    Mon:           9  Year:        2001  N:         100
 FAILED K-S -- Parm:Time to Peak    Mon:           9  Year:        2001  N:         100
*** ERROR *** Could not produce desired level of quality in
                    << Time to Peak    >> random deviates.
 FAILED K-S -- Parm:Precip. Amt.    Mon:           1  Year:        2002  N:         103
 FAILED K-S -- Parm:Precip. Amt.    Mon:           1  Year:        2002  N:         103
 FAILED K-S -- Parm:Precip. Amt.    Mon:           1  Year:        2002  N:         103
 FAILED K-S -- Parm:Precip. Amt.    Mon:           1  Year:        2002  N:         103
 FAILED K-S -- Parm:Precip. Amt.    Mon:           1  Year:        2002  N:         103
*** ERROR *** Could not produce desired level of quality in
                    << Precip. Amt.    >> random deviates.
 Tdew -10 rangecheck executed.
 FAILED K-S -- Parm:Time to Peak    Mon:           9  Year:        2002  N:         103
 FAILED K-S -- Parm:Time to Peak    Mon:           9  Year:        2002  N:         103
 FAILED K-S -- Parm:Time to Peak    Mon:           9  Year:        2002  N:         103
 FAILED K-S -- Parm:Time to Peak    Mon:           9  Year:        2002  N:         103
 FAILED K-S -- Parm:Time to Peak    Mon:           9  Year:        2002  N:         103
*** ERROR *** Could not produce desired level of quality in
                    << Time to Peak    >> random deviates.
 FAILED K-S -- Parm:Precip. Amt.    Mon:           1  Year:        2003  N:         106
 FAILED K-S -- Parm:Precip. Amt.    Mon:           1  Year:        2003  N:         106
 FAILED K-S -- Parm:Precip. Amt.    Mon:           1  Year:        2003  N:         106
 FAILED K-S -- Parm:Precip. Amt.    Mon:           1  Year:        2003  N:         106
 FAILED K-S -- Parm:Precip. Amt.    Mon:           1  Year:        2003  N:         106
*** ERROR *** Could not produce desired level of quality in
                    << Precip. Amt.    >> random deviates.
 FAILED K-S -- Parm:Time to Peak    Mon:           9  Year:        2003  N:         107
 FAILED K-S -- Parm:Time to Peak    Mon:           9  Year:        2003  N:         107
 FAILED K-S -- Parm:Time to Peak    Mon:           9  Year:        2003  N:         107
 FAILED K-S -- Parm:Time to Peak    Mon:           9  Year:        2003  N:         107
 FAILED K-S -- Parm:Time to Peak    Mon:           9  Year:        2003  N:         107
*** ERROR *** Could not produce desired level of quality in
                    << Time to Peak    >> random deviates.
 FAILED K-S -- Parm:Precip. Amt.    Mon:           1  Year:        2004  N:         110
 Failed SN Mean test.
 Parm:Precip. Amt.    Month:           1  Year:        2004  Mlevel=   60.0000000      SDlevel=   34.4368439      Days:         110
 FAILED K-S -- Parm:Precip. Amt.    Mon:           1  Year:        2004  N:         110
 Failed SN Mean test.
 Parm:Precip. Amt.    Month:           1  Year:        2004  Mlevel=   60.0000000      SDlevel=   34.4368439      Days:         110
 FAILED K-S -- Parm:Precip. Amt.    Mon:           1  Year:        2004  N:         110
 Failed SN Mean test.
 Parm:Precip. Amt.    Month:           1  Year:        2004  Mlevel=   60.0000000      SDlevel=   34.4368439      Days:         110
 Failed SN Mean test.
 Parm:Precip. Amt.    Month:           1  Year:        2004  Mlevel=   70.0000000      SDlevel=   26.0111084      Days:         110
 FAILED K-S -- Parm:Precip. Amt.    Mon:           1  Year:        2004  N:         110
 Failed SN Mean test.
 Parm:Precip. Amt.    Month:           1  Year:        2004  Mlevel=   70.0000000      SDlevel=   26.0111084      Days:         110
*** ERROR *** Could not produce desired level of quality in
                    << Precip. Amt.    >> random deviates.
 FAILED K-S -- Parm:Time to Peak    Mon:           9  Year:        2004  N:         113
 FAILED K-S -- Parm:Time to Peak    Mon:           9  Year:        2004  N:         113
 FAILED K-S -- Parm:Time to Peak    Mon:           9  Year:        2004  N:         113
 FAILED K-S -- Parm:Time to Peak    Mon:           9  Year:        2004  N:         113
 FAILED K-S -- Parm:Time to Peak    Mon:           9  Year:        2004  N:         113
*** ERROR *** Could not produce desired level of quality in
                    << Time to Peak    >> random deviates.
 FAILED K-S -- Parm:Time to Peak    Mon:           9  Year:        2005  N:         116
 FAILED K-S -- Parm:Time to Peak    Mon:           9  Year:        2005  N:         116
 FAILED K-S -- Parm:Time to Peak    Mon:           9  Year:        2005  N:         116
 FAILED K-S -- Parm:Time to Peak    Mon:           9  Year:        2005  N:         116
 FAILED K-S -- Parm:Time to Peak    Mon:           9  Year:        2005  N:         116
*** ERROR *** Could not produce desired level of quality in
                    << Time to Peak    >> random deviates.
 Tdew -10 rangecheck executed.
 FAILED K-S -- Parm:Time to Peak    Mon:           9  Year:        2006  N:         120
 FAILED K-S -- Parm:Time to Peak    Mon:           9  Year:        2006  N:         120
At line 3013 of file cligen53.f (unit = 9, file = '0500000US49033.prn')
Fortran runtime error: Sequential READ or WRITE not allowed after EOF marker, possibly use REWIND or BACKSPACE
 FAILED K-S -- Parm:Time to Peak    Mon:           9  Year:        2006  N:         120
 FAILED K-S -- Parm:Time to Peak    Mon:           9  Year:        2006  N:         120
 FAILED K-S -- Parm:Time to Peak    Mon:           9  Year:        2006  N:         120
*** ERROR *** Could not produce desired level of quality in
                    << Time to Peak    >> random deviates.
 Tdew -10 rangecheck executed.
 Tdew -10 rangecheck executed.
 Tdew -10 rangecheck executed.
 Tdew -10 rangecheck executed.
 Tdew -10 rangecheck executed.
 Tdew -10 rangecheck executed.
 Tdew -10 rangecheck executed.
 Tdew -10 rangecheck executed.
