At line 3013 of file cligen53.f (unit = 9, file = '0500000US48313.prn')
Fortran runtime error: Sequential READ or WRITE not allowed after EOF marker, possibly use REWIND or BACKSPACE


  ********************************************************************
  *                                                                  *
  *              USDA - WATER EROSION PREDICTION PROJECT             *
  *                 WEPP CLIMATE INPUT DATA GENERATOR                *
  *                                                                  *
  *                    CONTINUOUS SIMULATION AND                     *
  *                       SINGLE STORM OPTIONS                       *
  *                    with Command Line Options,                    *
  *                        and Corrections to                        *
  *                  Rainfall Intensity Calculations                 *
  *                   and Random Number Generation.                  *
  *                                                                  *
  *                          VERSION 5.30000                         *
  *                     Revised from VERSION 4.2                     *
  *                           October 2004                           *
  *                                                                  *
  *           (Use -h or /h to list command line options.)           *
  *                                                                  *
  ********************************************************************


 tx415477.par                                                                                                                                                                                                                                                    
 0500000US48313.prn                                                                                                                                                                                                                                              
 Failed SN SD test.
 Parm:Precip. Amt.    Month:           8  Year:        2012  Mlevel=   10.0000000      SDlevel=   52.9730377      Days:         187
 Failed SN SD test.
 Parm:Precip. Amt.    Month:           8  Year:        2012  Mlevel=   10.0000000      SDlevel=   52.9235764      Days:         187
 Failed SN SD test.
 Parm:Precip. Amt.    Month:           8  Year:        2012  Mlevel=   10.0000000      SDlevel=   53.2468796      Days:         187
 Failed SN SD test.
 Parm:Precip. Amt.    Month:           8  Year:        2012  Mlevel=   10.0000000      SDlevel=   53.0189438      Days:         187
 Failed SN SD test.
 Parm:Precip. Amt.    Month:           8  Year:        2012  Mlevel=   10.0000000      SDlevel=   52.9272079      Days:         187
*** ERROR *** Could not produce desired level of quality in
                    << Precip. Amt.    >> random deviates.
 FAILED K-S -- Parm:Wind Dir.       Mon:           8  Year:        2012  N:        1023
