

  ********************************************************************
  *                                                                  *
  *              USDA - WATER EROSION PREDICTION PROJECT             *
  *                 WEPP CLIMATE INPUT DATA GENERATOR                *
  *                                                                  *
  *                    CONTINUOUS SIMULATION AND                     *
  *                       SINGLE STORM OPTIONS                       *
  *                    with Command Line Options,                    *
  *                        and Corrections to                        *
  *                  Rainfall Intensity Calculations                 *
  *                   and Random Number Generation.                  *
  *                                                                  *
  *                          VERSION 5.30000                         *
  *                     Revised from VERSION 4.2                     *
  *                           October 2004                           *
  *                                                                  *
  *           (Use -h or /h to list command line options.)           *
  *                                                                  *
  ********************************************************************


 oh332075.par                                                                                                                                                                                                                                                    
 0500000US39109.prn                                                                                                                                                                                                                                              
 Tdew -10 rangecheck executed.
 Tdew -10 rangecheck executed.
 Tdew -10 rangecheck executed.
 Tdew -10 rangecheck executed.
 Tdew -10 rangecheck executed.
 Tdew -10 rangecheck executed.
 FAILED K-S -- Parm:Time to Peak    Mon:           7  Year:        1990  N:         104
 FAILED K-S -- Parm:Time to Peak    Mon:           7  Year:        1990  N:         104
 FAILED K-S -- Parm:Time to Peak    Mon:           7  Year:        1990  N:         104
 FAILED K-S -- Parm:Time to Peak    Mon:           7  Year:        1990  N:         104
 FAILED K-S -- Parm:Time to Peak    Mon:           7  Year:        1990  N:         104
*** ERROR *** Could not produce desired level of quality in
                    << Time to Peak    >> random deviates.
 FAILED K-S -- Parm:Time to Peak    Mon:           7  Year:        1991  N:         111
 FAILED K-S -- Parm:Time to Peak    Mon:           7  Year:        1991  N:         111
 FAILED K-S -- Parm:Time to Peak    Mon:           7  Year:        1991  N:         111
 FAILED K-S -- Parm:Time to Peak    Mon:           7  Year:        1991  N:         111
 FAILED K-S -- Parm:Time to Peak    Mon:           7  Year:        1991  N:         111
*** ERROR *** Could not produce desired level of quality in
                    << Time to Peak    >> random deviates.
 FAILED K-S -- Parm:Time to Peak    Mon:           7  Year:        1992  N:         121
 FAILED K-S -- Parm:Time to Peak    Mon:           7  Year:        1992  N:         121
 FAILED K-S -- Parm:Time to Peak    Mon:           7  Year:        1992  N:         121
 FAILED K-S -- Parm:Time to Peak    Mon:           7  Year:        1992  N:         121
 FAILED K-S -- Parm:Time to Peak    Mon:           7  Year:        1992  N:         121
*** ERROR *** Could not produce desired level of quality in
                    << Time to Peak    >> random deviates.
 FAILED K-S -- Parm:Time to Peak    Mon:           7  Year:        1993  N:         126
 FAILED K-S -- Parm:Time to Peak    Mon:           7  Year:        1993  N:         126
 FAILED K-S -- Parm:Time to Peak    Mon:           7  Year:        1993  N:         126
 FAILED K-S -- Parm:Time to Peak    Mon:           7  Year:        1993  N:         126
 FAILED K-S -- Parm:Time to Peak    Mon:           7  Year:        1993  N:         126
*** ERROR *** Could not produce desired level of quality in
                    << Time to Peak    >> random deviates.
 Tdew -10 rangecheck executed.
 Tdew -10 rangecheck executed.
 Tdew -10 rangecheck executed.
 FAILED K-S -- Parm:Time to Peak    Mon:           7  Year:        1994  N:         138
 FAILED K-S -- Parm:Time to Peak    Mon:           7  Year:        1994  N:         138
 FAILED K-S -- Parm:Time to Peak    Mon:           7  Year:        1994  N:         138
 FAILED K-S -- Parm:Time to Peak    Mon:           7  Year:        1994  N:         138
 FAILED K-S -- Parm:Time to Peak    Mon:           7  Year:        1994  N:         138
*** ERROR *** Could not produce desired level of quality in
                    << Time to Peak    >> random deviates.
 FAILED K-S -- Parm:Time to Peak    Mon:           7  Year:        1995  N:         148
 FAILED K-S -- Parm:Time to Peak    Mon:           7  Year:        1995  N:         148
 FAILED K-S -- Parm:Time to Peak    Mon:           7  Year:        1995  N:         148
 FAILED K-S -- Parm:Time to Peak    Mon:           7  Year:        1995  N:         148
 FAILED K-S -- Parm:Time to Peak    Mon:           7  Year:        1995  N:         148
*** ERROR *** Could not produce desired level of quality in
                    << Time to Peak    >> random deviates.
 FAILED K-S -- Parm:Time to Peak    Mon:           7  Year:        1996  N:         155
 FAILED K-S -- Parm:Time to Peak    Mon:           7  Year:        1996  N:         155
 FAILED K-S -- Parm:Time to Peak    Mon:           7  Year:        1996  N:         155
 FAILED K-S -- Parm:Time to Peak    Mon:           7  Year:        1996  N:         155
 FAILED K-S -- Parm:Time to Peak    Mon:           7  Year:        1996  N:         155
*** ERROR *** Could not produce desired level of quality in
                    << Time to Peak    >> random deviates.
 Tdew -10 rangecheck executed.
 FAILED K-S -- Parm:Time to Peak    Mon:           7  Year:        1997  N:         169
 FAILED K-S -- Parm:Time to Peak    Mon:           7  Year:        1997  N:         169
 FAILED K-S -- Parm:Time to Peak    Mon:           7  Year:        1997  N:         169
 FAILED K-S -- Parm:Time to Peak    Mon:           7  Year:        1997  N:         169
 FAILED K-S -- Parm:Time to Peak    Mon:           7  Year:        1997  N:         169
*** ERROR *** Could not produce desired level of quality in
                    << Time to Peak    >> random deviates.
 FAILED K-S -- Parm:Time to Peak    Mon:           7  Year:        1998  N:         181
 FAILED K-S -- Parm:Time to Peak    Mon:           7  Year:        1998  N:         181
 FAILED K-S -- Parm:Time to Peak    Mon:           7  Year:        1998  N:         181
 FAILED K-S -- Parm:Time to Peak    Mon:           7  Year:        1998  N:         181
 FAILED K-S -- Parm:Time to Peak    Mon:           7  Year:        1998  N:         181
*** ERROR *** Could not produce desired level of quality in
                    << Time to Peak    >> random deviates.
 FAILED K-S -- Parm:Time to Peak    Mon:           7  Year:        1999  N:         194
 FAILED K-S -- Parm:Time to Peak    Mon:           7  Year:        1999  N:         194
 FAILED K-S -- Parm:Time to Peak    Mon:           7  Year:        1999  N:         194
 FAILED K-S -- Parm:Time to Peak    Mon:           7  Year:        1999  N:         194
 FAILED K-S -- Parm:Time to Peak    Mon:           7  Year:        1999  N:         194
*** ERROR *** Could not produce desired level of quality in
                    << Time to Peak    >> random deviates.
 FAILED K-S -- Parm:Time to Peak    Mon:           7  Year:        2000  N:         201
 FAILED K-S -- Parm:Time to Peak    Mon:           7  Year:        2000  N:         201
 FAILED K-S -- Parm:Time to Peak    Mon:           7  Year:        2000  N:         201
 FAILED K-S -- Parm:Time to Peak    Mon:           7  Year:        2000  N:         201
 FAILED K-S -- Parm:Time to Peak    Mon:           7  Year:        2000  N:         201
*** ERROR *** Could not produce desired level of quality in
                    << Time to Peak    >> random deviates.
 FAILED K-S -- Parm:Time to Peak    Mon:           7  Year:        2001  N:         212
 FAILED K-S -- Parm:Time to Peak    Mon:           7  Year:        2001  N:         212
 FAILED K-S -- Parm:Time to Peak    Mon:           7  Year:        2001  N:         212
 FAILED K-S -- Parm:Time to Peak    Mon:           7  Year:        2001  N:         212
 FAILED K-S -- Parm:Time to Peak    Mon:           7  Year:        2001  N:         212
*** ERROR *** Could not produce desired level of quality in
                    << Time to Peak    >> random deviates.
 FAILED K-S -- Parm:Time to Peak    Mon:           7  Year:        2002  N:         221
 FAILED K-S -- Parm:Time to Peak    Mon:           7  Year:        2002  N:         221
 FAILED K-S -- Parm:Time to Peak    Mon:           7  Year:        2002  N:         221
 FAILED K-S -- Parm:Time to Peak    Mon:           7  Year:        2002  N:         221
 FAILED K-S -- Parm:Time to Peak    Mon:           7  Year:        2002  N:         221
*** ERROR *** Could not produce desired level of quality in
                    << Time to Peak    >> random deviates.
 FAILED K-S -- Parm:Time to Peak    Mon:           7  Year:        2003  N:         227
 FAILED K-S -- Parm:Time to Peak    Mon:           7  Year:        2003  N:         227
 FAILED K-S -- Parm:Time to Peak    Mon:           7  Year:        2003  N:         227
 FAILED K-S -- Parm:Time to Peak    Mon:           7  Year:        2003  N:         227
 FAILED K-S -- Parm:Time to Peak    Mon:           7  Year:        2003  N:         227
*** ERROR *** Could not produce desired level of quality in
                    << Time to Peak    >> random deviates.
 FAILED K-S -- Parm:Time to Peak    Mon:           7  Year:        2004  N:         242
 FAILED K-S -- Parm:Time to Peak    Mon:           7  Year:        2004  N:         242
 FAILED K-S -- Parm:Time to Peak    Mon:           7  Year:        2004  N:         242
 FAILED K-S -- Parm:Time to Peak    Mon:           7  Year:        2004  N:         242
 FAILED K-S -- Parm:Time to Peak    Mon:           7  Year:        2004  N:         242
*** ERROR *** Could not produce desired level of quality in
                    << Time to Peak    >> random deviates.
 FAILED K-S -- Parm:Time to Peak    Mon:           7  Year:        2005  N:         250
 FAILED K-S -- Parm:Time to Peak    Mon:           7  Year:        2005  N:         250
 FAILED K-S -- Parm:Time to Peak    Mon:           7  Year:        2005  N:         250
 FAILED K-S -- Parm:Time to Peak    Mon:           7  Year:        2005  N:         250
 FAILED K-S -- Parm:Time to Peak    Mon:           7  Year:        2005  N:         250
*** ERROR *** Could not produce desired level of quality in
                    << Time to Peak    >> random deviates.
 FAILED K-S -- Parm:Time to Peak    Mon:           7  Year:        2006  N:         254
 FAILED K-S -- Parm:Time to Peak    Mon:           7  Year:        2006  N:         254
 FAILED K-S -- Parm:Time to Peak    Mon:           7  Year:        2006  N:         254
 FAILED K-S -- Parm:Time to Peak    Mon:           7  Year:        2006  N:         254
 FAILED K-S -- Parm:Time to Peak    Mon:           7  Year:        2006  N:         254
*** ERROR *** Could not produce desired level of quality in
                    << Time to Peak    >> random deviates.
 FAILED K-S -- Parm:Time to Peak    Mon:           7  Year:        2007  N:         260
 FAILED K-S -- Parm:Time to Peak    Mon:           7  Year:        2007  N:         260
 FAILED K-S -- Parm:Time to Peak    Mon:           7  Year:        2007  N:         260
 FAILED K-S -- Parm:Time to Peak    Mon:           7  Year:        2007  N:         260
 FAILED K-S -- Parm:Time to Peak    Mon:           7  Year:        2007  N:         260
*** ERROR *** Could not produce desired level of quality in
                    << Time to Peak    >> random deviates.
 FAILED K-S -- Parm:Time to Peak    Mon:           7  Year:        2008  N:         277
 FAILED K-S -- Parm:Time to Peak    Mon:           7  Year:        2008  N:         277
 FAILED K-S -- Parm:Time to Peak    Mon:           7  Year:        2008  N:         277
 FAILED K-S -- Parm:Time to Peak    Mon:           7  Year:        2008  N:         277
 FAILED K-S -- Parm:Time to Peak    Mon:           7  Year:        2008  N:         277
*** ERROR *** Could not produce desired level of quality in
                    << Time to Peak    >> random deviates.
 FAILED K-S -- Parm:Time to Peak    Mon:           7  Year:        2009  N:         293
 FAILED K-S -- Parm:Time to Peak    Mon:           7  Year:        2009  N:         293
 FAILED K-S -- Parm:Time to Peak    Mon:           7  Year:        2009  N:         293
 FAILED K-S -- Parm:Time to Peak    Mon:           7  Year:        2009  N:         293
 FAILED K-S -- Parm:Time to Peak    Mon:           7  Year:        2009  N:         293
*** ERROR *** Could not produce desired level of quality in
                    << Time to Peak    >> random deviates.
 FAILED K-S -- Parm:Time to Peak    Mon:           7  Year:        2010  N:         297
 FAILED K-S -- Parm:Time to Peak    Mon:           7  Year:        2010  N:         297
 FAILED K-S -- Parm:Time to Peak    Mon:           7  Year:        2010  N:         297
 FAILED K-S -- Parm:Time to Peak    Mon:           7  Year:        2010  N:         297
 FAILED K-S -- Parm:Time to Peak    Mon:           7  Year:        2010  N:         297
*** ERROR *** Could not produce desired level of quality in
                    << Time to Peak    >> random deviates.
 FAILED K-S -- Parm:Time to Peak    Mon:           7  Year:        2011  N:         304
 FAILED K-S -- Parm:Time to Peak    Mon:           7  Year:        2011  N:         304
 FAILED K-S -- Parm:Time to Peak    Mon:           7  Year:        2011  N:         304
 FAILED K-S -- Parm:Time to Peak    Mon:           7  Year:        2011  N:         304
 FAILED K-S -- Parm:Time to Peak    Mon:           7  Year:        2011  N:         304
*** ERROR *** Could not produce desired level of quality in
                    << Time to Peak    >> random deviates.
 FAILED K-S -- Parm:Time to Peak    Mon:           7  Year:        2012  N:         309
 FAILED K-S -- Parm:Time to Peak    Mon:           7  Year:        2012  N:         309
 FAILED K-S -- Parm:Time to Peak    Mon:           7  Year:        2012  N:         309
 FAILED K-S -- Parm:Time to Peak    Mon:           7  Year:        2012  N:         309
 FAILED K-S -- Parm:Time to Peak    Mon:           7  Year:        2012  N:         309
*** ERROR *** Could not produce desired level of quality in
                    << Time to Peak    >> random deviates.
 FAILED K-S -- Parm:Time to Peak    Mon:           7  Year:        2013  N:         316
 FAILED K-S -- Parm:Time to Peak    Mon:           7  Year:        2013  N:         316
 FAILED K-S -- Parm:Time to Peak    Mon:           7  Year:        2013  N:         316
 FAILED K-S -- Parm:Time to Peak    Mon:           7  Year:        2013  N:         316
 FAILED K-S -- Parm:Time to Peak    Mon:           7  Year:        2013  N:         316
*** ERROR *** Could not produce desired level of quality in
                    << Time to Peak    >> random deviates.
 FAILED K-S -- Parm:Time to Peak    Mon:           7  Year:        2014  N:         321
 FAILED K-S -- Parm:Time to Peak    Mon:           7  Year:        2014  N:         321
 FAILED K-S -- Parm:Time to Peak    Mon:           7  Year:        2014  N:         321
 FAILED K-S -- Parm:Time to Peak    Mon:           7  Year:        2014  N:         321
 FAILED K-S -- Parm:Time to Peak    Mon:           7  Year:        2014  N:         321
*** ERROR *** Could not produce desired level of quality in
                    << Time to Peak    >> random deviates.
 FAILED K-S -- Parm:Time to Peak    Mon:           7  Year:        2015  N:         333
 FAILED K-S -- Parm:Time to Peak    Mon:           7  Year:        2015  N:         333
 FAILED K-S -- Parm:Time to Peak    Mon:           7  Year:        2015  N:         333
 FAILED K-S -- Parm:Time to Peak    Mon:           7  Year:        2015  N:         333
 FAILED K-S -- Parm:Time to Peak    Mon:           7  Year:        2015  N:         333
At line 3013 of file cligen53.f (unit = 9, file = '0500000US39109.prn')
Fortran runtime error: Sequential READ or WRITE not allowed after EOF marker, possibly use REWIND or BACKSPACE
*** ERROR *** Could not produce desired level of quality in
                    << Time to Peak    >> random deviates.
 FAILED K-S -- Parm:Time to Peak    Mon:           7  Year:        2016  N:         343
 FAILED K-S -- Parm:Time to Peak    Mon:           7  Year:        2016  N:         343
 FAILED K-S -- Parm:Time to Peak    Mon:           7  Year:        2016  N:         343
 FAILED K-S -- Parm:Time to Peak    Mon:           7  Year:        2016  N:         343
 FAILED K-S -- Parm:Time to Peak    Mon:           7  Year:        2016  N:         343
*** ERROR *** Could not produce desired level of quality in
                    << Time to Peak    >> random deviates.
 FAILED K-S -- Parm:Time to Peak    Mon:           7  Year:        2017  N:         356
 FAILED K-S -- Parm:Time to Peak    Mon:           7  Year:        2017  N:         356
 FAILED K-S -- Parm:Time to Peak    Mon:           7  Year:        2017  N:         356
 FAILED K-S -- Parm:Time to Peak    Mon:           7  Year:        2017  N:         356
 FAILED K-S -- Parm:Time to Peak    Mon:           7  Year:        2017  N:         356
*** ERROR *** Could not produce desired level of quality in
                    << Time to Peak    >> random deviates.
