

  ********************************************************************
  *                                                                  *
  *              USDA - WATER EROSION PREDICTION PROJECT             *
  *                 WEPP CLIMATE INPUT DATA GENERATOR                *
  *                                                                  *
  *                    CONTINUOUS SIMULATION AND                     *
  *                       SINGLE STORM OPTIONS                       *
  *                    with Command Line Options,                    *
  *                        and Corrections to                        *
  *                  Rainfall Intensity Calculations                 *
  *                   and Random Number Generation.                  *
  *                                                                  *
  *                          VERSION 5.30000                         *
  *                     Revised from VERSION 4.2                     *
  *                           October 2004                           *
  *                                                                  *
  *           (Use -h or /h to list command line options.)           *
  *                                                                  *
  ********************************************************************


 ok340908.par                                                                                                                                                                                                                                                    
 0500000US40025.prn                                                                                                                                                                                                                                              
 Tdew -10 rangecheck executed.
 Failed SN SD test.
 Parm:Precip. Amt.    Month:          12  Year:        1981  Mlevel=   50.0000000      SDlevel=   52.6185150      Days:           8
 Failed SN SD test.
 Parm:Precip. Amt.    Month:          12  Year:        1981  Mlevel=   50.0000000      SDlevel=   51.9829636      Days:           8
 Failed SN SD test.
 Parm:Precip. Amt.    Month:          12  Year:        1981  Mlevel=   50.0000000      SDlevel=   55.8806305      Days:           8
 Failed SN SD test.
 Parm:Precip. Amt.    Month:          12  Year:        1981  Mlevel=   30.0000000      SDlevel=   57.0416946      Days:           8
 Failed SN SD test.
 Parm:Precip. Amt.    Month:          12  Year:        1981  Mlevel=   30.0000000      SDlevel=   53.0108109      Days:           8
*** ERROR *** Could not produce desired level of quality in
                    << Precip. Amt.    >> random deviates.
 Tdew -10 rangecheck executed.
 Tdew -10 rangecheck executed.
 Tdew -10 rangecheck executed.
 Tdew -10 rangecheck executed.
 Tdew -10 rangecheck executed.
 Tdew -10 rangecheck executed.
 Tdew -10 rangecheck executed.
 Tdew -10 rangecheck executed.
 Tdew -10 rangecheck executed.
 Tdew -10 rangecheck executed.
 Tdew -10 rangecheck executed.
 Tdew -10 rangecheck executed.
 Tdew -10 rangecheck executed.
 Tdew -10 rangecheck executed.
 Tdew -10 rangecheck executed.
 Tdew -10 rangecheck executed.
 Failed SN SD test.
 Parm:Precip. Amt.    Month:           1  Year:        1994  Mlevel=   40.0000000      SDlevel=   52.2659302      Days:          43
 Failed SN SD test.
 Parm:Precip. Amt.    Month:           1  Year:        1994  Mlevel=   50.0000000      SDlevel=   52.9439316      Days:          43
 Failed SN SD test.
 Parm:Precip. Amt.    Month:           1  Year:        1994  Mlevel=   50.0000000      SDlevel=   52.9419174      Days:          43
 Failed SN SD test.
 Parm:Precip. Amt.    Month:           1  Year:        1994  Mlevel=   50.0000000      SDlevel=   51.9098511      Days:          43
 Failed SN SD test.
 Parm:Precip. Amt.    Month:           1  Year:        1994  Mlevel=   50.0000000      SDlevel=   51.8853912      Days:          43
*** ERROR *** Could not produce desired level of quality in
                    << Precip. Amt.    >> random deviates.
 Tdew -10 rangecheck executed.
 Tdew -10 rangecheck executed.
 Tdew -10 rangecheck executed.
 Tdew -10 rangecheck executed.
 Tdew -10 rangecheck executed.
 Tdew -10 rangecheck executed.
 Tdew -10 rangecheck executed.
 Tdew -10 rangecheck executed.
 Tdew -10 rangecheck executed.
 Tdew -10 rangecheck executed.
 Tdew -10 rangecheck executed.
 FAILED K-S -- Parm:Time to Peak    Mon:          11  Year:        2013  N:         101
 FAILED K-S -- Parm:Time to Peak    Mon:          11  Year:        2013  N:         101
 FAILED K-S -- Parm:Time to Peak    Mon:          11  Year:        2013  N:         101
 FAILED K-S -- Parm:Time to Peak    Mon:          11  Year:        2013  N:         101
 FAILED K-S -- Parm:Time to Peak    Mon:          11  Year:        2013  N:         101
*** ERROR *** Could not produce desired level of quality in
                    << Time to Peak    >> random deviates.
 FAILED K-S -- Parm:Precip. Amt.    Mon:           1  Year:        2014  N:         101
 FAILED K-S -- Parm:Precip. Amt.    Mon:           1  Year:        2014  N:         101
 FAILED K-S -- Parm:Precip. Amt.    Mon:           1  Year:        2014  N:         101
 FAILED K-S -- Parm:Precip. Amt.    Mon:           1  Year:        2014  N:         101
 FAILED K-S -- Parm:Precip. Amt.    Mon:           1  Year:        2014  N:         101
*** ERROR *** Could not produce desired level of quality in
                    << Precip. Amt.    >> random deviates.
 Tdew -10 rangecheck executed.
 Tdew -10 rangecheck executed.
 FAILED K-S -- Parm:Time to Peak    Mon:          11  Year:        2014  N:         107
 FAILED K-S -- Parm:Time to Peak    Mon:          11  Year:        2014  N:         107
 FAILED K-S -- Parm:Time to Peak    Mon:          11  Year:        2014  N:         107
 FAILED K-S -- Parm:Time to Peak    Mon:          11  Year:        2014  N:         107
 FAILED K-S -- Parm:Time to Peak    Mon:          11  Year:        2014  N:         107
*** ERROR *** Could not produce desired level of quality in
                    << Time to Peak    >> random deviates.
 Tdew -10 rangecheck executed.
 FAILED K-S -- Parm:Precip. Amt.    Mon:           1  Year:        2015  N:         102
 FAILED K-S -- Parm:Precip. Amt.    Mon:           1  Year:        2015  N:         102
 FAILED K-S -- Parm:Precip. Amt.    Mon:           1  Year:        2015  N:         102
 FAILED K-S -- Parm:Precip. Amt.    Mon:           1  Year:        2015  N:         102
 FAILED K-S -- Parm:Precip. Amt.    Mon:           1  Year:        2015  N:         102
*** ERROR *** Could not produce desired level of quality in
                    << Precip. Amt.    >> random deviates.
 FAILED K-S -- Parm:Time to Peak    Mon:          11  Year:        2015  N:         110
 FAILED K-S -- Parm:Time to Peak    Mon:          11  Year:        2015  N:         110
 FAILED K-S -- Parm:Time to Peak    Mon:          11  Year:        2015  N:         110
 FAILED K-S -- Parm:Time to Peak    Mon:          11  Year:        2015  N:         110
 FAILED K-S -- Parm:Time to Peak    Mon:          11  Year:        2015  N:         110
*** ERROR *** Could not produce desired level of quality in
                    << Time to Peak    >> random deviates.
 Tdew -10 rangecheck executed.
 FAILED K-S -- Parm:Precip. Amt.    Mon:           1  Year:        2016  N:         108
 FAILED K-S -- Parm:Precip. Amt.    Mon:           1  Year:        2016  N:         108
 FAILED K-S -- Parm:Precip. Amt.    Mon:           1  Year:        2016  N:         108
 FAILED K-S -- Parm:Precip. Amt.    Mon:           1  Year:        2016  N:         108
 FAILED K-S -- Parm:Precip. Amt.    Mon:           1  Year:        2016  N:         108
*** ERROR *** Could not produce desired level of quality in
                    << Precip. Amt.    >> random deviates.
 FAILED K-S -- Parm:Time to Peak    Mon:          11  Year:        2016  N:         111
 FAILED K-S -- Parm:Time to Peak    Mon:          11  Year:        2016  N:         111
 FAILED K-S -- Parm:Time to Peak    Mon:          11  Year:        2016  N:         111
 FAILED K-S -- Parm:Time to Peak    Mon:          11  Year:        2016  N:         111
At line 3013 of file cligen53.f (unit = 9, file = '0500000US40025.prn')
Fortran runtime error: Sequential READ or WRITE not allowed after EOF marker, possibly use REWIND or BACKSPACE
 FAILED K-S -- Parm:Time to Peak    Mon:          11  Year:        2016  N:         111
*** ERROR *** Could not produce desired level of quality in
                    << Time to Peak    >> random deviates.
 Tdew -10 rangecheck executed.
 FAILED K-S -- Parm:Precip. Amt.    Mon:           1  Year:        2017  N:         111
 FAILED K-S -- Parm:Precip. Amt.    Mon:           1  Year:        2017  N:         111
 FAILED K-S -- Parm:Precip. Amt.    Mon:           1  Year:        2017  N:         111
 FAILED K-S -- Parm:Precip. Amt.    Mon:           1  Year:        2017  N:         111
 FAILED K-S -- Parm:Precip. Amt.    Mon:           1  Year:        2017  N:         111
*** ERROR *** Could not produce desired level of quality in
                    << Precip. Amt.    >> random deviates.
 FAILED K-S -- Parm:Time to Peak    Mon:          11  Year:        2017  N:         113
 FAILED K-S -- Parm:Time to Peak    Mon:          11  Year:        2017  N:         113
 FAILED K-S -- Parm:Time to Peak    Mon:          11  Year:        2017  N:         113
 FAILED K-S -- Parm:Time to Peak    Mon:          11  Year:        2017  N:         113
 FAILED K-S -- Parm:Time to Peak    Mon:          11  Year:        2017  N:         113
*** ERROR *** Could not produce desired level of quality in
                    << Time to Peak    >> random deviates.
