

  ********************************************************************
  *                                                                  *
  *              USDA - WATER EROSION PREDICTION PROJECT             *
  *                 WEPP CLIMATE INPUT DATA GENERATOR                *
  *                                                                  *
  *                    CONTINUOUS SIMULATION AND                     *
  *                       SINGLE STORM OPTIONS                       *
  *                    with Command Line Options,                    *
  *                        and Corrections to                        *
  *                  Rainfall Intensity Calculations                 *
  *                   and Random Number Generation.                  *
  *                                                                  *
  *                          VERSION 5.30000                         *
  *                     Revised from VERSION 4.2                     *
  *                           October 2004                           *
  *                                                                  *
  *           (Use -h or /h to list command line options.)           *
  *                                                                  *
  ********************************************************************


 fl084570.par                                                                                                                                                                                                                                                    
 0500000US12087.prn                                                                                                                                                                                                                                              
 FAILED K-S -- Parm:Precip. Amt.    Mon:           8  Year:        1986  N:         103
 FAILED K-S -- Parm:Precip. Amt.    Mon:           8  Year:        1986  N:         103
 FAILED K-S -- Parm:Precip. Amt.    Mon:           8  Year:        1986  N:         103
 FAILED K-S -- Parm:Precip. Amt.    Mon:           8  Year:        1986  N:         103
 FAILED K-S -- Parm:Precip. Amt.    Mon:           8  Year:        1986  N:         103
*** ERROR *** Could not produce desired level of quality in
                    << Precip. Amt.    >> random deviates.
 FAILED K-S -- Parm:Time to Peak    Mon:           2  Year:        1996  N:         100
 FAILED K-S -- Parm:Time to Peak    Mon:           2  Year:        1996  N:         100
 FAILED K-S -- Parm:Time to Peak    Mon:           2  Year:        1996  N:         100
 FAILED K-S -- Parm:Time to Peak    Mon:           2  Year:        1996  N:         100
 FAILED K-S -- Parm:Time to Peak    Mon:           2  Year:        1996  N:         100
*** ERROR *** Could not produce desired level of quality in
                    << Time to Peak    >> random deviates.
 FAILED K-S -- Parm:Time to Peak    Mon:           2  Year:        1997  N:         105
 FAILED K-S -- Parm:Time to Peak    Mon:           2  Year:        1997  N:         105
 FAILED K-S -- Parm:Time to Peak    Mon:           2  Year:        1997  N:         105
 FAILED K-S -- Parm:Time to Peak    Mon:           2  Year:        1997  N:         105
 FAILED K-S -- Parm:Time to Peak    Mon:           2  Year:        1997  N:         105
*** ERROR *** Could not produce desired level of quality in
                    << Time to Peak    >> random deviates.
 FAILED K-S -- Parm:Time to Peak    Mon:           2  Year:        1998  N:         108
 FAILED K-S -- Parm:Time to Peak    Mon:           2  Year:        1998  N:         108
 FAILED K-S -- Parm:Time to Peak    Mon:           2  Year:        1998  N:         108
 FAILED K-S -- Parm:Time to Peak    Mon:           2  Year:        1998  N:         108
 FAILED K-S -- Parm:Time to Peak    Mon:           2  Year:        1998  N:         108
*** ERROR *** Could not produce desired level of quality in
                    << Time to Peak    >> random deviates.
 FAILED K-S -- Parm:Time to Peak    Mon:           2  Year:        1999  N:         113
 FAILED K-S -- Parm:Time to Peak    Mon:           2  Year:        1999  N:         113
 FAILED K-S -- Parm:Time to Peak    Mon:           2  Year:        1999  N:         113
 FAILED K-S -- Parm:Time to Peak    Mon:           2  Year:        1999  N:         113
 FAILED K-S -- Parm:Time to Peak    Mon:           2  Year:        1999  N:         113
*** ERROR *** Could not produce desired level of quality in
                    << Time to Peak    >> random deviates.
 FAILED K-S -- Parm:Time to Peak    Mon:           2  Year:        2000  N:         118
 FAILED K-S -- Parm:Time to Peak    Mon:           2  Year:        2000  N:         118
 FAILED K-S -- Parm:Time to Peak    Mon:           2  Year:        2000  N:         118
 FAILED K-S -- Parm:Time to Peak    Mon:           2  Year:        2000  N:         118
 FAILED K-S -- Parm:Time to Peak    Mon:           2  Year:        2000  N:         118
*** ERROR *** Could not produce desired level of quality in
                    << Time to Peak    >> random deviates.
 FAILED K-S -- Parm:Time to Peak    Mon:           2  Year:        2001  N:         120
 FAILED K-S -- Parm:Time to Peak    Mon:           2  Year:        2001  N:         120
 FAILED K-S -- Parm:Time to Peak    Mon:           2  Year:        2001  N:         120
 FAILED K-S -- Parm:Time to Peak    Mon:           2  Year:        2001  N:         120
 FAILED K-S -- Parm:Time to Peak    Mon:           2  Year:        2001  N:         120
*** ERROR *** Could not produce desired level of quality in
                    << Time to Peak    >> random deviates.
 FAILED K-S -- Parm:Time to Peak    Mon:           2  Year:        2002  N:         124
 FAILED K-S -- Parm:Time to Peak    Mon:           2  Year:        2002  N:         124
 FAILED K-S -- Parm:Time to Peak    Mon:           2  Year:        2002  N:         124
 FAILED K-S -- Parm:Time to Peak    Mon:           2  Year:        2002  N:         124
 FAILED K-S -- Parm:Time to Peak    Mon:           2  Year:        2002  N:         124
*** ERROR *** Could not produce desired level of quality in
                    << Time to Peak    >> random deviates.
 FAILED K-S -- Parm:Precip. Amt.    Mon:           4  Year:        2002  N:         103
 FAILED K-S -- Parm:Precip. Amt.    Mon:           4  Year:        2002  N:         103
 FAILED K-S -- Parm:Precip. Amt.    Mon:           4  Year:        2002  N:         103
 FAILED K-S -- Parm:Precip. Amt.    Mon:           4  Year:        2002  N:         103
 FAILED K-S -- Parm:Precip. Amt.    Mon:           4  Year:        2002  N:         103
*** ERROR *** Could not produce desired level of quality in
                    << Precip. Amt.    >> random deviates.
 Failed SN SD test.
 Parm:Temp. Dew Pt.   Month:           4  Year:        2002  Mlevel=   40.0000000      SDlevel=   55.0808296      Days:         690
 FAILED K-S -- Parm:Time to Peak    Mon:           2  Year:        2003  N:         128
 FAILED K-S -- Parm:Time to Peak    Mon:           2  Year:        2003  N:         128
 FAILED K-S -- Parm:Time to Peak    Mon:           2  Year:        2003  N:         128
 FAILED K-S -- Parm:Time to Peak    Mon:           2  Year:        2003  N:         128
 FAILED K-S -- Parm:Time to Peak    Mon:           2  Year:        2003  N:         128
*** ERROR *** Could not produce desired level of quality in
                    << Time to Peak    >> random deviates.
 FAILED K-S -- Parm:Precip. Amt.    Mon:           4  Year:        2003  N:         106
 FAILED K-S -- Parm:Precip. Amt.    Mon:           4  Year:        2003  N:         106
 FAILED K-S -- Parm:Precip. Amt.    Mon:           4  Year:        2003  N:         106
 FAILED K-S -- Parm:Precip. Amt.    Mon:           4  Year:        2003  N:         106
 FAILED K-S -- Parm:Precip. Amt.    Mon:           4  Year:        2003  N:         106
*** ERROR *** Could not produce desired level of quality in
                    << Precip. Amt.    >> random deviates.
 FAILED K-S -- Parm:Temp. Dew Pt.   Mon:           4  Year:        2003  N:         690
 FAILED K-S -- Parm:Time to Peak    Mon:           2  Year:        2004  N:         130
 FAILED K-S -- Parm:Time to Peak    Mon:           2  Year:        2004  N:         130
 FAILED K-S -- Parm:Time to Peak    Mon:           2  Year:        2004  N:         130
 FAILED K-S -- Parm:Time to Peak    Mon:           2  Year:        2004  N:         130
 FAILED K-S -- Parm:Time to Peak    Mon:           2  Year:        2004  N:         130
*** ERROR *** Could not produce desired level of quality in
                    << Time to Peak    >> random deviates.
 FAILED K-S -- Parm:Precip. Amt.    Mon:           4  Year:        2004  N:         112
 FAILED K-S -- Parm:Precip. Amt.    Mon:           4  Year:        2004  N:         112
 FAILED K-S -- Parm:Precip. Amt.    Mon:           4  Year:        2004  N:         112
 FAILED K-S -- Parm:Precip. Amt.    Mon:           4  Year:        2004  N:         112
 FAILED K-S -- Parm:Precip. Amt.    Mon:           4  Year:        2004  N:         112
*** ERROR *** Could not produce desired level of quality in
                    << Precip. Amt.    >> random deviates.
 Failed SN SD test.
 Parm:Temp. Dew Pt.   Month:           4  Year:        2004  Mlevel=   50.0000000      SDlevel=   92.5015182      Days:         750
 FAILED K-S -- Parm:Time to Peak    Mon:           2  Year:        2005  N:         135
 FAILED K-S -- Parm:Time to Peak    Mon:           2  Year:        2005  N:         135
 FAILED K-S -- Parm:Time to Peak    Mon:           2  Year:        2005  N:         135
 FAILED K-S -- Parm:Time to Peak    Mon:           2  Year:        2005  N:         135
 FAILED K-S -- Parm:Time to Peak    Mon:           2  Year:        2005  N:         135
*** ERROR *** Could not produce desired level of quality in
                    << Time to Peak    >> random deviates.
 Failed SN Mean test.
 Failed SN SD test.
 Parm:Temp. Dew Pt.   Month:           4  Year:        2005  Mlevel=   60.0000000      SDlevel=   99.6028137      Days:         780
 Failed SN SD test.
 Parm:Temp. Dew Pt.   Month:           4  Year:        2005  Mlevel=   10.0000000      SDlevel=   99.5153580      Days:         780
 Failed SN SD test.
 Parm:Temp. Dew Pt.   Month:           4  Year:        2005  Mlevel=   20.0000000      SDlevel=   99.4928360      Days:         780
 Failed SN SD test.
 Parm:Temp. Dew Pt.   Month:           4  Year:        2005  Mlevel=   40.0000000      SDlevel=   99.8191147      Days:         780
 Failed SN SD test.
 Parm:Temp. Dew Pt.   Month:           4  Year:        2005  Mlevel=   40.0000000      SDlevel=   96.6054459      Days:         780
*** ERROR *** Could not produce desired level of quality in
                    << Temp. Dew Pt.   >> random deviates.
 FAILED K-S -- Parm:Time to Peak    Mon:           2  Year:        2006  N:         141
 FAILED K-S -- Parm:Time to Peak    Mon:           2  Year:        2006  N:         141
 FAILED K-S -- Parm:Time to Peak    Mon:           2  Year:        2006  N:         141
 FAILED K-S -- Parm:Time to Peak    Mon:           2  Year:        2006  N:         141
 FAILED K-S -- Parm:Time to Peak    Mon:           2  Year:        2006  N:         141
*** ERROR *** Could not produce desired level of quality in
                    << Time to Peak    >> random deviates.
 Failed SN Mean test.
 Failed SN SD test.
 Parm:Temp. Dew Pt.   Month:           4  Year:        2006  Mlevel=   70.0000000      SDlevel=   91.5585480      Days:         810
 Failed SN SD test.
 Parm:Temp. Dew Pt.   Month:           4  Year:        2006  Mlevel=   10.0000000      SDlevel=   96.8841019      Days:         810
 Failed SN SD test.
 Parm:Temp. Dew Pt.   Month:           4  Year:        2006  Mlevel=   50.0000000      SDlevel=   97.9413605      Days:         810
 Failed SN SD test.
 Parm:Temp. Dew Pt.   Month:           4  Year:        2006  Mlevel=   50.0000000      SDlevel=   95.0866699      Days:         810
 Failed SN SD test.
 Parm:Temp. Dew Pt.   Month:           4  Year:        2006  Mlevel=   50.0000000      SDlevel=   97.9286346      Days:         810
*** ERROR *** Could not produce desired level of quality in
                    << Temp. Dew Pt.   >> random deviates.
 FAILED K-S -- Parm:Time to Peak    Mon:           2  Year:        2007  N:         146
 FAILED K-S -- Parm:Time to Peak    Mon:           2  Year:        2007  N:         146
 FAILED K-S -- Parm:Time to Peak    Mon:           2  Year:        2007  N:         146
 FAILED K-S -- Parm:Time to Peak    Mon:           2  Year:        2007  N:         146
 FAILED K-S -- Parm:Time to Peak    Mon:           2  Year:        2007  N:         146
*** ERROR *** Could not produce desired level of quality in
                    << Time to Peak    >> random deviates.
 Failed SN Mean test.
 Failed SN SD test.
 Parm:Temp. Dew Pt.   Month:           4  Year:        2007  Mlevel=   60.0000000      SDlevel=   97.3701706      Days:         840
 Failed SN SD test.
 Parm:Temp. Dew Pt.   Month:           4  Year:        2007  Mlevel=   50.0000000      SDlevel=   98.0486526      Days:         840
 Failed SN SD test.
 Parm:Temp. Dew Pt.   Month:           4  Year:        2007  Mlevel=   50.0000000      SDlevel=   94.3000641      Days:         840
 Failed SN Mean test.
 Failed SN SD test.
 Parm:Temp. Dew Pt.   Month:           4  Year:        2007  Mlevel=   60.0000000      SDlevel=   99.2535400      Days:         840
 Failed SN Mean test.
 Failed SN SD test.
 Parm:Temp. Dew Pt.   Month:           4  Year:        2007  Mlevel=   60.0000000      SDlevel=   98.5186310      Days:         840
*** ERROR *** Could not produce desired level of quality in
                    << Temp. Dew Pt.   >> random deviates.
 FAILED K-S -- Parm:Time to Peak    Mon:           2  Year:        2008  N:         151
 FAILED K-S -- Parm:Time to Peak    Mon:           2  Year:        2008  N:         151
 FAILED K-S -- Parm:Time to Peak    Mon:           2  Year:        2008  N:         151
 FAILED K-S -- Parm:Time to Peak    Mon:           2  Year:        2008  N:         151
 FAILED K-S -- Parm:Time to Peak    Mon:           2  Year:        2008  N:         151
*** ERROR *** Could not produce desired level of quality in
                    << Time to Peak    >> random deviates.
 Failed SN Mean test.
 Failed SN SD test.
 Parm:Temp. Dew Pt.   Month:           4  Year:        2008  Mlevel=   70.0000000      SDlevel=   99.0162048      Days:         870
 Failed SN SD test.
 Parm:Temp. Dew Pt.   Month:           4  Year:        2008  Mlevel=   50.0000000      SDlevel=   98.6884918      Days:         870
 Failed SN Mean test.
 Failed SN SD test.
 Parm:Temp. Dew Pt.   Month:           4  Year:        2008  Mlevel=   60.0000000      SDlevel=   98.3278885      Days:         870
 Failed SN Mean test.
 Failed SN SD test.
 Parm:Temp. Dew Pt.   Month:           4  Year:        2008  Mlevel=   70.0000000      SDlevel=   98.7048340      Days:         870
 FAILED K-S -- Parm:Temp. Dew Pt.   Mon:           4  Year:        2008  N:         780
 Failed SN Mean test.
 Failed SN SD test.
 Parm:Temp. Dew Pt.   Month:           4  Year:        2008  Mlevel=   70.0000000      SDlevel=   98.7048340      Days:         870
*** ERROR *** Could not produce desired level of quality in
                    << Temp. Dew Pt.   >> random deviates.
 FAILED K-S -- Parm:Temp. Dew Pt.   Mon:           4  Year:        2009  N:         810
 Failed SN Mean test.
 Failed SN SD test.
 Parm:Temp. Dew Pt.   Month:           4  Year:        2009  Mlevel=   80.0000000      SDlevel=   98.8618469      Days:         900
 FAILED K-S -- Parm:Temp. Dew Pt.   Mon:           4  Year:        2009  N:         810
 Failed SN Mean test.
 Failed SN SD test.
 Parm:Temp. Dew Pt.   Month:           4  Year:        2009  Mlevel=   80.0000000      SDlevel=   98.8618469      Days:         900
 Failed SN Mean test.
 Failed SN SD test.
 Parm:Temp. Dew Pt.   Month:           4  Year:        2009  Mlevel=   80.0000000      SDlevel=   98.7207108      Days:         900
 Failed SN Mean test.
 Failed SN SD test.
 Parm:Temp. Dew Pt.   Month:           4  Year:        2009  Mlevel=   80.0000000      SDlevel=   96.5144043      Days:         900
 FAILED K-S -- Parm:Temp. Dew Pt.   Mon:           4  Year:        2009  N:         810
 Failed SN Mean test.
 Failed SN SD test.
 Parm:Temp. Dew Pt.   Month:           4  Year:        2009  Mlevel=   80.0000000      SDlevel=   96.5144043      Days:         900
*** ERROR *** Could not produce desired level of quality in
                    << Temp. Dew Pt.   >> random deviates.
 FAILED K-S -- Parm:Temp. Dew Pt.   Mon:           4  Year:        2010  N:         840
 Failed SN Mean test.
 Failed SN SD test.
 Parm:Temp. Dew Pt.   Month:           4  Year:        2010  Mlevel=   80.0000000      SDlevel=   98.6619186      Days:         930
 FAILED K-S -- Parm:Temp. Dew Pt.   Mon:           4  Year:        2010  N:         840
 Failed SN Mean test.
 Failed SN SD test.
 Parm:Temp. Dew Pt.   Month:           4  Year:        2010  Mlevel=   80.0000000      SDlevel=   98.6619186      Days:         930
 FAILED K-S -- Parm:Temp. Dew Pt.   Mon:           4  Year:        2010  N:         840
 Failed SN Mean test.
 Failed SN SD test.
 Parm:Temp. Dew Pt.   Month:           4  Year:        2010  Mlevel=   80.0000000      SDlevel=   98.6619186      Days:         930
 FAILED K-S -- Parm:Temp. Dew Pt.   Mon:           4  Year:        2010  N:         840
 Failed SN Mean test.
 Failed SN SD test.
 Parm:Temp. Dew Pt.   Month:           4  Year:        2010  Mlevel=   80.0000000      SDlevel=   98.6619186      Days:         930
 FAILED K-S -- Parm:Temp. Dew Pt.   Mon:           4  Year:        2010  N:         840
 Failed SN Mean test.
 Failed SN SD test.
 Parm:Temp. Dew Pt.   Month:           4  Year:        2010  Mlevel=   80.0000000      SDlevel=   98.6619186      Days:         930
*** ERROR *** Could not produce desired level of quality in
                    << Temp. Dew Pt.   >> random deviates.
 FAILED K-S -- Parm:Temp. Dew Pt.   Mon:           4  Year:        2011  N:         870
 Failed SN Mean test.
 Failed SN SD test.
 Parm:Temp. Dew Pt.   Month:           4  Year:        2011  Mlevel=   90.0000000      SDlevel=   99.6343079      Days:         960
 FAILED K-S -- Parm:Temp. Dew Pt.   Mon:           4  Year:        2011  N:         870
 Failed SN Mean test.
 Failed SN SD test.
 Parm:Temp. Dew Pt.   Month:           4  Year:        2011  Mlevel=   90.0000000      SDlevel=   99.6343079      Days:         960
 FAILED K-S -- Parm:Temp. Dew Pt.   Mon:           4  Year:        2011  N:         870
 Failed SN Mean test.
 Failed SN SD test.
 Parm:Temp. Dew Pt.   Month:           4  Year:        2011  Mlevel=   90.0000000      SDlevel=   99.6343079      Days:         960
 FAILED K-S -- Parm:Temp. Dew Pt.   Mon:           4  Year:        2011  N:         870
 Failed SN Mean test.
 Failed SN SD test.
 Parm:Temp. Dew Pt.   Month:           4  Year:        2011  Mlevel=   90.0000000      SDlevel=   99.6343079      Days:         960
 FAILED K-S -- Parm:Temp. Dew Pt.   Mon:           4  Year:        2011  N:         870
 Failed SN Mean test.
 Failed SN SD test.
 Parm:Temp. Dew Pt.   Month:           4  Year:        2011  Mlevel=   90.0000000      SDlevel=   99.6343079      Days:         960
*** ERROR *** Could not produce desired level of quality in
                    << Temp. Dew Pt.   >> random deviates.
 FAILED K-S -- Parm:Temp. Dew Pt.   Mon:           4  Year:        2012  N:         900
 Failed SN Mean test.
 Failed SN SD test.
 Parm:Temp. Dew Pt.   Month:           4  Year:        2012  Mlevel=   90.0000000      SDlevel=   99.7760544      Days:         990
 FAILED K-S -- Parm:Temp. Dew Pt.   Mon:           4  Year:        2012  N:         900
 Failed SN Mean test.
 Failed SN SD test.
 Parm:Temp. Dew Pt.   Month:           4  Year:        2012  Mlevel=   90.0000000      SDlevel=   99.7760544      Days:         990
 FAILED K-S -- Parm:Temp. Dew Pt.   Mon:           4  Year:        2012  N:         900
 Failed SN Mean test.
 Failed SN SD test.
 Parm:Temp. Dew Pt.   Month:           4  Year:        2012  Mlevel=   90.0000000      SDlevel=   99.7760544      Days:         990
 FAILED K-S -- Parm:Temp. Dew Pt.   Mon:           4  Year:        2012  N:         900
 Failed SN Mean test.
 Failed SN SD test.
 Parm:Temp. Dew Pt.   Month:           4  Year:        2012  Mlevel=   90.0000000      SDlevel=   99.7760544      Days:         990
 FAILED K-S -- Parm:Temp. Dew Pt.   Mon:           4  Year:        2012  N:         900
 Failed SN Mean test.
 Failed SN SD test.
 Parm:Temp. Dew Pt.   Month:           4  Year:        2012  Mlevel=   90.0000000      SDlevel=   99.7760544      Days:         990
*** ERROR *** Could not produce desired level of quality in
                    << Temp. Dew Pt.   >> random deviates.
 FAILED K-S -- Parm:Temp. Dew Pt.   Mon:           4  Year:        2013  N:         930
 Failed SN Mean test.
 Failed SN SD test.
 Parm:Temp. Dew Pt.   Month:           4  Year:        2013  Mlevel=   80.0000000      SDlevel=   99.9397430      Days:        1020
 FAILED K-S -- Parm:Temp. Dew Pt.   Mon:           4  Year:        2013  N:         930
 Failed SN Mean test.
 Failed SN SD test.
 Parm:Temp. Dew Pt.   Month:           4  Year:        2013  Mlevel=   80.0000000      SDlevel=   99.9397430      Days:        1020
 FAILED K-S -- Parm:Temp. Dew Pt.   Mon:           4  Year:        2013  N:         930
 Failed SN Mean test.
 Failed SN SD test.
 Parm:Temp. Dew Pt.   Month:           4  Year:        2013  Mlevel=   80.0000000      SDlevel=   99.9397430      Days:        1020
 FAILED K-S -- Parm:Temp. Dew Pt.   Mon:           4  Year:        2013  N:         930
 Failed SN Mean test.
 Failed SN SD test.
 Parm:Temp. Dew Pt.   Month:           4  Year:        2013  Mlevel=   80.0000000      SDlevel=   99.9397430      Days:        1020
 FAILED K-S -- Parm:Temp. Dew Pt.   Mon:           4  Year:        2013  N:         930
 Failed SN Mean test.
 Failed SN SD test.
 Parm:Temp. Dew Pt.   Month:           4  Year:        2013  Mlevel=   80.0000000      SDlevel=   99.9397430      Days:        1020
*** ERROR *** Could not produce desired level of quality in
                    << Temp. Dew Pt.   >> random deviates.
 FAILED K-S -- Parm:Temp. Dew Pt.   Mon:           4  Year:        2014  N:         960
 Failed SN Mean test.
 Failed SN SD test.
 Parm:Temp. Dew Pt.   Month:           4  Year:        2014  Mlevel=   90.0000000      SDlevel=   99.9473953      Days:        1050
 FAILED K-S -- Parm:Temp. Dew Pt.   Mon:           4  Year:        2014  N:         960
 Failed SN Mean test.
 Failed SN SD test.
 Parm:Temp. Dew Pt.   Month:           4  Year:        2014  Mlevel=   90.0000000      SDlevel=   99.9473953      Days:        1050
 FAILED K-S -- Parm:Temp. Dew Pt.   Mon:           4  Year:        2014  N:         960
 Failed SN Mean test.
 Failed SN SD test.
 Parm:Temp. Dew Pt.   Month:           4  Year:        2014  Mlevel=   90.0000000      SDlevel=   99.9473953      Days:        1050
 FAILED K-S -- Parm:Temp. Dew Pt.   Mon:           4  Year:        2014  N:         960
 Failed SN Mean test.
 Failed SN SD test.
 Parm:Temp. Dew Pt.   Month:           4  Year:        2014  Mlevel=   90.0000000      SDlevel=   99.9473953      Days:        1050
 FAILED K-S -- Parm:Temp. Dew Pt.   Mon:           4  Year:        2014  N:         960
 Failed SN Mean test.
 Failed SN SD test.
 Parm:Temp. Dew Pt.   Month:           4  Year:        2014  Mlevel=   90.0000000      SDlevel=   99.9473953      Days:        1050
*** ERROR *** Could not produce desired level of quality in
                    << Temp. Dew Pt.   >> random deviates.
 FAILED K-S -- Parm:Temp. Dew Pt.   Mon:           4  Year:        2015  N:         990
 Failed SN Mean test.
 Failed SN SD test.
 Parm:Temp. Dew Pt.   Month:           4  Year:        2015  Mlevel=   80.0000000      SDlevel=   99.7938766      Days:        1080
 FAILED K-S -- Parm:Temp. Dew Pt.   Mon:           4  Year:        2015  N:         990
 Failed SN Mean test.
 Failed SN SD test.
 Parm:Temp. Dew Pt.   Month:           4  Year:        2015  Mlevel=   80.0000000      SDlevel=   99.7938766      Days:        1080
 FAILED K-S -- Parm:Temp. Dew Pt.   Mon:           4  Year:        2015  N:         990
 Failed SN Mean test.
 Failed SN SD test.
 Parm:Temp. Dew Pt.   Month:           4  Year:        2015  Mlevel=   80.0000000      SDlevel=   99.7938766      Days:        1080
 FAILED K-S -- Parm:Temp. Dew Pt.   Mon:           4  Year:        2015  N:         990
At line 3013 of file cligen53.f (unit = 9, file = '0500000US12087.prn')
Fortran runtime error: Sequential READ or WRITE not allowed after EOF marker, possibly use REWIND or BACKSPACE
 Failed SN Mean test.
 Failed SN SD test.
 Parm:Temp. Dew Pt.   Month:           4  Year:        2015  Mlevel=   80.0000000      SDlevel=   99.7938766      Days:        1080
 FAILED K-S -- Parm:Temp. Dew Pt.   Mon:           4  Year:        2015  N:         990
 Failed SN Mean test.
 Failed SN SD test.
 Parm:Temp. Dew Pt.   Month:           4  Year:        2015  Mlevel=   80.0000000      SDlevel=   99.7938766      Days:        1080
*** ERROR *** Could not produce desired level of quality in
                    << Temp. Dew Pt.   >> random deviates.
 Failed SN Mean test.
 Failed SN SD test.
 Parm:Temp. Dew Pt.   Month:           4  Year:        2016  Mlevel=   80.0000000      SDlevel=   99.9097061      Days:        1110
 Failed SN Mean test.
 Failed SN SD test.
 Parm:Temp. Dew Pt.   Month:           4  Year:        2016  Mlevel=   80.0000000      SDlevel=   99.8591461      Days:        1110
 FAILED K-S -- Parm:Temp. Dew Pt.   Mon:           4  Year:        2016  N:        1020
 Failed SN Mean test.
 Failed SN SD test.
 Parm:Temp. Dew Pt.   Month:           4  Year:        2016  Mlevel=   80.0000000      SDlevel=   99.8591461      Days:        1110
 FAILED K-S -- Parm:Temp. Dew Pt.   Mon:           4  Year:        2016  N:        1020
 Failed SN Mean test.
 Failed SN SD test.
 Parm:Temp. Dew Pt.   Month:           4  Year:        2016  Mlevel=   80.0000000      SDlevel=   99.8591461      Days:        1110
 Failed SN Mean test.
 Failed SN SD test.
 Parm:Temp. Dew Pt.   Month:           4  Year:        2016  Mlevel=   70.0000000      SDlevel=   99.7543869      Days:        1110
*** ERROR *** Could not produce desired level of quality in
                    << Temp. Dew Pt.   >> random deviates.
 Failed SN Mean test.
 Failed SN SD test.
 Parm:Temp. Dew Pt.   Month:           4  Year:        2017  Mlevel=   70.0000000      SDlevel=   99.9081116      Days:        1140
 Failed SN Mean test.
 Failed SN SD test.
 Parm:Temp. Dew Pt.   Month:           4  Year:        2017  Mlevel=   80.0000000      SDlevel=   99.7604752      Days:        1140
 Failed SN Mean test.
 Failed SN SD test.
 Parm:Temp. Dew Pt.   Month:           4  Year:        2017  Mlevel=   70.0000000      SDlevel=   99.8084793      Days:        1140
 Failed SN Mean test.
 Failed SN SD test.
 Parm:Temp. Dew Pt.   Month:           4  Year:        2017  Mlevel=   80.0000000      SDlevel=   99.7010727      Days:        1140
 Failed SN Mean test.
 Failed SN SD test.
 Parm:Temp. Dew Pt.   Month:           4  Year:        2017  Mlevel=   70.0000000      SDlevel=   99.7912979      Days:        1140
*** ERROR *** Could not produce desired level of quality in
                    << Temp. Dew Pt.   >> random deviates.
