

  ********************************************************************
  *                                                                  *
  *              USDA - WATER EROSION PREDICTION PROJECT             *
  *                 WEPP CLIMATE INPUT DATA GENERATOR                *
  *                                                                  *
  *                    CONTINUOUS SIMULATION AND                     *
  *                       SINGLE STORM OPTIONS                       *
  *                    with Command Line Options,                    *
  *                        and Corrections to                        *
  *                  Rainfall Intensity Calculations                 *
  *                   and Random Number Generation.                  *
  *                                                                  *
  *                          VERSION 5.30000                         *
  *                     Revised from VERSION 4.2                     *
  *                           October 2004                           *
  *                                                                  *
  *           (Use -h or /h to list command line options.)           *
  *                                                                  *
  ********************************************************************


 nm294369.par                                                                                                                                                                                                                                                    
 0500000US35043.prn                                                                                                                                                                                                                                              
 Tdew -10 rangecheck executed.
 Tdew -10 rangecheck executed.
 Tdew -10 rangecheck executed.
 Tdew -10 rangecheck executed.
 FAILED K-S -- Parm:Time to Peak    Mon:          10  Year:        1996  N:         100
 FAILED K-S -- Parm:Time to Peak    Mon:          10  Year:        1996  N:         100
 FAILED K-S -- Parm:Time to Peak    Mon:          10  Year:        1996  N:         100
 FAILED K-S -- Parm:Time to Peak    Mon:          10  Year:        1996  N:         100
 FAILED K-S -- Parm:Time to Peak    Mon:          10  Year:        1996  N:         100
*** ERROR *** Could not produce desired level of quality in
                    << Time to Peak    >> random deviates.
 Tdew -10 rangecheck executed.
 FAILED K-S -- Parm:Time to Peak    Mon:          10  Year:        1997  N:         105
 FAILED K-S -- Parm:Time to Peak    Mon:          10  Year:        1997  N:         105
 FAILED K-S -- Parm:Time to Peak    Mon:          10  Year:        1997  N:         105
 FAILED K-S -- Parm:Time to Peak    Mon:          10  Year:        1997  N:         105
 FAILED K-S -- Parm:Time to Peak    Mon:          10  Year:        1997  N:         105
*** ERROR *** Could not produce desired level of quality in
                    << Time to Peak    >> random deviates.
 FAILED K-S -- Parm:Time to Peak    Mon:           3  Year:        1998  N:         102
 FAILED K-S -- Parm:Time to Peak    Mon:           3  Year:        1998  N:         102
 FAILED K-S -- Parm:Time to Peak    Mon:           3  Year:        1998  N:         102
 FAILED K-S -- Parm:Time to Peak    Mon:           3  Year:        1998  N:         102
 FAILED K-S -- Parm:Time to Peak    Mon:           3  Year:        1998  N:         102
*** ERROR *** Could not produce desired level of quality in
                    << Time to Peak    >> random deviates.
 FAILED K-S -- Parm:Time to Peak    Mon:          10  Year:        1998  N:         111
 FAILED K-S -- Parm:Time to Peak    Mon:          10  Year:        1998  N:         111
 FAILED K-S -- Parm:Time to Peak    Mon:          10  Year:        1998  N:         111
 FAILED K-S -- Parm:Time to Peak    Mon:          10  Year:        1998  N:         111
 FAILED K-S -- Parm:Time to Peak    Mon:          10  Year:        1998  N:         111
*** ERROR *** Could not produce desired level of quality in
                    << Time to Peak    >> random deviates.
 FAILED K-S -- Parm:Time to Peak    Mon:           3  Year:        1999  N:         105
 FAILED K-S -- Parm:Time to Peak    Mon:           3  Year:        1999  N:         105
 FAILED K-S -- Parm:Time to Peak    Mon:           3  Year:        1999  N:         105
 FAILED K-S -- Parm:Time to Peak    Mon:           3  Year:        1999  N:         105
 FAILED K-S -- Parm:Time to Peak    Mon:           3  Year:        1999  N:         105
*** ERROR *** Could not produce desired level of quality in
                    << Time to Peak    >> random deviates.
 FAILED K-S -- Parm:Precip. Amt.    Mon:           9  Year:        1999  N:         103
 FAILED K-S -- Parm:Precip. Amt.    Mon:           9  Year:        1999  N:         103
 FAILED K-S -- Parm:Precip. Amt.    Mon:           9  Year:        1999  N:         103
 FAILED K-S -- Parm:Precip. Amt.    Mon:           9  Year:        1999  N:         103
 FAILED K-S -- Parm:Precip. Amt.    Mon:           9  Year:        1999  N:         103
*** ERROR *** Could not produce desired level of quality in
                    << Precip. Amt.    >> random deviates.
 Failed SN SD test.
 Parm:Temp. Dew Pt.   Month:           9  Year:        1999  Mlevel=   20.0000000      SDlevel=   50.6421318      Days:         600
 FAILED K-S -- Parm:Time to Peak    Mon:           9  Year:        1999  N:         103
 FAILED K-S -- Parm:Time to Peak    Mon:          10  Year:        1999  N:         113
 FAILED K-S -- Parm:Time to Peak    Mon:          10  Year:        1999  N:         113
 FAILED K-S -- Parm:Time to Peak    Mon:          10  Year:        1999  N:         113
 FAILED K-S -- Parm:Time to Peak    Mon:          10  Year:        1999  N:         113
 FAILED K-S -- Parm:Time to Peak    Mon:          10  Year:        1999  N:         113
*** ERROR *** Could not produce desired level of quality in
                    << Time to Peak    >> random deviates.
 FAILED K-S -- Parm:Time to Peak    Mon:           3  Year:        2000  N:         109
 FAILED K-S -- Parm:Time to Peak    Mon:           3  Year:        2000  N:         109
 FAILED K-S -- Parm:Time to Peak    Mon:           3  Year:        2000  N:         109
 FAILED K-S -- Parm:Time to Peak    Mon:           3  Year:        2000  N:         109
 FAILED K-S -- Parm:Time to Peak    Mon:           3  Year:        2000  N:         109
*** ERROR *** Could not produce desired level of quality in
                    << Time to Peak    >> random deviates.
 FAILED K-S -- Parm:Time to Peak    Mon:           9  Year:        2000  N:         105
 FAILED K-S -- Parm:Time to Peak    Mon:           9  Year:        2000  N:         105
 FAILED K-S -- Parm:Time to Peak    Mon:           9  Year:        2000  N:         105
 FAILED K-S -- Parm:Time to Peak    Mon:           9  Year:        2000  N:         105
 FAILED K-S -- Parm:Time to Peak    Mon:           9  Year:        2000  N:         105
*** ERROR *** Could not produce desired level of quality in
                    << Time to Peak    >> random deviates.
 FAILED K-S -- Parm:Time to Peak    Mon:          10  Year:        2000  N:         114
 FAILED K-S -- Parm:Time to Peak    Mon:          10  Year:        2000  N:         114
 FAILED K-S -- Parm:Time to Peak    Mon:          10  Year:        2000  N:         114
 FAILED K-S -- Parm:Time to Peak    Mon:          10  Year:        2000  N:         114
 FAILED K-S -- Parm:Time to Peak    Mon:          10  Year:        2000  N:         114
*** ERROR *** Could not produce desired level of quality in
                    << Time to Peak    >> random deviates.
 FAILED K-S -- Parm:Time to Peak    Mon:           3  Year:        2001  N:         110
 FAILED K-S -- Parm:Time to Peak    Mon:           3  Year:        2001  N:         110
 FAILED K-S -- Parm:Time to Peak    Mon:           3  Year:        2001  N:         110
 FAILED K-S -- Parm:Time to Peak    Mon:           3  Year:        2001  N:         110
 FAILED K-S -- Parm:Time to Peak    Mon:           3  Year:        2001  N:         110
*** ERROR *** Could not produce desired level of quality in
                    << Time to Peak    >> random deviates.
 FAILED K-S -- Parm:Time to Peak    Mon:          10  Year:        2001  N:         119
 FAILED K-S -- Parm:Time to Peak    Mon:          10  Year:        2001  N:         119
 FAILED K-S -- Parm:Time to Peak    Mon:          10  Year:        2001  N:         119
 FAILED K-S -- Parm:Time to Peak    Mon:          10  Year:        2001  N:         119
 FAILED K-S -- Parm:Time to Peak    Mon:          10  Year:        2001  N:         119
*** ERROR *** Could not produce desired level of quality in
                    << Time to Peak    >> random deviates.
 FAILED K-S -- Parm:Time to Peak    Mon:          10  Year:        2002  N:         121
 FAILED K-S -- Parm:Time to Peak    Mon:          10  Year:        2002  N:         121
 FAILED K-S -- Parm:Time to Peak    Mon:          10  Year:        2002  N:         121
 FAILED K-S -- Parm:Time to Peak    Mon:          10  Year:        2002  N:         121
 FAILED K-S -- Parm:Time to Peak    Mon:          10  Year:        2002  N:         121
*** ERROR *** Could not produce desired level of quality in
                    << Time to Peak    >> random deviates.
 FAILED K-S -- Parm:Time to Peak    Mon:           1  Year:        2003  N:         100
 FAILED K-S -- Parm:Time to Peak    Mon:           1  Year:        2003  N:         100
 FAILED K-S -- Parm:Time to Peak    Mon:           1  Year:        2003  N:         100
 FAILED K-S -- Parm:Time to Peak    Mon:           1  Year:        2003  N:         100
 FAILED K-S -- Parm:Time to Peak    Mon:           1  Year:        2003  N:         100
*** ERROR *** Could not produce desired level of quality in
                    << Time to Peak    >> random deviates.
 FAILED K-S -- Parm:Time to Peak    Mon:          10  Year:        2003  N:         125
 FAILED K-S -- Parm:Time to Peak    Mon:          10  Year:        2003  N:         125
 FAILED K-S -- Parm:Time to Peak    Mon:          10  Year:        2003  N:         125
 FAILED K-S -- Parm:Time to Peak    Mon:          10  Year:        2003  N:         125
 FAILED K-S -- Parm:Time to Peak    Mon:          10  Year:        2003  N:         125
*** ERROR *** Could not produce desired level of quality in
                    << Time to Peak    >> random deviates.
 FAILED K-S -- Parm:Time to Peak    Mon:           1  Year:        2004  N:         102
 FAILED K-S -- Parm:Time to Peak    Mon:           1  Year:        2004  N:         102
 FAILED K-S -- Parm:Time to Peak    Mon:           1  Year:        2004  N:         102
 FAILED K-S -- Parm:Time to Peak    Mon:           1  Year:        2004  N:         102
 FAILED K-S -- Parm:Time to Peak    Mon:           1  Year:        2004  N:         102
*** ERROR *** Could not produce desired level of quality in
                    << Time to Peak    >> random deviates.
 FAILED K-S -- Parm:Time to Peak    Mon:          10  Year:        2004  N:         131
 FAILED K-S -- Parm:Time to Peak    Mon:          10  Year:        2004  N:         131
 FAILED K-S -- Parm:Time to Peak    Mon:          10  Year:        2004  N:         131
 FAILED K-S -- Parm:Time to Peak    Mon:          10  Year:        2004  N:         131
 FAILED K-S -- Parm:Time to Peak    Mon:          10  Year:        2004  N:         131
*** ERROR *** Could not produce desired level of quality in
                    << Time to Peak    >> random deviates.
 Tdew -10 rangecheck executed.
 FAILED K-S -- Parm:Time to Peak    Mon:           1  Year:        2005  N:         105
 FAILED K-S -- Parm:Time to Peak    Mon:           1  Year:        2005  N:         105
 FAILED K-S -- Parm:Time to Peak    Mon:           1  Year:        2005  N:         105
 FAILED K-S -- Parm:Time to Peak    Mon:           1  Year:        2005  N:         105
 FAILED K-S -- Parm:Time to Peak    Mon:           1  Year:        2005  N:         105
*** ERROR *** Could not produce desired level of quality in
                    << Time to Peak    >> random deviates.
 FAILED K-S -- Parm:Time to Peak    Mon:          10  Year:        2005  N:         133
At line 3013 of file cligen53.f (unit = 9, file = '0500000US35043.prn')
Fortran runtime error: Sequential READ or WRITE not allowed after EOF marker, possibly use REWIND or BACKSPACE
 FAILED K-S -- Parm:Time to Peak    Mon:          10  Year:        2005  N:         133
 FAILED K-S -- Parm:Time to Peak    Mon:          10  Year:        2005  N:         133
 FAILED K-S -- Parm:Time to Peak    Mon:          10  Year:        2005  N:         133
 FAILED K-S -- Parm:Time to Peak    Mon:          10  Year:        2005  N:         133
*** ERROR *** Could not produce desired level of quality in
                    << Time to Peak    >> random deviates.
 FAILED K-S -- Parm:Time to Peak    Mon:          10  Year:        2006  N:         136
 FAILED K-S -- Parm:Time to Peak    Mon:          10  Year:        2006  N:         136
 FAILED K-S -- Parm:Time to Peak    Mon:          10  Year:        2006  N:         136
 FAILED K-S -- Parm:Time to Peak    Mon:          10  Year:        2006  N:         136
 FAILED K-S -- Parm:Time to Peak    Mon:          10  Year:        2006  N:         136
*** ERROR *** Could not produce desired level of quality in
                    << Time to Peak    >> random deviates.
 FAILED K-S -- Parm:Time to Peak    Mon:          10  Year:        2007  N:         139
 FAILED K-S -- Parm:Time to Peak    Mon:          10  Year:        2007  N:         139
 FAILED K-S -- Parm:Time to Peak    Mon:          10  Year:        2007  N:         139
 FAILED K-S -- Parm:Time to Peak    Mon:          10  Year:        2007  N:         139
 FAILED K-S -- Parm:Time to Peak    Mon:          10  Year:        2007  N:         139
*** ERROR *** Could not produce desired level of quality in
                    << Time to Peak    >> random deviates.
 Tdew -10 rangecheck executed.
 Tdew -10 rangecheck executed.
 Tdew -10 rangecheck executed.
