

  ********************************************************************
  *                                                                  *
  *              USDA - WATER EROSION PREDICTION PROJECT             *
  *                 WEPP CLIMATE INPUT DATA GENERATOR                *
  *                                                                  *
  *                    CONTINUOUS SIMULATION AND                     *
  *                       SINGLE STORM OPTIONS                       *
  *                    with Command Line Options,                    *
  *                        and Corrections to                        *
  *                  Rainfall Intensity Calculations                 *
  *                   and Random Number Generation.                  *
  *                                                                  *
  *                          VERSION 5.30000                         *
  *                     Revised from VERSION 4.2                     *
  *                           October 2004                           *
  *                                                                  *
  *           (Use -h or /h to list command line options.)           *
  *                                                                  *
  ********************************************************************


 ca044997.par                                                                                                                                                                                                                                                    
 0500000US06001.prn                                                                                                                                                                                                                                              
 Failed SN SD test.
 Parm:Precip. Amt.    Month:           6  Year:        1983  Mlevel=   1.00000000      SDlevel=   92.2098312      Days:           1
 Failed SN SD test.
 Parm:Precip. Amt.    Month:           6  Year:        1983  Mlevel=   5.00000000      SDlevel=   86.2269058      Days:           1
 Failed SN SD test.
 Parm:Precip. Amt.    Month:           6  Year:        1983  Mlevel=   5.00000000      SDlevel=   88.7398605      Days:           1
 Failed SN SD test.
 Parm:Precip. Amt.    Month:           6  Year:        1983  Mlevel=   1.00000000      SDlevel=   93.3106384      Days:           1
 Failed SN SD test.
 Parm:Precip. Amt.    Month:           6  Year:        1983  Mlevel=   5.00000000      SDlevel=   86.0142670      Days:           1
*** ERROR *** Could not produce desired level of quality in
                    << Precip. Amt.    >> random deviates.
 Failed SN Mean test.
 Parm:Temp. Dew Pt.   Month:           6  Year:        1983  Mlevel=   80.0000000      SDlevel=   7.53344297      Days:         120
 Failed SN SD test.
 Parm:Precip. Amt.    Month:           6  Year:        1984  Mlevel=   5.00000000      SDlevel=   86.0142670      Days:           1
 Failed SN SD test.
 Parm:Precip. Amt.    Month:           6  Year:        1984  Mlevel=   5.00000000      SDlevel=   86.0142670      Days:           1
 Failed SN SD test.
 Parm:Precip. Amt.    Month:           6  Year:        1984  Mlevel=   5.00000000      SDlevel=   86.0142670      Days:           1
 Failed SN SD test.
 Parm:Precip. Amt.    Month:           6  Year:        1984  Mlevel=   5.00000000      SDlevel=   86.0142670      Days:           1
 Failed SN SD test.
 Parm:Precip. Amt.    Month:           6  Year:        1984  Mlevel=   5.00000000      SDlevel=   86.0142670      Days:           1
*** ERROR *** Could not produce desired level of quality in
                    << Precip. Amt.    >> random deviates.
 Failed SN Mean test.
 Failed SN SD test.
 Parm:Temp. Dew Pt.   Month:           6  Year:        1984  Mlevel=   70.0000000      SDlevel=   98.3145599      Days:         150
 Failed SN SD test.
 Parm:Precip. Amt.    Month:           6  Year:        1985  Mlevel=   5.00000000      SDlevel=   86.0142670      Days:           1
 Failed SN SD test.
 Parm:Precip. Amt.    Month:           6  Year:        1985  Mlevel=   5.00000000      SDlevel=   86.0142670      Days:           1
 Failed SN SD test.
 Parm:Precip. Amt.    Month:           6  Year:        1985  Mlevel=   5.00000000      SDlevel=   86.0142670      Days:           1
 Failed SN SD test.
 Parm:Precip. Amt.    Month:           6  Year:        1985  Mlevel=   5.00000000      SDlevel=   86.0142670      Days:           1
 Failed SN SD test.
 Parm:Precip. Amt.    Month:           6  Year:        1985  Mlevel=   5.00000000      SDlevel=   86.0142670      Days:           1
*** ERROR *** Could not produce desired level of quality in
                    << Precip. Amt.    >> random deviates.
 Failed SN SD test.
 Parm:Temp. Dew Pt.   Month:           6  Year:        1985  Mlevel=   20.0000000      SDlevel=   99.9993057      Days:         180
 Failed SN SD test.
 Parm:Precip. Amt.    Month:           6  Year:        1986  Mlevel=   5.00000000      SDlevel=   86.0142670      Days:           1
 Failed SN SD test.
 Parm:Precip. Amt.    Month:           6  Year:        1986  Mlevel=   5.00000000      SDlevel=   86.0142670      Days:           1
 Failed SN SD test.
 Parm:Precip. Amt.    Month:           6  Year:        1986  Mlevel=   5.00000000      SDlevel=   86.0142670      Days:           1
 Failed SN SD test.
 Parm:Precip. Amt.    Month:           6  Year:        1986  Mlevel=   5.00000000      SDlevel=   86.0142670      Days:           1
 Failed SN SD test.
 Parm:Precip. Amt.    Month:           6  Year:        1986  Mlevel=   5.00000000      SDlevel=   86.0142670      Days:           1
*** ERROR *** Could not produce desired level of quality in
                    << Precip. Amt.    >> random deviates.
 Failed SN Mean test.
 Failed SN SD test.
 Parm:Temp. Dew Pt.   Month:           6  Year:        1986  Mlevel=   80.0000000      SDlevel=   99.9999771      Days:         210
 Failed SN SD test.
 Parm:Precip. Amt.    Month:           6  Year:        1987  Mlevel=   5.00000000      SDlevel=   86.0142670      Days:           1
 Failed SN SD test.
 Parm:Precip. Amt.    Month:           6  Year:        1987  Mlevel=   5.00000000      SDlevel=   86.0142670      Days:           1
 Failed SN SD test.
 Parm:Precip. Amt.    Month:           6  Year:        1987  Mlevel=   5.00000000      SDlevel=   86.0142670      Days:           1
 Failed SN SD test.
 Parm:Precip. Amt.    Month:           6  Year:        1987  Mlevel=   5.00000000      SDlevel=   86.0142670      Days:           1
 Failed SN SD test.
 Parm:Precip. Amt.    Month:           6  Year:        1987  Mlevel=   5.00000000      SDlevel=   86.0142670      Days:           1
*** ERROR *** Could not produce desired level of quality in
                    << Precip. Amt.    >> random deviates.
 Failed SN SD test.
 Parm:Temp. Dew Pt.   Month:           6  Year:        1987  Mlevel=   10.0000000      SDlevel=   100.000000      Days:         240
 Failed SN SD test.
 Parm:Precip. Amt.    Month:           6  Year:        1988  Mlevel=   5.00000000      SDlevel=   86.0142670      Days:           1
 Failed SN SD test.
 Parm:Precip. Amt.    Month:           6  Year:        1988  Mlevel=   5.00000000      SDlevel=   86.0142670      Days:           1
 Failed SN SD test.
 Parm:Precip. Amt.    Month:           6  Year:        1988  Mlevel=   5.00000000      SDlevel=   86.0142670      Days:           1
 Failed SN SD test.
 Parm:Precip. Amt.    Month:           6  Year:        1988  Mlevel=   5.00000000      SDlevel=   86.0142670      Days:           1
 Failed SN SD test.
 Parm:Precip. Amt.    Month:           6  Year:        1988  Mlevel=   5.00000000      SDlevel=   86.0142670      Days:           1
*** ERROR *** Could not produce desired level of quality in
                    << Precip. Amt.    >> random deviates.
 Failed SN SD test.
 Parm:Temp. Dew Pt.   Month:           6  Year:        1988  Mlevel=   30.0000000      SDlevel=   100.000000      Days:         270
 Failed SN SD test.
 Parm:Precip. Amt.    Month:           6  Year:        1989  Mlevel=   5.00000000      SDlevel=   86.0142670      Days:           1
 Failed SN SD test.
 Parm:Precip. Amt.    Month:           6  Year:        1989  Mlevel=   5.00000000      SDlevel=   86.0142670      Days:           1
 Failed SN SD test.
 Parm:Precip. Amt.    Month:           6  Year:        1989  Mlevel=   5.00000000      SDlevel=   86.0142670      Days:           1
 Failed SN SD test.
 Parm:Precip. Amt.    Month:           6  Year:        1989  Mlevel=   5.00000000      SDlevel=   86.0142670      Days:           1
 Failed SN SD test.
 Parm:Precip. Amt.    Month:           6  Year:        1989  Mlevel=   5.00000000      SDlevel=   86.0142670      Days:           1
*** ERROR *** Could not produce desired level of quality in
                    << Precip. Amt.    >> random deviates.
 Failed SN SD test.
 Parm:Temp. Dew Pt.   Month:           6  Year:        1989  Mlevel=   30.0000000      SDlevel=   100.000000      Days:         300
 Failed SN SD test.
 Parm:Temp. Dew Pt.   Month:           6  Year:        1990  Mlevel=   5.00000000      SDlevel=   100.000000      Days:         330
 Failed SN SD test.
 Parm:Temp. Dew Pt.   Month:           6  Year:        1990  Mlevel=   20.0000000      SDlevel=   100.000000      Days:         330
 Failed SN SD test.
 Parm:Temp. Dew Pt.   Month:           6  Year:        1990  Mlevel=   5.00000000      SDlevel=   100.000000      Days:         330
 Failed SN SD test.
 Parm:Temp. Dew Pt.   Month:           6  Year:        1990  Mlevel=   5.00000000      SDlevel=   100.000000      Days:         330
 Failed SN SD test.
 Parm:Temp. Dew Pt.   Month:           6  Year:        1990  Mlevel=   50.0000000      SDlevel=   100.000000      Days:         330
*** ERROR *** Could not produce desired level of quality in
                    << Temp. Dew Pt.   >> random deviates.
 Failed SN SD test.
 Parm:Precip. Amt.    Month:          10  Year:        1990  Mlevel=   5.00000000      SDlevel=   55.4489326      Days:          24
 Failed SN SD test.
 Parm:Precip. Amt.    Month:          10  Year:        1990  Mlevel=   1.00000000      SDlevel=   54.0767212      Days:          24
 Failed SN SD test.
 Parm:Precip. Amt.    Month:          10  Year:        1990  Mlevel=   5.00000000      SDlevel=   55.4860954      Days:          24
 Failed SN SD test.
 Parm:Precip. Amt.    Month:          10  Year:        1990  Mlevel=   10.0000000      SDlevel=   55.2734718      Days:          24
 Failed SN SD test.
 Parm:Precip. Amt.    Month:          10  Year:        1990  Mlevel=   5.00000000      SDlevel=   56.1568680      Days:          24
*** ERROR *** Could not produce desired level of quality in
                    << Precip. Amt.    >> random deviates.
 FAILED K-S -- Parm:Temp. Dew Pt.   Mon:          10  Year:        1990  N:         341
 FAILED K-S -- Parm:Time to Peak    Mon:           1  Year:        1991  N:         110
 FAILED K-S -- Parm:Time to Peak    Mon:           1  Year:        1991  N:         110
 FAILED K-S -- Parm:Time to Peak    Mon:           1  Year:        1991  N:         110
 FAILED K-S -- Parm:Time to Peak    Mon:           1  Year:        1991  N:         110
 FAILED K-S -- Parm:Time to Peak    Mon:           1  Year:        1991  N:         110
*** ERROR *** Could not produce desired level of quality in
                    << Time to Peak    >> random deviates.
 Failed SN SD test.
 Parm:Temp. Dew Pt.   Month:           6  Year:        1991  Mlevel=   10.0000000      SDlevel=   100.000000      Days:         360
 Failed SN SD test.
 Parm:Temp. Dew Pt.   Month:           6  Year:        1991  Mlevel=   40.0000000      SDlevel=   100.000000      Days:         360
 Failed SN SD test.
 Parm:Temp. Dew Pt.   Month:           6  Year:        1991  Mlevel=   30.0000000      SDlevel=   100.000000      Days:         360
 Failed SN SD test.
 Parm:Temp. Dew Pt.   Month:           6  Year:        1991  Mlevel=   40.0000000      SDlevel=   100.000000      Days:         360
 FAILED K-S -- Parm:Temp. Dew Pt.   Mon:           6  Year:        1991  N:         150
 Failed SN SD test.
 Parm:Temp. Dew Pt.   Month:           6  Year:        1991  Mlevel=   40.0000000      SDlevel=   100.000000      Days:         360
*** ERROR *** Could not produce desired level of quality in
                    << Temp. Dew Pt.   >> random deviates.
 FAILED K-S -- Parm:Time to Peak    Mon:           1  Year:        1992  N:         118
 FAILED K-S -- Parm:Time to Peak    Mon:           1  Year:        1992  N:         118
 FAILED K-S -- Parm:Time to Peak    Mon:           1  Year:        1992  N:         118
 FAILED K-S -- Parm:Time to Peak    Mon:           1  Year:        1992  N:         118
 FAILED K-S -- Parm:Time to Peak    Mon:           1  Year:        1992  N:         118
*** ERROR *** Could not produce desired level of quality in
                    << Time to Peak    >> random deviates.
 Failed SN Mean test.
 Failed SN SD test.
 Parm:Temp. Dew Pt.   Month:           6  Year:        1992  Mlevel=   70.0000000      SDlevel=   100.000000      Days:         390
 FAILED K-S -- Parm:Temp. Dew Pt.   Mon:           6  Year:        1992  N:         180
 Failed SN Mean test.
 Failed SN SD test.
 Parm:Temp. Dew Pt.   Month:           6  Year:        1992  Mlevel=   70.0000000      SDlevel=   100.000000      Days:         390
 Failed SN Mean test.
 Failed SN SD test.
 Parm:Temp. Dew Pt.   Month:           6  Year:        1992  Mlevel=   70.0000000      SDlevel=   100.000000      Days:         390
 Failed SN SD test.
 Parm:Temp. Dew Pt.   Month:           6  Year:        1992  Mlevel=   50.0000000      SDlevel=   100.000000      Days:         390
 Failed SN Mean test.
 Failed SN SD test.
 Parm:Temp. Dew Pt.   Month:           6  Year:        1992  Mlevel=   70.0000000      SDlevel=   100.000000      Days:         390
*** ERROR *** Could not produce desired level of quality in
                    << Temp. Dew Pt.   >> random deviates.
 FAILED K-S -- Parm:Time to Peak    Mon:           1  Year:        1993  N:         132
 FAILED K-S -- Parm:Time to Peak    Mon:           1  Year:        1993  N:         132
 FAILED K-S -- Parm:Time to Peak    Mon:           1  Year:        1993  N:         132
 FAILED K-S -- Parm:Time to Peak    Mon:           1  Year:        1993  N:         132
 FAILED K-S -- Parm:Time to Peak    Mon:           1  Year:        1993  N:         132
*** ERROR *** Could not produce desired level of quality in
                    << Time to Peak    >> random deviates.
 Failed SN Mean test.
 Failed SN SD test.
 Parm:Temp. Dew Pt.   Month:           6  Year:        1993  Mlevel=   60.0000000      SDlevel=   100.000000      Days:         420
 Failed SN Mean test.
 Failed SN SD test.
 Parm:Temp. Dew Pt.   Month:           6  Year:        1993  Mlevel=   80.0000000      SDlevel=   100.000000      Days:         420
 Failed SN Mean test.
 Failed SN SD test.
 Parm:Temp. Dew Pt.   Month:           6  Year:        1993  Mlevel=   60.0000000      SDlevel=   100.000000      Days:         420
 Failed SN Mean test.
 Failed SN SD test.
 Parm:Temp. Dew Pt.   Month:           6  Year:        1993  Mlevel=   80.0000000      SDlevel=   100.000000      Days:         420
 Failed SN Mean test.
 Failed SN SD test.
 Parm:Temp. Dew Pt.   Month:           6  Year:        1993  Mlevel=   60.0000000      SDlevel=   100.000000      Days:         420
*** ERROR *** Could not produce desired level of quality in
                    << Temp. Dew Pt.   >> random deviates.
 FAILED K-S -- Parm:Time to Peak    Mon:           1  Year:        1994  N:         139
 FAILED K-S -- Parm:Time to Peak    Mon:           1  Year:        1994  N:         139
 FAILED K-S -- Parm:Time to Peak    Mon:           1  Year:        1994  N:         139
 FAILED K-S -- Parm:Time to Peak    Mon:           1  Year:        1994  N:         139
 FAILED K-S -- Parm:Time to Peak    Mon:           1  Year:        1994  N:         139
*** ERROR *** Could not produce desired level of quality in
                    << Time to Peak    >> random deviates.
 Failed SN SD test.
 Parm:Temp. Dew Pt.   Month:           6  Year:        1994  Mlevel=   50.0000000      SDlevel=   100.000000      Days:         450
 Failed SN Mean test.
 Failed SN SD test.
 Parm:Temp. Dew Pt.   Month:           6  Year:        1994  Mlevel=   60.0000000      SDlevel=   100.000000      Days:         450
 Failed SN Mean test.
 Failed SN SD test.
 Parm:Temp. Dew Pt.   Month:           6  Year:        1994  Mlevel=   70.0000000      SDlevel=   100.000000      Days:         450
 Failed SN SD test.
 Parm:Temp. Dew Pt.   Month:           6  Year:        1994  Mlevel=   40.0000000      SDlevel=   100.000000      Days:         450
 Failed SN Mean test.
 Failed SN SD test.
 Parm:Temp. Dew Pt.   Month:           6  Year:        1994  Mlevel=   60.0000000      SDlevel=   100.000000      Days:         450
*** ERROR *** Could not produce desired level of quality in
                    << Temp. Dew Pt.   >> random deviates.
 FAILED K-S -- Parm:Time to Peak    Mon:           1  Year:        1995  N:         155
 FAILED K-S -- Parm:Time to Peak    Mon:           1  Year:        1995  N:         155
 FAILED K-S -- Parm:Time to Peak    Mon:           1  Year:        1995  N:         155
 FAILED K-S -- Parm:Time to Peak    Mon:           1  Year:        1995  N:         155
 FAILED K-S -- Parm:Time to Peak    Mon:           1  Year:        1995  N:         155
*** ERROR *** Could not produce desired level of quality in
                    << Time to Peak    >> random deviates.
 Failed SN SD test.
 Parm:Temp. Dew Pt.   Month:           6  Year:        1995  Mlevel=   50.0000000      SDlevel=   100.000000      Days:         480
 Failed SN Mean test.
 Failed SN SD test.
 Parm:Temp. Dew Pt.   Month:           6  Year:        1995  Mlevel=   90.0000000      SDlevel=   100.000000      Days:         480
 Failed SN Mean test.
 Failed SN SD test.
 Parm:Temp. Dew Pt.   Month:           6  Year:        1995  Mlevel=   70.0000000      SDlevel=   100.000000      Days:         480
 Failed SN Mean test.
 Failed SN SD test.
 Parm:Temp. Dew Pt.   Month:           6  Year:        1995  Mlevel=   70.0000000      SDlevel=   100.000000      Days:         480
 Failed SN SD test.
 Parm:Temp. Dew Pt.   Month:           6  Year:        1995  Mlevel=   50.0000000      SDlevel=   100.000000      Days:         480
*** ERROR *** Could not produce desired level of quality in
                    << Temp. Dew Pt.   >> random deviates.
 FAILED K-S -- Parm:Time to Peak    Mon:           1  Year:        1996  N:         160
 FAILED K-S -- Parm:Time to Peak    Mon:           1  Year:        1996  N:         160
 FAILED K-S -- Parm:Time to Peak    Mon:           1  Year:        1996  N:         160
 FAILED K-S -- Parm:Time to Peak    Mon:           1  Year:        1996  N:         160
 FAILED K-S -- Parm:Time to Peak    Mon:           1  Year:        1996  N:         160
*** ERROR *** Could not produce desired level of quality in
                    << Time to Peak    >> random deviates.
 Failed SN SD test.
 Parm:Temp. Dew Pt.   Month:           6  Year:        1996  Mlevel=   30.0000000      SDlevel=   100.000000      Days:         510
 Failed SN SD test.
 Parm:Temp. Dew Pt.   Month:           6  Year:        1996  Mlevel=   30.0000000      SDlevel=   100.000000      Days:         510
 Failed SN Mean test.
 Failed SN SD test.
 Parm:Temp. Dew Pt.   Month:           6  Year:        1996  Mlevel=   60.0000000      SDlevel=   100.000000      Days:         510
 Failed SN SD test.
 Parm:Temp. Dew Pt.   Month:           6  Year:        1996  Mlevel=   40.0000000      SDlevel=   100.000000      Days:         510
 Failed SN SD test.
 Parm:Temp. Dew Pt.   Month:           6  Year:        1996  Mlevel=   50.0000000      SDlevel=   100.000000      Days:         510
*** ERROR *** Could not produce desired level of quality in
                    << Temp. Dew Pt.   >> random deviates.
 FAILED K-S -- Parm:Time to Peak    Mon:           1  Year:        1997  N:         171
 FAILED K-S -- Parm:Time to Peak    Mon:           1  Year:        1997  N:         171
 FAILED K-S -- Parm:Time to Peak    Mon:           1  Year:        1997  N:         171
 FAILED K-S -- Parm:Time to Peak    Mon:           1  Year:        1997  N:         171
 FAILED K-S -- Parm:Time to Peak    Mon:           1  Year:        1997  N:         171
*** ERROR *** Could not produce desired level of quality in
                    << Time to Peak    >> random deviates.
 Failed SN Mean test.
 Failed SN SD test.
 Parm:Temp. Dew Pt.   Month:           6  Year:        1997  Mlevel=   60.0000000      SDlevel=   100.000000      Days:         540
 Failed SN Mean test.
 Failed SN SD test.
 Parm:Temp. Dew Pt.   Month:           6  Year:        1997  Mlevel=   60.0000000      SDlevel=   100.000000      Days:         540
 Failed SN SD test.
 Parm:Temp. Dew Pt.   Month:           6  Year:        1997  Mlevel=   50.0000000      SDlevel=   100.000000      Days:         540
 Failed SN Mean test.
 Failed SN SD test.
 Parm:Temp. Dew Pt.   Month:           6  Year:        1997  Mlevel=   60.0000000      SDlevel=   100.000000      Days:         540
 Failed SN SD test.
 Parm:Temp. Dew Pt.   Month:           6  Year:        1997  Mlevel=   40.0000000      SDlevel=   100.000000      Days:         540
*** ERROR *** Could not produce desired level of quality in
                    << Temp. Dew Pt.   >> random deviates.
 FAILED K-S -- Parm:Time to Peak    Mon:           1  Year:        1998  N:         182
 FAILED K-S -- Parm:Time to Peak    Mon:           1  Year:        1998  N:         182
 FAILED K-S -- Parm:Time to Peak    Mon:           1  Year:        1998  N:         182
 FAILED K-S -- Parm:Time to Peak    Mon:           1  Year:        1998  N:         182
 FAILED K-S -- Parm:Time to Peak    Mon:           1  Year:        1998  N:         182
*** ERROR *** Could not produce desired level of quality in
                    << Time to Peak    >> random deviates.
 Failed SN Mean test.
 Failed SN SD test.
 Parm:Temp. Dew Pt.   Month:           6  Year:        1998  Mlevel=   60.0000000      SDlevel=   100.000000      Days:         570
 Failed SN SD test.
 Parm:Temp. Dew Pt.   Month:           6  Year:        1998  Mlevel=   50.0000000      SDlevel=   100.000000      Days:         570
 Failed SN SD test.
 Parm:Temp. Dew Pt.   Month:           6  Year:        1998  Mlevel=   40.0000000      SDlevel=   100.000000      Days:         570
 Failed SN SD test.
 Parm:Temp. Dew Pt.   Month:           6  Year:        1998  Mlevel=   50.0000000      SDlevel=   100.000000      Days:         570
 Failed SN SD test.
 Parm:Temp. Dew Pt.   Month:           6  Year:        1998  Mlevel=   50.0000000      SDlevel=   100.000000      Days:         570
*** ERROR *** Could not produce desired level of quality in
                    << Temp. Dew Pt.   >> random deviates.
 FAILED K-S -- Parm:Time to Peak    Mon:           1  Year:        1999  N:         192
 FAILED K-S -- Parm:Time to Peak    Mon:           1  Year:        1999  N:         192
 FAILED K-S -- Parm:Time to Peak    Mon:           1  Year:        1999  N:         192
 FAILED K-S -- Parm:Time to Peak    Mon:           1  Year:        1999  N:         192
 FAILED K-S -- Parm:Time to Peak    Mon:           1  Year:        1999  N:         192
*** ERROR *** Could not produce desired level of quality in
                    << Time to Peak    >> random deviates.
 Failed SN SD test.
 Parm:Temp. Dew Pt.   Month:           6  Year:        1999  Mlevel=   50.0000000      SDlevel=   100.000000      Days:         600
 Failed SN Mean test.
 Failed SN SD test.
 Parm:Temp. Dew Pt.   Month:           6  Year:        1999  Mlevel=   60.0000000      SDlevel=   100.000000      Days:         600
 Failed SN Mean test.
 Failed SN SD test.
 Parm:Temp. Dew Pt.   Month:           6  Year:        1999  Mlevel=   60.0000000      SDlevel=   100.000000      Days:         600
 Failed SN SD test.
 Parm:Temp. Dew Pt.   Month:           6  Year:        1999  Mlevel=   30.0000000      SDlevel=   100.000000      Days:         600
 Failed SN SD test.
 Parm:Temp. Dew Pt.   Month:           6  Year:        1999  Mlevel=   30.0000000      SDlevel=   100.000000      Days:         600
*** ERROR *** Could not produce desired level of quality in
                    << Temp. Dew Pt.   >> random deviates.
 FAILED K-S -- Parm:Time to Peak    Mon:           1  Year:        2000  N:         193
 FAILED K-S -- Parm:Time to Peak    Mon:           1  Year:        2000  N:         193
 FAILED K-S -- Parm:Time to Peak    Mon:           1  Year:        2000  N:         193
 FAILED K-S -- Parm:Time to Peak    Mon:           1  Year:        2000  N:         193
 FAILED K-S -- Parm:Time to Peak    Mon:           1  Year:        2000  N:         193
*** ERROR *** Could not produce desired level of quality in
                    << Time to Peak    >> random deviates.
 Failed SN SD test.
 Parm:Temp. Dew Pt.   Month:           6  Year:        2000  Mlevel=   30.0000000      SDlevel=   100.000000      Days:         630
 Failed SN SD test.
 Parm:Temp. Dew Pt.   Month:           6  Year:        2000  Mlevel=   40.0000000      SDlevel=   100.000000      Days:         630
 Failed SN SD test.
 Parm:Temp. Dew Pt.   Month:           6  Year:        2000  Mlevel=   30.0000000      SDlevel=   100.000000      Days:         630
 Failed SN SD test.
 Parm:Temp. Dew Pt.   Month:           6  Year:        2000  Mlevel=   20.0000000      SDlevel=   100.000000      Days:         630
 Failed SN SD test.
 Parm:Temp. Dew Pt.   Month:           6  Year:        2000  Mlevel=   10.0000000      SDlevel=   100.000000      Days:         630
*** ERROR *** Could not produce desired level of quality in
                    << Temp. Dew Pt.   >> random deviates.
 FAILED K-S -- Parm:Time to Peak    Mon:           1  Year:        2001  N:         203
 FAILED K-S -- Parm:Time to Peak    Mon:           1  Year:        2001  N:         203
 FAILED K-S -- Parm:Time to Peak    Mon:           1  Year:        2001  N:         203
 FAILED K-S -- Parm:Time to Peak    Mon:           1  Year:        2001  N:         203
 FAILED K-S -- Parm:Time to Peak    Mon:           1  Year:        2001  N:         203
*** ERROR *** Could not produce desired level of quality in
                    << Time to Peak    >> random deviates.
 Failed SN SD test.
 Parm:Temp. Dew Pt.   Month:           6  Year:        2001  Mlevel=   5.00000000      SDlevel=   99.9999924      Days:         660
 Failed SN SD test.
 Parm:Temp. Dew Pt.   Month:           6  Year:        2001  Mlevel=   0.00000000      SDlevel=   99.9999924      Days:         660
 Failed SN SD test.
 Parm:Temp. Dew Pt.   Month:           6  Year:        2001  Mlevel=   30.0000000      SDlevel=   100.000000      Days:         660
 Failed SN SD test.
 Parm:Temp. Dew Pt.   Month:           6  Year:        2001  Mlevel=   1.00000000      SDlevel=   99.9999847      Days:         660
 Failed SN SD test.
 Parm:Temp. Dew Pt.   Month:           6  Year:        2001  Mlevel=   5.00000000      SDlevel=   100.000000      Days:         660
*** ERROR *** Could not produce desired level of quality in
                    << Temp. Dew Pt.   >> random deviates.
 FAILED K-S -- Parm:Time to Peak    Mon:           1  Year:        2002  N:         215
 FAILED K-S -- Parm:Time to Peak    Mon:           1  Year:        2002  N:         215
 FAILED K-S -- Parm:Time to Peak    Mon:           1  Year:        2002  N:         215
 FAILED K-S -- Parm:Time to Peak    Mon:           1  Year:        2002  N:         215
 FAILED K-S -- Parm:Time to Peak    Mon:           1  Year:        2002  N:         215
*** ERROR *** Could not produce desired level of quality in
                    << Time to Peak    >> random deviates.
 Failed SN SD test.
 Parm:Temp. Dew Pt.   Month:           6  Year:        2002  Mlevel=   1.00000000      SDlevel=   100.000000      Days:         690
 Failed SN SD test.
 Parm:Temp. Dew Pt.   Month:           6  Year:        2002  Mlevel=   20.0000000      SDlevel=   99.9999924      Days:         690
 Failed SN SD test.
 Parm:Temp. Dew Pt.   Month:           6  Year:        2002  Mlevel=   1.00000000      SDlevel=   99.9999847      Days:         690
 Failed SN SD test.
 Parm:Temp. Dew Pt.   Month:           6  Year:        2002  Mlevel=   1.00000000      SDlevel=   100.000000      Days:         690
 Failed SN SD test.
 Parm:Temp. Dew Pt.   Month:           6  Year:        2002  Mlevel=   30.0000000      SDlevel=   99.9999924      Days:         690
*** ERROR *** Could not produce desired level of quality in
                    << Temp. Dew Pt.   >> random deviates.
 FAILED K-S -- Parm:Time to Peak    Mon:           1  Year:        2003  N:         218
 FAILED K-S -- Parm:Time to Peak    Mon:           1  Year:        2003  N:         218
 FAILED K-S -- Parm:Time to Peak    Mon:           1  Year:        2003  N:         218
 FAILED K-S -- Parm:Time to Peak    Mon:           1  Year:        2003  N:         218
 FAILED K-S -- Parm:Time to Peak    Mon:           1  Year:        2003  N:         218
*** ERROR *** Could not produce desired level of quality in
                    << Time to Peak    >> random deviates.
 Failed SN SD test.
 Parm:Temp. Dew Pt.   Month:           6  Year:        2003  Mlevel=   30.0000000      SDlevel=   99.9999619      Days:         720
 Failed SN SD test.
 Parm:Temp. Dew Pt.   Month:           6  Year:        2003  Mlevel=   5.00000000      SDlevel=   99.9999695      Days:         720
 Failed SN SD test.
 Parm:Temp. Dew Pt.   Month:           6  Year:        2003  Mlevel=   1.00000000      SDlevel=   99.9999390      Days:         720
 Failed SN SD test.
 Parm:Temp. Dew Pt.   Month:           6  Year:        2003  Mlevel=   30.0000000      SDlevel=   99.9996338      Days:         720
 Failed SN SD test.
 Parm:Temp. Dew Pt.   Month:           6  Year:        2003  Mlevel=   10.0000000      SDlevel=   99.9999924      Days:         720
*** ERROR *** Could not produce desired level of quality in
                    << Temp. Dew Pt.   >> random deviates.
 FAILED K-S -- Parm:Time to Peak    Mon:           1  Year:        2004  N:         226
 FAILED K-S -- Parm:Time to Peak    Mon:           1  Year:        2004  N:         226
 FAILED K-S -- Parm:Time to Peak    Mon:           1  Year:        2004  N:         226
 FAILED K-S -- Parm:Time to Peak    Mon:           1  Year:        2004  N:         226
 FAILED K-S -- Parm:Time to Peak    Mon:           1  Year:        2004  N:         226
*** ERROR *** Could not produce desired level of quality in
                    << Time to Peak    >> random deviates.
 Failed SN SD test.
 Parm:Temp. Dew Pt.   Month:           6  Year:        2004  Mlevel=   10.0000000      SDlevel=   99.9999924      Days:         750
 Failed SN SD test.
 Parm:Temp. Dew Pt.   Month:           6  Year:        2004  Mlevel=   10.0000000      SDlevel=   99.9999771      Days:         750
 Failed SN SD test.
 Parm:Temp. Dew Pt.   Month:           6  Year:        2004  Mlevel=   10.0000000      SDlevel=   99.9999771      Days:         750
 Failed SN SD test.
 Parm:Temp. Dew Pt.   Month:           6  Year:        2004  Mlevel=   50.0000000      SDlevel=   99.9999390      Days:         750
 Failed SN SD test.
 Parm:Temp. Dew Pt.   Month:           6  Year:        2004  Mlevel=   1.00000000      SDlevel=   99.9998703      Days:         750
*** ERROR *** Could not produce desired level of quality in
                    << Temp. Dew Pt.   >> random deviates.
 FAILED K-S -- Parm:Time to Peak    Mon:           1  Year:        2005  N:         234
 FAILED K-S -- Parm:Time to Peak    Mon:           1  Year:        2005  N:         234
 FAILED K-S -- Parm:Time to Peak    Mon:           1  Year:        2005  N:         234
 FAILED K-S -- Parm:Time to Peak    Mon:           1  Year:        2005  N:         234
 FAILED K-S -- Parm:Time to Peak    Mon:           1  Year:        2005  N:         234
*** ERROR *** Could not produce desired level of quality in
                    << Time to Peak    >> random deviates.
 Failed SN SD test.
 Parm:Temp. Dew Pt.   Month:           6  Year:        2005  Mlevel=   20.0000000      SDlevel=   99.9999084      Days:         780
 Failed SN SD test.
 Parm:Temp. Dew Pt.   Month:           6  Year:        2005  Mlevel=   5.00000000      SDlevel=   99.9997559      Days:         780
 Failed SN SD test.
 Parm:Temp. Dew Pt.   Month:           6  Year:        2005  Mlevel=   10.0000000      SDlevel=   99.9997253      Days:         780
 Failed SN SD test.
 Parm:Temp. Dew Pt.   Month:           6  Year:        2005  Mlevel=   10.0000000      SDlevel=   99.9997787      Days:         780
 Failed SN SD test.
 Parm:Temp. Dew Pt.   Month:           6  Year:        2005  Mlevel=   30.0000000      SDlevel=   99.9992371      Days:         780
*** ERROR *** Could not produce desired level of quality in
                    << Temp. Dew Pt.   >> random deviates.
 FAILED K-S -- Parm:Time to Peak    Mon:           1  Year:        2006  N:         246
 FAILED K-S -- Parm:Time to Peak    Mon:           1  Year:        2006  N:         246
 FAILED K-S -- Parm:Time to Peak    Mon:           1  Year:        2006  N:         246
 FAILED K-S -- Parm:Time to Peak    Mon:           1  Year:        2006  N:         246
 FAILED K-S -- Parm:Time to Peak    Mon:           1  Year:        2006  N:         246
*** ERROR *** Could not produce desired level of quality in
                    << Time to Peak    >> random deviates.
 Failed SN SD test.
 Parm:Temp. Dew Pt.   Month:           6  Year:        2006  Mlevel=   30.0000000      SDlevel=   99.9991455      Days:         810
 Failed SN SD test.
 Parm:Temp. Dew Pt.   Month:           6  Year:        2006  Mlevel=   5.00000000      SDlevel=   99.9942856      Days:         810
 Failed SN SD test.
 Parm:Temp. Dew Pt.   Month:           6  Year:        2006  Mlevel=   40.0000000      SDlevel=   99.9987793      Days:         810
 Failed SN SD test.
 Parm:Temp. Dew Pt.   Month:           6  Year:        2006  Mlevel=   50.0000000      SDlevel=   99.9967575      Days:         810
 Failed SN SD test.
 Parm:Temp. Dew Pt.   Month:           6  Year:        2006  Mlevel=   50.0000000      SDlevel=   99.9988403      Days:         810
*** ERROR *** Could not produce desired level of quality in
                    << Temp. Dew Pt.   >> random deviates.
 FAILED K-S -- Parm:Time to Peak    Mon:           1  Year:        2007  N:         249
 FAILED K-S -- Parm:Time to Peak    Mon:           1  Year:        2007  N:         249
 FAILED K-S -- Parm:Time to Peak    Mon:           1  Year:        2007  N:         249
 FAILED K-S -- Parm:Time to Peak    Mon:           1  Year:        2007  N:         249
 FAILED K-S -- Parm:Time to Peak    Mon:           1  Year:        2007  N:         249
*** ERROR *** Could not produce desired level of quality in
                    << Time to Peak    >> random deviates.
 FAILED K-S -- Parm:Temp. Dew Pt.   Mon:           6  Year:        2007  N:         630
 Failed SN Mean test.
 Failed SN SD test.
 Parm:Temp. Dew Pt.   Month:           6  Year:        2007  Mlevel=   60.0000000      SDlevel=   99.9987030      Days:         840
 Failed SN SD test.
 Parm:Temp. Dew Pt.   Month:           6  Year:        2007  Mlevel=   50.0000000      SDlevel=   99.9983673      Days:         840
 Failed SN Mean test.
 Failed SN SD test.
 Parm:Temp. Dew Pt.   Month:           6  Year:        2007  Mlevel=   60.0000000      SDlevel=   99.9974976      Days:         840
 Failed SN Mean test.
 Failed SN SD test.
 Parm:Temp. Dew Pt.   Month:           6  Year:        2007  Mlevel=   60.0000000      SDlevel=   99.9964676      Days:         840
 FAILED K-S -- Parm:Temp. Dew Pt.   Mon:           6  Year:        2007  N:         630
 Failed SN Mean test.
 Failed SN SD test.
 Parm:Temp. Dew Pt.   Month:           6  Year:        2007  Mlevel=   60.0000000      SDlevel=   99.9964676      Days:         840
*** ERROR *** Could not produce desired level of quality in
                    << Temp. Dew Pt.   >> random deviates.
 FAILED K-S -- Parm:Time to Peak    Mon:           1  Year:        2008  N:         258
 FAILED K-S -- Parm:Time to Peak    Mon:           1  Year:        2008  N:         258
 FAILED K-S -- Parm:Time to Peak    Mon:           1  Year:        2008  N:         258
 FAILED K-S -- Parm:Time to Peak    Mon:           1  Year:        2008  N:         258
 FAILED K-S -- Parm:Time to Peak    Mon:           1  Year:        2008  N:         258
*** ERROR *** Could not produce desired level of quality in
                    << Time to Peak    >> random deviates.
 FAILED K-S -- Parm:Temp. Dew Pt.   Mon:           6  Year:        2008  N:         660
 Failed SN SD test.
 Parm:Temp. Dew Pt.   Month:           6  Year:        2008  Mlevel=   40.0000000      SDlevel=   99.9952774      Days:         870
 FAILED K-S -- Parm:Temp. Dew Pt.   Mon:           6  Year:        2008  N:         660
 Failed SN SD test.
 Parm:Temp. Dew Pt.   Month:           6  Year:        2008  Mlevel=   40.0000000      SDlevel=   99.9952774      Days:         870
 FAILED K-S -- Parm:Temp. Dew Pt.   Mon:           6  Year:        2008  N:         660
 Failed SN SD test.
 Parm:Temp. Dew Pt.   Month:           6  Year:        2008  Mlevel=   40.0000000      SDlevel=   99.9952774      Days:         870
 FAILED K-S -- Parm:Temp. Dew Pt.   Mon:           6  Year:        2008  N:         660
 Failed SN SD test.
 Parm:Temp. Dew Pt.   Month:           6  Year:        2008  Mlevel=   40.0000000      SDlevel=   99.9952774      Days:         870
 FAILED K-S -- Parm:Temp. Dew Pt.   Mon:           6  Year:        2008  N:         660
 Failed SN SD test.
 Parm:Temp. Dew Pt.   Month:           6  Year:        2008  Mlevel=   40.0000000      SDlevel=   99.9952774      Days:         870
*** ERROR *** Could not produce desired level of quality in
                    << Temp. Dew Pt.   >> random deviates.
 FAILED K-S -- Parm:Time to Peak    Mon:           1  Year:        2009  N:         266
 FAILED K-S -- Parm:Time to Peak    Mon:           1  Year:        2009  N:         266
 FAILED K-S -- Parm:Time to Peak    Mon:           1  Year:        2009  N:         266
 FAILED K-S -- Parm:Time to Peak    Mon:           1  Year:        2009  N:         266
 FAILED K-S -- Parm:Time to Peak    Mon:           1  Year:        2009  N:         266
*** ERROR *** Could not produce desired level of quality in
                    << Time to Peak    >> random deviates.
 FAILED K-S -- Parm:Temp. Dew Pt.   Mon:           6  Year:        2009  N:         690
 Failed SN SD test.
 Parm:Temp. Dew Pt.   Month:           6  Year:        2009  Mlevel=   30.0000000      SDlevel=   99.9706192      Days:         900
 FAILED K-S -- Parm:Temp. Dew Pt.   Mon:           6  Year:        2009  N:         690
 Failed SN SD test.
 Parm:Temp. Dew Pt.   Month:           6  Year:        2009  Mlevel=   30.0000000      SDlevel=   99.9706192      Days:         900
 FAILED K-S -- Parm:Temp. Dew Pt.   Mon:           6  Year:        2009  N:         690
 Failed SN SD test.
 Parm:Temp. Dew Pt.   Month:           6  Year:        2009  Mlevel=   30.0000000      SDlevel=   99.9706192      Days:         900
 FAILED K-S -- Parm:Temp. Dew Pt.   Mon:           6  Year:        2009  N:         690
 Failed SN SD test.
 Parm:Temp. Dew Pt.   Month:           6  Year:        2009  Mlevel=   30.0000000      SDlevel=   99.9706192      Days:         900
 FAILED K-S -- Parm:Temp. Dew Pt.   Mon:           6  Year:        2009  N:         690
 Failed SN SD test.
 Parm:Temp. Dew Pt.   Month:           6  Year:        2009  Mlevel=   30.0000000      SDlevel=   99.9706192      Days:         900
*** ERROR *** Could not produce desired level of quality in
                    << Temp. Dew Pt.   >> random deviates.
 FAILED K-S -- Parm:Time to Peak    Mon:           1  Year:        2010  N:         275
 FAILED K-S -- Parm:Time to Peak    Mon:           1  Year:        2010  N:         275
 FAILED K-S -- Parm:Time to Peak    Mon:           1  Year:        2010  N:         275
 FAILED K-S -- Parm:Time to Peak    Mon:           1  Year:        2010  N:         275
 FAILED K-S -- Parm:Time to Peak    Mon:           1  Year:        2010  N:         275
*** ERROR *** Could not produce desired level of quality in
                    << Time to Peak    >> random deviates.
 FAILED K-S -- Parm:Temp. Dew Pt.   Mon:           6  Year:        2010  N:         720
 Failed SN SD test.
 Parm:Temp. Dew Pt.   Month:           6  Year:        2010  Mlevel=   40.0000000      SDlevel=   99.9957962      Days:         930
 Failed SN SD test.
 Parm:Temp. Dew Pt.   Month:           6  Year:        2010  Mlevel=   30.0000000      SDlevel=   99.9953003      Days:         930
 FAILED K-S -- Parm:Temp. Dew Pt.   Mon:           6  Year:        2010  N:         720
 Failed SN SD test.
 Parm:Temp. Dew Pt.   Month:           6  Year:        2010  Mlevel=   30.0000000      SDlevel=   99.9953003      Days:         930
 FAILED K-S -- Parm:Temp. Dew Pt.   Mon:           6  Year:        2010  N:         720
 Failed SN SD test.
 Parm:Temp. Dew Pt.   Month:           6  Year:        2010  Mlevel=   30.0000000      SDlevel=   99.9953003      Days:         930
 FAILED K-S -- Parm:Temp. Dew Pt.   Mon:           6  Year:        2010  N:         720
 Failed SN SD test.
 Parm:Temp. Dew Pt.   Month:           6  Year:        2010  Mlevel=   30.0000000      SDlevel=   99.9953003      Days:         930
*** ERROR *** Could not produce desired level of quality in
                    << Temp. Dew Pt.   >> random deviates.
 FAILED K-S -- Parm:Time to Peak    Mon:           1  Year:        2011  N:         282
 FAILED K-S -- Parm:Time to Peak    Mon:           1  Year:        2011  N:         282
 FAILED K-S -- Parm:Time to Peak    Mon:           1  Year:        2011  N:         282
 FAILED K-S -- Parm:Time to Peak    Mon:           1  Year:        2011  N:         282
 FAILED K-S -- Parm:Time to Peak    Mon:           1  Year:        2011  N:         282
*** ERROR *** Could not produce desired level of quality in
                    << Time to Peak    >> random deviates.
 FAILED K-S -- Parm:Temp. Dew Pt.   Mon:           6  Year:        2011  N:         750
 Failed SN SD test.
 Parm:Temp. Dew Pt.   Month:           6  Year:        2011  Mlevel=   30.0000000      SDlevel=   99.9855042      Days:         960
 FAILED K-S -- Parm:Temp. Dew Pt.   Mon:           6  Year:        2011  N:         750
 Failed SN SD test.
 Parm:Temp. Dew Pt.   Month:           6  Year:        2011  Mlevel=   30.0000000      SDlevel=   99.9855042      Days:         960
 FAILED K-S -- Parm:Temp. Dew Pt.   Mon:           6  Year:        2011  N:         750
 Failed SN SD test.
 Parm:Temp. Dew Pt.   Month:           6  Year:        2011  Mlevel=   30.0000000      SDlevel=   99.9855042      Days:         960
 FAILED K-S -- Parm:Temp. Dew Pt.   Mon:           6  Year:        2011  N:         750
 Failed SN SD test.
 Parm:Temp. Dew Pt.   Month:           6  Year:        2011  Mlevel=   30.0000000      SDlevel=   99.9855042      Days:         960
 FAILED K-S -- Parm:Temp. Dew Pt.   Mon:           6  Year:        2011  N:         750
 Failed SN SD test.
 Parm:Temp. Dew Pt.   Month:           6  Year:        2011  Mlevel=   30.0000000      SDlevel=   99.9855042      Days:         960
*** ERROR *** Could not produce desired level of quality in
                    << Temp. Dew Pt.   >> random deviates.
 FAILED K-S -- Parm:Time to Peak    Mon:           1  Year:        2012  N:         298
 FAILED K-S -- Parm:Time to Peak    Mon:           1  Year:        2012  N:         298
 FAILED K-S -- Parm:Time to Peak    Mon:           1  Year:        2012  N:         298
 FAILED K-S -- Parm:Time to Peak    Mon:           1  Year:        2012  N:         298
 FAILED K-S -- Parm:Time to Peak    Mon:           1  Year:        2012  N:         298
*** ERROR *** Could not produce desired level of quality in
                    << Time to Peak    >> random deviates.
 FAILED K-S -- Parm:Temp. Dew Pt.   Mon:           6  Year:        2012  N:         780
 Failed SN SD test.
 Parm:Temp. Dew Pt.   Month:           6  Year:        2012  Mlevel=   20.0000000      SDlevel=   99.9859238      Days:         990
 FAILED K-S -- Parm:Temp. Dew Pt.   Mon:           6  Year:        2012  N:         780
 Failed SN SD test.
 Parm:Temp. Dew Pt.   Month:           6  Year:        2012  Mlevel=   20.0000000      SDlevel=   99.9859238      Days:         990
 FAILED K-S -- Parm:Temp. Dew Pt.   Mon:           6  Year:        2012  N:         780
 Failed SN SD test.
 Parm:Temp. Dew Pt.   Month:           6  Year:        2012  Mlevel=   20.0000000      SDlevel=   99.9859238      Days:         990
 FAILED K-S -- Parm:Temp. Dew Pt.   Mon:           6  Year:        2012  N:         780
 Failed SN SD test.
 Parm:Temp. Dew Pt.   Month:           6  Year:        2012  Mlevel=   20.0000000      SDlevel=   99.9859238      Days:         990
 FAILED K-S -- Parm:Temp. Dew Pt.   Mon:           6  Year:        2012  N:         780
 Failed SN SD test.
 Parm:Temp. Dew Pt.   Month:           6  Year:        2012  Mlevel=   20.0000000      SDlevel=   99.9859238      Days:         990
*** ERROR *** Could not produce desired level of quality in
                    << Temp. Dew Pt.   >> random deviates.
 FAILED K-S -- Parm:Time to Peak    Mon:           1  Year:        2013  N:         310
 FAILED K-S -- Parm:Time to Peak    Mon:           1  Year:        2013  N:         310
 FAILED K-S -- Parm:Time to Peak    Mon:           1  Year:        2013  N:         310
 FAILED K-S -- Parm:Time to Peak    Mon:           1  Year:        2013  N:         310
 FAILED K-S -- Parm:Time to Peak    Mon:           1  Year:        2013  N:         310
*** ERROR *** Could not produce desired level of quality in
                    << Time to Peak    >> random deviates.
 FAILED K-S -- Parm:Temp. Dew Pt.   Mon:           6  Year:        2013  N:         810
 Failed SN SD test.
 Parm:Temp. Dew Pt.   Month:           6  Year:        2013  Mlevel=   20.0000000      SDlevel=   99.9645386      Days:        1020
 FAILED K-S -- Parm:Temp. Dew Pt.   Mon:           6  Year:        2013  N:         810
 Failed SN SD test.
 Parm:Temp. Dew Pt.   Month:           6  Year:        2013  Mlevel=   20.0000000      SDlevel=   99.9645386      Days:        1020
 FAILED K-S -- Parm:Temp. Dew Pt.   Mon:           6  Year:        2013  N:         810
 Failed SN SD test.
 Parm:Temp. Dew Pt.   Month:           6  Year:        2013  Mlevel=   20.0000000      SDlevel=   99.9645386      Days:        1020
 FAILED K-S -- Parm:Temp. Dew Pt.   Mon:           6  Year:        2013  N:         810
 Failed SN SD test.
 Parm:Temp. Dew Pt.   Month:           6  Year:        2013  Mlevel=   20.0000000      SDlevel=   99.9645386      Days:        1020
 Failed SN SD test.
 Parm:Temp. Dew Pt.   Month:           6  Year:        2013  Mlevel=   50.0000000      SDlevel=   99.9688644      Days:        1020
*** ERROR *** Could not produce desired level of quality in
                    << Temp. Dew Pt.   >> random deviates.
 Failed SN SD test.
 Parm:Temp. Dew Pt.   Month:           6  Year:        2014  Mlevel=   40.0000000      SDlevel=   99.9887314      Days:        1050
 Failed SN SD test.
 Parm:Temp. Dew Pt.   Month:           6  Year:        2014  Mlevel=   50.0000000      SDlevel=   99.9845352      Days:        1050
 FAILED K-S -- Parm:Temp. Dew Pt.   Mon:           6  Year:        2014  N:         840
 Failed SN SD test.
 Parm:Temp. Dew Pt.   Month:           6  Year:        2014  Mlevel=   50.0000000      SDlevel=   99.9845352      Days:        1050
 Failed SN SD test.
 Parm:Temp. Dew Pt.   Month:           6  Year:        2014  Mlevel=   40.0000000      SDlevel=   99.9726715      Days:        1050
 Failed SN SD test.
 Parm:Temp. Dew Pt.   Month:           6  Year:        2014  Mlevel=   40.0000000      SDlevel=   99.9799347      Days:        1050
*** ERROR *** Could not produce desired level of quality in
                    << Temp. Dew Pt.   >> random deviates.
 Failed SN SD test.
 Parm:Temp. Dew Pt.   Month:           6  Year:        2015  Mlevel=   50.0000000      SDlevel=   99.9782028      Days:        1080
 Failed SN SD test.
 Parm:Temp. Dew Pt.   Month:           6  Year:        2015  Mlevel=   50.0000000      SDlevel=   99.9826050      Days:        1080
 Failed SN SD test.
 Parm:Temp. Dew Pt.   Month:           6  Year:        2015  Mlevel=   40.0000000      SDlevel=   99.9798965      Days:        1080
 Failed SN SD test.
 Parm:Temp. Dew Pt.   Month:           6  Year:        2015  Mlevel=   10.0000000      SDlevel=   99.8293076      Days:        1080
 Failed SN SD test.
 Parm:Temp. Dew Pt.   Month:           6  Year:        2015  Mlevel=   40.0000000      SDlevel=   99.9852982      Days:        1080
*** ERROR *** Could not produce desired level of quality in
                    << Temp. Dew Pt.   >> random deviates.
 Failed SN SD test.
 Parm:Temp. Dew Pt.   Month:           6  Year:        2016  Mlevel=   40.0000000      SDlevel=   99.9374084      Days:        1110
 Failed SN SD test.
 Parm:Temp. Dew Pt.   Month:           6  Year:        2016  Mlevel=   50.0000000      SDlevel=   99.9785538      Days:        1110
 Failed SN SD test.
 Parm:Temp. Dew Pt.   Month:           6  Year:        2016  Mlevel=   20.0000000      SDlevel=   99.9632874      Days:        1110
At line 3013 of file cligen53.f (unit = 9, file = '0500000US06001.prn')
Fortran runtime error: Sequential READ or WRITE not allowed after EOF marker, possibly use REWIND or BACKSPACE
 Failed SN SD test.
 Parm:Temp. Dew Pt.   Month:           6  Year:        2016  Mlevel=   50.0000000      SDlevel=   99.9891663      Days:        1110
 Failed SN SD test.
 Parm:Temp. Dew Pt.   Month:           6  Year:        2016  Mlevel=   50.0000000      SDlevel=   99.9887848      Days:        1110
*** ERROR *** Could not produce desired level of quality in
                    << Temp. Dew Pt.   >> random deviates.
 Failed SN SD test.
 Parm:Temp. Dew Pt.   Month:           6  Year:        2017  Mlevel=   40.0000000      SDlevel=   99.9838562      Days:        1140
 Failed SN SD test.
 Parm:Temp. Dew Pt.   Month:           6  Year:        2017  Mlevel=   50.0000000      SDlevel=   99.9848862      Days:        1140
 Failed SN Mean test.
 Failed SN SD test.
 Parm:Temp. Dew Pt.   Month:           6  Year:        2017  Mlevel=   60.0000000      SDlevel=   99.9786072      Days:        1140
 Failed SN SD test.
 Parm:Temp. Dew Pt.   Month:           6  Year:        2017  Mlevel=   40.0000000      SDlevel=   99.9947510      Days:        1140
 Failed SN Mean test.
 Failed SN SD test.
 Parm:Temp. Dew Pt.   Month:           6  Year:        2017  Mlevel=   60.0000000      SDlevel=   99.9915466      Days:        1140
*** ERROR *** Could not produce desired level of quality in
                    << Temp. Dew Pt.   >> random deviates.
