At line 3013 of file cligen53.f (unit = 9, file = '0500000US48219.prn')
Fortran runtime error: Sequential READ or WRITE not allowed after EOF marker, possibly use REWIND or BACKSPACE


  ********************************************************************
  *                                                                  *
  *              USDA - WATER EROSION PREDICTION PROJECT             *
  *                 WEPP CLIMATE INPUT DATA GENERATOR                *
  *                                                                  *
  *                    CONTINUOUS SIMULATION AND                     *
  *                       SINGLE STORM OPTIONS                       *
  *                    with Command Line Options,                    *
  *                        and Corrections to                        *
  *                  Rainfall Intensity Calculations                 *
  *                   and Random Number Generation.                  *
  *                                                                  *
  *                          VERSION 5.30000                         *
  *                     Revised from VERSION 4.2                     *
  *                           October 2004                           *
  *                                                                  *
  *           (Use -h or /h to list command line options.)           *
  *                                                                  *
  ********************************************************************


 tx415183.par                                                                                                                                                                                                                                                    
 0500000US48219.prn                                                                                                                                                                                                                                              
 Failed SN SD test.
 Parm:Precip. Amt.    Month:           6  Year:        1980  Mlevel=   10.0000000      SDlevel=   65.2240677      Days:           1
 Failed SN SD test.
 Parm:Precip. Amt.    Month:           6  Year:        1980  Mlevel=   10.0000000      SDlevel=   63.4175949      Days:           1
 Failed SN SD test.
 Parm:Precip. Amt.    Month:           6  Year:        1980  Mlevel=   5.00000000      SDlevel=   80.3167953      Days:           1
 Failed SN SD test.
 Parm:Precip. Amt.    Month:           6  Year:        1980  Mlevel=   10.0000000      SDlevel=   71.0924072      Days:           1
 Failed SN SD test.
 Parm:Precip. Amt.    Month:           6  Year:        1980  Mlevel=   5.00000000      SDlevel=   88.5787125      Days:           1
*** ERROR *** Could not produce desired level of quality in
                    << Precip. Amt.    >> random deviates.
 FAILED K-S -- Parm:Time to Peak    Mon:           7  Year:        1995  N:         103
 FAILED K-S -- Parm:Time to Peak    Mon:           7  Year:        1995  N:         103
 FAILED K-S -- Parm:Time to Peak    Mon:           7  Year:        1995  N:         103
 FAILED K-S -- Parm:Time to Peak    Mon:           7  Year:        1995  N:         103
 FAILED K-S -- Parm:Time to Peak    Mon:           7  Year:        1995  N:         103
*** ERROR *** Could not produce desired level of quality in
                    << Time to Peak    >> random deviates.
 FAILED K-S -- Parm:Time to Peak    Mon:           7  Year:        1996  N:         107
 FAILED K-S -- Parm:Time to Peak    Mon:           7  Year:        1996  N:         107
 FAILED K-S -- Parm:Time to Peak    Mon:           7  Year:        1996  N:         107
 FAILED K-S -- Parm:Time to Peak    Mon:           7  Year:        1996  N:         107
 FAILED K-S -- Parm:Time to Peak    Mon:           7  Year:        1996  N:         107
*** ERROR *** Could not produce desired level of quality in
                    << Time to Peak    >> random deviates.
 Tdew -10 rangecheck executed.
 Tdew -10 rangecheck executed.
