At line 3013 of file cligen53.f (unit = 9, file = '0500000US35019.prn')
Fortran runtime error: Sequential READ or WRITE not allowed after EOF marker, possibly use REWIND or BACKSPACE


  ********************************************************************
  *                                                                  *
  *              USDA - WATER EROSION PREDICTION PROJECT             *
  *                 WEPP CLIMATE INPUT DATA GENERATOR                *
  *                                                                  *
  *                    CONTINUOUS SIMULATION AND                     *
  *                       SINGLE STORM OPTIONS                       *
  *                    with Command Line Options,                    *
  *                        and Corrections to                        *
  *                  Rainfall Intensity Calculations                 *
  *                   and Random Number Generation.                  *
  *                                                                  *
  *                          VERSION 5.30000                         *
  *                     Revised from VERSION 4.2                     *
  *                           October 2004                           *
  *                                                                  *
  *           (Use -h or /h to list command line options.)           *
  *                                                                  *
  ********************************************************************


 nm292510.par                                                                                                                                                                                                                                                    
 0500000US35019.prn                                                                                                                                                                                                                                              
 Tdew -10 rangecheck executed.
 Tdew -10 rangecheck executed.
 Tdew -10 rangecheck executed.
 Tdew -10 rangecheck executed.
 Tdew -10 rangecheck executed.
 Tdew -10 rangecheck executed.
 Failed SN SD test.
 Parm:Precip. Amt.    Month:          10  Year:        2000  Mlevel=   40.0000000      SDlevel=   52.2681465      Days:          79
 Failed SN SD test.
 Parm:Precip. Amt.    Month:          10  Year:        2000  Mlevel=   30.0000000      SDlevel=   54.6545486      Days:          79
 Failed SN SD test.
 Parm:Precip. Amt.    Month:          10  Year:        2000  Mlevel=   40.0000000      SDlevel=   51.9693794      Days:          79
 Failed SN SD test.
 Parm:Precip. Amt.    Month:          10  Year:        2000  Mlevel=   30.0000000      SDlevel=   54.6305771      Days:          79
 Failed SN SD test.
 Parm:Precip. Amt.    Month:          10  Year:        2000  Mlevel=   30.0000000      SDlevel=   53.0507011      Days:          79
*** ERROR *** Could not produce desired level of quality in
                    << Precip. Amt.    >> random deviates.
 Tdew -10 rangecheck executed.
 FAILED K-S -- Parm:Precip. Amt.    Mon:          10  Year:        2007  N:         101
 FAILED K-S -- Parm:Precip. Amt.    Mon:          10  Year:        2007  N:         101
 FAILED K-S -- Parm:Precip. Amt.    Mon:          10  Year:        2007  N:         101
 FAILED K-S -- Parm:Precip. Amt.    Mon:          10  Year:        2007  N:         101
 FAILED K-S -- Parm:Precip. Amt.    Mon:          10  Year:        2007  N:         101
*** ERROR *** Could not produce desired level of quality in
                    << Precip. Amt.    >> random deviates.
 Tdew -10 rangecheck executed.
 Tdew -10 rangecheck executed.
 Tdew -10 rangecheck executed.
