

  ********************************************************************
  *                                                                  *
  *              USDA - WATER EROSION PREDICTION PROJECT             *
  *                 WEPP CLIMATE INPUT DATA GENERATOR                *
  *                                                                  *
  *                    CONTINUOUS SIMULATION AND                     *
  *                       SINGLE STORM OPTIONS                       *
  *                    with Command Line Options,                    *
  *                        and Corrections to                        *
  *                  Rainfall Intensity Calculations                 *
  *                   and Random Number Generation.                  *
  *                                                                  *
  *                          VERSION 5.30000                         *
  *                     Revised from VERSION 4.2                     *
  *                           October 2004                           *
  *                                                                  *
  *           (Use -h or /h to list command line options.)           *
  *                                                                  *
  ********************************************************************


 oh332098.par                                                                                                                                                                                                                                                    
 0500000US39039.prn                                                                                                                                                                                                                                              
 Tdew -10 rangecheck executed.
 Tdew -10 rangecheck executed.
 Tdew -10 rangecheck executed.
 Tdew -10 rangecheck executed.
 FAILED K-S -- Parm:Time to Peak    Mon:           9  Year:        1992  N:         101
 FAILED K-S -- Parm:Time to Peak    Mon:           9  Year:        1992  N:         101
 FAILED K-S -- Parm:Time to Peak    Mon:           9  Year:        1992  N:         101
 FAILED K-S -- Parm:Time to Peak    Mon:           9  Year:        1992  N:         101
 FAILED K-S -- Parm:Time to Peak    Mon:           9  Year:        1992  N:         101
*** ERROR *** Could not produce desired level of quality in
                    << Time to Peak    >> random deviates.
 FAILED K-S -- Parm:Time to Peak    Mon:           9  Year:        1993  N:         110
 FAILED K-S -- Parm:Time to Peak    Mon:           9  Year:        1993  N:         110
 FAILED K-S -- Parm:Time to Peak    Mon:           9  Year:        1993  N:         110
 FAILED K-S -- Parm:Time to Peak    Mon:           9  Year:        1993  N:         110
 FAILED K-S -- Parm:Time to Peak    Mon:           9  Year:        1993  N:         110
*** ERROR *** Could not produce desired level of quality in
                    << Time to Peak    >> random deviates.
 Tdew -10 rangecheck executed.
 Tdew -10 rangecheck executed.
 FAILED K-S -- Parm:Time to Peak    Mon:           9  Year:        1994  N:         119
 FAILED K-S -- Parm:Time to Peak    Mon:           9  Year:        1994  N:         119
 FAILED K-S -- Parm:Time to Peak    Mon:           9  Year:        1994  N:         119
 FAILED K-S -- Parm:Time to Peak    Mon:           9  Year:        1994  N:         119
 FAILED K-S -- Parm:Time to Peak    Mon:           9  Year:        1994  N:         119
*** ERROR *** Could not produce desired level of quality in
                    << Time to Peak    >> random deviates.
 FAILED K-S -- Parm:Time to Peak    Mon:           9  Year:        1995  N:         122
 FAILED K-S -- Parm:Time to Peak    Mon:           9  Year:        1995  N:         122
 FAILED K-S -- Parm:Time to Peak    Mon:           9  Year:        1995  N:         122
 FAILED K-S -- Parm:Time to Peak    Mon:           9  Year:        1995  N:         122
 FAILED K-S -- Parm:Time to Peak    Mon:           9  Year:        1995  N:         122
*** ERROR *** Could not produce desired level of quality in
                    << Time to Peak    >> random deviates.
 Tdew -10 rangecheck executed.
 FAILED K-S -- Parm:Time to Peak    Mon:           9  Year:        1996  N:         130
 FAILED K-S -- Parm:Time to Peak    Mon:           9  Year:        1996  N:         130
 FAILED K-S -- Parm:Time to Peak    Mon:           9  Year:        1996  N:         130
 FAILED K-S -- Parm:Time to Peak    Mon:           9  Year:        1996  N:         130
 FAILED K-S -- Parm:Time to Peak    Mon:           9  Year:        1996  N:         130
*** ERROR *** Could not produce desired level of quality in
                    << Time to Peak    >> random deviates.
 Tdew -10 rangecheck executed.
 Tdew -10 rangecheck executed.
 FAILED K-S -- Parm:Time to Peak    Mon:           9  Year:        1997  N:         140
 FAILED K-S -- Parm:Time to Peak    Mon:           9  Year:        1997  N:         140
 FAILED K-S -- Parm:Time to Peak    Mon:           9  Year:        1997  N:         140
 FAILED K-S -- Parm:Time to Peak    Mon:           9  Year:        1997  N:         140
 FAILED K-S -- Parm:Time to Peak    Mon:           9  Year:        1997  N:         140
*** ERROR *** Could not produce desired level of quality in
                    << Time to Peak    >> random deviates.
 FAILED K-S -- Parm:Time to Peak    Mon:           9  Year:        1998  N:         143
 FAILED K-S -- Parm:Time to Peak    Mon:           9  Year:        1998  N:         143
 FAILED K-S -- Parm:Time to Peak    Mon:           9  Year:        1998  N:         143
 FAILED K-S -- Parm:Time to Peak    Mon:           9  Year:        1998  N:         143
 FAILED K-S -- Parm:Time to Peak    Mon:           9  Year:        1998  N:         143
*** ERROR *** Could not produce desired level of quality in
                    << Time to Peak    >> random deviates.
 FAILED K-S -- Parm:Time to Peak    Mon:           9  Year:        1999  N:         153
 FAILED K-S -- Parm:Time to Peak    Mon:           9  Year:        1999  N:         153
 FAILED K-S -- Parm:Time to Peak    Mon:           9  Year:        1999  N:         153
 FAILED K-S -- Parm:Time to Peak    Mon:           9  Year:        1999  N:         153
 FAILED K-S -- Parm:Time to Peak    Mon:           9  Year:        1999  N:         153
*** ERROR *** Could not produce desired level of quality in
                    << Time to Peak    >> random deviates.
 FAILED K-S -- Parm:Time to Peak    Mon:           9  Year:        2000  N:         165
 FAILED K-S -- Parm:Time to Peak    Mon:           9  Year:        2000  N:         165
 FAILED K-S -- Parm:Time to Peak    Mon:           9  Year:        2000  N:         165
 FAILED K-S -- Parm:Time to Peak    Mon:           9  Year:        2000  N:         165
 FAILED K-S -- Parm:Time to Peak    Mon:           9  Year:        2000  N:         165
*** ERROR *** Could not produce desired level of quality in
                    << Time to Peak    >> random deviates.
 FAILED K-S -- Parm:Time to Peak    Mon:           9  Year:        2001  N:         171
 FAILED K-S -- Parm:Time to Peak    Mon:           9  Year:        2001  N:         171
 FAILED K-S -- Parm:Time to Peak    Mon:           9  Year:        2001  N:         171
 FAILED K-S -- Parm:Time to Peak    Mon:           9  Year:        2001  N:         171
 FAILED K-S -- Parm:Time to Peak    Mon:           9  Year:        2001  N:         171
*** ERROR *** Could not produce desired level of quality in
                    << Time to Peak    >> random deviates.
 FAILED K-S -- Parm:Time to Peak    Mon:           9  Year:        2002  N:         181
 FAILED K-S -- Parm:Time to Peak    Mon:           9  Year:        2002  N:         181
 FAILED K-S -- Parm:Time to Peak    Mon:           9  Year:        2002  N:         181
 FAILED K-S -- Parm:Time to Peak    Mon:           9  Year:        2002  N:         181
 FAILED K-S -- Parm:Time to Peak    Mon:           9  Year:        2002  N:         181
*** ERROR *** Could not produce desired level of quality in
                    << Time to Peak    >> random deviates.
 FAILED K-S -- Parm:Time to Peak    Mon:           9  Year:        2003  N:         188
 FAILED K-S -- Parm:Time to Peak    Mon:           9  Year:        2003  N:         188
 FAILED K-S -- Parm:Time to Peak    Mon:           9  Year:        2003  N:         188
 FAILED K-S -- Parm:Time to Peak    Mon:           9  Year:        2003  N:         188
 FAILED K-S -- Parm:Time to Peak    Mon:           9  Year:        2003  N:         188
*** ERROR *** Could not produce desired level of quality in
                    << Time to Peak    >> random deviates.
 FAILED K-S -- Parm:Time to Peak    Mon:           9  Year:        2004  N:         200
 FAILED K-S -- Parm:Time to Peak    Mon:           9  Year:        2004  N:         200
 FAILED K-S -- Parm:Time to Peak    Mon:           9  Year:        2004  N:         200
 FAILED K-S -- Parm:Time to Peak    Mon:           9  Year:        2004  N:         200
 FAILED K-S -- Parm:Time to Peak    Mon:           9  Year:        2004  N:         200
*** ERROR *** Could not produce desired level of quality in
                    << Time to Peak    >> random deviates.
 FAILED K-S -- Parm:Time to Peak    Mon:           9  Year:        2005  N:         205
 FAILED K-S -- Parm:Time to Peak    Mon:           9  Year:        2005  N:         205
 FAILED K-S -- Parm:Time to Peak    Mon:           9  Year:        2005  N:         205
 FAILED K-S -- Parm:Time to Peak    Mon:           9  Year:        2005  N:         205
 FAILED K-S -- Parm:Time to Peak    Mon:           9  Year:        2005  N:         205
*** ERROR *** Could not produce desired level of quality in
                    << Time to Peak    >> random deviates.
 FAILED K-S -- Parm:Time to Peak    Mon:           9  Year:        2006  N:         215
 FAILED K-S -- Parm:Time to Peak    Mon:           9  Year:        2006  N:         215
 FAILED K-S -- Parm:Time to Peak    Mon:           9  Year:        2006  N:         215
 FAILED K-S -- Parm:Time to Peak    Mon:           9  Year:        2006  N:         215
 FAILED K-S -- Parm:Time to Peak    Mon:           9  Year:        2006  N:         215
*** ERROR *** Could not produce desired level of quality in
                    << Time to Peak    >> random deviates.
 Tdew -10 rangecheck executed.
 FAILED K-S -- Parm:Time to Peak    Mon:           9  Year:        2007  N:         230
 FAILED K-S -- Parm:Time to Peak    Mon:           9  Year:        2007  N:         230
 FAILED K-S -- Parm:Time to Peak    Mon:           9  Year:        2007  N:         230
 FAILED K-S -- Parm:Time to Peak    Mon:           9  Year:        2007  N:         230
 FAILED K-S -- Parm:Time to Peak    Mon:           9  Year:        2007  N:         230
*** ERROR *** Could not produce desired level of quality in
                    << Time to Peak    >> random deviates.
 FAILED K-S -- Parm:Time to Peak    Mon:           9  Year:        2008  N:         236
 FAILED K-S -- Parm:Time to Peak    Mon:           9  Year:        2008  N:         236
 FAILED K-S -- Parm:Time to Peak    Mon:           9  Year:        2008  N:         236
 FAILED K-S -- Parm:Time to Peak    Mon:           9  Year:        2008  N:         236
 FAILED K-S -- Parm:Time to Peak    Mon:           9  Year:        2008  N:         236
*** ERROR *** Could not produce desired level of quality in
                    << Time to Peak    >> random deviates.
 FAILED K-S -- Parm:Time to Peak    Mon:           9  Year:        2009  N:         242
 FAILED K-S -- Parm:Time to Peak    Mon:           9  Year:        2009  N:         242
 FAILED K-S -- Parm:Time to Peak    Mon:           9  Year:        2009  N:         242
 FAILED K-S -- Parm:Time to Peak    Mon:           9  Year:        2009  N:         242
 FAILED K-S -- Parm:Time to Peak    Mon:           9  Year:        2009  N:         242
*** ERROR *** Could not produce desired level of quality in
                    << Time to Peak    >> random deviates.
 FAILED K-S -- Parm:Time to Peak    Mon:           9  Year:        2010  N:         256
 FAILED K-S -- Parm:Time to Peak    Mon:           9  Year:        2010  N:         256
 FAILED K-S -- Parm:Time to Peak    Mon:           9  Year:        2010  N:         256
 FAILED K-S -- Parm:Time to Peak    Mon:           9  Year:        2010  N:         256
 FAILED K-S -- Parm:Time to Peak    Mon:           9  Year:        2010  N:         256
*** ERROR *** Could not produce desired level of quality in
                    << Time to Peak    >> random deviates.
 FAILED K-S -- Parm:Time to Peak    Mon:           9  Year:        2011  N:         262
 FAILED K-S -- Parm:Time to Peak    Mon:           9  Year:        2011  N:         262
 FAILED K-S -- Parm:Time to Peak    Mon:           9  Year:        2011  N:         262
 FAILED K-S -- Parm:Time to Peak    Mon:           9  Year:        2011  N:         262
 FAILED K-S -- Parm:Time to Peak    Mon:           9  Year:        2011  N:         262
*** ERROR *** Could not produce desired level of quality in
                    << Time to Peak    >> random deviates.
 FAILED K-S -- Parm:Time to Peak    Mon:           9  Year:        2012  N:         271
 FAILED K-S -- Parm:Time to Peak    Mon:           9  Year:        2012  N:         271
 FAILED K-S -- Parm:Time to Peak    Mon:           9  Year:        2012  N:         271
 FAILED K-S -- Parm:Time to Peak    Mon:           9  Year:        2012  N:         271
 FAILED K-S -- Parm:Time to Peak    Mon:           9  Year:        2012  N:         271
*** ERROR *** Could not produce desired level of quality in
                    << Time to Peak    >> random deviates.
 FAILED K-S -- Parm:Time to Peak    Mon:           9  Year:        2013  N:         279
 FAILED K-S -- Parm:Time to Peak    Mon:           9  Year:        2013  N:         279
 FAILED K-S -- Parm:Time to Peak    Mon:           9  Year:        2013  N:         279
 FAILED K-S -- Parm:Time to Peak    Mon:           9  Year:        2013  N:         279
 FAILED K-S -- Parm:Time to Peak    Mon:           9  Year:        2013  N:         279
*** ERROR *** Could not produce desired level of quality in
                    << Time to Peak    >> random deviates.
 Tdew -10 rangecheck executed.
 FAILED K-S -- Parm:Time to Peak    Mon:           9  Year:        2014  N:         292
 FAILED K-S -- Parm:Time to Peak    Mon:           9  Year:        2014  N:         292
 FAILED K-S -- Parm:Time to Peak    Mon:           9  Year:        2014  N:         292
 FAILED K-S -- Parm:Time to Peak    Mon:           9  Year:        2014  N:         292
 FAILED K-S -- Parm:Time to Peak    Mon:           9  Year:        2014  N:         292
*** ERROR *** Could not produce desired level of quality in
                    << Time to Peak    >> random deviates.
 FAILED K-S -- Parm:Time to Peak    Mon:           9  Year:        2015  N:         297
 FAILED K-S -- Parm:Time to Peak    Mon:           9  Year:        2015  N:         297
 FAILED K-S -- Parm:Time to Peak    Mon:           9  Year:        2015  N:         297
 FAILED K-S -- Parm:Time to Peak    Mon:           9  Year:        2015  N:         297
 FAILED K-S -- Parm:Time to Peak    Mon:           9  Year:        2015  N:         297
*** ERROR *** Could not produce desired level of quality in
                    << Time to Peak    >> random deviates.
 FAILED K-S -- Parm:Time to Peak    Mon:           9  Year:        2016  N:         303
 FAILED K-S -- Parm:Time to Peak    Mon:           9  Year:        2016  N:         303
 FAILED K-S -- Parm:Time to Peak    Mon:           9  Year:        2016  N:         303
 FAILED K-S -- Parm:Time to Peak    Mon:           9  Year:        2016  N:         303
 FAILED K-S -- Parm:Time to Peak    Mon:           9  Year:        2016  N:         303
*** ERROR *** Could not produce desired level of quality in
                    << Time to Peak    >> random deviates.
 FAILED K-S -- Parm:Time to Peak    Mon:           9  Year:        2017  N:         307
 FAILED K-S -- Parm:Time to Peak    Mon:           9  Year:        2017  N:         307
 FAILED K-S -- Parm:Time to Peak    Mon:           9  Year:        2017  N:         307
 FAILED K-S -- Parm:Time to Peak    Mon:           9  Year:        2017  N:         307
At line 3013 of file cligen53.f (unit = 9, file = '0500000US39039.prn')
Fortran runtime error: Sequential READ or WRITE not allowed after EOF marker, possibly use REWIND or BACKSPACE
 FAILED K-S -- Parm:Time to Peak    Mon:           9  Year:        2017  N:         307
*** ERROR *** Could not produce desired level of quality in
                    << Time to Peak    >> random deviates.
