

  ********************************************************************
  *                                                                  *
  *              USDA - WATER EROSION PREDICTION PROJECT             *
  *                 WEPP CLIMATE INPUT DATA GENERATOR                *
  *                                                                  *
  *                    CONTINUOUS SIMULATION AND                     *
  *                       SINGLE STORM OPTIONS                       *
  *                    with Command Line Options,                    *
  *                        and Corrections to                        *
  *                  Rainfall Intensity Calculations                 *
  *                   and Random Number Generation.                  *
  *                                                                  *
  *                          VERSION 5.30000                         *
  *                     Revised from VERSION 4.2                     *
  *                           October 2004                           *
  *                                                                  *
  *           (Use -h or /h to list command line options.)           *
  *                                                                  *
  ********************************************************************


 nv268170.par                                                                                                                                                                                                                                                    
 0500000US32023.prn                                                                                                                                                                                                                                              
 Tdew -10 rangecheck executed.
 Tdew -10 rangecheck executed.
 Tdew -10 rangecheck executed.
 Tdew -10 rangecheck executed.
 Tdew -10 rangecheck executed.
 Tdew -10 rangecheck executed.
 Tdew -10 rangecheck executed.
 Tdew -10 rangecheck executed.
 Tdew -10 rangecheck executed.
 Tdew -10 rangecheck executed.
 Tdew -10 rangecheck executed.
 Tdew -10 rangecheck executed.
 Tdew -10 rangecheck executed.
 Tdew -10 rangecheck executed.
 Tdew -10 rangecheck executed.
 Tdew -10 rangecheck executed.
 Tdew -10 rangecheck executed.
 Tdew -10 rangecheck executed.
 Tdew -10 rangecheck executed.
 Tdew -10 rangecheck executed.
 Tdew -10 rangecheck executed.
 Tdew -10 rangecheck executed.
 Tdew -10 rangecheck executed.
 Tdew -10 rangecheck executed.
 Tdew -10 rangecheck executed.
 Tdew -10 rangecheck executed.
 Tdew -10 rangecheck executed.
 Tdew -10 rangecheck executed.
 Tdew -10 rangecheck executed.
 Tdew -10 rangecheck executed.
 Tdew -10 rangecheck executed.
 Tdew -10 rangecheck executed.
 Tdew -10 rangecheck executed.
 Tdew -10 rangecheck executed.
 Tdew -10 rangecheck executed.
 Tdew -10 rangecheck executed.
 Tdew -10 rangecheck executed.
 Tdew -10 rangecheck executed.
 Tdew -10 rangecheck executed.
 Tdew -10 rangecheck executed.
 Tdew -10 rangecheck executed.
 Tdew -10 rangecheck executed.
 Tdew -10 rangecheck executed.
 Tdew -10 rangecheck executed.
 Tdew -10 rangecheck executed.
 Tdew -10 rangecheck executed.
 Tdew -10 rangecheck executed.
 Tdew -10 rangecheck executed.
 Tdew -10 rangecheck executed.
 Tdew -10 rangecheck executed.
 Tdew -10 rangecheck executed.
 Tdew -10 rangecheck executed.
 Tdew -10 rangecheck executed.
 Tdew -10 rangecheck executed.
 Tdew -10 rangecheck executed.
 Tdew -10 rangecheck executed.
 Tdew -10 rangecheck executed.
 Tdew -10 rangecheck executed.
 Tdew -10 rangecheck executed.
 Tdew -10 rangecheck executed.
 Tdew -10 rangecheck executed.
 Tdew -10 rangecheck executed.
 Tdew -10 rangecheck executed.
 Tdew -10 rangecheck executed.
 Tdew -10 rangecheck executed.
 Tdew -10 rangecheck executed.
 Tdew -10 rangecheck executed.
 Tdew -10 rangecheck executed.
 Tdew -10 rangecheck executed.
 Tdew -10 rangecheck executed.
 Tdew -10 rangecheck executed.
 Tdew -10 rangecheck executed.
 Tdew -10 rangecheck executed.
 Tdew -10 rangecheck executed.
 Tdew -10 rangecheck executed.
 Tdew -10 rangecheck executed.
 Tdew -10 rangecheck executed.
 Tdew -10 rangecheck executed.
 Tdew -10 rangecheck executed.
 Tdew -10 rangecheck executed.
 Tdew -10 rangecheck executed.
 Tdew -10 rangecheck executed.
 Tdew -10 rangecheck executed.
 Tdew -10 rangecheck executed.
 Tdew -10 rangecheck executed.
 Tdew -10 rangecheck executed.
 Tdew -10 rangecheck executed.
 Tdew -10 rangecheck executed.
 Tdew -10 rangecheck executed.
 Tdew -10 rangecheck executed.
 Tdew -10 rangecheck executed.
 Tdew -10 rangecheck executed.
 Tdew -10 rangecheck executed.
 Tdew -10 rangecheck executed.
 Tdew -10 rangecheck executed.
 Tdew -10 rangecheck executed.
 Tdew -10 rangecheck executed.
 Tdew -10 rangecheck executed.
 Tdew -10 rangecheck executed.
 Tdew -10 rangecheck executed.
 Tdew -10 rangecheck executed.
 Tdew -10 rangecheck executed.
 FAILED K-S -- Parm:Time to Peak    Mon:           2  Year:        2003  N:         101
 FAILED K-S -- Parm:Time to Peak    Mon:           2  Year:        2003  N:         101
 FAILED K-S -- Parm:Time to Peak    Mon:           2  Year:        2003  N:         101
 FAILED K-S -- Parm:Time to Peak    Mon:           2  Year:        2003  N:         101
 FAILED K-S -- Parm:Time to Peak    Mon:           2  Year:        2003  N:         101
*** ERROR *** Could not produce desired level of quality in
                    << Time to Peak    >> random deviates.
 FAILED K-S -- Parm:Time to Peak    Mon:           2  Year:        2004  N:         102
 FAILED K-S -- Parm:Time to Peak    Mon:           2  Year:        2004  N:         102
 FAILED K-S -- Parm:Time to Peak    Mon:           2  Year:        2004  N:         102
 FAILED K-S -- Parm:Time to Peak    Mon:           2  Year:        2004  N:         102
 FAILED K-S -- Parm:Time to Peak    Mon:           2  Year:        2004  N:         102
*** ERROR *** Could not produce desired level of quality in
                    << Time to Peak    >> random deviates.
 FAILED K-S -- Parm:Time to Peak    Mon:           2  Year:        2005  N:         106
 FAILED K-S -- Parm:Time to Peak    Mon:           2  Year:        2005  N:         106
 FAILED K-S -- Parm:Time to Peak    Mon:           2  Year:        2005  N:         106
 FAILED K-S -- Parm:Time to Peak    Mon:           2  Year:        2005  N:         106
 FAILED K-S -- Parm:Time to Peak    Mon:           2  Year:        2005  N:         106
*** ERROR *** Could not produce desired level of quality in
                    << Time to Peak    >> random deviates.
 FAILED K-S -- Parm:Time to Peak    Mon:           8  Year:        2005  N:         102
 FAILED K-S -- Parm:Time to Peak    Mon:           8  Year:        2005  N:         102
 FAILED K-S -- Parm:Time to Peak    Mon:           8  Year:        2005  N:         102
 FAILED K-S -- Parm:Time to Peak    Mon:           8  Year:        2005  N:         102
 FAILED K-S -- Parm:Time to Peak    Mon:           8  Year:        2005  N:         102
*** ERROR *** Could not produce desired level of quality in
                    << Time to Peak    >> random deviates.
 FAILED K-S -- Parm:Time to Peak    Mon:           2  Year:        2006  N:         107
 FAILED K-S -- Parm:Time to Peak    Mon:           2  Year:        2006  N:         107
 FAILED K-S -- Parm:Time to Peak    Mon:           2  Year:        2006  N:         107
 FAILED K-S -- Parm:Time to Peak    Mon:           2  Year:        2006  N:         107
 FAILED K-S -- Parm:Time to Peak    Mon:           2  Year:        2006  N:         107
*** ERROR *** Could not produce desired level of quality in
                    << Time to Peak    >> random deviates.
 FAILED K-S -- Parm:Time to Peak    Mon:           8  Year:        2006  N:         108
 FAILED K-S -- Parm:Time to Peak    Mon:           8  Year:        2006  N:         108
 FAILED K-S -- Parm:Time to Peak    Mon:           8  Year:        2006  N:         108
 FAILED K-S -- Parm:Time to Peak    Mon:           8  Year:        2006  N:         108
 FAILED K-S -- Parm:Time to Peak    Mon:           8  Year:        2006  N:         108
*** ERROR *** Could not produce desired level of quality in
                    << Time to Peak    >> random deviates.
 Tdew -10 rangecheck executed.
 FAILED K-S -- Parm:Time to Peak    Mon:           2  Year:        2007  N:         111
 FAILED K-S -- Parm:Time to Peak    Mon:           2  Year:        2007  N:         111
 FAILED K-S -- Parm:Time to Peak    Mon:           2  Year:        2007  N:         111
 FAILED K-S -- Parm:Time to Peak    Mon:           2  Year:        2007  N:         111
 FAILED K-S -- Parm:Time to Peak    Mon:           2  Year:        2007  N:         111
*** ERROR *** Could not produce desired level of quality in
                    << Time to Peak    >> random deviates.
 Tdew -10 rangecheck executed.
 FAILED K-S -- Parm:Time to Peak    Mon:           8  Year:        2007  N:         109
 FAILED K-S -- Parm:Time to Peak    Mon:           8  Year:        2007  N:         109
 FAILED K-S -- Parm:Time to Peak    Mon:           8  Year:        2007  N:         109
 FAILED K-S -- Parm:Time to Peak    Mon:           8  Year:        2007  N:         109
 FAILED K-S -- Parm:Time to Peak    Mon:           8  Year:        2007  N:         109
*** ERROR *** Could not produce desired level of quality in
                    << Time to Peak    >> random deviates.
 FAILED K-S -- Parm:Time to Peak    Mon:           2  Year:        2008  N:         115
 FAILED K-S -- Parm:Time to Peak    Mon:           2  Year:        2008  N:         115
 FAILED K-S -- Parm:Time to Peak    Mon:           2  Year:        2008  N:         115
 FAILED K-S -- Parm:Time to Peak    Mon:           2  Year:        2008  N:         115
 FAILED K-S -- Parm:Time to Peak    Mon:           2  Year:        2008  N:         115
*** ERROR *** Could not produce desired level of quality in
                    << Time to Peak    >> random deviates.
 FAILED K-S -- Parm:Time to Peak    Mon:           8  Year:        2008  N:         110
 FAILED K-S -- Parm:Time to Peak    Mon:           8  Year:        2008  N:         110
 FAILED K-S -- Parm:Time to Peak    Mon:           8  Year:        2008  N:         110
 FAILED K-S -- Parm:Time to Peak    Mon:           8  Year:        2008  N:         110
 FAILED K-S -- Parm:Time to Peak    Mon:           8  Year:        2008  N:         110
*** ERROR *** Could not produce desired level of quality in
                    << Time to Peak    >> random deviates.
 FAILED K-S -- Parm:Time to Peak    Mon:           2  Year:        2009  N:         123
 FAILED K-S -- Parm:Time to Peak    Mon:           2  Year:        2009  N:         123
 FAILED K-S -- Parm:Time to Peak    Mon:           2  Year:        2009  N:         123
 FAILED K-S -- Parm:Time to Peak    Mon:           2  Year:        2009  N:         123
 FAILED K-S -- Parm:Time to Peak    Mon:           2  Year:        2009  N:         123
*** ERROR *** Could not produce desired level of quality in
                    << Time to Peak    >> random deviates.
 Tdew -10 rangecheck executed.
 Tdew -10 rangecheck executed.
 Tdew -10 rangecheck executed.
 FAILED K-S -- Parm:Time to Peak    Mon:           8  Year:        2009  N:         112
 FAILED K-S -- Parm:Time to Peak    Mon:           8  Year:        2009  N:         112
 FAILED K-S -- Parm:Time to Peak    Mon:           8  Year:        2009  N:         112
 FAILED K-S -- Parm:Time to Peak    Mon:           8  Year:        2009  N:         112
 FAILED K-S -- Parm:Time to Peak    Mon:           8  Year:        2009  N:         112
*** ERROR *** Could not produce desired level of quality in
                    << Time to Peak    >> random deviates.
 Tdew -10 rangecheck executed.
 Tdew -10 rangecheck executed.
 Tdew -10 rangecheck executed.
 FAILED K-S -- Parm:Time to Peak    Mon:           2  Year:        2010  N:         125
 FAILED K-S -- Parm:Time to Peak    Mon:           2  Year:        2010  N:         125
 FAILED K-S -- Parm:Time to Peak    Mon:           2  Year:        2010  N:         125
 FAILED K-S -- Parm:Time to Peak    Mon:           2  Year:        2010  N:         125
 FAILED K-S -- Parm:Time to Peak    Mon:           2  Year:        2010  N:         125
*** ERROR *** Could not produce desired level of quality in
                    << Time to Peak    >> random deviates.
 FAILED K-S -- Parm:Time to Peak    Mon:           8  Year:        2010  N:         115
 FAILED K-S -- Parm:Time to Peak    Mon:           8  Year:        2010  N:         115
 FAILED K-S -- Parm:Time to Peak    Mon:           8  Year:        2010  N:         115
 FAILED K-S -- Parm:Time to Peak    Mon:           8  Year:        2010  N:         115
 FAILED K-S -- Parm:Time to Peak    Mon:           8  Year:        2010  N:         115
*** ERROR *** Could not produce desired level of quality in
                    << Time to Peak    >> random deviates.
 Tdew -10 rangecheck executed.
 FAILED K-S -- Parm:Time to Peak    Mon:           2  Year:        2011  N:         130
 FAILED K-S -- Parm:Time to Peak    Mon:           2  Year:        2011  N:         130
 FAILED K-S -- Parm:Time to Peak    Mon:           2  Year:        2011  N:         130
 FAILED K-S -- Parm:Time to Peak    Mon:           2  Year:        2011  N:         130
 FAILED K-S -- Parm:Time to Peak    Mon:           2  Year:        2011  N:         130
*** ERROR *** Could not produce desired level of quality in
                    << Time to Peak    >> random deviates.
 FAILED K-S -- Parm:Time to Peak    Mon:           8  Year:        2011  N:         117
 FAILED K-S -- Parm:Time to Peak    Mon:           8  Year:        2011  N:         117
 FAILED K-S -- Parm:Time to Peak    Mon:           8  Year:        2011  N:         117
 FAILED K-S -- Parm:Time to Peak    Mon:           8  Year:        2011  N:         117
 FAILED K-S -- Parm:Time to Peak    Mon:           8  Year:        2011  N:         117
*** ERROR *** Could not produce desired level of quality in
                    << Time to Peak    >> random deviates.
 FAILED K-S -- Parm:Time to Peak    Mon:           2  Year:        2012  N:         134
 FAILED K-S -- Parm:Time to Peak    Mon:           2  Year:        2012  N:         134
 FAILED K-S -- Parm:Time to Peak    Mon:           2  Year:        2012  N:         134
 FAILED K-S -- Parm:Time to Peak    Mon:           2  Year:        2012  N:         134
 FAILED K-S -- Parm:Time to Peak    Mon:           2  Year:        2012  N:         134
*** ERROR *** Could not produce desired level of quality in
                    << Time to Peak    >> random deviates.
 FAILED K-S -- Parm:Time to Peak    Mon:           8  Year:        2012  N:         118
 FAILED K-S -- Parm:Time to Peak    Mon:           8  Year:        2012  N:         118
 FAILED K-S -- Parm:Time to Peak    Mon:           8  Year:        2012  N:         118
 FAILED K-S -- Parm:Time to Peak    Mon:           8  Year:        2012  N:         118
 FAILED K-S -- Parm:Time to Peak    Mon:           8  Year:        2012  N:         118
*** ERROR *** Could not produce desired level of quality in
                    << Time to Peak    >> random deviates.
 FAILED K-S -- Parm:Time to Peak    Mon:           2  Year:        2013  N:         138
 FAILED K-S -- Parm:Time to Peak    Mon:           2  Year:        2013  N:         138
 FAILED K-S -- Parm:Time to Peak    Mon:           2  Year:        2013  N:         138
 FAILED K-S -- Parm:Time to Peak    Mon:           2  Year:        2013  N:         138
 FAILED K-S -- Parm:Time to Peak    Mon:           2  Year:        2013  N:         138
*** ERROR *** Could not produce desired level of quality in
                    << Time to Peak    >> random deviates.
 FAILED K-S -- Parm:Time to Peak    Mon:           8  Year:        2013  N:         119
 FAILED K-S -- Parm:Time to Peak    Mon:           8  Year:        2013  N:         119
 FAILED K-S -- Parm:Time to Peak    Mon:           8  Year:        2013  N:         119
 FAILED K-S -- Parm:Time to Peak    Mon:           8  Year:        2013  N:         119
 FAILED K-S -- Parm:Time to Peak    Mon:           8  Year:        2013  N:         119
*** ERROR *** Could not produce desired level of quality in
                    << Time to Peak    >> random deviates.
 Tdew -10 rangecheck executed.
 Tdew -10 rangecheck executed.
 FAILED K-S -- Parm:Time to Peak    Mon:           2  Year:        2014  N:         143
 FAILED K-S -- Parm:Time to Peak    Mon:           2  Year:        2014  N:         143
 FAILED K-S -- Parm:Time to Peak    Mon:           2  Year:        2014  N:         143
 FAILED K-S -- Parm:Time to Peak    Mon:           2  Year:        2014  N:         143
 FAILED K-S -- Parm:Time to Peak    Mon:           2  Year:        2014  N:         143
*** ERROR *** Could not produce desired level of quality in
                    << Time to Peak    >> random deviates.
 Failed SN SD test.
 Parm:Precip. Amt.    Month:           7  Year:        2014  Mlevel=   10.0000000      SDlevel=   51.9236221      Days:         101
 Failed SN SD test.
 Parm:Precip. Amt.    Month:           7  Year:        2014  Mlevel=   10.0000000      SDlevel=   51.8886337      Days:         101
 Failed SN SD test.
 Parm:Precip. Amt.    Month:           7  Year:        2014  Mlevel=   10.0000000      SDlevel=   51.9231567      Days:         101
 Failed SN SD test.
 Parm:Precip. Amt.    Month:           7  Year:        2014  Mlevel=   10.0000000      SDlevel=   51.9417763      Days:         101
 Failed SN SD test.
 Parm:Precip. Amt.    Month:           7  Year:        2014  Mlevel=   10.0000000      SDlevel=   51.9432182      Days:         101
*** ERROR *** Could not produce desired level of quality in
                    << Precip. Amt.    >> random deviates.
 FAILED K-S -- Parm:Time to Peak    Mon:           8  Year:        2014  N:         122
 FAILED K-S -- Parm:Time to Peak    Mon:           8  Year:        2014  N:         122
 FAILED K-S -- Parm:Time to Peak    Mon:           8  Year:        2014  N:         122
 FAILED K-S -- Parm:Time to Peak    Mon:           8  Year:        2014  N:         122
 FAILED K-S -- Parm:Time to Peak    Mon:           8  Year:        2014  N:         122
*** ERROR *** Could not produce desired level of quality in
                    << Time to Peak    >> random deviates.
 FAILED K-S -- Parm:Time to Peak    Mon:           2  Year:        2015  N:         151
 FAILED K-S -- Parm:Time to Peak    Mon:           2  Year:        2015  N:         151
 FAILED K-S -- Parm:Time to Peak    Mon:           2  Year:        2015  N:         151
 FAILED K-S -- Parm:Time to Peak    Mon:           2  Year:        2015  N:         151
 FAILED K-S -- Parm:Time to Peak    Mon:           2  Year:        2015  N:         151
*** ERROR *** Could not produce desired level of quality in
                    << Time to Peak    >> random deviates.
 FAILED K-S -- Parm:Time to Peak    Mon:           8  Year:        2015  N:         126
 FAILED K-S -- Parm:Time to Peak    Mon:           8  Year:        2015  N:         126
 FAILED K-S -- Parm:Time to Peak    Mon:           8  Year:        2015  N:         126
 FAILED K-S -- Parm:Time to Peak    Mon:           8  Year:        2015  N:         126
 FAILED K-S -- Parm:Time to Peak    Mon:           8  Year:        2015  N:         126
*** ERROR *** Could not produce desired level of quality in
                    << Time to Peak    >> random deviates.
 Failed SN SD test.
 Parm:Precip. Amt.    Month:           9  Year:        2015  Mlevel=   30.0000000      SDlevel=   51.3327827      Days:          91
 Failed SN SD test.
 Parm:Precip. Amt.    Month:           9  Year:        2015  Mlevel=   30.0000000      SDlevel=   50.5336761      Days:          91
 Failed SN SD test.
 Parm:Precip. Amt.    Month:           9  Year:        2015  Mlevel=   30.0000000      SDlevel=   52.2082329      Days:          91
 Failed SN SD test.
 Parm:Precip. Amt.    Month:           9  Year:        2015  Mlevel=   30.0000000      SDlevel=   51.2066002      Days:          91
 Failed SN SD test.
 Parm:Precip. Amt.    Month:           9  Year:        2015  Mlevel=   20.0000000      SDlevel=   53.1516685      Days:          91
*** ERROR *** Could not produce desired level of quality in
                    << Precip. Amt.    >> random deviates.
 Tdew -10 rangecheck executed.
 FAILED K-S -- Parm:Time to Peak    Mon:           2  Year:        2016  N:         152
At line 3013 of file cligen53.f (unit = 9, file = '0500000US32023.prn')
Fortran runtime error: Sequential READ or WRITE not allowed after EOF marker, possibly use REWIND or BACKSPACE
 FAILED K-S -- Parm:Time to Peak    Mon:           2  Year:        2016  N:         152
 FAILED K-S -- Parm:Time to Peak    Mon:           2  Year:        2016  N:         152
 FAILED K-S -- Parm:Time to Peak    Mon:           2  Year:        2016  N:         152
 FAILED K-S -- Parm:Time to Peak    Mon:           2  Year:        2016  N:         152
*** ERROR *** Could not produce desired level of quality in
                    << Time to Peak    >> random deviates.
 FAILED K-S -- Parm:Time to Peak    Mon:           8  Year:        2016  N:         128
 FAILED K-S -- Parm:Time to Peak    Mon:           8  Year:        2016  N:         128
 FAILED K-S -- Parm:Time to Peak    Mon:           8  Year:        2016  N:         128
 FAILED K-S -- Parm:Time to Peak    Mon:           8  Year:        2016  N:         128
 FAILED K-S -- Parm:Time to Peak    Mon:           8  Year:        2016  N:         128
*** ERROR *** Could not produce desired level of quality in
                    << Time to Peak    >> random deviates.
 FAILED K-S -- Parm:Time to Peak    Mon:           2  Year:        2017  N:         159
 FAILED K-S -- Parm:Time to Peak    Mon:           2  Year:        2017  N:         159
 FAILED K-S -- Parm:Time to Peak    Mon:           2  Year:        2017  N:         159
 FAILED K-S -- Parm:Time to Peak    Mon:           2  Year:        2017  N:         159
 FAILED K-S -- Parm:Time to Peak    Mon:           2  Year:        2017  N:         159
*** ERROR *** Could not produce desired level of quality in
                    << Time to Peak    >> random deviates.
 FAILED K-S -- Parm:Time to Peak    Mon:           8  Year:        2017  N:         129
 FAILED K-S -- Parm:Time to Peak    Mon:           8  Year:        2017  N:         129
 FAILED K-S -- Parm:Time to Peak    Mon:           8  Year:        2017  N:         129
 FAILED K-S -- Parm:Time to Peak    Mon:           8  Year:        2017  N:         129
 FAILED K-S -- Parm:Time to Peak    Mon:           8  Year:        2017  N:         129
*** ERROR *** Could not produce desired level of quality in
                    << Time to Peak    >> random deviates.
