

  ********************************************************************
  *                                                                  *
  *              USDA - WATER EROSION PREDICTION PROJECT             *
  *                 WEPP CLIMATE INPUT DATA GENERATOR                *
  *                                                                  *
  *                    CONTINUOUS SIMULATION AND                     *
  *                       SINGLE STORM OPTIONS                       *
  *                    with Command Line Options,                    *
  *                        and Corrections to                        *
  *                  Rainfall Intensity Calculations                 *
  *                   and Random Number Generation.                  *
  *                                                                  *
  *                          VERSION 5.30000                         *
  *                     Revised from VERSION 4.2                     *
  *                           October 2004                           *
  *                                                                  *
  *           (Use -h or /h to list command line options.)           *
  *                                                                  *
  ********************************************************************


 tx412464.par                                                                                                                                                                                                                                                    
 0500000US48069.prn                                                                                                                                                                                                                                              
 Failed SN SD test.
 Parm:Precip. Amt.    Month:           4  Year:        1989  Mlevel=   20.0000000      SDlevel=   52.4036865      Days:          46
 Failed SN SD test.
 Parm:Precip. Amt.    Month:           4  Year:        1989  Mlevel=   20.0000000      SDlevel=   52.3609161      Days:          46
 Failed SN SD test.
 Parm:Precip. Amt.    Month:           4  Year:        1989  Mlevel=   20.0000000      SDlevel=   52.4494400      Days:          46
 Failed SN SD test.
 Parm:Precip. Amt.    Month:           4  Year:        1989  Mlevel=   20.0000000      SDlevel=   52.4294357      Days:          46
 Failed SN SD test.
 Parm:Precip. Amt.    Month:           4  Year:        1989  Mlevel=   20.0000000      SDlevel=   52.3348923      Days:          46
*** ERROR *** Could not produce desired level of quality in
                    << Precip. Amt.    >> random deviates.
 Tdew -10 rangecheck executed.
 FAILED K-S -- Parm:Precip. Amt.    Mon:          12  Year:        2003  N:         101
 FAILED K-S -- Parm:Precip. Amt.    Mon:          12  Year:        2003  N:         101
 FAILED K-S -- Parm:Precip. Amt.    Mon:          12  Year:        2003  N:         101
 FAILED K-S -- Parm:Precip. Amt.    Mon:          12  Year:        2003  N:         101
 FAILED K-S -- Parm:Precip. Amt.    Mon:          12  Year:        2003  N:         101
*** ERROR *** Could not produce desired level of quality in
                    << Precip. Amt.    >> random deviates.
 FAILED K-S -- Parm:Precip. Amt.    Mon:          12  Year:        2004  N:         105
 FAILED K-S -- Parm:Precip. Amt.    Mon:          12  Year:        2004  N:         105
 FAILED K-S -- Parm:Precip. Amt.    Mon:          12  Year:        2004  N:         105
 FAILED K-S -- Parm:Precip. Amt.    Mon:          12  Year:        2004  N:         105
 FAILED K-S -- Parm:Precip. Amt.    Mon:          12  Year:        2004  N:         105
*** ERROR *** Could not produce desired level of quality in
                    << Precip. Amt.    >> random deviates.
 Failed SN Mean test.
 Parm:Temp. Dew Pt.   Month:          12  Year:        2004  Mlevel=   60.0000000      SDlevel=   42.5746689      Days:         775
 FAILED K-S -- Parm:Precip. Amt.    Mon:          12  Year:        2005  N:         111
 FAILED K-S -- Parm:Precip. Amt.    Mon:          12  Year:        2005  N:         111
 FAILED K-S -- Parm:Precip. Amt.    Mon:          12  Year:        2005  N:         111
 FAILED K-S -- Parm:Precip. Amt.    Mon:          12  Year:        2005  N:         111
 FAILED K-S -- Parm:Precip. Amt.    Mon:          12  Year:        2005  N:         111
*** ERROR *** Could not produce desired level of quality in
                    << Precip. Amt.    >> random deviates.
 Failed SN Mean test.
 Failed SN SD test.
 Parm:Temp. Dew Pt.   Month:          12  Year:        2005  Mlevel=   60.0000000      SDlevel=   74.0123444      Days:         806
 FAILED K-S -- Parm:Precip. Amt.    Mon:          12  Year:        2006  N:         117
 FAILED K-S -- Parm:Precip. Amt.    Mon:          12  Year:        2006  N:         117
 FAILED K-S -- Parm:Precip. Amt.    Mon:          12  Year:        2006  N:         117
 FAILED K-S -- Parm:Precip. Amt.    Mon:          12  Year:        2006  N:         117
 FAILED K-S -- Parm:Precip. Amt.    Mon:          12  Year:        2006  N:         117
*** ERROR *** Could not produce desired level of quality in
                    << Precip. Amt.    >> random deviates.
 Failed SN Mean test.
 Failed SN SD test.
 Parm:Temp. Dew Pt.   Month:          12  Year:        2006  Mlevel=   60.0000000      SDlevel=   96.2117615      Days:         837
 FAILED K-S -- Parm:Precip. Amt.    Mon:          12  Year:        2007  N:         124
 FAILED K-S -- Parm:Precip. Amt.    Mon:          12  Year:        2007  N:         124
 FAILED K-S -- Parm:Precip. Amt.    Mon:          12  Year:        2007  N:         124
 FAILED K-S -- Parm:Precip. Amt.    Mon:          12  Year:        2007  N:         124
 FAILED K-S -- Parm:Precip. Amt.    Mon:          12  Year:        2007  N:         124
*** ERROR *** Could not produce desired level of quality in
                    << Precip. Amt.    >> random deviates.
 Failed SN SD test.
 Parm:Temp. Dew Pt.   Month:          12  Year:        2007  Mlevel=   20.0000000      SDlevel=   99.7404556      Days:         868
 FAILED K-S -- Parm:Time to Peak    Mon:          12  Year:        2007  N:         124
 FAILED K-S -- Parm:Precip. Amt.    Mon:          12  Year:        2008  N:         129
 FAILED K-S -- Parm:Precip. Amt.    Mon:          12  Year:        2008  N:         129
 FAILED K-S -- Parm:Precip. Amt.    Mon:          12  Year:        2008  N:         129
 FAILED K-S -- Parm:Precip. Amt.    Mon:          12  Year:        2008  N:         129
 FAILED K-S -- Parm:Precip. Amt.    Mon:          12  Year:        2008  N:         129
*** ERROR *** Could not produce desired level of quality in
                    << Precip. Amt.    >> random deviates.
 Failed SN SD test.
 Parm:Temp. Dew Pt.   Month:          12  Year:        2008  Mlevel=   40.0000000      SDlevel=   99.9921646      Days:         899
 FAILED K-S -- Parm:Precip. Amt.    Mon:          12  Year:        2009  N:         131
 FAILED K-S -- Parm:Precip. Amt.    Mon:          12  Year:        2009  N:         131
 FAILED K-S -- Parm:Precip. Amt.    Mon:          12  Year:        2009  N:         131
 FAILED K-S -- Parm:Precip. Amt.    Mon:          12  Year:        2009  N:         131
 FAILED K-S -- Parm:Precip. Amt.    Mon:          12  Year:        2009  N:         131
*** ERROR *** Could not produce desired level of quality in
                    << Precip. Amt.    >> random deviates.
 Failed SN SD test.
 Parm:Temp. Dew Pt.   Month:          12  Year:        2009  Mlevel=   40.0000000      SDlevel=   99.9987640      Days:         930
 FAILED K-S -- Parm:Precip. Amt.    Mon:          12  Year:        2010  N:         134
 FAILED K-S -- Parm:Precip. Amt.    Mon:          12  Year:        2010  N:         134
 FAILED K-S -- Parm:Precip. Amt.    Mon:          12  Year:        2010  N:         134
 FAILED K-S -- Parm:Precip. Amt.    Mon:          12  Year:        2010  N:         134
 FAILED K-S -- Parm:Precip. Amt.    Mon:          12  Year:        2010  N:         134
*** ERROR *** Could not produce desired level of quality in
                    << Precip. Amt.    >> random deviates.
 Failed SN SD test.
 Parm:Temp. Dew Pt.   Month:          12  Year:        2010  Mlevel=   50.0000000      SDlevel=   99.9998245      Days:         961
 FAILED K-S -- Parm:Time to Peak    Mon:          12  Year:        2010  N:         127
 Tdew -10 rangecheck executed.
 FAILED K-S -- Parm:Precip. Amt.    Mon:          12  Year:        2011  N:         142
 FAILED K-S -- Parm:Precip. Amt.    Mon:          12  Year:        2011  N:         142
 FAILED K-S -- Parm:Precip. Amt.    Mon:          12  Year:        2011  N:         142
 FAILED K-S -- Parm:Precip. Amt.    Mon:          12  Year:        2011  N:         142
 FAILED K-S -- Parm:Precip. Amt.    Mon:          12  Year:        2011  N:         142
*** ERROR *** Could not produce desired level of quality in
                    << Precip. Amt.    >> random deviates.
 Failed SN SD test.
 Parm:Temp. Dew Pt.   Month:          12  Year:        2011  Mlevel=   30.0000000      SDlevel=   100.000000      Days:         992
 FAILED K-S -- Parm:Precip. Amt.    Mon:          12  Year:        2012  N:         150
 FAILED K-S -- Parm:Precip. Amt.    Mon:          12  Year:        2012  N:         150
 FAILED K-S -- Parm:Precip. Amt.    Mon:          12  Year:        2012  N:         150
 FAILED K-S -- Parm:Precip. Amt.    Mon:          12  Year:        2012  N:         150
 FAILED K-S -- Parm:Precip. Amt.    Mon:          12  Year:        2012  N:         150
*** ERROR *** Could not produce desired level of quality in
                    << Precip. Amt.    >> random deviates.
 Failed SN SD test.
 Parm:Temp. Dew Pt.   Month:          12  Year:        2012  Mlevel=   30.0000000      SDlevel=   100.000000      Days:        1023
 FAILED K-S -- Parm:Time to Peak    Mon:          12  Year:        2012  N:         140
 FAILED K-S -- Parm:Precip. Amt.    Mon:          12  Year:        2013  N:         151
 FAILED K-S -- Parm:Precip. Amt.    Mon:          12  Year:        2013  N:         151
 FAILED K-S -- Parm:Precip. Amt.    Mon:          12  Year:        2013  N:         151
 FAILED K-S -- Parm:Precip. Amt.    Mon:          12  Year:        2013  N:         151
 FAILED K-S -- Parm:Precip. Amt.    Mon:          12  Year:        2013  N:         151
*** ERROR *** Could not produce desired level of quality in
                    << Precip. Amt.    >> random deviates.
 Failed SN SD test.
 Parm:Temp. Dew Pt.   Month:          12  Year:        2013  Mlevel=   40.0000000      SDlevel=   100.000000      Days:        1054
 FAILED K-S -- Parm:Precip. Amt.    Mon:          12  Year:        2014  N:         153
 FAILED K-S -- Parm:Precip. Amt.    Mon:          12  Year:        2014  N:         153
 FAILED K-S -- Parm:Precip. Amt.    Mon:          12  Year:        2014  N:         153
 FAILED K-S -- Parm:Precip. Amt.    Mon:          12  Year:        2014  N:         153
 FAILED K-S -- Parm:Precip. Amt.    Mon:          12  Year:        2014  N:         153
*** ERROR *** Could not produce desired level of quality in
                    << Precip. Amt.    >> random deviates.
 Failed SN SD test.
 Parm:Temp. Dew Pt.   Month:          12  Year:        2014  Mlevel=   40.0000000      SDlevel=   100.000000      Days:        1085
 FAILED K-S -- Parm:Precip. Amt.    Mon:          12  Year:        2015  N:         162
 FAILED K-S -- Parm:Precip. Amt.    Mon:          12  Year:        2015  N:         162
 FAILED K-S -- Parm:Precip. Amt.    Mon:          12  Year:        2015  N:         162
 FAILED K-S -- Parm:Precip. Amt.    Mon:          12  Year:        2015  N:         162
 FAILED K-S -- Parm:Precip. Amt.    Mon:          12  Year:        2015  N:         162
*** ERROR *** Could not produce desired level of quality in
                    << Precip. Amt.    >> random deviates.
 Failed SN SD test.
 Parm:Temp. Dew Pt.   Month:          12  Year:        2015  Mlevel=   30.0000000      SDlevel=   100.000000      Days:        1116
 FAILED K-S -- Parm:Precip. Amt.    Mon:          12  Year:        2016  N:         167
 FAILED K-S -- Parm:Precip. Amt.    Mon:          12  Year:        2016  N:         167
At line 3013 of file cligen53.f (unit = 9, file = '0500000US48069.prn')
Fortran runtime error: Sequential READ or WRITE not allowed after EOF marker, possibly use REWIND or BACKSPACE
 FAILED K-S -- Parm:Precip. Amt.    Mon:          12  Year:        2016  N:         167
 FAILED K-S -- Parm:Precip. Amt.    Mon:          12  Year:        2016  N:         167
 FAILED K-S -- Parm:Precip. Amt.    Mon:          12  Year:        2016  N:         167
*** ERROR *** Could not produce desired level of quality in
                    << Precip. Amt.    >> random deviates.
 Failed SN SD test.
 Parm:Temp. Dew Pt.   Month:          12  Year:        2016  Mlevel=   20.0000000      SDlevel=   100.000000      Days:        1147
 Tdew -10 rangecheck executed.
 FAILED K-S -- Parm:Precip. Amt.    Mon:          12  Year:        2017  N:         168
 FAILED K-S -- Parm:Precip. Amt.    Mon:          12  Year:        2017  N:         168
 FAILED K-S -- Parm:Precip. Amt.    Mon:          12  Year:        2017  N:         168
 FAILED K-S -- Parm:Precip. Amt.    Mon:          12  Year:        2017  N:         168
 FAILED K-S -- Parm:Precip. Amt.    Mon:          12  Year:        2017  N:         168
*** ERROR *** Could not produce desired level of quality in
                    << Precip. Amt.    >> random deviates.
 FAILED K-S -- Parm:Wind Dir.       Mon:          12  Year:        2017  N:        1178
 Failed SN SD test.
 Parm:Temp. Dew Pt.   Month:          12  Year:        2017  Mlevel=   40.0000000      SDlevel=   100.000000      Days:        1178
