

  ********************************************************************
  *                                                                  *
  *              USDA - WATER EROSION PREDICTION PROJECT             *
  *                 WEPP CLIMATE INPUT DATA GENERATOR                *
  *                                                                  *
  *                    CONTINUOUS SIMULATION AND                     *
  *                       SINGLE STORM OPTIONS                       *
  *                    with Command Line Options,                    *
  *                        and Corrections to                        *
  *                  Rainfall Intensity Calculations                 *
  *                   and Random Number Generation.                  *
  *                                                                  *
  *                          VERSION 5.30000                         *
  *                     Revised from VERSION 4.2                     *
  *                           October 2004                           *
  *                                                                  *
  *           (Use -h or /h to list command line options.)           *
  *                                                                  *
  ********************************************************************


 la163433.par                                                                                                                                                                                                                                                    
 0500000US22057.prn                                                                                                                                                                                                                                              
 FAILED K-S -- Parm:Precip. Amt.    Mon:           8  Year:        1986  N:         104
 FAILED K-S -- Parm:Precip. Amt.    Mon:           8  Year:        1986  N:         104
 FAILED K-S -- Parm:Precip. Amt.    Mon:           8  Year:        1986  N:         104
 FAILED K-S -- Parm:Precip. Amt.    Mon:           8  Year:        1986  N:         104
 FAILED K-S -- Parm:Precip. Amt.    Mon:           8  Year:        1986  N:         104
*** ERROR *** Could not produce desired level of quality in
                    << Precip. Amt.    >> random deviates.
 FAILED K-S -- Parm:Precip. Amt.    Mon:           9  Year:        1991  N:         101
 FAILED K-S -- Parm:Precip. Amt.    Mon:           9  Year:        1991  N:         101
 FAILED K-S -- Parm:Precip. Amt.    Mon:           9  Year:        1991  N:         101
 FAILED K-S -- Parm:Precip. Amt.    Mon:           9  Year:        1991  N:         101
 FAILED K-S -- Parm:Precip. Amt.    Mon:           9  Year:        1991  N:         101
*** ERROR *** Could not produce desired level of quality in
                    << Precip. Amt.    >> random deviates.
 FAILED K-S -- Parm:Precip. Amt.    Mon:           9  Year:        1992  N:         109
 FAILED K-S -- Parm:Precip. Amt.    Mon:           9  Year:        1992  N:         109
 FAILED K-S -- Parm:Precip. Amt.    Mon:           9  Year:        1992  N:         109
 FAILED K-S -- Parm:Precip. Amt.    Mon:           9  Year:        1992  N:         109
 FAILED K-S -- Parm:Precip. Amt.    Mon:           9  Year:        1992  N:         109
*** ERROR *** Could not produce desired level of quality in
                    << Precip. Amt.    >> random deviates.
 FAILED K-S -- Parm:Precip. Amt.    Mon:           9  Year:        1993  N:         119
 FAILED K-S -- Parm:Precip. Amt.    Mon:           9  Year:        1993  N:         119
 FAILED K-S -- Parm:Precip. Amt.    Mon:           9  Year:        1993  N:         119
 FAILED K-S -- Parm:Precip. Amt.    Mon:           9  Year:        1993  N:         119
 FAILED K-S -- Parm:Precip. Amt.    Mon:           9  Year:        1993  N:         119
*** ERROR *** Could not produce desired level of quality in
                    << Precip. Amt.    >> random deviates.
 FAILED K-S -- Parm:Precip. Amt.    Mon:           9  Year:        1994  N:         133
 FAILED K-S -- Parm:Precip. Amt.    Mon:           9  Year:        1994  N:         133
 FAILED K-S -- Parm:Precip. Amt.    Mon:           9  Year:        1994  N:         133
 FAILED K-S -- Parm:Precip. Amt.    Mon:           9  Year:        1994  N:         133
 FAILED K-S -- Parm:Precip. Amt.    Mon:           9  Year:        1994  N:         133
*** ERROR *** Could not produce desired level of quality in
                    << Precip. Amt.    >> random deviates.
 Failed SN SD test.
 Parm:Temp. Dew Pt.   Month:           9  Year:        1994  Mlevel=   10.0000000      SDlevel=   52.6736374      Days:         450
 FAILED K-S -- Parm:Time to Peak    Mon:           9  Year:        1994  N:         133
 FAILED K-S -- Parm:Precip. Amt.    Mon:           9  Year:        1995  N:         140
 FAILED K-S -- Parm:Precip. Amt.    Mon:           9  Year:        1995  N:         140
 FAILED K-S -- Parm:Precip. Amt.    Mon:           9  Year:        1995  N:         140
 FAILED K-S -- Parm:Precip. Amt.    Mon:           9  Year:        1995  N:         140
 FAILED K-S -- Parm:Precip. Amt.    Mon:           9  Year:        1995  N:         140
*** ERROR *** Could not produce desired level of quality in
                    << Precip. Amt.    >> random deviates.
 FAILED K-S -- Parm:Precip. Amt.    Mon:           9  Year:        1996  N:         149
 FAILED K-S -- Parm:Precip. Amt.    Mon:           9  Year:        1996  N:         149
 FAILED K-S -- Parm:Precip. Amt.    Mon:           9  Year:        1996  N:         149
 FAILED K-S -- Parm:Precip. Amt.    Mon:           9  Year:        1996  N:         149
 FAILED K-S -- Parm:Precip. Amt.    Mon:           9  Year:        1996  N:         149
*** ERROR *** Could not produce desired level of quality in
                    << Precip. Amt.    >> random deviates.
 FAILED K-S -- Parm:Precip. Amt.    Mon:           9  Year:        1997  N:         161
 FAILED K-S -- Parm:Precip. Amt.    Mon:           9  Year:        1997  N:         161
 FAILED K-S -- Parm:Precip. Amt.    Mon:           9  Year:        1997  N:         161
 FAILED K-S -- Parm:Precip. Amt.    Mon:           9  Year:        1997  N:         161
 FAILED K-S -- Parm:Precip. Amt.    Mon:           9  Year:        1997  N:         161
*** ERROR *** Could not produce desired level of quality in
                    << Precip. Amt.    >> random deviates.
 FAILED K-S -- Parm:Precip. Amt.    Mon:           9  Year:        1998  N:         165
 FAILED K-S -- Parm:Precip. Amt.    Mon:           9  Year:        1998  N:         165
 FAILED K-S -- Parm:Precip. Amt.    Mon:           9  Year:        1998  N:         165
 FAILED K-S -- Parm:Precip. Amt.    Mon:           9  Year:        1998  N:         165
 FAILED K-S -- Parm:Precip. Amt.    Mon:           9  Year:        1998  N:         165
*** ERROR *** Could not produce desired level of quality in
                    << Precip. Amt.    >> random deviates.
 FAILED K-S -- Parm:Precip. Amt.    Mon:           9  Year:        1999  N:         177
 FAILED K-S -- Parm:Precip. Amt.    Mon:           9  Year:        1999  N:         177
 FAILED K-S -- Parm:Precip. Amt.    Mon:           9  Year:        1999  N:         177
 FAILED K-S -- Parm:Precip. Amt.    Mon:           9  Year:        1999  N:         177
 FAILED K-S -- Parm:Precip. Amt.    Mon:           9  Year:        1999  N:         177
*** ERROR *** Could not produce desired level of quality in
                    << Precip. Amt.    >> random deviates.
 FAILED K-S -- Parm:Precip. Amt.    Mon:           9  Year:        2000  N:         190
 FAILED K-S -- Parm:Precip. Amt.    Mon:           9  Year:        2000  N:         190
 FAILED K-S -- Parm:Precip. Amt.    Mon:           9  Year:        2000  N:         190
 FAILED K-S -- Parm:Precip. Amt.    Mon:           9  Year:        2000  N:         190
 FAILED K-S -- Parm:Precip. Amt.    Mon:           9  Year:        2000  N:         190
*** ERROR *** Could not produce desired level of quality in
                    << Precip. Amt.    >> random deviates.
 FAILED K-S -- Parm:Precip. Amt.    Mon:           9  Year:        2001  N:         197
 FAILED K-S -- Parm:Precip. Amt.    Mon:           9  Year:        2001  N:         197
 FAILED K-S -- Parm:Precip. Amt.    Mon:           9  Year:        2001  N:         197
 FAILED K-S -- Parm:Precip. Amt.    Mon:           9  Year:        2001  N:         197
 FAILED K-S -- Parm:Precip. Amt.    Mon:           9  Year:        2001  N:         197
*** ERROR *** Could not produce desired level of quality in
                    << Precip. Amt.    >> random deviates.
 FAILED K-S -- Parm:Precip. Amt.    Mon:           9  Year:        2002  N:         208
 FAILED K-S -- Parm:Precip. Amt.    Mon:           9  Year:        2002  N:         208
 FAILED K-S -- Parm:Precip. Amt.    Mon:           9  Year:        2002  N:         208
 FAILED K-S -- Parm:Precip. Amt.    Mon:           9  Year:        2002  N:         208
 FAILED K-S -- Parm:Precip. Amt.    Mon:           9  Year:        2002  N:         208
*** ERROR *** Could not produce desired level of quality in
                    << Precip. Amt.    >> random deviates.
 FAILED K-S -- Parm:Precip. Amt.    Mon:           9  Year:        2003  N:         215
 FAILED K-S -- Parm:Precip. Amt.    Mon:           9  Year:        2003  N:         215
 FAILED K-S -- Parm:Precip. Amt.    Mon:           9  Year:        2003  N:         215
 FAILED K-S -- Parm:Precip. Amt.    Mon:           9  Year:        2003  N:         215
 FAILED K-S -- Parm:Precip. Amt.    Mon:           9  Year:        2003  N:         215
*** ERROR *** Could not produce desired level of quality in
                    << Precip. Amt.    >> random deviates.
 FAILED K-S -- Parm:Precip. Amt.    Mon:           9  Year:        2004  N:         225
 FAILED K-S -- Parm:Precip. Amt.    Mon:           9  Year:        2004  N:         225
 FAILED K-S -- Parm:Precip. Amt.    Mon:           9  Year:        2004  N:         225
 FAILED K-S -- Parm:Precip. Amt.    Mon:           9  Year:        2004  N:         225
 FAILED K-S -- Parm:Precip. Amt.    Mon:           9  Year:        2004  N:         225
*** ERROR *** Could not produce desired level of quality in
                    << Precip. Amt.    >> random deviates.
 FAILED K-S -- Parm:Precip. Amt.    Mon:           9  Year:        2005  N:         230
 FAILED K-S -- Parm:Precip. Amt.    Mon:           9  Year:        2005  N:         230
 FAILED K-S -- Parm:Precip. Amt.    Mon:           9  Year:        2005  N:         230
 FAILED K-S -- Parm:Precip. Amt.    Mon:           9  Year:        2005  N:         230
 FAILED K-S -- Parm:Precip. Amt.    Mon:           9  Year:        2005  N:         230
*** ERROR *** Could not produce desired level of quality in
                    << Precip. Amt.    >> random deviates.
 FAILED K-S -- Parm:Precip. Amt.    Mon:           9  Year:        2006  N:         240
 FAILED K-S -- Parm:Precip. Amt.    Mon:           9  Year:        2006  N:         240
 FAILED K-S -- Parm:Precip. Amt.    Mon:           9  Year:        2006  N:         240
 FAILED K-S -- Parm:Precip. Amt.    Mon:           9  Year:        2006  N:         240
 FAILED K-S -- Parm:Precip. Amt.    Mon:           9  Year:        2006  N:         240
*** ERROR *** Could not produce desired level of quality in
                    << Precip. Amt.    >> random deviates.
 FAILED K-S -- Parm:Precip. Amt.    Mon:           9  Year:        2007  N:         255
 FAILED K-S -- Parm:Precip. Amt.    Mon:           9  Year:        2007  N:         255
 FAILED K-S -- Parm:Precip. Amt.    Mon:           9  Year:        2007  N:         255
 FAILED K-S -- Parm:Precip. Amt.    Mon:           9  Year:        2007  N:         255
 FAILED K-S -- Parm:Precip. Amt.    Mon:           9  Year:        2007  N:         255
*** ERROR *** Could not produce desired level of quality in
                    << Precip. Amt.    >> random deviates.
 FAILED K-S -- Parm:Precip. Amt.    Mon:           9  Year:        2008  N:         262
 FAILED K-S -- Parm:Precip. Amt.    Mon:           9  Year:        2008  N:         262
 FAILED K-S -- Parm:Precip. Amt.    Mon:           9  Year:        2008  N:         262
 FAILED K-S -- Parm:Precip. Amt.    Mon:           9  Year:        2008  N:         262
 FAILED K-S -- Parm:Precip. Amt.    Mon:           9  Year:        2008  N:         262
*** ERROR *** Could not produce desired level of quality in
                    << Precip. Amt.    >> random deviates.
 FAILED K-S -- Parm:Precip. Amt.    Mon:           9  Year:        2009  N:         269
 FAILED K-S -- Parm:Precip. Amt.    Mon:           9  Year:        2009  N:         269
 FAILED K-S -- Parm:Precip. Amt.    Mon:           9  Year:        2009  N:         269
 FAILED K-S -- Parm:Precip. Amt.    Mon:           9  Year:        2009  N:         269
 FAILED K-S -- Parm:Precip. Amt.    Mon:           9  Year:        2009  N:         269
*** ERROR *** Could not produce desired level of quality in
                    << Precip. Amt.    >> random deviates.
 FAILED K-S -- Parm:Precip. Amt.    Mon:           9  Year:        2010  N:         286
 FAILED K-S -- Parm:Precip. Amt.    Mon:           9  Year:        2010  N:         286
 FAILED K-S -- Parm:Precip. Amt.    Mon:           9  Year:        2010  N:         286
 FAILED K-S -- Parm:Precip. Amt.    Mon:           9  Year:        2010  N:         286
 FAILED K-S -- Parm:Precip. Amt.    Mon:           9  Year:        2010  N:         286
*** ERROR *** Could not produce desired level of quality in
                    << Precip. Amt.    >> random deviates.
 FAILED K-S -- Parm:Precip. Amt.    Mon:           9  Year:        2011  N:         292
 FAILED K-S -- Parm:Precip. Amt.    Mon:           9  Year:        2011  N:         292
 FAILED K-S -- Parm:Precip. Amt.    Mon:           9  Year:        2011  N:         292
 FAILED K-S -- Parm:Precip. Amt.    Mon:           9  Year:        2011  N:         292
 FAILED K-S -- Parm:Precip. Amt.    Mon:           9  Year:        2011  N:         292
*** ERROR *** Could not produce desired level of quality in
                    << Precip. Amt.    >> random deviates.
 FAILED K-S -- Parm:Precip. Amt.    Mon:           9  Year:        2012  N:         301
 FAILED K-S -- Parm:Precip. Amt.    Mon:           9  Year:        2012  N:         301
 FAILED K-S -- Parm:Precip. Amt.    Mon:           9  Year:        2012  N:         301
 FAILED K-S -- Parm:Precip. Amt.    Mon:           9  Year:        2012  N:         301
 FAILED K-S -- Parm:Precip. Amt.    Mon:           9  Year:        2012  N:         301
*** ERROR *** Could not produce desired level of quality in
                    << Precip. Amt.    >> random deviates.
 FAILED K-S -- Parm:Precip. Amt.    Mon:           9  Year:        2013  N:         310
 FAILED K-S -- Parm:Precip. Amt.    Mon:           9  Year:        2013  N:         310
 FAILED K-S -- Parm:Precip. Amt.    Mon:           9  Year:        2013  N:         310
 FAILED K-S -- Parm:Precip. Amt.    Mon:           9  Year:        2013  N:         310
 FAILED K-S -- Parm:Precip. Amt.    Mon:           9  Year:        2013  N:         310
*** ERROR *** Could not produce desired level of quality in
                    << Precip. Amt.    >> random deviates.
 FAILED K-S -- Parm:Precip. Amt.    Mon:           9  Year:        2014  N:         323
 FAILED K-S -- Parm:Precip. Amt.    Mon:           9  Year:        2014  N:         323
 FAILED K-S -- Parm:Precip. Amt.    Mon:           9  Year:        2014  N:         323
 FAILED K-S -- Parm:Precip. Amt.    Mon:           9  Year:        2014  N:         323
 FAILED K-S -- Parm:Precip. Amt.    Mon:           9  Year:        2014  N:         323
*** ERROR *** Could not produce desired level of quality in
                    << Precip. Amt.    >> random deviates.
 FAILED K-S -- Parm:Precip. Amt.    Mon:           9  Year:        2015  N:         326
 FAILED K-S -- Parm:Precip. Amt.    Mon:           9  Year:        2015  N:         326
 FAILED K-S -- Parm:Precip. Amt.    Mon:           9  Year:        2015  N:         326
 FAILED K-S -- Parm:Precip. Amt.    Mon:           9  Year:        2015  N:         326
 FAILED K-S -- Parm:Precip. Amt.    Mon:           9  Year:        2015  N:         326
*** ERROR *** Could not produce desired level of quality in
At line 3013 of file cligen53.f (unit = 9, file = '0500000US22057.prn')
Fortran runtime error: Sequential READ or WRITE not allowed after EOF marker, possibly use REWIND or BACKSPACE
                    << Precip. Amt.    >> random deviates.
 FAILED K-S -- Parm:Precip. Amt.    Mon:           9  Year:        2016  N:         332
 FAILED K-S -- Parm:Precip. Amt.    Mon:           9  Year:        2016  N:         332
 FAILED K-S -- Parm:Precip. Amt.    Mon:           9  Year:        2016  N:         332
 FAILED K-S -- Parm:Precip. Amt.    Mon:           9  Year:        2016  N:         332
 FAILED K-S -- Parm:Precip. Amt.    Mon:           9  Year:        2016  N:         332
*** ERROR *** Could not produce desired level of quality in
                    << Precip. Amt.    >> random deviates.
 FAILED K-S -- Parm:Precip. Amt.    Mon:           9  Year:        2017  N:         337
 FAILED K-S -- Parm:Precip. Amt.    Mon:           9  Year:        2017  N:         337
 FAILED K-S -- Parm:Precip. Amt.    Mon:           9  Year:        2017  N:         337
 FAILED K-S -- Parm:Precip. Amt.    Mon:           9  Year:        2017  N:         337
 FAILED K-S -- Parm:Precip. Amt.    Mon:           9  Year:        2017  N:         337
*** ERROR *** Could not produce desired level of quality in
                    << Precip. Amt.    >> random deviates.
