

  ********************************************************************
  *                                                                  *
  *              USDA - WATER EROSION PREDICTION PROJECT             *
  *                 WEPP CLIMATE INPUT DATA GENERATOR                *
  *                                                                  *
  *                    CONTINUOUS SIMULATION AND                     *
  *                       SINGLE STORM OPTIONS                       *
  *                    with Command Line Options,                    *
  *                        and Corrections to                        *
  *                  Rainfall Intensity Calculations                 *
  *                   and Random Number Generation.                  *
  *                                                                  *
  *                          VERSION 5.30000                         *
  *                     Revised from VERSION 4.2                     *
  *                           October 2004                           *
  *                                                                  *
  *           (Use -h or /h to list command line options.)           *
  *                                                                  *
  ********************************************************************


 ia136719.par                                                                                                                                                                                                                                                    
 0500000US19151.prn                                                                                                                                                                                                                                              
 Tdew -10 rangecheck executed.
 Tdew -10 rangecheck executed.
 Tdew -10 rangecheck executed.
 Tdew -10 rangecheck executed.
 Tdew -10 rangecheck executed.
 Tdew -10 rangecheck executed.
 Tdew -10 rangecheck executed.
 Tdew -10 rangecheck executed.
 Tdew -10 rangecheck executed.
 Tdew -10 rangecheck executed.
 Tdew -10 rangecheck executed.
 Tdew -10 rangecheck executed.
 Tdew -10 rangecheck executed.
 Tdew -10 rangecheck executed.
 Tdew -10 rangecheck executed.
 Tdew -10 rangecheck executed.
 Tdew -10 rangecheck executed.
 Tdew -10 rangecheck executed.
 Tdew -10 rangecheck executed.
 Tdew -10 rangecheck executed.
 Tdew -10 rangecheck executed.
 Tdew -10 rangecheck executed.
 Tdew -10 rangecheck executed.
 Tdew -10 rangecheck executed.
 Tdew -10 rangecheck executed.
 Tdew -10 rangecheck executed.
 Tdew -10 rangecheck executed.
 Tdew -10 rangecheck executed.
 Tdew -10 rangecheck executed.
 Tdew -10 rangecheck executed.
 Tdew -10 rangecheck executed.
 Tdew -10 rangecheck executed.
 Tdew -10 rangecheck executed.
 Tdew -10 rangecheck executed.
 Tdew -10 rangecheck executed.
 Tdew -10 rangecheck executed.
 Tdew -10 rangecheck executed.
 Tdew -10 rangecheck executed.
 Tdew -10 rangecheck executed.
 Tdew -10 rangecheck executed.
 Tdew -10 rangecheck executed.
 Tdew -10 rangecheck executed.
 Tdew -10 rangecheck executed.
 Tdew -10 rangecheck executed.
 Tdew -10 rangecheck executed.
 Tdew -10 rangecheck executed.
 Tdew -10 rangecheck executed.
 Tdew -10 rangecheck executed.
 Tdew -10 rangecheck executed.
 Tdew -10 rangecheck executed.
 Tdew -10 rangecheck executed.
 FAILED K-S -- Parm:Precip. Amt.    Mon:           9  Year:        1994  N:         100
 FAILED K-S -- Parm:Precip. Amt.    Mon:           9  Year:        1994  N:         100
 FAILED K-S -- Parm:Precip. Amt.    Mon:           9  Year:        1994  N:         100
 FAILED K-S -- Parm:Precip. Amt.    Mon:           9  Year:        1994  N:         100
 FAILED K-S -- Parm:Precip. Amt.    Mon:           9  Year:        1994  N:         100
*** ERROR *** Could not produce desired level of quality in
                    << Precip. Amt.    >> random deviates.
 Failed SN SD test.
 Parm:Temp. Dew Pt.   Month:           9  Year:        1994  Mlevel=   10.0000000      SDlevel=   52.6736374      Days:         450
 FAILED K-S -- Parm:Precip. Amt.    Mon:           9  Year:        1995  N:         103
 FAILED K-S -- Parm:Precip. Amt.    Mon:           9  Year:        1995  N:         103
 FAILED K-S -- Parm:Precip. Amt.    Mon:           9  Year:        1995  N:         103
 FAILED K-S -- Parm:Precip. Amt.    Mon:           9  Year:        1995  N:         103
 FAILED K-S -- Parm:Precip. Amt.    Mon:           9  Year:        1995  N:         103
*** ERROR *** Could not produce desired level of quality in
                    << Precip. Amt.    >> random deviates.
 Tdew -10 rangecheck executed.
 Tdew -10 rangecheck executed.
 Tdew -10 rangecheck executed.
 Tdew -10 rangecheck executed.
 Tdew -10 rangecheck executed.
 Tdew -10 rangecheck executed.
 Tdew -10 rangecheck executed.
 FAILED K-S -- Parm:Precip. Amt.    Mon:           9  Year:        1996  N:         111
 FAILED K-S -- Parm:Precip. Amt.    Mon:           9  Year:        1996  N:         111
 FAILED K-S -- Parm:Precip. Amt.    Mon:           9  Year:        1996  N:         111
 FAILED K-S -- Parm:Precip. Amt.    Mon:           9  Year:        1996  N:         111
 FAILED K-S -- Parm:Precip. Amt.    Mon:           9  Year:        1996  N:         111
*** ERROR *** Could not produce desired level of quality in
                    << Precip. Amt.    >> random deviates.
 Tdew -10 rangecheck executed.
 Tdew -10 rangecheck executed.
 Tdew -10 rangecheck executed.
 Tdew -10 rangecheck executed.
 Tdew -10 rangecheck executed.
 Tdew -10 rangecheck executed.
 Tdew -10 rangecheck executed.
 FAILED K-S -- Parm:Precip. Amt.    Mon:           9  Year:        1997  N:         119
 FAILED K-S -- Parm:Precip. Amt.    Mon:           9  Year:        1997  N:         119
 FAILED K-S -- Parm:Precip. Amt.    Mon:           9  Year:        1997  N:         119
 FAILED K-S -- Parm:Precip. Amt.    Mon:           9  Year:        1997  N:         119
 FAILED K-S -- Parm:Precip. Amt.    Mon:           9  Year:        1997  N:         119
*** ERROR *** Could not produce desired level of quality in
                    << Precip. Amt.    >> random deviates.
 FAILED K-S -- Parm:Precip. Amt.    Mon:           9  Year:        1998  N:         122
 FAILED K-S -- Parm:Precip. Amt.    Mon:           9  Year:        1998  N:         122
 FAILED K-S -- Parm:Precip. Amt.    Mon:           9  Year:        1998  N:         122
 FAILED K-S -- Parm:Precip. Amt.    Mon:           9  Year:        1998  N:         122
 FAILED K-S -- Parm:Precip. Amt.    Mon:           9  Year:        1998  N:         122
*** ERROR *** Could not produce desired level of quality in
                    << Precip. Amt.    >> random deviates.
 FAILED K-S -- Parm:Precip. Amt.    Mon:           9  Year:        1999  N:         131
 FAILED K-S -- Parm:Precip. Amt.    Mon:           9  Year:        1999  N:         131
 FAILED K-S -- Parm:Precip. Amt.    Mon:           9  Year:        1999  N:         131
 FAILED K-S -- Parm:Precip. Amt.    Mon:           9  Year:        1999  N:         131
 FAILED K-S -- Parm:Precip. Amt.    Mon:           9  Year:        1999  N:         131
*** ERROR *** Could not produce desired level of quality in
                    << Precip. Amt.    >> random deviates.
 Tdew -10 rangecheck executed.
 FAILED K-S -- Parm:Precip. Amt.    Mon:           9  Year:        2000  N:         138
 FAILED K-S -- Parm:Precip. Amt.    Mon:           9  Year:        2000  N:         138
 FAILED K-S -- Parm:Precip. Amt.    Mon:           9  Year:        2000  N:         138
 FAILED K-S -- Parm:Precip. Amt.    Mon:           9  Year:        2000  N:         138
 FAILED K-S -- Parm:Precip. Amt.    Mon:           9  Year:        2000  N:         138
*** ERROR *** Could not produce desired level of quality in
                    << Precip. Amt.    >> random deviates.
 Tdew -10 rangecheck executed.
 FAILED K-S -- Parm:Precip. Amt.    Mon:           9  Year:        2001  N:         144
 FAILED K-S -- Parm:Precip. Amt.    Mon:           9  Year:        2001  N:         144
 FAILED K-S -- Parm:Precip. Amt.    Mon:           9  Year:        2001  N:         144
 FAILED K-S -- Parm:Precip. Amt.    Mon:           9  Year:        2001  N:         144
 FAILED K-S -- Parm:Precip. Amt.    Mon:           9  Year:        2001  N:         144
*** ERROR *** Could not produce desired level of quality in
                    << Precip. Amt.    >> random deviates.
 FAILED K-S -- Parm:Time to Peak    Mon:           9  Year:        2001  N:         144
 FAILED K-S -- Parm:Precip. Amt.    Mon:           9  Year:        2002  N:         151
 FAILED K-S -- Parm:Precip. Amt.    Mon:           9  Year:        2002  N:         151
 FAILED K-S -- Parm:Precip. Amt.    Mon:           9  Year:        2002  N:         151
 FAILED K-S -- Parm:Precip. Amt.    Mon:           9  Year:        2002  N:         151
 FAILED K-S -- Parm:Precip. Amt.    Mon:           9  Year:        2002  N:         151
*** ERROR *** Could not produce desired level of quality in
                    << Precip. Amt.    >> random deviates.
 FAILED K-S -- Parm:Precip. Amt.    Mon:           9  Year:        2003  N:         158
 FAILED K-S -- Parm:Precip. Amt.    Mon:           9  Year:        2003  N:         158
 FAILED K-S -- Parm:Precip. Amt.    Mon:           9  Year:        2003  N:         158
 FAILED K-S -- Parm:Precip. Amt.    Mon:           9  Year:        2003  N:         158
 FAILED K-S -- Parm:Precip. Amt.    Mon:           9  Year:        2003  N:         158
*** ERROR *** Could not produce desired level of quality in
                    << Precip. Amt.    >> random deviates.
 Tdew -10 rangecheck executed.
 Tdew -10 rangecheck executed.
 Tdew -10 rangecheck executed.
 Tdew -10 rangecheck executed.
 FAILED K-S -- Parm:Precip. Amt.    Mon:           9  Year:        2004  N:         164
 FAILED K-S -- Parm:Precip. Amt.    Mon:           9  Year:        2004  N:         164
 FAILED K-S -- Parm:Precip. Amt.    Mon:           9  Year:        2004  N:         164
 FAILED K-S -- Parm:Precip. Amt.    Mon:           9  Year:        2004  N:         164
 FAILED K-S -- Parm:Precip. Amt.    Mon:           9  Year:        2004  N:         164
*** ERROR *** Could not produce desired level of quality in
                    << Precip. Amt.    >> random deviates.
 Tdew -10 rangecheck executed.
 FAILED K-S -- Parm:Precip. Amt.    Mon:           9  Year:        2005  N:         169
 FAILED K-S -- Parm:Precip. Amt.    Mon:           9  Year:        2005  N:         169
 FAILED K-S -- Parm:Precip. Amt.    Mon:           9  Year:        2005  N:         169
 FAILED K-S -- Parm:Precip. Amt.    Mon:           9  Year:        2005  N:         169
 FAILED K-S -- Parm:Precip. Amt.    Mon:           9  Year:        2005  N:         169
*** ERROR *** Could not produce desired level of quality in
                    << Precip. Amt.    >> random deviates.
 Tdew -10 rangecheck executed.
 FAILED K-S -- Parm:Precip. Amt.    Mon:           9  Year:        2006  N:         175
 FAILED K-S -- Parm:Precip. Amt.    Mon:           9  Year:        2006  N:         175
 FAILED K-S -- Parm:Precip. Amt.    Mon:           9  Year:        2006  N:         175
 FAILED K-S -- Parm:Precip. Amt.    Mon:           9  Year:        2006  N:         175
 FAILED K-S -- Parm:Precip. Amt.    Mon:           9  Year:        2006  N:         175
*** ERROR *** Could not produce desired level of quality in
                    << Precip. Amt.    >> random deviates.
 Tdew -10 rangecheck executed.
 Tdew -10 rangecheck executed.
 Tdew -10 rangecheck executed.
 Tdew -10 rangecheck executed.
 FAILED K-S -- Parm:Precip. Amt.    Mon:           9  Year:        2007  N:         186
 FAILED K-S -- Parm:Precip. Amt.    Mon:           9  Year:        2007  N:         186
 FAILED K-S -- Parm:Precip. Amt.    Mon:           9  Year:        2007  N:         186
 FAILED K-S -- Parm:Precip. Amt.    Mon:           9  Year:        2007  N:         186
 FAILED K-S -- Parm:Precip. Amt.    Mon:           9  Year:        2007  N:         186
*** ERROR *** Could not produce desired level of quality in
                    << Precip. Amt.    >> random deviates.
 Tdew -10 rangecheck executed.
 FAILED K-S -- Parm:Precip. Amt.    Mon:           9  Year:        2008  N:         191
At line 3013 of file cligen53.f (unit = 9, file = '0500000US19151.prn')
Fortran runtime error: Sequential READ or WRITE not allowed after EOF marker, possibly use REWIND or BACKSPACE
 FAILED K-S -- Parm:Precip. Amt.    Mon:           9  Year:        2008  N:         191
 FAILED K-S -- Parm:Precip. Amt.    Mon:           9  Year:        2008  N:         191
 FAILED K-S -- Parm:Precip. Amt.    Mon:           9  Year:        2008  N:         191
 FAILED K-S -- Parm:Precip. Amt.    Mon:           9  Year:        2008  N:         191
*** ERROR *** Could not produce desired level of quality in
                    << Precip. Amt.    >> random deviates.
 Tdew -10 rangecheck executed.
 Tdew -10 rangecheck executed.
 Tdew -10 rangecheck executed.
 FAILED K-S -- Parm:Precip. Amt.    Mon:           9  Year:        2009  N:         195
 FAILED K-S -- Parm:Precip. Amt.    Mon:           9  Year:        2009  N:         195
 FAILED K-S -- Parm:Precip. Amt.    Mon:           9  Year:        2009  N:         195
 FAILED K-S -- Parm:Precip. Amt.    Mon:           9  Year:        2009  N:         195
 FAILED K-S -- Parm:Precip. Amt.    Mon:           9  Year:        2009  N:         195
*** ERROR *** Could not produce desired level of quality in
                    << Precip. Amt.    >> random deviates.
 FAILED K-S -- Parm:Time to Peak    Mon:           9  Year:        2009  N:         189
 Tdew -10 rangecheck executed.
 Tdew -10 rangecheck executed.
 Tdew -10 rangecheck executed.
 Tdew -10 rangecheck executed.
 Tdew -10 rangecheck executed.
 Tdew -10 rangecheck executed.
 Tdew -10 rangecheck executed.
 Tdew -10 rangecheck executed.
 Tdew -10 rangecheck executed.
 Tdew -10 rangecheck executed.
 Tdew -10 rangecheck executed.
 Tdew -10 rangecheck executed.
 Tdew -10 rangecheck executed.
 Tdew -10 rangecheck executed.
 Tdew -10 rangecheck executed.
