

  ********************************************************************
  *                                                                  *
  *              USDA - WATER EROSION PREDICTION PROJECT             *
  *                 WEPP CLIMATE INPUT DATA GENERATOR                *
  *                                                                  *
  *                    CONTINUOUS SIMULATION AND                     *
  *                       SINGLE STORM OPTIONS                       *
  *                    with Command Line Options,                    *
  *                        and Corrections to                        *
  *                  Rainfall Intensity Calculations                 *
  *                   and Random Number Generation.                  *
  *                                                                  *
  *                          VERSION 5.30000                         *
  *                     Revised from VERSION 4.2                     *
  *                           October 2004                           *
  *                                                                  *
  *           (Use -h or /h to list command line options.)           *
  *                                                                  *
  ********************************************************************


 sc380448.par                                                                                                                                                                                                                                                    
 0500000US45011.prn                                                                                                                                                                                                                                              
 FAILED K-S -- Parm:Time to Peak    Mon:           6  Year:        1991  N:         100
 FAILED K-S -- Parm:Time to Peak    Mon:           6  Year:        1991  N:         100
 FAILED K-S -- Parm:Time to Peak    Mon:           6  Year:        1991  N:         100
 FAILED K-S -- Parm:Time to Peak    Mon:           6  Year:        1991  N:         100
 FAILED K-S -- Parm:Time to Peak    Mon:           6  Year:        1991  N:         100
*** ERROR *** Could not produce desired level of quality in
                    << Time to Peak    >> random deviates.
 FAILED K-S -- Parm:Precip. Amt.    Mon:           4  Year:        1996  N:         105
 FAILED K-S -- Parm:Precip. Amt.    Mon:           4  Year:        1996  N:         105
 FAILED K-S -- Parm:Precip. Amt.    Mon:           4  Year:        1996  N:         105
 FAILED K-S -- Parm:Precip. Amt.    Mon:           4  Year:        1996  N:         105
 FAILED K-S -- Parm:Precip. Amt.    Mon:           4  Year:        1996  N:         105
*** ERROR *** Could not produce desired level of quality in
                    << Precip. Amt.    >> random deviates.
 FAILED K-S -- Parm:Precip. Amt.    Mon:           4  Year:        1997  N:         111
 Failed SN SD test.
 Parm:Precip. Amt.    Month:           4  Year:        1997  Mlevel=   40.0000000      SDlevel=   83.5503311      Days:         111
 FAILED K-S -- Parm:Precip. Amt.    Mon:           4  Year:        1997  N:         111
 Failed SN SD test.
 Parm:Precip. Amt.    Month:           4  Year:        1997  Mlevel=   40.0000000      SDlevel=   83.5503311      Days:         111
 FAILED K-S -- Parm:Precip. Amt.    Mon:           4  Year:        1997  N:         111
 Failed SN SD test.
 Parm:Precip. Amt.    Month:           4  Year:        1997  Mlevel=   40.0000000      SDlevel=   83.5503311      Days:         111
 FAILED K-S -- Parm:Precip. Amt.    Mon:           4  Year:        1997  N:         111
 Failed SN SD test.
 Parm:Precip. Amt.    Month:           4  Year:        1997  Mlevel=   40.0000000      SDlevel=   83.5503311      Days:         111
 FAILED K-S -- Parm:Precip. Amt.    Mon:           4  Year:        1997  N:         111
 Failed SN SD test.
 Parm:Precip. Amt.    Month:           4  Year:        1997  Mlevel=   40.0000000      SDlevel=   83.5503311      Days:         111
At line 3013 of file cligen53.f (unit = 9, file = '0500000US45011.prn')
Fortran runtime error: Sequential READ or WRITE not allowed after EOF marker, possibly use REWIND or BACKSPACE
*** ERROR *** Could not produce desired level of quality in
                    << Precip. Amt.    >> random deviates.
