

  ********************************************************************
  *                                                                  *
  *              USDA - WATER EROSION PREDICTION PROJECT             *
  *                 WEPP CLIMATE INPUT DATA GENERATOR                *
  *                                                                  *
  *                    CONTINUOUS SIMULATION AND                     *
  *                       SINGLE STORM OPTIONS                       *
  *                    with Command Line Options,                    *
  *                        and Corrections to                        *
  *                  Rainfall Intensity Calculations                 *
  *                   and Random Number Generation.                  *
  *                                                                  *
  *                          VERSION 5.30000                         *
  *                     Revised from VERSION 4.2                     *
  *                           October 2004                           *
  *                                                                  *
  *           (Use -h or /h to list command line options.)           *
  *                                                                  *
  ********************************************************************


 az027716.par                                                                                                                                                                                                                                                    
 0500000US04015.prn                                                                                                                                                                                                                                              
 FAILED K-S -- Parm:Precip. Amt.    Mon:          12  Year:        2001  N:         101
 FAILED K-S -- Parm:Precip. Amt.    Mon:          12  Year:        2001  N:         101
 FAILED K-S -- Parm:Precip. Amt.    Mon:          12  Year:        2001  N:         101
 FAILED K-S -- Parm:Precip. Amt.    Mon:          12  Year:        2001  N:         101
 FAILED K-S -- Parm:Precip. Amt.    Mon:          12  Year:        2001  N:         101
*** ERROR *** Could not produce desired level of quality in
                    << Precip. Amt.    >> random deviates.
 FAILED K-S -- Parm:Time to Peak    Mon:          12  Year:        2001  N:         101
 FAILED K-S -- Parm:Time to Peak    Mon:           4  Year:        2013  N:         101
 FAILED K-S -- Parm:Time to Peak    Mon:           4  Year:        2013  N:         101
 FAILED K-S -- Parm:Time to Peak    Mon:           4  Year:        2013  N:         101
 FAILED K-S -- Parm:Time to Peak    Mon:           4  Year:        2013  N:         101
 FAILED K-S -- Parm:Time to Peak    Mon:           4  Year:        2013  N:         101
*** ERROR *** Could not produce desired level of quality in
                    << Time to Peak    >> random deviates.
 FAILED K-S -- Parm:Time to Peak    Mon:           4  Year:        2014  N:         105
 FAILED K-S -- Parm:Time to Peak    Mon:           4  Year:        2014  N:         105
 FAILED K-S -- Parm:Time to Peak    Mon:           4  Year:        2014  N:         105
 FAILED K-S -- Parm:Time to Peak    Mon:           4  Year:        2014  N:         105
 FAILED K-S -- Parm:Time to Peak    Mon:           4  Year:        2014  N:         105
*** ERROR *** Could not produce desired level of quality in
                    << Time to Peak    >> random deviates.
 FAILED K-S -- Parm:Time to Peak    Mon:           4  Year:        2015  N:         105
 FAILED K-S -- Parm:Time to Peak    Mon:           4  Year:        2015  N:         105
 FAILED K-S -- Parm:Time to Peak    Mon:           4  Year:        2015  N:         105
 FAILED K-S -- Parm:Time to Peak    Mon:           4  Year:        2015  N:         105
 FAILED K-S -- Parm:Time to Peak    Mon:           4  Year:        2015  N:         105
*** ERROR *** Could not produce desired level of quality in
At line 3013 of file cligen53.f (unit = 9, file = '0500000US04015.prn')
Fortran runtime error: Sequential READ or WRITE not allowed after EOF marker, possibly use REWIND or BACKSPACE
                    << Time to Peak    >> random deviates.
 FAILED K-S -- Parm:Precip. Amt.    Mon:          11  Year:        2015  N:         102
 FAILED K-S -- Parm:Precip. Amt.    Mon:          11  Year:        2015  N:         102
 FAILED K-S -- Parm:Precip. Amt.    Mon:          11  Year:        2015  N:         102
 FAILED K-S -- Parm:Precip. Amt.    Mon:          11  Year:        2015  N:         102
 FAILED K-S -- Parm:Precip. Amt.    Mon:          11  Year:        2015  N:         102
*** ERROR *** Could not produce desired level of quality in
                    << Precip. Amt.    >> random deviates.
 FAILED K-S -- Parm:Time to Peak    Mon:          11  Year:        2015  N:         102
 FAILED K-S -- Parm:Time to Peak    Mon:           4  Year:        2016  N:         107
 FAILED K-S -- Parm:Time to Peak    Mon:           4  Year:        2016  N:         107
 FAILED K-S -- Parm:Time to Peak    Mon:           4  Year:        2016  N:         107
 FAILED K-S -- Parm:Time to Peak    Mon:           4  Year:        2016  N:         107
 FAILED K-S -- Parm:Time to Peak    Mon:           4  Year:        2016  N:         107
*** ERROR *** Could not produce desired level of quality in
                    << Time to Peak    >> random deviates.
 FAILED K-S -- Parm:Precip. Amt.    Mon:          11  Year:        2016  N:         103
 FAILED K-S -- Parm:Precip. Amt.    Mon:          11  Year:        2016  N:         103
 FAILED K-S -- Parm:Precip. Amt.    Mon:          11  Year:        2016  N:         103
 FAILED K-S -- Parm:Precip. Amt.    Mon:          11  Year:        2016  N:         103
 FAILED K-S -- Parm:Precip. Amt.    Mon:          11  Year:        2016  N:         103
*** ERROR *** Could not produce desired level of quality in
                    << Precip. Amt.    >> random deviates.
 FAILED K-S -- Parm:Time to Peak    Mon:          11  Year:        2016  N:         100
 FAILED K-S -- Parm:Time to Peak    Mon:           4  Year:        2017  N:         111
 FAILED K-S -- Parm:Time to Peak    Mon:           4  Year:        2017  N:         111
 FAILED K-S -- Parm:Time to Peak    Mon:           4  Year:        2017  N:         111
 FAILED K-S -- Parm:Time to Peak    Mon:           4  Year:        2017  N:         111
 FAILED K-S -- Parm:Time to Peak    Mon:           4  Year:        2017  N:         111
*** ERROR *** Could not produce desired level of quality in
                    << Time to Peak    >> random deviates.
 FAILED K-S -- Parm:Precip. Amt.    Mon:          11  Year:        2017  N:         106
 FAILED K-S -- Parm:Precip. Amt.    Mon:          11  Year:        2017  N:         106
 FAILED K-S -- Parm:Precip. Amt.    Mon:          11  Year:        2017  N:         106
 FAILED K-S -- Parm:Precip. Amt.    Mon:          11  Year:        2017  N:         106
 FAILED K-S -- Parm:Precip. Amt.    Mon:          11  Year:        2017  N:         106
*** ERROR *** Could not produce desired level of quality in
                    << Precip. Amt.    >> random deviates.
 FAILED K-S -- Parm:Time to Peak    Mon:          11  Year:        2017  N:         102
