

  ********************************************************************
  *                                                                  *
  *              USDA - WATER EROSION PREDICTION PROJECT             *
  *                 WEPP CLIMATE INPUT DATA GENERATOR                *
  *                                                                  *
  *                    CONTINUOUS SIMULATION AND                     *
  *                       SINGLE STORM OPTIONS                       *
  *                    with Command Line Options,                    *
  *                        and Corrections to                        *
  *                  Rainfall Intensity Calculations                 *
  *                   and Random Number Generation.                  *
  *                                                                  *
  *                          VERSION 5.30000                         *
  *                     Revised from VERSION 4.2                     *
  *                           October 2004                           *
  *                                                                  *
  *           (Use -h or /h to list command line options.)           *
  *                                                                  *
  ********************************************************************


 nm291063.par                                                                                                                                                                                                                                                    
 0500000US35045.prn                                                                                                                                                                                                                                              
 Tdew -10 rangecheck executed.
 Tdew -10 rangecheck executed.
 Tdew -10 rangecheck executed.
 Tdew -10 rangecheck executed.
 FAILED K-S -- Parm:Precip. Amt.    Mon:          11  Year:        2003  N:         102
 FAILED K-S -- Parm:Precip. Amt.    Mon:          11  Year:        2003  N:         102
 FAILED K-S -- Parm:Precip. Amt.    Mon:          11  Year:        2003  N:         102
 FAILED K-S -- Parm:Precip. Amt.    Mon:          11  Year:        2003  N:         102
 FAILED K-S -- Parm:Precip. Amt.    Mon:          11  Year:        2003  N:         102
*** ERROR *** Could not produce desired level of quality in
                    << Precip. Amt.    >> random deviates.
 FAILED K-S -- Parm:Precip. Amt.    Mon:          11  Year:        2004  N:         108
 FAILED K-S -- Parm:Precip. Amt.    Mon:          11  Year:        2004  N:         108
 FAILED K-S -- Parm:Precip. Amt.    Mon:          11  Year:        2004  N:         108
 FAILED K-S -- Parm:Precip. Amt.    Mon:          11  Year:        2004  N:         108
 FAILED K-S -- Parm:Precip. Amt.    Mon:          11  Year:        2004  N:         108
*** ERROR *** Could not produce desired level of quality in
                    << Precip. Amt.    >> random deviates.
 Failed SN Mean test.
 Parm:Temp. Dew Pt.   Month:          11  Year:        2004  Mlevel=   60.0000000      SDlevel=   23.6881847      Days:         750
 FAILED K-S -- Parm:Precip. Amt.    Mon:          11  Year:        2005  N:         113
 FAILED K-S -- Parm:Precip. Amt.    Mon:          11  Year:        2005  N:         113
 FAILED K-S -- Parm:Precip. Amt.    Mon:          11  Year:        2005  N:         113
 FAILED K-S -- Parm:Precip. Amt.    Mon:          11  Year:        2005  N:         113
 FAILED K-S -- Parm:Precip. Amt.    Mon:          11  Year:        2005  N:         113
*** ERROR *** Could not produce desired level of quality in
                    << Precip. Amt.    >> random deviates.
 Failed SN SD test.
 Parm:Temp. Dew Pt.   Month:          11  Year:        2005  Mlevel=   40.0000000      SDlevel=   68.5830612      Days:         780
 FAILED K-S -- Parm:Precip. Amt.    Mon:          11  Year:        2006  N:         117
 FAILED K-S -- Parm:Precip. Amt.    Mon:          11  Year:        2006  N:         117
 FAILED K-S -- Parm:Precip. Amt.    Mon:          11  Year:        2006  N:         117
 FAILED K-S -- Parm:Precip. Amt.    Mon:          11  Year:        2006  N:         117
 FAILED K-S -- Parm:Precip. Amt.    Mon:          11  Year:        2006  N:         117
*** ERROR *** Could not produce desired level of quality in
                    << Precip. Amt.    >> random deviates.
 Failed SN SD test.
 Parm:Temp. Dew Pt.   Month:          11  Year:        2006  Mlevel=   40.0000000      SDlevel=   91.0401001      Days:         810
 FAILED K-S -- Parm:Precip. Amt.    Mon:          11  Year:        2007  N:         120
 FAILED K-S -- Parm:Precip. Amt.    Mon:          11  Year:        2007  N:         120
 FAILED K-S -- Parm:Precip. Amt.    Mon:          11  Year:        2007  N:         120
 FAILED K-S -- Parm:Precip. Amt.    Mon:          11  Year:        2007  N:         120
 FAILED K-S -- Parm:Precip. Amt.    Mon:          11  Year:        2007  N:         120
*** ERROR *** Could not produce desired level of quality in
                    << Precip. Amt.    >> random deviates.
 Failed SN SD test.
 Parm:Temp. Dew Pt.   Month:          11  Year:        2007  Mlevel=   40.0000000      SDlevel=   99.4031906      Days:         840
 FAILED K-S -- Parm:Precip. Amt.    Mon:          11  Year:        2008  N:         124
 FAILED K-S -- Parm:Precip. Amt.    Mon:          11  Year:        2008  N:         124
 FAILED K-S -- Parm:Precip. Amt.    Mon:          11  Year:        2008  N:         124
 FAILED K-S -- Parm:Precip. Amt.    Mon:          11  Year:        2008  N:         124
 FAILED K-S -- Parm:Precip. Amt.    Mon:          11  Year:        2008  N:         124
*** ERROR *** Could not produce desired level of quality in
                    << Precip. Amt.    >> random deviates.
 Failed SN SD test.
 Parm:Temp. Dew Pt.   Month:          11  Year:        2008  Mlevel=   30.0000000      SDlevel=   99.6836929      Days:         870
 FAILED K-S -- Parm:Precip. Amt.    Mon:          11  Year:        2009  N:         124
 FAILED K-S -- Parm:Precip. Amt.    Mon:          11  Year:        2009  N:         124
 FAILED K-S -- Parm:Precip. Amt.    Mon:          11  Year:        2009  N:         124
 FAILED K-S -- Parm:Precip. Amt.    Mon:          11  Year:        2009  N:         124
 FAILED K-S -- Parm:Precip. Amt.    Mon:          11  Year:        2009  N:         124
*** ERROR *** Could not produce desired level of quality in
                    << Precip. Amt.    >> random deviates.
 Failed SN SD test.
 Parm:Temp. Dew Pt.   Month:          11  Year:        2009  Mlevel=   40.0000000      SDlevel=   99.9946899      Days:         900
 FAILED K-S -- Parm:Precip. Amt.    Mon:          11  Year:        2010  N:         127
 FAILED K-S -- Parm:Precip. Amt.    Mon:          11  Year:        2010  N:         127
 FAILED K-S -- Parm:Precip. Amt.    Mon:          11  Year:        2010  N:         127
 FAILED K-S -- Parm:Precip. Amt.    Mon:          11  Year:        2010  N:         127
 FAILED K-S -- Parm:Precip. Amt.    Mon:          11  Year:        2010  N:         127
*** ERROR *** Could not produce desired level of quality in
                    << Precip. Amt.    >> random deviates.
 Failed SN SD test.
 Parm:Temp. Dew Pt.   Month:          11  Year:        2010  Mlevel=   50.0000000      SDlevel=   99.9998474      Days:         930
 FAILED K-S -- Parm:Precip. Amt.    Mon:          11  Year:        2011  N:         130
 FAILED K-S -- Parm:Precip. Amt.    Mon:          11  Year:        2011  N:         130
 FAILED K-S -- Parm:Precip. Amt.    Mon:          11  Year:        2011  N:         130
 FAILED K-S -- Parm:Precip. Amt.    Mon:          11  Year:        2011  N:         130
 FAILED K-S -- Parm:Precip. Amt.    Mon:          11  Year:        2011  N:         130
*** ERROR *** Could not produce desired level of quality in
                    << Precip. Amt.    >> random deviates.
 Failed SN Mean test.
 Failed SN SD test.
 Parm:Temp. Dew Pt.   Month:          11  Year:        2011  Mlevel=   60.0000000      SDlevel=   100.000000      Days:         960
 FAILED K-S -- Parm:Time to Peak    Mon:          11  Year:        2011  N:         130
 FAILED K-S -- Parm:Precip. Amt.    Mon:           5  Year:        2012  N:         102
 FAILED K-S -- Parm:Precip. Amt.    Mon:           5  Year:        2012  N:         102
 FAILED K-S -- Parm:Precip. Amt.    Mon:           5  Year:        2012  N:         102
 FAILED K-S -- Parm:Precip. Amt.    Mon:           5  Year:        2012  N:         102
 FAILED K-S -- Parm:Precip. Amt.    Mon:           5  Year:        2012  N:         102
*** ERROR *** Could not produce desired level of quality in
                    << Precip. Amt.    >> random deviates.
 FAILED K-S -- Parm:Precip. Amt.    Mon:          11  Year:        2012  N:         132
 FAILED K-S -- Parm:Precip. Amt.    Mon:          11  Year:        2012  N:         132
 FAILED K-S -- Parm:Precip. Amt.    Mon:          11  Year:        2012  N:         132
 FAILED K-S -- Parm:Precip. Amt.    Mon:          11  Year:        2012  N:         132
 FAILED K-S -- Parm:Precip. Amt.    Mon:          11  Year:        2012  N:         132
*** ERROR *** Could not produce desired level of quality in
                    << Precip. Amt.    >> random deviates.
 Failed SN SD test.
 Parm:Temp. Dew Pt.   Month:          11  Year:        2012  Mlevel=   20.0000000      SDlevel=   100.000000      Days:         990
 FAILED K-S -- Parm:Precip. Amt.    Mon:           5  Year:        2013  N:         103
 FAILED K-S -- Parm:Precip. Amt.    Mon:           5  Year:        2013  N:         103
 FAILED K-S -- Parm:Precip. Amt.    Mon:           5  Year:        2013  N:         103
 FAILED K-S -- Parm:Precip. Amt.    Mon:           5  Year:        2013  N:         103
 FAILED K-S -- Parm:Precip. Amt.    Mon:           5  Year:        2013  N:         103
*** ERROR *** Could not produce desired level of quality in
                    << Precip. Amt.    >> random deviates.
 FAILED K-S -- Parm:Precip. Amt.    Mon:          11  Year:        2013  N:         140
 FAILED K-S -- Parm:Precip. Amt.    Mon:          11  Year:        2013  N:         140
 FAILED K-S -- Parm:Precip. Amt.    Mon:          11  Year:        2013  N:         140
 FAILED K-S -- Parm:Precip. Amt.    Mon:          11  Year:        2013  N:         140
 FAILED K-S -- Parm:Precip. Amt.    Mon:          11  Year:        2013  N:         140
*** ERROR *** Could not produce desired level of quality in
                    << Precip. Amt.    >> random deviates.
 FAILED K-S -- Parm:Wind Dir.       Mon:          11  Year:        2013  N:        1020
 Failed SN SD test.
 Parm:Temp. Dew Pt.   Month:          11  Year:        2013  Mlevel=   30.0000000      SDlevel=   100.000000      Days:        1020
 FAILED K-S -- Parm:Time to Peak    Mon:          11  Year:        2013  N:         137
 FAILED K-S -- Parm:Precip. Amt.    Mon:           5  Year:        2014  N:         103
 FAILED K-S -- Parm:Precip. Amt.    Mon:           5  Year:        2014  N:         103
 FAILED K-S -- Parm:Precip. Amt.    Mon:           5  Year:        2014  N:         103
 FAILED K-S -- Parm:Precip. Amt.    Mon:           5  Year:        2014  N:         103
 FAILED K-S -- Parm:Precip. Amt.    Mon:           5  Year:        2014  N:         103
*** ERROR *** Could not produce desired level of quality in
                    << Precip. Amt.    >> random deviates.
 FAILED K-S -- Parm:Precip. Amt.    Mon:          11  Year:        2014  N:         146
 FAILED K-S -- Parm:Precip. Amt.    Mon:          11  Year:        2014  N:         146
 FAILED K-S -- Parm:Precip. Amt.    Mon:          11  Year:        2014  N:         146
 FAILED K-S -- Parm:Precip. Amt.    Mon:          11  Year:        2014  N:         146
 FAILED K-S -- Parm:Precip. Amt.    Mon:          11  Year:        2014  N:         146
*** ERROR *** Could not produce desired level of quality in
                    << Precip. Amt.    >> random deviates.
 FAILED K-S -- Parm:Wind Dir.       Mon:          11  Year:        2014  N:        1020
 Failed SN SD test.
 Parm:Temp. Dew Pt.   Month:          11  Year:        2014  Mlevel=   50.0000000      SDlevel=   100.000000      Days:        1050
 FAILED K-S -- Parm:Time to Peak    Mon:          11  Year:        2014  N:         135
 FAILED K-S -- Parm:Precip. Amt.    Mon:           5  Year:        2015  N:         104
 FAILED K-S -- Parm:Precip. Amt.    Mon:           5  Year:        2015  N:         104
 FAILED K-S -- Parm:Precip. Amt.    Mon:           5  Year:        2015  N:         104
 FAILED K-S -- Parm:Precip. Amt.    Mon:           5  Year:        2015  N:         104
 FAILED K-S -- Parm:Precip. Amt.    Mon:           5  Year:        2015  N:         104
*** ERROR *** Could not produce desired level of quality in
                    << Precip. Amt.    >> random deviates.
 FAILED K-S -- Parm:Precip. Amt.    Mon:          11  Year:        2015  N:         150
 FAILED K-S -- Parm:Precip. Amt.    Mon:          11  Year:        2015  N:         150
 FAILED K-S -- Parm:Precip. Amt.    Mon:          11  Year:        2015  N:         150
 FAILED K-S -- Parm:Precip. Amt.    Mon:          11  Year:        2015  N:         150
 FAILED K-S -- Parm:Precip. Amt.    Mon:          11  Year:        2015  N:         150
*** ERROR *** Could not produce desired level of quality in
                    << Precip. Amt.    >> random deviates.
 Failed SN SD test.
 Parm:Temp. Dew Pt.   Month:          11  Year:        2015  Mlevel=   30.0000000      SDlevel=   100.000000      Days:        1080
 FAILED K-S -- Parm:Time to Peak    Mon:          11  Year:        2015  N:         133
 FAILED K-S -- Parm:Precip. Amt.    Mon:           5  Year:        2016  N:         109
 FAILED K-S -- Parm:Precip. Amt.    Mon:           5  Year:        2016  N:         109
 FAILED K-S -- Parm:Precip. Amt.    Mon:           5  Year:        2016  N:         109
 FAILED K-S -- Parm:Precip. Amt.    Mon:           5  Year:        2016  N:         109
 FAILED K-S -- Parm:Precip. Amt.    Mon:           5  Year:        2016  N:         109
*** ERROR *** Could not produce desired level of quality in
                    << Precip. Amt.    >> random deviates.
 FAILED K-S -- Parm:Time to Peak    Mon:           5  Year:        2016  N:         109
 FAILED K-S -- Parm:Precip. Amt.    Mon:          11  Year:        2016  N:         151
 FAILED K-S -- Parm:Precip. Amt.    Mon:          11  Year:        2016  N:         151
 FAILED K-S -- Parm:Precip. Amt.    Mon:          11  Year:        2016  N:         151
 FAILED K-S -- Parm:Precip. Amt.    Mon:          11  Year:        2016  N:         151
 FAILED K-S -- Parm:Precip. Amt.    Mon:          11  Year:        2016  N:         151
*** ERROR *** Could not produce desired level of quality in
                    << Precip. Amt.    >> random deviates.
 Failed SN SD test.
 Parm:Temp. Dew Pt.   Month:          11  Year:        2016  Mlevel=   40.0000000      SDlevel=   100.000000      Days:        1110
 FAILED K-S -- Parm:Time to Peak    Mon:          11  Year:        2016  N:         130
 FAILED K-S -- Parm:Precip. Amt.    Mon:           5  Year:        2017  N:         110
 FAILED K-S -- Parm:Precip. Amt.    Mon:           5  Year:        2017  N:         110
 FAILED K-S -- Parm:Precip. Amt.    Mon:           5  Year:        2017  N:         110
 FAILED K-S -- Parm:Precip. Amt.    Mon:           5  Year:        2017  N:         110
 FAILED K-S -- Parm:Precip. Amt.    Mon:           5  Year:        2017  N:         110
*** ERROR *** Could not produce desired level of quality in
                    << Precip. Amt.    >> random deviates.
 FAILED K-S -- Parm:Time to Peak    Mon:           5  Year:        2017  N:         105
 FAILED K-S -- Parm:Precip. Amt.    Mon:          11  Year:        2017  N:         155
 FAILED K-S -- Parm:Precip. Amt.    Mon:          11  Year:        2017  N:         155
 FAILED K-S -- Parm:Precip. Amt.    Mon:          11  Year:        2017  N:         155
 FAILED K-S -- Parm:Precip. Amt.    Mon:          11  Year:        2017  N:         155
 FAILED K-S -- Parm:Precip. Amt.    Mon:          11  Year:        2017  N:         155
*** ERROR *** Could not produce desired level of quality in
                    << Precip. Amt.    >> random deviates.
At line 3013 of file cligen53.f (unit = 9, file = '0500000US35045.prn')
Fortran runtime error: Sequential READ or WRITE not allowed after EOF marker, possibly use REWIND or BACKSPACE
 Failed SN SD test.
 Parm:Temp. Dew Pt.   Month:          11  Year:        2017  Mlevel=   40.0000000      SDlevel=   100.000000      Days:        1140
 FAILED K-S -- Parm:Time to Peak    Mon:          11  Year:        2017  N:         133
