

  ********************************************************************
  *                                                                  *
  *              USDA - WATER EROSION PREDICTION PROJECT             *
  *                 WEPP CLIMATE INPUT DATA GENERATOR                *
  *                                                                  *
  *                    CONTINUOUS SIMULATION AND                     *
  *                       SINGLE STORM OPTIONS                       *
  *                    with Command Line Options,                    *
  *                        and Corrections to                        *
  *                  Rainfall Intensity Calculations                 *
  *                   and Random Number Generation.                  *
  *                                                                  *
  *                          VERSION 5.30000                         *
  *                     Revised from VERSION 4.2                     *
  *                           October 2004                           *
  *                                                                  *
  *           (Use -h or /h to list command line options.)           *
  *                                                                  *
  ********************************************************************


 ok344861.par                                                                                                                                                                                                                                                    
 0500000US40073.prn                                                                                                                                                                                                                                              
 Tdew -10 rangecheck executed.
 Failed SN SD test.
 Parm:Precip. Amt.    Month:          12  Year:        1986  Mlevel=   20.0000000      SDlevel=   53.0937538      Days:          32
 Failed SN SD test.
 Parm:Precip. Amt.    Month:          12  Year:        1986  Mlevel=   20.0000000      SDlevel=   52.3414001      Days:          32
 Failed SN SD test.
 Parm:Precip. Amt.    Month:          12  Year:        1986  Mlevel=   10.0000000      SDlevel=   52.1903648      Days:          32
 Failed SN SD test.
 Parm:Precip. Amt.    Month:          12  Year:        1986  Mlevel=   20.0000000      SDlevel=   52.5250092      Days:          32
 Failed SN SD test.
 Parm:Precip. Amt.    Month:          12  Year:        1986  Mlevel=   10.0000000      SDlevel=   52.1644936      Days:          32
*** ERROR *** Could not produce desired level of quality in
                    << Precip. Amt.    >> random deviates.
 FAILED K-S -- Parm:Wind Dir.       Mon:          12  Year:        1986  N:         217
 Failed SN SD test.
 Parm:Temp. Dew Pt.   Month:          12  Year:        1986  Mlevel=   10.0000000      SDlevel=   69.7479019      Days:         217
 Failed SN SD test.
 Parm:Precip. Amt.    Month:          12  Year:        1987  Mlevel=   20.0000000      SDlevel=   58.5854759      Days:          33
 Failed SN SD test.
 Parm:Precip. Amt.    Month:          12  Year:        1987  Mlevel=   20.0000000      SDlevel=   57.3857193      Days:          33
 Failed SN SD test.
 Parm:Precip. Amt.    Month:          12  Year:        1987  Mlevel=   10.0000000      SDlevel=   59.7099762      Days:          33
 Failed SN SD test.
 Parm:Precip. Amt.    Month:          12  Year:        1987  Mlevel=   10.0000000      SDlevel=   58.9712029      Days:          33
 Failed SN SD test.
 Parm:Precip. Amt.    Month:          12  Year:        1987  Mlevel=   5.00000000      SDlevel=   55.1735458      Days:          33
*** ERROR *** Could not produce desired level of quality in
                    << Precip. Amt.    >> random deviates.
 Failed SN SD test.
 Parm:Temp. Dew Pt.   Month:          12  Year:        1987  Mlevel=   20.0000000      SDlevel=   99.0192261      Days:         248
 Failed SN SD test.
 Parm:Temp. Dew Pt.   Month:          12  Year:        1988  Mlevel=   20.0000000      SDlevel=   99.8522415      Days:         279
 FAILED K-S -- Parm:Temp. Dew Pt.   Mon:          12  Year:        1988  N:         217
 Failed SN SD test.
 Parm:Temp. Dew Pt.   Month:          12  Year:        1988  Mlevel=   20.0000000      SDlevel=   99.8522415      Days:         279
 Failed SN SD test.
 Parm:Temp. Dew Pt.   Month:          12  Year:        1988  Mlevel=   10.0000000      SDlevel=   99.6390305      Days:         279
 Failed SN SD test.
 Parm:Temp. Dew Pt.   Month:          12  Year:        1988  Mlevel=   10.0000000      SDlevel=   99.9347992      Days:         279
 FAILED K-S -- Parm:Temp. Dew Pt.   Mon:          12  Year:        1988  N:         217
 Failed SN SD test.
 Parm:Temp. Dew Pt.   Month:          12  Year:        1988  Mlevel=   10.0000000      SDlevel=   99.9347992      Days:         279
*** ERROR *** Could not produce desired level of quality in
                    << Temp. Dew Pt.   >> random deviates.
 Failed SN SD test.
 Parm:Temp. Dew Pt.   Month:          12  Year:        1989  Mlevel=   20.0000000      SDlevel=   99.9843216      Days:         310
 Failed SN SD test.
 Parm:Temp. Dew Pt.   Month:          12  Year:        1989  Mlevel=   20.0000000      SDlevel=   99.9720383      Days:         310
 Failed SN SD test.
 Parm:Temp. Dew Pt.   Month:          12  Year:        1989  Mlevel=   10.0000000      SDlevel=   99.9934616      Days:         310
 FAILED K-S -- Parm:Temp. Dew Pt.   Mon:          12  Year:        1989  N:         248
 Failed SN SD test.
 Parm:Temp. Dew Pt.   Month:          12  Year:        1989  Mlevel=   10.0000000      SDlevel=   99.9934616      Days:         310
 FAILED K-S -- Parm:Temp. Dew Pt.   Mon:          12  Year:        1989  N:         248
 Failed SN SD test.
 Parm:Temp. Dew Pt.   Month:          12  Year:        1989  Mlevel=   10.0000000      SDlevel=   99.9934616      Days:         310
*** ERROR *** Could not produce desired level of quality in
                    << Temp. Dew Pt.   >> random deviates.
 Tdew -10 rangecheck executed.
 Tdew -10 rangecheck executed.
 FAILED K-S -- Parm:Temp. Dew Pt.   Mon:          12  Year:        1990  N:         279
 Failed SN SD test.
 Parm:Temp. Dew Pt.   Month:          12  Year:        1990  Mlevel=   20.0000000      SDlevel=   99.9077911      Days:         341
 FAILED K-S -- Parm:Temp. Dew Pt.   Mon:          12  Year:        1990  N:         279
 Failed SN SD test.
 Parm:Temp. Dew Pt.   Month:          12  Year:        1990  Mlevel=   20.0000000      SDlevel=   99.9077911      Days:         341
 FAILED K-S -- Parm:Temp. Dew Pt.   Mon:          12  Year:        1990  N:         279
 Failed SN SD test.
 Parm:Temp. Dew Pt.   Month:          12  Year:        1990  Mlevel=   20.0000000      SDlevel=   99.9077911      Days:         341
 FAILED K-S -- Parm:Temp. Dew Pt.   Mon:          12  Year:        1990  N:         279
 Failed SN SD test.
 Parm:Temp. Dew Pt.   Month:          12  Year:        1990  Mlevel=   20.0000000      SDlevel=   99.9077911      Days:         341
 FAILED K-S -- Parm:Temp. Dew Pt.   Mon:          12  Year:        1990  N:         279
 Failed SN SD test.
 Parm:Temp. Dew Pt.   Month:          12  Year:        1990  Mlevel=   20.0000000      SDlevel=   99.9077911      Days:         341
*** ERROR *** Could not produce desired level of quality in
                    << Temp. Dew Pt.   >> random deviates.
 FAILED K-S -- Parm:Temp. Dew Pt.   Mon:          12  Year:        1991  N:         310
 Failed SN SD test.
 Parm:Temp. Dew Pt.   Month:          12  Year:        1991  Mlevel=   50.0000000      SDlevel=   97.5842438      Days:         372
 FAILED K-S -- Parm:Temp. Dew Pt.   Mon:          12  Year:        1991  N:         310
 Failed SN SD test.
 Parm:Temp. Dew Pt.   Month:          12  Year:        1991  Mlevel=   50.0000000      SDlevel=   97.5842438      Days:         372
 FAILED K-S -- Parm:Temp. Dew Pt.   Mon:          12  Year:        1991  N:         310
 Failed SN SD test.
 Parm:Temp. Dew Pt.   Month:          12  Year:        1991  Mlevel=   50.0000000      SDlevel=   97.5842438      Days:         372
 FAILED K-S -- Parm:Temp. Dew Pt.   Mon:          12  Year:        1991  N:         310
At line 3013 of file cligen53.f (unit = 9, file = '0500000US40073.prn')
Fortran runtime error: Sequential READ or WRITE not allowed after EOF marker, possibly use REWIND or BACKSPACE
 Failed SN SD test.
 Parm:Temp. Dew Pt.   Month:          12  Year:        1991  Mlevel=   50.0000000      SDlevel=   97.5842438      Days:         372
 FAILED K-S -- Parm:Temp. Dew Pt.   Mon:          12  Year:        1991  N:         310
 Failed SN SD test.
 Parm:Temp. Dew Pt.   Month:          12  Year:        1991  Mlevel=   50.0000000      SDlevel=   97.5842438      Days:         372
*** ERROR *** Could not produce desired level of quality in
                    << Temp. Dew Pt.   >> random deviates.
 FAILED K-S -- Parm:Temp. Dew Pt.   Mon:          12  Year:        1992  N:         341
 Failed SN SD test.
 Parm:Temp. Dew Pt.   Month:          12  Year:        1992  Mlevel=   10.0000000      SDlevel=   99.6922760      Days:         403
 FAILED K-S -- Parm:Temp. Dew Pt.   Mon:          12  Year:        1992  N:         341
 Failed SN SD test.
 Parm:Temp. Dew Pt.   Month:          12  Year:        1992  Mlevel=   10.0000000      SDlevel=   99.6922760      Days:         403
 Failed SN SD test.
 Parm:Temp. Dew Pt.   Month:          12  Year:        1992  Mlevel=   20.0000000      SDlevel=   99.9450607      Days:         403
 FAILED K-S -- Parm:Temp. Dew Pt.   Mon:          12  Year:        1992  N:         341
 Failed SN SD test.
 Parm:Temp. Dew Pt.   Month:          12  Year:        1992  Mlevel=   20.0000000      SDlevel=   99.9450607      Days:         403
 FAILED K-S -- Parm:Temp. Dew Pt.   Mon:          12  Year:        1992  N:         341
 Failed SN SD test.
 Parm:Temp. Dew Pt.   Month:          12  Year:        1992  Mlevel=   20.0000000      SDlevel=   99.9450607      Days:         403
*** ERROR *** Could not produce desired level of quality in
                    << Temp. Dew Pt.   >> random deviates.
 FAILED K-S -- Parm:Temp. Dew Pt.   Mon:          12  Year:        1993  N:         372
 Failed SN SD test.
 Parm:Temp. Dew Pt.   Month:          12  Year:        1993  Mlevel=   50.0000000      SDlevel=   99.2138443      Days:         434
 Failed SN SD test.
 Parm:Temp. Dew Pt.   Month:          12  Year:        1993  Mlevel=   40.0000000      SDlevel=   99.6377029      Days:         434
 Failed SN SD test.
 Parm:Temp. Dew Pt.   Month:          12  Year:        1993  Mlevel=   5.00000000      SDlevel=   97.6287613      Days:         434
 FAILED K-S -- Parm:Temp. Dew Pt.   Mon:          12  Year:        1993  N:         372
 Failed SN SD test.
 Parm:Temp. Dew Pt.   Month:          12  Year:        1993  Mlevel=   5.00000000      SDlevel=   97.6287613      Days:         434
 FAILED K-S -- Parm:Temp. Dew Pt.   Mon:          12  Year:        1993  N:         372
 Failed SN SD test.
 Parm:Temp. Dew Pt.   Month:          12  Year:        1993  Mlevel=   5.00000000      SDlevel=   97.6287613      Days:         434
*** ERROR *** Could not produce desired level of quality in
                    << Temp. Dew Pt.   >> random deviates.
 Tdew -10 rangecheck executed.
 Tdew -10 rangecheck executed.
 Tdew -10 rangecheck executed.
 Tdew -10 rangecheck executed.
 Tdew -10 rangecheck executed.
