

  ********************************************************************
  *                                                                  *
  *              USDA - WATER EROSION PREDICTION PROJECT             *
  *                 WEPP CLIMATE INPUT DATA GENERATOR                *
  *                                                                  *
  *                    CONTINUOUS SIMULATION AND                     *
  *                       SINGLE STORM OPTIONS                       *
  *                    with Command Line Options,                    *
  *                        and Corrections to                        *
  *                  Rainfall Intensity Calculations                 *
  *                   and Random Number Generation.                  *
  *                                                                  *
  *                          VERSION 5.30000                         *
  *                     Revised from VERSION 4.2                     *
  *                           October 2004                           *
  *                                                                  *
  *           (Use -h or /h to list command line options.)           *
  *                                                                  *
  ********************************************************************


 in129670.par                                                                                                                                                                                                                                                    
 0500000US18131.prn                                                                                                                                                                                                                                              
 Tdew -10 rangecheck executed.
 Tdew -10 rangecheck executed.
 Tdew -10 rangecheck executed.
 Tdew -10 rangecheck executed.
 Tdew -10 rangecheck executed.
 Tdew -10 rangecheck executed.
 Tdew -10 rangecheck executed.
 FAILED K-S -- Parm:Time to Peak    Mon:           6  Year:        1989  N:         109
 FAILED K-S -- Parm:Time to Peak    Mon:           6  Year:        1989  N:         109
 FAILED K-S -- Parm:Time to Peak    Mon:           6  Year:        1989  N:         109
 FAILED K-S -- Parm:Time to Peak    Mon:           6  Year:        1989  N:         109
 FAILED K-S -- Parm:Time to Peak    Mon:           6  Year:        1989  N:         109
*** ERROR *** Could not produce desired level of quality in
                    << Time to Peak    >> random deviates.
 Tdew -10 rangecheck executed.
 Tdew -10 rangecheck executed.
 Tdew -10 rangecheck executed.
 FAILED K-S -- Parm:Time to Peak    Mon:           6  Year:        1990  N:         121
 FAILED K-S -- Parm:Time to Peak    Mon:           6  Year:        1990  N:         121
 FAILED K-S -- Parm:Time to Peak    Mon:           6  Year:        1990  N:         121
 FAILED K-S -- Parm:Time to Peak    Mon:           6  Year:        1990  N:         121
 FAILED K-S -- Parm:Time to Peak    Mon:           6  Year:        1990  N:         121
*** ERROR *** Could not produce desired level of quality in
                    << Time to Peak    >> random deviates.
 FAILED K-S -- Parm:Time to Peak    Mon:           6  Year:        1991  N:         126
 FAILED K-S -- Parm:Time to Peak    Mon:           6  Year:        1991  N:         126
 FAILED K-S -- Parm:Time to Peak    Mon:           6  Year:        1991  N:         126
 FAILED K-S -- Parm:Time to Peak    Mon:           6  Year:        1991  N:         126
 FAILED K-S -- Parm:Time to Peak    Mon:           6  Year:        1991  N:         126
*** ERROR *** Could not produce desired level of quality in
                    << Time to Peak    >> random deviates.
 FAILED K-S -- Parm:Time to Peak    Mon:           6  Year:        1992  N:         137
 FAILED K-S -- Parm:Time to Peak    Mon:           6  Year:        1992  N:         137
 FAILED K-S -- Parm:Time to Peak    Mon:           6  Year:        1992  N:         137
 FAILED K-S -- Parm:Time to Peak    Mon:           6  Year:        1992  N:         137
 FAILED K-S -- Parm:Time to Peak    Mon:           6  Year:        1992  N:         137
*** ERROR *** Could not produce desired level of quality in
                    << Time to Peak    >> random deviates.
 FAILED K-S -- Parm:Time to Peak    Mon:           6  Year:        1993  N:         149
 FAILED K-S -- Parm:Time to Peak    Mon:           6  Year:        1993  N:         149
 FAILED K-S -- Parm:Time to Peak    Mon:           6  Year:        1993  N:         149
 FAILED K-S -- Parm:Time to Peak    Mon:           6  Year:        1993  N:         149
 FAILED K-S -- Parm:Time to Peak    Mon:           6  Year:        1993  N:         149
*** ERROR *** Could not produce desired level of quality in
                    << Time to Peak    >> random deviates.
 FAILED K-S -- Parm:Time to Peak    Mon:           9  Year:        1993  N:         107
 FAILED K-S -- Parm:Time to Peak    Mon:           9  Year:        1993  N:         107
 FAILED K-S -- Parm:Time to Peak    Mon:           9  Year:        1993  N:         107
 FAILED K-S -- Parm:Time to Peak    Mon:           9  Year:        1993  N:         107
 FAILED K-S -- Parm:Time to Peak    Mon:           9  Year:        1993  N:         107
*** ERROR *** Could not produce desired level of quality in
                    << Time to Peak    >> random deviates.
 Tdew -10 rangecheck executed.
 Tdew -10 rangecheck executed.
 Tdew -10 rangecheck executed.
 FAILED K-S -- Parm:Time to Peak    Mon:           6  Year:        1994  N:         166
 FAILED K-S -- Parm:Time to Peak    Mon:           6  Year:        1994  N:         166
 FAILED K-S -- Parm:Time to Peak    Mon:           6  Year:        1994  N:         166
 FAILED K-S -- Parm:Time to Peak    Mon:           6  Year:        1994  N:         166
 FAILED K-S -- Parm:Time to Peak    Mon:           6  Year:        1994  N:         166
*** ERROR *** Could not produce desired level of quality in
                    << Time to Peak    >> random deviates.
 FAILED K-S -- Parm:Time to Peak    Mon:           9  Year:        1994  N:         116
 FAILED K-S -- Parm:Time to Peak    Mon:           9  Year:        1994  N:         116
 FAILED K-S -- Parm:Time to Peak    Mon:           9  Year:        1994  N:         116
 FAILED K-S -- Parm:Time to Peak    Mon:           9  Year:        1994  N:         116
 FAILED K-S -- Parm:Time to Peak    Mon:           9  Year:        1994  N:         116
*** ERROR *** Could not produce desired level of quality in
                    << Time to Peak    >> random deviates.
 FAILED K-S -- Parm:Time to Peak    Mon:           6  Year:        1995  N:         179
 FAILED K-S -- Parm:Time to Peak    Mon:           6  Year:        1995  N:         179
 FAILED K-S -- Parm:Time to Peak    Mon:           6  Year:        1995  N:         179
 FAILED K-S -- Parm:Time to Peak    Mon:           6  Year:        1995  N:         179
 FAILED K-S -- Parm:Time to Peak    Mon:           6  Year:        1995  N:         179
*** ERROR *** Could not produce desired level of quality in
                    << Time to Peak    >> random deviates.
 FAILED K-S -- Parm:Time to Peak    Mon:           9  Year:        1995  N:         119
 FAILED K-S -- Parm:Time to Peak    Mon:           9  Year:        1995  N:         119
 FAILED K-S -- Parm:Time to Peak    Mon:           9  Year:        1995  N:         119
 FAILED K-S -- Parm:Time to Peak    Mon:           9  Year:        1995  N:         119
 FAILED K-S -- Parm:Time to Peak    Mon:           9  Year:        1995  N:         119
*** ERROR *** Could not produce desired level of quality in
                    << Time to Peak    >> random deviates.
 Tdew -10 rangecheck executed.
 Tdew -10 rangecheck executed.
 Tdew -10 rangecheck executed.
 FAILED K-S -- Parm:Time to Peak    Mon:           9  Year:        1996  N:         127
 FAILED K-S -- Parm:Time to Peak    Mon:           9  Year:        1996  N:         127
 FAILED K-S -- Parm:Time to Peak    Mon:           9  Year:        1996  N:         127
 FAILED K-S -- Parm:Time to Peak    Mon:           9  Year:        1996  N:         127
 FAILED K-S -- Parm:Time to Peak    Mon:           9  Year:        1996  N:         127
*** ERROR *** Could not produce desired level of quality in
                    << Time to Peak    >> random deviates.
 Tdew -10 rangecheck executed.
 FAILED K-S -- Parm:Time to Peak    Mon:           9  Year:        1997  N:         136
 FAILED K-S -- Parm:Time to Peak    Mon:           9  Year:        1997  N:         136
 FAILED K-S -- Parm:Time to Peak    Mon:           9  Year:        1997  N:         136
 FAILED K-S -- Parm:Time to Peak    Mon:           9  Year:        1997  N:         136
 FAILED K-S -- Parm:Time to Peak    Mon:           9  Year:        1997  N:         136
*** ERROR *** Could not produce desired level of quality in
                    << Time to Peak    >> random deviates.
 FAILED K-S -- Parm:Time to Peak    Mon:           9  Year:        1998  N:         139
 FAILED K-S -- Parm:Time to Peak    Mon:           9  Year:        1998  N:         139
 FAILED K-S -- Parm:Time to Peak    Mon:           9  Year:        1998  N:         139
 FAILED K-S -- Parm:Time to Peak    Mon:           9  Year:        1998  N:         139
 FAILED K-S -- Parm:Time to Peak    Mon:           9  Year:        1998  N:         139
*** ERROR *** Could not produce desired level of quality in
                    << Time to Peak    >> random deviates.
 FAILED K-S -- Parm:Time to Peak    Mon:           9  Year:        1999  N:         148
 FAILED K-S -- Parm:Time to Peak    Mon:           9  Year:        1999  N:         148
 FAILED K-S -- Parm:Time to Peak    Mon:           9  Year:        1999  N:         148
 FAILED K-S -- Parm:Time to Peak    Mon:           9  Year:        1999  N:         148
 FAILED K-S -- Parm:Time to Peak    Mon:           9  Year:        1999  N:         148
*** ERROR *** Could not produce desired level of quality in
                    << Time to Peak    >> random deviates.
 FAILED K-S -- Parm:Time to Peak    Mon:           9  Year:        2000  N:         158
 FAILED K-S -- Parm:Time to Peak    Mon:           9  Year:        2000  N:         158
 FAILED K-S -- Parm:Time to Peak    Mon:           9  Year:        2000  N:         158
 FAILED K-S -- Parm:Time to Peak    Mon:           9  Year:        2000  N:         158
 FAILED K-S -- Parm:Time to Peak    Mon:           9  Year:        2000  N:         158
*** ERROR *** Could not produce desired level of quality in
                    << Time to Peak    >> random deviates.
 FAILED K-S -- Parm:Time to Peak    Mon:           9  Year:        2001  N:         164
 FAILED K-S -- Parm:Time to Peak    Mon:           9  Year:        2001  N:         164
 FAILED K-S -- Parm:Time to Peak    Mon:           9  Year:        2001  N:         164
 FAILED K-S -- Parm:Time to Peak    Mon:           9  Year:        2001  N:         164
 FAILED K-S -- Parm:Time to Peak    Mon:           9  Year:        2001  N:         164
*** ERROR *** Could not produce desired level of quality in
                    << Time to Peak    >> random deviates.
 FAILED K-S -- Parm:Time to Peak    Mon:           9  Year:        2002  N:         172
 FAILED K-S -- Parm:Time to Peak    Mon:           9  Year:        2002  N:         172
 FAILED K-S -- Parm:Time to Peak    Mon:           9  Year:        2002  N:         172
 FAILED K-S -- Parm:Time to Peak    Mon:           9  Year:        2002  N:         172
 FAILED K-S -- Parm:Time to Peak    Mon:           9  Year:        2002  N:         172
*** ERROR *** Could not produce desired level of quality in
                    << Time to Peak    >> random deviates.
 FAILED K-S -- Parm:Time to Peak    Mon:           9  Year:        2003  N:         179
 FAILED K-S -- Parm:Time to Peak    Mon:           9  Year:        2003  N:         179
 FAILED K-S -- Parm:Time to Peak    Mon:           9  Year:        2003  N:         179
 FAILED K-S -- Parm:Time to Peak    Mon:           9  Year:        2003  N:         179
 FAILED K-S -- Parm:Time to Peak    Mon:           9  Year:        2003  N:         179
*** ERROR *** Could not produce desired level of quality in
                    << Time to Peak    >> random deviates.
 Tdew -10 rangecheck executed.
 FAILED K-S -- Parm:Time to Peak    Mon:           9  Year:        2004  N:         187
 FAILED K-S -- Parm:Time to Peak    Mon:           9  Year:        2004  N:         187
 FAILED K-S -- Parm:Time to Peak    Mon:           9  Year:        2004  N:         187
 FAILED K-S -- Parm:Time to Peak    Mon:           9  Year:        2004  N:         187
 FAILED K-S -- Parm:Time to Peak    Mon:           9  Year:        2004  N:         187
*** ERROR *** Could not produce desired level of quality in
                    << Time to Peak    >> random deviates.
 FAILED K-S -- Parm:Time to Peak    Mon:           9  Year:        2005  N:         192
 FAILED K-S -- Parm:Time to Peak    Mon:           9  Year:        2005  N:         192
 FAILED K-S -- Parm:Time to Peak    Mon:           9  Year:        2005  N:         192
 FAILED K-S -- Parm:Time to Peak    Mon:           9  Year:        2005  N:         192
 FAILED K-S -- Parm:Time to Peak    Mon:           9  Year:        2005  N:         192
*** ERROR *** Could not produce desired level of quality in
                    << Time to Peak    >> random deviates.
 FAILED K-S -- Parm:Time to Peak    Mon:           9  Year:        2006  N:         200
 FAILED K-S -- Parm:Time to Peak    Mon:           9  Year:        2006  N:         200
 FAILED K-S -- Parm:Time to Peak    Mon:           9  Year:        2006  N:         200
 FAILED K-S -- Parm:Time to Peak    Mon:           9  Year:        2006  N:         200
 FAILED K-S -- Parm:Time to Peak    Mon:           9  Year:        2006  N:         200
*** ERROR *** Could not produce desired level of quality in
                    << Time to Peak    >> random deviates.
 Tdew -10 rangecheck executed.
 FAILED K-S -- Parm:Time to Peak    Mon:           9  Year:        2007  N:         213
 FAILED K-S -- Parm:Time to Peak    Mon:           9  Year:        2007  N:         213
 FAILED K-S -- Parm:Time to Peak    Mon:           9  Year:        2007  N:         213
 FAILED K-S -- Parm:Time to Peak    Mon:           9  Year:        2007  N:         213
 FAILED K-S -- Parm:Time to Peak    Mon:           9  Year:        2007  N:         213
*** ERROR *** Could not produce desired level of quality in
                    << Time to Peak    >> random deviates.
 Tdew -10 rangecheck executed.
 FAILED K-S -- Parm:Time to Peak    Mon:           9  Year:        2008  N:         219
 FAILED K-S -- Parm:Time to Peak    Mon:           9  Year:        2008  N:         219
 FAILED K-S -- Parm:Time to Peak    Mon:           9  Year:        2008  N:         219
 FAILED K-S -- Parm:Time to Peak    Mon:           9  Year:        2008  N:         219
 FAILED K-S -- Parm:Time to Peak    Mon:           9  Year:        2008  N:         219
*** ERROR *** Could not produce desired level of quality in
                    << Time to Peak    >> random deviates.
 Tdew -10 rangecheck executed.
 FAILED K-S -- Parm:Time to Peak    Mon:           9  Year:        2009  N:         224
 FAILED K-S -- Parm:Time to Peak    Mon:           9  Year:        2009  N:         224
 FAILED K-S -- Parm:Time to Peak    Mon:           9  Year:        2009  N:         224
 FAILED K-S -- Parm:Time to Peak    Mon:           9  Year:        2009  N:         224
 FAILED K-S -- Parm:Time to Peak    Mon:           9  Year:        2009  N:         224
*** ERROR *** Could not produce desired level of quality in
                    << Time to Peak    >> random deviates.
 FAILED K-S -- Parm:Time to Peak    Mon:           9  Year:        2010  N:         237
 FAILED K-S -- Parm:Time to Peak    Mon:           9  Year:        2010  N:         237
 FAILED K-S -- Parm:Time to Peak    Mon:           9  Year:        2010  N:         237
 FAILED K-S -- Parm:Time to Peak    Mon:           9  Year:        2010  N:         237
 FAILED K-S -- Parm:Time to Peak    Mon:           9  Year:        2010  N:         237
*** ERROR *** Could not produce desired level of quality in
At line 3013 of file cligen53.f (unit = 9, file = '0500000US18131.prn')
Fortran runtime error: Sequential READ or WRITE not allowed after EOF marker, possibly use REWIND or BACKSPACE
                    << Time to Peak    >> random deviates.
 FAILED K-S -- Parm:Time to Peak    Mon:           9  Year:        2011  N:         242
 FAILED K-S -- Parm:Time to Peak    Mon:           9  Year:        2011  N:         242
 FAILED K-S -- Parm:Time to Peak    Mon:           9  Year:        2011  N:         242
 FAILED K-S -- Parm:Time to Peak    Mon:           9  Year:        2011  N:         242
 FAILED K-S -- Parm:Time to Peak    Mon:           9  Year:        2011  N:         242
*** ERROR *** Could not produce desired level of quality in
                    << Time to Peak    >> random deviates.
 FAILED K-S -- Parm:Time to Peak    Mon:           9  Year:        2012  N:         250
 FAILED K-S -- Parm:Time to Peak    Mon:           9  Year:        2012  N:         250
 FAILED K-S -- Parm:Time to Peak    Mon:           9  Year:        2012  N:         250
 FAILED K-S -- Parm:Time to Peak    Mon:           9  Year:        2012  N:         250
 FAILED K-S -- Parm:Time to Peak    Mon:           9  Year:        2012  N:         250
*** ERROR *** Could not produce desired level of quality in
                    << Time to Peak    >> random deviates.
 FAILED K-S -- Parm:Time to Peak    Mon:           9  Year:        2013  N:         258
 FAILED K-S -- Parm:Time to Peak    Mon:           9  Year:        2013  N:         258
 FAILED K-S -- Parm:Time to Peak    Mon:           9  Year:        2013  N:         258
 FAILED K-S -- Parm:Time to Peak    Mon:           9  Year:        2013  N:         258
 FAILED K-S -- Parm:Time to Peak    Mon:           9  Year:        2013  N:         258
*** ERROR *** Could not produce desired level of quality in
                    << Time to Peak    >> random deviates.
 Tdew -10 rangecheck executed.
 Tdew -10 rangecheck executed.
 FAILED K-S -- Parm:Time to Peak    Mon:           9  Year:        2014  N:         271
 FAILED K-S -- Parm:Time to Peak    Mon:           9  Year:        2014  N:         271
 FAILED K-S -- Parm:Time to Peak    Mon:           9  Year:        2014  N:         271
 FAILED K-S -- Parm:Time to Peak    Mon:           9  Year:        2014  N:         271
 FAILED K-S -- Parm:Time to Peak    Mon:           9  Year:        2014  N:         271
*** ERROR *** Could not produce desired level of quality in
                    << Time to Peak    >> random deviates.
 FAILED K-S -- Parm:Time to Peak    Mon:           9  Year:        2015  N:         274
 FAILED K-S -- Parm:Time to Peak    Mon:           9  Year:        2015  N:         274
 FAILED K-S -- Parm:Time to Peak    Mon:           9  Year:        2015  N:         274
 FAILED K-S -- Parm:Time to Peak    Mon:           9  Year:        2015  N:         274
 FAILED K-S -- Parm:Time to Peak    Mon:           9  Year:        2015  N:         274
*** ERROR *** Could not produce desired level of quality in
                    << Time to Peak    >> random deviates.
 FAILED K-S -- Parm:Time to Peak    Mon:           9  Year:        2016  N:         280
 FAILED K-S -- Parm:Time to Peak    Mon:           9  Year:        2016  N:         280
 FAILED K-S -- Parm:Time to Peak    Mon:           9  Year:        2016  N:         280
 FAILED K-S -- Parm:Time to Peak    Mon:           9  Year:        2016  N:         280
 FAILED K-S -- Parm:Time to Peak    Mon:           9  Year:        2016  N:         280
*** ERROR *** Could not produce desired level of quality in
                    << Time to Peak    >> random deviates.
 FAILED K-S -- Parm:Time to Peak    Mon:           9  Year:        2017  N:         284
 FAILED K-S -- Parm:Time to Peak    Mon:           9  Year:        2017  N:         284
 FAILED K-S -- Parm:Time to Peak    Mon:           9  Year:        2017  N:         284
 FAILED K-S -- Parm:Time to Peak    Mon:           9  Year:        2017  N:         284
 FAILED K-S -- Parm:Time to Peak    Mon:           9  Year:        2017  N:         284
*** ERROR *** Could not produce desired level of quality in
                    << Time to Peak    >> random deviates.
