

  ********************************************************************
  *                                                                  *
  *              USDA - WATER EROSION PREDICTION PROJECT             *
  *                 WEPP CLIMATE INPUT DATA GENERATOR                *
  *                                                                  *
  *                    CONTINUOUS SIMULATION AND                     *
  *                       SINGLE STORM OPTIONS                       *
  *                    with Command Line Options,                    *
  *                        and Corrections to                        *
  *                  Rainfall Intensity Calculations                 *
  *                   and Random Number Generation.                  *
  *                                                                  *
  *                          VERSION 5.30000                         *
  *                     Revised from VERSION 4.2                     *
  *                           October 2004                           *
  *                                                                  *
  *           (Use -h or /h to list command line options.)           *
  *                                                                  *
  ********************************************************************


 co053488.par                                                                                                                                                                                                                                                    
 0500000US08077.prn                                                                                                                                                                                                                                              
 Tdew -10 rangecheck executed.
 Tdew -10 rangecheck executed.
 FAILED K-S -- Parm:Time to Peak    Mon:           3  Year:        1994  N:         108
 FAILED K-S -- Parm:Time to Peak    Mon:           3  Year:        1994  N:         108
 FAILED K-S -- Parm:Time to Peak    Mon:           3  Year:        1994  N:         108
 FAILED K-S -- Parm:Time to Peak    Mon:           3  Year:        1994  N:         108
 FAILED K-S -- Parm:Time to Peak    Mon:           3  Year:        1994  N:         108
*** ERROR *** Could not produce desired level of quality in
                    << Time to Peak    >> random deviates.
 FAILED K-S -- Parm:Time to Peak    Mon:           3  Year:        1995  N:         119
 FAILED K-S -- Parm:Time to Peak    Mon:           3  Year:        1995  N:         119
 FAILED K-S -- Parm:Time to Peak    Mon:           3  Year:        1995  N:         119
 FAILED K-S -- Parm:Time to Peak    Mon:           3  Year:        1995  N:         119
 FAILED K-S -- Parm:Time to Peak    Mon:           3  Year:        1995  N:         119
*** ERROR *** Could not produce desired level of quality in
                    << Time to Peak    >> random deviates.
 FAILED K-S -- Parm:Time to Peak    Mon:           3  Year:        1996  N:         132
 FAILED K-S -- Parm:Time to Peak    Mon:           3  Year:        1996  N:         132
 FAILED K-S -- Parm:Time to Peak    Mon:           3  Year:        1996  N:         132
 FAILED K-S -- Parm:Time to Peak    Mon:           3  Year:        1996  N:         132
 FAILED K-S -- Parm:Time to Peak    Mon:           3  Year:        1996  N:         132
*** ERROR *** Could not produce desired level of quality in
                    << Time to Peak    >> random deviates.
 Failed SN SD test.
 Parm:Precip. Amt.    Month:           7  Year:        1996  Mlevel=   20.0000000      SDlevel=   53.5877342      Days:          83
 Failed SN SD test.
 Parm:Precip. Amt.    Month:           7  Year:        1996  Mlevel=   20.0000000      SDlevel=   54.4800529      Days:          83
 Failed SN SD test.
 Parm:Precip. Amt.    Month:           7  Year:        1996  Mlevel=   20.0000000      SDlevel=   54.2232513      Days:          83
 Failed SN SD test.
 Parm:Precip. Amt.    Month:           7  Year:        1996  Mlevel=   20.0000000      SDlevel=   54.4456253      Days:          83
At line 3013 of file cligen53.f (unit = 9, file = '0500000US08077.prn')
Fortran runtime error: Sequential READ or WRITE not allowed after EOF marker, possibly use REWIND or BACKSPACE
 Failed SN SD test.
 Parm:Precip. Amt.    Month:           7  Year:        1996  Mlevel=   20.0000000      SDlevel=   54.4800529      Days:          83
*** ERROR *** Could not produce desired level of quality in
                    << Precip. Amt.    >> random deviates.
 FAILED K-S -- Parm:Wind Vel.       Mon:           7  Year:        1996  N:         527
 FAILED K-S -- Parm:Time to Peak    Mon:           3  Year:        1997  N:         134
 FAILED K-S -- Parm:Time to Peak    Mon:           3  Year:        1997  N:         134
 FAILED K-S -- Parm:Time to Peak    Mon:           3  Year:        1997  N:         134
 FAILED K-S -- Parm:Time to Peak    Mon:           3  Year:        1997  N:         134
 FAILED K-S -- Parm:Time to Peak    Mon:           3  Year:        1997  N:         134
*** ERROR *** Could not produce desired level of quality in
                    << Time to Peak    >> random deviates.
