At line 3013 of file cligen53.f (unit = 9, file = '0500000US48039.prn')
Fortran runtime error: Sequential READ or WRITE not allowed after EOF marker, possibly use REWIND or BACKSPACE


  ********************************************************************
  *                                                                  *
  *              USDA - WATER EROSION PREDICTION PROJECT             *
  *                 WEPP CLIMATE INPUT DATA GENERATOR                *
  *                                                                  *
  *                    CONTINUOUS SIMULATION AND                     *
  *                       SINGLE STORM OPTIONS                       *
  *                    with Command Line Options,                    *
  *                        and Corrections to                        *
  *                  Rainfall Intensity Calculations                 *
  *                   and Random Number Generation.                  *
  *                                                                  *
  *                          VERSION 5.30000                         *
  *                     Revised from VERSION 4.2                     *
  *                           October 2004                           *
  *                                                                  *
  *           (Use -h or /h to list command line options.)           *
  *                                                                  *
  ********************************************************************


 tx410257.par                                                                                                                                                                                                                                                    
 0500000US48039.prn                                                                                                                                                                                                                                              
 FAILED K-S -- Parm:Time to Peak    Mon:           8  Year:        1993  N:         100
 FAILED K-S -- Parm:Time to Peak    Mon:           8  Year:        1993  N:         100
 FAILED K-S -- Parm:Time to Peak    Mon:           8  Year:        1993  N:         100
 FAILED K-S -- Parm:Time to Peak    Mon:           8  Year:        1993  N:         100
 FAILED K-S -- Parm:Time to Peak    Mon:           8  Year:        1993  N:         100
*** ERROR *** Could not produce desired level of quality in
                    << Time to Peak    >> random deviates.
 FAILED K-S -- Parm:Precip. Amt.    Mon:          11  Year:        1995  N:         108
 FAILED K-S -- Parm:Precip. Amt.    Mon:          11  Year:        1995  N:         108
 FAILED K-S -- Parm:Precip. Amt.    Mon:          11  Year:        1995  N:         108
 FAILED K-S -- Parm:Precip. Amt.    Mon:          11  Year:        1995  N:         108
 FAILED K-S -- Parm:Precip. Amt.    Mon:          11  Year:        1995  N:         108
*** ERROR *** Could not produce desired level of quality in
                    << Precip. Amt.    >> random deviates.
 FAILED K-S -- Parm:Precip. Amt.    Mon:          11  Year:        1996  N:         109
 FAILED K-S -- Parm:Precip. Amt.    Mon:          11  Year:        1996  N:         109
 FAILED K-S -- Parm:Precip. Amt.    Mon:          11  Year:        1996  N:         109
 FAILED K-S -- Parm:Precip. Amt.    Mon:          11  Year:        1996  N:         109
 FAILED K-S -- Parm:Precip. Amt.    Mon:          11  Year:        1996  N:         109
*** ERROR *** Could not produce desired level of quality in
                    << Precip. Amt.    >> random deviates.
