At line 3013 of file cligen53.f (unit = 9, file = '0500000US35059.prn')
Fortran runtime error: Sequential READ or WRITE not allowed after EOF marker, possibly use REWIND or BACKSPACE


  ********************************************************************
  *                                                                  *
  *              USDA - WATER EROSION PREDICTION PROJECT             *
  *                 WEPP CLIMATE INPUT DATA GENERATOR                *
  *                                                                  *
  *                    CONTINUOUS SIMULATION AND                     *
  *                       SINGLE STORM OPTIONS                       *
  *                    with Command Line Options,                    *
  *                        and Corrections to                        *
  *                  Rainfall Intensity Calculations                 *
  *                   and Random Number Generation.                  *
  *                                                                  *
  *                          VERSION 5.30000                         *
  *                     Revised from VERSION 4.2                     *
  *                           October 2004                           *
  *                                                                  *
  *           (Use -h or /h to list command line options.)           *
  *                                                                  *
  ********************************************************************


 nm293706.par                                                                                                                                                                                                                                                    
 0500000US35059.prn                                                                                                                                                                                                                                              
 Tdew -10 rangecheck executed.
 Tdew -10 rangecheck executed.
 Tdew -10 rangecheck executed.
 Tdew -10 rangecheck executed.
 Tdew -10 rangecheck executed.
 Tdew -10 rangecheck executed.
 Tdew -10 rangecheck executed.
 Tdew -10 rangecheck executed.
 Tdew -10 rangecheck executed.
 Tdew -10 rangecheck executed.
 Tdew -10 rangecheck executed.
 Tdew -10 rangecheck executed.
 Tdew -10 rangecheck executed.
 Tdew -10 rangecheck executed.
 Tdew -10 rangecheck executed.
 Failed SN SD test.
 Parm:Precip. Amt.    Month:          12  Year:        1998  Mlevel=   10.0000000      SDlevel=   54.4641151      Days:          53
 Failed SN SD test.
 Parm:Precip. Amt.    Month:          12  Year:        1998  Mlevel=   10.0000000      SDlevel=   53.9419899      Days:          53
 Failed SN SD test.
 Parm:Precip. Amt.    Month:          12  Year:        1998  Mlevel=   20.0000000      SDlevel=   53.7504387      Days:          53
 Failed SN SD test.
 Parm:Precip. Amt.    Month:          12  Year:        1998  Mlevel=   20.0000000      SDlevel=   52.0501633      Days:          53
 Failed SN SD test.
 Parm:Precip. Amt.    Month:          12  Year:        1998  Mlevel=   10.0000000      SDlevel=   52.5147667      Days:          53
*** ERROR *** Could not produce desired level of quality in
                    << Precip. Amt.    >> random deviates.
 Tdew -10 rangecheck executed.
 Tdew -10 rangecheck executed.
 Tdew -10 rangecheck executed.
 Tdew -10 rangecheck executed.
