

  ********************************************************************
  *                                                                  *
  *              USDA - WATER EROSION PREDICTION PROJECT             *
  *                 WEPP CLIMATE INPUT DATA GENERATOR                *
  *                                                                  *
  *                    CONTINUOUS SIMULATION AND                     *
  *                       SINGLE STORM OPTIONS                       *
  *                    with Command Line Options,                    *
  *                        and Corrections to                        *
  *                  Rainfall Intensity Calculations                 *
  *                   and Random Number Generation.                  *
  *                                                                  *
  *                          VERSION 5.30000                         *
  *                     Revised from VERSION 4.2                     *
  *                           October 2004                           *
  *                                                                  *
  *           (Use -h or /h to list command line options.)           *
  *                                                                  *
  ********************************************************************


 tx418449.par                                                                                                                                                                                                                                                    
 0500000US48413.prn                                                                                                                                                                                                                                              
 FAILED K-S -- Parm:Precip. Amt.    Mon:           2  Year:        2009  N:         105
 FAILED K-S -- Parm:Precip. Amt.    Mon:           2  Year:        2009  N:         105
 FAILED K-S -- Parm:Precip. Amt.    Mon:           2  Year:        2009  N:         105
 FAILED K-S -- Parm:Precip. Amt.    Mon:           2  Year:        2009  N:         105
 FAILED K-S -- Parm:Precip. Amt.    Mon:           2  Year:        2009  N:         105
*** ERROR *** Could not produce desired level of quality in
                    << Precip. Amt.    >> random deviates.
 FAILED K-S -- Parm:Time to Peak    Mon:           2  Year:        2009  N:         105
 FAILED K-S -- Parm:Precip. Amt.    Mon:           2  Year:        2010  N:         107
 FAILED K-S -- Parm:Precip. Amt.    Mon:           2  Year:        2010  N:         107
 FAILED K-S -- Parm:Precip. Amt.    Mon:           2  Year:        2010  N:         107
 FAILED K-S -- Parm:Precip. Amt.    Mon:           2  Year:        2010  N:         107
 FAILED K-S -- Parm:Precip. Amt.    Mon:           2  Year:        2010  N:         107
*** ERROR *** Could not produce desired level of quality in
                    << Precip. Amt.    >> random deviates.
 FAILED K-S -- Parm:Time to Peak    Mon:           1  Year:        2011  N:         101
 FAILED K-S -- Parm:Time to Peak    Mon:           1  Year:        2011  N:         101
 FAILED K-S -- Parm:Time to Peak    Mon:           1  Year:        2011  N:         101
 FAILED K-S -- Parm:Time to Peak    Mon:           1  Year:        2011  N:         101
 FAILED K-S -- Parm:Time to Peak    Mon:           1  Year:        2011  N:         101
*** ERROR *** Could not produce desired level of quality in
                    << Time to Peak    >> random deviates.
 FAILED K-S -- Parm:Precip. Amt.    Mon:           2  Year:        2011  N:         112
 FAILED K-S -- Parm:Precip. Amt.    Mon:           2  Year:        2011  N:         112
 FAILED K-S -- Parm:Precip. Amt.    Mon:           2  Year:        2011  N:         112
 FAILED K-S -- Parm:Precip. Amt.    Mon:           2  Year:        2011  N:         112
 FAILED K-S -- Parm:Precip. Amt.    Mon:           2  Year:        2011  N:         112
*** ERROR *** Could not produce desired level of quality in
                    << Precip. Amt.    >> random deviates.
 FAILED K-S -- Parm:Time to Peak    Mon:           2  Year:        2011  N:         104
 FAILED K-S -- Parm:Time to Peak    Mon:           3  Year:        2011  N:         103
 FAILED K-S -- Parm:Time to Peak    Mon:           3  Year:        2011  N:         103
 FAILED K-S -- Parm:Time to Peak    Mon:           3  Year:        2011  N:         103
 FAILED K-S -- Parm:Time to Peak    Mon:           3  Year:        2011  N:         103
 FAILED K-S -- Parm:Time to Peak    Mon:           3  Year:        2011  N:         103
*** ERROR *** Could not produce desired level of quality in
                    << Time to Peak    >> random deviates.
 FAILED K-S -- Parm:Precip. Amt.    Mon:           2  Year:        2012  N:         116
 FAILED K-S -- Parm:Precip. Amt.    Mon:           2  Year:        2012  N:         116
 FAILED K-S -- Parm:Precip. Amt.    Mon:           2  Year:        2012  N:         116
 FAILED K-S -- Parm:Precip. Amt.    Mon:           2  Year:        2012  N:         116
 FAILED K-S -- Parm:Precip. Amt.    Mon:           2  Year:        2012  N:         116
*** ERROR *** Could not produce desired level of quality in
                    << Precip. Amt.    >> random deviates.
 FAILED K-S -- Parm:Time to Peak    Mon:           2  Year:        2012  N:         103
 FAILED K-S -- Parm:Time to Peak    Mon:           3  Year:        2012  N:         104
 FAILED K-S -- Parm:Time to Peak    Mon:           3  Year:        2012  N:         104
 FAILED K-S -- Parm:Time to Peak    Mon:           3  Year:        2012  N:         104
 FAILED K-S -- Parm:Time to Peak    Mon:           3  Year:        2012  N:         104
 FAILED K-S -- Parm:Time to Peak    Mon:           3  Year:        2012  N:         104
*** ERROR *** Could not produce desired level of quality in
                    << Time to Peak    >> random deviates.
 FAILED K-S -- Parm:Time to Peak    Mon:           3  Year:        2013  N:         109
 FAILED K-S -- Parm:Time to Peak    Mon:           3  Year:        2013  N:         109
 FAILED K-S -- Parm:Time to Peak    Mon:           3  Year:        2013  N:         109
 FAILED K-S -- Parm:Time to Peak    Mon:           3  Year:        2013  N:         109
 FAILED K-S -- Parm:Time to Peak    Mon:           3  Year:        2013  N:         109
*** ERROR *** Could not produce desired level of quality in
                    << Time to Peak    >> random deviates.
 FAILED K-S -- Parm:Time to Peak    Mon:           3  Year:        2014  N:         111
 FAILED K-S -- Parm:Time to Peak    Mon:           3  Year:        2014  N:         111
 FAILED K-S -- Parm:Time to Peak    Mon:           3  Year:        2014  N:         111
 FAILED K-S -- Parm:Time to Peak    Mon:           3  Year:        2014  N:         111
 FAILED K-S -- Parm:Time to Peak    Mon:           3  Year:        2014  N:         111
*** ERROR *** Could not produce desired level of quality in
                    << Time to Peak    >> random deviates.
 FAILED K-S -- Parm:Time to Peak    Mon:           3  Year:        2015  N:         117
 FAILED K-S -- Parm:Time to Peak    Mon:           3  Year:        2015  N:         117
 FAILED K-S -- Parm:Time to Peak    Mon:           3  Year:        2015  N:         117
 FAILED K-S -- Parm:Time to Peak    Mon:           3  Year:        2015  N:         117
 FAILED K-S -- Parm:Time to Peak    Mon:           3  Year:        2015  N:         117
*** ERROR *** Could not produce desired level of quality in
                    << Time to Peak    >> random deviates.
 FAILED K-S -- Parm:Time to Peak    Mon:           3  Year:        2016  N:         122
 FAILED K-S -- Parm:Time to Peak    Mon:           3  Year:        2016  N:         122
 FAILED K-S -- Parm:Time to Peak    Mon:           3  Year:        2016  N:         122
 FAILED K-S -- Parm:Time to Peak    Mon:           3  Year:        2016  N:         122
 FAILED K-S -- Parm:Time to Peak    Mon:           3  Year:        2016  N:         122
*** ERROR *** Could not produce desired level of quality in
                    << Time to Peak    >> random deviates.
At line 3013 of file cligen53.f (unit = 9, file = '0500000US48413.prn')
Fortran runtime error: Sequential READ or WRITE not allowed after EOF marker, possibly use REWIND or BACKSPACE
 FAILED K-S -- Parm:Precip. Amt.    Mon:          12  Year:        2016  N:         100
 FAILED K-S -- Parm:Precip. Amt.    Mon:          12  Year:        2016  N:         100
 FAILED K-S -- Parm:Precip. Amt.    Mon:          12  Year:        2016  N:         100
 FAILED K-S -- Parm:Precip. Amt.    Mon:          12  Year:        2016  N:         100
 FAILED K-S -- Parm:Precip. Amt.    Mon:          12  Year:        2016  N:         100
*** ERROR *** Could not produce desired level of quality in
                    << Precip. Amt.    >> random deviates.
 FAILED K-S -- Parm:Time to Peak    Mon:          12  Year:        2016  N:         100
 FAILED K-S -- Parm:Time to Peak    Mon:           3  Year:        2017  N:         124
 FAILED K-S -- Parm:Time to Peak    Mon:           3  Year:        2017  N:         124
 FAILED K-S -- Parm:Time to Peak    Mon:           3  Year:        2017  N:         124
 FAILED K-S -- Parm:Time to Peak    Mon:           3  Year:        2017  N:         124
 FAILED K-S -- Parm:Time to Peak    Mon:           3  Year:        2017  N:         124
*** ERROR *** Could not produce desired level of quality in
                    << Time to Peak    >> random deviates.
 FAILED K-S -- Parm:Precip. Amt.    Mon:          12  Year:        2017  N:         100
 FAILED K-S -- Parm:Precip. Amt.    Mon:          12  Year:        2017  N:         100
 FAILED K-S -- Parm:Precip. Amt.    Mon:          12  Year:        2017  N:         100
 FAILED K-S -- Parm:Precip. Amt.    Mon:          12  Year:        2017  N:         100
 FAILED K-S -- Parm:Precip. Amt.    Mon:          12  Year:        2017  N:         100
*** ERROR *** Could not produce desired level of quality in
                    << Precip. Amt.    >> random deviates.
 FAILED K-S -- Parm:Wind Dir.       Mon:          12  Year:        2017  N:        1178
