At line 3013 of file cligen53.f (unit = 9, file = '0500000US06073.prn')
Fortran runtime error: Sequential READ or WRITE not allowed after EOF marker, possibly use REWIND or BACKSPACE


  ********************************************************************
  *                                                                  *
  *              USDA - WATER EROSION PREDICTION PROJECT             *
  *                 WEPP CLIMATE INPUT DATA GENERATOR                *
  *                                                                  *
  *                    CONTINUOUS SIMULATION AND                     *
  *                       SINGLE STORM OPTIONS                       *
  *                    with Command Line Options,                    *
  *                        and Corrections to                        *
  *                  Rainfall Intensity Calculations                 *
  *                   and Random Number Generation.                  *
  *                                                                  *
  *                          VERSION 5.30000                         *
  *                     Revised from VERSION 4.2                     *
  *                           October 2004                           *
  *                                                                  *
  *           (Use -h or /h to list command line options.)           *
  *                                                                  *
  ********************************************************************


 ca042239.par                                                                                                                                                                                                                                                    
 0500000US06073.prn                                                                                                                                                                                                                                              
 Failed SN SD test.
 Parm:Precip. Amt.    Month:           7  Year:        1980  Mlevel=   5.00000000      SDlevel=   86.2759018      Days:           1
 Failed SN SD test.
 Parm:Precip. Amt.    Month:           7  Year:        1980  Mlevel=   10.0000000      SDlevel=   75.5599289      Days:           1
 Failed SN SD test.
 Parm:Precip. Amt.    Month:           7  Year:        1980  Mlevel=   10.0000000      SDlevel=   73.1306763      Days:           1
 Failed SN SD test.
 Parm:Precip. Amt.    Month:           7  Year:        1980  Mlevel=   20.0000000      SDlevel=   53.9391861      Days:           1
 Failed SN SD test.
 Parm:Precip. Amt.    Month:           7  Year:        1980  Mlevel=   5.00000000      SDlevel=   80.7481003      Days:           1
*** ERROR *** Could not produce desired level of quality in
                    << Precip. Amt.    >> random deviates.
 Failed SN SD test.
 Parm:Temp. Dew Pt.   Month:           7  Year:        1980  Mlevel=   30.0000000      SDlevel=   51.0440483      Days:          31
