

  ********************************************************************
  *                                                                  *
  *              USDA - WATER EROSION PREDICTION PROJECT             *
  *                 WEPP CLIMATE INPUT DATA GENERATOR                *
  *                                                                  *
  *                    CONTINUOUS SIMULATION AND                     *
  *                       SINGLE STORM OPTIONS                       *
  *                    with Command Line Options,                    *
  *                        and Corrections to                        *
  *                  Rainfall Intensity Calculations                 *
  *                   and Random Number Generation.                  *
  *                                                                  *
  *                          VERSION 5.30000                         *
  *                     Revised from VERSION 4.2                     *
  *                           October 2004                           *
  *                                                                  *
  *           (Use -h or /h to list command line options.)           *
  *                                                                  *
  ********************************************************************


 ne250375.par                                                                                                                                                                                                                                                    
 0500000US31153.prn                                                                                                                                                                                                                                              
 Tdew -10 rangecheck executed.
 Tdew -10 rangecheck executed.
 Tdew -10 rangecheck executed.
 Tdew -10 rangecheck executed.
 Tdew -10 rangecheck executed.
 Tdew -10 rangecheck executed.
 Tdew -10 rangecheck executed.
 Tdew -10 rangecheck executed.
 Tdew -10 rangecheck executed.
 Tdew -10 rangecheck executed.
 Tdew -10 rangecheck executed.
 Tdew -10 rangecheck executed.
 Tdew -10 rangecheck executed.
 Tdew -10 rangecheck executed.
 Tdew -10 rangecheck executed.
 Tdew -10 rangecheck executed.
 Tdew -10 rangecheck executed.
 Tdew -10 rangecheck executed.
 Tdew -10 rangecheck executed.
 Tdew -10 rangecheck executed.
 Tdew -10 rangecheck executed.
 Tdew -10 rangecheck executed.
 Tdew -10 rangecheck executed.
 Tdew -10 rangecheck executed.
 Tdew -10 rangecheck executed.
 Tdew -10 rangecheck executed.
 Tdew -10 rangecheck executed.
 Tdew -10 rangecheck executed.
 Tdew -10 rangecheck executed.
 Tdew -10 rangecheck executed.
 Tdew -10 rangecheck executed.
 Tdew -10 rangecheck executed.
 Tdew -10 rangecheck executed.
 Tdew -10 rangecheck executed.
 Tdew -10 rangecheck executed.
 Tdew -10 rangecheck executed.
 Tdew -10 rangecheck executed.
 Tdew -10 rangecheck executed.
 Tdew -10 rangecheck executed.
 Tdew -10 rangecheck executed.
 Tdew -10 rangecheck executed.
 Tdew -10 rangecheck executed.
 Tdew -10 rangecheck executed.
 Tdew -10 rangecheck executed.
 Tdew -10 rangecheck executed.
 FAILED K-S -- Parm:Time to Peak    Mon:          11  Year:        2000  N:         103
 FAILED K-S -- Parm:Time to Peak    Mon:          11  Year:        2000  N:         103
 FAILED K-S -- Parm:Time to Peak    Mon:          11  Year:        2000  N:         103
 FAILED K-S -- Parm:Time to Peak    Mon:          11  Year:        2000  N:         103
 FAILED K-S -- Parm:Time to Peak    Mon:          11  Year:        2000  N:         103
*** ERROR *** Could not produce desired level of quality in
                    << Time to Peak    >> random deviates.
 Tdew -10 rangecheck executed.
 Tdew -10 rangecheck executed.
 FAILED K-S -- Parm:Time to Peak    Mon:          11  Year:        2001  N:         109
 FAILED K-S -- Parm:Time to Peak    Mon:          11  Year:        2001  N:         109
 FAILED K-S -- Parm:Time to Peak    Mon:          11  Year:        2001  N:         109
 FAILED K-S -- Parm:Time to Peak    Mon:          11  Year:        2001  N:         109
 FAILED K-S -- Parm:Time to Peak    Mon:          11  Year:        2001  N:         109
*** ERROR *** Could not produce desired level of quality in
                    << Time to Peak    >> random deviates.
 FAILED K-S -- Parm:Time to Peak    Mon:          11  Year:        2002  N:         117
 FAILED K-S -- Parm:Time to Peak    Mon:          11  Year:        2002  N:         117
 FAILED K-S -- Parm:Time to Peak    Mon:          11  Year:        2002  N:         117
 FAILED K-S -- Parm:Time to Peak    Mon:          11  Year:        2002  N:         117
 FAILED K-S -- Parm:Time to Peak    Mon:          11  Year:        2002  N:         117
*** ERROR *** Could not produce desired level of quality in
                    << Time to Peak    >> random deviates.
 Tdew -10 rangecheck executed.
 FAILED K-S -- Parm:Time to Peak    Mon:          11  Year:        2003  N:         123
 FAILED K-S -- Parm:Time to Peak    Mon:          11  Year:        2003  N:         123
 FAILED K-S -- Parm:Time to Peak    Mon:          11  Year:        2003  N:         123
 FAILED K-S -- Parm:Time to Peak    Mon:          11  Year:        2003  N:         123
 FAILED K-S -- Parm:Time to Peak    Mon:          11  Year:        2003  N:         123
*** ERROR *** Could not produce desired level of quality in
                    << Time to Peak    >> random deviates.
 FAILED K-S -- Parm:Time to Peak    Mon:          11  Year:        2004  N:         130
 FAILED K-S -- Parm:Time to Peak    Mon:          11  Year:        2004  N:         130
 FAILED K-S -- Parm:Time to Peak    Mon:          11  Year:        2004  N:         130
 FAILED K-S -- Parm:Time to Peak    Mon:          11  Year:        2004  N:         130
 FAILED K-S -- Parm:Time to Peak    Mon:          11  Year:        2004  N:         130
*** ERROR *** Could not produce desired level of quality in
                    << Time to Peak    >> random deviates.
 FAILED K-S -- Parm:Time to Peak    Mon:          11  Year:        2005  N:         134
 FAILED K-S -- Parm:Time to Peak    Mon:          11  Year:        2005  N:         134
 FAILED K-S -- Parm:Time to Peak    Mon:          11  Year:        2005  N:         134
 FAILED K-S -- Parm:Time to Peak    Mon:          11  Year:        2005  N:         134
 FAILED K-S -- Parm:Time to Peak    Mon:          11  Year:        2005  N:         134
*** ERROR *** Could not produce desired level of quality in
                    << Time to Peak    >> random deviates.
 Tdew -10 rangecheck executed.
 FAILED K-S -- Parm:Time to Peak    Mon:          11  Year:        2006  N:         138
 FAILED K-S -- Parm:Time to Peak    Mon:          11  Year:        2006  N:         138
 FAILED K-S -- Parm:Time to Peak    Mon:          11  Year:        2006  N:         138
 FAILED K-S -- Parm:Time to Peak    Mon:          11  Year:        2006  N:         138
 FAILED K-S -- Parm:Time to Peak    Mon:          11  Year:        2006  N:         138
*** ERROR *** Could not produce desired level of quality in
                    << Time to Peak    >> random deviates.
 FAILED K-S -- Parm:Time to Peak    Mon:          11  Year:        2007  N:         143
 FAILED K-S -- Parm:Time to Peak    Mon:          11  Year:        2007  N:         143
 FAILED K-S -- Parm:Time to Peak    Mon:          11  Year:        2007  N:         143
 FAILED K-S -- Parm:Time to Peak    Mon:          11  Year:        2007  N:         143
 FAILED K-S -- Parm:Time to Peak    Mon:          11  Year:        2007  N:         143
*** ERROR *** Could not produce desired level of quality in
                    << Time to Peak    >> random deviates.
 Tdew -10 rangecheck executed.
 Tdew -10 rangecheck executed.
 FAILED K-S -- Parm:Time to Peak    Mon:          11  Year:        2008  N:         147
 FAILED K-S -- Parm:Time to Peak    Mon:          11  Year:        2008  N:         147
 FAILED K-S -- Parm:Time to Peak    Mon:          11  Year:        2008  N:         147
 FAILED K-S -- Parm:Time to Peak    Mon:          11  Year:        2008  N:         147
 FAILED K-S -- Parm:Time to Peak    Mon:          11  Year:        2008  N:         147
*** ERROR *** Could not produce desired level of quality in
                    << Time to Peak    >> random deviates.
 Tdew -10 rangecheck executed.
 Tdew -10 rangecheck executed.
 FAILED K-S -- Parm:Time to Peak    Mon:          11  Year:        2009  N:         147
 FAILED K-S -- Parm:Time to Peak    Mon:          11  Year:        2009  N:         147
 FAILED K-S -- Parm:Time to Peak    Mon:          11  Year:        2009  N:         147
 FAILED K-S -- Parm:Time to Peak    Mon:          11  Year:        2009  N:         147
 FAILED K-S -- Parm:Time to Peak    Mon:          11  Year:        2009  N:         147
*** ERROR *** Could not produce desired level of quality in
                    << Time to Peak    >> random deviates.
 Failed SN SD test.
 Parm:Precip. Amt.    Month:          12  Year:        2009  Mlevel=   5.00000000      SDlevel=   52.5443153      Days:         131
 Failed SN SD test.
 Parm:Precip. Amt.    Month:          12  Year:        2009  Mlevel=   10.0000000      SDlevel=   52.8480415      Days:         131
 Failed SN SD test.
 Parm:Precip. Amt.    Month:          12  Year:        2009  Mlevel=   5.00000000      SDlevel=   52.5623665      Days:         131
 Failed SN SD test.
 Parm:Precip. Amt.    Month:          12  Year:        2009  Mlevel=   10.0000000      SDlevel=   51.6537666      Days:         131
 Failed SN SD test.
 Parm:Precip. Amt.    Month:          12  Year:        2009  Mlevel=   5.00000000      SDlevel=   52.5286446      Days:         131
*** ERROR *** Could not produce desired level of quality in
                    << Precip. Amt.    >> random deviates.
 Failed SN SD test.
 Parm:Temp. Dew Pt.   Month:          12  Year:        2009  Mlevel=   50.0000000      SDlevel=   54.5396271      Days:         930
 Tdew -10 rangecheck executed.
 Tdew -10 rangecheck executed.
 Tdew -10 rangecheck executed.
 FAILED K-S -- Parm:Time to Peak    Mon:          11  Year:        2010  N:         153
 FAILED K-S -- Parm:Time to Peak    Mon:          11  Year:        2010  N:         153
 FAILED K-S -- Parm:Time to Peak    Mon:          11  Year:        2010  N:         153
 FAILED K-S -- Parm:Time to Peak    Mon:          11  Year:        2010  N:         153
 FAILED K-S -- Parm:Time to Peak    Mon:          11  Year:        2010  N:         153
*** ERROR *** Could not produce desired level of quality in
                    << Time to Peak    >> random deviates.
 Tdew -10 rangecheck executed.
 FAILED K-S -- Parm:Time to Peak    Mon:          11  Year:        2011  N:         156
 FAILED K-S -- Parm:Time to Peak    Mon:          11  Year:        2011  N:         156
 FAILED K-S -- Parm:Time to Peak    Mon:          11  Year:        2011  N:         156
 FAILED K-S -- Parm:Time to Peak    Mon:          11  Year:        2011  N:         156
 FAILED K-S -- Parm:Time to Peak    Mon:          11  Year:        2011  N:         156
*** ERROR *** Could not produce desired level of quality in
                    << Time to Peak    >> random deviates.
 FAILED K-S -- Parm:Time to Peak    Mon:          11  Year:        2012  N:         158
 FAILED K-S -- Parm:Time to Peak    Mon:          11  Year:        2012  N:         158
 FAILED K-S -- Parm:Time to Peak    Mon:          11  Year:        2012  N:         158
 FAILED K-S -- Parm:Time to Peak    Mon:          11  Year:        2012  N:         158
 FAILED K-S -- Parm:Time to Peak    Mon:          11  Year:        2012  N:         158
*** ERROR *** Could not produce desired level of quality in
                    << Time to Peak    >> random deviates.
 FAILED K-S -- Parm:Time to Peak    Mon:          11  Year:        2013  N:         165
 FAILED K-S -- Parm:Time to Peak    Mon:          11  Year:        2013  N:         165
 FAILED K-S -- Parm:Time to Peak    Mon:          11  Year:        2013  N:         165
 FAILED K-S -- Parm:Time to Peak    Mon:          11  Year:        2013  N:         165
 FAILED K-S -- Parm:Time to Peak    Mon:          11  Year:        2013  N:         165
At line 3013 of file cligen53.f (unit = 9, file = '0500000US31153.prn')
Fortran runtime error: Sequential READ or WRITE not allowed after EOF marker, possibly use REWIND or BACKSPACE
*** ERROR *** Could not produce desired level of quality in
                    << Time to Peak    >> random deviates.
 Tdew -10 rangecheck executed.
 Tdew -10 rangecheck executed.
 FAILED K-S -- Parm:Time to Peak    Mon:          11  Year:        2014  N:         171
 FAILED K-S -- Parm:Time to Peak    Mon:          11  Year:        2014  N:         171
 FAILED K-S -- Parm:Time to Peak    Mon:          11  Year:        2014  N:         171
 FAILED K-S -- Parm:Time to Peak    Mon:          11  Year:        2014  N:         171
 FAILED K-S -- Parm:Time to Peak    Mon:          11  Year:        2014  N:         171
*** ERROR *** Could not produce desired level of quality in
                    << Time to Peak    >> random deviates.
 Tdew -10 rangecheck executed.
 FAILED K-S -- Parm:Time to Peak    Mon:          11  Year:        2015  N:         175
 FAILED K-S -- Parm:Time to Peak    Mon:          11  Year:        2015  N:         175
 FAILED K-S -- Parm:Time to Peak    Mon:          11  Year:        2015  N:         175
 FAILED K-S -- Parm:Time to Peak    Mon:          11  Year:        2015  N:         175
 FAILED K-S -- Parm:Time to Peak    Mon:          11  Year:        2015  N:         175
*** ERROR *** Could not produce desired level of quality in
                    << Time to Peak    >> random deviates.
 FAILED K-S -- Parm:Time to Peak    Mon:          11  Year:        2016  N:         177
 FAILED K-S -- Parm:Time to Peak    Mon:          11  Year:        2016  N:         177
 FAILED K-S -- Parm:Time to Peak    Mon:          11  Year:        2016  N:         177
 FAILED K-S -- Parm:Time to Peak    Mon:          11  Year:        2016  N:         177
 FAILED K-S -- Parm:Time to Peak    Mon:          11  Year:        2016  N:         177
*** ERROR *** Could not produce desired level of quality in
                    << Time to Peak    >> random deviates.
 FAILED K-S -- Parm:Time to Peak    Mon:          11  Year:        2017  N:         181
 FAILED K-S -- Parm:Time to Peak    Mon:          11  Year:        2017  N:         181
 FAILED K-S -- Parm:Time to Peak    Mon:          11  Year:        2017  N:         181
 FAILED K-S -- Parm:Time to Peak    Mon:          11  Year:        2017  N:         181
 FAILED K-S -- Parm:Time to Peak    Mon:          11  Year:        2017  N:         181
*** ERROR *** Could not produce desired level of quality in
                    << Time to Peak    >> random deviates.
