

  ********************************************************************
  *                                                                  *
  *              USDA - WATER EROSION PREDICTION PROJECT             *
  *                 WEPP CLIMATE INPUT DATA GENERATOR                *
  *                                                                  *
  *                    CONTINUOUS SIMULATION AND                     *
  *                       SINGLE STORM OPTIONS                       *
  *                    with Command Line Options,                    *
  *                        and Corrections to                        *
  *                  Rainfall Intensity Calculations                 *
  *                   and Random Number Generation.                  *
  *                                                                  *
  *                          VERSION 5.30000                         *
  *                     Revised from VERSION 4.2                     *
  *                           October 2004                           *
  *                                                                  *
  *           (Use -h or /h to list command line options.)           *
  *                                                                  *
  ********************************************************************


 wi474195.par                                                                                                                                                                                                                                                    
 0500000US55061.prn                                                                                                                                                                                                                                              
 Tdew -10 rangecheck executed.
 Tdew -10 rangecheck executed.
 Tdew -10 rangecheck executed.
 Tdew -10 rangecheck executed.
 Tdew -10 rangecheck executed.
 Tdew -10 rangecheck executed.
 Tdew -10 rangecheck executed.
 Tdew -10 rangecheck executed.
 Tdew -10 rangecheck executed.
 Tdew -10 rangecheck executed.
 Tdew -10 rangecheck executed.
 Tdew -10 rangecheck executed.
 Tdew -10 rangecheck executed.
 Tdew -10 rangecheck executed.
 Tdew -10 rangecheck executed.
 Tdew -10 rangecheck executed.
 Tdew -10 rangecheck executed.
 Tdew -10 rangecheck executed.
 Tdew -10 rangecheck executed.
 Tdew -10 rangecheck executed.
 FAILED K-S -- Parm:Precip. Amt.    Mon:           2  Year:        1993  N:         103
 FAILED K-S -- Parm:Precip. Amt.    Mon:           2  Year:        1993  N:         103
 FAILED K-S -- Parm:Precip. Amt.    Mon:           2  Year:        1993  N:         103
 FAILED K-S -- Parm:Precip. Amt.    Mon:           2  Year:        1993  N:         103
 FAILED K-S -- Parm:Precip. Amt.    Mon:           2  Year:        1993  N:         103
*** ERROR *** Could not produce desired level of quality in
                    << Precip. Amt.    >> random deviates.
 FAILED K-S -- Parm:Wind Vel.       Mon:           2  Year:        1993  N:         396
 FAILED K-S -- Parm:Temp. Dew Pt.   Mon:           2  Year:        1993  N:         396
 Tdew -10 rangecheck executed.
 Tdew -10 rangecheck executed.
 Tdew -10 rangecheck executed.
 Tdew -10 rangecheck executed.
 Tdew -10 rangecheck executed.
 Tdew -10 rangecheck executed.
 Tdew -10 rangecheck executed.
 FAILED K-S -- Parm:Precip. Amt.    Mon:           2  Year:        1994  N:         106
 FAILED K-S -- Parm:Precip. Amt.    Mon:           2  Year:        1994  N:         106
 FAILED K-S -- Parm:Precip. Amt.    Mon:           2  Year:        1994  N:         106
 FAILED K-S -- Parm:Precip. Amt.    Mon:           2  Year:        1994  N:         106
 FAILED K-S -- Parm:Precip. Amt.    Mon:           2  Year:        1994  N:         106
*** ERROR *** Could not produce desired level of quality in
                    << Precip. Amt.    >> random deviates.
 FAILED K-S -- Parm:Temp. Dew Pt.   Mon:           2  Year:        1994  N:         396
 Tdew -10 rangecheck executed.
 Tdew -10 rangecheck executed.
 FAILED K-S -- Parm:Precip. Amt.    Mon:           2  Year:        1995  N:         111
 FAILED K-S -- Parm:Precip. Amt.    Mon:           2  Year:        1995  N:         111
 FAILED K-S -- Parm:Precip. Amt.    Mon:           2  Year:        1995  N:         111
 FAILED K-S -- Parm:Precip. Amt.    Mon:           2  Year:        1995  N:         111
 FAILED K-S -- Parm:Precip. Amt.    Mon:           2  Year:        1995  N:         111
*** ERROR *** Could not produce desired level of quality in
                    << Precip. Amt.    >> random deviates.
 Failed SN Mean test.
 Failed SN SD test.
 Parm:Temp. Dew Pt.   Month:           2  Year:        1995  Mlevel=   60.0000000      SDlevel=   94.4450150      Days:         452
 FAILED K-S -- Parm:Time to Peak    Mon:           2  Year:        1995  N:         111
 Tdew -10 rangecheck executed.
 Tdew -10 rangecheck executed.
 Tdew -10 rangecheck executed.
 FAILED K-S -- Parm:Precip. Amt.    Mon:           2  Year:        1996  N:         119
 FAILED K-S -- Parm:Precip. Amt.    Mon:           2  Year:        1996  N:         119
 FAILED K-S -- Parm:Precip. Amt.    Mon:           2  Year:        1996  N:         119
 FAILED K-S -- Parm:Precip. Amt.    Mon:           2  Year:        1996  N:         119
 FAILED K-S -- Parm:Precip. Amt.    Mon:           2  Year:        1996  N:         119
*** ERROR *** Could not produce desired level of quality in
                    << Precip. Amt.    >> random deviates.
 Failed SN SD test.
 Parm:Temp. Dew Pt.   Month:           2  Year:        1996  Mlevel=   40.0000000      SDlevel=   99.2402344      Days:         481
 Tdew -10 rangecheck executed.
 Tdew -10 rangecheck executed.
 Tdew -10 rangecheck executed.
 Tdew -10 rangecheck executed.
 Tdew -10 rangecheck executed.
 Tdew -10 rangecheck executed.
 FAILED K-S -- Parm:Precip. Amt.    Mon:           2  Year:        1997  N:         125
 FAILED K-S -- Parm:Precip. Amt.    Mon:           2  Year:        1997  N:         125
 FAILED K-S -- Parm:Precip. Amt.    Mon:           2  Year:        1997  N:         125
 FAILED K-S -- Parm:Precip. Amt.    Mon:           2  Year:        1997  N:         125
 FAILED K-S -- Parm:Precip. Amt.    Mon:           2  Year:        1997  N:         125
*** ERROR *** Could not produce desired level of quality in
                    << Precip. Amt.    >> random deviates.
 Failed SN SD test.
 Parm:Temp. Dew Pt.   Month:           2  Year:        1997  Mlevel=   40.0000000      SDlevel=   99.9883118      Days:         509
 Tdew -10 rangecheck executed.
 FAILED K-S -- Parm:Precip. Amt.    Mon:           2  Year:        1998  N:         128
 FAILED K-S -- Parm:Precip. Amt.    Mon:           2  Year:        1998  N:         128
 FAILED K-S -- Parm:Precip. Amt.    Mon:           2  Year:        1998  N:         128
 FAILED K-S -- Parm:Precip. Amt.    Mon:           2  Year:        1998  N:         128
 FAILED K-S -- Parm:Precip. Amt.    Mon:           2  Year:        1998  N:         128
*** ERROR *** Could not produce desired level of quality in
                    << Precip. Amt.    >> random deviates.
 Failed SN Mean test.
 Failed SN SD test.
 Parm:Temp. Dew Pt.   Month:           2  Year:        1998  Mlevel=   60.0000000      SDlevel=   99.9990845      Days:         537
 Tdew -10 rangecheck executed.
 Failed SN Mean test.
 Failed SN SD test.
 Parm:Temp. Dew Pt.   Month:           2  Year:        1999  Mlevel=   70.0000000      SDlevel=   99.9999619      Days:         565
 FAILED K-S -- Parm:Temp. Dew Pt.   Mon:           2  Year:        1999  N:         396
 Failed SN Mean test.
 Failed SN SD test.
 Parm:Temp. Dew Pt.   Month:           2  Year:        1999  Mlevel=   70.0000000      SDlevel=   99.9999619      Days:         565
 Failed SN SD test.
 Parm:Temp. Dew Pt.   Month:           2  Year:        1999  Mlevel=   50.0000000      SDlevel=   100.000000      Days:         565
 FAILED K-S -- Parm:Temp. Dew Pt.   Mon:           2  Year:        1999  N:         396
 Failed SN SD test.
 Parm:Temp. Dew Pt.   Month:           2  Year:        1999  Mlevel=   50.0000000      SDlevel=   100.000000      Days:         565
 Failed SN SD test.
 Parm:Temp. Dew Pt.   Month:           2  Year:        1999  Mlevel=   20.0000000      SDlevel=   99.9999924      Days:         565
*** ERROR *** Could not produce desired level of quality in
                    << Temp. Dew Pt.   >> random deviates.
 Tdew -10 rangecheck executed.
 Failed SN SD test.
 Parm:Temp. Dew Pt.   Month:           2  Year:        2000  Mlevel=   30.0000000      SDlevel=   99.9999924      Days:         594
 Failed SN SD test.
 Parm:Temp. Dew Pt.   Month:           2  Year:        2000  Mlevel=   5.00000000      SDlevel=   100.000000      Days:         594
 Failed SN SD test.
 Parm:Temp. Dew Pt.   Month:           2  Year:        2000  Mlevel=   30.0000000      SDlevel=   99.9999619      Days:         594
 Failed SN SD test.
 Parm:Temp. Dew Pt.   Month:           2  Year:        2000  Mlevel=   40.0000000      SDlevel=   99.9999084      Days:         594
 Failed SN SD test.
 Parm:Temp. Dew Pt.   Month:           2  Year:        2000  Mlevel=   30.0000000      SDlevel=   99.9902039      Days:         594
*** ERROR *** Could not produce desired level of quality in
                    << Temp. Dew Pt.   >> random deviates.
 Failed SN SD test.
 Parm:Temp. Dew Pt.   Month:           2  Year:        2001  Mlevel=   5.00000000      SDlevel=   99.9783173      Days:         622
 Failed SN SD test.
 Parm:Temp. Dew Pt.   Month:           2  Year:        2001  Mlevel=   40.0000000      SDlevel=   99.9769897      Days:         622
 Failed SN SD test.
 Parm:Temp. Dew Pt.   Month:           2  Year:        2001  Mlevel=   30.0000000      SDlevel=   99.9973984      Days:         622
 Failed SN SD test.
 Parm:Temp. Dew Pt.   Month:           2  Year:        2001  Mlevel=   20.0000000      SDlevel=   99.9954681      Days:         622
 Failed SN SD test.
 Parm:Temp. Dew Pt.   Month:           2  Year:        2001  Mlevel=   50.0000000      SDlevel=   99.9591217      Days:         622
*** ERROR *** Could not produce desired level of quality in
                    << Temp. Dew Pt.   >> random deviates.
 Failed SN Mean test.
 Failed SN SD test.
 Parm:Temp. Dew Pt.   Month:           2  Year:        2002  Mlevel=   70.0000000      SDlevel=   98.2129059      Days:         650
 Failed SN SD test.
 Parm:Temp. Dew Pt.   Month:           2  Year:        2002  Mlevel=   30.0000000      SDlevel=   99.8001404      Days:         650
 Failed SN Mean test.
 Failed SN SD test.
 Parm:Temp. Dew Pt.   Month:           2  Year:        2002  Mlevel=   70.0000000      SDlevel=   99.9874878      Days:         650
 Failed SN SD test.
 Parm:Temp. Dew Pt.   Month:           2  Year:        2002  Mlevel=   50.0000000      SDlevel=   99.8886795      Days:         650
 Failed SN SD test.
 Parm:Temp. Dew Pt.   Month:           2  Year:        2002  Mlevel=   40.0000000      SDlevel=   99.8867722      Days:         650
*** ERROR *** Could not produce desired level of quality in
                    << Temp. Dew Pt.   >> random deviates.
 Failed SN SD test.
 Parm:Temp. Dew Pt.   Month:           2  Year:        2003  Mlevel=   40.0000000      SDlevel=   99.9249649      Days:         678
 Failed SN SD test.
 Parm:Temp. Dew Pt.   Month:           2  Year:        2003  Mlevel=   40.0000000      SDlevel=   99.5614777      Days:         678
 Failed SN SD test.
 Parm:Temp. Dew Pt.   Month:           2  Year:        2003  Mlevel=   50.0000000      SDlevel=   98.4363251      Days:         678
 Failed SN SD test.
 Parm:Temp. Dew Pt.   Month:           2  Year:        2003  Mlevel=   50.0000000      SDlevel=   99.3374786      Days:         678
 Failed SN SD test.
 Parm:Temp. Dew Pt.   Month:           2  Year:        2003  Mlevel=   30.0000000      SDlevel=   99.9283447      Days:         678
*** ERROR *** Could not produce desired level of quality in
                    << Temp. Dew Pt.   >> random deviates.
 Tdew -10 rangecheck executed.
 Tdew -10 rangecheck executed.
 Failed SN SD test.
 Parm:Temp. Dew Pt.   Month:           2  Year:        2004  Mlevel=   20.0000000      SDlevel=   99.9338531      Days:         707
 Failed SN SD test.
At line 3013 of file cligen53.f (unit = 9, file = '0500000US55061.prn')
Fortran runtime error: Sequential READ or WRITE not allowed after EOF marker, possibly use REWIND or BACKSPACE
 Parm:Temp. Dew Pt.   Month:           2  Year:        2004  Mlevel=   10.0000000      SDlevel=   99.9726944      Days:         707
 Failed SN SD test.
 Parm:Temp. Dew Pt.   Month:           2  Year:        2004  Mlevel=   20.0000000      SDlevel=   99.9465942      Days:         707
 Failed SN SD test.
 Parm:Temp. Dew Pt.   Month:           2  Year:        2004  Mlevel=   50.0000000      SDlevel=   99.6732330      Days:         707
 Failed SN SD test.
 Parm:Temp. Dew Pt.   Month:           2  Year:        2004  Mlevel=   40.0000000      SDlevel=   99.4034653      Days:         707
*** ERROR *** Could not produce desired level of quality in
                    << Temp. Dew Pt.   >> random deviates.
 Failed SN Mean test.
 Failed SN SD test.
 Parm:Temp. Dew Pt.   Month:           2  Year:        2005  Mlevel=   60.0000000      SDlevel=   99.6702423      Days:         735
 Failed SN Mean test.
 Failed SN SD test.
 Parm:Temp. Dew Pt.   Month:           2  Year:        2005  Mlevel=   60.0000000      SDlevel=   97.9682999      Days:         735
 Failed SN SD test.
 Parm:Temp. Dew Pt.   Month:           2  Year:        2005  Mlevel=   40.0000000      SDlevel=   98.9916000      Days:         735
 Failed SN SD test.
 Parm:Temp. Dew Pt.   Month:           2  Year:        2005  Mlevel=   50.0000000      SDlevel=   99.4747467      Days:         735
 Failed SN SD test.
 Parm:Temp. Dew Pt.   Month:           2  Year:        2005  Mlevel=   10.0000000      SDlevel=   98.3552094      Days:         735
*** ERROR *** Could not produce desired level of quality in
                    << Temp. Dew Pt.   >> random deviates.
 Failed SN SD test.
 Parm:Temp. Dew Pt.   Month:           2  Year:        2006  Mlevel=   20.0000000      SDlevel=   98.5086899      Days:         763
 Failed SN SD test.
 Parm:Temp. Dew Pt.   Month:           2  Year:        2006  Mlevel=   20.0000000      SDlevel=   97.5609894      Days:         763
 Failed SN SD test.
 Parm:Temp. Dew Pt.   Month:           2  Year:        2006  Mlevel=   20.0000000      SDlevel=   98.2341919      Days:         763
 Failed SN SD test.
 Parm:Temp. Dew Pt.   Month:           2  Year:        2006  Mlevel=   20.0000000      SDlevel=   98.6407166      Days:         763
 Failed SN SD test.
 Parm:Temp. Dew Pt.   Month:           2  Year:        2006  Mlevel=   20.0000000      SDlevel=   92.4145737      Days:         763
*** ERROR *** Could not produce desired level of quality in
                    << Temp. Dew Pt.   >> random deviates.
 Tdew -10 rangecheck executed.
 Tdew -10 rangecheck executed.
 Tdew -10 rangecheck executed.
 Tdew -10 rangecheck executed.
 Tdew -10 rangecheck executed.
 Tdew -10 rangecheck executed.
 Tdew -10 rangecheck executed.
 Tdew -10 rangecheck executed.
 Tdew -10 rangecheck executed.
 Tdew -10 rangecheck executed.
 Tdew -10 rangecheck executed.
 Tdew -10 rangecheck executed.
 Tdew -10 rangecheck executed.
 Tdew -10 rangecheck executed.
 Tdew -10 rangecheck executed.
 Tdew -10 rangecheck executed.
 Tdew -10 rangecheck executed.
 Tdew -10 rangecheck executed.
 Tdew -10 rangecheck executed.
 Tdew -10 rangecheck executed.
 Tdew -10 rangecheck executed.
 Tdew -10 rangecheck executed.
 Tdew -10 rangecheck executed.
 Tdew -10 rangecheck executed.
 Tdew -10 rangecheck executed.
 Tdew -10 rangecheck executed.
 Tdew -10 rangecheck executed.
 Tdew -10 rangecheck executed.
 Tdew -10 rangecheck executed.
 Tdew -10 rangecheck executed.
 Tdew -10 rangecheck executed.
 Tdew -10 rangecheck executed.
 Tdew -10 rangecheck executed.
 Tdew -10 rangecheck executed.
 Tdew -10 rangecheck executed.
