

  ********************************************************************
  *                                                                  *
  *              USDA - WATER EROSION PREDICTION PROJECT             *
  *                 WEPP CLIMATE INPUT DATA GENERATOR                *
  *                                                                  *
  *                    CONTINUOUS SIMULATION AND                     *
  *                       SINGLE STORM OPTIONS                       *
  *                    with Command Line Options,                    *
  *                        and Corrections to                        *
  *                  Rainfall Intensity Calculations                 *
  *                   and Random Number Generation.                  *
  *                                                                  *
  *                          VERSION 5.30000                         *
  *                     Revised from VERSION 4.2                     *
  *                           October 2004                           *
  *                                                                  *
  *           (Use -h or /h to list command line options.)           *
  *                                                                  *
  ********************************************************************


 co054603.par                                                                                                                                                                                                                                                    
 0500000US08061.prn                                                                                                                                                                                                                                              
 Tdew -10 rangecheck executed.
 Tdew -10 rangecheck executed.
 Tdew -10 rangecheck executed.
 Tdew -10 rangecheck executed.
 Tdew -10 rangecheck executed.
 Tdew -10 rangecheck executed.
 Tdew -10 rangecheck executed.
 Tdew -10 rangecheck executed.
 Tdew -10 rangecheck executed.
 Tdew -10 rangecheck executed.
 Tdew -10 rangecheck executed.
 Tdew -10 rangecheck executed.
 Tdew -10 rangecheck executed.
 Tdew -10 rangecheck executed.
 Tdew -10 rangecheck executed.
 Tdew -10 rangecheck executed.
 Tdew -10 rangecheck executed.
 Tdew -10 rangecheck executed.
 Tdew -10 rangecheck executed.
 Tdew -10 rangecheck executed.
 Tdew -10 rangecheck executed.
 Tdew -10 rangecheck executed.
 Tdew -10 rangecheck executed.
 Tdew -10 rangecheck executed.
 Tdew -10 rangecheck executed.
 Tdew -10 rangecheck executed.
 Tdew -10 rangecheck executed.
 Tdew -10 rangecheck executed.
 Tdew -10 rangecheck executed.
 Tdew -10 rangecheck executed.
 Tdew -10 rangecheck executed.
 FAILED K-S -- Parm:Time to Peak    Mon:           4  Year:        2009  N:         106
 FAILED K-S -- Parm:Time to Peak    Mon:           4  Year:        2009  N:         106
 FAILED K-S -- Parm:Time to Peak    Mon:           4  Year:        2009  N:         106
 FAILED K-S -- Parm:Time to Peak    Mon:           4  Year:        2009  N:         106
 FAILED K-S -- Parm:Time to Peak    Mon:           4  Year:        2009  N:         106
*** ERROR *** Could not produce desired level of quality in
                    << Time to Peak    >> random deviates.
 Tdew -10 rangecheck executed.
 FAILED K-S -- Parm:Time to Peak    Mon:           4  Year:        2010  N:         109
 FAILED K-S -- Parm:Time to Peak    Mon:           4  Year:        2010  N:         109
 FAILED K-S -- Parm:Time to Peak    Mon:           4  Year:        2010  N:         109
 FAILED K-S -- Parm:Time to Peak    Mon:           4  Year:        2010  N:         109
 FAILED K-S -- Parm:Time to Peak    Mon:           4  Year:        2010  N:         109
*** ERROR *** Could not produce desired level of quality in
                    << Time to Peak    >> random deviates.
 Tdew -10 rangecheck executed.
 Tdew -10 rangecheck executed.
 FAILED K-S -- Parm:Time to Peak    Mon:           4  Year:        2011  N:         110
At line 3013 of file cligen53.f (unit = 9, file = '0500000US08061.prn')
Fortran runtime error: Sequential READ or WRITE not allowed after EOF marker, possibly use REWIND or BACKSPACE
 FAILED K-S -- Parm:Time to Peak    Mon:           4  Year:        2011  N:         110
 FAILED K-S -- Parm:Time to Peak    Mon:           4  Year:        2011  N:         110
 FAILED K-S -- Parm:Time to Peak    Mon:           4  Year:        2011  N:         110
 FAILED K-S -- Parm:Time to Peak    Mon:           4  Year:        2011  N:         110
*** ERROR *** Could not produce desired level of quality in
                    << Time to Peak    >> random deviates.
 Tdew -10 rangecheck executed.
 FAILED K-S -- Parm:Time to Peak    Mon:           4  Year:        2012  N:         116
 FAILED K-S -- Parm:Time to Peak    Mon:           4  Year:        2012  N:         116
 FAILED K-S -- Parm:Time to Peak    Mon:           4  Year:        2012  N:         116
 FAILED K-S -- Parm:Time to Peak    Mon:           4  Year:        2012  N:         116
 FAILED K-S -- Parm:Time to Peak    Mon:           4  Year:        2012  N:         116
*** ERROR *** Could not produce desired level of quality in
                    << Time to Peak    >> random deviates.
 Tdew -10 rangecheck executed.
 FAILED K-S -- Parm:Time to Peak    Mon:           4  Year:        2013  N:         122
 FAILED K-S -- Parm:Time to Peak    Mon:           4  Year:        2013  N:         122
 FAILED K-S -- Parm:Time to Peak    Mon:           4  Year:        2013  N:         122
 FAILED K-S -- Parm:Time to Peak    Mon:           4  Year:        2013  N:         122
 FAILED K-S -- Parm:Time to Peak    Mon:           4  Year:        2013  N:         122
*** ERROR *** Could not produce desired level of quality in
                    << Time to Peak    >> random deviates.
 Tdew -10 rangecheck executed.
 Tdew -10 rangecheck executed.
 Tdew -10 rangecheck executed.
 FAILED K-S -- Parm:Time to Peak    Mon:           4  Year:        2014  N:         126
 FAILED K-S -- Parm:Time to Peak    Mon:           4  Year:        2014  N:         126
 FAILED K-S -- Parm:Time to Peak    Mon:           4  Year:        2014  N:         126
 FAILED K-S -- Parm:Time to Peak    Mon:           4  Year:        2014  N:         126
 FAILED K-S -- Parm:Time to Peak    Mon:           4  Year:        2014  N:         126
*** ERROR *** Could not produce desired level of quality in
                    << Time to Peak    >> random deviates.
 Tdew -10 rangecheck executed.
 FAILED K-S -- Parm:Time to Peak    Mon:           4  Year:        2015  N:         128
 FAILED K-S -- Parm:Time to Peak    Mon:           4  Year:        2015  N:         128
 FAILED K-S -- Parm:Time to Peak    Mon:           4  Year:        2015  N:         128
 FAILED K-S -- Parm:Time to Peak    Mon:           4  Year:        2015  N:         128
 FAILED K-S -- Parm:Time to Peak    Mon:           4  Year:        2015  N:         128
*** ERROR *** Could not produce desired level of quality in
                    << Time to Peak    >> random deviates.
 FAILED K-S -- Parm:Time to Peak    Mon:           4  Year:        2016  N:         132
 FAILED K-S -- Parm:Time to Peak    Mon:           4  Year:        2016  N:         132
 FAILED K-S -- Parm:Time to Peak    Mon:           4  Year:        2016  N:         132
 FAILED K-S -- Parm:Time to Peak    Mon:           4  Year:        2016  N:         132
 FAILED K-S -- Parm:Time to Peak    Mon:           4  Year:        2016  N:         132
*** ERROR *** Could not produce desired level of quality in
                    << Time to Peak    >> random deviates.
 Tdew -10 rangecheck executed.
 Tdew -10 rangecheck executed.
 FAILED K-S -- Parm:Time to Peak    Mon:           4  Year:        2017  N:         136
 FAILED K-S -- Parm:Time to Peak    Mon:           4  Year:        2017  N:         136
 FAILED K-S -- Parm:Time to Peak    Mon:           4  Year:        2017  N:         136
 FAILED K-S -- Parm:Time to Peak    Mon:           4  Year:        2017  N:         136
 FAILED K-S -- Parm:Time to Peak    Mon:           4  Year:        2017  N:         136
*** ERROR *** Could not produce desired level of quality in
                    << Time to Peak    >> random deviates.
