

  ********************************************************************
  *                                                                  *
  *              USDA - WATER EROSION PREDICTION PROJECT             *
  *                 WEPP CLIMATE INPUT DATA GENERATOR                *
  *                                                                  *
  *                    CONTINUOUS SIMULATION AND                     *
  *                       SINGLE STORM OPTIONS                       *
  *                    with Command Line Options,                    *
  *                        and Corrections to                        *
  *                  Rainfall Intensity Calculations                 *
  *                   and Random Number Generation.                  *
  *                                                                  *
  *                          VERSION 5.30000                         *
  *                     Revised from VERSION 4.2                     *
  *                           October 2004                           *
  *                                                                  *
  *           (Use -h or /h to list command line options.)           *
  *                                                                  *
  ********************************************************************


 tx413485.par                                                                                                                                                                                                                                                    
 0500000US48193.prn                                                                                                                                                                                                                                              
 FAILED K-S -- Parm:Time to Peak    Mon:           1  Year:        1999  N:         103
 FAILED K-S -- Parm:Time to Peak    Mon:           1  Year:        1999  N:         103
 FAILED K-S -- Parm:Time to Peak    Mon:           1  Year:        1999  N:         103
 FAILED K-S -- Parm:Time to Peak    Mon:           1  Year:        1999  N:         103
 FAILED K-S -- Parm:Time to Peak    Mon:           1  Year:        1999  N:         103
*** ERROR *** Could not produce desired level of quality in
                    << Time to Peak    >> random deviates.
 FAILED K-S -- Parm:Time to Peak    Mon:           1  Year:        2000  N:         104
 FAILED K-S -- Parm:Time to Peak    Mon:           1  Year:        2000  N:         104
 FAILED K-S -- Parm:Time to Peak    Mon:           1  Year:        2000  N:         104
 FAILED K-S -- Parm:Time to Peak    Mon:           1  Year:        2000  N:         104
 FAILED K-S -- Parm:Time to Peak    Mon:           1  Year:        2000  N:         104
*** ERROR *** Could not produce desired level of quality in
                    << Time to Peak    >> random deviates.
 FAILED K-S -- Parm:Precip. Amt.    Mon:          12  Year:        2000  N:         104
 FAILED K-S -- Parm:Precip. Amt.    Mon:          12  Year:        2000  N:         104
 FAILED K-S -- Parm:Precip. Amt.    Mon:          12  Year:        2000  N:         104
 FAILED K-S -- Parm:Precip. Amt.    Mon:          12  Year:        2000  N:         104
 FAILED K-S -- Parm:Precip. Amt.    Mon:          12  Year:        2000  N:         104
*** ERROR *** Could not produce desired level of quality in
                    << Precip. Amt.    >> random deviates.
 FAILED K-S -- Parm:Time to Peak    Mon:           1  Year:        2001  N:         111
 FAILED K-S -- Parm:Time to Peak    Mon:           1  Year:        2001  N:         111
 FAILED K-S -- Parm:Time to Peak    Mon:           1  Year:        2001  N:         111
 FAILED K-S -- Parm:Time to Peak    Mon:           1  Year:        2001  N:         111
 FAILED K-S -- Parm:Time to Peak    Mon:           1  Year:        2001  N:         111
*** ERROR *** Could not produce desired level of quality in
                    << Time to Peak    >> random deviates.
 FAILED K-S -- Parm:Precip. Amt.    Mon:          12  Year:        2001  N:         107
 FAILED K-S -- Parm:Precip. Amt.    Mon:          12  Year:        2001  N:         107
 FAILED K-S -- Parm:Precip. Amt.    Mon:          12  Year:        2001  N:         107
 FAILED K-S -- Parm:Precip. Amt.    Mon:          12  Year:        2001  N:         107
 FAILED K-S -- Parm:Precip. Amt.    Mon:          12  Year:        2001  N:         107
*** ERROR *** Could not produce desired level of quality in
                    << Precip. Amt.    >> random deviates.
 FAILED K-S -- Parm:Time to Peak    Mon:           1  Year:        2002  N:         117
 FAILED K-S -- Parm:Time to Peak    Mon:           1  Year:        2002  N:         117
 FAILED K-S -- Parm:Time to Peak    Mon:           1  Year:        2002  N:         117
 FAILED K-S -- Parm:Time to Peak    Mon:           1  Year:        2002  N:         117
 FAILED K-S -- Parm:Time to Peak    Mon:           1  Year:        2002  N:         117
*** ERROR *** Could not produce desired level of quality in
                    << Time to Peak    >> random deviates.
 FAILED K-S -- Parm:Precip. Amt.    Mon:          12  Year:        2002  N:         115
 Failed SN SD test.
 Parm:Precip. Amt.    Month:          12  Year:        2002  Mlevel=   20.0000000      SDlevel=   71.2552261      Days:         115
 FAILED K-S -- Parm:Precip. Amt.    Mon:          12  Year:        2002  N:         115
 Failed SN SD test.
 Parm:Precip. Amt.    Month:          12  Year:        2002  Mlevel=   20.0000000      SDlevel=   71.2552261      Days:         115
 FAILED K-S -- Parm:Precip. Amt.    Mon:          12  Year:        2002  N:         115
 Failed SN SD test.
 Parm:Precip. Amt.    Month:          12  Year:        2002  Mlevel=   20.0000000      SDlevel=   71.2552261      Days:         115
 FAILED K-S -- Parm:Precip. Amt.    Mon:          12  Year:        2002  N:         115
 Failed SN SD test.
 Parm:Precip. Amt.    Month:          12  Year:        2002  Mlevel=   20.0000000      SDlevel=   71.2552261      Days:         115
 FAILED K-S -- Parm:Precip. Amt.    Mon:          12  Year:        2002  N:         115
 Failed SN SD test.
 Parm:Precip. Amt.    Month:          12  Year:        2002  Mlevel=   20.0000000      SDlevel=   71.2552261      Days:         115
*** ERROR *** Could not produce desired level of quality in
                    << Precip. Amt.    >> random deviates.
 FAILED K-S -- Parm:Time to Peak    Mon:          12  Year:        2002  N:         115
 FAILED K-S -- Parm:Time to Peak    Mon:           1  Year:        2003  N:         119
 FAILED K-S -- Parm:Time to Peak    Mon:           1  Year:        2003  N:         119
 FAILED K-S -- Parm:Time to Peak    Mon:           1  Year:        2003  N:         119
 FAILED K-S -- Parm:Time to Peak    Mon:           1  Year:        2003  N:         119
 FAILED K-S -- Parm:Time to Peak    Mon:           1  Year:        2003  N:         119
*** ERROR *** Could not produce desired level of quality in
                    << Time to Peak    >> random deviates.
 FAILED K-S -- Parm:Precip. Amt.    Mon:          12  Year:        2003  N:         118
 FAILED K-S -- Parm:Precip. Amt.    Mon:          12  Year:        2003  N:         118
 FAILED K-S -- Parm:Precip. Amt.    Mon:          12  Year:        2003  N:         118
 FAILED K-S -- Parm:Precip. Amt.    Mon:          12  Year:        2003  N:         118
 FAILED K-S -- Parm:Precip. Amt.    Mon:          12  Year:        2003  N:         118
*** ERROR *** Could not produce desired level of quality in
                    << Precip. Amt.    >> random deviates.
 FAILED K-S -- Parm:Time to Peak    Mon:          12  Year:        2003  N:         110
 FAILED K-S -- Parm:Time to Peak    Mon:           1  Year:        2004  N:         123
 FAILED K-S -- Parm:Time to Peak    Mon:           1  Year:        2004  N:         123
 FAILED K-S -- Parm:Time to Peak    Mon:           1  Year:        2004  N:         123
 FAILED K-S -- Parm:Time to Peak    Mon:           1  Year:        2004  N:         123
 FAILED K-S -- Parm:Time to Peak    Mon:           1  Year:        2004  N:         123
*** ERROR *** Could not produce desired level of quality in
                    << Time to Peak    >> random deviates.
 FAILED K-S -- Parm:Precip. Amt.    Mon:          12  Year:        2004  N:         123
 FAILED K-S -- Parm:Precip. Amt.    Mon:          12  Year:        2004  N:         123
 FAILED K-S -- Parm:Precip. Amt.    Mon:          12  Year:        2004  N:         123
 FAILED K-S -- Parm:Precip. Amt.    Mon:          12  Year:        2004  N:         123
 FAILED K-S -- Parm:Precip. Amt.    Mon:          12  Year:        2004  N:         123
*** ERROR *** Could not produce desired level of quality in
                    << Precip. Amt.    >> random deviates.
 Failed SN Mean test.
 Parm:Temp. Dew Pt.   Month:          12  Year:        2004  Mlevel=   60.0000000      SDlevel=   42.5746689      Days:         775
 FAILED K-S -- Parm:Time to Peak    Mon:          12  Year:        2004  N:         112
 FAILED K-S -- Parm:Time to Peak    Mon:           1  Year:        2005  N:         125
 FAILED K-S -- Parm:Time to Peak    Mon:           1  Year:        2005  N:         125
 FAILED K-S -- Parm:Time to Peak    Mon:           1  Year:        2005  N:         125
 FAILED K-S -- Parm:Time to Peak    Mon:           1  Year:        2005  N:         125
 FAILED K-S -- Parm:Time to Peak    Mon:           1  Year:        2005  N:         125
*** ERROR *** Could not produce desired level of quality in
                    << Time to Peak    >> random deviates.
 FAILED K-S -- Parm:Precip. Amt.    Mon:          12  Year:        2005  N:         129
 FAILED K-S -- Parm:Precip. Amt.    Mon:          12  Year:        2005  N:         129
 FAILED K-S -- Parm:Precip. Amt.    Mon:          12  Year:        2005  N:         129
 FAILED K-S -- Parm:Precip. Amt.    Mon:          12  Year:        2005  N:         129
 FAILED K-S -- Parm:Precip. Amt.    Mon:          12  Year:        2005  N:         129
*** ERROR *** Could not produce desired level of quality in
                    << Precip. Amt.    >> random deviates.
 Failed SN Mean test.
 Failed SN SD test.
 Parm:Temp. Dew Pt.   Month:          12  Year:        2005  Mlevel=   60.0000000      SDlevel=   74.0123444      Days:         806
 FAILED K-S -- Parm:Time to Peak    Mon:           1  Year:        2006  N:         135
 FAILED K-S -- Parm:Time to Peak    Mon:           1  Year:        2006  N:         135
 FAILED K-S -- Parm:Time to Peak    Mon:           1  Year:        2006  N:         135
 FAILED K-S -- Parm:Time to Peak    Mon:           1  Year:        2006  N:         135
 FAILED K-S -- Parm:Time to Peak    Mon:           1  Year:        2006  N:         135
*** ERROR *** Could not produce desired level of quality in
                    << Time to Peak    >> random deviates.
 FAILED K-S -- Parm:Precip. Amt.    Mon:          12  Year:        2006  N:         135
 FAILED K-S -- Parm:Precip. Amt.    Mon:          12  Year:        2006  N:         135
 FAILED K-S -- Parm:Precip. Amt.    Mon:          12  Year:        2006  N:         135
 FAILED K-S -- Parm:Precip. Amt.    Mon:          12  Year:        2006  N:         135
 FAILED K-S -- Parm:Precip. Amt.    Mon:          12  Year:        2006  N:         135
*** ERROR *** Could not produce desired level of quality in
                    << Precip. Amt.    >> random deviates.
 Failed SN Mean test.
 Failed SN SD test.
 Parm:Temp. Dew Pt.   Month:          12  Year:        2006  Mlevel=   60.0000000      SDlevel=   96.2117615      Days:         837
 FAILED K-S -- Parm:Time to Peak    Mon:           1  Year:        2007  N:         138
 FAILED K-S -- Parm:Time to Peak    Mon:           1  Year:        2007  N:         138
 FAILED K-S -- Parm:Time to Peak    Mon:           1  Year:        2007  N:         138
 FAILED K-S -- Parm:Time to Peak    Mon:           1  Year:        2007  N:         138
 FAILED K-S -- Parm:Time to Peak    Mon:           1  Year:        2007  N:         138
*** ERROR *** Could not produce desired level of quality in
                    << Time to Peak    >> random deviates.
 FAILED K-S -- Parm:Precip. Amt.    Mon:          12  Year:        2007  N:         142
 FAILED K-S -- Parm:Precip. Amt.    Mon:          12  Year:        2007  N:         142
 FAILED K-S -- Parm:Precip. Amt.    Mon:          12  Year:        2007  N:         142
 FAILED K-S -- Parm:Precip. Amt.    Mon:          12  Year:        2007  N:         142
 FAILED K-S -- Parm:Precip. Amt.    Mon:          12  Year:        2007  N:         142
*** ERROR *** Could not produce desired level of quality in
                    << Precip. Amt.    >> random deviates.
 Failed SN SD test.
 Parm:Temp. Dew Pt.   Month:          12  Year:        2007  Mlevel=   20.0000000      SDlevel=   99.7404556      Days:         868
 FAILED K-S -- Parm:Time to Peak    Mon:           1  Year:        2008  N:         143
 FAILED K-S -- Parm:Time to Peak    Mon:           1  Year:        2008  N:         143
 FAILED K-S -- Parm:Time to Peak    Mon:           1  Year:        2008  N:         143
 FAILED K-S -- Parm:Time to Peak    Mon:           1  Year:        2008  N:         143
 FAILED K-S -- Parm:Time to Peak    Mon:           1  Year:        2008  N:         143
*** ERROR *** Could not produce desired level of quality in
                    << Time to Peak    >> random deviates.
 FAILED K-S -- Parm:Time to Peak    Mon:           7  Year:        2008  N:         100
 FAILED K-S -- Parm:Time to Peak    Mon:           7  Year:        2008  N:         100
 FAILED K-S -- Parm:Time to Peak    Mon:           7  Year:        2008  N:         100
 FAILED K-S -- Parm:Time to Peak    Mon:           7  Year:        2008  N:         100
 FAILED K-S -- Parm:Time to Peak    Mon:           7  Year:        2008  N:         100
*** ERROR *** Could not produce desired level of quality in
                    << Time to Peak    >> random deviates.
 FAILED K-S -- Parm:Precip. Amt.    Mon:          12  Year:        2008  N:         150
 FAILED K-S -- Parm:Precip. Amt.    Mon:          12  Year:        2008  N:         150
 FAILED K-S -- Parm:Precip. Amt.    Mon:          12  Year:        2008  N:         150
 FAILED K-S -- Parm:Precip. Amt.    Mon:          12  Year:        2008  N:         150
 FAILED K-S -- Parm:Precip. Amt.    Mon:          12  Year:        2008  N:         150
*** ERROR *** Could not produce desired level of quality in
                    << Precip. Amt.    >> random deviates.
 Failed SN SD test.
 Parm:Temp. Dew Pt.   Month:          12  Year:        2008  Mlevel=   40.0000000      SDlevel=   99.9921646      Days:         899
 FAILED K-S -- Parm:Time to Peak    Mon:           1  Year:        2009  N:         148
 FAILED K-S -- Parm:Time to Peak    Mon:           1  Year:        2009  N:         148
 FAILED K-S -- Parm:Time to Peak    Mon:           1  Year:        2009  N:         148
 FAILED K-S -- Parm:Time to Peak    Mon:           1  Year:        2009  N:         148
 FAILED K-S -- Parm:Time to Peak    Mon:           1  Year:        2009  N:         148
*** ERROR *** Could not produce desired level of quality in
                    << Time to Peak    >> random deviates.
 FAILED K-S -- Parm:Time to Peak    Mon:           7  Year:        2009  N:         105
 FAILED K-S -- Parm:Time to Peak    Mon:           7  Year:        2009  N:         105
 FAILED K-S -- Parm:Time to Peak    Mon:           7  Year:        2009  N:         105
 FAILED K-S -- Parm:Time to Peak    Mon:           7  Year:        2009  N:         105
 FAILED K-S -- Parm:Time to Peak    Mon:           7  Year:        2009  N:         105
*** ERROR *** Could not produce desired level of quality in
                    << Time to Peak    >> random deviates.
 FAILED K-S -- Parm:Precip. Amt.    Mon:          12  Year:        2009  N:         152
 FAILED K-S -- Parm:Precip. Amt.    Mon:          12  Year:        2009  N:         152
 FAILED K-S -- Parm:Precip. Amt.    Mon:          12  Year:        2009  N:         152
 FAILED K-S -- Parm:Precip. Amt.    Mon:          12  Year:        2009  N:         152
 FAILED K-S -- Parm:Precip. Amt.    Mon:          12  Year:        2009  N:         152
*** ERROR *** Could not produce desired level of quality in
                    << Precip. Amt.    >> random deviates.
 Failed SN SD test.
 Parm:Temp. Dew Pt.   Month:          12  Year:        2009  Mlevel=   40.0000000      SDlevel=   99.9987640      Days:         930
 FAILED K-S -- Parm:Time to Peak    Mon:           1  Year:        2010  N:         155
 FAILED K-S -- Parm:Time to Peak    Mon:           1  Year:        2010  N:         155
 FAILED K-S -- Parm:Time to Peak    Mon:           1  Year:        2010  N:         155
 FAILED K-S -- Parm:Time to Peak    Mon:           1  Year:        2010  N:         155
 FAILED K-S -- Parm:Time to Peak    Mon:           1  Year:        2010  N:         155
*** ERROR *** Could not produce desired level of quality in
                    << Time to Peak    >> random deviates.
 FAILED K-S -- Parm:Time to Peak    Mon:           7  Year:        2010  N:         105
 FAILED K-S -- Parm:Time to Peak    Mon:           7  Year:        2010  N:         105
 FAILED K-S -- Parm:Time to Peak    Mon:           7  Year:        2010  N:         105
 FAILED K-S -- Parm:Time to Peak    Mon:           7  Year:        2010  N:         105
 FAILED K-S -- Parm:Time to Peak    Mon:           7  Year:        2010  N:         105
*** ERROR *** Could not produce desired level of quality in
                    << Time to Peak    >> random deviates.
 FAILED K-S -- Parm:Precip. Amt.    Mon:          12  Year:        2010  N:         156
 FAILED K-S -- Parm:Precip. Amt.    Mon:          12  Year:        2010  N:         156
 FAILED K-S -- Parm:Precip. Amt.    Mon:          12  Year:        2010  N:         156
 FAILED K-S -- Parm:Precip. Amt.    Mon:          12  Year:        2010  N:         156
 FAILED K-S -- Parm:Precip. Amt.    Mon:          12  Year:        2010  N:         156
*** ERROR *** Could not produce desired level of quality in
                    << Precip. Amt.    >> random deviates.
 Failed SN SD test.
 Parm:Temp. Dew Pt.   Month:          12  Year:        2010  Mlevel=   50.0000000      SDlevel=   99.9998245      Days:         961
 FAILED K-S -- Parm:Time to Peak    Mon:           1  Year:        2011  N:         159
 FAILED K-S -- Parm:Time to Peak    Mon:           1  Year:        2011  N:         159
 FAILED K-S -- Parm:Time to Peak    Mon:           1  Year:        2011  N:         159
 FAILED K-S -- Parm:Time to Peak    Mon:           1  Year:        2011  N:         159
 FAILED K-S -- Parm:Time to Peak    Mon:           1  Year:        2011  N:         159
*** ERROR *** Could not produce desired level of quality in
                    << Time to Peak    >> random deviates.
 FAILED K-S -- Parm:Time to Peak    Mon:           7  Year:        2011  N:         107
 FAILED K-S -- Parm:Time to Peak    Mon:           7  Year:        2011  N:         107
 FAILED K-S -- Parm:Time to Peak    Mon:           7  Year:        2011  N:         107
 FAILED K-S -- Parm:Time to Peak    Mon:           7  Year:        2011  N:         107
 FAILED K-S -- Parm:Time to Peak    Mon:           7  Year:        2011  N:         107
*** ERROR *** Could not produce desired level of quality in
                    << Time to Peak    >> random deviates.
 FAILED K-S -- Parm:Precip. Amt.    Mon:          12  Year:        2011  N:         164
 FAILED K-S -- Parm:Precip. Amt.    Mon:          12  Year:        2011  N:         164
 FAILED K-S -- Parm:Precip. Amt.    Mon:          12  Year:        2011  N:         164
 FAILED K-S -- Parm:Precip. Amt.    Mon:          12  Year:        2011  N:         164
 FAILED K-S -- Parm:Precip. Amt.    Mon:          12  Year:        2011  N:         164
*** ERROR *** Could not produce desired level of quality in
                    << Precip. Amt.    >> random deviates.
 Failed SN SD test.
 Parm:Temp. Dew Pt.   Month:          12  Year:        2011  Mlevel=   30.0000000      SDlevel=   100.000000      Days:         992
 FAILED K-S -- Parm:Time to Peak    Mon:           7  Year:        2012  N:         110
 FAILED K-S -- Parm:Time to Peak    Mon:           7  Year:        2012  N:         110
 FAILED K-S -- Parm:Time to Peak    Mon:           7  Year:        2012  N:         110
 FAILED K-S -- Parm:Time to Peak    Mon:           7  Year:        2012  N:         110
 FAILED K-S -- Parm:Time to Peak    Mon:           7  Year:        2012  N:         110
*** ERROR *** Could not produce desired level of quality in
                    << Time to Peak    >> random deviates.
 FAILED K-S -- Parm:Precip. Amt.    Mon:          12  Year:        2012  N:         173
 FAILED K-S -- Parm:Precip. Amt.    Mon:          12  Year:        2012  N:         173
 FAILED K-S -- Parm:Precip. Amt.    Mon:          12  Year:        2012  N:         173
 FAILED K-S -- Parm:Precip. Amt.    Mon:          12  Year:        2012  N:         173
 FAILED K-S -- Parm:Precip. Amt.    Mon:          12  Year:        2012  N:         173
*** ERROR *** Could not produce desired level of quality in
                    << Precip. Amt.    >> random deviates.
 Failed SN SD test.
 Parm:Temp. Dew Pt.   Month:          12  Year:        2012  Mlevel=   30.0000000      SDlevel=   100.000000      Days:        1023
 FAILED K-S -- Parm:Time to Peak    Mon:          12  Year:        2012  N:         157
 FAILED K-S -- Parm:Time to Peak    Mon:           7  Year:        2013  N:         112
 FAILED K-S -- Parm:Time to Peak    Mon:           7  Year:        2013  N:         112
 FAILED K-S -- Parm:Time to Peak    Mon:           7  Year:        2013  N:         112
 FAILED K-S -- Parm:Time to Peak    Mon:           7  Year:        2013  N:         112
 FAILED K-S -- Parm:Time to Peak    Mon:           7  Year:        2013  N:         112
*** ERROR *** Could not produce desired level of quality in
                    << Time to Peak    >> random deviates.
 FAILED K-S -- Parm:Precip. Amt.    Mon:          12  Year:        2013  N:         174
 FAILED K-S -- Parm:Precip. Amt.    Mon:          12  Year:        2013  N:         174
 FAILED K-S -- Parm:Precip. Amt.    Mon:          12  Year:        2013  N:         174
 FAILED K-S -- Parm:Precip. Amt.    Mon:          12  Year:        2013  N:         174
 FAILED K-S -- Parm:Precip. Amt.    Mon:          12  Year:        2013  N:         174
*** ERROR *** Could not produce desired level of quality in
                    << Precip. Amt.    >> random deviates.
 Failed SN SD test.
 Parm:Temp. Dew Pt.   Month:          12  Year:        2013  Mlevel=   40.0000000      SDlevel=   100.000000      Days:        1054
 FAILED K-S -- Parm:Time to Peak    Mon:           7  Year:        2014  N:         113
 FAILED K-S -- Parm:Time to Peak    Mon:           7  Year:        2014  N:         113
 FAILED K-S -- Parm:Time to Peak    Mon:           7  Year:        2014  N:         113
 FAILED K-S -- Parm:Time to Peak    Mon:           7  Year:        2014  N:         113
 FAILED K-S -- Parm:Time to Peak    Mon:           7  Year:        2014  N:         113
*** ERROR *** Could not produce desired level of quality in
                    << Time to Peak    >> random deviates.
 FAILED K-S -- Parm:Precip. Amt.    Mon:          12  Year:        2014  N:         178
 FAILED K-S -- Parm:Precip. Amt.    Mon:          12  Year:        2014  N:         178
 FAILED K-S -- Parm:Precip. Amt.    Mon:          12  Year:        2014  N:         178
 FAILED K-S -- Parm:Precip. Amt.    Mon:          12  Year:        2014  N:         178
 FAILED K-S -- Parm:Precip. Amt.    Mon:          12  Year:        2014  N:         178
*** ERROR *** Could not produce desired level of quality in
                    << Precip. Amt.    >> random deviates.
 Failed SN SD test.
 Parm:Temp. Dew Pt.   Month:          12  Year:        2014  Mlevel=   40.0000000      SDlevel=   100.000000      Days:        1085
 FAILED K-S -- Parm:Time to Peak    Mon:           7  Year:        2015  N:         115
 FAILED K-S -- Parm:Time to Peak    Mon:           7  Year:        2015  N:         115
 FAILED K-S -- Parm:Time to Peak    Mon:           7  Year:        2015  N:         115
 FAILED K-S -- Parm:Time to Peak    Mon:           7  Year:        2015  N:         115
 FAILED K-S -- Parm:Time to Peak    Mon:           7  Year:        2015  N:         115
*** ERROR *** Could not produce desired level of quality in
                    << Time to Peak    >> random deviates.
At line 3013 of file cligen53.f (unit = 9, file = '0500000US48193.prn')
Fortran runtime error: Sequential READ or WRITE not allowed after EOF marker, possibly use REWIND or BACKSPACE
 FAILED K-S -- Parm:Precip. Amt.    Mon:          12  Year:        2015  N:         188
 FAILED K-S -- Parm:Precip. Amt.    Mon:          12  Year:        2015  N:         188
 FAILED K-S -- Parm:Precip. Amt.    Mon:          12  Year:        2015  N:         188
 FAILED K-S -- Parm:Precip. Amt.    Mon:          12  Year:        2015  N:         188
 FAILED K-S -- Parm:Precip. Amt.    Mon:          12  Year:        2015  N:         188
*** ERROR *** Could not produce desired level of quality in
                    << Precip. Amt.    >> random deviates.
 Failed SN SD test.
 Parm:Temp. Dew Pt.   Month:          12  Year:        2015  Mlevel=   30.0000000      SDlevel=   100.000000      Days:        1116
 FAILED K-S -- Parm:Time to Peak    Mon:           7  Year:        2016  N:         119
 FAILED K-S -- Parm:Time to Peak    Mon:           7  Year:        2016  N:         119
 FAILED K-S -- Parm:Time to Peak    Mon:           7  Year:        2016  N:         119
 FAILED K-S -- Parm:Time to Peak    Mon:           7  Year:        2016  N:         119
 FAILED K-S -- Parm:Time to Peak    Mon:           7  Year:        2016  N:         119
*** ERROR *** Could not produce desired level of quality in
                    << Time to Peak    >> random deviates.
 FAILED K-S -- Parm:Precip. Amt.    Mon:          12  Year:        2016  N:         193
 FAILED K-S -- Parm:Precip. Amt.    Mon:          12  Year:        2016  N:         193
 FAILED K-S -- Parm:Precip. Amt.    Mon:          12  Year:        2016  N:         193
 FAILED K-S -- Parm:Precip. Amt.    Mon:          12  Year:        2016  N:         193
 FAILED K-S -- Parm:Precip. Amt.    Mon:          12  Year:        2016  N:         193
*** ERROR *** Could not produce desired level of quality in
                    << Precip. Amt.    >> random deviates.
 Failed SN SD test.
 Parm:Temp. Dew Pt.   Month:          12  Year:        2016  Mlevel=   20.0000000      SDlevel=   100.000000      Days:        1147
 FAILED K-S -- Parm:Time to Peak    Mon:           7  Year:        2017  N:         123
 FAILED K-S -- Parm:Time to Peak    Mon:           7  Year:        2017  N:         123
 FAILED K-S -- Parm:Time to Peak    Mon:           7  Year:        2017  N:         123
 FAILED K-S -- Parm:Time to Peak    Mon:           7  Year:        2017  N:         123
 FAILED K-S -- Parm:Time to Peak    Mon:           7  Year:        2017  N:         123
*** ERROR *** Could not produce desired level of quality in
                    << Time to Peak    >> random deviates.
 FAILED K-S -- Parm:Precip. Amt.    Mon:          12  Year:        2017  N:         195
 FAILED K-S -- Parm:Precip. Amt.    Mon:          12  Year:        2017  N:         195
 FAILED K-S -- Parm:Precip. Amt.    Mon:          12  Year:        2017  N:         195
 FAILED K-S -- Parm:Precip. Amt.    Mon:          12  Year:        2017  N:         195
 FAILED K-S -- Parm:Precip. Amt.    Mon:          12  Year:        2017  N:         195
*** ERROR *** Could not produce desired level of quality in
                    << Precip. Amt.    >> random deviates.
 FAILED K-S -- Parm:Wind Dir.       Mon:          12  Year:        2017  N:        1178
 Failed SN SD test.
 Parm:Temp. Dew Pt.   Month:          12  Year:        2017  Mlevel=   40.0000000      SDlevel=   100.000000      Days:        1178
