

  ********************************************************************
  *                                                                  *
  *              USDA - WATER EROSION PREDICTION PROJECT             *
  *                 WEPP CLIMATE INPUT DATA GENERATOR                *
  *                                                                  *
  *                    CONTINUOUS SIMULATION AND                     *
  *                       SINGLE STORM OPTIONS                       *
  *                    with Command Line Options,                    *
  *                        and Corrections to                        *
  *                  Rainfall Intensity Calculations                 *
  *                   and Random Number Generation.                  *
  *                                                                  *
  *                          VERSION 5.30000                         *
  *                     Revised from VERSION 4.2                     *
  *                           October 2004                           *
  *                                                                  *
  *           (Use -h or /h to list command line options.)           *
  *                                                                  *
  ********************************************************************


 co057936.par                                                                                                                                                                                                                                                    
 0500000US08107.prn                                                                                                                                                                                                                                              
 Tdew -10 rangecheck executed.
 Tdew -10 rangecheck executed.
 Tdew -10 rangecheck executed.
 Tdew -10 rangecheck executed.
 Tdew -10 rangecheck executed.
 Tdew -10 rangecheck executed.
 Tdew -10 rangecheck executed.
 Tdew -10 rangecheck executed.
 Tdew -10 rangecheck executed.
 Tdew -10 rangecheck executed.
 Tdew -10 rangecheck executed.
 Tdew -10 rangecheck executed.
 Tdew -10 rangecheck executed.
 Tdew -10 rangecheck executed.
 Tdew -10 rangecheck executed.
 Tdew -10 rangecheck executed.
 FAILED K-S -- Parm:Precip. Amt.    Mon:           6  Year:        1993  N:         100
 FAILED K-S -- Parm:Precip. Amt.    Mon:           6  Year:        1993  N:         100
 FAILED K-S -- Parm:Precip. Amt.    Mon:           6  Year:        1993  N:         100
 FAILED K-S -- Parm:Precip. Amt.    Mon:           6  Year:        1993  N:         100
 FAILED K-S -- Parm:Precip. Amt.    Mon:           6  Year:        1993  N:         100
*** ERROR *** Could not produce desired level of quality in
                    << Precip. Amt.    >> random deviates.
 FAILED K-S -- Parm:Precip. Amt.    Mon:           6  Year:        1994  N:         108
 FAILED K-S -- Parm:Precip. Amt.    Mon:           6  Year:        1994  N:         108
 FAILED K-S -- Parm:Precip. Amt.    Mon:           6  Year:        1994  N:         108
 FAILED K-S -- Parm:Precip. Amt.    Mon:           6  Year:        1994  N:         108
 FAILED K-S -- Parm:Precip. Amt.    Mon:           6  Year:        1994  N:         108
*** ERROR *** Could not produce desired level of quality in
                    << Precip. Amt.    >> random deviates.
 Failed SN Mean test.
 Parm:Temp. Dew Pt.   Month:           6  Year:        1994  Mlevel=   70.0000000      SDlevel=   6.34927750      Days:         450
 Tdew -10 rangecheck executed.
 Tdew -10 rangecheck executed.
 Tdew -10 rangecheck executed.
 Tdew -10 rangecheck executed.
 Tdew -10 rangecheck executed.
 Tdew -10 rangecheck executed.
 Tdew -10 rangecheck executed.
 Tdew -10 rangecheck executed.
 Tdew -10 rangecheck executed.
 Tdew -10 rangecheck executed.
 Tdew -10 rangecheck executed.
 Tdew -10 rangecheck executed.
 Tdew -10 rangecheck executed.
 Tdew -10 rangecheck executed.
 Tdew -10 rangecheck executed.
At line 3013 of file cligen53.f (unit = 9, file = '0500000US08107.prn')
Fortran runtime error: Sequential READ or WRITE not allowed after EOF marker, possibly use REWIND or BACKSPACE
