

  ********************************************************************
  *                                                                  *
  *              USDA - WATER EROSION PREDICTION PROJECT             *
  *                 WEPP CLIMATE INPUT DATA GENERATOR                *
  *                                                                  *
  *                    CONTINUOUS SIMULATION AND                     *
  *                       SINGLE STORM OPTIONS                       *
  *                    with Command Line Options,                    *
  *                        and Corrections to                        *
  *                  Rainfall Intensity Calculations                 *
  *                   and Random Number Generation.                  *
  *                                                                  *
  *                          VERSION 5.30000                         *
  *                     Revised from VERSION 4.2                     *
  *                           October 2004                           *
  *                                                                  *
  *           (Use -h or /h to list command line options.)           *
  *                                                                  *
  ********************************************************************


 wa453333.par                                                                                                                                                                                                                                                    
 0500000US53049.prn                                                                                                                                                                                                                                              
 FAILED K-S -- Parm:Precip. Amt.    Mon:           8  Year:        1990  N:         105
 FAILED K-S -- Parm:Precip. Amt.    Mon:           8  Year:        1990  N:         105
 FAILED K-S -- Parm:Precip. Amt.    Mon:           8  Year:        1990  N:         105
 FAILED K-S -- Parm:Precip. Amt.    Mon:           8  Year:        1990  N:         105
 FAILED K-S -- Parm:Precip. Amt.    Mon:           8  Year:        1990  N:         105
*** ERROR *** Could not produce desired level of quality in
                    << Precip. Amt.    >> random deviates.
 FAILED K-S -- Parm:Precip. Amt.    Mon:           8  Year:        1991  N:         112
 FAILED K-S -- Parm:Precip. Amt.    Mon:           8  Year:        1991  N:         112
 FAILED K-S -- Parm:Precip. Amt.    Mon:           8  Year:        1991  N:         112
 FAILED K-S -- Parm:Precip. Amt.    Mon:           8  Year:        1991  N:         112
 FAILED K-S -- Parm:Precip. Amt.    Mon:           8  Year:        1991  N:         112
*** ERROR *** Could not produce desired level of quality in
                    << Precip. Amt.    >> random deviates.
 Failed SN Mean test.
 Parm:Temp. Dew Pt.   Month:           8  Year:        1991  Mlevel=   60.0000000      SDlevel=   13.6123543      Days:         372
 FAILED K-S -- Parm:Precip. Amt.    Mon:           8  Year:        1992  N:         118
 FAILED K-S -- Parm:Precip. Amt.    Mon:           8  Year:        1992  N:         118
 FAILED K-S -- Parm:Precip. Amt.    Mon:           8  Year:        1992  N:         118
 FAILED K-S -- Parm:Precip. Amt.    Mon:           8  Year:        1992  N:         118
 FAILED K-S -- Parm:Precip. Amt.    Mon:           8  Year:        1992  N:         118
*** ERROR *** Could not produce desired level of quality in
                    << Precip. Amt.    >> random deviates.
 Failed SN SD test.
 Parm:Temp. Dew Pt.   Month:           8  Year:        1992  Mlevel=   40.0000000      SDlevel=   75.3494949      Days:         403
 FAILED K-S -- Parm:Precip. Amt.    Mon:           8  Year:        1993  N:         122
 FAILED K-S -- Parm:Precip. Amt.    Mon:           8  Year:        1993  N:         122
 FAILED K-S -- Parm:Precip. Amt.    Mon:           8  Year:        1993  N:         122
 FAILED K-S -- Parm:Precip. Amt.    Mon:           8  Year:        1993  N:         122
 FAILED K-S -- Parm:Precip. Amt.    Mon:           8  Year:        1993  N:         122
*** ERROR *** Could not produce desired level of quality in
                    << Precip. Amt.    >> random deviates.
 Failed SN SD test.
 Parm:Temp. Dew Pt.   Month:           8  Year:        1993  Mlevel=   10.0000000      SDlevel=   98.3030777      Days:         434
 FAILED K-S -- Parm:Precip. Amt.    Mon:           8  Year:        1994  N:         128
 FAILED K-S -- Parm:Precip. Amt.    Mon:           8  Year:        1994  N:         128
 FAILED K-S -- Parm:Precip. Amt.    Mon:           8  Year:        1994  N:         128
 FAILED K-S -- Parm:Precip. Amt.    Mon:           8  Year:        1994  N:         128
 FAILED K-S -- Parm:Precip. Amt.    Mon:           8  Year:        1994  N:         128
*** ERROR *** Could not produce desired level of quality in
                    << Precip. Amt.    >> random deviates.
 Failed SN SD test.
 Parm:Temp. Dew Pt.   Month:           8  Year:        1994  Mlevel=   40.0000000      SDlevel=   99.9345169      Days:         465
 Failed SN SD test.
 Parm:Temp. Dew Pt.   Month:           8  Year:        1995  Mlevel=   10.0000000      SDlevel=   99.9997559      Days:         496
 Failed SN SD test.
 Parm:Temp. Dew Pt.   Month:           8  Year:        1995  Mlevel=   30.0000000      SDlevel=   99.9986649      Days:         496
 Failed SN SD test.
 Parm:Temp. Dew Pt.   Month:           8  Year:        1995  Mlevel=   50.0000000      SDlevel=   99.9990845      Days:         496
 Failed SN SD test.
 Parm:Temp. Dew Pt.   Month:           8  Year:        1995  Mlevel=   20.0000000      SDlevel=   99.9888840      Days:         496
 Failed SN SD test.
 Parm:Temp. Dew Pt.   Month:           8  Year:        1995  Mlevel=   20.0000000      SDlevel=   99.9992752      Days:         496
*** ERROR *** Could not produce desired level of quality in
                    << Temp. Dew Pt.   >> random deviates.
 Failed SN SD test.
 Parm:Temp. Dew Pt.   Month:           8  Year:        1996  Mlevel=   50.0000000      SDlevel=   99.9996796      Days:         527
 Failed SN SD test.
 Parm:Temp. Dew Pt.   Month:           8  Year:        1996  Mlevel=   10.0000000      SDlevel=   99.9991455      Days:         527
 Failed SN SD test.
 Parm:Temp. Dew Pt.   Month:           8  Year:        1996  Mlevel=   10.0000000      SDlevel=   99.9997711      Days:         527
 Failed SN SD test.
 Parm:Temp. Dew Pt.   Month:           8  Year:        1996  Mlevel=   1.00000000      SDlevel=   99.9943161      Days:         527
 FAILED K-S -- Parm:Temp. Dew Pt.   Mon:           8  Year:        1996  N:         403
 Failed SN SD test.
 Parm:Temp. Dew Pt.   Month:           8  Year:        1996  Mlevel=   1.00000000      SDlevel=   99.9943161      Days:         527
*** ERROR *** Could not produce desired level of quality in
                    << Temp. Dew Pt.   >> random deviates.
 FAILED K-S -- Parm:Temp. Dew Pt.   Mon:           8  Year:        1997  N:         434
 Failed SN Mean test.
 Failed SN SD test.
 Parm:Temp. Dew Pt.   Month:           8  Year:        1997  Mlevel=   70.0000000      SDlevel=   99.9818420      Days:         558
 FAILED K-S -- Parm:Temp. Dew Pt.   Mon:           8  Year:        1997  N:         434
 Failed SN Mean test.
 Failed SN SD test.
 Parm:Temp. Dew Pt.   Month:           8  Year:        1997  Mlevel=   70.0000000      SDlevel=   99.9818420      Days:         558
 FAILED K-S -- Parm:Temp. Dew Pt.   Mon:           8  Year:        1997  N:         434
 Failed SN Mean test.
 Failed SN SD test.
 Parm:Temp. Dew Pt.   Month:           8  Year:        1997  Mlevel=   70.0000000      SDlevel=   99.9818420      Days:         558
 Failed SN Mean test.
 Failed SN SD test.
 Parm:Temp. Dew Pt.   Month:           8  Year:        1997  Mlevel=   60.0000000      SDlevel=   99.8709869      Days:         558
 FAILED K-S -- Parm:Temp. Dew Pt.   Mon:           8  Year:        1997  N:         434
 Failed SN Mean test.
 Failed SN SD test.
 Parm:Temp. Dew Pt.   Month:           8  Year:        1997  Mlevel=   60.0000000      SDlevel=   99.8709869      Days:         558
*** ERROR *** Could not produce desired level of quality in
                    << Temp. Dew Pt.   >> random deviates.
 FAILED K-S -- Parm:Temp. Dew Pt.   Mon:           8  Year:        1998  N:         465
 Failed SN SD test.
 Parm:Temp. Dew Pt.   Month:           8  Year:        1998  Mlevel=   20.0000000      SDlevel=   99.6884613      Days:         589
 FAILED K-S -- Parm:Temp. Dew Pt.   Mon:           8  Year:        1998  N:         465
 Failed SN SD test.
 Parm:Temp. Dew Pt.   Month:           8  Year:        1998  Mlevel=   20.0000000      SDlevel=   99.6884613      Days:         589
 FAILED K-S -- Parm:Temp. Dew Pt.   Mon:           8  Year:        1998  N:         465
 Failed SN SD test.
 Parm:Temp. Dew Pt.   Month:           8  Year:        1998  Mlevel=   20.0000000      SDlevel=   99.6884613      Days:         589
 Failed SN SD test.
 Parm:Temp. Dew Pt.   Month:           8  Year:        1998  Mlevel=   20.0000000      SDlevel=   99.6682434      Days:         589
 FAILED K-S -- Parm:Temp. Dew Pt.   Mon:           8  Year:        1998  N:         465
 Failed SN SD test.
 Parm:Temp. Dew Pt.   Month:           8  Year:        1998  Mlevel=   20.0000000      SDlevel=   99.6682434      Days:         589
*** ERROR *** Could not produce desired level of quality in
                    << Temp. Dew Pt.   >> random deviates.
 FAILED K-S -- Parm:Temp. Dew Pt.   Mon:           8  Year:        1999  N:         496
 Failed SN SD test.
 Parm:Temp. Dew Pt.   Month:           8  Year:        1999  Mlevel=   20.0000000      SDlevel=   98.5287781      Days:         620
 FAILED K-S -- Parm:Temp. Dew Pt.   Mon:           8  Year:        1999  N:         496
 Failed SN SD test.
 Parm:Temp. Dew Pt.   Month:           8  Year:        1999  Mlevel=   20.0000000      SDlevel=   98.5287781      Days:         620
 FAILED K-S -- Parm:Temp. Dew Pt.   Mon:           8  Year:        1999  N:         496
 Failed SN SD test.
 Parm:Temp. Dew Pt.   Month:           8  Year:        1999  Mlevel=   20.0000000      SDlevel=   98.5287781      Days:         620
 FAILED K-S -- Parm:Temp. Dew Pt.   Mon:           8  Year:        1999  N:         496
 Failed SN SD test.
 Parm:Temp. Dew Pt.   Month:           8  Year:        1999  Mlevel=   20.0000000      SDlevel=   98.5287781      Days:         620
 FAILED K-S -- Parm:Temp. Dew Pt.   Mon:           8  Year:        1999  N:         496
 Failed SN SD test.
 Parm:Temp. Dew Pt.   Month:           8  Year:        1999  Mlevel=   20.0000000      SDlevel=   98.5287781      Days:         620
*** ERROR *** Could not produce desired level of quality in
                    << Temp. Dew Pt.   >> random deviates.
 FAILED K-S -- Parm:Temp. Dew Pt.   Mon:           8  Year:        2000  N:         527
 Failed SN SD test.
 Parm:Temp. Dew Pt.   Month:           8  Year:        2000  Mlevel=   10.0000000      SDlevel=   99.5792389      Days:         651
 FAILED K-S -- Parm:Temp. Dew Pt.   Mon:           8  Year:        2000  N:         527
 Failed SN SD test.
 Parm:Temp. Dew Pt.   Month:           8  Year:        2000  Mlevel=   10.0000000      SDlevel=   99.5792389      Days:         651
 FAILED K-S -- Parm:Temp. Dew Pt.   Mon:           8  Year:        2000  N:         527
 Failed SN SD test.
 Parm:Temp. Dew Pt.   Month:           8  Year:        2000  Mlevel=   10.0000000      SDlevel=   99.5792389      Days:         651
 FAILED K-S -- Parm:Temp. Dew Pt.   Mon:           8  Year:        2000  N:         527
 Failed SN SD test.
 Parm:Temp. Dew Pt.   Month:           8  Year:        2000  Mlevel=   10.0000000      SDlevel=   99.5792389      Days:         651
 FAILED K-S -- Parm:Temp. Dew Pt.   Mon:           8  Year:        2000  N:         527
 Failed SN SD test.
 Parm:Temp. Dew Pt.   Month:           8  Year:        2000  Mlevel=   10.0000000      SDlevel=   99.5792389      Days:         651
*** ERROR *** Could not produce desired level of quality in
                    << Temp. Dew Pt.   >> random deviates.
 FAILED K-S -- Parm:Temp. Dew Pt.   Mon:           8  Year:        2001  N:         558
 Failed SN SD test.
 Parm:Temp. Dew Pt.   Month:           8  Year:        2001  Mlevel=   1.00000000      SDlevel=   99.4831696      Days:         682
 FAILED K-S -- Parm:Temp. Dew Pt.   Mon:           8  Year:        2001  N:         558
 Failed SN SD test.
 Parm:Temp. Dew Pt.   Month:           8  Year:        2001  Mlevel=   1.00000000      SDlevel=   99.4831696      Days:         682
 FAILED K-S -- Parm:Temp. Dew Pt.   Mon:           8  Year:        2001  N:         558
 Failed SN SD test.
 Parm:Temp. Dew Pt.   Month:           8  Year:        2001  Mlevel=   1.00000000      SDlevel=   99.4831696      Days:         682
 FAILED K-S -- Parm:Temp. Dew Pt.   Mon:           8  Year:        2001  N:         558
 Failed SN SD test.
 Parm:Temp. Dew Pt.   Month:           8  Year:        2001  Mlevel=   1.00000000      SDlevel=   99.4831696      Days:         682
 FAILED K-S -- Parm:Temp. Dew Pt.   Mon:           8  Year:        2001  N:         558
 Failed SN SD test.
 Parm:Temp. Dew Pt.   Month:           8  Year:        2001  Mlevel=   1.00000000      SDlevel=   99.4831696      Days:         682
*** ERROR *** Could not produce desired level of quality in
                    << Temp. Dew Pt.   >> random deviates.
 FAILED K-S -- Parm:Temp. Dew Pt.   Mon:           8  Year:        2002  N:         589
 Failed SN SD test.
 Parm:Temp. Dew Pt.   Month:           8  Year:        2002  Mlevel=   1.00000000      SDlevel=   99.1226578      Days:         713
 FAILED K-S -- Parm:Temp. Dew Pt.   Mon:           8  Year:        2002  N:         589
 Failed SN SD test.
 Parm:Temp. Dew Pt.   Month:           8  Year:        2002  Mlevel=   1.00000000      SDlevel=   99.1226578      Days:         713
 FAILED K-S -- Parm:Temp. Dew Pt.   Mon:           8  Year:        2002  N:         589
 Failed SN SD test.
 Parm:Temp. Dew Pt.   Month:           8  Year:        2002  Mlevel=   1.00000000      SDlevel=   99.1226578      Days:         713
 FAILED K-S -- Parm:Temp. Dew Pt.   Mon:           8  Year:        2002  N:         589
 Failed SN SD test.
 Parm:Temp. Dew Pt.   Month:           8  Year:        2002  Mlevel=   1.00000000      SDlevel=   99.1226578      Days:         713
 FAILED K-S -- Parm:Temp. Dew Pt.   Mon:           8  Year:        2002  N:         589
 Failed SN SD test.
 Parm:Temp. Dew Pt.   Month:           8  Year:        2002  Mlevel=   1.00000000      SDlevel=   99.1226578      Days:         713
*** ERROR *** Could not produce desired level of quality in
                    << Temp. Dew Pt.   >> random deviates.
 FAILED K-S -- Parm:Temp. Dew Pt.   Mon:           8  Year:        2003  N:         620
 Failed SN SD test.
 Parm:Temp. Dew Pt.   Month:           8  Year:        2003  Mlevel=   10.0000000      SDlevel=   96.8610611      Days:         744
 FAILED K-S -- Parm:Temp. Dew Pt.   Mon:           8  Year:        2003  N:         620
 Failed SN SD test.
 Parm:Temp. Dew Pt.   Month:           8  Year:        2003  Mlevel=   10.0000000      SDlevel=   96.8610611      Days:         744
 FAILED K-S -- Parm:Temp. Dew Pt.   Mon:           8  Year:        2003  N:         620
 Failed SN SD test.
 Parm:Temp. Dew Pt.   Month:           8  Year:        2003  Mlevel=   10.0000000      SDlevel=   96.8610611      Days:         744
 FAILED K-S -- Parm:Temp. Dew Pt.   Mon:           8  Year:        2003  N:         620
 Failed SN SD test.
 Parm:Temp. Dew Pt.   Month:           8  Year:        2003  Mlevel=   10.0000000      SDlevel=   96.8610611      Days:         744
 FAILED K-S -- Parm:Temp. Dew Pt.   Mon:           8  Year:        2003  N:         620
 Failed SN SD test.
 Parm:Temp. Dew Pt.   Month:           8  Year:        2003  Mlevel=   10.0000000      SDlevel=   96.8610611      Days:         744
*** ERROR *** Could not produce desired level of quality in
                    << Temp. Dew Pt.   >> random deviates.
 FAILED K-S -- Parm:Temp. Dew Pt.   Mon:           8  Year:        2004  N:         651
 Failed SN SD test.
 Parm:Temp. Dew Pt.   Month:           8  Year:        2004  Mlevel=   10.0000000      SDlevel=   96.5586929      Days:         775
 FAILED K-S -- Parm:Temp. Dew Pt.   Mon:           8  Year:        2004  N:         651
 Failed SN SD test.
 Parm:Temp. Dew Pt.   Month:           8  Year:        2004  Mlevel=   10.0000000      SDlevel=   96.5586929      Days:         775
 FAILED K-S -- Parm:Temp. Dew Pt.   Mon:           8  Year:        2004  N:         651
 Failed SN SD test.
 Parm:Temp. Dew Pt.   Month:           8  Year:        2004  Mlevel=   10.0000000      SDlevel=   96.5586929      Days:         775
 FAILED K-S -- Parm:Temp. Dew Pt.   Mon:           8  Year:        2004  N:         651
 Failed SN SD test.
 Parm:Temp. Dew Pt.   Month:           8  Year:        2004  Mlevel=   10.0000000      SDlevel=   96.5586929      Days:         775
 FAILED K-S -- Parm:Temp. Dew Pt.   Mon:           8  Year:        2004  N:         651
 Failed SN SD test.
 Parm:Temp. Dew Pt.   Month:           8  Year:        2004  Mlevel=   10.0000000      SDlevel=   96.5586929      Days:         775
*** ERROR *** Could not produce desired level of quality in
                    << Temp. Dew Pt.   >> random deviates.
 Failed SN SD test.
 Parm:Temp. Dew Pt.   Month:           8  Year:        2005  Mlevel=   20.0000000      SDlevel=   98.1123810      Days:         806
 Failed SN SD test.
 Parm:Temp. Dew Pt.   Month:           8  Year:        2005  Mlevel=   10.0000000      SDlevel=   94.3724060      Days:         806
 FAILED K-S -- Parm:Temp. Dew Pt.   Mon:           8  Year:        2005  N:         682
 Failed SN SD test.
 Parm:Temp. Dew Pt.   Month:           8  Year:        2005  Mlevel=   10.0000000      SDlevel=   94.3724060      Days:         806
 FAILED K-S -- Parm:Temp. Dew Pt.   Mon:           8  Year:        2005  N:         682
 Failed SN SD test.
 Parm:Temp. Dew Pt.   Month:           8  Year:        2005  Mlevel=   10.0000000      SDlevel=   94.3724060      Days:         806
 FAILED K-S -- Parm:Temp. Dew Pt.   Mon:           8  Year:        2005  N:         682
 Failed SN SD test.
 Parm:Temp. Dew Pt.   Month:           8  Year:        2005  Mlevel=   10.0000000      SDlevel=   94.3724060      Days:         806
*** ERROR *** Could not produce desired level of quality in
                    << Temp. Dew Pt.   >> random deviates.
 FAILED K-S -- Parm:Temp. Dew Pt.   Mon:           8  Year:        2006  N:         713
 Failed SN SD test.
 Parm:Temp. Dew Pt.   Month:           8  Year:        2006  Mlevel=   30.0000000      SDlevel=   97.0346756      Days:         837
 FAILED K-S -- Parm:Temp. Dew Pt.   Mon:           8  Year:        2006  N:         713
 Failed SN SD test.
 Parm:Temp. Dew Pt.   Month:           8  Year:        2006  Mlevel=   30.0000000      SDlevel=   97.0346756      Days:         837
 FAILED K-S -- Parm:Temp. Dew Pt.   Mon:           8  Year:        2006  N:         713
 Failed SN SD test.
 Parm:Temp. Dew Pt.   Month:           8  Year:        2006  Mlevel=   30.0000000      SDlevel=   97.0346756      Days:         837
 FAILED K-S -- Parm:Temp. Dew Pt.   Mon:           8  Year:        2006  N:         713
 Failed SN SD test.
 Parm:Temp. Dew Pt.   Month:           8  Year:        2006  Mlevel=   30.0000000      SDlevel=   97.0346756      Days:         837
 FAILED K-S -- Parm:Temp. Dew Pt.   Mon:           8  Year:        2006  N:         713
 Failed SN SD test.
 Parm:Temp. Dew Pt.   Month:           8  Year:        2006  Mlevel=   30.0000000      SDlevel=   97.0346756      Days:         837
*** ERROR *** Could not produce desired level of quality in
                    << Temp. Dew Pt.   >> random deviates.
 FAILED K-S -- Parm:Temp. Dew Pt.   Mon:           8  Year:        2007  N:         744
 Failed SN SD test.
 Parm:Temp. Dew Pt.   Month:           8  Year:        2007  Mlevel=   20.0000000      SDlevel=   91.2052460      Days:         868
 FAILED K-S -- Parm:Temp. Dew Pt.   Mon:           8  Year:        2007  N:         744
 Failed SN SD test.
 Parm:Temp. Dew Pt.   Month:           8  Year:        2007  Mlevel=   20.0000000      SDlevel=   91.2052460      Days:         868
 FAILED K-S -- Parm:Temp. Dew Pt.   Mon:           8  Year:        2007  N:         744
 Failed SN SD test.
 Parm:Temp. Dew Pt.   Month:           8  Year:        2007  Mlevel=   20.0000000      SDlevel=   91.2052460      Days:         868
 FAILED K-S -- Parm:Temp. Dew Pt.   Mon:           8  Year:        2007  N:         744
 Failed SN SD test.
 Parm:Temp. Dew Pt.   Month:           8  Year:        2007  Mlevel=   20.0000000      SDlevel=   91.2052460      Days:         868
 FAILED K-S -- Parm:Temp. Dew Pt.   Mon:           8  Year:        2007  N:         744
 Failed SN SD test.
 Parm:Temp. Dew Pt.   Month:           8  Year:        2007  Mlevel=   20.0000000      SDlevel=   91.2052460      Days:         868
*** ERROR *** Could not produce desired level of quality in
                    << Temp. Dew Pt.   >> random deviates.
 FAILED K-S -- Parm:Temp. Dew Pt.   Mon:           8  Year:        2008  N:         775
 Failed SN SD test.
 Parm:Temp. Dew Pt.   Month:           8  Year:        2008  Mlevel=   10.0000000      SDlevel=   94.9242325      Days:         899
 FAILED K-S -- Parm:Temp. Dew Pt.   Mon:           8  Year:        2008  N:         775
 Failed SN SD test.
 Parm:Temp. Dew Pt.   Month:           8  Year:        2008  Mlevel=   10.0000000      SDlevel=   94.9242325      Days:         899
 FAILED K-S -- Parm:Temp. Dew Pt.   Mon:           8  Year:        2008  N:         775
 Failed SN SD test.
 Parm:Temp. Dew Pt.   Month:           8  Year:        2008  Mlevel=   10.0000000      SDlevel=   94.9242325      Days:         899
 FAILED K-S -- Parm:Temp. Dew Pt.   Mon:           8  Year:        2008  N:         775
 Failed SN SD test.
 Parm:Temp. Dew Pt.   Month:           8  Year:        2008  Mlevel=   10.0000000      SDlevel=   94.9242325      Days:         899
 FAILED K-S -- Parm:Temp. Dew Pt.   Mon:           8  Year:        2008  N:         775
 Failed SN SD test.
 Parm:Temp. Dew Pt.   Month:           8  Year:        2008  Mlevel=   10.0000000      SDlevel=   94.9242325      Days:         899
*** ERROR *** Could not produce desired level of quality in
                    << Temp. Dew Pt.   >> random deviates.
 FAILED K-S -- Parm:Temp. Dew Pt.   Mon:           8  Year:        2009  N:         806
 Failed SN SD test.
 Parm:Temp. Dew Pt.   Month:           8  Year:        2009  Mlevel=   40.0000000      SDlevel=   97.0052338      Days:         930
 FAILED K-S -- Parm:Temp. Dew Pt.   Mon:           8  Year:        2009  N:         806
 Failed SN SD test.
 Parm:Temp. Dew Pt.   Month:           8  Year:        2009  Mlevel=   40.0000000      SDlevel=   97.0052338      Days:         930
 FAILED K-S -- Parm:Temp. Dew Pt.   Mon:           8  Year:        2009  N:         806
 Failed SN SD test.
 Parm:Temp. Dew Pt.   Month:           8  Year:        2009  Mlevel=   40.0000000      SDlevel=   97.0052338      Days:         930
 FAILED K-S -- Parm:Temp. Dew Pt.   Mon:           8  Year:        2009  N:         806
 Failed SN SD test.
 Parm:Temp. Dew Pt.   Month:           8  Year:        2009  Mlevel=   40.0000000      SDlevel=   97.0052338      Days:         930
 FAILED K-S -- Parm:Temp. Dew Pt.   Mon:           8  Year:        2009  N:         806
 Failed SN SD test.
 Parm:Temp. Dew Pt.   Month:           8  Year:        2009  Mlevel=   40.0000000      SDlevel=   97.0052338      Days:         930
*** ERROR *** Could not produce desired level of quality in
                    << Temp. Dew Pt.   >> random deviates.
 FAILED K-S -- Parm:Temp. Dew Pt.   Mon:           8  Year:        2010  N:         837
 Failed SN SD test.
 Parm:Temp. Dew Pt.   Month:           8  Year:        2010  Mlevel=   30.0000000      SDlevel=   94.7112961      Days:         961
 FAILED K-S -- Parm:Temp. Dew Pt.   Mon:           8  Year:        2010  N:         837
 Failed SN SD test.
 Parm:Temp. Dew Pt.   Month:           8  Year:        2010  Mlevel=   30.0000000      SDlevel=   94.7112961      Days:         961
 FAILED K-S -- Parm:Temp. Dew Pt.   Mon:           8  Year:        2010  N:         837
 Failed SN SD test.
 Parm:Temp. Dew Pt.   Month:           8  Year:        2010  Mlevel=   30.0000000      SDlevel=   94.7112961      Days:         961
 FAILED K-S -- Parm:Temp. Dew Pt.   Mon:           8  Year:        2010  N:         837
 Failed SN SD test.
 Parm:Temp. Dew Pt.   Month:           8  Year:        2010  Mlevel=   30.0000000      SDlevel=   94.7112961      Days:         961
 FAILED K-S -- Parm:Temp. Dew Pt.   Mon:           8  Year:        2010  N:         837
 Failed SN SD test.
 Parm:Temp. Dew Pt.   Month:           8  Year:        2010  Mlevel=   30.0000000      SDlevel=   94.7112961      Days:         961
*** ERROR *** Could not produce desired level of quality in
                    << Temp. Dew Pt.   >> random deviates.
 FAILED K-S -- Parm:Temp. Dew Pt.   Mon:           8  Year:        2011  N:         868
 Failed SN SD test.
 Parm:Temp. Dew Pt.   Month:           8  Year:        2011  Mlevel=   50.0000000      SDlevel=   97.7596970      Days:         992
 FAILED K-S -- Parm:Temp. Dew Pt.   Mon:           8  Year:        2011  N:         868
 Failed SN SD test.
 Parm:Temp. Dew Pt.   Month:           8  Year:        2011  Mlevel=   50.0000000      SDlevel=   97.7596970      Days:         992
 FAILED K-S -- Parm:Temp. Dew Pt.   Mon:           8  Year:        2011  N:         868
 Failed SN SD test.
 Parm:Temp. Dew Pt.   Month:           8  Year:        2011  Mlevel=   50.0000000      SDlevel=   97.7596970      Days:         992
 FAILED K-S -- Parm:Temp. Dew Pt.   Mon:           8  Year:        2011  N:         868
 Failed SN SD test.
 Parm:Temp. Dew Pt.   Month:           8  Year:        2011  Mlevel=   50.0000000      SDlevel=   97.7596970      Days:         992
 FAILED K-S -- Parm:Temp. Dew Pt.   Mon:           8  Year:        2011  N:         868
 Failed SN SD test.
 Parm:Temp. Dew Pt.   Month:           8  Year:        2011  Mlevel=   50.0000000      SDlevel=   97.7596970      Days:         992
*** ERROR *** Could not produce desired level of quality in
                    << Temp. Dew Pt.   >> random deviates.
 FAILED K-S -- Parm:Temp. Dew Pt.   Mon:           8  Year:        2012  N:         899
 Failed SN Mean test.
 Failed SN SD test.
 Parm:Temp. Dew Pt.   Month:           8  Year:        2012  Mlevel=   60.0000000      SDlevel=   96.9500427      Days:        1023
 FAILED K-S -- Parm:Temp. Dew Pt.   Mon:           8  Year:        2012  N:         899
 Failed SN Mean test.
 Failed SN SD test.
 Parm:Temp. Dew Pt.   Month:           8  Year:        2012  Mlevel=   60.0000000      SDlevel=   96.9500427      Days:        1023
 FAILED K-S -- Parm:Temp. Dew Pt.   Mon:           8  Year:        2012  N:         899
 Failed SN Mean test.
 Failed SN SD test.
 Parm:Temp. Dew Pt.   Month:           8  Year:        2012  Mlevel=   60.0000000      SDlevel=   96.9500427      Days:        1023
 FAILED K-S -- Parm:Temp. Dew Pt.   Mon:           8  Year:        2012  N:         899
 Failed SN Mean test.
 Failed SN SD test.
 Parm:Temp. Dew Pt.   Month:           8  Year:        2012  Mlevel=   60.0000000      SDlevel=   96.9500427      Days:        1023
 FAILED K-S -- Parm:Temp. Dew Pt.   Mon:           8  Year:        2012  N:         899
 Failed SN Mean test.
 Failed SN SD test.
 Parm:Temp. Dew Pt.   Month:           8  Year:        2012  Mlevel=   60.0000000      SDlevel=   96.9500427      Days:        1023
*** ERROR *** Could not produce desired level of quality in
                    << Temp. Dew Pt.   >> random deviates.
 FAILED K-S -- Parm:Temp. Dew Pt.   Mon:           8  Year:        2013  N:         930
 Failed SN SD test.
 Parm:Temp. Dew Pt.   Month:           8  Year:        2013  Mlevel=   50.0000000      SDlevel=   97.9950333      Days:        1054
 FAILED K-S -- Parm:Temp. Dew Pt.   Mon:           8  Year:        2013  N:         930
 Failed SN SD test.
 Parm:Temp. Dew Pt.   Month:           8  Year:        2013  Mlevel=   50.0000000      SDlevel=   97.9950333      Days:        1054
 FAILED K-S -- Parm:Temp. Dew Pt.   Mon:           8  Year:        2013  N:         930
 Failed SN SD test.
 Parm:Temp. Dew Pt.   Month:           8  Year:        2013  Mlevel=   50.0000000      SDlevel=   97.9950333      Days:        1054
 FAILED K-S -- Parm:Temp. Dew Pt.   Mon:           8  Year:        2013  N:         930
 Failed SN SD test.
 Parm:Temp. Dew Pt.   Month:           8  Year:        2013  Mlevel=   50.0000000      SDlevel=   97.9950333      Days:        1054
 FAILED K-S -- Parm:Temp. Dew Pt.   Mon:           8  Year:        2013  N:         930
 Failed SN SD test.
 Parm:Temp. Dew Pt.   Month:           8  Year:        2013  Mlevel=   50.0000000      SDlevel=   97.9950333      Days:        1054
*** ERROR *** Could not produce desired level of quality in
                    << Temp. Dew Pt.   >> random deviates.
 FAILED K-S -- Parm:Time to Peak    Mon:           8  Year:        2013  N:         285
 FAILED K-S -- Parm:Temp. Dew Pt.   Mon:           8  Year:        2014  N:         961
 Failed SN SD test.
 Parm:Temp. Dew Pt.   Month:           8  Year:        2014  Mlevel=   30.0000000      SDlevel=   98.9856644      Days:        1085
 FAILED K-S -- Parm:Temp. Dew Pt.   Mon:           8  Year:        2014  N:         961
 Failed SN SD test.
 Parm:Temp. Dew Pt.   Month:           8  Year:        2014  Mlevel=   30.0000000      SDlevel=   98.9856644      Days:        1085
 FAILED K-S -- Parm:Temp. Dew Pt.   Mon:           8  Year:        2014  N:         961
 Failed SN SD test.
 Parm:Temp. Dew Pt.   Month:           8  Year:        2014  Mlevel=   30.0000000      SDlevel=   98.9856644      Days:        1085
 FAILED K-S -- Parm:Temp. Dew Pt.   Mon:           8  Year:        2014  N:         961
 Failed SN SD test.
 Parm:Temp. Dew Pt.   Month:           8  Year:        2014  Mlevel=   30.0000000      SDlevel=   98.9856644      Days:        1085
 FAILED K-S -- Parm:Temp. Dew Pt.   Mon:           8  Year:        2014  N:         961
 Failed SN SD test.
 Parm:Temp. Dew Pt.   Month:           8  Year:        2014  Mlevel=   30.0000000      SDlevel=   98.9856644      Days:        1085
*** ERROR *** Could not produce desired level of quality in
                    << Temp. Dew Pt.   >> random deviates.
 FAILED K-S -- Parm:Temp. Dew Pt.   Mon:           8  Year:        2015  N:         992
 Failed SN SD test.
 Parm:Temp. Dew Pt.   Month:           8  Year:        2015  Mlevel=   20.0000000      SDlevel=   98.0521469      Days:        1116
 FAILED K-S -- Parm:Temp. Dew Pt.   Mon:           8  Year:        2015  N:         992
 Failed SN SD test.
 Parm:Temp. Dew Pt.   Month:           8  Year:        2015  Mlevel=   20.0000000      SDlevel=   98.0521469      Days:        1116
 FAILED K-S -- Parm:Temp. Dew Pt.   Mon:           8  Year:        2015  N:         992
 Failed SN SD test.
 Parm:Temp. Dew Pt.   Month:           8  Year:        2015  Mlevel=   20.0000000      SDlevel=   98.0521469      Days:        1116
 FAILED K-S -- Parm:Temp. Dew Pt.   Mon:           8  Year:        2015  N:         992
 Failed SN SD test.
 Parm:Temp. Dew Pt.   Month:           8  Year:        2015  Mlevel=   20.0000000      SDlevel=   98.0521469      Days:        1116
 FAILED K-S -- Parm:Temp. Dew Pt.   Mon:           8  Year:        2015  N:         992
 Failed SN SD test.
 Parm:Temp. Dew Pt.   Month:           8  Year:        2015  Mlevel=   20.0000000      SDlevel=   98.0521469      Days:        1116
*** ERROR *** Could not produce desired level of quality in
                    << Temp. Dew Pt.   >> random deviates.
 FAILED K-S -- Parm:Time to Peak    Mon:           8  Year:        2015  N:         288
 FAILED K-S -- Parm:Temp. Dew Pt.   Mon:           8  Year:        2016  N:        1023
 Failed SN SD test.
 Parm:Temp. Dew Pt.   Month:           8  Year:        2016  Mlevel=   30.0000000      SDlevel=   99.2818756      Days:        1147
 FAILED K-S -- Parm:Temp. Dew Pt.   Mon:           8  Year:        2016  N:        1023
 Failed SN SD test.
 Parm:Temp. Dew Pt.   Month:           8  Year:        2016  Mlevel=   30.0000000      SDlevel=   99.2818756      Days:        1147
 FAILED K-S -- Parm:Temp. Dew Pt.   Mon:           8  Year:        2016  N:        1023
 Failed SN SD test.
 Parm:Temp. Dew Pt.   Month:           8  Year:        2016  Mlevel=   30.0000000      SDlevel=   99.2818756      Days:        1147
 FAILED K-S -- Parm:Temp. Dew Pt.   Mon:           8  Year:        2016  N:        1023
 Failed SN SD test.
 Parm:Temp. Dew Pt.   Month:           8  Year:        2016  Mlevel=   30.0000000      SDlevel=   99.2818756      Days:        1147
 FAILED K-S -- Parm:Temp. Dew Pt.   Mon:           8  Year:        2016  N:        1023
At line 3013 of file cligen53.f (unit = 9, file = '0500000US53049.prn')
Fortran runtime error: Sequential READ or WRITE not allowed after EOF marker, possibly use REWIND or BACKSPACE
 Failed SN SD test.
 Parm:Temp. Dew Pt.   Month:           8  Year:        2016  Mlevel=   30.0000000      SDlevel=   99.2818756      Days:        1147
*** ERROR *** Could not produce desired level of quality in
                    << Temp. Dew Pt.   >> random deviates.
 FAILED K-S -- Parm:Temp. Dew Pt.   Mon:           8  Year:        2017  N:        1054
 Failed SN SD test.
 Parm:Temp. Dew Pt.   Month:           8  Year:        2017  Mlevel=   30.0000000      SDlevel=   98.8432770      Days:        1178
 FAILED K-S -- Parm:Temp. Dew Pt.   Mon:           8  Year:        2017  N:        1054
 Failed SN SD test.
 Parm:Temp. Dew Pt.   Month:           8  Year:        2017  Mlevel=   30.0000000      SDlevel=   98.8432770      Days:        1178
 FAILED K-S -- Parm:Temp. Dew Pt.   Mon:           8  Year:        2017  N:        1054
 Failed SN SD test.
 Parm:Temp. Dew Pt.   Month:           8  Year:        2017  Mlevel=   30.0000000      SDlevel=   98.8432770      Days:        1178
 FAILED K-S -- Parm:Temp. Dew Pt.   Mon:           8  Year:        2017  N:        1054
 Failed SN SD test.
 Parm:Temp. Dew Pt.   Month:           8  Year:        2017  Mlevel=   30.0000000      SDlevel=   98.8432770      Days:        1178
 FAILED K-S -- Parm:Temp. Dew Pt.   Mon:           8  Year:        2017  N:        1054
 Failed SN SD test.
 Parm:Temp. Dew Pt.   Month:           8  Year:        2017  Mlevel=   30.0000000      SDlevel=   98.8432770      Days:        1178
*** ERROR *** Could not produce desired level of quality in
                    << Temp. Dew Pt.   >> random deviates.
