At line 3013 of file cligen53.f (unit = 9, file = '0500000US40149.prn')
Fortran runtime error: Sequential READ or WRITE not allowed after EOF marker, possibly use REWIND or BACKSPACE


  ********************************************************************
  *                                                                  *
  *              USDA - WATER EROSION PREDICTION PROJECT             *
  *                 WEPP CLIMATE INPUT DATA GENERATOR                *
  *                                                                  *
  *                    CONTINUOUS SIMULATION AND                     *
  *                       SINGLE STORM OPTIONS                       *
  *                    with Command Line Options,                    *
  *                        and Corrections to                        *
  *                  Rainfall Intensity Calculations                 *
  *                   and Random Number Generation.                  *
  *                                                                  *
  *                          VERSION 5.30000                         *
  *                     Revised from VERSION 4.2                     *
  *                           October 2004                           *
  *                                                                  *
  *           (Use -h or /h to list command line options.)           *
  *                                                                  *
  ********************************************************************


 ok344204.par                                                                                                                                                                                                                                                    
 0500000US40149.prn                                                                                                                                                                                                                                              
 Failed SN SD test.
 Parm:Precip. Amt.    Month:          12  Year:        1986  Mlevel=   20.0000000      SDlevel=   52.1644707      Days:          34
 Failed SN SD test.
 Parm:Precip. Amt.    Month:          12  Year:        1986  Mlevel=   5.00000000      SDlevel=   53.1378326      Days:          34
 Failed SN SD test.
 Parm:Precip. Amt.    Month:          12  Year:        1986  Mlevel=   10.0000000      SDlevel=   53.8777466      Days:          34
 Failed SN SD test.
 Parm:Precip. Amt.    Month:          12  Year:        1986  Mlevel=   5.00000000      SDlevel=   51.6714020      Days:          34
 Failed SN SD test.
 Parm:Precip. Amt.    Month:          12  Year:        1986  Mlevel=   10.0000000      SDlevel=   53.8779907      Days:          34
*** ERROR *** Could not produce desired level of quality in
                    << Precip. Amt.    >> random deviates.
 FAILED K-S -- Parm:Wind Dir.       Mon:          12  Year:        1986  N:         217
 Failed SN SD test.
 Parm:Temp. Dew Pt.   Month:          12  Year:        1986  Mlevel=   10.0000000      SDlevel=   69.7479019      Days:         217
 Tdew -10 rangecheck executed.
 Tdew -10 rangecheck executed.
 FAILED K-S -- Parm:Precip. Amt.    Mon:           6  Year:        1993  N:         101
 FAILED K-S -- Parm:Precip. Amt.    Mon:           6  Year:        1993  N:         101
 FAILED K-S -- Parm:Precip. Amt.    Mon:           6  Year:        1993  N:         101
 FAILED K-S -- Parm:Precip. Amt.    Mon:           6  Year:        1993  N:         101
 FAILED K-S -- Parm:Precip. Amt.    Mon:           6  Year:        1993  N:         101
*** ERROR *** Could not produce desired level of quality in
                    << Precip. Amt.    >> random deviates.
 Tdew -10 rangecheck executed.
