

  ********************************************************************
  *                                                                  *
  *              USDA - WATER EROSION PREDICTION PROJECT             *
  *                 WEPP CLIMATE INPUT DATA GENERATOR                *
  *                                                                  *
  *                    CONTINUOUS SIMULATION AND                     *
  *                       SINGLE STORM OPTIONS                       *
  *                    with Command Line Options,                    *
  *                        and Corrections to                        *
  *                  Rainfall Intensity Calculations                 *
  *                   and Random Number Generation.                  *
  *                                                                  *
  *                          VERSION 5.30000                         *
  *                     Revised from VERSION 4.2                     *
  *                           October 2004                           *
  *                                                                  *
  *           (Use -h or /h to list command line options.)           *
  *                                                                  *
  ********************************************************************


 ut420849.par                                                                                                                                                                                                                                                    
 0500000US49017.prn                                                                                                                                                                                                                                              
 Tdew -10 rangecheck executed.
 Tdew -10 rangecheck executed.
 Tdew -10 rangecheck executed.
 Tdew -10 rangecheck executed.
 Tdew -10 rangecheck executed.
 FAILED K-S -- Parm:Time to Peak    Mon:           7  Year:        1993  N:         102
 FAILED K-S -- Parm:Time to Peak    Mon:           7  Year:        1993  N:         102
 FAILED K-S -- Parm:Time to Peak    Mon:           7  Year:        1993  N:         102
 FAILED K-S -- Parm:Time to Peak    Mon:           7  Year:        1993  N:         102
 FAILED K-S -- Parm:Time to Peak    Mon:           7  Year:        1993  N:         102
*** ERROR *** Could not produce desired level of quality in
                    << Time to Peak    >> random deviates.
 FAILED K-S -- Parm:Time to Peak    Mon:          10  Year:        1996  N:         100
 FAILED K-S -- Parm:Time to Peak    Mon:          10  Year:        1996  N:         100
 FAILED K-S -- Parm:Time to Peak    Mon:          10  Year:        1996  N:         100
 FAILED K-S -- Parm:Time to Peak    Mon:          10  Year:        1996  N:         100
 FAILED K-S -- Parm:Time to Peak    Mon:          10  Year:        1996  N:         100
*** ERROR *** Could not produce desired level of quality in
                    << Time to Peak    >> random deviates.
 FAILED K-S -- Parm:Time to Peak    Mon:          10  Year:        1997  N:         103
 FAILED K-S -- Parm:Time to Peak    Mon:          10  Year:        1997  N:         103
 FAILED K-S -- Parm:Time to Peak    Mon:          10  Year:        1997  N:         103
 FAILED K-S -- Parm:Time to Peak    Mon:          10  Year:        1997  N:         103
 FAILED K-S -- Parm:Time to Peak    Mon:          10  Year:        1997  N:         103
*** ERROR *** Could not produce desired level of quality in
                    << Time to Peak    >> random deviates.
 FAILED K-S -- Parm:Time to Peak    Mon:          10  Year:        1998  N:         109
 FAILED K-S -- Parm:Time to Peak    Mon:          10  Year:        1998  N:         109
 FAILED K-S -- Parm:Time to Peak    Mon:          10  Year:        1998  N:         109
 FAILED K-S -- Parm:Time to Peak    Mon:          10  Year:        1998  N:         109
 FAILED K-S -- Parm:Time to Peak    Mon:          10  Year:        1998  N:         109
At line 3013 of file cligen53.f (unit = 9, file = '0500000US49017.prn')
Fortran runtime error: Sequential READ or WRITE not allowed after EOF marker, possibly use REWIND or BACKSPACE
*** ERROR *** Could not produce desired level of quality in
                    << Time to Peak    >> random deviates.
 FAILED K-S -- Parm:Time to Peak    Mon:          10  Year:        1999  N:         111
 FAILED K-S -- Parm:Time to Peak    Mon:          10  Year:        1999  N:         111
 FAILED K-S -- Parm:Time to Peak    Mon:          10  Year:        1999  N:         111
 FAILED K-S -- Parm:Time to Peak    Mon:          10  Year:        1999  N:         111
 FAILED K-S -- Parm:Time to Peak    Mon:          10  Year:        1999  N:         111
*** ERROR *** Could not produce desired level of quality in
                    << Time to Peak    >> random deviates.
 FAILED K-S -- Parm:Time to Peak    Mon:          10  Year:        2000  N:         112
 FAILED K-S -- Parm:Time to Peak    Mon:          10  Year:        2000  N:         112
 FAILED K-S -- Parm:Time to Peak    Mon:          10  Year:        2000  N:         112
 FAILED K-S -- Parm:Time to Peak    Mon:          10  Year:        2000  N:         112
 FAILED K-S -- Parm:Time to Peak    Mon:          10  Year:        2000  N:         112
*** ERROR *** Could not produce desired level of quality in
                    << Time to Peak    >> random deviates.
 FAILED K-S -- Parm:Precip. Amt.    Mon:           4  Year:        2008  N:         102
 FAILED K-S -- Parm:Precip. Amt.    Mon:           4  Year:        2008  N:         102
 FAILED K-S -- Parm:Precip. Amt.    Mon:           4  Year:        2008  N:         102
 FAILED K-S -- Parm:Precip. Amt.    Mon:           4  Year:        2008  N:         102
 FAILED K-S -- Parm:Precip. Amt.    Mon:           4  Year:        2008  N:         102
*** ERROR *** Could not produce desired level of quality in
                    << Precip. Amt.    >> random deviates.
