

  ********************************************************************
  *                                                                  *
  *              USDA - WATER EROSION PREDICTION PROJECT             *
  *                 WEPP CLIMATE INPUT DATA GENERATOR                *
  *                                                                  *
  *                    CONTINUOUS SIMULATION AND                     *
  *                       SINGLE STORM OPTIONS                       *
  *                    with Command Line Options,                    *
  *                        and Corrections to                        *
  *                  Rainfall Intensity Calculations                 *
  *                   and Random Number Generation.                  *
  *                                                                  *
  *                          VERSION 5.30000                         *
  *                     Revised from VERSION 4.2                     *
  *                           October 2004                           *
  *                                                                  *
  *           (Use -h or /h to list command line options.)           *
  *                                                                  *
  ********************************************************************


 ne256075.par                                                                                                                                                                                                                                                    
 0500000US31111.prn                                                                                                                                                                                                                                              
 Tdew -10 rangecheck executed.
 Tdew -10 rangecheck executed.
 Tdew -10 rangecheck executed.
 Tdew -10 rangecheck executed.
 Tdew -10 rangecheck executed.
 Tdew -10 rangecheck executed.
 Tdew -10 rangecheck executed.
 Tdew -10 rangecheck executed.
 Tdew -10 rangecheck executed.
 Tdew -10 rangecheck executed.
 Tdew -10 rangecheck executed.
 Tdew -10 rangecheck executed.
 Tdew -10 rangecheck executed.
 Tdew -10 rangecheck executed.
 Tdew -10 rangecheck executed.
 Tdew -10 rangecheck executed.
 Tdew -10 rangecheck executed.
 Tdew -10 rangecheck executed.
 Tdew -10 rangecheck executed.
 Tdew -10 rangecheck executed.
 Tdew -10 rangecheck executed.
 Tdew -10 rangecheck executed.
 Tdew -10 rangecheck executed.
 Tdew -10 rangecheck executed.
 Tdew -10 rangecheck executed.
 Tdew -10 rangecheck executed.
 Tdew -10 rangecheck executed.
 Tdew -10 rangecheck executed.
 Tdew -10 rangecheck executed.
 Tdew -10 rangecheck executed.
 Tdew -10 rangecheck executed.
 Tdew -10 rangecheck executed.
 Tdew -10 rangecheck executed.
 Tdew -10 rangecheck executed.
 Tdew -10 rangecheck executed.
 Tdew -10 rangecheck executed.
 Tdew -10 rangecheck executed.
 Tdew -10 rangecheck executed.
 Tdew -10 rangecheck executed.
 Tdew -10 rangecheck executed.
 Tdew -10 rangecheck executed.
 Tdew -10 rangecheck executed.
 Tdew -10 rangecheck executed.
 Tdew -10 rangecheck executed.
 Tdew -10 rangecheck executed.
 Tdew -10 rangecheck executed.
 Tdew -10 rangecheck executed.
 Tdew -10 rangecheck executed.
 Tdew -10 rangecheck executed.
 Tdew -10 rangecheck executed.
 Tdew -10 rangecheck executed.
 Tdew -10 rangecheck executed.
 Tdew -10 rangecheck executed.
 Tdew -10 rangecheck executed.
 Tdew -10 rangecheck executed.
 Tdew -10 rangecheck executed.
 FAILED K-S -- Parm:Time to Peak    Mon:           8  Year:        1992  N:         100
 FAILED K-S -- Parm:Time to Peak    Mon:           8  Year:        1992  N:         100
 FAILED K-S -- Parm:Time to Peak    Mon:           8  Year:        1992  N:         100
 FAILED K-S -- Parm:Time to Peak    Mon:           8  Year:        1992  N:         100
 FAILED K-S -- Parm:Time to Peak    Mon:           8  Year:        1992  N:         100
*** ERROR *** Could not produce desired level of quality in
                    << Time to Peak    >> random deviates.
 Tdew -10 rangecheck executed.
 Tdew -10 rangecheck executed.
 Tdew -10 rangecheck executed.
 Tdew -10 rangecheck executed.
 Tdew -10 rangecheck executed.
 Tdew -10 rangecheck executed.
 Tdew -10 rangecheck executed.
 Tdew -10 rangecheck executed.
 Tdew -10 rangecheck executed.
 Tdew -10 rangecheck executed.
 Tdew -10 rangecheck executed.
 Tdew -10 rangecheck executed.
 Tdew -10 rangecheck executed.
 Tdew -10 rangecheck executed.
 Tdew -10 rangecheck executed.
 Tdew -10 rangecheck executed.
 Tdew -10 rangecheck executed.
 Tdew -10 rangecheck executed.
 Tdew -10 rangecheck executed.
 Tdew -10 rangecheck executed.
 Tdew -10 rangecheck executed.
 Tdew -10 rangecheck executed.
 Tdew -10 rangecheck executed.
 Tdew -10 rangecheck executed.
 FAILED K-S -- Parm:Time to Peak    Mon:          11  Year:        2000  N:         102
 FAILED K-S -- Parm:Time to Peak    Mon:          11  Year:        2000  N:         102
 FAILED K-S -- Parm:Time to Peak    Mon:          11  Year:        2000  N:         102
 FAILED K-S -- Parm:Time to Peak    Mon:          11  Year:        2000  N:         102
 FAILED K-S -- Parm:Time to Peak    Mon:          11  Year:        2000  N:         102
*** ERROR *** Could not produce desired level of quality in
                    << Time to Peak    >> random deviates.
 Tdew -10 rangecheck executed.
 FAILED K-S -- Parm:Time to Peak    Mon:          11  Year:        2001  N:         108
 FAILED K-S -- Parm:Time to Peak    Mon:          11  Year:        2001  N:         108
 FAILED K-S -- Parm:Time to Peak    Mon:          11  Year:        2001  N:         108
 FAILED K-S -- Parm:Time to Peak    Mon:          11  Year:        2001  N:         108
 FAILED K-S -- Parm:Time to Peak    Mon:          11  Year:        2001  N:         108
*** ERROR *** Could not produce desired level of quality in
                    << Time to Peak    >> random deviates.
 Tdew -10 rangecheck executed.
 Tdew -10 rangecheck executed.
 FAILED K-S -- Parm:Time to Peak    Mon:          11  Year:        2002  N:         116
 FAILED K-S -- Parm:Time to Peak    Mon:          11  Year:        2002  N:         116
 FAILED K-S -- Parm:Time to Peak    Mon:          11  Year:        2002  N:         116
 FAILED K-S -- Parm:Time to Peak    Mon:          11  Year:        2002  N:         116
 FAILED K-S -- Parm:Time to Peak    Mon:          11  Year:        2002  N:         116
*** ERROR *** Could not produce desired level of quality in
                    << Time to Peak    >> random deviates.
 Tdew -10 rangecheck executed.
 Tdew -10 rangecheck executed.
 Tdew -10 rangecheck executed.
 FAILED K-S -- Parm:Time to Peak    Mon:          11  Year:        2003  N:         122
 FAILED K-S -- Parm:Time to Peak    Mon:          11  Year:        2003  N:         122
 FAILED K-S -- Parm:Time to Peak    Mon:          11  Year:        2003  N:         122
 FAILED K-S -- Parm:Time to Peak    Mon:          11  Year:        2003  N:         122
 FAILED K-S -- Parm:Time to Peak    Mon:          11  Year:        2003  N:         122
*** ERROR *** Could not produce desired level of quality in
                    << Time to Peak    >> random deviates.
 Tdew -10 rangecheck executed.
 Tdew -10 rangecheck executed.
 FAILED K-S -- Parm:Time to Peak    Mon:          11  Year:        2004  N:         129
 FAILED K-S -- Parm:Time to Peak    Mon:          11  Year:        2004  N:         129
 FAILED K-S -- Parm:Time to Peak    Mon:          11  Year:        2004  N:         129
 FAILED K-S -- Parm:Time to Peak    Mon:          11  Year:        2004  N:         129
 FAILED K-S -- Parm:Time to Peak    Mon:          11  Year:        2004  N:         129
*** ERROR *** Could not produce desired level of quality in
                    << Time to Peak    >> random deviates.
 Tdew -10 rangecheck executed.
 Tdew -10 rangecheck executed.
 FAILED K-S -- Parm:Time to Peak    Mon:          11  Year:        2005  N:         134
 FAILED K-S -- Parm:Time to Peak    Mon:          11  Year:        2005  N:         134
 FAILED K-S -- Parm:Time to Peak    Mon:          11  Year:        2005  N:         134
 FAILED K-S -- Parm:Time to Peak    Mon:          11  Year:        2005  N:         134
 FAILED K-S -- Parm:Time to Peak    Mon:          11  Year:        2005  N:         134
*** ERROR *** Could not produce desired level of quality in
                    << Time to Peak    >> random deviates.
 Tdew -10 rangecheck executed.
 Tdew -10 rangecheck executed.
 FAILED K-S -- Parm:Time to Peak    Mon:          11  Year:        2006  N:         138
 FAILED K-S -- Parm:Time to Peak    Mon:          11  Year:        2006  N:         138
 FAILED K-S -- Parm:Time to Peak    Mon:          11  Year:        2006  N:         138
 FAILED K-S -- Parm:Time to Peak    Mon:          11  Year:        2006  N:         138
 FAILED K-S -- Parm:Time to Peak    Mon:          11  Year:        2006  N:         138
*** ERROR *** Could not produce desired level of quality in
                    << Time to Peak    >> random deviates.
 Tdew -10 rangecheck executed.
 FAILED K-S -- Parm:Time to Peak    Mon:          11  Year:        2007  N:         143
 FAILED K-S -- Parm:Time to Peak    Mon:          11  Year:        2007  N:         143
 FAILED K-S -- Parm:Time to Peak    Mon:          11  Year:        2007  N:         143
 FAILED K-S -- Parm:Time to Peak    Mon:          11  Year:        2007  N:         143
 FAILED K-S -- Parm:Time to Peak    Mon:          11  Year:        2007  N:         143
*** ERROR *** Could not produce desired level of quality in
                    << Time to Peak    >> random deviates.
 Tdew -10 rangecheck executed.
 FAILED K-S -- Parm:Time to Peak    Mon:          11  Year:        2008  N:         147
 FAILED K-S -- Parm:Time to Peak    Mon:          11  Year:        2008  N:         147
 FAILED K-S -- Parm:Time to Peak    Mon:          11  Year:        2008  N:         147
 FAILED K-S -- Parm:Time to Peak    Mon:          11  Year:        2008  N:         147
 FAILED K-S -- Parm:Time to Peak    Mon:          11  Year:        2008  N:         147
*** ERROR *** Could not produce desired level of quality in
                    << Time to Peak    >> random deviates.
 Tdew -10 rangecheck executed.
 Tdew -10 rangecheck executed.
 FAILED K-S -- Parm:Time to Peak    Mon:          11  Year:        2009  N:         147
 FAILED K-S -- Parm:Time to Peak    Mon:          11  Year:        2009  N:         147
 FAILED K-S -- Parm:Time to Peak    Mon:          11  Year:        2009  N:         147
 FAILED K-S -- Parm:Time to Peak    Mon:          11  Year:        2009  N:         147
 FAILED K-S -- Parm:Time to Peak    Mon:          11  Year:        2009  N:         147
*** ERROR *** Could not produce desired level of quality in
                    << Time to Peak    >> random deviates.
 Tdew -10 rangecheck executed.
 Tdew -10 rangecheck executed.
 FAILED K-S -- Parm:Time to Peak    Mon:           1  Year:        2010  N:         102
 FAILED K-S -- Parm:Time to Peak    Mon:           1  Year:        2010  N:         102
 FAILED K-S -- Parm:Time to Peak    Mon:           1  Year:        2010  N:         102
 FAILED K-S -- Parm:Time to Peak    Mon:           1  Year:        2010  N:         102
 FAILED K-S -- Parm:Time to Peak    Mon:           1  Year:        2010  N:         102
*** ERROR *** Could not produce desired level of quality in
                    << Time to Peak    >> random deviates.
 Tdew -10 rangecheck executed.
 FAILED K-S -- Parm:Time to Peak    Mon:          11  Year:        2010  N:         152
 FAILED K-S -- Parm:Time to Peak    Mon:          11  Year:        2010  N:         152
 FAILED K-S -- Parm:Time to Peak    Mon:          11  Year:        2010  N:         152
 FAILED K-S -- Parm:Time to Peak    Mon:          11  Year:        2010  N:         152
 FAILED K-S -- Parm:Time to Peak    Mon:          11  Year:        2010  N:         152
*** ERROR *** Could not produce desired level of quality in
                    << Time to Peak    >> random deviates.
 FAILED K-S -- Parm:Time to Peak    Mon:           1  Year:        2011  N:         105
 FAILED K-S -- Parm:Time to Peak    Mon:           1  Year:        2011  N:         105
 FAILED K-S -- Parm:Time to Peak    Mon:           1  Year:        2011  N:         105
 FAILED K-S -- Parm:Time to Peak    Mon:           1  Year:        2011  N:         105
 FAILED K-S -- Parm:Time to Peak    Mon:           1  Year:        2011  N:         105
*** ERROR *** Could not produce desired level of quality in
                    << Time to Peak    >> random deviates.
 Tdew -10 rangecheck executed.
 FAILED K-S -- Parm:Time to Peak    Mon:          11  Year:        2011  N:         155
 FAILED K-S -- Parm:Time to Peak    Mon:          11  Year:        2011  N:         155
 FAILED K-S -- Parm:Time to Peak    Mon:          11  Year:        2011  N:         155
 FAILED K-S -- Parm:Time to Peak    Mon:          11  Year:        2011  N:         155
 FAILED K-S -- Parm:Time to Peak    Mon:          11  Year:        2011  N:         155
*** ERROR *** Could not produce desired level of quality in
                    << Time to Peak    >> random deviates.
 Tdew -10 rangecheck executed.
 FAILED K-S -- Parm:Time to Peak    Mon:           1  Year:        2012  N:         108
 FAILED K-S -- Parm:Time to Peak    Mon:           1  Year:        2012  N:         108
 FAILED K-S -- Parm:Time to Peak    Mon:           1  Year:        2012  N:         108
 FAILED K-S -- Parm:Time to Peak    Mon:           1  Year:        2012  N:         108
 FAILED K-S -- Parm:Time to Peak    Mon:           1  Year:        2012  N:         108
*** ERROR *** Could not produce desired level of quality in
                    << Time to Peak    >> random deviates.
 FAILED K-S -- Parm:Time to Peak    Mon:          11  Year:        2012  N:         157
 FAILED K-S -- Parm:Time to Peak    Mon:          11  Year:        2012  N:         157
 FAILED K-S -- Parm:Time to Peak    Mon:          11  Year:        2012  N:         157
 FAILED K-S -- Parm:Time to Peak    Mon:          11  Year:        2012  N:         157
 FAILED K-S -- Parm:Time to Peak    Mon:          11  Year:        2012  N:         157
*** ERROR *** Could not produce desired level of quality in
                    << Time to Peak    >> random deviates.
 Tdew -10 rangecheck executed.
 FAILED K-S -- Parm:Time to Peak    Mon:           1  Year:        2013  N:         110
 FAILED K-S -- Parm:Time to Peak    Mon:           1  Year:        2013  N:         110
 FAILED K-S -- Parm:Time to Peak    Mon:           1  Year:        2013  N:         110
 FAILED K-S -- Parm:Time to Peak    Mon:           1  Year:        2013  N:         110
 FAILED K-S -- Parm:Time to Peak    Mon:           1  Year:        2013  N:         110
*** ERROR *** Could not produce desired level of quality in
                    << Time to Peak    >> random deviates.
 FAILED K-S -- Parm:Time to Peak    Mon:          11  Year:        2013  N:         165
 FAILED K-S -- Parm:Time to Peak    Mon:          11  Year:        2013  N:         165
 FAILED K-S -- Parm:Time to Peak    Mon:          11  Year:        2013  N:         165
 FAILED K-S -- Parm:Time to Peak    Mon:          11  Year:        2013  N:         165
 FAILED K-S -- Parm:Time to Peak    Mon:          11  Year:        2013  N:         165
*** ERROR *** Could not produce desired level of quality in
                    << Time to Peak    >> random deviates.
 Tdew -10 rangecheck executed.
 Tdew -10 rangecheck executed.
 FAILED K-S -- Parm:Time to Peak    Mon:           1  Year:        2014  N:         115
 FAILED K-S -- Parm:Time to Peak    Mon:           1  Year:        2014  N:         115
 FAILED K-S -- Parm:Time to Peak    Mon:           1  Year:        2014  N:         115
 FAILED K-S -- Parm:Time to Peak    Mon:           1  Year:        2014  N:         115
 FAILED K-S -- Parm:Time to Peak    Mon:           1  Year:        2014  N:         115
*** ERROR *** Could not produce desired level of quality in
                    << Time to Peak    >> random deviates.
 Tdew -10 rangecheck executed.
 Tdew -10 rangecheck executed.
 Tdew -10 rangecheck executed.
 Tdew -10 rangecheck executed.
 Tdew -10 rangecheck executed.
 FAILED K-S -- Parm:Time to Peak    Mon:          11  Year:        2014  N:         171
At line 3013 of file cligen53.f (unit = 9, file = '0500000US31111.prn')
Fortran runtime error: Sequential READ or WRITE not allowed after EOF marker, possibly use REWIND or BACKSPACE
 FAILED K-S -- Parm:Time to Peak    Mon:          11  Year:        2014  N:         171
 FAILED K-S -- Parm:Time to Peak    Mon:          11  Year:        2014  N:         171
 FAILED K-S -- Parm:Time to Peak    Mon:          11  Year:        2014  N:         171
 FAILED K-S -- Parm:Time to Peak    Mon:          11  Year:        2014  N:         171
*** ERROR *** Could not produce desired level of quality in
                    << Time to Peak    >> random deviates.
 Tdew -10 rangecheck executed.
 Tdew -10 rangecheck executed.
 Tdew -10 rangecheck executed.
 Tdew -10 rangecheck executed.
 Tdew -10 rangecheck executed.
 FAILED K-S -- Parm:Time to Peak    Mon:          11  Year:        2015  N:         175
 FAILED K-S -- Parm:Time to Peak    Mon:          11  Year:        2015  N:         175
 FAILED K-S -- Parm:Time to Peak    Mon:          11  Year:        2015  N:         175
 FAILED K-S -- Parm:Time to Peak    Mon:          11  Year:        2015  N:         175
 FAILED K-S -- Parm:Time to Peak    Mon:          11  Year:        2015  N:         175
*** ERROR *** Could not produce desired level of quality in
                    << Time to Peak    >> random deviates.
 FAILED K-S -- Parm:Time to Peak    Mon:          11  Year:        2016  N:         177
 FAILED K-S -- Parm:Time to Peak    Mon:          11  Year:        2016  N:         177
 FAILED K-S -- Parm:Time to Peak    Mon:          11  Year:        2016  N:         177
 FAILED K-S -- Parm:Time to Peak    Mon:          11  Year:        2016  N:         177
 FAILED K-S -- Parm:Time to Peak    Mon:          11  Year:        2016  N:         177
*** ERROR *** Could not produce desired level of quality in
                    << Time to Peak    >> random deviates.
 Tdew -10 rangecheck executed.
 Tdew -10 rangecheck executed.
 Tdew -10 rangecheck executed.
 Tdew -10 rangecheck executed.
 FAILED K-S -- Parm:Time to Peak    Mon:          11  Year:        2017  N:         181
 FAILED K-S -- Parm:Time to Peak    Mon:          11  Year:        2017  N:         181
 FAILED K-S -- Parm:Time to Peak    Mon:          11  Year:        2017  N:         181
 FAILED K-S -- Parm:Time to Peak    Mon:          11  Year:        2017  N:         181
 FAILED K-S -- Parm:Time to Peak    Mon:          11  Year:        2017  N:         181
*** ERROR *** Could not produce desired level of quality in
                    << Time to Peak    >> random deviates.
 Tdew -10 rangecheck executed.
