

  ********************************************************************
  *                                                                  *
  *              USDA - WATER EROSION PREDICTION PROJECT             *
  *                 WEPP CLIMATE INPUT DATA GENERATOR                *
  *                                                                  *
  *                    CONTINUOUS SIMULATION AND                     *
  *                       SINGLE STORM OPTIONS                       *
  *                    with Command Line Options,                    *
  *                        and Corrections to                        *
  *                  Rainfall Intensity Calculations                 *
  *                   and Random Number Generation.                  *
  *                                                                  *
  *                          VERSION 5.30000                         *
  *                     Revised from VERSION 4.2                     *
  *                           October 2004                           *
  *                                                                  *
  *           (Use -h or /h to list command line options.)           *
  *                                                                  *
  ********************************************************************


 mn218323.par                                                                                                                                                                                                                                                    
 0500000US27101.prn                                                                                                                                                                                                                                              
 Tdew -10 rangecheck executed.
 Tdew -10 rangecheck executed.
 Tdew -10 rangecheck executed.
 Tdew -10 rangecheck executed.
 Tdew -10 rangecheck executed.
 Tdew -10 rangecheck executed.
 Tdew -10 rangecheck executed.
 Tdew -10 rangecheck executed.
 Tdew -10 rangecheck executed.
 Tdew -10 rangecheck executed.
 Tdew -10 rangecheck executed.
 Tdew -10 rangecheck executed.
 Tdew -10 rangecheck executed.
 Tdew -10 rangecheck executed.
 Tdew -10 rangecheck executed.
 Tdew -10 rangecheck executed.
 Tdew -10 rangecheck executed.
 Tdew -10 rangecheck executed.
 Tdew -10 rangecheck executed.
 Tdew -10 rangecheck executed.
 Tdew -10 rangecheck executed.
 Tdew -10 rangecheck executed.
 Tdew -10 rangecheck executed.
 Tdew -10 rangecheck executed.
 Tdew -10 rangecheck executed.
 Tdew -10 rangecheck executed.
 Tdew -10 rangecheck executed.
 Tdew -10 rangecheck executed.
 Tdew -10 rangecheck executed.
 Tdew -10 rangecheck executed.
 Tdew -10 rangecheck executed.
 Tdew -10 rangecheck executed.
 Tdew -10 rangecheck executed.
 Tdew -10 rangecheck executed.
 Tdew -10 rangecheck executed.
 Tdew -10 rangecheck executed.
 Tdew -10 rangecheck executed.
 Tdew -10 rangecheck executed.
 Tdew -10 rangecheck executed.
 Tdew -10 rangecheck executed.
 Tdew -10 rangecheck executed.
 Tdew -10 rangecheck executed.
 Tdew -10 rangecheck executed.
 Tdew -10 rangecheck executed.
 Failed SN SD test.
 Parm:Precip. Amt.    Month:          12  Year:        1986  Mlevel=   30.0000000      SDlevel=   55.5790558      Days:          26
 Failed SN SD test.
 Parm:Precip. Amt.    Month:          12  Year:        1986  Mlevel=   20.0000000      SDlevel=   54.7128258      Days:          26
 Failed SN SD test.
 Parm:Precip. Amt.    Month:          12  Year:        1986  Mlevel=   30.0000000      SDlevel=   54.7177658      Days:          26
 Failed SN SD test.
 Parm:Precip. Amt.    Month:          12  Year:        1986  Mlevel=   20.0000000      SDlevel=   55.3570137      Days:          26
 Failed SN SD test.
 Parm:Precip. Amt.    Month:          12  Year:        1986  Mlevel=   30.0000000      SDlevel=   57.6204185      Days:          26
*** ERROR *** Could not produce desired level of quality in
                    << Precip. Amt.    >> random deviates.
 FAILED K-S -- Parm:Wind Dir.       Mon:          12  Year:        1986  N:         217
 Failed SN SD test.
 Parm:Temp. Dew Pt.   Month:          12  Year:        1986  Mlevel=   10.0000000      SDlevel=   69.7479019      Days:         217
 Failed SN SD test.
 Parm:Precip. Amt.    Month:          12  Year:        1987  Mlevel=   20.0000000      SDlevel=   64.6829147      Days:          27
 Failed SN SD test.
 Parm:Precip. Amt.    Month:          12  Year:        1987  Mlevel=   20.0000000      SDlevel=   63.6383171      Days:          27
 Failed SN SD test.
 Parm:Precip. Amt.    Month:          12  Year:        1987  Mlevel=   10.0000000      SDlevel=   59.5298996      Days:          27
 Failed SN SD test.
 Parm:Precip. Amt.    Month:          12  Year:        1987  Mlevel=   30.0000000      SDlevel=   65.4424438      Days:          27
 Failed SN SD test.
 Parm:Precip. Amt.    Month:          12  Year:        1987  Mlevel=   40.0000000      SDlevel=   58.7333908      Days:          27
*** ERROR *** Could not produce desired level of quality in
                    << Precip. Amt.    >> random deviates.
 Failed SN SD test.
 Parm:Temp. Dew Pt.   Month:          12  Year:        1987  Mlevel=   20.0000000      SDlevel=   99.0192261      Days:         248
 Tdew -10 rangecheck executed.
 Tdew -10 rangecheck executed.
 Tdew -10 rangecheck executed.
 Tdew -10 rangecheck executed.
 Tdew -10 rangecheck executed.
 Tdew -10 rangecheck executed.
 Tdew -10 rangecheck executed.
 Tdew -10 rangecheck executed.
 Tdew -10 rangecheck executed.
 Tdew -10 rangecheck executed.
 Tdew -10 rangecheck executed.
 Tdew -10 rangecheck executed.
 Tdew -10 rangecheck executed.
 Failed SN SD test.
 Parm:Temp. Dew Pt.   Month:          12  Year:        1988  Mlevel=   20.0000000      SDlevel=   99.8522415      Days:         279
 FAILED K-S -- Parm:Temp. Dew Pt.   Mon:          12  Year:        1988  N:         217
 Failed SN SD test.
 Parm:Temp. Dew Pt.   Month:          12  Year:        1988  Mlevel=   20.0000000      SDlevel=   99.8522415      Days:         279
 Failed SN SD test.
 Parm:Temp. Dew Pt.   Month:          12  Year:        1988  Mlevel=   10.0000000      SDlevel=   99.6390305      Days:         279
 Failed SN SD test.
 Parm:Temp. Dew Pt.   Month:          12  Year:        1988  Mlevel=   10.0000000      SDlevel=   99.9347992      Days:         279
 FAILED K-S -- Parm:Temp. Dew Pt.   Mon:          12  Year:        1988  N:         217
 Failed SN SD test.
 Parm:Temp. Dew Pt.   Month:          12  Year:        1988  Mlevel=   10.0000000      SDlevel=   99.9347992      Days:         279
*** ERROR *** Could not produce desired level of quality in
                    << Temp. Dew Pt.   >> random deviates.
 Tdew -10 rangecheck executed.
 Tdew -10 rangecheck executed.
 Tdew -10 rangecheck executed.
 Tdew -10 rangecheck executed.
 Failed SN SD test.
 Parm:Temp. Dew Pt.   Month:          12  Year:        1989  Mlevel=   20.0000000      SDlevel=   99.9843216      Days:         310
 Failed SN SD test.
 Parm:Temp. Dew Pt.   Month:          12  Year:        1989  Mlevel=   20.0000000      SDlevel=   99.9720383      Days:         310
 Failed SN SD test.
 Parm:Temp. Dew Pt.   Month:          12  Year:        1989  Mlevel=   10.0000000      SDlevel=   99.9934616      Days:         310
 FAILED K-S -- Parm:Temp. Dew Pt.   Mon:          12  Year:        1989  N:         248
 Failed SN SD test.
 Parm:Temp. Dew Pt.   Month:          12  Year:        1989  Mlevel=   10.0000000      SDlevel=   99.9934616      Days:         310
 FAILED K-S -- Parm:Temp. Dew Pt.   Mon:          12  Year:        1989  N:         248
 Failed SN SD test.
 Parm:Temp. Dew Pt.   Month:          12  Year:        1989  Mlevel=   10.0000000      SDlevel=   99.9934616      Days:         310
*** ERROR *** Could not produce desired level of quality in
                    << Temp. Dew Pt.   >> random deviates.
 Tdew -10 rangecheck executed.
 Tdew -10 rangecheck executed.
 Tdew -10 rangecheck executed.
 Tdew -10 rangecheck executed.
 Tdew -10 rangecheck executed.
 Tdew -10 rangecheck executed.
 Tdew -10 rangecheck executed.
 FAILED K-S -- Parm:Temp. Dew Pt.   Mon:          12  Year:        1990  N:         279
 Failed SN SD test.
 Parm:Temp. Dew Pt.   Month:          12  Year:        1990  Mlevel=   20.0000000      SDlevel=   99.9077911      Days:         341
 FAILED K-S -- Parm:Temp. Dew Pt.   Mon:          12  Year:        1990  N:         279
 Failed SN SD test.
 Parm:Temp. Dew Pt.   Month:          12  Year:        1990  Mlevel=   20.0000000      SDlevel=   99.9077911      Days:         341
 FAILED K-S -- Parm:Temp. Dew Pt.   Mon:          12  Year:        1990  N:         279
 Failed SN SD test.
 Parm:Temp. Dew Pt.   Month:          12  Year:        1990  Mlevel=   20.0000000      SDlevel=   99.9077911      Days:         341
 FAILED K-S -- Parm:Temp. Dew Pt.   Mon:          12  Year:        1990  N:         279
 Failed SN SD test.
 Parm:Temp. Dew Pt.   Month:          12  Year:        1990  Mlevel=   20.0000000      SDlevel=   99.9077911      Days:         341
 FAILED K-S -- Parm:Temp. Dew Pt.   Mon:          12  Year:        1990  N:         279
 Failed SN SD test.
 Parm:Temp. Dew Pt.   Month:          12  Year:        1990  Mlevel=   20.0000000      SDlevel=   99.9077911      Days:         341
*** ERROR *** Could not produce desired level of quality in
                    << Temp. Dew Pt.   >> random deviates.
 Tdew -10 rangecheck executed.
 Tdew -10 rangecheck executed.
 Tdew -10 rangecheck executed.
 Tdew -10 rangecheck executed.
 Tdew -10 rangecheck executed.
 FAILED K-S -- Parm:Temp. Dew Pt.   Mon:          12  Year:        1991  N:         310
 Failed SN SD test.
 Parm:Temp. Dew Pt.   Month:          12  Year:        1991  Mlevel=   50.0000000      SDlevel=   97.5842438      Days:         372
 FAILED K-S -- Parm:Temp. Dew Pt.   Mon:          12  Year:        1991  N:         310
 Failed SN SD test.
 Parm:Temp. Dew Pt.   Month:          12  Year:        1991  Mlevel=   50.0000000      SDlevel=   97.5842438      Days:         372
 FAILED K-S -- Parm:Temp. Dew Pt.   Mon:          12  Year:        1991  N:         310
 Failed SN SD test.
 Parm:Temp. Dew Pt.   Month:          12  Year:        1991  Mlevel=   50.0000000      SDlevel=   97.5842438      Days:         372
 FAILED K-S -- Parm:Temp. Dew Pt.   Mon:          12  Year:        1991  N:         310
 Failed SN SD test.
 Parm:Temp. Dew Pt.   Month:          12  Year:        1991  Mlevel=   50.0000000      SDlevel=   97.5842438      Days:         372
 FAILED K-S -- Parm:Temp. Dew Pt.   Mon:          12  Year:        1991  N:         310
 Failed SN SD test.
 Parm:Temp. Dew Pt.   Month:          12  Year:        1991  Mlevel=   50.0000000      SDlevel=   97.5842438      Days:         372
*** ERROR *** Could not produce desired level of quality in
                    << Temp. Dew Pt.   >> random deviates.
 Tdew -10 rangecheck executed.
 FAILED K-S -- Parm:Temp. Dew Pt.   Mon:          12  Year:        1992  N:         341
 Failed SN SD test.
 Parm:Temp. Dew Pt.   Month:          12  Year:        1992  Mlevel=   40.0000000      SDlevel=   99.9563522      Days:         403
 FAILED K-S -- Parm:Temp. Dew Pt.   Mon:          12  Year:        1992  N:         341
 Failed SN SD test.
 Parm:Temp. Dew Pt.   Month:          12  Year:        1992  Mlevel=   40.0000000      SDlevel=   99.9563522      Days:         403
 FAILED K-S -- Parm:Temp. Dew Pt.   Mon:          12  Year:        1992  N:         341
 Failed SN SD test.
 Parm:Temp. Dew Pt.   Month:          12  Year:        1992  Mlevel=   40.0000000      SDlevel=   99.9563522      Days:         403
 FAILED K-S -- Parm:Temp. Dew Pt.   Mon:          12  Year:        1992  N:         341
 Failed SN SD test.
 Parm:Temp. Dew Pt.   Month:          12  Year:        1992  Mlevel=   40.0000000      SDlevel=   99.9563522      Days:         403
 FAILED K-S -- Parm:Temp. Dew Pt.   Mon:          12  Year:        1992  N:         341
 Failed SN SD test.
 Parm:Temp. Dew Pt.   Month:          12  Year:        1992  Mlevel=   40.0000000      SDlevel=   99.9563522      Days:         403
*** ERROR *** Could not produce desired level of quality in
                    << Temp. Dew Pt.   >> random deviates.
 Tdew -10 rangecheck executed.
 Tdew -10 rangecheck executed.
 Tdew -10 rangecheck executed.
 Tdew -10 rangecheck executed.
 Tdew -10 rangecheck executed.
 Tdew -10 rangecheck executed.
 FAILED K-S -- Parm:Temp. Dew Pt.   Mon:          12  Year:        1993  N:         372
 Failed SN Mean test.
 Failed SN SD test.
 Parm:Temp. Dew Pt.   Month:          12  Year:        1993  Mlevel=   70.0000000      SDlevel=   99.9220047      Days:         434
 FAILED K-S -- Parm:Temp. Dew Pt.   Mon:          12  Year:        1993  N:         372
 Failed SN Mean test.
 Failed SN SD test.
 Parm:Temp. Dew Pt.   Month:          12  Year:        1993  Mlevel=   70.0000000      SDlevel=   99.9220047      Days:         434
 FAILED K-S -- Parm:Temp. Dew Pt.   Mon:          12  Year:        1993  N:         372
 Failed SN Mean test.
 Failed SN SD test.
 Parm:Temp. Dew Pt.   Month:          12  Year:        1993  Mlevel=   70.0000000      SDlevel=   99.9220047      Days:         434
 FAILED K-S -- Parm:Temp. Dew Pt.   Mon:          12  Year:        1993  N:         372
 Failed SN Mean test.
 Failed SN SD test.
 Parm:Temp. Dew Pt.   Month:          12  Year:        1993  Mlevel=   70.0000000      SDlevel=   99.9220047      Days:         434
 FAILED K-S -- Parm:Temp. Dew Pt.   Mon:          12  Year:        1993  N:         372
 Failed SN Mean test.
 Failed SN SD test.
 Parm:Temp. Dew Pt.   Month:          12  Year:        1993  Mlevel=   70.0000000      SDlevel=   99.9220047      Days:         434
*** ERROR *** Could not produce desired level of quality in
                    << Temp. Dew Pt.   >> random deviates.
 Tdew -10 rangecheck executed.
 Tdew -10 rangecheck executed.
 Tdew -10 rangecheck executed.
 Tdew -10 rangecheck executed.
 Tdew -10 rangecheck executed.
 Tdew -10 rangecheck executed.
 Tdew -10 rangecheck executed.
 Tdew -10 rangecheck executed.
 Tdew -10 rangecheck executed.
 Tdew -10 rangecheck executed.
 Tdew -10 rangecheck executed.
 Tdew -10 rangecheck executed.
 Tdew -10 rangecheck executed.
 Tdew -10 rangecheck executed.
 Tdew -10 rangecheck executed.
 Tdew -10 rangecheck executed.
 FAILED K-S -- Parm:Temp. Dew Pt.   Mon:          12  Year:        1994  N:         403
 Failed SN SD test.
 Parm:Temp. Dew Pt.   Month:          12  Year:        1994  Mlevel=   30.0000000      SDlevel=   99.7408905      Days:         465
 FAILED K-S -- Parm:Temp. Dew Pt.   Mon:          12  Year:        1994  N:         403
 Failed SN SD test.
 Parm:Temp. Dew Pt.   Month:          12  Year:        1994  Mlevel=   30.0000000      SDlevel=   99.7408905      Days:         465
 FAILED K-S -- Parm:Temp. Dew Pt.   Mon:          12  Year:        1994  N:         403
 Failed SN SD test.
 Parm:Temp. Dew Pt.   Month:          12  Year:        1994  Mlevel=   30.0000000      SDlevel=   99.7408905      Days:         465
 FAILED K-S -- Parm:Temp. Dew Pt.   Mon:          12  Year:        1994  N:         403
 Failed SN SD test.
 Parm:Temp. Dew Pt.   Month:          12  Year:        1994  Mlevel=   30.0000000      SDlevel=   99.7408905      Days:         465
 FAILED K-S -- Parm:Temp. Dew Pt.   Mon:          12  Year:        1994  N:         403
 Failed SN SD test.
 Parm:Temp. Dew Pt.   Month:          12  Year:        1994  Mlevel=   30.0000000      SDlevel=   99.7408905      Days:         465
*** ERROR *** Could not produce desired level of quality in
                    << Temp. Dew Pt.   >> random deviates.
 Tdew -10 rangecheck executed.
 Tdew -10 rangecheck executed.
 FAILED K-S -- Parm:Temp. Dew Pt.   Mon:          12  Year:        1995  N:         434
 Failed SN SD test.
 Parm:Temp. Dew Pt.   Month:          12  Year:        1995  Mlevel=   1.00000000      SDlevel=   97.9050293      Days:         496
 FAILED K-S -- Parm:Temp. Dew Pt.   Mon:          12  Year:        1995  N:         434
 Failed SN SD test.
 Parm:Temp. Dew Pt.   Month:          12  Year:        1995  Mlevel=   1.00000000      SDlevel=   97.9050293      Days:         496
 FAILED K-S -- Parm:Temp. Dew Pt.   Mon:          12  Year:        1995  N:         434
 Failed SN SD test.
 Parm:Temp. Dew Pt.   Month:          12  Year:        1995  Mlevel=   1.00000000      SDlevel=   97.9050293      Days:         496
 FAILED K-S -- Parm:Temp. Dew Pt.   Mon:          12  Year:        1995  N:         434
 Failed SN SD test.
 Parm:Temp. Dew Pt.   Month:          12  Year:        1995  Mlevel=   1.00000000      SDlevel=   97.9050293      Days:         496
 FAILED K-S -- Parm:Temp. Dew Pt.   Mon:          12  Year:        1995  N:         434
 Failed SN SD test.
 Parm:Temp. Dew Pt.   Month:          12  Year:        1995  Mlevel=   1.00000000      SDlevel=   97.9050293      Days:         496
*** ERROR *** Could not produce desired level of quality in
                    << Temp. Dew Pt.   >> random deviates.
 Tdew -10 rangecheck executed.
 Tdew -10 rangecheck executed.
 Tdew -10 rangecheck executed.
 Tdew -10 rangecheck executed.
 Tdew -10 rangecheck executed.
 Tdew -10 rangecheck executed.
 Tdew -10 rangecheck executed.
 Tdew -10 rangecheck executed.
 Tdew -10 rangecheck executed.
 Tdew -10 rangecheck executed.
 Tdew -10 rangecheck executed.
 Tdew -10 rangecheck executed.
 Tdew -10 rangecheck executed.
 Tdew -10 rangecheck executed.
 Tdew -10 rangecheck executed.
 FAILED K-S -- Parm:Temp. Dew Pt.   Mon:          12  Year:        1996  N:         465
 Failed SN SD test.
 Parm:Temp. Dew Pt.   Month:          12  Year:        1996  Mlevel=   30.0000000      SDlevel=   98.6075821      Days:         527
 FAILED K-S -- Parm:Temp. Dew Pt.   Mon:          12  Year:        1996  N:         465
 Failed SN SD test.
 Parm:Temp. Dew Pt.   Month:          12  Year:        1996  Mlevel=   30.0000000      SDlevel=   98.6075821      Days:         527
 FAILED K-S -- Parm:Temp. Dew Pt.   Mon:          12  Year:        1996  N:         465
 Failed SN SD test.
 Parm:Temp. Dew Pt.   Month:          12  Year:        1996  Mlevel=   30.0000000      SDlevel=   98.6075821      Days:         527
 FAILED K-S -- Parm:Temp. Dew Pt.   Mon:          12  Year:        1996  N:         465
 Failed SN SD test.
 Parm:Temp. Dew Pt.   Month:          12  Year:        1996  Mlevel=   30.0000000      SDlevel=   98.6075821      Days:         527
 FAILED K-S -- Parm:Temp. Dew Pt.   Mon:          12  Year:        1996  N:         465
 Failed SN SD test.
 Parm:Temp. Dew Pt.   Month:          12  Year:        1996  Mlevel=   30.0000000      SDlevel=   98.6075821      Days:         527
*** ERROR *** Could not produce desired level of quality in
                    << Temp. Dew Pt.   >> random deviates.
 Tdew -10 rangecheck executed.
 Tdew -10 rangecheck executed.
 Tdew -10 rangecheck executed.
 Tdew -10 rangecheck executed.
 Tdew -10 rangecheck executed.
 Tdew -10 rangecheck executed.
 Tdew -10 rangecheck executed.
 Tdew -10 rangecheck executed.
 Tdew -10 rangecheck executed.
 Tdew -10 rangecheck executed.
 Tdew -10 rangecheck executed.
 Tdew -10 rangecheck executed.
 Tdew -10 rangecheck executed.
 Tdew -10 rangecheck executed.
 Tdew -10 rangecheck executed.
 FAILED K-S -- Parm:Temp. Dew Pt.   Mon:          12  Year:        1997  N:         496
 Failed SN SD test.
 Parm:Temp. Dew Pt.   Month:          12  Year:        1997  Mlevel=   40.0000000      SDlevel=   99.4265289      Days:         558
 FAILED K-S -- Parm:Temp. Dew Pt.   Mon:          12  Year:        1997  N:         496
 Failed SN SD test.
 Parm:Temp. Dew Pt.   Month:          12  Year:        1997  Mlevel=   40.0000000      SDlevel=   99.4265289      Days:         558
 FAILED K-S -- Parm:Temp. Dew Pt.   Mon:          12  Year:        1997  N:         496
 Failed SN SD test.
 Parm:Temp. Dew Pt.   Month:          12  Year:        1997  Mlevel=   40.0000000      SDlevel=   99.4265289      Days:         558
 Failed SN SD test.
 Parm:Temp. Dew Pt.   Month:          12  Year:        1997  Mlevel=   50.0000000      SDlevel=   98.8380814      Days:         558
 FAILED K-S -- Parm:Temp. Dew Pt.   Mon:          12  Year:        1997  N:         496
 Failed SN SD test.
 Parm:Temp. Dew Pt.   Month:          12  Year:        1997  Mlevel=   50.0000000      SDlevel=   98.8380814      Days:         558
*** ERROR *** Could not produce desired level of quality in
                    << Temp. Dew Pt.   >> random deviates.
 Tdew -10 rangecheck executed.
 Tdew -10 rangecheck executed.
 Tdew -10 rangecheck executed.
 FAILED K-S -- Parm:Temp. Dew Pt.   Mon:          12  Year:        1998  N:         527
 Failed SN Mean test.
 Failed SN SD test.
 Parm:Temp. Dew Pt.   Month:          12  Year:        1998  Mlevel=   70.0000000      SDlevel=   97.9588318      Days:         589
 FAILED K-S -- Parm:Temp. Dew Pt.   Mon:          12  Year:        1998  N:         527
 Failed SN Mean test.
 Failed SN SD test.
 Parm:Temp. Dew Pt.   Month:          12  Year:        1998  Mlevel=   70.0000000      SDlevel=   97.9588318      Days:         589
 FAILED K-S -- Parm:Temp. Dew Pt.   Mon:          12  Year:        1998  N:         527
 Failed SN Mean test.
 Failed SN SD test.
 Parm:Temp. Dew Pt.   Month:          12  Year:        1998  Mlevel=   70.0000000      SDlevel=   97.9588318      Days:         589
 FAILED K-S -- Parm:Temp. Dew Pt.   Mon:          12  Year:        1998  N:         527
 Failed SN Mean test.
 Failed SN SD test.
 Parm:Temp. Dew Pt.   Month:          12  Year:        1998  Mlevel=   70.0000000      SDlevel=   97.9588318      Days:         589
 FAILED K-S -- Parm:Temp. Dew Pt.   Mon:          12  Year:        1998  N:         527
 Failed SN Mean test.
 Failed SN SD test.
 Parm:Temp. Dew Pt.   Month:          12  Year:        1998  Mlevel=   70.0000000      SDlevel=   97.9588318      Days:         589
*** ERROR *** Could not produce desired level of quality in
                    << Temp. Dew Pt.   >> random deviates.
 Tdew -10 rangecheck executed.
 Tdew -10 rangecheck executed.
 Tdew -10 rangecheck executed.
 Failed SN Mean test.
 Failed SN SD test.
 Parm:Temp. Dew Pt.   Month:          12  Year:        1999  Mlevel=   60.0000000      SDlevel=   99.3301544      Days:         620
 FAILED K-S -- Parm:Temp. Dew Pt.   Mon:          12  Year:        1999  N:         558
 Failed SN Mean test.
 Failed SN SD test.
 Parm:Temp. Dew Pt.   Month:          12  Year:        1999  Mlevel=   60.0000000      SDlevel=   99.3301544      Days:         620
 FAILED K-S -- Parm:Temp. Dew Pt.   Mon:          12  Year:        1999  N:         558
 Failed SN Mean test.
 Failed SN SD test.
 Parm:Temp. Dew Pt.   Month:          12  Year:        1999  Mlevel=   60.0000000      SDlevel=   99.3301544      Days:         620
 FAILED K-S -- Parm:Temp. Dew Pt.   Mon:          12  Year:        1999  N:         558
 Failed SN Mean test.
 Failed SN SD test.
 Parm:Temp. Dew Pt.   Month:          12  Year:        1999  Mlevel=   60.0000000      SDlevel=   99.3301544      Days:         620
 FAILED K-S -- Parm:Temp. Dew Pt.   Mon:          12  Year:        1999  N:         558
 Failed SN Mean test.
 Failed SN SD test.
 Parm:Temp. Dew Pt.   Month:          12  Year:        1999  Mlevel=   60.0000000      SDlevel=   99.3301544      Days:         620
*** ERROR *** Could not produce desired level of quality in
                    << Temp. Dew Pt.   >> random deviates.
 FAILED K-S -- Parm:Time to Peak    Mon:          11  Year:        2000  N:         101
 FAILED K-S -- Parm:Time to Peak    Mon:          11  Year:        2000  N:         101
 FAILED K-S -- Parm:Time to Peak    Mon:          11  Year:        2000  N:         101
 FAILED K-S -- Parm:Time to Peak    Mon:          11  Year:        2000  N:         101
 FAILED K-S -- Parm:Time to Peak    Mon:          11  Year:        2000  N:         101
*** ERROR *** Could not produce desired level of quality in
                    << Time to Peak    >> random deviates.
 FAILED K-S -- Parm:Temp. Dew Pt.   Mon:          12  Year:        2000  N:         589
 Failed SN SD test.
 Parm:Temp. Dew Pt.   Month:          12  Year:        2000  Mlevel=   40.0000000      SDlevel=   98.2213364      Days:         651
 FAILED K-S -- Parm:Temp. Dew Pt.   Mon:          12  Year:        2000  N:         589
 Failed SN SD test.
 Parm:Temp. Dew Pt.   Month:          12  Year:        2000  Mlevel=   40.0000000      SDlevel=   98.2213364      Days:         651
 FAILED K-S -- Parm:Temp. Dew Pt.   Mon:          12  Year:        2000  N:         589
 Failed SN SD test.
 Parm:Temp. Dew Pt.   Month:          12  Year:        2000  Mlevel=   40.0000000      SDlevel=   98.2213364      Days:         651
 FAILED K-S -- Parm:Temp. Dew Pt.   Mon:          12  Year:        2000  N:         589
 Failed SN SD test.
 Parm:Temp. Dew Pt.   Month:          12  Year:        2000  Mlevel=   40.0000000      SDlevel=   98.2213364      Days:         651
 FAILED K-S -- Parm:Temp. Dew Pt.   Mon:          12  Year:        2000  N:         589
 Failed SN SD test.
 Parm:Temp. Dew Pt.   Month:          12  Year:        2000  Mlevel=   40.0000000      SDlevel=   98.2213364      Days:         651
*** ERROR *** Could not produce desired level of quality in
                    << Temp. Dew Pt.   >> random deviates.
 Tdew -10 rangecheck executed.
 Tdew -10 rangecheck executed.
 Tdew -10 rangecheck executed.
 Tdew -10 rangecheck executed.
 Tdew -10 rangecheck executed.
 Tdew -10 rangecheck executed.
 Tdew -10 rangecheck executed.
 FAILED K-S -- Parm:Time to Peak    Mon:          11  Year:        2001  N:         107
 FAILED K-S -- Parm:Time to Peak    Mon:          11  Year:        2001  N:         107
 FAILED K-S -- Parm:Time to Peak    Mon:          11  Year:        2001  N:         107
 FAILED K-S -- Parm:Time to Peak    Mon:          11  Year:        2001  N:         107
 FAILED K-S -- Parm:Time to Peak    Mon:          11  Year:        2001  N:         107
*** ERROR *** Could not produce desired level of quality in
                    << Time to Peak    >> random deviates.
 Failed SN SD test.
 Parm:Temp. Dew Pt.   Month:          12  Year:        2001  Mlevel=   20.0000000      SDlevel=   97.6520920      Days:         682
 FAILED K-S -- Parm:Temp. Dew Pt.   Mon:          12  Year:        2001  N:         620
 Failed SN SD test.
 Parm:Temp. Dew Pt.   Month:          12  Year:        2001  Mlevel=   20.0000000      SDlevel=   97.6520920      Days:         682
 Failed SN SD test.
 Parm:Temp. Dew Pt.   Month:          12  Year:        2001  Mlevel=   40.0000000      SDlevel=   94.0011139      Days:         682
 Failed SN SD test.
 Parm:Temp. Dew Pt.   Month:          12  Year:        2001  Mlevel=   10.0000000      SDlevel=   97.1043930      Days:         682
 FAILED K-S -- Parm:Temp. Dew Pt.   Mon:          12  Year:        2001  N:         620
 Failed SN SD test.
 Parm:Temp. Dew Pt.   Month:          12  Year:        2001  Mlevel=   10.0000000      SDlevel=   97.1043930      Days:         682
*** ERROR *** Could not produce desired level of quality in
                    << Temp. Dew Pt.   >> random deviates.
 FAILED K-S -- Parm:Temp. Dew Pt.   Mon:          12  Year:        2002  N:         651
 Failed SN SD test.
 Parm:Temp. Dew Pt.   Month:          12  Year:        2002  Mlevel=   20.0000000      SDlevel=   98.2131805      Days:         713
 Failed SN SD test.
 Parm:Temp. Dew Pt.   Month:          12  Year:        2002  Mlevel=   5.00000000      SDlevel=   93.5245743      Days:         713
 FAILED K-S -- Parm:Temp. Dew Pt.   Mon:          12  Year:        2002  N:         651
 Failed SN SD test.
 Parm:Temp. Dew Pt.   Month:          12  Year:        2002  Mlevel=   5.00000000      SDlevel=   93.5245743      Days:         713
 FAILED K-S -- Parm:Temp. Dew Pt.   Mon:          12  Year:        2002  N:         651
 Failed SN SD test.
 Parm:Temp. Dew Pt.   Month:          12  Year:        2002  Mlevel=   5.00000000      SDlevel=   93.5245743      Days:         713
 Failed SN SD test.
 Parm:Temp. Dew Pt.   Month:          12  Year:        2002  Mlevel=   20.0000000      SDlevel=   96.7570648      Days:         713
*** ERROR *** Could not produce desired level of quality in
                    << Temp. Dew Pt.   >> random deviates.
 Tdew -10 rangecheck executed.
 Failed SN SD test.
 Parm:Temp. Dew Pt.   Month:          12  Year:        2003  Mlevel=   10.0000000      SDlevel=   95.7781525      Days:         744
 Failed SN SD test.
 Parm:Temp. Dew Pt.   Month:          12  Year:        2003  Mlevel=   20.0000000      SDlevel=   98.3067474      Days:         744
 Failed SN SD test.
 Parm:Temp. Dew Pt.   Month:          12  Year:        2003  Mlevel=   10.0000000      SDlevel=   87.2718582      Days:         744
 Failed SN SD test.
 Parm:Temp. Dew Pt.   Month:          12  Year:        2003  Mlevel=   10.0000000      SDlevel=   89.4777985      Days:         744
At line 3013 of file cligen53.f (unit = 9, file = '0500000US27101.prn')
Fortran runtime error: Sequential READ or WRITE not allowed after EOF marker, possibly use REWIND or BACKSPACE
 Failed SN SD test.
 Parm:Temp. Dew Pt.   Month:          12  Year:        2003  Mlevel=   1.00000000      SDlevel=   93.9217453      Days:         744
*** ERROR *** Could not produce desired level of quality in
                    << Temp. Dew Pt.   >> random deviates.
 Tdew -10 rangecheck executed.
 Tdew -10 rangecheck executed.
 Tdew -10 rangecheck executed.
 Tdew -10 rangecheck executed.
 Tdew -10 rangecheck executed.
 Tdew -10 rangecheck executed.
 Tdew -10 rangecheck executed.
 Tdew -10 rangecheck executed.
 Tdew -10 rangecheck executed.
 Tdew -10 rangecheck executed.
 Tdew -10 rangecheck executed.
 Tdew -10 rangecheck executed.
 Tdew -10 rangecheck executed.
 Tdew -10 rangecheck executed.
 Tdew -10 rangecheck executed.
 Tdew -10 rangecheck executed.
 Tdew -10 rangecheck executed.
 Tdew -10 rangecheck executed.
 Tdew -10 rangecheck executed.
 Tdew -10 rangecheck executed.
 Tdew -10 rangecheck executed.
 Tdew -10 rangecheck executed.
 Tdew -10 rangecheck executed.
 Tdew -10 rangecheck executed.
 Tdew -10 rangecheck executed.
 Tdew -10 rangecheck executed.
 Tdew -10 rangecheck executed.
 Tdew -10 rangecheck executed.
 Tdew -10 rangecheck executed.
 Tdew -10 rangecheck executed.
 Tdew -10 rangecheck executed.
 Tdew -10 rangecheck executed.
 Tdew -10 rangecheck executed.
 Tdew -10 rangecheck executed.
 Tdew -10 rangecheck executed.
 Tdew -10 rangecheck executed.
 Tdew -10 rangecheck executed.
 Tdew -10 rangecheck executed.
 Tdew -10 rangecheck executed.
 Tdew -10 rangecheck executed.
 Tdew -10 rangecheck executed.
 Tdew -10 rangecheck executed.
 Tdew -10 rangecheck executed.
 Tdew -10 rangecheck executed.
 Tdew -10 rangecheck executed.
 Tdew -10 rangecheck executed.
 Tdew -10 rangecheck executed.
 Tdew -10 rangecheck executed.
 Tdew -10 rangecheck executed.
 Tdew -10 rangecheck executed.
 Tdew -10 rangecheck executed.
 Tdew -10 rangecheck executed.
 Tdew -10 rangecheck executed.
 Tdew -10 rangecheck executed.
 Tdew -10 rangecheck executed.
 Tdew -10 rangecheck executed.
 Tdew -10 rangecheck executed.
 Tdew -10 rangecheck executed.
 Tdew -10 rangecheck executed.
 Tdew -10 rangecheck executed.
 Tdew -10 rangecheck executed.
 Tdew -10 rangecheck executed.
 Tdew -10 rangecheck executed.
 Tdew -10 rangecheck executed.
 Tdew -10 rangecheck executed.
 Tdew -10 rangecheck executed.
 Tdew -10 rangecheck executed.
 Tdew -10 rangecheck executed.
 Tdew -10 rangecheck executed.
 Tdew -10 rangecheck executed.
 Tdew -10 rangecheck executed.
 Tdew -10 rangecheck executed.
 Tdew -10 rangecheck executed.
 Tdew -10 rangecheck executed.
 Tdew -10 rangecheck executed.
 Tdew -10 rangecheck executed.
 Tdew -10 rangecheck executed.
 Tdew -10 rangecheck executed.
 Tdew -10 rangecheck executed.
 Tdew -10 rangecheck executed.
 Tdew -10 rangecheck executed.
 Tdew -10 rangecheck executed.
 Tdew -10 rangecheck executed.
 Tdew -10 rangecheck executed.
 Tdew -10 rangecheck executed.
 Tdew -10 rangecheck executed.
 Tdew -10 rangecheck executed.
 Tdew -10 rangecheck executed.
 Tdew -10 rangecheck executed.
 Tdew -10 rangecheck executed.
 Tdew -10 rangecheck executed.
 Tdew -10 rangecheck executed.
