

  ********************************************************************
  *                                                                  *
  *              USDA - WATER EROSION PREDICTION PROJECT             *
  *                 WEPP CLIMATE INPUT DATA GENERATOR                *
  *                                                                  *
  *                    CONTINUOUS SIMULATION AND                     *
  *                       SINGLE STORM OPTIONS                       *
  *                    with Command Line Options,                    *
  *                        and Corrections to                        *
  *                  Rainfall Intensity Calculations                 *
  *                   and Random Number Generation.                  *
  *                                                                  *
  *                          VERSION 5.30000                         *
  *                     Revised from VERSION 4.2                     *
  *                           October 2004                           *
  *                                                                  *
  *           (Use -h or /h to list command line options.)           *
  *                                                                  *
  ********************************************************************


 nv267192.par                                                                                                                                                                                                                                                    
 0500000US32027.prn                                                                                                                                                                                                                                              
 Failed SN SD test.
 Parm:Precip. Amt.    Month:           7  Year:        1982  Mlevel=   50.0000000      SDlevel=   77.2257919      Days:           3
 Failed SN SD test.
 Parm:Precip. Amt.    Month:           7  Year:        1982  Mlevel=   40.0000000      SDlevel=   77.9759674      Days:           3
 Failed SN SD test.
 Parm:Precip. Amt.    Month:           7  Year:        1982  Mlevel=   30.0000000      SDlevel=   77.4128342      Days:           3
 Failed SN SD test.
 Parm:Precip. Amt.    Month:           7  Year:        1982  Mlevel=   40.0000000      SDlevel=   78.4712677      Days:           3
 Failed SN SD test.
 Parm:Precip. Amt.    Month:           7  Year:        1982  Mlevel=   30.0000000      SDlevel=   73.2662506      Days:           3
*** ERROR *** Could not produce desired level of quality in
                    << Precip. Amt.    >> random deviates.
 Failed SN Mean test.
 Parm:Temp. Dew Pt.   Month:           7  Year:        1982  Mlevel=   70.0000000      SDlevel=   19.1736107      Days:          93
 Tdew -10 rangecheck executed.
 Tdew -10 rangecheck executed.
 Tdew -10 rangecheck executed.
 Tdew -10 rangecheck executed.
 Tdew -10 rangecheck executed.
 Tdew -10 rangecheck executed.
 Tdew -10 rangecheck executed.
 FAILED K-S -- Parm:Time to Peak    Mon:           2  Year:        1995  N:         100
 FAILED K-S -- Parm:Time to Peak    Mon:           2  Year:        1995  N:         100
 FAILED K-S -- Parm:Time to Peak    Mon:           2  Year:        1995  N:         100
 FAILED K-S -- Parm:Time to Peak    Mon:           2  Year:        1995  N:         100
 FAILED K-S -- Parm:Time to Peak    Mon:           2  Year:        1995  N:         100
*** ERROR *** Could not produce desired level of quality in
                    << Time to Peak    >> random deviates.
 FAILED K-S -- Parm:Time to Peak    Mon:           2  Year:        1996  N:         105
 FAILED K-S -- Parm:Time to Peak    Mon:           2  Year:        1996  N:         105
 FAILED K-S -- Parm:Time to Peak    Mon:           2  Year:        1996  N:         105
 FAILED K-S -- Parm:Time to Peak    Mon:           2  Year:        1996  N:         105
 FAILED K-S -- Parm:Time to Peak    Mon:           2  Year:        1996  N:         105
*** ERROR *** Could not produce desired level of quality in
                    << Time to Peak    >> random deviates.
 FAILED K-S -- Parm:Time to Peak    Mon:           2  Year:        1997  N:         110
 FAILED K-S -- Parm:Time to Peak    Mon:           2  Year:        1997  N:         110
 FAILED K-S -- Parm:Time to Peak    Mon:           2  Year:        1997  N:         110
 FAILED K-S -- Parm:Time to Peak    Mon:           2  Year:        1997  N:         110
 FAILED K-S -- Parm:Time to Peak    Mon:           2  Year:        1997  N:         110
*** ERROR *** Could not produce desired level of quality in
                    << Time to Peak    >> random deviates.
 FAILED K-S -- Parm:Time to Peak    Mon:           2  Year:        1998  N:         113
 FAILED K-S -- Parm:Time to Peak    Mon:           2  Year:        1998  N:         113
 FAILED K-S -- Parm:Time to Peak    Mon:           2  Year:        1998  N:         113
 FAILED K-S -- Parm:Time to Peak    Mon:           2  Year:        1998  N:         113
 FAILED K-S -- Parm:Time to Peak    Mon:           2  Year:        1998  N:         113
*** ERROR *** Could not produce desired level of quality in
                    << Time to Peak    >> random deviates.
 Tdew -10 rangecheck executed.
 FAILED K-S -- Parm:Time to Peak    Mon:           2  Year:        1999  N:         118
 FAILED K-S -- Parm:Time to Peak    Mon:           2  Year:        1999  N:         118
 FAILED K-S -- Parm:Time to Peak    Mon:           2  Year:        1999  N:         118
 FAILED K-S -- Parm:Time to Peak    Mon:           2  Year:        1999  N:         118
 FAILED K-S -- Parm:Time to Peak    Mon:           2  Year:        1999  N:         118
*** ERROR *** Could not produce desired level of quality in
                    << Time to Peak    >> random deviates.
 FAILED K-S -- Parm:Time to Peak    Mon:           2  Year:        2000  N:         123
 FAILED K-S -- Parm:Time to Peak    Mon:           2  Year:        2000  N:         123
 FAILED K-S -- Parm:Time to Peak    Mon:           2  Year:        2000  N:         123
 FAILED K-S -- Parm:Time to Peak    Mon:           2  Year:        2000  N:         123
 FAILED K-S -- Parm:Time to Peak    Mon:           2  Year:        2000  N:         123
*** ERROR *** Could not produce desired level of quality in
                    << Time to Peak    >> random deviates.
 FAILED K-S -- Parm:Time to Peak    Mon:           2  Year:        2001  N:         125
 FAILED K-S -- Parm:Time to Peak    Mon:           2  Year:        2001  N:         125
 FAILED K-S -- Parm:Time to Peak    Mon:           2  Year:        2001  N:         125
 FAILED K-S -- Parm:Time to Peak    Mon:           2  Year:        2001  N:         125
 FAILED K-S -- Parm:Time to Peak    Mon:           2  Year:        2001  N:         125
*** ERROR *** Could not produce desired level of quality in
                    << Time to Peak    >> random deviates.
 FAILED K-S -- Parm:Time to Peak    Mon:           2  Year:        2002  N:         129
 FAILED K-S -- Parm:Time to Peak    Mon:           2  Year:        2002  N:         129
 FAILED K-S -- Parm:Time to Peak    Mon:           2  Year:        2002  N:         129
 FAILED K-S -- Parm:Time to Peak    Mon:           2  Year:        2002  N:         129
 FAILED K-S -- Parm:Time to Peak    Mon:           2  Year:        2002  N:         129
*** ERROR *** Could not produce desired level of quality in
                    << Time to Peak    >> random deviates.
 FAILED K-S -- Parm:Time to Peak    Mon:           2  Year:        2003  N:         133
 FAILED K-S -- Parm:Time to Peak    Mon:           2  Year:        2003  N:         133
 FAILED K-S -- Parm:Time to Peak    Mon:           2  Year:        2003  N:         133
 FAILED K-S -- Parm:Time to Peak    Mon:           2  Year:        2003  N:         133
 FAILED K-S -- Parm:Time to Peak    Mon:           2  Year:        2003  N:         133
*** ERROR *** Could not produce desired level of quality in
                    << Time to Peak    >> random deviates.
 FAILED K-S -- Parm:Time to Peak    Mon:           2  Year:        2004  N:         135
 FAILED K-S -- Parm:Time to Peak    Mon:           2  Year:        2004  N:         135
 FAILED K-S -- Parm:Time to Peak    Mon:           2  Year:        2004  N:         135
 FAILED K-S -- Parm:Time to Peak    Mon:           2  Year:        2004  N:         135
 FAILED K-S -- Parm:Time to Peak    Mon:           2  Year:        2004  N:         135
*** ERROR *** Could not produce desired level of quality in
                    << Time to Peak    >> random deviates.
 FAILED K-S -- Parm:Time to Peak    Mon:           2  Year:        2005  N:         140
 FAILED K-S -- Parm:Time to Peak    Mon:           2  Year:        2005  N:         140
 FAILED K-S -- Parm:Time to Peak    Mon:           2  Year:        2005  N:         140
 FAILED K-S -- Parm:Time to Peak    Mon:           2  Year:        2005  N:         140
 FAILED K-S -- Parm:Time to Peak    Mon:           2  Year:        2005  N:         140
*** ERROR *** Could not produce desired level of quality in
                    << Time to Peak    >> random deviates.
 FAILED K-S -- Parm:Time to Peak    Mon:           2  Year:        2006  N:         147
 FAILED K-S -- Parm:Time to Peak    Mon:           2  Year:        2006  N:         147
 FAILED K-S -- Parm:Time to Peak    Mon:           2  Year:        2006  N:         147
 FAILED K-S -- Parm:Time to Peak    Mon:           2  Year:        2006  N:         147
 FAILED K-S -- Parm:Time to Peak    Mon:           2  Year:        2006  N:         147
*** ERROR *** Could not produce desired level of quality in
                    << Time to Peak    >> random deviates.
 FAILED K-S -- Parm:Time to Peak    Mon:           2  Year:        2007  N:         152
 FAILED K-S -- Parm:Time to Peak    Mon:           2  Year:        2007  N:         152
 FAILED K-S -- Parm:Time to Peak    Mon:           2  Year:        2007  N:         152
 FAILED K-S -- Parm:Time to Peak    Mon:           2  Year:        2007  N:         152
 FAILED K-S -- Parm:Time to Peak    Mon:           2  Year:        2007  N:         152
*** ERROR *** Could not produce desired level of quality in
                    << Time to Peak    >> random deviates.
 FAILED K-S -- Parm:Time to Peak    Mon:           2  Year:        2008  N:         157
 FAILED K-S -- Parm:Time to Peak    Mon:           2  Year:        2008  N:         157
 FAILED K-S -- Parm:Time to Peak    Mon:           2  Year:        2008  N:         157
 FAILED K-S -- Parm:Time to Peak    Mon:           2  Year:        2008  N:         157
 FAILED K-S -- Parm:Time to Peak    Mon:           2  Year:        2008  N:         157
*** ERROR *** Could not produce desired level of quality in
                    << Time to Peak    >> random deviates.
 FAILED K-S -- Parm:Time to Peak    Mon:           2  Year:        2009  N:         169
 FAILED K-S -- Parm:Time to Peak    Mon:           2  Year:        2009  N:         169
 FAILED K-S -- Parm:Time to Peak    Mon:           2  Year:        2009  N:         169
 FAILED K-S -- Parm:Time to Peak    Mon:           2  Year:        2009  N:         169
 FAILED K-S -- Parm:Time to Peak    Mon:           2  Year:        2009  N:         169
*** ERROR *** Could not produce desired level of quality in
                    << Time to Peak    >> random deviates.
 FAILED K-S -- Parm:Time to Peak    Mon:           2  Year:        2010  N:         171
 FAILED K-S -- Parm:Time to Peak    Mon:           2  Year:        2010  N:         171
 FAILED K-S -- Parm:Time to Peak    Mon:           2  Year:        2010  N:         171
 FAILED K-S -- Parm:Time to Peak    Mon:           2  Year:        2010  N:         171
 FAILED K-S -- Parm:Time to Peak    Mon:           2  Year:        2010  N:         171
*** ERROR *** Could not produce desired level of quality in
                    << Time to Peak    >> random deviates.
 FAILED K-S -- Parm:Time to Peak    Mon:           2  Year:        2011  N:         179
 FAILED K-S -- Parm:Time to Peak    Mon:           2  Year:        2011  N:         179
 FAILED K-S -- Parm:Time to Peak    Mon:           2  Year:        2011  N:         179
 FAILED K-S -- Parm:Time to Peak    Mon:           2  Year:        2011  N:         179
At line 3013 of file cligen53.f (unit = 9, file = '0500000US32027.prn')
Fortran runtime error: Sequential READ or WRITE not allowed after EOF marker, possibly use REWIND or BACKSPACE
 FAILED K-S -- Parm:Time to Peak    Mon:           2  Year:        2011  N:         179
*** ERROR *** Could not produce desired level of quality in
                    << Time to Peak    >> random deviates.
 FAILED K-S -- Parm:Time to Peak    Mon:           2  Year:        2012  N:         183
 FAILED K-S -- Parm:Time to Peak    Mon:           2  Year:        2012  N:         183
 FAILED K-S -- Parm:Time to Peak    Mon:           2  Year:        2012  N:         183
 FAILED K-S -- Parm:Time to Peak    Mon:           2  Year:        2012  N:         183
 FAILED K-S -- Parm:Time to Peak    Mon:           2  Year:        2012  N:         183
*** ERROR *** Could not produce desired level of quality in
                    << Time to Peak    >> random deviates.
 FAILED K-S -- Parm:Time to Peak    Mon:           2  Year:        2013  N:         187
 FAILED K-S -- Parm:Time to Peak    Mon:           2  Year:        2013  N:         187
 FAILED K-S -- Parm:Time to Peak    Mon:           2  Year:        2013  N:         187
 FAILED K-S -- Parm:Time to Peak    Mon:           2  Year:        2013  N:         187
 FAILED K-S -- Parm:Time to Peak    Mon:           2  Year:        2013  N:         187
*** ERROR *** Could not produce desired level of quality in
                    << Time to Peak    >> random deviates.
 Tdew -10 rangecheck executed.
 FAILED K-S -- Parm:Time to Peak    Mon:           2  Year:        2014  N:         194
 FAILED K-S -- Parm:Time to Peak    Mon:           2  Year:        2014  N:         194
 FAILED K-S -- Parm:Time to Peak    Mon:           2  Year:        2014  N:         194
 FAILED K-S -- Parm:Time to Peak    Mon:           2  Year:        2014  N:         194
 FAILED K-S -- Parm:Time to Peak    Mon:           2  Year:        2014  N:         194
*** ERROR *** Could not produce desired level of quality in
                    << Time to Peak    >> random deviates.
 FAILED K-S -- Parm:Time to Peak    Mon:           2  Year:        2015  N:         204
 FAILED K-S -- Parm:Time to Peak    Mon:           2  Year:        2015  N:         204
 FAILED K-S -- Parm:Time to Peak    Mon:           2  Year:        2015  N:         204
 FAILED K-S -- Parm:Time to Peak    Mon:           2  Year:        2015  N:         204
 FAILED K-S -- Parm:Time to Peak    Mon:           2  Year:        2015  N:         204
*** ERROR *** Could not produce desired level of quality in
                    << Time to Peak    >> random deviates.
 FAILED K-S -- Parm:Time to Peak    Mon:           2  Year:        2016  N:         206
 FAILED K-S -- Parm:Time to Peak    Mon:           2  Year:        2016  N:         206
 FAILED K-S -- Parm:Time to Peak    Mon:           2  Year:        2016  N:         206
 FAILED K-S -- Parm:Time to Peak    Mon:           2  Year:        2016  N:         206
 FAILED K-S -- Parm:Time to Peak    Mon:           2  Year:        2016  N:         206
*** ERROR *** Could not produce desired level of quality in
                    << Time to Peak    >> random deviates.
 FAILED K-S -- Parm:Time to Peak    Mon:           2  Year:        2017  N:         214
 FAILED K-S -- Parm:Time to Peak    Mon:           2  Year:        2017  N:         214
 FAILED K-S -- Parm:Time to Peak    Mon:           2  Year:        2017  N:         214
 FAILED K-S -- Parm:Time to Peak    Mon:           2  Year:        2017  N:         214
 FAILED K-S -- Parm:Time to Peak    Mon:           2  Year:        2017  N:         214
*** ERROR *** Could not produce desired level of quality in
                    << Time to Peak    >> random deviates.
