

  ********************************************************************
  *                                                                  *
  *              USDA - WATER EROSION PREDICTION PROJECT             *
  *                 WEPP CLIMATE INPUT DATA GENERATOR                *
  *                                                                  *
  *                    CONTINUOUS SIMULATION AND                     *
  *                       SINGLE STORM OPTIONS                       *
  *                    with Command Line Options,                    *
  *                        and Corrections to                        *
  *                  Rainfall Intensity Calculations                 *
  *                   and Random Number Generation.                  *
  *                                                                  *
  *                          VERSION 5.30000                         *
  *                     Revised from VERSION 4.2                     *
  *                           October 2004                           *
  *                                                                  *
  *           (Use -h or /h to list command line options.)           *
  *                                                                  *
  ********************************************************************


 pa369050.par                                                                                                                                                                                                                                                    
 0500000US42051.prn                                                                                                                                                                                                                                              
 Tdew -10 rangecheck executed.
 Tdew -10 rangecheck executed.
 Tdew -10 rangecheck executed.
 Tdew -10 rangecheck executed.
 Tdew -10 rangecheck executed.
 Tdew -10 rangecheck executed.
 Tdew -10 rangecheck executed.
 Tdew -10 rangecheck executed.
 Tdew -10 rangecheck executed.
 Tdew -10 rangecheck executed.
 Tdew -10 rangecheck executed.
 FAILED K-S -- Parm:Time to Peak    Mon:           1  Year:        1987  N:         111
 FAILED K-S -- Parm:Time to Peak    Mon:           1  Year:        1987  N:         111
 FAILED K-S -- Parm:Time to Peak    Mon:           1  Year:        1987  N:         111
 FAILED K-S -- Parm:Time to Peak    Mon:           1  Year:        1987  N:         111
 FAILED K-S -- Parm:Time to Peak    Mon:           1  Year:        1987  N:         111
*** ERROR *** Could not produce desired level of quality in
                    << Time to Peak    >> random deviates.
 FAILED K-S -- Parm:Time to Peak    Mon:           1  Year:        1988  N:         129
 FAILED K-S -- Parm:Time to Peak    Mon:           1  Year:        1988  N:         129
 FAILED K-S -- Parm:Time to Peak    Mon:           1  Year:        1988  N:         129
 FAILED K-S -- Parm:Time to Peak    Mon:           1  Year:        1988  N:         129
 FAILED K-S -- Parm:Time to Peak    Mon:           1  Year:        1988  N:         129
*** ERROR *** Could not produce desired level of quality in
                    << Time to Peak    >> random deviates.
 FAILED K-S -- Parm:Time to Peak    Mon:           1  Year:        1989  N:         147
 FAILED K-S -- Parm:Time to Peak    Mon:           1  Year:        1989  N:         147
 FAILED K-S -- Parm:Time to Peak    Mon:           1  Year:        1989  N:         147
 FAILED K-S -- Parm:Time to Peak    Mon:           1  Year:        1989  N:         147
 FAILED K-S -- Parm:Time to Peak    Mon:           1  Year:        1989  N:         147
*** ERROR *** Could not produce desired level of quality in
                    << Time to Peak    >> random deviates.
 Tdew -10 rangecheck executed.
 FAILED K-S -- Parm:Time to Peak    Mon:           1  Year:        1990  N:         159
 FAILED K-S -- Parm:Time to Peak    Mon:           1  Year:        1990  N:         159
 FAILED K-S -- Parm:Time to Peak    Mon:           1  Year:        1990  N:         159
At line 3013 of file cligen53.f (unit = 9, file = '0500000US42051.prn')
Fortran runtime error: Sequential READ or WRITE not allowed after EOF marker, possibly use REWIND or BACKSPACE
 FAILED K-S -- Parm:Time to Peak    Mon:           1  Year:        1990  N:         159
 FAILED K-S -- Parm:Time to Peak    Mon:           1  Year:        1990  N:         159
*** ERROR *** Could not produce desired level of quality in
                    << Time to Peak    >> random deviates.
 FAILED K-S -- Parm:Time to Peak    Mon:           1  Year:        1991  N:         175
 FAILED K-S -- Parm:Time to Peak    Mon:           1  Year:        1991  N:         175
 FAILED K-S -- Parm:Time to Peak    Mon:           1  Year:        1991  N:         175
 FAILED K-S -- Parm:Time to Peak    Mon:           1  Year:        1991  N:         175
 FAILED K-S -- Parm:Time to Peak    Mon:           1  Year:        1991  N:         175
*** ERROR *** Could not produce desired level of quality in
                    << Time to Peak    >> random deviates.
 FAILED K-S -- Parm:Time to Peak    Mon:           1  Year:        1992  N:         195
 FAILED K-S -- Parm:Time to Peak    Mon:           1  Year:        1992  N:         195
 FAILED K-S -- Parm:Time to Peak    Mon:           1  Year:        1992  N:         195
 FAILED K-S -- Parm:Time to Peak    Mon:           1  Year:        1992  N:         195
 FAILED K-S -- Parm:Time to Peak    Mon:           1  Year:        1992  N:         195
*** ERROR *** Could not produce desired level of quality in
                    << Time to Peak    >> random deviates.
 FAILED K-S -- Parm:Time to Peak    Mon:           1  Year:        1993  N:         214
 FAILED K-S -- Parm:Time to Peak    Mon:           1  Year:        1993  N:         214
 FAILED K-S -- Parm:Time to Peak    Mon:           1  Year:        1993  N:         214
 FAILED K-S -- Parm:Time to Peak    Mon:           1  Year:        1993  N:         214
 FAILED K-S -- Parm:Time to Peak    Mon:           1  Year:        1993  N:         214
*** ERROR *** Could not produce desired level of quality in
                    << Time to Peak    >> random deviates.
 FAILED K-S -- Parm:Time to Peak    Mon:           1  Year:        1994  N:         228
 FAILED K-S -- Parm:Time to Peak    Mon:           1  Year:        1994  N:         228
 FAILED K-S -- Parm:Time to Peak    Mon:           1  Year:        1994  N:         228
 FAILED K-S -- Parm:Time to Peak    Mon:           1  Year:        1994  N:         228
 FAILED K-S -- Parm:Time to Peak    Mon:           1  Year:        1994  N:         228
*** ERROR *** Could not produce desired level of quality in
                    << Time to Peak    >> random deviates.
 Tdew -10 rangecheck executed.
 Tdew -10 rangecheck executed.
 Tdew -10 rangecheck executed.
 Tdew -10 rangecheck executed.
 Tdew -10 rangecheck executed.
 Tdew -10 rangecheck executed.
 Tdew -10 rangecheck executed.
 Tdew -10 rangecheck executed.
