At line 3013 of file cligen53.f (unit = 9, file = '0500000US37025.prn')
Fortran runtime error: Sequential READ or WRITE not allowed after EOF marker, possibly use REWIND or BACKSPACE


  ********************************************************************
  *                                                                  *
  *              USDA - WATER EROSION PREDICTION PROJECT             *
  *                 WEPP CLIMATE INPUT DATA GENERATOR                *
  *                                                                  *
  *                    CONTINUOUS SIMULATION AND                     *
  *                       SINGLE STORM OPTIONS                       *
  *                    with Command Line Options,                    *
  *                        and Corrections to                        *
  *                  Rainfall Intensity Calculations                 *
  *                   and Random Number Generation.                  *
  *                                                                  *
  *                          VERSION 5.30000                         *
  *                     Revised from VERSION 4.2                     *
  *                           October 2004                           *
  *                                                                  *
  *           (Use -h or /h to list command line options.)           *
  *                                                                  *
  ********************************************************************


 nc311975.par                                                                                                                                                                                                                                                    
 0500000US37025.prn                                                                                                                                                                                                                                              
 FAILED K-S -- Parm:Precip. Amt.    Mon:          11  Year:        1991  N:         104
 FAILED K-S -- Parm:Precip. Amt.    Mon:          11  Year:        1991  N:         104
 FAILED K-S -- Parm:Precip. Amt.    Mon:          11  Year:        1991  N:         104
 FAILED K-S -- Parm:Precip. Amt.    Mon:          11  Year:        1991  N:         104
 FAILED K-S -- Parm:Precip. Amt.    Mon:          11  Year:        1991  N:         104
*** ERROR *** Could not produce desired level of quality in
                    << Precip. Amt.    >> random deviates.
 FAILED K-S -- Parm:Wind Vel.       Mon:          11  Year:        1991  N:         360
 Failed SN SD test.
 Parm:Temp. Dew Pt.   Month:          11  Year:        1991  Mlevel=   30.0000000      SDlevel=   61.3196793      Days:         360
 FAILED K-S -- Parm:Time to Peak    Mon:           9  Year:        1995  N:         101
 FAILED K-S -- Parm:Time to Peak    Mon:           9  Year:        1995  N:         101
 FAILED K-S -- Parm:Time to Peak    Mon:           9  Year:        1995  N:         101
 FAILED K-S -- Parm:Time to Peak    Mon:           9  Year:        1995  N:         101
 FAILED K-S -- Parm:Time to Peak    Mon:           9  Year:        1995  N:         101
*** ERROR *** Could not produce desired level of quality in
                    << Time to Peak    >> random deviates.
 FAILED K-S -- Parm:Time to Peak    Mon:           9  Year:        1996  N:         109
 FAILED K-S -- Parm:Time to Peak    Mon:           9  Year:        1996  N:         109
 FAILED K-S -- Parm:Time to Peak    Mon:           9  Year:        1996  N:         109
 FAILED K-S -- Parm:Time to Peak    Mon:           9  Year:        1996  N:         109
 FAILED K-S -- Parm:Time to Peak    Mon:           9  Year:        1996  N:         109
*** ERROR *** Could not produce desired level of quality in
                    << Time to Peak    >> random deviates.
