

  ********************************************************************
  *                                                                  *
  *              USDA - WATER EROSION PREDICTION PROJECT             *
  *                 WEPP CLIMATE INPUT DATA GENERATOR                *
  *                                                                  *
  *                    CONTINUOUS SIMULATION AND                     *
  *                       SINGLE STORM OPTIONS                       *
  *                    with Command Line Options,                    *
  *                        and Corrections to                        *
  *                  Rainfall Intensity Calculations                 *
  *                   and Random Number Generation.                  *
  *                                                                  *
  *                          VERSION 5.30000                         *
  *                     Revised from VERSION 4.2                     *
  *                           October 2004                           *
  *                                                                  *
  *           (Use -h or /h to list command line options.)           *
  *                                                                  *
  ********************************************************************


 tx411956.par                                                                                                                                                                                                                                                    
 0500000US48339.prn                                                                                                                                                                                                                                              
 FAILED K-S -- Parm:Precip. Amt.    Mon:           6  Year:        1993  N:         102
 FAILED K-S -- Parm:Precip. Amt.    Mon:           6  Year:        1993  N:         102
 FAILED K-S -- Parm:Precip. Amt.    Mon:           6  Year:        1993  N:         102
 FAILED K-S -- Parm:Precip. Amt.    Mon:           6  Year:        1993  N:         102
 FAILED K-S -- Parm:Precip. Amt.    Mon:           6  Year:        1993  N:         102
*** ERROR *** Could not produce desired level of quality in
                    << Precip. Amt.    >> random deviates.
 FAILED K-S -- Parm:Precip. Amt.    Mon:           6  Year:        1994  N:         112
 FAILED K-S -- Parm:Precip. Amt.    Mon:           6  Year:        1994  N:         112
 FAILED K-S -- Parm:Precip. Amt.    Mon:           6  Year:        1994  N:         112
 FAILED K-S -- Parm:Precip. Amt.    Mon:           6  Year:        1994  N:         112
 FAILED K-S -- Parm:Precip. Amt.    Mon:           6  Year:        1994  N:         112
*** ERROR *** Could not produce desired level of quality in
                    << Precip. Amt.    >> random deviates.
 Failed SN Mean test.
 Parm:Temp. Dew Pt.   Month:           6  Year:        1994  Mlevel=   70.0000000      SDlevel=   6.34927750      Days:         450
 FAILED K-S -- Parm:Precip. Amt.    Mon:           6  Year:        1995  N:         122
 FAILED K-S -- Parm:Precip. Amt.    Mon:           6  Year:        1995  N:         122
 FAILED K-S -- Parm:Precip. Amt.    Mon:           6  Year:        1995  N:         122
 FAILED K-S -- Parm:Precip. Amt.    Mon:           6  Year:        1995  N:         122
 FAILED K-S -- Parm:Precip. Amt.    Mon:           6  Year:        1995  N:         122
*** ERROR *** Could not produce desired level of quality in
                    << Precip. Amt.    >> random deviates.
 Failed SN SD test.
 Parm:Temp. Dew Pt.   Month:           6  Year:        1995  Mlevel=   50.0000000      SDlevel=   88.8923187      Days:         480
 FAILED K-S -- Parm:Precip. Amt.    Mon:           6  Year:        1996  N:         133
 FAILED K-S -- Parm:Precip. Amt.    Mon:           6  Year:        1996  N:         133
 FAILED K-S -- Parm:Precip. Amt.    Mon:           6  Year:        1996  N:         133
 FAILED K-S -- Parm:Precip. Amt.    Mon:           6  Year:        1996  N:         133
 FAILED K-S -- Parm:Precip. Amt.    Mon:           6  Year:        1996  N:         133
*** ERROR *** Could not produce desired level of quality in
                    << Precip. Amt.    >> random deviates.
 Failed SN Mean test.
 Failed SN SD test.
 Parm:Temp. Dew Pt.   Month:           6  Year:        1996  Mlevel=   60.0000000      SDlevel=   94.7255783      Days:         510
 FAILED K-S -- Parm:Precip. Amt.    Mon:           6  Year:        1997  N:         139
 FAILED K-S -- Parm:Precip. Amt.    Mon:           6  Year:        1997  N:         139
 FAILED K-S -- Parm:Precip. Amt.    Mon:           6  Year:        1997  N:         139
 FAILED K-S -- Parm:Precip. Amt.    Mon:           6  Year:        1997  N:         139
 FAILED K-S -- Parm:Precip. Amt.    Mon:           6  Year:        1997  N:         139
*** ERROR *** Could not produce desired level of quality in
                    << Precip. Amt.    >> random deviates.
 Failed SN SD test.
 Parm:Temp. Dew Pt.   Month:           6  Year:        1997  Mlevel=   30.0000000      SDlevel=   99.8564682      Days:         540
 FAILED K-S -- Parm:Precip. Amt.    Mon:           6  Year:        1998  N:         150
 FAILED K-S -- Parm:Precip. Amt.    Mon:           6  Year:        1998  N:         150
 FAILED K-S -- Parm:Precip. Amt.    Mon:           6  Year:        1998  N:         150
 FAILED K-S -- Parm:Precip. Amt.    Mon:           6  Year:        1998  N:         150
 FAILED K-S -- Parm:Precip. Amt.    Mon:           6  Year:        1998  N:         150
*** ERROR *** Could not produce desired level of quality in
                    << Precip. Amt.    >> random deviates.
 Failed SN SD test.
 Parm:Temp. Dew Pt.   Month:           6  Year:        1998  Mlevel=   50.0000000      SDlevel=   99.9976273      Days:         570
 FAILED K-S -- Parm:Precip. Amt.    Mon:           6  Year:        1999  N:         155
 FAILED K-S -- Parm:Precip. Amt.    Mon:           6  Year:        1999  N:         155
 FAILED K-S -- Parm:Precip. Amt.    Mon:           6  Year:        1999  N:         155
 FAILED K-S -- Parm:Precip. Amt.    Mon:           6  Year:        1999  N:         155
 FAILED K-S -- Parm:Precip. Amt.    Mon:           6  Year:        1999  N:         155
*** ERROR *** Could not produce desired level of quality in
                    << Precip. Amt.    >> random deviates.
 Failed SN SD test.
 Parm:Temp. Dew Pt.   Month:           6  Year:        1999  Mlevel=   40.0000000      SDlevel=   99.9999466      Days:         600
 FAILED K-S -- Parm:Time to Peak    Mon:           6  Year:        1999  N:         155
 FAILED K-S -- Parm:Precip. Amt.    Mon:           6  Year:        2000  N:         157
 FAILED K-S -- Parm:Precip. Amt.    Mon:           6  Year:        2000  N:         157
 FAILED K-S -- Parm:Precip. Amt.    Mon:           6  Year:        2000  N:         157
 FAILED K-S -- Parm:Precip. Amt.    Mon:           6  Year:        2000  N:         157
 FAILED K-S -- Parm:Precip. Amt.    Mon:           6  Year:        2000  N:         157
*** ERROR *** Could not produce desired level of quality in
                    << Precip. Amt.    >> random deviates.
 Failed SN SD test.
 Parm:Temp. Dew Pt.   Month:           6  Year:        2000  Mlevel=   40.0000000      SDlevel=   99.9999924      Days:         630
 FAILED K-S -- Parm:Precip. Amt.    Mon:           6  Year:        2001  N:         166
 FAILED K-S -- Parm:Precip. Amt.    Mon:           6  Year:        2001  N:         166
 FAILED K-S -- Parm:Precip. Amt.    Mon:           6  Year:        2001  N:         166
 FAILED K-S -- Parm:Precip. Amt.    Mon:           6  Year:        2001  N:         166
 FAILED K-S -- Parm:Precip. Amt.    Mon:           6  Year:        2001  N:         166
*** ERROR *** Could not produce desired level of quality in
                    << Precip. Amt.    >> random deviates.
 Failed SN SD test.
 Parm:Temp. Dew Pt.   Month:           6  Year:        2001  Mlevel=   40.0000000      SDlevel=   100.000000      Days:         660
 FAILED K-S -- Parm:Time to Peak    Mon:           6  Year:        2001  N:         161
 FAILED K-S -- Parm:Precip. Amt.    Mon:           6  Year:        2002  N:         171
 FAILED K-S -- Parm:Precip. Amt.    Mon:           6  Year:        2002  N:         171
 FAILED K-S -- Parm:Precip. Amt.    Mon:           6  Year:        2002  N:         171
 FAILED K-S -- Parm:Precip. Amt.    Mon:           6  Year:        2002  N:         171
 FAILED K-S -- Parm:Precip. Amt.    Mon:           6  Year:        2002  N:         171
*** ERROR *** Could not produce desired level of quality in
                    << Precip. Amt.    >> random deviates.
 Failed SN SD test.
 Parm:Temp. Dew Pt.   Month:           6  Year:        2002  Mlevel=   40.0000000      SDlevel=   100.000000      Days:         690
 FAILED K-S -- Parm:Precip. Amt.    Mon:           6  Year:        2003  N:         176
 FAILED K-S -- Parm:Precip. Amt.    Mon:           6  Year:        2003  N:         176
 FAILED K-S -- Parm:Precip. Amt.    Mon:           6  Year:        2003  N:         176
 FAILED K-S -- Parm:Precip. Amt.    Mon:           6  Year:        2003  N:         176
 FAILED K-S -- Parm:Precip. Amt.    Mon:           6  Year:        2003  N:         176
*** ERROR *** Could not produce desired level of quality in
                    << Precip. Amt.    >> random deviates.
 Failed SN SD test.
 Parm:Temp. Dew Pt.   Month:           6  Year:        2003  Mlevel=   50.0000000      SDlevel=   100.000000      Days:         720
 FAILED K-S -- Parm:Precip. Amt.    Mon:           6  Year:        2004  N:         182
 FAILED K-S -- Parm:Precip. Amt.    Mon:           6  Year:        2004  N:         182
 FAILED K-S -- Parm:Precip. Amt.    Mon:           6  Year:        2004  N:         182
 FAILED K-S -- Parm:Precip. Amt.    Mon:           6  Year:        2004  N:         182
 FAILED K-S -- Parm:Precip. Amt.    Mon:           6  Year:        2004  N:         182
*** ERROR *** Could not produce desired level of quality in
                    << Precip. Amt.    >> random deviates.
 FAILED K-S -- Parm:Wind Vel.       Mon:           6  Year:        2004  N:         750
 Failed SN SD test.
 Parm:Temp. Dew Pt.   Month:           6  Year:        2004  Mlevel=   30.0000000      SDlevel=   100.000000      Days:         750
 FAILED K-S -- Parm:Precip. Amt.    Mon:           6  Year:        2005  N:         185
 FAILED K-S -- Parm:Precip. Amt.    Mon:           6  Year:        2005  N:         185
 FAILED K-S -- Parm:Precip. Amt.    Mon:           6  Year:        2005  N:         185
 FAILED K-S -- Parm:Precip. Amt.    Mon:           6  Year:        2005  N:         185
 FAILED K-S -- Parm:Precip. Amt.    Mon:           6  Year:        2005  N:         185
*** ERROR *** Could not produce desired level of quality in
                    << Precip. Amt.    >> random deviates.
 Failed SN SD test.
 Parm:Temp. Dew Pt.   Month:           6  Year:        2005  Mlevel=   40.0000000      SDlevel=   100.000000      Days:         780
 FAILED K-S -- Parm:Precip. Amt.    Mon:           6  Year:        2006  N:         197
 FAILED K-S -- Parm:Precip. Amt.    Mon:           6  Year:        2006  N:         197
 FAILED K-S -- Parm:Precip. Amt.    Mon:           6  Year:        2006  N:         197
 FAILED K-S -- Parm:Precip. Amt.    Mon:           6  Year:        2006  N:         197
 FAILED K-S -- Parm:Precip. Amt.    Mon:           6  Year:        2006  N:         197
*** ERROR *** Could not produce desired level of quality in
                    << Precip. Amt.    >> random deviates.
 Failed SN SD test.
 Parm:Temp. Dew Pt.   Month:           6  Year:        2006  Mlevel=   40.0000000      SDlevel=   100.000000      Days:         810
 FAILED K-S -- Parm:Precip. Amt.    Mon:           6  Year:        2007  N:         201
 FAILED K-S -- Parm:Precip. Amt.    Mon:           6  Year:        2007  N:         201
 FAILED K-S -- Parm:Precip. Amt.    Mon:           6  Year:        2007  N:         201
 FAILED K-S -- Parm:Precip. Amt.    Mon:           6  Year:        2007  N:         201
 FAILED K-S -- Parm:Precip. Amt.    Mon:           6  Year:        2007  N:         201
*** ERROR *** Could not produce desired level of quality in
                    << Precip. Amt.    >> random deviates.
 Failed SN Mean test.
 Failed SN SD test.
 Parm:Temp. Dew Pt.   Month:           6  Year:        2007  Mlevel=   60.0000000      SDlevel=   100.000000      Days:         840
 FAILED K-S -- Parm:Precip. Amt.    Mon:           6  Year:        2008  N:         210
 FAILED K-S -- Parm:Precip. Amt.    Mon:           6  Year:        2008  N:         210
 FAILED K-S -- Parm:Precip. Amt.    Mon:           6  Year:        2008  N:         210
 FAILED K-S -- Parm:Precip. Amt.    Mon:           6  Year:        2008  N:         210
 FAILED K-S -- Parm:Precip. Amt.    Mon:           6  Year:        2008  N:         210
*** ERROR *** Could not produce desired level of quality in
                    << Precip. Amt.    >> random deviates.
 FAILED K-S -- Parm:Temp. Dew Pt.   Mon:           6  Year:        2008  N:         450
 FAILED K-S -- Parm:Precip. Amt.    Mon:           6  Year:        2009  N:         219
 FAILED K-S -- Parm:Precip. Amt.    Mon:           6  Year:        2009  N:         219
 FAILED K-S -- Parm:Precip. Amt.    Mon:           6  Year:        2009  N:         219
 FAILED K-S -- Parm:Precip. Amt.    Mon:           6  Year:        2009  N:         219
 FAILED K-S -- Parm:Precip. Amt.    Mon:           6  Year:        2009  N:         219
*** ERROR *** Could not produce desired level of quality in
                    << Precip. Amt.    >> random deviates.
 Failed SN SD test.
 Parm:Temp. Dew Pt.   Month:           6  Year:        2009  Mlevel=   50.0000000      SDlevel=   100.000000      Days:         900
 FAILED K-S -- Parm:Precip. Amt.    Mon:           6  Year:        2010  N:         222
 FAILED K-S -- Parm:Precip. Amt.    Mon:           6  Year:        2010  N:         222
 FAILED K-S -- Parm:Precip. Amt.    Mon:           6  Year:        2010  N:         222
 FAILED K-S -- Parm:Precip. Amt.    Mon:           6  Year:        2010  N:         222
 FAILED K-S -- Parm:Precip. Amt.    Mon:           6  Year:        2010  N:         222
*** ERROR *** Could not produce desired level of quality in
                    << Precip. Amt.    >> random deviates.
 FAILED K-S -- Parm:Temp. Dew Pt.   Mon:           6  Year:        2010  N:         450
 FAILED K-S -- Parm:Precip. Amt.    Mon:           6  Year:        2011  N:         231
 FAILED K-S -- Parm:Precip. Amt.    Mon:           6  Year:        2011  N:         231
 FAILED K-S -- Parm:Precip. Amt.    Mon:           6  Year:        2011  N:         231
 FAILED K-S -- Parm:Precip. Amt.    Mon:           6  Year:        2011  N:         231
 FAILED K-S -- Parm:Precip. Amt.    Mon:           6  Year:        2011  N:         231
*** ERROR *** Could not produce desired level of quality in
                    << Precip. Amt.    >> random deviates.
 Failed SN SD test.
 Parm:Temp. Dew Pt.   Month:           6  Year:        2011  Mlevel=   40.0000000      SDlevel=   100.000000      Days:         960
 FAILED K-S -- Parm:Precip. Amt.    Mon:           6  Year:        2012  N:         244
 FAILED K-S -- Parm:Precip. Amt.    Mon:           6  Year:        2012  N:         244
 FAILED K-S -- Parm:Precip. Amt.    Mon:           6  Year:        2012  N:         244
 FAILED K-S -- Parm:Precip. Amt.    Mon:           6  Year:        2012  N:         244
 FAILED K-S -- Parm:Precip. Amt.    Mon:           6  Year:        2012  N:         244
*** ERROR *** Could not produce desired level of quality in
                    << Precip. Amt.    >> random deviates.
 FAILED K-S -- Parm:Temp. Dew Pt.   Mon:           6  Year:        2012  N:         450
 FAILED K-S -- Parm:Precip. Amt.    Mon:           6  Year:        2013  N:         248
 FAILED K-S -- Parm:Precip. Amt.    Mon:           6  Year:        2013  N:         248
 FAILED K-S -- Parm:Precip. Amt.    Mon:           6  Year:        2013  N:         248
 FAILED K-S -- Parm:Precip. Amt.    Mon:           6  Year:        2013  N:         248
 FAILED K-S -- Parm:Precip. Amt.    Mon:           6  Year:        2013  N:         248
At line 3013 of file cligen53.f (unit = 9, file = '0500000US48339.prn')
Fortran runtime error: Sequential READ or WRITE not allowed after EOF marker, possibly use REWIND or BACKSPACE
*** ERROR *** Could not produce desired level of quality in
                    << Precip. Amt.    >> random deviates.
 Failed SN SD test.
 Parm:Temp. Dew Pt.   Month:           6  Year:        2013  Mlevel=   10.0000000      SDlevel=   100.000000      Days:        1020
 FAILED K-S -- Parm:Precip. Amt.    Mon:           6  Year:        2014  N:         256
 FAILED K-S -- Parm:Precip. Amt.    Mon:           6  Year:        2014  N:         256
 FAILED K-S -- Parm:Precip. Amt.    Mon:           6  Year:        2014  N:         256
 FAILED K-S -- Parm:Precip. Amt.    Mon:           6  Year:        2014  N:         256
 FAILED K-S -- Parm:Precip. Amt.    Mon:           6  Year:        2014  N:         256
*** ERROR *** Could not produce desired level of quality in
                    << Precip. Amt.    >> random deviates.
 FAILED K-S -- Parm:Wind Vel.       Mon:           6  Year:        2014  N:        1020
 FAILED K-S -- Parm:Temp. Dew Pt.   Mon:           6  Year:        2014  N:         450
 FAILED K-S -- Parm:Precip. Amt.    Mon:           6  Year:        2015  N:         261
 FAILED K-S -- Parm:Precip. Amt.    Mon:           6  Year:        2015  N:         261
 FAILED K-S -- Parm:Precip. Amt.    Mon:           6  Year:        2015  N:         261
 FAILED K-S -- Parm:Precip. Amt.    Mon:           6  Year:        2015  N:         261
 FAILED K-S -- Parm:Precip. Amt.    Mon:           6  Year:        2015  N:         261
*** ERROR *** Could not produce desired level of quality in
                    << Precip. Amt.    >> random deviates.
 FAILED K-S -- Parm:Wind Vel.       Mon:           6  Year:        2015  N:        1020
 Failed SN SD test.
 Parm:Temp. Dew Pt.   Month:           6  Year:        2015  Mlevel=   20.0000000      SDlevel=   100.000000      Days:        1080
 FAILED K-S -- Parm:Precip. Amt.    Mon:           6  Year:        2016  N:         269
 FAILED K-S -- Parm:Precip. Amt.    Mon:           6  Year:        2016  N:         269
 FAILED K-S -- Parm:Precip. Amt.    Mon:           6  Year:        2016  N:         269
 FAILED K-S -- Parm:Precip. Amt.    Mon:           6  Year:        2016  N:         269
 FAILED K-S -- Parm:Precip. Amt.    Mon:           6  Year:        2016  N:         269
*** ERROR *** Could not produce desired level of quality in
                    << Precip. Amt.    >> random deviates.
 Failed SN SD test.
 Parm:Temp. Dew Pt.   Month:           6  Year:        2016  Mlevel=   40.0000000      SDlevel=   100.000000      Days:        1110
 FAILED K-S -- Parm:Precip. Amt.    Mon:           6  Year:        2017  N:         279
 FAILED K-S -- Parm:Precip. Amt.    Mon:           6  Year:        2017  N:         279
 FAILED K-S -- Parm:Precip. Amt.    Mon:           6  Year:        2017  N:         279
 FAILED K-S -- Parm:Precip. Amt.    Mon:           6  Year:        2017  N:         279
 FAILED K-S -- Parm:Precip. Amt.    Mon:           6  Year:        2017  N:         279
*** ERROR *** Could not produce desired level of quality in
                    << Precip. Amt.    >> random deviates.
 Failed SN SD test.
 Parm:Temp. Dew Pt.   Month:           6  Year:        2017  Mlevel=   30.0000000      SDlevel=   100.000000      Days:        1140
