At line 3013 of file cligen53.f (unit = 9, file = '0500000US48109.prn')
Fortran runtime error: Sequential READ or WRITE not allowed after EOF marker, possibly use REWIND or BACKSPACE


  ********************************************************************
  *                                                                  *
  *              USDA - WATER EROSION PREDICTION PROJECT             *
  *                 WEPP CLIMATE INPUT DATA GENERATOR                *
  *                                                                  *
  *                    CONTINUOUS SIMULATION AND                     *
  *                       SINGLE STORM OPTIONS                       *
  *                    with Command Line Options,                    *
  *                        and Corrections to                        *
  *                  Rainfall Intensity Calculations                 *
  *                   and Random Number Generation.                  *
  *                                                                  *
  *                          VERSION 5.30000                         *
  *                     Revised from VERSION 4.2                     *
  *                           October 2004                           *
  *                                                                  *
  *           (Use -h or /h to list command line options.)           *
  *                                                                  *
  ********************************************************************


 nm291480.par                                                                                                                                                                                                                                                    
 0500000US48109.prn                                                                                                                                                                                                                                              
 Tdew -10 rangecheck executed.
 Tdew -10 rangecheck executed.
 Tdew -10 rangecheck executed.
 Failed SN SD test.
 Parm:Precip. Amt.    Month:           1  Year:        2000  Mlevel=   10.0000000      SDlevel=   55.3927193      Days:          60
 Failed SN SD test.
 Parm:Precip. Amt.    Month:           1  Year:        2000  Mlevel=   10.0000000      SDlevel=   55.3903923      Days:          60
 Failed SN SD test.
 Parm:Precip. Amt.    Month:           1  Year:        2000  Mlevel=   5.00000000      SDlevel=   55.3702431      Days:          60
 Failed SN SD test.
 Parm:Precip. Amt.    Month:           1  Year:        2000  Mlevel=   5.00000000      SDlevel=   55.3158875      Days:          60
 Failed SN SD test.
 Parm:Precip. Amt.    Month:           1  Year:        2000  Mlevel=   5.00000000      SDlevel=   55.3259850      Days:          60
*** ERROR *** Could not produce desired level of quality in
                    << Precip. Amt.    >> random deviates.
 FAILED K-S -- Parm:Temp. Dew Pt.   Mon:           1  Year:        2000  N:         651
 Failed SN SD test.
 Parm:Precip. Amt.    Month:           1  Year:        2010  Mlevel=   40.0000000      SDlevel=   53.4735794      Days:          90
 Failed SN SD test.
 Parm:Precip. Amt.    Month:           1  Year:        2010  Mlevel=   40.0000000      SDlevel=   53.5055771      Days:          90
 Failed SN SD test.
 Parm:Precip. Amt.    Month:           1  Year:        2010  Mlevel=   50.0000000      SDlevel=   52.1009789      Days:          90
 Failed SN SD test.
 Parm:Precip. Amt.    Month:           1  Year:        2010  Mlevel=   50.0000000      SDlevel=   52.0854225      Days:          90
 Failed SN SD test.
 Parm:Precip. Amt.    Month:           1  Year:        2010  Mlevel=   40.0000000      SDlevel=   52.0379066      Days:          90
*** ERROR *** Could not produce desired level of quality in
                    << Precip. Amt.    >> random deviates.
 Tdew -10 rangecheck executed.
