

  ********************************************************************
  *                                                                  *
  *              USDA - WATER EROSION PREDICTION PROJECT             *
  *                 WEPP CLIMATE INPUT DATA GENERATOR                *
  *                                                                  *
  *                    CONTINUOUS SIMULATION AND                     *
  *                       SINGLE STORM OPTIONS                       *
  *                    with Command Line Options,                    *
  *                        and Corrections to                        *
  *                  Rainfall Intensity Calculations                 *
  *                   and Random Number Generation.                  *
  *                                                                  *
  *                          VERSION 5.30000                         *
  *                     Revised from VERSION 4.2                     *
  *                           October 2004                           *
  *                                                                  *
  *           (Use -h or /h to list command line options.)           *
  *                                                                  *
  ********************************************************************


 la160098.par                                                                                                                                                                                                                                                    
 0500000US22059.prn                                                                                                                                                                                                                                              
 FAILED K-S -- Parm:Time to Peak    Mon:           4  Year:        1996  N:         103
 FAILED K-S -- Parm:Time to Peak    Mon:           4  Year:        1996  N:         103
 FAILED K-S -- Parm:Time to Peak    Mon:           4  Year:        1996  N:         103
 FAILED K-S -- Parm:Time to Peak    Mon:           4  Year:        1996  N:         103
 FAILED K-S -- Parm:Time to Peak    Mon:           4  Year:        1996  N:         103
*** ERROR *** Could not produce desired level of quality in
                    << Time to Peak    >> random deviates.
 FAILED K-S -- Parm:Time to Peak    Mon:           4  Year:        1997  N:         109
 FAILED K-S -- Parm:Time to Peak    Mon:           4  Year:        1997  N:         109
 FAILED K-S -- Parm:Time to Peak    Mon:           4  Year:        1997  N:         109
 FAILED K-S -- Parm:Time to Peak    Mon:           4  Year:        1997  N:         109
 FAILED K-S -- Parm:Time to Peak    Mon:           4  Year:        1997  N:         109
*** ERROR *** Could not produce desired level of quality in
                    << Time to Peak    >> random deviates.
 FAILED K-S -- Parm:Time to Peak    Mon:           4  Year:        1998  N:         114
 FAILED K-S -- Parm:Time to Peak    Mon:           4  Year:        1998  N:         114
 FAILED K-S -- Parm:Time to Peak    Mon:           4  Year:        1998  N:         114
 FAILED K-S -- Parm:Time to Peak    Mon:           4  Year:        1998  N:         114
 FAILED K-S -- Parm:Time to Peak    Mon:           4  Year:        1998  N:         114
*** ERROR *** Could not produce desired level of quality in
                    << Time to Peak    >> random deviates.
 FAILED K-S -- Parm:Time to Peak    Mon:           4  Year:        1999  N:         124
 FAILED K-S -- Parm:Time to Peak    Mon:           4  Year:        1999  N:         124
 FAILED K-S -- Parm:Time to Peak    Mon:           4  Year:        1999  N:         124
 FAILED K-S -- Parm:Time to Peak    Mon:           4  Year:        1999  N:         124
 FAILED K-S -- Parm:Time to Peak    Mon:           4  Year:        1999  N:         124
*** ERROR *** Could not produce desired level of quality in
                    << Time to Peak    >> random deviates.
At line 3013 of file cligen53.f (unit = 9, file = '0500000US22059.prn')
Fortran runtime error: Sequential READ or WRITE not allowed after EOF marker, possibly use REWIND or BACKSPACE
 FAILED K-S -- Parm:Time to Peak    Mon:           4  Year:        2000  N:         130
 FAILED K-S -- Parm:Time to Peak    Mon:           4  Year:        2000  N:         130
 FAILED K-S -- Parm:Time to Peak    Mon:           4  Year:        2000  N:         130
 FAILED K-S -- Parm:Time to Peak    Mon:           4  Year:        2000  N:         130
 FAILED K-S -- Parm:Time to Peak    Mon:           4  Year:        2000  N:         130
*** ERROR *** Could not produce desired level of quality in
                    << Time to Peak    >> random deviates.
 FAILED K-S -- Parm:Time to Peak    Mon:           4  Year:        2001  N:         137
 FAILED K-S -- Parm:Time to Peak    Mon:           4  Year:        2001  N:         137
 FAILED K-S -- Parm:Time to Peak    Mon:           4  Year:        2001  N:         137
 FAILED K-S -- Parm:Time to Peak    Mon:           4  Year:        2001  N:         137
 FAILED K-S -- Parm:Time to Peak    Mon:           4  Year:        2001  N:         137
*** ERROR *** Could not produce desired level of quality in
                    << Time to Peak    >> random deviates.
 FAILED K-S -- Parm:Time to Peak    Mon:           4  Year:        2002  N:         148
 FAILED K-S -- Parm:Time to Peak    Mon:           4  Year:        2002  N:         148
 FAILED K-S -- Parm:Time to Peak    Mon:           4  Year:        2002  N:         148
 FAILED K-S -- Parm:Time to Peak    Mon:           4  Year:        2002  N:         148
 FAILED K-S -- Parm:Time to Peak    Mon:           4  Year:        2002  N:         148
*** ERROR *** Could not produce desired level of quality in
                    << Time to Peak    >> random deviates.
 FAILED K-S -- Parm:Time to Peak    Mon:           4  Year:        2003  N:         151
 FAILED K-S -- Parm:Time to Peak    Mon:           4  Year:        2003  N:         151
 FAILED K-S -- Parm:Time to Peak    Mon:           4  Year:        2003  N:         151
 FAILED K-S -- Parm:Time to Peak    Mon:           4  Year:        2003  N:         151
 FAILED K-S -- Parm:Time to Peak    Mon:           4  Year:        2003  N:         151
*** ERROR *** Could not produce desired level of quality in
                    << Time to Peak    >> random deviates.
 FAILED K-S -- Parm:Time to Peak    Mon:           4  Year:        2004  N:         158
 FAILED K-S -- Parm:Time to Peak    Mon:           4  Year:        2004  N:         158
 FAILED K-S -- Parm:Time to Peak    Mon:           4  Year:        2004  N:         158
 FAILED K-S -- Parm:Time to Peak    Mon:           4  Year:        2004  N:         158
 FAILED K-S -- Parm:Time to Peak    Mon:           4  Year:        2004  N:         158
*** ERROR *** Could not produce desired level of quality in
                    << Time to Peak    >> random deviates.
 FAILED K-S -- Parm:Time to Peak    Mon:           4  Year:        2005  N:         167
 FAILED K-S -- Parm:Time to Peak    Mon:           4  Year:        2005  N:         167
 FAILED K-S -- Parm:Time to Peak    Mon:           4  Year:        2005  N:         167
 FAILED K-S -- Parm:Time to Peak    Mon:           4  Year:        2005  N:         167
 FAILED K-S -- Parm:Time to Peak    Mon:           4  Year:        2005  N:         167
*** ERROR *** Could not produce desired level of quality in
                    << Time to Peak    >> random deviates.
