

  ********************************************************************
  *                                                                  *
  *              USDA - WATER EROSION PREDICTION PROJECT             *
  *                 WEPP CLIMATE INPUT DATA GENERATOR                *
  *                                                                  *
  *                    CONTINUOUS SIMULATION AND                     *
  *                       SINGLE STORM OPTIONS                       *
  *                    with Command Line Options,                    *
  *                        and Corrections to                        *
  *                  Rainfall Intensity Calculations                 *
  *                   and Random Number Generation.                  *
  *                                                                  *
  *                          VERSION 5.30000                         *
  *                     Revised from VERSION 4.2                     *
  *                           October 2004                           *
  *                                                                  *
  *           (Use -h or /h to list command line options.)           *
  *                                                                  *
  ********************************************************************


 tx415890.par                                                                                                                                                                                                                                                    
 0500000US48135.prn                                                                                                                                                                                                                                              
 Tdew -10 rangecheck executed.
 Tdew -10 rangecheck executed.
 FAILED K-S -- Parm:Time to Peak    Mon:           9  Year:        2000  N:         104
 FAILED K-S -- Parm:Time to Peak    Mon:           9  Year:        2000  N:         104
 FAILED K-S -- Parm:Time to Peak    Mon:           9  Year:        2000  N:         104
 FAILED K-S -- Parm:Time to Peak    Mon:           9  Year:        2000  N:         104
 FAILED K-S -- Parm:Time to Peak    Mon:           9  Year:        2000  N:         104
*** ERROR *** Could not produce desired level of quality in
                    << Time to Peak    >> random deviates.
 FAILED K-S -- Parm:Time to Peak    Mon:           9  Year:        2001  N:         110
 FAILED K-S -- Parm:Time to Peak    Mon:           9  Year:        2001  N:         110
 FAILED K-S -- Parm:Time to Peak    Mon:           9  Year:        2001  N:         110
 FAILED K-S -- Parm:Time to Peak    Mon:           9  Year:        2001  N:         110
 FAILED K-S -- Parm:Time to Peak    Mon:           9  Year:        2001  N:         110
*** ERROR *** Could not produce desired level of quality in
                    << Time to Peak    >> random deviates.
 FAILED K-S -- Parm:Time to Peak    Mon:           9  Year:        2002  N:         115
 FAILED K-S -- Parm:Time to Peak    Mon:           9  Year:        2002  N:         115
 FAILED K-S -- Parm:Time to Peak    Mon:           9  Year:        2002  N:         115
 FAILED K-S -- Parm:Time to Peak    Mon:           9  Year:        2002  N:         115
 FAILED K-S -- Parm:Time to Peak    Mon:           9  Year:        2002  N:         115
*** ERROR *** Could not produce desired level of quality in
                    << Time to Peak    >> random deviates.
 FAILED K-S -- Parm:Time to Peak    Mon:           9  Year:        2003  N:         119
 FAILED K-S -- Parm:Time to Peak    Mon:           9  Year:        2003  N:         119
 FAILED K-S -- Parm:Time to Peak    Mon:           9  Year:        2003  N:         119
 FAILED K-S -- Parm:Time to Peak    Mon:           9  Year:        2003  N:         119
 FAILED K-S -- Parm:Time to Peak    Mon:           9  Year:        2003  N:         119
*** ERROR *** Could not produce desired level of quality in
                    << Time to Peak    >> random deviates.
 FAILED K-S -- Parm:Time to Peak    Mon:           9  Year:        2004  N:         125
 FAILED K-S -- Parm:Time to Peak    Mon:           9  Year:        2004  N:         125
 FAILED K-S -- Parm:Time to Peak    Mon:           9  Year:        2004  N:         125
 FAILED K-S -- Parm:Time to Peak    Mon:           9  Year:        2004  N:         125
 FAILED K-S -- Parm:Time to Peak    Mon:           9  Year:        2004  N:         125
*** ERROR *** Could not produce desired level of quality in
                    << Time to Peak    >> random deviates.
 Failed SN SD test.
 Parm:Precip. Amt.    Month:           4  Year:        2005  Mlevel=   10.0000000      SDlevel=   51.0337715      Days:          69
 Failed SN SD test.
 Parm:Precip. Amt.    Month:           4  Year:        2005  Mlevel=   10.0000000      SDlevel=   50.9111633      Days:          69
 Failed SN SD test.
 Parm:Precip. Amt.    Month:           4  Year:        2005  Mlevel=   10.0000000      SDlevel=   50.7522392      Days:          69
 Failed SN SD test.
 Parm:Precip. Amt.    Month:           4  Year:        2005  Mlevel=   5.00000000      SDlevel=   50.9347496      Days:          69
 Failed SN SD test.
 Parm:Precip. Amt.    Month:           4  Year:        2005  Mlevel=   10.0000000      SDlevel=   52.1205177      Days:          69
*** ERROR *** Could not produce desired level of quality in
                    << Precip. Amt.    >> random deviates.
 FAILED K-S -- Parm:Time to Peak    Mon:           9  Year:        2005  N:         127
 FAILED K-S -- Parm:Time to Peak    Mon:           9  Year:        2005  N:         127
 FAILED K-S -- Parm:Time to Peak    Mon:           9  Year:        2005  N:         127
 FAILED K-S -- Parm:Time to Peak    Mon:           9  Year:        2005  N:         127
 FAILED K-S -- Parm:Time to Peak    Mon:           9  Year:        2005  N:         127
*** ERROR *** Could not produce desired level of quality in
                    << Time to Peak    >> random deviates.
 FAILED K-S -- Parm:Time to Peak    Mon:          12  Year:        2005  N:         105
 FAILED K-S -- Parm:Time to Peak    Mon:          12  Year:        2005  N:         105
 FAILED K-S -- Parm:Time to Peak    Mon:          12  Year:        2005  N:         105
 FAILED K-S -- Parm:Time to Peak    Mon:          12  Year:        2005  N:         105
 FAILED K-S -- Parm:Time to Peak    Mon:          12  Year:        2005  N:         105
*** ERROR *** Could not produce desired level of quality in
                    << Time to Peak    >> random deviates.
 FAILED K-S -- Parm:Time to Peak    Mon:           9  Year:        2006  N:         131
 FAILED K-S -- Parm:Time to Peak    Mon:           9  Year:        2006  N:         131
 FAILED K-S -- Parm:Time to Peak    Mon:           9  Year:        2006  N:         131
 FAILED K-S -- Parm:Time to Peak    Mon:           9  Year:        2006  N:         131
 FAILED K-S -- Parm:Time to Peak    Mon:           9  Year:        2006  N:         131
*** ERROR *** Could not produce desired level of quality in
                    << Time to Peak    >> random deviates.
 FAILED K-S -- Parm:Time to Peak    Mon:          12  Year:        2006  N:         106
 FAILED K-S -- Parm:Time to Peak    Mon:          12  Year:        2006  N:         106
 FAILED K-S -- Parm:Time to Peak    Mon:          12  Year:        2006  N:         106
 FAILED K-S -- Parm:Time to Peak    Mon:          12  Year:        2006  N:         106
 FAILED K-S -- Parm:Time to Peak    Mon:          12  Year:        2006  N:         106
*** ERROR *** Could not produce desired level of quality in
                    << Time to Peak    >> random deviates.
 FAILED K-S -- Parm:Time to Peak    Mon:          12  Year:        2007  N:         112
 FAILED K-S -- Parm:Time to Peak    Mon:          12  Year:        2007  N:         112
 FAILED K-S -- Parm:Time to Peak    Mon:          12  Year:        2007  N:         112
 FAILED K-S -- Parm:Time to Peak    Mon:          12  Year:        2007  N:         112
 FAILED K-S -- Parm:Time to Peak    Mon:          12  Year:        2007  N:         112
*** ERROR *** Could not produce desired level of quality in
                    << Time to Peak    >> random deviates.
 FAILED K-S -- Parm:Time to Peak    Mon:          12  Year:        2008  N:         117
 FAILED K-S -- Parm:Time to Peak    Mon:          12  Year:        2008  N:         117
 FAILED K-S -- Parm:Time to Peak    Mon:          12  Year:        2008  N:         117
 FAILED K-S -- Parm:Time to Peak    Mon:          12  Year:        2008  N:         117
 FAILED K-S -- Parm:Time to Peak    Mon:          12  Year:        2008  N:         117
*** ERROR *** Could not produce desired level of quality in
                    << Time to Peak    >> random deviates.
 FAILED K-S -- Parm:Time to Peak    Mon:           1  Year:        2009  N:         101
 FAILED K-S -- Parm:Time to Peak    Mon:           1  Year:        2009  N:         101
 FAILED K-S -- Parm:Time to Peak    Mon:           1  Year:        2009  N:         101
 FAILED K-S -- Parm:Time to Peak    Mon:           1  Year:        2009  N:         101
 FAILED K-S -- Parm:Time to Peak    Mon:           1  Year:        2009  N:         101
*** ERROR *** Could not produce desired level of quality in
                    << Time to Peak    >> random deviates.
 FAILED K-S -- Parm:Time to Peak    Mon:          12  Year:        2009  N:         117
 FAILED K-S -- Parm:Time to Peak    Mon:          12  Year:        2009  N:         117
 FAILED K-S -- Parm:Time to Peak    Mon:          12  Year:        2009  N:         117
 FAILED K-S -- Parm:Time to Peak    Mon:          12  Year:        2009  N:         117
 FAILED K-S -- Parm:Time to Peak    Mon:          12  Year:        2009  N:         117
*** ERROR *** Could not produce desired level of quality in
                    << Time to Peak    >> random deviates.
 FAILED K-S -- Parm:Time to Peak    Mon:           1  Year:        2010  N:         103
 FAILED K-S -- Parm:Time to Peak    Mon:           1  Year:        2010  N:         103
 FAILED K-S -- Parm:Time to Peak    Mon:           1  Year:        2010  N:         103
 FAILED K-S -- Parm:Time to Peak    Mon:           1  Year:        2010  N:         103
 FAILED K-S -- Parm:Time to Peak    Mon:           1  Year:        2010  N:         103
*** ERROR *** Could not produce desired level of quality in
                    << Time to Peak    >> random deviates.
 FAILED K-S -- Parm:Time to Peak    Mon:          12  Year:        2010  N:         121
 FAILED K-S -- Parm:Time to Peak    Mon:          12  Year:        2010  N:         121
 FAILED K-S -- Parm:Time to Peak    Mon:          12  Year:        2010  N:         121
 FAILED K-S -- Parm:Time to Peak    Mon:          12  Year:        2010  N:         121
 FAILED K-S -- Parm:Time to Peak    Mon:          12  Year:        2010  N:         121
*** ERROR *** Could not produce desired level of quality in
                    << Time to Peak    >> random deviates.
 FAILED K-S -- Parm:Time to Peak    Mon:           1  Year:        2011  N:         107
 FAILED K-S -- Parm:Time to Peak    Mon:           1  Year:        2011  N:         107
 FAILED K-S -- Parm:Time to Peak    Mon:           1  Year:        2011  N:         107
 FAILED K-S -- Parm:Time to Peak    Mon:           1  Year:        2011  N:         107
 FAILED K-S -- Parm:Time to Peak    Mon:           1  Year:        2011  N:         107
*** ERROR *** Could not produce desired level of quality in
                    << Time to Peak    >> random deviates.
 FAILED K-S -- Parm:Time to Peak    Mon:           1  Year:        2012  N:         110
 FAILED K-S -- Parm:Time to Peak    Mon:           1  Year:        2012  N:         110
 FAILED K-S -- Parm:Time to Peak    Mon:           1  Year:        2012  N:         110
 FAILED K-S -- Parm:Time to Peak    Mon:           1  Year:        2012  N:         110
 FAILED K-S -- Parm:Time to Peak    Mon:           1  Year:        2012  N:         110
*** ERROR *** Could not produce desired level of quality in
                    << Time to Peak    >> random deviates.
 FAILED K-S -- Parm:Time to Peak    Mon:           1  Year:        2013  N:         112
At line 3013 of file cligen53.f (unit = 9, file = '0500000US48135.prn')
Fortran runtime error: Sequential READ or WRITE not allowed after EOF marker, possibly use REWIND or BACKSPACE
 FAILED K-S -- Parm:Time to Peak    Mon:           1  Year:        2013  N:         112
 FAILED K-S -- Parm:Time to Peak    Mon:           1  Year:        2013  N:         112
 FAILED K-S -- Parm:Time to Peak    Mon:           1  Year:        2013  N:         112
 FAILED K-S -- Parm:Time to Peak    Mon:           1  Year:        2013  N:         112
*** ERROR *** Could not produce desired level of quality in
                    << Time to Peak    >> random deviates.
 FAILED K-S -- Parm:Time to Peak    Mon:           1  Year:        2014  N:         117
 FAILED K-S -- Parm:Time to Peak    Mon:           1  Year:        2014  N:         117
 FAILED K-S -- Parm:Time to Peak    Mon:           1  Year:        2014  N:         117
 FAILED K-S -- Parm:Time to Peak    Mon:           1  Year:        2014  N:         117
 FAILED K-S -- Parm:Time to Peak    Mon:           1  Year:        2014  N:         117
*** ERROR *** Could not produce desired level of quality in
                    << Time to Peak    >> random deviates.
 FAILED K-S -- Parm:Time to Peak    Mon:           1  Year:        2015  N:         118
 FAILED K-S -- Parm:Time to Peak    Mon:           1  Year:        2015  N:         118
 FAILED K-S -- Parm:Time to Peak    Mon:           1  Year:        2015  N:         118
 FAILED K-S -- Parm:Time to Peak    Mon:           1  Year:        2015  N:         118
 FAILED K-S -- Parm:Time to Peak    Mon:           1  Year:        2015  N:         118
*** ERROR *** Could not produce desired level of quality in
                    << Time to Peak    >> random deviates.
 FAILED K-S -- Parm:Time to Peak    Mon:           1  Year:        2016  N:         124
 FAILED K-S -- Parm:Time to Peak    Mon:           1  Year:        2016  N:         124
 FAILED K-S -- Parm:Time to Peak    Mon:           1  Year:        2016  N:         124
 FAILED K-S -- Parm:Time to Peak    Mon:           1  Year:        2016  N:         124
 FAILED K-S -- Parm:Time to Peak    Mon:           1  Year:        2016  N:         124
*** ERROR *** Could not produce desired level of quality in
                    << Time to Peak    >> random deviates.
 FAILED K-S -- Parm:Time to Peak    Mon:           1  Year:        2017  N:         127
 FAILED K-S -- Parm:Time to Peak    Mon:           1  Year:        2017  N:         127
 FAILED K-S -- Parm:Time to Peak    Mon:           1  Year:        2017  N:         127
 FAILED K-S -- Parm:Time to Peak    Mon:           1  Year:        2017  N:         127
 FAILED K-S -- Parm:Time to Peak    Mon:           1  Year:        2017  N:         127
*** ERROR *** Could not produce desired level of quality in
                    << Time to Peak    >> random deviates.
