

  ********************************************************************
  *                                                                  *
  *              USDA - WATER EROSION PREDICTION PROJECT             *
  *                 WEPP CLIMATE INPUT DATA GENERATOR                *
  *                                                                  *
  *                    CONTINUOUS SIMULATION AND                     *
  *                       SINGLE STORM OPTIONS                       *
  *                    with Command Line Options,                    *
  *                        and Corrections to                        *
  *                  Rainfall Intensity Calculations                 *
  *                   and Random Number Generation.                  *
  *                                                                  *
  *                          VERSION 5.30000                         *
  *                     Revised from VERSION 4.2                     *
  *                           October 2004                           *
  *                                                                  *
  *           (Use -h or /h to list command line options.)           *
  *                                                                  *
  ********************************************************************


 in123527.par                                                                                                                                                                                                                                                    
 0500000US18145.prn                                                                                                                                                                                                                                              
 Tdew -10 rangecheck executed.
 Tdew -10 rangecheck executed.
 Tdew -10 rangecheck executed.
 Tdew -10 rangecheck executed.
 FAILED K-S -- Parm:Precip. Amt.    Mon:           9  Year:        1993  N:         102
 FAILED K-S -- Parm:Precip. Amt.    Mon:           9  Year:        1993  N:         102
 FAILED K-S -- Parm:Precip. Amt.    Mon:           9  Year:        1993  N:         102
 FAILED K-S -- Parm:Precip. Amt.    Mon:           9  Year:        1993  N:         102
 FAILED K-S -- Parm:Precip. Amt.    Mon:           9  Year:        1993  N:         102
*** ERROR *** Could not produce desired level of quality in
                    << Precip. Amt.    >> random deviates.
 Tdew -10 rangecheck executed.
 Tdew -10 rangecheck executed.
 FAILED K-S -- Parm:Precip. Amt.    Mon:           9  Year:        1994  N:         110
 FAILED K-S -- Parm:Precip. Amt.    Mon:           9  Year:        1994  N:         110
 FAILED K-S -- Parm:Precip. Amt.    Mon:           9  Year:        1994  N:         110
 FAILED K-S -- Parm:Precip. Amt.    Mon:           9  Year:        1994  N:         110
 FAILED K-S -- Parm:Precip. Amt.    Mon:           9  Year:        1994  N:         110
*** ERROR *** Could not produce desired level of quality in
                    << Precip. Amt.    >> random deviates.
 Failed SN SD test.
 Parm:Temp. Dew Pt.   Month:           9  Year:        1994  Mlevel=   10.0000000      SDlevel=   52.6736374      Days:         450
 FAILED K-S -- Parm:Precip. Amt.    Mon:           9  Year:        1995  N:         113
 FAILED K-S -- Parm:Precip. Amt.    Mon:           9  Year:        1995  N:         113
 FAILED K-S -- Parm:Precip. Amt.    Mon:           9  Year:        1995  N:         113
 FAILED K-S -- Parm:Precip. Amt.    Mon:           9  Year:        1995  N:         113
 FAILED K-S -- Parm:Precip. Amt.    Mon:           9  Year:        1995  N:         113
*** ERROR *** Could not produce desired level of quality in
                    << Precip. Amt.    >> random deviates.
 Tdew -10 rangecheck executed.
 Tdew -10 rangecheck executed.
 FAILED K-S -- Parm:Precip. Amt.    Mon:           9  Year:        1996  N:         121
 FAILED K-S -- Parm:Precip. Amt.    Mon:           9  Year:        1996  N:         121
 FAILED K-S -- Parm:Precip. Amt.    Mon:           9  Year:        1996  N:         121
 FAILED K-S -- Parm:Precip. Amt.    Mon:           9  Year:        1996  N:         121
 FAILED K-S -- Parm:Precip. Amt.    Mon:           9  Year:        1996  N:         121
*** ERROR *** Could not produce desired level of quality in
                    << Precip. Amt.    >> random deviates.
 Tdew -10 rangecheck executed.
 FAILED K-S -- Parm:Precip. Amt.    Mon:           9  Year:        1997  N:         129
 FAILED K-S -- Parm:Precip. Amt.    Mon:           9  Year:        1997  N:         129
 FAILED K-S -- Parm:Precip. Amt.    Mon:           9  Year:        1997  N:         129
 FAILED K-S -- Parm:Precip. Amt.    Mon:           9  Year:        1997  N:         129
 FAILED K-S -- Parm:Precip. Amt.    Mon:           9  Year:        1997  N:         129
*** ERROR *** Could not produce desired level of quality in
                    << Precip. Amt.    >> random deviates.
 FAILED K-S -- Parm:Precip. Amt.    Mon:           9  Year:        1998  N:         132
 FAILED K-S -- Parm:Precip. Amt.    Mon:           9  Year:        1998  N:         132
 FAILED K-S -- Parm:Precip. Amt.    Mon:           9  Year:        1998  N:         132
 FAILED K-S -- Parm:Precip. Amt.    Mon:           9  Year:        1998  N:         132
 FAILED K-S -- Parm:Precip. Amt.    Mon:           9  Year:        1998  N:         132
*** ERROR *** Could not produce desired level of quality in
                    << Precip. Amt.    >> random deviates.
 FAILED K-S -- Parm:Precip. Amt.    Mon:           9  Year:        1999  N:         142
 FAILED K-S -- Parm:Precip. Amt.    Mon:           9  Year:        1999  N:         142
 FAILED K-S -- Parm:Precip. Amt.    Mon:           9  Year:        1999  N:         142
 FAILED K-S -- Parm:Precip. Amt.    Mon:           9  Year:        1999  N:         142
 FAILED K-S -- Parm:Precip. Amt.    Mon:           9  Year:        1999  N:         142
*** ERROR *** Could not produce desired level of quality in
                    << Precip. Amt.    >> random deviates.
 FAILED K-S -- Parm:Precip. Amt.    Mon:           9  Year:        2000  N:         153
 FAILED K-S -- Parm:Precip. Amt.    Mon:           9  Year:        2000  N:         153
 FAILED K-S -- Parm:Precip. Amt.    Mon:           9  Year:        2000  N:         153
 FAILED K-S -- Parm:Precip. Amt.    Mon:           9  Year:        2000  N:         153
 FAILED K-S -- Parm:Precip. Amt.    Mon:           9  Year:        2000  N:         153
*** ERROR *** Could not produce desired level of quality in
                    << Precip. Amt.    >> random deviates.
 FAILED K-S -- Parm:Precip. Amt.    Mon:           9  Year:        2001  N:         160
 FAILED K-S -- Parm:Precip. Amt.    Mon:           9  Year:        2001  N:         160
 FAILED K-S -- Parm:Precip. Amt.    Mon:           9  Year:        2001  N:         160
 FAILED K-S -- Parm:Precip. Amt.    Mon:           9  Year:        2001  N:         160
 FAILED K-S -- Parm:Precip. Amt.    Mon:           9  Year:        2001  N:         160
*** ERROR *** Could not produce desired level of quality in
                    << Precip. Amt.    >> random deviates.
 FAILED K-S -- Parm:Precip. Amt.    Mon:           9  Year:        2002  N:         171
 FAILED K-S -- Parm:Precip. Amt.    Mon:           9  Year:        2002  N:         171
 FAILED K-S -- Parm:Precip. Amt.    Mon:           9  Year:        2002  N:         171
 FAILED K-S -- Parm:Precip. Amt.    Mon:           9  Year:        2002  N:         171
 FAILED K-S -- Parm:Precip. Amt.    Mon:           9  Year:        2002  N:         171
*** ERROR *** Could not produce desired level of quality in
                    << Precip. Amt.    >> random deviates.
 FAILED K-S -- Parm:Precip. Amt.    Mon:           9  Year:        2003  N:         178
 FAILED K-S -- Parm:Precip. Amt.    Mon:           9  Year:        2003  N:         178
 FAILED K-S -- Parm:Precip. Amt.    Mon:           9  Year:        2003  N:         178
 FAILED K-S -- Parm:Precip. Amt.    Mon:           9  Year:        2003  N:         178
At line 3013 of file cligen53.f (unit = 9, file = '0500000US18145.prn')
Fortran runtime error: Sequential READ or WRITE not allowed after EOF marker, possibly use REWIND or BACKSPACE
 FAILED K-S -- Parm:Precip. Amt.    Mon:           9  Year:        2003  N:         178
*** ERROR *** Could not produce desired level of quality in
                    << Precip. Amt.    >> random deviates.
 FAILED K-S -- Parm:Precip. Amt.    Mon:           9  Year:        2004  N:         184
 FAILED K-S -- Parm:Precip. Amt.    Mon:           9  Year:        2004  N:         184
 FAILED K-S -- Parm:Precip. Amt.    Mon:           9  Year:        2004  N:         184
 FAILED K-S -- Parm:Precip. Amt.    Mon:           9  Year:        2004  N:         184
 FAILED K-S -- Parm:Precip. Amt.    Mon:           9  Year:        2004  N:         184
*** ERROR *** Could not produce desired level of quality in
                    << Precip. Amt.    >> random deviates.
 FAILED K-S -- Parm:Precip. Amt.    Mon:           9  Year:        2005  N:         189
 FAILED K-S -- Parm:Precip. Amt.    Mon:           9  Year:        2005  N:         189
 FAILED K-S -- Parm:Precip. Amt.    Mon:           9  Year:        2005  N:         189
 FAILED K-S -- Parm:Precip. Amt.    Mon:           9  Year:        2005  N:         189
 FAILED K-S -- Parm:Precip. Amt.    Mon:           9  Year:        2005  N:         189
*** ERROR *** Could not produce desired level of quality in
                    << Precip. Amt.    >> random deviates.
 FAILED K-S -- Parm:Precip. Amt.    Mon:           9  Year:        2006  N:         195
 FAILED K-S -- Parm:Precip. Amt.    Mon:           9  Year:        2006  N:         195
 FAILED K-S -- Parm:Precip. Amt.    Mon:           9  Year:        2006  N:         195
 FAILED K-S -- Parm:Precip. Amt.    Mon:           9  Year:        2006  N:         195
 FAILED K-S -- Parm:Precip. Amt.    Mon:           9  Year:        2006  N:         195
*** ERROR *** Could not produce desired level of quality in
                    << Precip. Amt.    >> random deviates.
