

  ********************************************************************
  *                                                                  *
  *              USDA - WATER EROSION PREDICTION PROJECT             *
  *                 WEPP CLIMATE INPUT DATA GENERATOR                *
  *                                                                  *
  *                    CONTINUOUS SIMULATION AND                     *
  *                       SINGLE STORM OPTIONS                       *
  *                    with Command Line Options,                    *
  *                        and Corrections to                        *
  *                  Rainfall Intensity Calculations                 *
  *                   and Random Number Generation.                  *
  *                                                                  *
  *                          VERSION 5.30000                         *
  *                     Revised from VERSION 4.2                     *
  *                           October 2004                           *
  *                                                                  *
  *           (Use -h or /h to list command line options.)           *
  *                                                                  *
  ********************************************************************


 ut425186.par                                                                                                                                                                                                                                                    
 0500000US49005.prn                                                                                                                                                                                                                                              
 Tdew -10 rangecheck executed.
 Tdew -10 rangecheck executed.
 Tdew -10 rangecheck executed.
 Tdew -10 rangecheck executed.
 Tdew -10 rangecheck executed.
 Tdew -10 rangecheck executed.
 Tdew -10 rangecheck executed.
 Tdew -10 rangecheck executed.
 Tdew -10 rangecheck executed.
 Tdew -10 rangecheck executed.
 Tdew -10 rangecheck executed.
 Tdew -10 rangecheck executed.
 Tdew -10 rangecheck executed.
 Tdew -10 rangecheck executed.
 Tdew -10 rangecheck executed.
 Tdew -10 rangecheck executed.
 Tdew -10 rangecheck executed.
 Tdew -10 rangecheck executed.
 Tdew -10 rangecheck executed.
 Tdew -10 rangecheck executed.
 Tdew -10 rangecheck executed.
 Tdew -10 rangecheck executed.
 Tdew -10 rangecheck executed.
 Tdew -10 rangecheck executed.
 Tdew -10 rangecheck executed.
 Tdew -10 rangecheck executed.
 Tdew -10 rangecheck executed.
 Tdew -10 rangecheck executed.
 Tdew -10 rangecheck executed.
 Tdew -10 rangecheck executed.
 Tdew -10 rangecheck executed.
 Tdew -10 rangecheck executed.
 Tdew -10 rangecheck executed.
 Tdew -10 rangecheck executed.
 Tdew -10 rangecheck executed.
 Failed SN SD test.
 Parm:Precip. Amt.    Month:           9  Year:        1991  Mlevel=   50.0000000      SDlevel=   55.7256927      Days:          55
 Failed SN SD test.
 Parm:Precip. Amt.    Month:           9  Year:        1991  Mlevel=   50.0000000      SDlevel=   52.4625053      Days:          55
 Failed SN SD test.
 Parm:Precip. Amt.    Month:           9  Year:        1991  Mlevel=   50.0000000      SDlevel=   52.4111252      Days:          55
 Failed SN SD test.
 Parm:Precip. Amt.    Month:           9  Year:        1991  Mlevel=   50.0000000      SDlevel=   55.6345444      Days:          55
 Failed SN SD test.
 Parm:Precip. Amt.    Month:           9  Year:        1991  Mlevel=   40.0000000      SDlevel=   55.7099953      Days:          55
*** ERROR *** Could not produce desired level of quality in
                    << Precip. Amt.    >> random deviates.
 FAILED K-S -- Parm:Time to Peak    Mon:          10  Year:        1991  N:         102
 FAILED K-S -- Parm:Time to Peak    Mon:          10  Year:        1991  N:         102
 FAILED K-S -- Parm:Time to Peak    Mon:          10  Year:        1991  N:         102
 FAILED K-S -- Parm:Time to Peak    Mon:          10  Year:        1991  N:         102
 FAILED K-S -- Parm:Time to Peak    Mon:          10  Year:        1991  N:         102
*** ERROR *** Could not produce desired level of quality in
                    << Time to Peak    >> random deviates.
 FAILED K-S -- Parm:Time to Peak    Mon:          10  Year:        1992  N:         113
 FAILED K-S -- Parm:Time to Peak    Mon:          10  Year:        1992  N:         113
 FAILED K-S -- Parm:Time to Peak    Mon:          10  Year:        1992  N:         113
 FAILED K-S -- Parm:Time to Peak    Mon:          10  Year:        1992  N:         113
 FAILED K-S -- Parm:Time to Peak    Mon:          10  Year:        1992  N:         113
*** ERROR *** Could not produce desired level of quality in
                    << Time to Peak    >> random deviates.
 Tdew -10 rangecheck executed.
 FAILED K-S -- Parm:Time to Peak    Mon:          10  Year:        1993  N:         128
 FAILED K-S -- Parm:Time to Peak    Mon:          10  Year:        1993  N:         128
 FAILED K-S -- Parm:Time to Peak    Mon:          10  Year:        1993  N:         128
 FAILED K-S -- Parm:Time to Peak    Mon:          10  Year:        1993  N:         128
 FAILED K-S -- Parm:Time to Peak    Mon:          10  Year:        1993  N:         128
*** ERROR *** Could not produce desired level of quality in
                    << Time to Peak    >> random deviates.
 Tdew -10 rangecheck executed.
 Tdew -10 rangecheck executed.
 Tdew -10 rangecheck executed.
 FAILED K-S -- Parm:Time to Peak    Mon:          10  Year:        1994  N:         137
 FAILED K-S -- Parm:Time to Peak    Mon:          10  Year:        1994  N:         137
 FAILED K-S -- Parm:Time to Peak    Mon:          10  Year:        1994  N:         137
 FAILED K-S -- Parm:Time to Peak    Mon:          10  Year:        1994  N:         137
 FAILED K-S -- Parm:Time to Peak    Mon:          10  Year:        1994  N:         137
*** ERROR *** Could not produce desired level of quality in
                    << Time to Peak    >> random deviates.
 Tdew -10 rangecheck executed.
 Tdew -10 rangecheck executed.
 Tdew -10 rangecheck executed.
 FAILED K-S -- Parm:Time to Peak    Mon:           9  Year:        2000  N:         102
 FAILED K-S -- Parm:Time to Peak    Mon:           9  Year:        2000  N:         102
 FAILED K-S -- Parm:Time to Peak    Mon:           9  Year:        2000  N:         102
 FAILED K-S -- Parm:Time to Peak    Mon:           9  Year:        2000  N:         102
 FAILED K-S -- Parm:Time to Peak    Mon:           9  Year:        2000  N:         102
*** ERROR *** Could not produce desired level of quality in
                    << Time to Peak    >> random deviates.
 FAILED K-S -- Parm:Time to Peak    Mon:           9  Year:        2001  N:         108
 FAILED K-S -- Parm:Time to Peak    Mon:           9  Year:        2001  N:         108
 FAILED K-S -- Parm:Time to Peak    Mon:           9  Year:        2001  N:         108
 FAILED K-S -- Parm:Time to Peak    Mon:           9  Year:        2001  N:         108
 FAILED K-S -- Parm:Time to Peak    Mon:           9  Year:        2001  N:         108
*** ERROR *** Could not produce desired level of quality in
                    << Time to Peak    >> random deviates.
 FAILED K-S -- Parm:Precip. Amt.    Mon:           7  Year:        2002  N:         103
 FAILED K-S -- Parm:Precip. Amt.    Mon:           7  Year:        2002  N:         103
 FAILED K-S -- Parm:Precip. Amt.    Mon:           7  Year:        2002  N:         103
 FAILED K-S -- Parm:Precip. Amt.    Mon:           7  Year:        2002  N:         103
 FAILED K-S -- Parm:Precip. Amt.    Mon:           7  Year:        2002  N:         103
*** ERROR *** Could not produce desired level of quality in
                    << Precip. Amt.    >> random deviates.
 FAILED K-S -- Parm:Wind Dir.       Mon:           7  Year:        2002  N:         713
 FAILED K-S -- Parm:Time to Peak    Mon:           7  Year:        2002  N:         103
 FAILED K-S -- Parm:Time to Peak    Mon:           9  Year:        2002  N:         113
 FAILED K-S -- Parm:Time to Peak    Mon:           9  Year:        2002  N:         113
 FAILED K-S -- Parm:Time to Peak    Mon:           9  Year:        2002  N:         113
 FAILED K-S -- Parm:Time to Peak    Mon:           9  Year:        2002  N:         113
 FAILED K-S -- Parm:Time to Peak    Mon:           9  Year:        2002  N:         113
*** ERROR *** Could not produce desired level of quality in
                    << Time to Peak    >> random deviates.
 FAILED K-S -- Parm:Time to Peak    Mon:           9  Year:        2003  N:         117
 FAILED K-S -- Parm:Time to Peak    Mon:           9  Year:        2003  N:         117
 FAILED K-S -- Parm:Time to Peak    Mon:           9  Year:        2003  N:         117
 FAILED K-S -- Parm:Time to Peak    Mon:           9  Year:        2003  N:         117
 FAILED K-S -- Parm:Time to Peak    Mon:           9  Year:        2003  N:         117
*** ERROR *** Could not produce desired level of quality in
                    << Time to Peak    >> random deviates.
 FAILED K-S -- Parm:Time to Peak    Mon:           9  Year:        2004  N:         123
 FAILED K-S -- Parm:Time to Peak    Mon:           9  Year:        2004  N:         123
 FAILED K-S -- Parm:Time to Peak    Mon:           9  Year:        2004  N:         123
 FAILED K-S -- Parm:Time to Peak    Mon:           9  Year:        2004  N:         123
 FAILED K-S -- Parm:Time to Peak    Mon:           9  Year:        2004  N:         123
*** ERROR *** Could not produce desired level of quality in
                    << Time to Peak    >> random deviates.
 FAILED K-S -- Parm:Time to Peak    Mon:           9  Year:        2005  N:         125
 FAILED K-S -- Parm:Time to Peak    Mon:           9  Year:        2005  N:         125
 FAILED K-S -- Parm:Time to Peak    Mon:           9  Year:        2005  N:         125
 FAILED K-S -- Parm:Time to Peak    Mon:           9  Year:        2005  N:         125
 FAILED K-S -- Parm:Time to Peak    Mon:           9  Year:        2005  N:         125
*** ERROR *** Could not produce desired level of quality in
                    << Time to Peak    >> random deviates.
 FAILED K-S -- Parm:Time to Peak    Mon:           9  Year:        2006  N:         129
 FAILED K-S -- Parm:Time to Peak    Mon:           9  Year:        2006  N:         129
 FAILED K-S -- Parm:Time to Peak    Mon:           9  Year:        2006  N:         129
 FAILED K-S -- Parm:Time to Peak    Mon:           9  Year:        2006  N:         129
 FAILED K-S -- Parm:Time to Peak    Mon:           9  Year:        2006  N:         129
*** ERROR *** Could not produce desired level of quality in
                    << Time to Peak    >> random deviates.
 FAILED K-S -- Parm:Time to Peak    Mon:           9  Year:        2007  N:         140
 FAILED K-S -- Parm:Time to Peak    Mon:           9  Year:        2007  N:         140
 FAILED K-S -- Parm:Time to Peak    Mon:           9  Year:        2007  N:         140
 FAILED K-S -- Parm:Time to Peak    Mon:           9  Year:        2007  N:         140
 FAILED K-S -- Parm:Time to Peak    Mon:           9  Year:        2007  N:         140
*** ERROR *** Could not produce desired level of quality in
                    << Time to Peak    >> random deviates.
 FAILED K-S -- Parm:Time to Peak    Mon:           9  Year:        2008  N:         144
 FAILED K-S -- Parm:Time to Peak    Mon:           9  Year:        2008  N:         144
 FAILED K-S -- Parm:Time to Peak    Mon:           9  Year:        2008  N:         144
 FAILED K-S -- Parm:Time to Peak    Mon:           9  Year:        2008  N:         144
 FAILED K-S -- Parm:Time to Peak    Mon:           9  Year:        2008  N:         144
*** ERROR *** Could not produce desired level of quality in
                    << Time to Peak    >> random deviates.
 FAILED K-S -- Parm:Time to Peak    Mon:           9  Year:        2009  N:         146
 FAILED K-S -- Parm:Time to Peak    Mon:           9  Year:        2009  N:         146
 FAILED K-S -- Parm:Time to Peak    Mon:           9  Year:        2009  N:         146
 FAILED K-S -- Parm:Time to Peak    Mon:           9  Year:        2009  N:         146
At line 3013 of file cligen53.f (unit = 9, file = '0500000US49005.prn')
Fortran runtime error: Sequential READ or WRITE not allowed after EOF marker, possibly use REWIND or BACKSPACE
 FAILED K-S -- Parm:Time to Peak    Mon:           9  Year:        2009  N:         146
*** ERROR *** Could not produce desired level of quality in
                    << Time to Peak    >> random deviates.
 Tdew -10 rangecheck executed.
 Tdew -10 rangecheck executed.
