

  ********************************************************************
  *                                                                  *
  *              USDA - WATER EROSION PREDICTION PROJECT             *
  *                 WEPP CLIMATE INPUT DATA GENERATOR                *
  *                                                                  *
  *                    CONTINUOUS SIMULATION AND                     *
  *                       SINGLE STORM OPTIONS                       *
  *                    with Command Line Options,                    *
  *                        and Corrections to                        *
  *                  Rainfall Intensity Calculations                 *
  *                   and Random Number Generation.                  *
  *                                                                  *
  *                          VERSION 5.30000                         *
  *                     Revised from VERSION 4.2                     *
  *                           October 2004                           *
  *                                                                  *
  *           (Use -h or /h to list command line options.)           *
  *                                                                  *
  ********************************************************************


 tx416785.par                                                                                                                                                                                                                                                    
 0500000US48065.prn                                                                                                                                                                                                                                              
 Tdew -10 rangecheck executed.
 Failed SN SD test.
 Parm:Precip. Amt.    Month:          12  Year:        1981  Mlevel=   10.0000000      SDlevel=   51.6832771      Days:          11
 Failed SN SD test.
 Parm:Precip. Amt.    Month:          12  Year:        1981  Mlevel=   10.0000000      SDlevel=   52.0641632      Days:          11
 Failed SN SD test.
 Parm:Precip. Amt.    Month:          12  Year:        1981  Mlevel=   10.0000000      SDlevel=   51.2442169      Days:          11
 Failed SN SD test.
 Parm:Precip. Amt.    Month:          12  Year:        1981  Mlevel=   10.0000000      SDlevel=   51.9083633      Days:          11
 Failed SN SD test.
 Parm:Precip. Amt.    Month:          12  Year:        1981  Mlevel=   10.0000000      SDlevel=   52.0498390      Days:          11
*** ERROR *** Could not produce desired level of quality in
                    << Precip. Amt.    >> random deviates.
 Tdew -10 rangecheck executed.
 Failed SN SD test.
 Parm:Precip. Amt.    Month:          12  Year:        1987  Mlevel=   10.0000000      SDlevel=   51.3818130      Days:          28
 Failed SN SD test.
 Parm:Precip. Amt.    Month:          12  Year:        1987  Mlevel=   20.0000000      SDlevel=   50.3881454      Days:          28
 Failed SN SD test.
 Parm:Precip. Amt.    Month:          12  Year:        1987  Mlevel=   10.0000000      SDlevel=   50.4377594      Days:          28
 Failed SN SD test.
 Parm:Precip. Amt.    Month:          12  Year:        1987  Mlevel=   20.0000000      SDlevel=   50.5803833      Days:          28
 Failed SN SD test.
 Parm:Precip. Amt.    Month:          12  Year:        1987  Mlevel=   10.0000000      SDlevel=   50.6335602      Days:          28
*** ERROR *** Could not produce desired level of quality in
                    << Precip. Amt.    >> random deviates.
 Failed SN SD test.
 Parm:Temp. Dew Pt.   Month:          12  Year:        1987  Mlevel=   5.00000000      SDlevel=   52.2766571      Days:         248
 Tdew -10 rangecheck executed.
 Tdew -10 rangecheck executed.
 Tdew -10 rangecheck executed.
 Tdew -10 rangecheck executed.
 FAILED K-S -- Parm:Time to Peak    Mon:           2  Year:        2004  N:         100
 FAILED K-S -- Parm:Time to Peak    Mon:           2  Year:        2004  N:         100
 FAILED K-S -- Parm:Time to Peak    Mon:           2  Year:        2004  N:         100
 FAILED K-S -- Parm:Time to Peak    Mon:           2  Year:        2004  N:         100
 FAILED K-S -- Parm:Time to Peak    Mon:           2  Year:        2004  N:         100
*** ERROR *** Could not produce desired level of quality in
                    << Time to Peak    >> random deviates.
 FAILED K-S -- Parm:Time to Peak    Mon:           2  Year:        2005  N:         104
 FAILED K-S -- Parm:Time to Peak    Mon:           2  Year:        2005  N:         104
 FAILED K-S -- Parm:Time to Peak    Mon:           2  Year:        2005  N:         104
 FAILED K-S -- Parm:Time to Peak    Mon:           2  Year:        2005  N:         104
 FAILED K-S -- Parm:Time to Peak    Mon:           2  Year:        2005  N:         104
*** ERROR *** Could not produce desired level of quality in
                    << Time to Peak    >> random deviates.
 FAILED K-S -- Parm:Time to Peak    Mon:           2  Year:        2006  N:         107
 FAILED K-S -- Parm:Time to Peak    Mon:           2  Year:        2006  N:         107
 FAILED K-S -- Parm:Time to Peak    Mon:           2  Year:        2006  N:         107
 FAILED K-S -- Parm:Time to Peak    Mon:           2  Year:        2006  N:         107
 FAILED K-S -- Parm:Time to Peak    Mon:           2  Year:        2006  N:         107
*** ERROR *** Could not produce desired level of quality in
                    << Time to Peak    >> random deviates.
 FAILED K-S -- Parm:Time to Peak    Mon:           2  Year:        2007  N:         111
 FAILED K-S -- Parm:Time to Peak    Mon:           2  Year:        2007  N:         111
 FAILED K-S -- Parm:Time to Peak    Mon:           2  Year:        2007  N:         111
 FAILED K-S -- Parm:Time to Peak    Mon:           2  Year:        2007  N:         111
 FAILED K-S -- Parm:Time to Peak    Mon:           2  Year:        2007  N:         111
*** ERROR *** Could not produce desired level of quality in
                    << Time to Peak    >> random deviates.
 Tdew -10 rangecheck executed.
 FAILED K-S -- Parm:Time to Peak    Mon:           2  Year:        2008  N:         115
 FAILED K-S -- Parm:Time to Peak    Mon:           2  Year:        2008  N:         115
 FAILED K-S -- Parm:Time to Peak    Mon:           2  Year:        2008  N:         115
 FAILED K-S -- Parm:Time to Peak    Mon:           2  Year:        2008  N:         115
 FAILED K-S -- Parm:Time to Peak    Mon:           2  Year:        2008  N:         115
*** ERROR *** Could not produce desired level of quality in
                    << Time to Peak    >> random deviates.
 Tdew -10 rangecheck executed.
 FAILED K-S -- Parm:Time to Peak    Mon:           1  Year:        2013  N:         101
 FAILED K-S -- Parm:Time to Peak    Mon:           1  Year:        2013  N:         101
 FAILED K-S -- Parm:Time to Peak    Mon:           1  Year:        2013  N:         101
 FAILED K-S -- Parm:Time to Peak    Mon:           1  Year:        2013  N:         101
 FAILED K-S -- Parm:Time to Peak    Mon:           1  Year:        2013  N:         101
*** ERROR *** Could not produce desired level of quality in
                    << Time to Peak    >> random deviates.
 FAILED K-S -- Parm:Time to Peak    Mon:           1  Year:        2014  N:         105
 FAILED K-S -- Parm:Time to Peak    Mon:           1  Year:        2014  N:         105
 FAILED K-S -- Parm:Time to Peak    Mon:           1  Year:        2014  N:         105
 FAILED K-S -- Parm:Time to Peak    Mon:           1  Year:        2014  N:         105
 FAILED K-S -- Parm:Time to Peak    Mon:           1  Year:        2014  N:         105
*** ERROR *** Could not produce desired level of quality in
                    << Time to Peak    >> random deviates.
 FAILED K-S -- Parm:Time to Peak    Mon:           1  Year:        2015  N:         106
 FAILED K-S -- Parm:Time to Peak    Mon:           1  Year:        2015  N:         106
 FAILED K-S -- Parm:Time to Peak    Mon:           1  Year:        2015  N:         106
 FAILED K-S -- Parm:Time to Peak    Mon:           1  Year:        2015  N:         106
At line 3013 of file cligen53.f (unit = 9, file = '0500000US48065.prn')
Fortran runtime error: Sequential READ or WRITE not allowed after EOF marker, possibly use REWIND or BACKSPACE
 FAILED K-S -- Parm:Time to Peak    Mon:           1  Year:        2015  N:         106
*** ERROR *** Could not produce desired level of quality in
                    << Time to Peak    >> random deviates.
 FAILED K-S -- Parm:Time to Peak    Mon:           1  Year:        2016  N:         111
 FAILED K-S -- Parm:Time to Peak    Mon:           1  Year:        2016  N:         111
 FAILED K-S -- Parm:Time to Peak    Mon:           1  Year:        2016  N:         111
 FAILED K-S -- Parm:Time to Peak    Mon:           1  Year:        2016  N:         111
 FAILED K-S -- Parm:Time to Peak    Mon:           1  Year:        2016  N:         111
*** ERROR *** Could not produce desired level of quality in
                    << Time to Peak    >> random deviates.
 FAILED K-S -- Parm:Time to Peak    Mon:           1  Year:        2017  N:         114
 FAILED K-S -- Parm:Time to Peak    Mon:           1  Year:        2017  N:         114
 FAILED K-S -- Parm:Time to Peak    Mon:           1  Year:        2017  N:         114
 FAILED K-S -- Parm:Time to Peak    Mon:           1  Year:        2017  N:         114
 FAILED K-S -- Parm:Time to Peak    Mon:           1  Year:        2017  N:         114
*** ERROR *** Could not produce desired level of quality in
                    << Time to Peak    >> random deviates.
