

  ********************************************************************
  *                                                                  *
  *              USDA - WATER EROSION PREDICTION PROJECT             *
  *                 WEPP CLIMATE INPUT DATA GENERATOR                *
  *                                                                  *
  *                    CONTINUOUS SIMULATION AND                     *
  *                       SINGLE STORM OPTIONS                       *
  *                    with Command Line Options,                    *
  *                        and Corrections to                        *
  *                  Rainfall Intensity Calculations                 *
  *                   and Random Number Generation.                  *
  *                                                                  *
  *                          VERSION 5.30000                         *
  *                     Revised from VERSION 4.2                     *
  *                           October 2004                           *
  *                                                                  *
  *           (Use -h or /h to list command line options.)           *
  *                                                                  *
  ********************************************************************


 il116011.par                                                                                                                                                                                                                                                    
 0500000US17189.prn                                                                                                                                                                                                                                              
 Tdew -10 rangecheck executed.
 Tdew -10 rangecheck executed.
 Tdew -10 rangecheck executed.
 Tdew -10 rangecheck executed.
 Tdew -10 rangecheck executed.
 Tdew -10 rangecheck executed.
 Tdew -10 rangecheck executed.
 Tdew -10 rangecheck executed.
 Tdew -10 rangecheck executed.
 Tdew -10 rangecheck executed.
 Tdew -10 rangecheck executed.
 FAILED K-S -- Parm:Time to Peak    Mon:           7  Year:        1994  N:         109
 FAILED K-S -- Parm:Time to Peak    Mon:           7  Year:        1994  N:         109
 FAILED K-S -- Parm:Time to Peak    Mon:           7  Year:        1994  N:         109
 FAILED K-S -- Parm:Time to Peak    Mon:           7  Year:        1994  N:         109
 FAILED K-S -- Parm:Time to Peak    Mon:           7  Year:        1994  N:         109
*** ERROR *** Could not produce desired level of quality in
                    << Time to Peak    >> random deviates.
 FAILED K-S -- Parm:Time to Peak    Mon:           7  Year:        1995  N:         115
 FAILED K-S -- Parm:Time to Peak    Mon:           7  Year:        1995  N:         115
 FAILED K-S -- Parm:Time to Peak    Mon:           7  Year:        1995  N:         115
 FAILED K-S -- Parm:Time to Peak    Mon:           7  Year:        1995  N:         115
 FAILED K-S -- Parm:Time to Peak    Mon:           7  Year:        1995  N:         115
*** ERROR *** Could not produce desired level of quality in
                    << Time to Peak    >> random deviates.
 Tdew -10 rangecheck executed.
 FAILED K-S -- Parm:Time to Peak    Mon:           7  Year:        1996  N:         121
 FAILED K-S -- Parm:Time to Peak    Mon:           7  Year:        1996  N:         121
 FAILED K-S -- Parm:Time to Peak    Mon:           7  Year:        1996  N:         121
 FAILED K-S -- Parm:Time to Peak    Mon:           7  Year:        1996  N:         121
 FAILED K-S -- Parm:Time to Peak    Mon:           7  Year:        1996  N:         121
*** ERROR *** Could not produce desired level of quality in
                    << Time to Peak    >> random deviates.
 FAILED K-S -- Parm:Time to Peak    Mon:           7  Year:        1997  N:         134
 FAILED K-S -- Parm:Time to Peak    Mon:           7  Year:        1997  N:         134
 FAILED K-S -- Parm:Time to Peak    Mon:           7  Year:        1997  N:         134
 FAILED K-S -- Parm:Time to Peak    Mon:           7  Year:        1997  N:         134
 FAILED K-S -- Parm:Time to Peak    Mon:           7  Year:        1997  N:         134
*** ERROR *** Could not produce desired level of quality in
                    << Time to Peak    >> random deviates.
 FAILED K-S -- Parm:Time to Peak    Mon:           7  Year:        1998  N:         144
 FAILED K-S -- Parm:Time to Peak    Mon:           7  Year:        1998  N:         144
 FAILED K-S -- Parm:Time to Peak    Mon:           7  Year:        1998  N:         144
 FAILED K-S -- Parm:Time to Peak    Mon:           7  Year:        1998  N:         144
 FAILED K-S -- Parm:Time to Peak    Mon:           7  Year:        1998  N:         144
*** ERROR *** Could not produce desired level of quality in
                    << Time to Peak    >> random deviates.
 FAILED K-S -- Parm:Time to Peak    Mon:           7  Year:        1999  N:         157
 FAILED K-S -- Parm:Time to Peak    Mon:           7  Year:        1999  N:         157
 FAILED K-S -- Parm:Time to Peak    Mon:           7  Year:        1999  N:         157
 FAILED K-S -- Parm:Time to Peak    Mon:           7  Year:        1999  N:         157
 FAILED K-S -- Parm:Time to Peak    Mon:           7  Year:        1999  N:         157
*** ERROR *** Could not produce desired level of quality in
                    << Time to Peak    >> random deviates.
 FAILED K-S -- Parm:Time to Peak    Mon:           7  Year:        2000  N:         163
 FAILED K-S -- Parm:Time to Peak    Mon:           7  Year:        2000  N:         163
 FAILED K-S -- Parm:Time to Peak    Mon:           7  Year:        2000  N:         163
 FAILED K-S -- Parm:Time to Peak    Mon:           7  Year:        2000  N:         163
 FAILED K-S -- Parm:Time to Peak    Mon:           7  Year:        2000  N:         163
*** ERROR *** Could not produce desired level of quality in
                    << Time to Peak    >> random deviates.
 FAILED K-S -- Parm:Time to Peak    Mon:           7  Year:        2001  N:         173
 FAILED K-S -- Parm:Time to Peak    Mon:           7  Year:        2001  N:         173
 FAILED K-S -- Parm:Time to Peak    Mon:           7  Year:        2001  N:         173
 FAILED K-S -- Parm:Time to Peak    Mon:           7  Year:        2001  N:         173
 FAILED K-S -- Parm:Time to Peak    Mon:           7  Year:        2001  N:         173
*** ERROR *** Could not produce desired level of quality in
                    << Time to Peak    >> random deviates.
 FAILED K-S -- Parm:Time to Peak    Mon:           7  Year:        2002  N:         180
 FAILED K-S -- Parm:Time to Peak    Mon:           7  Year:        2002  N:         180
 FAILED K-S -- Parm:Time to Peak    Mon:           7  Year:        2002  N:         180
 FAILED K-S -- Parm:Time to Peak    Mon:           7  Year:        2002  N:         180
 FAILED K-S -- Parm:Time to Peak    Mon:           7  Year:        2002  N:         180
*** ERROR *** Could not produce desired level of quality in
                    << Time to Peak    >> random deviates.
 FAILED K-S -- Parm:Time to Peak    Mon:           7  Year:        2003  N:         183
 FAILED K-S -- Parm:Time to Peak    Mon:           7  Year:        2003  N:         183
 FAILED K-S -- Parm:Time to Peak    Mon:           7  Year:        2003  N:         183
 FAILED K-S -- Parm:Time to Peak    Mon:           7  Year:        2003  N:         183
 FAILED K-S -- Parm:Time to Peak    Mon:           7  Year:        2003  N:         183
*** ERROR *** Could not produce desired level of quality in
                    << Time to Peak    >> random deviates.
 FAILED K-S -- Parm:Time to Peak    Mon:           7  Year:        2004  N:         197
 FAILED K-S -- Parm:Time to Peak    Mon:           7  Year:        2004  N:         197
 FAILED K-S -- Parm:Time to Peak    Mon:           7  Year:        2004  N:         197
 FAILED K-S -- Parm:Time to Peak    Mon:           7  Year:        2004  N:         197
 FAILED K-S -- Parm:Time to Peak    Mon:           7  Year:        2004  N:         197
*** ERROR *** Could not produce desired level of quality in
                    << Time to Peak    >> random deviates.
 FAILED K-S -- Parm:Time to Peak    Mon:           7  Year:        2005  N:         205
 FAILED K-S -- Parm:Time to Peak    Mon:           7  Year:        2005  N:         205
 FAILED K-S -- Parm:Time to Peak    Mon:           7  Year:        2005  N:         205
 FAILED K-S -- Parm:Time to Peak    Mon:           7  Year:        2005  N:         205
 FAILED K-S -- Parm:Time to Peak    Mon:           7  Year:        2005  N:         205
*** ERROR *** Could not produce desired level of quality in
                    << Time to Peak    >> random deviates.
 FAILED K-S -- Parm:Time to Peak    Mon:           7  Year:        2006  N:         209
 FAILED K-S -- Parm:Time to Peak    Mon:           7  Year:        2006  N:         209
 FAILED K-S -- Parm:Time to Peak    Mon:           7  Year:        2006  N:         209
 FAILED K-S -- Parm:Time to Peak    Mon:           7  Year:        2006  N:         209
 FAILED K-S -- Parm:Time to Peak    Mon:           7  Year:        2006  N:         209
*** ERROR *** Could not produce desired level of quality in
                    << Time to Peak    >> random deviates.
 FAILED K-S -- Parm:Time to Peak    Mon:           7  Year:        2007  N:         214
 FAILED K-S -- Parm:Time to Peak    Mon:           7  Year:        2007  N:         214
 FAILED K-S -- Parm:Time to Peak    Mon:           7  Year:        2007  N:         214
 FAILED K-S -- Parm:Time to Peak    Mon:           7  Year:        2007  N:         214
 FAILED K-S -- Parm:Time to Peak    Mon:           7  Year:        2007  N:         214
*** ERROR *** Could not produce desired level of quality in
                    << Time to Peak    >> random deviates.
 FAILED K-S -- Parm:Time to Peak    Mon:           7  Year:        2008  N:         225
 FAILED K-S -- Parm:Time to Peak    Mon:           7  Year:        2008  N:         225
 FAILED K-S -- Parm:Time to Peak    Mon:           7  Year:        2008  N:         225
 FAILED K-S -- Parm:Time to Peak    Mon:           7  Year:        2008  N:         225
 FAILED K-S -- Parm:Time to Peak    Mon:           7  Year:        2008  N:         225
*** ERROR *** Could not produce desired level of quality in
                    << Time to Peak    >> random deviates.
 FAILED K-S -- Parm:Time to Peak    Mon:           7  Year:        2009  N:         238
 FAILED K-S -- Parm:Time to Peak    Mon:           7  Year:        2009  N:         238
 FAILED K-S -- Parm:Time to Peak    Mon:           7  Year:        2009  N:         238
 FAILED K-S -- Parm:Time to Peak    Mon:           7  Year:        2009  N:         238
 FAILED K-S -- Parm:Time to Peak    Mon:           7  Year:        2009  N:         238
*** ERROR *** Could not produce desired level of quality in
                    << Time to Peak    >> random deviates.
 FAILED K-S -- Parm:Time to Peak    Mon:           7  Year:        2010  N:         241
 FAILED K-S -- Parm:Time to Peak    Mon:           7  Year:        2010  N:         241
 FAILED K-S -- Parm:Time to Peak    Mon:           7  Year:        2010  N:         241
 FAILED K-S -- Parm:Time to Peak    Mon:           7  Year:        2010  N:         241
 FAILED K-S -- Parm:Time to Peak    Mon:           7  Year:        2010  N:         241
*** ERROR *** Could not produce desired level of quality in
                    << Time to Peak    >> random deviates.
 FAILED K-S -- Parm:Time to Peak    Mon:           7  Year:        2011  N:         248
 FAILED K-S -- Parm:Time to Peak    Mon:           7  Year:        2011  N:         248
 FAILED K-S -- Parm:Time to Peak    Mon:           7  Year:        2011  N:         248
 FAILED K-S -- Parm:Time to Peak    Mon:           7  Year:        2011  N:         248
 FAILED K-S -- Parm:Time to Peak    Mon:           7  Year:        2011  N:         248
*** ERROR *** Could not produce desired level of quality in
                    << Time to Peak    >> random deviates.
 FAILED K-S -- Parm:Time to Peak    Mon:           7  Year:        2012  N:         252
 FAILED K-S -- Parm:Time to Peak    Mon:           7  Year:        2012  N:         252
At line 3013 of file cligen53.f (unit = 9, file = '0500000US17189.prn')
Fortran runtime error: Sequential READ or WRITE not allowed after EOF marker, possibly use REWIND or BACKSPACE
 FAILED K-S -- Parm:Time to Peak    Mon:           7  Year:        2012  N:         252
 FAILED K-S -- Parm:Time to Peak    Mon:           7  Year:        2012  N:         252
 FAILED K-S -- Parm:Time to Peak    Mon:           7  Year:        2012  N:         252
*** ERROR *** Could not produce desired level of quality in
                    << Time to Peak    >> random deviates.
 FAILED K-S -- Parm:Time to Peak    Mon:           7  Year:        2013  N:         259
 FAILED K-S -- Parm:Time to Peak    Mon:           7  Year:        2013  N:         259
 FAILED K-S -- Parm:Time to Peak    Mon:           7  Year:        2013  N:         259
 FAILED K-S -- Parm:Time to Peak    Mon:           7  Year:        2013  N:         259
 FAILED K-S -- Parm:Time to Peak    Mon:           7  Year:        2013  N:         259
*** ERROR *** Could not produce desired level of quality in
                    << Time to Peak    >> random deviates.
 FAILED K-S -- Parm:Time to Peak    Mon:           7  Year:        2014  N:         263
 FAILED K-S -- Parm:Time to Peak    Mon:           7  Year:        2014  N:         263
 FAILED K-S -- Parm:Time to Peak    Mon:           7  Year:        2014  N:         263
 FAILED K-S -- Parm:Time to Peak    Mon:           7  Year:        2014  N:         263
 FAILED K-S -- Parm:Time to Peak    Mon:           7  Year:        2014  N:         263
*** ERROR *** Could not produce desired level of quality in
                    << Time to Peak    >> random deviates.
 FAILED K-S -- Parm:Time to Peak    Mon:           7  Year:        2015  N:         273
 FAILED K-S -- Parm:Time to Peak    Mon:           7  Year:        2015  N:         273
 FAILED K-S -- Parm:Time to Peak    Mon:           7  Year:        2015  N:         273
 FAILED K-S -- Parm:Time to Peak    Mon:           7  Year:        2015  N:         273
 FAILED K-S -- Parm:Time to Peak    Mon:           7  Year:        2015  N:         273
*** ERROR *** Could not produce desired level of quality in
                    << Time to Peak    >> random deviates.
 FAILED K-S -- Parm:Time to Peak    Mon:           7  Year:        2016  N:         282
 FAILED K-S -- Parm:Time to Peak    Mon:           7  Year:        2016  N:         282
 FAILED K-S -- Parm:Time to Peak    Mon:           7  Year:        2016  N:         282
 FAILED K-S -- Parm:Time to Peak    Mon:           7  Year:        2016  N:         282
 FAILED K-S -- Parm:Time to Peak    Mon:           7  Year:        2016  N:         282
*** ERROR *** Could not produce desired level of quality in
                    << Time to Peak    >> random deviates.
 FAILED K-S -- Parm:Time to Peak    Mon:           7  Year:        2017  N:         292
 FAILED K-S -- Parm:Time to Peak    Mon:           7  Year:        2017  N:         292
 FAILED K-S -- Parm:Time to Peak    Mon:           7  Year:        2017  N:         292
 FAILED K-S -- Parm:Time to Peak    Mon:           7  Year:        2017  N:         292
 FAILED K-S -- Parm:Time to Peak    Mon:           7  Year:        2017  N:         292
*** ERROR *** Could not produce desired level of quality in
                    << Time to Peak    >> random deviates.
