

  ********************************************************************
  *                                                                  *
  *              USDA - WATER EROSION PREDICTION PROJECT             *
  *                 WEPP CLIMATE INPUT DATA GENERATOR                *
  *                                                                  *
  *                    CONTINUOUS SIMULATION AND                     *
  *                       SINGLE STORM OPTIONS                       *
  *                    with Command Line Options,                    *
  *                        and Corrections to                        *
  *                  Rainfall Intensity Calculations                 *
  *                   and Random Number Generation.                  *
  *                                                                  *
  *                          VERSION 5.30000                         *
  *                     Revised from VERSION 4.2                     *
  *                           October 2004                           *
  *                                                                  *
  *           (Use -h or /h to list command line options.)           *
  *                                                                  *
  ********************************************************************


 tx412114.par                                                                                                                                                                                                                                                    
 0500000US48225.prn                                                                                                                                                                                                                                              
 FAILED K-S -- Parm:Precip. Amt.    Mon:           4  Year:        1997  N:         101
 FAILED K-S -- Parm:Precip. Amt.    Mon:           4  Year:        1997  N:         101
 FAILED K-S -- Parm:Precip. Amt.    Mon:           4  Year:        1997  N:         101
 FAILED K-S -- Parm:Precip. Amt.    Mon:           4  Year:        1997  N:         101
 FAILED K-S -- Parm:Precip. Amt.    Mon:           4  Year:        1997  N:         101
*** ERROR *** Could not produce desired level of quality in
                    << Precip. Amt.    >> random deviates.
 FAILED K-S -- Parm:Time to Peak    Mon:           4  Year:        1997  N:         101
 FAILED K-S -- Parm:Precip. Amt.    Mon:           4  Year:        1998  N:         105
 FAILED K-S -- Parm:Precip. Amt.    Mon:           4  Year:        1998  N:         105
 FAILED K-S -- Parm:Precip. Amt.    Mon:           4  Year:        1998  N:         105
 FAILED K-S -- Parm:Precip. Amt.    Mon:           4  Year:        1998  N:         105
 FAILED K-S -- Parm:Precip. Amt.    Mon:           4  Year:        1998  N:         105
*** ERROR *** Could not produce desired level of quality in
                    << Precip. Amt.    >> random deviates.
 FAILED K-S -- Parm:Time to Peak    Mon:           4  Year:        1998  N:         101
 FAILED K-S -- Parm:Precip. Amt.    Mon:           4  Year:        1999  N:         114
 FAILED K-S -- Parm:Precip. Amt.    Mon:           4  Year:        1999  N:         114
 FAILED K-S -- Parm:Precip. Amt.    Mon:           4  Year:        1999  N:         114
 FAILED K-S -- Parm:Precip. Amt.    Mon:           4  Year:        1999  N:         114
 FAILED K-S -- Parm:Precip. Amt.    Mon:           4  Year:        1999  N:         114
*** ERROR *** Could not produce desired level of quality in
                    << Precip. Amt.    >> random deviates.
 FAILED K-S -- Parm:Time to Peak    Mon:           4  Year:        1999  N:         106
 FAILED K-S -- Parm:Precip. Amt.    Mon:           4  Year:        2000  N:         120
 FAILED K-S -- Parm:Precip. Amt.    Mon:           4  Year:        2000  N:         120
 FAILED K-S -- Parm:Precip. Amt.    Mon:           4  Year:        2000  N:         120
 FAILED K-S -- Parm:Precip. Amt.    Mon:           4  Year:        2000  N:         120
 FAILED K-S -- Parm:Precip. Amt.    Mon:           4  Year:        2000  N:         120
*** ERROR *** Could not produce desired level of quality in
                    << Precip. Amt.    >> random deviates.
 FAILED K-S -- Parm:Temp. Dew Pt.   Mon:           4  Year:        2000  N:         630
 FAILED K-S -- Parm:Time to Peak    Mon:           4  Year:        2000  N:         103
 FAILED K-S -- Parm:Precip. Amt.    Mon:           4  Year:        2001  N:         127
 FAILED K-S -- Parm:Precip. Amt.    Mon:           4  Year:        2001  N:         127
 FAILED K-S -- Parm:Precip. Amt.    Mon:           4  Year:        2001  N:         127
 FAILED K-S -- Parm:Precip. Amt.    Mon:           4  Year:        2001  N:         127
 FAILED K-S -- Parm:Precip. Amt.    Mon:           4  Year:        2001  N:         127
*** ERROR *** Could not produce desired level of quality in
                    << Precip. Amt.    >> random deviates.
 Failed SN Mean test.
 Failed SN SD test.
 Parm:Temp. Dew Pt.   Month:           4  Year:        2001  Mlevel=   60.0000000      SDlevel=   83.9092941      Days:         660
 FAILED K-S -- Parm:Time to Peak    Mon:           4  Year:        2001  N:         104
 FAILED K-S -- Parm:Precip. Amt.    Mon:           4  Year:        2002  N:         136
 FAILED K-S -- Parm:Precip. Amt.    Mon:           4  Year:        2002  N:         136
 FAILED K-S -- Parm:Precip. Amt.    Mon:           4  Year:        2002  N:         136
 FAILED K-S -- Parm:Precip. Amt.    Mon:           4  Year:        2002  N:         136
 FAILED K-S -- Parm:Precip. Amt.    Mon:           4  Year:        2002  N:         136
*** ERROR *** Could not produce desired level of quality in
                    << Precip. Amt.    >> random deviates.
 FAILED K-S -- Parm:Temp. Dew Pt.   Mon:           4  Year:        2002  N:         630
 FAILED K-S -- Parm:Time to Peak    Mon:           4  Year:        2002  N:         106
 FAILED K-S -- Parm:Precip. Amt.    Mon:           4  Year:        2003  N:         139
 FAILED K-S -- Parm:Precip. Amt.    Mon:           4  Year:        2003  N:         139
 FAILED K-S -- Parm:Precip. Amt.    Mon:           4  Year:        2003  N:         139
 FAILED K-S -- Parm:Precip. Amt.    Mon:           4  Year:        2003  N:         139
 FAILED K-S -- Parm:Precip. Amt.    Mon:           4  Year:        2003  N:         139
*** ERROR *** Could not produce desired level of quality in
                    << Precip. Amt.    >> random deviates.
 Failed SN SD test.
 Parm:Temp. Dew Pt.   Month:           4  Year:        2003  Mlevel=   50.0000000      SDlevel=   99.8982391      Days:         720
 FAILED K-S -- Parm:Time to Peak    Mon:           4  Year:        2003  N:         100
 FAILED K-S -- Parm:Precip. Amt.    Mon:           4  Year:        2004  N:         146
 FAILED K-S -- Parm:Precip. Amt.    Mon:           4  Year:        2004  N:         146
 FAILED K-S -- Parm:Precip. Amt.    Mon:           4  Year:        2004  N:         146
 FAILED K-S -- Parm:Precip. Amt.    Mon:           4  Year:        2004  N:         146
 FAILED K-S -- Parm:Precip. Amt.    Mon:           4  Year:        2004  N:         146
*** ERROR *** Could not produce desired level of quality in
                    << Precip. Amt.    >> random deviates.
 FAILED K-S -- Parm:Temp. Dew Pt.   Mon:           4  Year:        2004  N:         630
 FAILED K-S -- Parm:Time to Peak    Mon:           4  Year:        2004  N:         104
 FAILED K-S -- Parm:Precip. Amt.    Mon:           4  Year:        2005  N:         154
 FAILED K-S -- Parm:Precip. Amt.    Mon:           4  Year:        2005  N:         154
 FAILED K-S -- Parm:Precip. Amt.    Mon:           4  Year:        2005  N:         154
 FAILED K-S -- Parm:Precip. Amt.    Mon:           4  Year:        2005  N:         154
 FAILED K-S -- Parm:Precip. Amt.    Mon:           4  Year:        2005  N:         154
*** ERROR *** Could not produce desired level of quality in
                    << Precip. Amt.    >> random deviates.
 Failed SN SD test.
 Parm:Temp. Dew Pt.   Month:           4  Year:        2005  Mlevel=   30.0000000      SDlevel=   99.9957733      Days:         780
 FAILED K-S -- Parm:Time to Peak    Mon:           4  Year:        2005  N:         105
 FAILED K-S -- Parm:Precip. Amt.    Mon:           4  Year:        2006  N:         159
 FAILED K-S -- Parm:Precip. Amt.    Mon:           4  Year:        2006  N:         159
 FAILED K-S -- Parm:Precip. Amt.    Mon:           4  Year:        2006  N:         159
 FAILED K-S -- Parm:Precip. Amt.    Mon:           4  Year:        2006  N:         159
 FAILED K-S -- Parm:Precip. Amt.    Mon:           4  Year:        2006  N:         159
*** ERROR *** Could not produce desired level of quality in
                    << Precip. Amt.    >> random deviates.
 FAILED K-S -- Parm:Temp. Dew Pt.   Mon:           4  Year:        2006  N:         630
 FAILED K-S -- Parm:Time to Peak    Mon:           4  Year:        2006  N:         102
 FAILED K-S -- Parm:Precip. Amt.    Mon:           4  Year:        2007  N:         164
 FAILED K-S -- Parm:Precip. Amt.    Mon:           4  Year:        2007  N:         164
 FAILED K-S -- Parm:Precip. Amt.    Mon:           4  Year:        2007  N:         164
 FAILED K-S -- Parm:Precip. Amt.    Mon:           4  Year:        2007  N:         164
 FAILED K-S -- Parm:Precip. Amt.    Mon:           4  Year:        2007  N:         164
*** ERROR *** Could not produce desired level of quality in
                    << Precip. Amt.    >> random deviates.
 FAILED K-S -- Parm:Temp. Dew Pt.   Mon:           4  Year:        2007  N:         630
 FAILED K-S -- Parm:Time to Peak    Mon:           4  Year:        2007  N:         102
 FAILED K-S -- Parm:Precip. Amt.    Mon:           4  Year:        2008  N:         168
 FAILED K-S -- Parm:Precip. Amt.    Mon:           4  Year:        2008  N:         168
 FAILED K-S -- Parm:Precip. Amt.    Mon:           4  Year:        2008  N:         168
 FAILED K-S -- Parm:Precip. Amt.    Mon:           4  Year:        2008  N:         168
 FAILED K-S -- Parm:Precip. Amt.    Mon:           4  Year:        2008  N:         168
*** ERROR *** Could not produce desired level of quality in
                    << Precip. Amt.    >> random deviates.
 Failed SN SD test.
 Parm:Temp. Dew Pt.   Month:           4  Year:        2008  Mlevel=   30.0000000      SDlevel=   100.000000      Days:         870
 FAILED K-S -- Parm:Time to Peak    Mon:           4  Year:        2008  N:         101
 FAILED K-S -- Parm:Precip. Amt.    Mon:           4  Year:        2009  N:         176
 FAILED K-S -- Parm:Precip. Amt.    Mon:           4  Year:        2009  N:         176
 FAILED K-S -- Parm:Precip. Amt.    Mon:           4  Year:        2009  N:         176
 FAILED K-S -- Parm:Precip. Amt.    Mon:           4  Year:        2009  N:         176
 FAILED K-S -- Parm:Precip. Amt.    Mon:           4  Year:        2009  N:         176
*** ERROR *** Could not produce desired level of quality in
                    << Precip. Amt.    >> random deviates.
 Failed SN SD test.
 Parm:Temp. Dew Pt.   Month:           4  Year:        2009  Mlevel=   50.0000000      SDlevel=   100.000000      Days:         900
 FAILED K-S -- Parm:Time to Peak    Mon:           4  Year:        2009  N:         105
 FAILED K-S -- Parm:Precip. Amt.    Mon:           4  Year:        2010  N:         181
 FAILED K-S -- Parm:Precip. Amt.    Mon:           4  Year:        2010  N:         181
 FAILED K-S -- Parm:Precip. Amt.    Mon:           4  Year:        2010  N:         181
 FAILED K-S -- Parm:Precip. Amt.    Mon:           4  Year:        2010  N:         181
 FAILED K-S -- Parm:Precip. Amt.    Mon:           4  Year:        2010  N:         181
*** ERROR *** Could not produce desired level of quality in
                    << Precip. Amt.    >> random deviates.
 Failed SN SD test.
 Parm:Temp. Dew Pt.   Month:           4  Year:        2010  Mlevel=   50.0000000      SDlevel=   100.000000      Days:         930
 FAILED K-S -- Parm:Time to Peak    Mon:           4  Year:        2010  N:         102
 FAILED K-S -- Parm:Precip. Amt.    Mon:           4  Year:        2011  N:         182
 FAILED K-S -- Parm:Precip. Amt.    Mon:           4  Year:        2011  N:         182
 FAILED K-S -- Parm:Precip. Amt.    Mon:           4  Year:        2011  N:         182
 FAILED K-S -- Parm:Precip. Amt.    Mon:           4  Year:        2011  N:         182
 FAILED K-S -- Parm:Precip. Amt.    Mon:           4  Year:        2011  N:         182
*** ERROR *** Could not produce desired level of quality in
                    << Precip. Amt.    >> random deviates.
 Failed SN SD test.
 Parm:Temp. Dew Pt.   Month:           4  Year:        2011  Mlevel=   30.0000000      SDlevel=   100.000000      Days:         960
 FAILED K-S -- Parm:Precip. Amt.    Mon:           4  Year:        2012  N:         193
 FAILED K-S -- Parm:Precip. Amt.    Mon:           4  Year:        2012  N:         193
 FAILED K-S -- Parm:Precip. Amt.    Mon:           4  Year:        2012  N:         193
 FAILED K-S -- Parm:Precip. Amt.    Mon:           4  Year:        2012  N:         193
 FAILED K-S -- Parm:Precip. Amt.    Mon:           4  Year:        2012  N:         193
*** ERROR *** Could not produce desired level of quality in
                    << Precip. Amt.    >> random deviates.
 FAILED K-S -- Parm:Temp. Dew Pt.   Mon:           4  Year:        2012  N:         630
 FAILED K-S -- Parm:Time to Peak    Mon:           4  Year:        2012  N:         109
 FAILED K-S -- Parm:Precip. Amt.    Mon:           4  Year:        2013  N:         200
 FAILED K-S -- Parm:Precip. Amt.    Mon:           4  Year:        2013  N:         200
 FAILED K-S -- Parm:Precip. Amt.    Mon:           4  Year:        2013  N:         200
 FAILED K-S -- Parm:Precip. Amt.    Mon:           4  Year:        2013  N:         200
 FAILED K-S -- Parm:Precip. Amt.    Mon:           4  Year:        2013  N:         200
*** ERROR *** Could not produce desired level of quality in
                    << Precip. Amt.    >> random deviates.
 FAILED K-S -- Parm:Temp. Dew Pt.   Mon:           4  Year:        2013  N:         630
 FAILED K-S -- Parm:Time to Peak    Mon:           4  Year:        2013  N:         105
 FAILED K-S -- Parm:Precip. Amt.    Mon:           4  Year:        2014  N:         208
 FAILED K-S -- Parm:Precip. Amt.    Mon:           4  Year:        2014  N:         208
 FAILED K-S -- Parm:Precip. Amt.    Mon:           4  Year:        2014  N:         208
 FAILED K-S -- Parm:Precip. Amt.    Mon:           4  Year:        2014  N:         208
 FAILED K-S -- Parm:Precip. Amt.    Mon:           4  Year:        2014  N:         208
*** ERROR *** Could not produce desired level of quality in
                    << Precip. Amt.    >> random deviates.
 Failed SN SD test.
 Parm:Temp. Dew Pt.   Month:           4  Year:        2014  Mlevel=   30.0000000      SDlevel=   100.000000      Days:        1050
 FAILED K-S -- Parm:Time to Peak    Mon:           4  Year:        2014  N:         106
 FAILED K-S -- Parm:Precip. Amt.    Mon:           4  Year:        2015  N:         215
 FAILED K-S -- Parm:Precip. Amt.    Mon:           4  Year:        2015  N:         215
 FAILED K-S -- Parm:Precip. Amt.    Mon:           4  Year:        2015  N:         215
 FAILED K-S -- Parm:Precip. Amt.    Mon:           4  Year:        2015  N:         215
 FAILED K-S -- Parm:Precip. Amt.    Mon:           4  Year:        2015  N:         215
*** ERROR *** Could not produce desired level of quality in
                    << Precip. Amt.    >> random deviates.
 Failed SN SD test.
 Parm:Temp. Dew Pt.   Month:           4  Year:        2015  Mlevel=   50.0000000      SDlevel=   100.000000      Days:        1080
 FAILED K-S -- Parm:Time to Peak    Mon:           4  Year:        2015  N:         105
 FAILED K-S -- Parm:Precip. Amt.    Mon:           4  Year:        2016  N:         222
 FAILED K-S -- Parm:Precip. Amt.    Mon:           4  Year:        2016  N:         222
 FAILED K-S -- Parm:Precip. Amt.    Mon:           4  Year:        2016  N:         222
 FAILED K-S -- Parm:Precip. Amt.    Mon:           4  Year:        2016  N:         222
 FAILED K-S -- Parm:Precip. Amt.    Mon:           4  Year:        2016  N:         222
*** ERROR *** Could not produce desired level of quality in
At line 3013 of file cligen53.f (unit = 9, file = '0500000US48225.prn')
Fortran runtime error: Sequential READ or WRITE not allowed after EOF marker, possibly use REWIND or BACKSPACE
                    << Precip. Amt.    >> random deviates.
 Failed SN SD test.
 Parm:Temp. Dew Pt.   Month:           4  Year:        2016  Mlevel=   10.0000000      SDlevel=   100.000000      Days:        1110
 FAILED K-S -- Parm:Time to Peak    Mon:           4  Year:        2016  N:         105
 FAILED K-S -- Parm:Precip. Amt.    Mon:           4  Year:        2017  N:         226
 FAILED K-S -- Parm:Precip. Amt.    Mon:           4  Year:        2017  N:         226
 FAILED K-S -- Parm:Precip. Amt.    Mon:           4  Year:        2017  N:         226
 FAILED K-S -- Parm:Precip. Amt.    Mon:           4  Year:        2017  N:         226
 FAILED K-S -- Parm:Precip. Amt.    Mon:           4  Year:        2017  N:         226
*** ERROR *** Could not produce desired level of quality in
                    << Precip. Amt.    >> random deviates.
 Failed SN SD test.
 Parm:Temp. Dew Pt.   Month:           4  Year:        2017  Mlevel=   30.0000000      SDlevel=   100.000000      Days:        1140
 FAILED K-S -- Parm:Time to Peak    Mon:           4  Year:        2017  N:         102
