

  ********************************************************************
  *                                                                  *
  *              USDA - WATER EROSION PREDICTION PROJECT             *
  *                 WEPP CLIMATE INPUT DATA GENERATOR                *
  *                                                                  *
  *                    CONTINUOUS SIMULATION AND                     *
  *                       SINGLE STORM OPTIONS                       *
  *                    with Command Line Options,                    *
  *                        and Corrections to                        *
  *                  Rainfall Intensity Calculations                 *
  *                   and Random Number Generation.                  *
  *                                                                  *
  *                          VERSION 5.30000                         *
  *                     Revised from VERSION 4.2                     *
  *                           October 2004                           *
  *                                                                  *
  *           (Use -h or /h to list command line options.)           *
  *                                                                  *
  ********************************************************************


 ky155694.par                                                                                                                                                                                                                                                    
 0500000US21035.prn                                                                                                                                                                                                                                              
 Failed SN SD test.
 Parm:Precip. Amt.    Month:           6  Year:        1980  Mlevel=   10.0000000      SDlevel=   69.6328430      Days:           1
 Failed SN SD test.
 Parm:Precip. Amt.    Month:           6  Year:        1980  Mlevel=   10.0000000      SDlevel=   61.6769180      Days:           1
 Failed SN SD test.
 Parm:Precip. Amt.    Month:           6  Year:        1980  Mlevel=   5.00000000      SDlevel=   88.4607697      Days:           1
 Failed SN SD test.
 Parm:Precip. Amt.    Month:           6  Year:        1980  Mlevel=   10.0000000      SDlevel=   68.1453934      Days:           1
 Failed SN SD test.
 Parm:Precip. Amt.    Month:           6  Year:        1980  Mlevel=   10.0000000      SDlevel=   64.6116867      Days:           1
*** ERROR *** Could not produce desired level of quality in
                    << Precip. Amt.    >> random deviates.
 Tdew -10 rangecheck executed.
 Tdew -10 rangecheck executed.
 Tdew -10 rangecheck executed.
 Tdew -10 rangecheck executed.
 FAILED K-S -- Parm:Time to Peak    Mon:          11  Year:        1991  N:         105
 FAILED K-S -- Parm:Time to Peak    Mon:          11  Year:        1991  N:         105
 FAILED K-S -- Parm:Time to Peak    Mon:          11  Year:        1991  N:         105
 FAILED K-S -- Parm:Time to Peak    Mon:          11  Year:        1991  N:         105
 FAILED K-S -- Parm:Time to Peak    Mon:          11  Year:        1991  N:         105
*** ERROR *** Could not produce desired level of quality in
                    << Time to Peak    >> random deviates.
 FAILED K-S -- Parm:Time to Peak    Mon:          11  Year:        1992  N:         114
 FAILED K-S -- Parm:Time to Peak    Mon:          11  Year:        1992  N:         114
 FAILED K-S -- Parm:Time to Peak    Mon:          11  Year:        1992  N:         114
 FAILED K-S -- Parm:Time to Peak    Mon:          11  Year:        1992  N:         114
 FAILED K-S -- Parm:Time to Peak    Mon:          11  Year:        1992  N:         114
*** ERROR *** Could not produce desired level of quality in
                    << Time to Peak    >> random deviates.
 FAILED K-S -- Parm:Time to Peak    Mon:          11  Year:        1993  N:         121
 FAILED K-S -- Parm:Time to Peak    Mon:          11  Year:        1993  N:         121
At line 3013 of file cligen53.f (unit = 9, file = '0500000US21035.prn')
Fortran runtime error: Sequential READ or WRITE not allowed after EOF marker, possibly use REWIND or BACKSPACE
 FAILED K-S -- Parm:Time to Peak    Mon:          11  Year:        1993  N:         121
 FAILED K-S -- Parm:Time to Peak    Mon:          11  Year:        1993  N:         121
 FAILED K-S -- Parm:Time to Peak    Mon:          11  Year:        1993  N:         121
*** ERROR *** Could not produce desired level of quality in
                    << Time to Peak    >> random deviates.
