

  ********************************************************************
  *                                                                  *
  *              USDA - WATER EROSION PREDICTION PROJECT             *
  *                 WEPP CLIMATE INPUT DATA GENERATOR                *
  *                                                                  *
  *                    CONTINUOUS SIMULATION AND                     *
  *                       SINGLE STORM OPTIONS                       *
  *                    with Command Line Options,                    *
  *                        and Corrections to                        *
  *                  Rainfall Intensity Calculations                 *
  *                   and Random Number Generation.                  *
  *                                                                  *
  *                          VERSION 5.30000                         *
  *                     Revised from VERSION 4.2                     *
  *                           October 2004                           *
  *                                                                  *
  *           (Use -h or /h to list command line options.)           *
  *                                                                  *
  ********************************************************************


 oh331404.par                                                                                                                                                                                                                                                    
 0500000US39083.prn                                                                                                                                                                                                                                              
 Tdew -10 rangecheck executed.
 Tdew -10 rangecheck executed.
 Tdew -10 rangecheck executed.
 Tdew -10 rangecheck executed.
 Tdew -10 rangecheck executed.
 Tdew -10 rangecheck executed.
 Tdew -10 rangecheck executed.
 Tdew -10 rangecheck executed.
 FAILED K-S -- Parm:Time to Peak    Mon:           9  Year:        1994  N:         104
 FAILED K-S -- Parm:Time to Peak    Mon:           9  Year:        1994  N:         104
 FAILED K-S -- Parm:Time to Peak    Mon:           9  Year:        1994  N:         104
 FAILED K-S -- Parm:Time to Peak    Mon:           9  Year:        1994  N:         104
 FAILED K-S -- Parm:Time to Peak    Mon:           9  Year:        1994  N:         104
*** ERROR *** Could not produce desired level of quality in
                    << Time to Peak    >> random deviates.
 FAILED K-S -- Parm:Time to Peak    Mon:           9  Year:        1995  N:         107
 FAILED K-S -- Parm:Time to Peak    Mon:           9  Year:        1995  N:         107
 FAILED K-S -- Parm:Time to Peak    Mon:           9  Year:        1995  N:         107
 FAILED K-S -- Parm:Time to Peak    Mon:           9  Year:        1995  N:         107
 FAILED K-S -- Parm:Time to Peak    Mon:           9  Year:        1995  N:         107
*** ERROR *** Could not produce desired level of quality in
                    << Time to Peak    >> random deviates.
 FAILED K-S -- Parm:Time to Peak    Mon:           9  Year:        1996  N:         115
 FAILED K-S -- Parm:Time to Peak    Mon:           9  Year:        1996  N:         115
 FAILED K-S -- Parm:Time to Peak    Mon:           9  Year:        1996  N:         115
 FAILED K-S -- Parm:Time to Peak    Mon:           9  Year:        1996  N:         115
 FAILED K-S -- Parm:Time to Peak    Mon:           9  Year:        1996  N:         115
*** ERROR *** Could not produce desired level of quality in
                    << Time to Peak    >> random deviates.
 Tdew -10 rangecheck executed.
 FAILED K-S -- Parm:Time to Peak    Mon:           9  Year:        1997  N:         123
 FAILED K-S -- Parm:Time to Peak    Mon:           9  Year:        1997  N:         123
 FAILED K-S -- Parm:Time to Peak    Mon:           9  Year:        1997  N:         123
 FAILED K-S -- Parm:Time to Peak    Mon:           9  Year:        1997  N:         123
 FAILED K-S -- Parm:Time to Peak    Mon:           9  Year:        1997  N:         123
*** ERROR *** Could not produce desired level of quality in
                    << Time to Peak    >> random deviates.
 FAILED K-S -- Parm:Time to Peak    Mon:           9  Year:        1998  N:         126
 FAILED K-S -- Parm:Time to Peak    Mon:           9  Year:        1998  N:         126
 FAILED K-S -- Parm:Time to Peak    Mon:           9  Year:        1998  N:         126
 FAILED K-S -- Parm:Time to Peak    Mon:           9  Year:        1998  N:         126
 FAILED K-S -- Parm:Time to Peak    Mon:           9  Year:        1998  N:         126
*** ERROR *** Could not produce desired level of quality in
                    << Time to Peak    >> random deviates.
 FAILED K-S -- Parm:Time to Peak    Mon:           9  Year:        1999  N:         135
 FAILED K-S -- Parm:Time to Peak    Mon:           9  Year:        1999  N:         135
 FAILED K-S -- Parm:Time to Peak    Mon:           9  Year:        1999  N:         135
 FAILED K-S -- Parm:Time to Peak    Mon:           9  Year:        1999  N:         135
 FAILED K-S -- Parm:Time to Peak    Mon:           9  Year:        1999  N:         135
*** ERROR *** Could not produce desired level of quality in
                    << Time to Peak    >> random deviates.
 FAILED K-S -- Parm:Time to Peak    Mon:           9  Year:        2000  N:         142
 FAILED K-S -- Parm:Time to Peak    Mon:           9  Year:        2000  N:         142
 FAILED K-S -- Parm:Time to Peak    Mon:           9  Year:        2000  N:         142
 FAILED K-S -- Parm:Time to Peak    Mon:           9  Year:        2000  N:         142
 FAILED K-S -- Parm:Time to Peak    Mon:           9  Year:        2000  N:         142
*** ERROR *** Could not produce desired level of quality in
                    << Time to Peak    >> random deviates.
 FAILED K-S -- Parm:Time to Peak    Mon:           9  Year:        2001  N:         148
 FAILED K-S -- Parm:Time to Peak    Mon:           9  Year:        2001  N:         148
 FAILED K-S -- Parm:Time to Peak    Mon:           9  Year:        2001  N:         148
 FAILED K-S -- Parm:Time to Peak    Mon:           9  Year:        2001  N:         148
 FAILED K-S -- Parm:Time to Peak    Mon:           9  Year:        2001  N:         148
*** ERROR *** Could not produce desired level of quality in
                    << Time to Peak    >> random deviates.
 FAILED K-S -- Parm:Time to Peak    Mon:           9  Year:        2002  N:         156
 FAILED K-S -- Parm:Time to Peak    Mon:           9  Year:        2002  N:         156
 FAILED K-S -- Parm:Time to Peak    Mon:           9  Year:        2002  N:         156
 FAILED K-S -- Parm:Time to Peak    Mon:           9  Year:        2002  N:         156
 FAILED K-S -- Parm:Time to Peak    Mon:           9  Year:        2002  N:         156
*** ERROR *** Could not produce desired level of quality in
                    << Time to Peak    >> random deviates.
 FAILED K-S -- Parm:Time to Peak    Mon:           9  Year:        2003  N:         163
 FAILED K-S -- Parm:Time to Peak    Mon:           9  Year:        2003  N:         163
 FAILED K-S -- Parm:Time to Peak    Mon:           9  Year:        2003  N:         163
 FAILED K-S -- Parm:Time to Peak    Mon:           9  Year:        2003  N:         163
 FAILED K-S -- Parm:Time to Peak    Mon:           9  Year:        2003  N:         163
*** ERROR *** Could not produce desired level of quality in
                    << Time to Peak    >> random deviates.
 FAILED K-S -- Parm:Time to Peak    Mon:           9  Year:        2004  N:         169
 FAILED K-S -- Parm:Time to Peak    Mon:           9  Year:        2004  N:         169
 FAILED K-S -- Parm:Time to Peak    Mon:           9  Year:        2004  N:         169
 FAILED K-S -- Parm:Time to Peak    Mon:           9  Year:        2004  N:         169
 FAILED K-S -- Parm:Time to Peak    Mon:           9  Year:        2004  N:         169
*** ERROR *** Could not produce desired level of quality in
                    << Time to Peak    >> random deviates.
 FAILED K-S -- Parm:Time to Peak    Mon:           9  Year:        2005  N:         174
 FAILED K-S -- Parm:Time to Peak    Mon:           9  Year:        2005  N:         174
 FAILED K-S -- Parm:Time to Peak    Mon:           9  Year:        2005  N:         174
 FAILED K-S -- Parm:Time to Peak    Mon:           9  Year:        2005  N:         174
 FAILED K-S -- Parm:Time to Peak    Mon:           9  Year:        2005  N:         174
*** ERROR *** Could not produce desired level of quality in
                    << Time to Peak    >> random deviates.
 FAILED K-S -- Parm:Time to Peak    Mon:           9  Year:        2006  N:         180
 FAILED K-S -- Parm:Time to Peak    Mon:           9  Year:        2006  N:         180
 FAILED K-S -- Parm:Time to Peak    Mon:           9  Year:        2006  N:         180
 FAILED K-S -- Parm:Time to Peak    Mon:           9  Year:        2006  N:         180
 FAILED K-S -- Parm:Time to Peak    Mon:           9  Year:        2006  N:         180
*** ERROR *** Could not produce desired level of quality in
                    << Time to Peak    >> random deviates.
 FAILED K-S -- Parm:Time to Peak    Mon:           9  Year:        2007  N:         191
 FAILED K-S -- Parm:Time to Peak    Mon:           9  Year:        2007  N:         191
 FAILED K-S -- Parm:Time to Peak    Mon:           9  Year:        2007  N:         191
 FAILED K-S -- Parm:Time to Peak    Mon:           9  Year:        2007  N:         191
 FAILED K-S -- Parm:Time to Peak    Mon:           9  Year:        2007  N:         191
*** ERROR *** Could not produce desired level of quality in
                    << Time to Peak    >> random deviates.
 FAILED K-S -- Parm:Time to Peak    Mon:           9  Year:        2008  N:         196
 FAILED K-S -- Parm:Time to Peak    Mon:           9  Year:        2008  N:         196
 FAILED K-S -- Parm:Time to Peak    Mon:           9  Year:        2008  N:         196
 FAILED K-S -- Parm:Time to Peak    Mon:           9  Year:        2008  N:         196
 FAILED K-S -- Parm:Time to Peak    Mon:           9  Year:        2008  N:         196
*** ERROR *** Could not produce desired level of quality in
                    << Time to Peak    >> random deviates.
 FAILED K-S -- Parm:Time to Peak    Mon:           9  Year:        2009  N:         200
 FAILED K-S -- Parm:Time to Peak    Mon:           9  Year:        2009  N:         200
 FAILED K-S -- Parm:Time to Peak    Mon:           9  Year:        2009  N:         200
 FAILED K-S -- Parm:Time to Peak    Mon:           9  Year:        2009  N:         200
 FAILED K-S -- Parm:Time to Peak    Mon:           9  Year:        2009  N:         200
*** ERROR *** Could not produce desired level of quality in
                    << Time to Peak    >> random deviates.
 FAILED K-S -- Parm:Time to Peak    Mon:           9  Year:        2010  N:         212
 FAILED K-S -- Parm:Time to Peak    Mon:           9  Year:        2010  N:         212
 FAILED K-S -- Parm:Time to Peak    Mon:           9  Year:        2010  N:         212
 FAILED K-S -- Parm:Time to Peak    Mon:           9  Year:        2010  N:         212
 FAILED K-S -- Parm:Time to Peak    Mon:           9  Year:        2010  N:         212
*** ERROR *** Could not produce desired level of quality in
                    << Time to Peak    >> random deviates.
 FAILED K-S -- Parm:Time to Peak    Mon:           9  Year:        2011  N:         216
 FAILED K-S -- Parm:Time to Peak    Mon:           9  Year:        2011  N:         216
 FAILED K-S -- Parm:Time to Peak    Mon:           9  Year:        2011  N:         216
 FAILED K-S -- Parm:Time to Peak    Mon:           9  Year:        2011  N:         216
 FAILED K-S -- Parm:Time to Peak    Mon:           9  Year:        2011  N:         216
*** ERROR *** Could not produce desired level of quality in
                    << Time to Peak    >> random deviates.
 FAILED K-S -- Parm:Time to Peak    Mon:           9  Year:        2012  N:         224
 FAILED K-S -- Parm:Time to Peak    Mon:           9  Year:        2012  N:         224
 FAILED K-S -- Parm:Time to Peak    Mon:           9  Year:        2012  N:         224
At line 3013 of file cligen53.f (unit = 9, file = '0500000US39083.prn')
Fortran runtime error: Sequential READ or WRITE not allowed after EOF marker, possibly use REWIND or BACKSPACE
 FAILED K-S -- Parm:Time to Peak    Mon:           9  Year:        2012  N:         224
 FAILED K-S -- Parm:Time to Peak    Mon:           9  Year:        2012  N:         224
*** ERROR *** Could not produce desired level of quality in
                    << Time to Peak    >> random deviates.
 FAILED K-S -- Parm:Time to Peak    Mon:           9  Year:        2013  N:         230
 FAILED K-S -- Parm:Time to Peak    Mon:           9  Year:        2013  N:         230
 FAILED K-S -- Parm:Time to Peak    Mon:           9  Year:        2013  N:         230
 FAILED K-S -- Parm:Time to Peak    Mon:           9  Year:        2013  N:         230
 FAILED K-S -- Parm:Time to Peak    Mon:           9  Year:        2013  N:         230
*** ERROR *** Could not produce desired level of quality in
                    << Time to Peak    >> random deviates.
 Tdew -10 rangecheck executed.
