

  ********************************************************************
  *                                                                  *
  *              USDA - WATER EROSION PREDICTION PROJECT             *
  *                 WEPP CLIMATE INPUT DATA GENERATOR                *
  *                                                                  *
  *                    CONTINUOUS SIMULATION AND                     *
  *                       SINGLE STORM OPTIONS                       *
  *                    with Command Line Options,                    *
  *                        and Corrections to                        *
  *                  Rainfall Intensity Calculations                 *
  *                   and Random Number Generation.                  *
  *                                                                  *
  *                          VERSION 5.30000                         *
  *                     Revised from VERSION 4.2                     *
  *                           October 2004                           *
  *                                                                  *
  *           (Use -h or /h to list command line options.)           *
  *                                                                  *
  ********************************************************************


 tx415721.par                                                                                                                                                                                                                                                    
 0500000US48215.prn                                                                                                                                                                                                                                              
 FAILED K-S -- Parm:Time to Peak    Mon:          10  Year:        1995  N:         105
 FAILED K-S -- Parm:Time to Peak    Mon:          10  Year:        1995  N:         105
 FAILED K-S -- Parm:Time to Peak    Mon:          10  Year:        1995  N:         105
 FAILED K-S -- Parm:Time to Peak    Mon:          10  Year:        1995  N:         105
 FAILED K-S -- Parm:Time to Peak    Mon:          10  Year:        1995  N:         105
*** ERROR *** Could not produce desired level of quality in
                    << Time to Peak    >> random deviates.
 FAILED K-S -- Parm:Precip. Amt.    Mon:           3  Year:        2000  N:         100
 FAILED K-S -- Parm:Precip. Amt.    Mon:           3  Year:        2000  N:         100
 FAILED K-S -- Parm:Precip. Amt.    Mon:           3  Year:        2000  N:         100
 FAILED K-S -- Parm:Precip. Amt.    Mon:           3  Year:        2000  N:         100
 FAILED K-S -- Parm:Precip. Amt.    Mon:           3  Year:        2000  N:         100
*** ERROR *** Could not produce desired level of quality in
                    << Precip. Amt.    >> random deviates.
 FAILED K-S -- Parm:Precip. Amt.    Mon:           3  Year:        2001  N:         101
 FAILED K-S -- Parm:Precip. Amt.    Mon:           3  Year:        2001  N:         101
 FAILED K-S -- Parm:Precip. Amt.    Mon:           3  Year:        2001  N:         101
 FAILED K-S -- Parm:Precip. Amt.    Mon:           3  Year:        2001  N:         101
 FAILED K-S -- Parm:Precip. Amt.    Mon:           3  Year:        2001  N:         101
*** ERROR *** Could not produce desired level of quality in
                    << Precip. Amt.    >> random deviates.
 FAILED K-S -- Parm:Temp. Dew Pt.   Mon:           3  Year:        2001  N:         682
 FAILED K-S -- Parm:Time to Peak    Mon:           3  Year:        2001  N:         101
 FAILED K-S -- Parm:Precip. Amt.    Mon:           3  Year:        2002  N:         106
 FAILED K-S -- Parm:Precip. Amt.    Mon:           3  Year:        2002  N:         106
 FAILED K-S -- Parm:Precip. Amt.    Mon:           3  Year:        2002  N:         106
 FAILED K-S -- Parm:Precip. Amt.    Mon:           3  Year:        2002  N:         106
 FAILED K-S -- Parm:Precip. Amt.    Mon:           3  Year:        2002  N:         106
*** ERROR *** Could not produce desired level of quality in
                    << Precip. Amt.    >> random deviates.
 FAILED K-S -- Parm:Precip. Amt.    Mon:           3  Year:        2003  N:         107
 FAILED K-S -- Parm:Precip. Amt.    Mon:           3  Year:        2003  N:         107
 FAILED K-S -- Parm:Precip. Amt.    Mon:           3  Year:        2003  N:         107
 FAILED K-S -- Parm:Precip. Amt.    Mon:           3  Year:        2003  N:         107
 FAILED K-S -- Parm:Precip. Amt.    Mon:           3  Year:        2003  N:         107
*** ERROR *** Could not produce desired level of quality in
                    << Precip. Amt.    >> random deviates.
 FAILED K-S -- Parm:Precip. Amt.    Mon:           3  Year:        2004  N:         113
 FAILED K-S -- Parm:Precip. Amt.    Mon:           3  Year:        2004  N:         113
 FAILED K-S -- Parm:Precip. Amt.    Mon:           3  Year:        2004  N:         113
 FAILED K-S -- Parm:Precip. Amt.    Mon:           3  Year:        2004  N:         113
 FAILED K-S -- Parm:Precip. Amt.    Mon:           3  Year:        2004  N:         113
*** ERROR *** Could not produce desired level of quality in
                    << Precip. Amt.    >> random deviates.
 FAILED K-S -- Parm:Precip. Amt.    Mon:           6  Year:        2004  N:         100
 FAILED K-S -- Parm:Precip. Amt.    Mon:           6  Year:        2004  N:         100
 FAILED K-S -- Parm:Precip. Amt.    Mon:           6  Year:        2004  N:         100
 FAILED K-S -- Parm:Precip. Amt.    Mon:           6  Year:        2004  N:         100
 FAILED K-S -- Parm:Precip. Amt.    Mon:           6  Year:        2004  N:         100
*** ERROR *** Could not produce desired level of quality in
                    << Precip. Amt.    >> random deviates.
 FAILED K-S -- Parm:Wind Vel.       Mon:           6  Year:        2004  N:         750
 FAILED K-S -- Parm:Precip. Amt.    Mon:           3  Year:        2005  N:         122
 FAILED K-S -- Parm:Precip. Amt.    Mon:           3  Year:        2005  N:         122
 FAILED K-S -- Parm:Precip. Amt.    Mon:           3  Year:        2005  N:         122
 FAILED K-S -- Parm:Precip. Amt.    Mon:           3  Year:        2005  N:         122
 FAILED K-S -- Parm:Precip. Amt.    Mon:           3  Year:        2005  N:         122
*** ERROR *** Could not produce desired level of quality in
                    << Precip. Amt.    >> random deviates.
 FAILED K-S -- Parm:Temp. Dew Pt.   Mon:           3  Year:        2005  N:         775
 FAILED K-S -- Parm:Precip. Amt.    Mon:           6  Year:        2005  N:         102
 FAILED K-S -- Parm:Precip. Amt.    Mon:           6  Year:        2005  N:         102
 FAILED K-S -- Parm:Precip. Amt.    Mon:           6  Year:        2005  N:         102
 FAILED K-S -- Parm:Precip. Amt.    Mon:           6  Year:        2005  N:         102
 FAILED K-S -- Parm:Precip. Amt.    Mon:           6  Year:        2005  N:         102
*** ERROR *** Could not produce desired level of quality in
                    << Precip. Amt.    >> random deviates.
 FAILED K-S -- Parm:Precip. Amt.    Mon:           3  Year:        2006  N:         126
 FAILED K-S -- Parm:Precip. Amt.    Mon:           3  Year:        2006  N:         126
 FAILED K-S -- Parm:Precip. Amt.    Mon:           3  Year:        2006  N:         126
 FAILED K-S -- Parm:Precip. Amt.    Mon:           3  Year:        2006  N:         126
 FAILED K-S -- Parm:Precip. Amt.    Mon:           3  Year:        2006  N:         126
*** ERROR *** Could not produce desired level of quality in
                    << Precip. Amt.    >> random deviates.
 FAILED K-S -- Parm:Precip. Amt.    Mon:           6  Year:        2006  N:         103
 FAILED K-S -- Parm:Precip. Amt.    Mon:           6  Year:        2006  N:         103
 FAILED K-S -- Parm:Precip. Amt.    Mon:           6  Year:        2006  N:         103
 FAILED K-S -- Parm:Precip. Amt.    Mon:           6  Year:        2006  N:         103
 FAILED K-S -- Parm:Precip. Amt.    Mon:           6  Year:        2006  N:         103
*** ERROR *** Could not produce desired level of quality in
                    << Precip. Amt.    >> random deviates.
 Failed SN Mean test.
 Parm:Temp. Dew Pt.   Month:           6  Year:        2006  Mlevel=   60.0000000      SDlevel=   46.8211899      Days:         810
 FAILED K-S -- Parm:Precip. Amt.    Mon:           3  Year:        2007  N:         131
 FAILED K-S -- Parm:Precip. Amt.    Mon:           3  Year:        2007  N:         131
 FAILED K-S -- Parm:Precip. Amt.    Mon:           3  Year:        2007  N:         131
 FAILED K-S -- Parm:Precip. Amt.    Mon:           3  Year:        2007  N:         131
 FAILED K-S -- Parm:Precip. Amt.    Mon:           3  Year:        2007  N:         131
*** ERROR *** Could not produce desired level of quality in
                    << Precip. Amt.    >> random deviates.
 FAILED K-S -- Parm:Precip. Amt.    Mon:           6  Year:        2007  N:         106
 FAILED K-S -- Parm:Precip. Amt.    Mon:           6  Year:        2007  N:         106
 FAILED K-S -- Parm:Precip. Amt.    Mon:           6  Year:        2007  N:         106
 FAILED K-S -- Parm:Precip. Amt.    Mon:           6  Year:        2007  N:         106
 FAILED K-S -- Parm:Precip. Amt.    Mon:           6  Year:        2007  N:         106
*** ERROR *** Could not produce desired level of quality in
                    << Precip. Amt.    >> random deviates.
 FAILED K-S -- Parm:Precip. Amt.    Mon:           3  Year:        2008  N:         139
 FAILED K-S -- Parm:Precip. Amt.    Mon:           3  Year:        2008  N:         139
 FAILED K-S -- Parm:Precip. Amt.    Mon:           3  Year:        2008  N:         139
 FAILED K-S -- Parm:Precip. Amt.    Mon:           3  Year:        2008  N:         139
 FAILED K-S -- Parm:Precip. Amt.    Mon:           3  Year:        2008  N:         139
*** ERROR *** Could not produce desired level of quality in
                    << Precip. Amt.    >> random deviates.
 FAILED K-S -- Parm:Precip. Amt.    Mon:           6  Year:        2008  N:         109
 FAILED K-S -- Parm:Precip. Amt.    Mon:           6  Year:        2008  N:         109
 FAILED K-S -- Parm:Precip. Amt.    Mon:           6  Year:        2008  N:         109
 FAILED K-S -- Parm:Precip. Amt.    Mon:           6  Year:        2008  N:         109
 FAILED K-S -- Parm:Precip. Amt.    Mon:           6  Year:        2008  N:         109
*** ERROR *** Could not produce desired level of quality in
                    << Precip. Amt.    >> random deviates.
 Failed SN Mean test.
 Parm:Temp. Dew Pt.   Month:           6  Year:        2008  Mlevel=   60.0000000      SDlevel=   6.41312027      Days:         870
 FAILED K-S -- Parm:Precip. Amt.    Mon:           3  Year:        2009  N:         142
 FAILED K-S -- Parm:Precip. Amt.    Mon:           3  Year:        2009  N:         142
 FAILED K-S -- Parm:Precip. Amt.    Mon:           3  Year:        2009  N:         142
 FAILED K-S -- Parm:Precip. Amt.    Mon:           3  Year:        2009  N:         142
 FAILED K-S -- Parm:Precip. Amt.    Mon:           3  Year:        2009  N:         142
*** ERROR *** Could not produce desired level of quality in
                    << Precip. Amt.    >> random deviates.
 FAILED K-S -- Parm:Precip. Amt.    Mon:           3  Year:        2010  N:         145
 FAILED K-S -- Parm:Precip. Amt.    Mon:           3  Year:        2010  N:         145
 FAILED K-S -- Parm:Precip. Amt.    Mon:           3  Year:        2010  N:         145
 FAILED K-S -- Parm:Precip. Amt.    Mon:           3  Year:        2010  N:         145
 FAILED K-S -- Parm:Precip. Amt.    Mon:           3  Year:        2010  N:         145
*** ERROR *** Could not produce desired level of quality in
                    << Precip. Amt.    >> random deviates.
 FAILED K-S -- Parm:Precip. Amt.    Mon:           3  Year:        2011  N:         155
 Failed SN Mean test.
 Failed SN SD test.
 Parm:Precip. Amt.    Month:           3  Year:        2011  Mlevel=   60.0000000      SDlevel=   82.0790558      Days:         155
 FAILED K-S -- Parm:Precip. Amt.    Mon:           3  Year:        2011  N:         155
 Failed SN Mean test.
 Failed SN SD test.
 Parm:Precip. Amt.    Month:           3  Year:        2011  Mlevel=   60.0000000      SDlevel=   82.0790558      Days:         155
 FAILED K-S -- Parm:Precip. Amt.    Mon:           3  Year:        2011  N:         155
 Failed SN Mean test.
 Failed SN SD test.
 Parm:Precip. Amt.    Month:           3  Year:        2011  Mlevel=   60.0000000      SDlevel=   82.0790558      Days:         155
 FAILED K-S -- Parm:Precip. Amt.    Mon:           3  Year:        2011  N:         155
 Failed SN Mean test.
 Failed SN SD test.
 Parm:Precip. Amt.    Month:           3  Year:        2011  Mlevel=   60.0000000      SDlevel=   82.0790558      Days:         155
 FAILED K-S -- Parm:Precip. Amt.    Mon:           3  Year:        2011  N:         155
 Failed SN Mean test.
 Failed SN SD test.
 Parm:Precip. Amt.    Month:           3  Year:        2011  Mlevel=   60.0000000      SDlevel=   82.0790558      Days:         155
*** ERROR *** Could not produce desired level of quality in
                    << Precip. Amt.    >> random deviates.
 FAILED K-S -- Parm:Precip. Amt.    Mon:           3  Year:        2012  N:         156
 FAILED K-S -- Parm:Precip. Amt.    Mon:           3  Year:        2012  N:         156
 FAILED K-S -- Parm:Precip. Amt.    Mon:           3  Year:        2012  N:         156
 FAILED K-S -- Parm:Precip. Amt.    Mon:           3  Year:        2012  N:         156
 FAILED K-S -- Parm:Precip. Amt.    Mon:           3  Year:        2012  N:         156
*** ERROR *** Could not produce desired level of quality in
                    << Precip. Amt.    >> random deviates.
 FAILED K-S -- Parm:Precip. Amt.    Mon:           3  Year:        2013  N:         162
 Failed SN Mean test.
 Failed SN SD test.
 Parm:Precip. Amt.    Month:           3  Year:        2013  Mlevel=   70.0000000      SDlevel=   84.0460358      Days:         162
 FAILED K-S -- Parm:Precip. Amt.    Mon:           3  Year:        2013  N:         162
 Failed SN Mean test.
 Failed SN SD test.
 Parm:Precip. Amt.    Month:           3  Year:        2013  Mlevel=   70.0000000      SDlevel=   84.0460358      Days:         162
 Failed SN Mean test.
 Failed SN SD test.
 Parm:Precip. Amt.    Month:           3  Year:        2013  Mlevel=   70.0000000      SDlevel=   83.6569061      Days:         162
 FAILED K-S -- Parm:Precip. Amt.    Mon:           3  Year:        2013  N:         162
 Failed SN Mean test.
 Failed SN SD test.
 Parm:Precip. Amt.    Month:           3  Year:        2013  Mlevel=   70.0000000      SDlevel=   83.6569061      Days:         162
 FAILED K-S -- Parm:Precip. Amt.    Mon:           3  Year:        2013  N:         162
 Failed SN Mean test.
 Failed SN SD test.
 Parm:Precip. Amt.    Month:           3  Year:        2013  Mlevel=   70.0000000      SDlevel=   83.6569061      Days:         162
*** ERROR *** Could not produce desired level of quality in
                    << Precip. Amt.    >> random deviates.
 FAILED K-S -- Parm:Precip. Amt.    Mon:           3  Year:        2014  N:         164
 FAILED K-S -- Parm:Precip. Amt.    Mon:           3  Year:        2014  N:         164
 FAILED K-S -- Parm:Precip. Amt.    Mon:           3  Year:        2014  N:         164
 FAILED K-S -- Parm:Precip. Amt.    Mon:           3  Year:        2014  N:         164
 FAILED K-S -- Parm:Precip. Amt.    Mon:           3  Year:        2014  N:         164
*** ERROR *** Could not produce desired level of quality in
                    << Precip. Amt.    >> random deviates.
 FAILED K-S -- Parm:Precip. Amt.    Mon:           3  Year:        2015  N:         173
 Failed SN SD test.
 Parm:Precip. Amt.    Month:           3  Year:        2015  Mlevel=   50.0000000      SDlevel=   83.0302505      Days:         173
 FAILED K-S -- Parm:Precip. Amt.    Mon:           3  Year:        2015  N:         173
 Failed SN SD test.
 Parm:Precip. Amt.    Month:           3  Year:        2015  Mlevel=   50.0000000      SDlevel=   83.0302505      Days:         173
 FAILED K-S -- Parm:Precip. Amt.    Mon:           3  Year:        2015  N:         173
 Failed SN SD test.
 Parm:Precip. Amt.    Month:           3  Year:        2015  Mlevel=   50.0000000      SDlevel=   83.0302505      Days:         173
At line 3013 of file cligen53.f (unit = 9, file = '0500000US48215.prn')
Fortran runtime error: Sequential READ or WRITE not allowed after EOF marker, possibly use REWIND or BACKSPACE
 FAILED K-S -- Parm:Precip. Amt.    Mon:           3  Year:        2015  N:         173
 Failed SN SD test.
 Parm:Precip. Amt.    Month:           3  Year:        2015  Mlevel=   50.0000000      SDlevel=   83.0302505      Days:         173
 FAILED K-S -- Parm:Precip. Amt.    Mon:           3  Year:        2015  N:         173
 Failed SN SD test.
 Parm:Precip. Amt.    Month:           3  Year:        2015  Mlevel=   50.0000000      SDlevel=   83.0302505      Days:         173
*** ERROR *** Could not produce desired level of quality in
                    << Precip. Amt.    >> random deviates.
 FAILED K-S -- Parm:Precip. Amt.    Mon:           3  Year:        2016  N:         181
 Failed SN Mean test.
 Failed SN SD test.
 Parm:Precip. Amt.    Month:           3  Year:        2016  Mlevel=   60.0000000      SDlevel=   85.4547348      Days:         181
 FAILED K-S -- Parm:Precip. Amt.    Mon:           3  Year:        2016  N:         181
 Failed SN Mean test.
 Failed SN SD test.
 Parm:Precip. Amt.    Month:           3  Year:        2016  Mlevel=   60.0000000      SDlevel=   85.4547348      Days:         181
 FAILED K-S -- Parm:Precip. Amt.    Mon:           3  Year:        2016  N:         181
 Failed SN Mean test.
 Failed SN SD test.
 Parm:Precip. Amt.    Month:           3  Year:        2016  Mlevel=   60.0000000      SDlevel=   85.4547348      Days:         181
 FAILED K-S -- Parm:Precip. Amt.    Mon:           3  Year:        2016  N:         181
 Failed SN Mean test.
 Failed SN SD test.
 Parm:Precip. Amt.    Month:           3  Year:        2016  Mlevel=   60.0000000      SDlevel=   85.4547348      Days:         181
 FAILED K-S -- Parm:Precip. Amt.    Mon:           3  Year:        2016  N:         181
 Failed SN Mean test.
 Failed SN SD test.
 Parm:Precip. Amt.    Month:           3  Year:        2016  Mlevel=   60.0000000      SDlevel=   85.4547348      Days:         181
*** ERROR *** Could not produce desired level of quality in
                    << Precip. Amt.    >> random deviates.
 FAILED K-S -- Parm:Precip. Amt.    Mon:           3  Year:        2017  N:         183
 FAILED K-S -- Parm:Precip. Amt.    Mon:           3  Year:        2017  N:         183
 FAILED K-S -- Parm:Precip. Amt.    Mon:           3  Year:        2017  N:         183
 FAILED K-S -- Parm:Precip. Amt.    Mon:           3  Year:        2017  N:         183
 FAILED K-S -- Parm:Precip. Amt.    Mon:           3  Year:        2017  N:         183
*** ERROR *** Could not produce desired level of quality in
                    << Precip. Amt.    >> random deviates.
