

  ********************************************************************
  *                                                                  *
  *              USDA - WATER EROSION PREDICTION PROJECT             *
  *                 WEPP CLIMATE INPUT DATA GENERATOR                *
  *                                                                  *
  *                    CONTINUOUS SIMULATION AND                     *
  *                       SINGLE STORM OPTIONS                       *
  *                    with Command Line Options,                    *
  *                        and Corrections to                        *
  *                  Rainfall Intensity Calculations                 *
  *                   and Random Number Generation.                  *
  *                                                                  *
  *                          VERSION 5.30000                         *
  *                     Revised from VERSION 4.2                     *
  *                           October 2004                           *
  *                                                                  *
  *           (Use -h or /h to list command line options.)           *
  *                                                                  *
  ********************************************************************


 ca045738.par                                                                                                                                                                                                                                                    
 0500000US06099.prn                                                                                                                                                                                                                                              
 Failed SN SD test.
 Parm:Precip. Amt.    Month:           6  Year:        2002  Mlevel=   20.0000000      SDlevel=   55.0478706      Days:          12
 Failed SN SD test.
 Parm:Precip. Amt.    Month:           6  Year:        2002  Mlevel=   10.0000000      SDlevel=   56.6779442      Days:          12
 Failed SN SD test.
 Parm:Precip. Amt.    Month:           6  Year:        2002  Mlevel=   5.00000000      SDlevel=   55.8771362      Days:          12
 Failed SN SD test.
 Parm:Precip. Amt.    Month:           6  Year:        2002  Mlevel=   20.0000000      SDlevel=   55.2688370      Days:          12
 Failed SN SD test.
 Parm:Precip. Amt.    Month:           6  Year:        2002  Mlevel=   20.0000000      SDlevel=   55.1767044      Days:          12
*** ERROR *** Could not produce desired level of quality in
                    << Precip. Amt.    >> random deviates.
 Failed SN SD test.
 Parm:Precip. Amt.    Month:           6  Year:        2003  Mlevel=   20.0000000      SDlevel=   55.1767044      Days:          12
 Failed SN SD test.
 Parm:Precip. Amt.    Month:           6  Year:        2003  Mlevel=   20.0000000      SDlevel=   55.1767044      Days:          12
 Failed SN SD test.
 Parm:Precip. Amt.    Month:           6  Year:        2003  Mlevel=   20.0000000      SDlevel=   55.1767044      Days:          12
 Failed SN SD test.
 Parm:Precip. Amt.    Month:           6  Year:        2003  Mlevel=   20.0000000      SDlevel=   55.1767044      Days:          12
 Failed SN SD test.
 Parm:Precip. Amt.    Month:           6  Year:        2003  Mlevel=   20.0000000      SDlevel=   55.1767044      Days:          12
*** ERROR *** Could not produce desired level of quality in
                    << Precip. Amt.    >> random deviates.
 Failed SN SD test.
 Parm:Precip. Amt.    Month:           6  Year:        2004  Mlevel=   20.0000000      SDlevel=   55.1767044      Days:          12
 Failed SN SD test.
 Parm:Precip. Amt.    Month:           6  Year:        2004  Mlevel=   20.0000000      SDlevel=   55.1767044      Days:          12
 Failed SN SD test.
 Parm:Precip. Amt.    Month:           6  Year:        2004  Mlevel=   20.0000000      SDlevel=   55.1767044      Days:          12
 Failed SN SD test.
At line 3013 of file cligen53.f (unit = 9, file = '0500000US06099.prn')
Fortran runtime error: Sequential READ or WRITE not allowed after EOF marker, possibly use REWIND or BACKSPACE
 Parm:Precip. Amt.    Month:           6  Year:        2004  Mlevel=   20.0000000      SDlevel=   55.1767044      Days:          12
 Failed SN SD test.
 Parm:Precip. Amt.    Month:           6  Year:        2004  Mlevel=   20.0000000      SDlevel=   55.1767044      Days:          12
*** ERROR *** Could not produce desired level of quality in
                    << Precip. Amt.    >> random deviates.
 FAILED K-S -- Parm:Wind Vel.       Mon:           6  Year:        2004  N:         750
 Failed SN SD test.
 Parm:Precip. Amt.    Month:           6  Year:        2005  Mlevel=   20.0000000      SDlevel=   55.1767044      Days:          12
 Failed SN SD test.
 Parm:Precip. Amt.    Month:           6  Year:        2005  Mlevel=   20.0000000      SDlevel=   55.1767044      Days:          12
 Failed SN SD test.
 Parm:Precip. Amt.    Month:           6  Year:        2005  Mlevel=   20.0000000      SDlevel=   55.1767044      Days:          12
 Failed SN SD test.
 Parm:Precip. Amt.    Month:           6  Year:        2005  Mlevel=   20.0000000      SDlevel=   55.1767044      Days:          12
 Failed SN SD test.
 Parm:Precip. Amt.    Month:           6  Year:        2005  Mlevel=   20.0000000      SDlevel=   55.1767044      Days:          12
*** ERROR *** Could not produce desired level of quality in
                    << Precip. Amt.    >> random deviates.
 Failed SN SD test.
 Parm:Precip. Amt.    Month:           6  Year:        2006  Mlevel=   20.0000000      SDlevel=   55.1767044      Days:          12
 Failed SN SD test.
 Parm:Precip. Amt.    Month:           6  Year:        2006  Mlevel=   20.0000000      SDlevel=   55.1767044      Days:          12
 Failed SN SD test.
 Parm:Precip. Amt.    Month:           6  Year:        2006  Mlevel=   20.0000000      SDlevel=   55.1767044      Days:          12
 Failed SN SD test.
 Parm:Precip. Amt.    Month:           6  Year:        2006  Mlevel=   20.0000000      SDlevel=   55.1767044      Days:          12
 Failed SN SD test.
 Parm:Precip. Amt.    Month:           6  Year:        2006  Mlevel=   20.0000000      SDlevel=   55.1767044      Days:          12
*** ERROR *** Could not produce desired level of quality in
                    << Precip. Amt.    >> random deviates.
