

  ********************************************************************
  *                                                                  *
  *              USDA - WATER EROSION PREDICTION PROJECT             *
  *                 WEPP CLIMATE INPUT DATA GENERATOR                *
  *                                                                  *
  *                    CONTINUOUS SIMULATION AND                     *
  *                       SINGLE STORM OPTIONS                       *
  *                    with Command Line Options,                    *
  *                        and Corrections to                        *
  *                  Rainfall Intensity Calculations                 *
  *                   and Random Number Generation.                  *
  *                                                                  *
  *                          VERSION 5.30000                         *
  *                     Revised from VERSION 4.2                     *
  *                           October 2004                           *
  *                                                                  *
  *           (Use -h or /h to list command line options.)           *
  *                                                                  *
  ********************************************************************


 sc385493.par                                                                                                                                                                                                                                                    
 0500000US45027.prn                                                                                                                                                                                                                                              
 FAILED K-S -- Parm:Time to Peak    Mon:           6  Year:        1990  N:         100
 FAILED K-S -- Parm:Time to Peak    Mon:           6  Year:        1990  N:         100
 FAILED K-S -- Parm:Time to Peak    Mon:           6  Year:        1990  N:         100
 FAILED K-S -- Parm:Time to Peak    Mon:           6  Year:        1990  N:         100
 FAILED K-S -- Parm:Time to Peak    Mon:           6  Year:        1990  N:         100
*** ERROR *** Could not produce desired level of quality in
                    << Time to Peak    >> random deviates.
 FAILED K-S -- Parm:Time to Peak    Mon:           6  Year:        1991  N:         104
 FAILED K-S -- Parm:Time to Peak    Mon:           6  Year:        1991  N:         104
 FAILED K-S -- Parm:Time to Peak    Mon:           6  Year:        1991  N:         104
 FAILED K-S -- Parm:Time to Peak    Mon:           6  Year:        1991  N:         104
 FAILED K-S -- Parm:Time to Peak    Mon:           6  Year:        1991  N:         104
*** ERROR *** Could not produce desired level of quality in
                    << Time to Peak    >> random deviates.
 FAILED K-S -- Parm:Time to Peak    Mon:           6  Year:        1992  N:         114
 FAILED K-S -- Parm:Time to Peak    Mon:           6  Year:        1992  N:         114
 FAILED K-S -- Parm:Time to Peak    Mon:           6  Year:        1992  N:         114
 FAILED K-S -- Parm:Time to Peak    Mon:           6  Year:        1992  N:         114
 FAILED K-S -- Parm:Time to Peak    Mon:           6  Year:        1992  N:         114
*** ERROR *** Could not produce desired level of quality in
                    << Time to Peak    >> random deviates.
 FAILED K-S -- Parm:Time to Peak    Mon:           6  Year:        1993  N:         125
 FAILED K-S -- Parm:Time to Peak    Mon:           6  Year:        1993  N:         125
 FAILED K-S -- Parm:Time to Peak    Mon:           6  Year:        1993  N:         125
 FAILED K-S -- Parm:Time to Peak    Mon:           6  Year:        1993  N:         125
 FAILED K-S -- Parm:Time to Peak    Mon:           6  Year:        1993  N:         125
*** ERROR *** Could not produce desired level of quality in
                    << Time to Peak    >> random deviates.
At line 3013 of file cligen53.f (unit = 9, file = '0500000US45027.prn')
Fortran runtime error: Sequential READ or WRITE not allowed after EOF marker, possibly use REWIND or BACKSPACE
 FAILED K-S -- Parm:Time to Peak    Mon:           3  Year:        1994  N:         108
 FAILED K-S -- Parm:Time to Peak    Mon:           3  Year:        1994  N:         108
 FAILED K-S -- Parm:Time to Peak    Mon:           3  Year:        1994  N:         108
 FAILED K-S -- Parm:Time to Peak    Mon:           3  Year:        1994  N:         108
 FAILED K-S -- Parm:Time to Peak    Mon:           3  Year:        1994  N:         108
*** ERROR *** Could not produce desired level of quality in
                    << Time to Peak    >> random deviates.
 FAILED K-S -- Parm:Time to Peak    Mon:           6  Year:        1994  N:         138
 FAILED K-S -- Parm:Time to Peak    Mon:           6  Year:        1994  N:         138
 FAILED K-S -- Parm:Time to Peak    Mon:           6  Year:        1994  N:         138
 FAILED K-S -- Parm:Time to Peak    Mon:           6  Year:        1994  N:         138
 FAILED K-S -- Parm:Time to Peak    Mon:           6  Year:        1994  N:         138
*** ERROR *** Could not produce desired level of quality in
                    << Time to Peak    >> random deviates.
 FAILED K-S -- Parm:Time to Peak    Mon:           6  Year:        1995  N:         149
 FAILED K-S -- Parm:Time to Peak    Mon:           6  Year:        1995  N:         149
 FAILED K-S -- Parm:Time to Peak    Mon:           6  Year:        1995  N:         149
 FAILED K-S -- Parm:Time to Peak    Mon:           6  Year:        1995  N:         149
 FAILED K-S -- Parm:Time to Peak    Mon:           6  Year:        1995  N:         149
*** ERROR *** Could not produce desired level of quality in
                    << Time to Peak    >> random deviates.
 FAILED K-S -- Parm:Time to Peak    Mon:           6  Year:        1996  N:         165
 FAILED K-S -- Parm:Time to Peak    Mon:           6  Year:        1996  N:         165
 FAILED K-S -- Parm:Time to Peak    Mon:           6  Year:        1996  N:         165
 FAILED K-S -- Parm:Time to Peak    Mon:           6  Year:        1996  N:         165
 FAILED K-S -- Parm:Time to Peak    Mon:           6  Year:        1996  N:         165
*** ERROR *** Could not produce desired level of quality in
                    << Time to Peak    >> random deviates.
 FAILED K-S -- Parm:Time to Peak    Mon:           6  Year:        1997  N:         171
 FAILED K-S -- Parm:Time to Peak    Mon:           6  Year:        1997  N:         171
 FAILED K-S -- Parm:Time to Peak    Mon:           6  Year:        1997  N:         171
 FAILED K-S -- Parm:Time to Peak    Mon:           6  Year:        1997  N:         171
 FAILED K-S -- Parm:Time to Peak    Mon:           6  Year:        1997  N:         171
*** ERROR *** Could not produce desired level of quality in
                    << Time to Peak    >> random deviates.
 FAILED K-S -- Parm:Time to Peak    Mon:           6  Year:        1998  N:         183
 FAILED K-S -- Parm:Time to Peak    Mon:           6  Year:        1998  N:         183
 FAILED K-S -- Parm:Time to Peak    Mon:           6  Year:        1998  N:         183
 FAILED K-S -- Parm:Time to Peak    Mon:           6  Year:        1998  N:         183
 FAILED K-S -- Parm:Time to Peak    Mon:           6  Year:        1998  N:         183
*** ERROR *** Could not produce desired level of quality in
                    << Time to Peak    >> random deviates.
