

  ********************************************************************
  *                                                                  *
  *              USDA - WATER EROSION PREDICTION PROJECT             *
  *                 WEPP CLIMATE INPUT DATA GENERATOR                *
  *                                                                  *
  *                    CONTINUOUS SIMULATION AND                     *
  *                       SINGLE STORM OPTIONS                       *
  *                    with Command Line Options,                    *
  *                        and Corrections to                        *
  *                  Rainfall Intensity Calculations                 *
  *                   and Random Number Generation.                  *
  *                                                                  *
  *                          VERSION 5.30000                         *
  *                     Revised from VERSION 4.2                     *
  *                           October 2004                           *
  *                                                                  *
  *           (Use -h or /h to list command line options.)           *
  *                                                                  *
  ********************************************************************


 sd394516.par                                                                                                                                                                                                                                                    
 0500000US46085.prn                                                                                                                                                                                                                                              
 Tdew -10 rangecheck executed.
 Tdew -10 rangecheck executed.
 Tdew -10 rangecheck executed.
 Tdew -10 rangecheck executed.
 Tdew -10 rangecheck executed.
 Tdew -10 rangecheck executed.
 Tdew -10 rangecheck executed.
 Tdew -10 rangecheck executed.
 Tdew -10 rangecheck executed.
 Tdew -10 rangecheck executed.
 Tdew -10 rangecheck executed.
 Tdew -10 rangecheck executed.
 Tdew -10 rangecheck executed.
 Tdew -10 rangecheck executed.
 Tdew -10 rangecheck executed.
 Tdew -10 rangecheck executed.
 Tdew -10 rangecheck executed.
 Tdew -10 rangecheck executed.
 Tdew -10 rangecheck executed.
 Tdew -10 rangecheck executed.
 Tdew -10 rangecheck executed.
 Tdew -10 rangecheck executed.
 Tdew -10 rangecheck executed.
 Tdew -10 rangecheck executed.
 Tdew -10 rangecheck executed.
 Tdew -10 rangecheck executed.
 Tdew -10 rangecheck executed.
 Tdew -10 rangecheck executed.
 Tdew -10 rangecheck executed.
 Tdew -10 rangecheck executed.
 Tdew -10 rangecheck executed.
 Tdew -10 rangecheck executed.
 Tdew -10 rangecheck executed.
 Tdew -10 rangecheck executed.
 Tdew -10 rangecheck executed.
 Tdew -10 rangecheck executed.
 Tdew -10 rangecheck executed.
 Tdew -10 rangecheck executed.
 Tdew -10 rangecheck executed.
 Tdew -10 rangecheck executed.
 Tdew -10 rangecheck executed.
 Tdew -10 rangecheck executed.
 Tdew -10 rangecheck executed.
 Tdew -10 rangecheck executed.
 Tdew -10 rangecheck executed.
 Tdew -10 rangecheck executed.
 Tdew -10 rangecheck executed.
 Tdew -10 rangecheck executed.
 Tdew -10 rangecheck executed.
 Tdew -10 rangecheck executed.
 Tdew -10 rangecheck executed.
 Tdew -10 rangecheck executed.
 Tdew -10 rangecheck executed.
 Tdew -10 rangecheck executed.
 Tdew -10 rangecheck executed.
 Tdew -10 rangecheck executed.
 Tdew -10 rangecheck executed.
 Tdew -10 rangecheck executed.
 Tdew -10 rangecheck executed.
 Tdew -10 rangecheck executed.
 Tdew -10 rangecheck executed.
 Tdew -10 rangecheck executed.
 Tdew -10 rangecheck executed.
 Tdew -10 rangecheck executed.
 FAILED K-S -- Parm:Time to Peak    Mon:           6  Year:        1990  N:         103
 FAILED K-S -- Parm:Time to Peak    Mon:           6  Year:        1990  N:         103
 FAILED K-S -- Parm:Time to Peak    Mon:           6  Year:        1990  N:         103
 FAILED K-S -- Parm:Time to Peak    Mon:           6  Year:        1990  N:         103
 FAILED K-S -- Parm:Time to Peak    Mon:           6  Year:        1990  N:         103
*** ERROR *** Could not produce desired level of quality in
                    << Time to Peak    >> random deviates.
 Tdew -10 rangecheck executed.
 Tdew -10 rangecheck executed.
 Tdew -10 rangecheck executed.
 Tdew -10 rangecheck executed.
 Tdew -10 rangecheck executed.
 Tdew -10 rangecheck executed.
 Tdew -10 rangecheck executed.
 Tdew -10 rangecheck executed.
 Tdew -10 rangecheck executed.
 FAILED K-S -- Parm:Time to Peak    Mon:           6  Year:        1991  N:         107
 FAILED K-S -- Parm:Time to Peak    Mon:           6  Year:        1991  N:         107
 FAILED K-S -- Parm:Time to Peak    Mon:           6  Year:        1991  N:         107
 FAILED K-S -- Parm:Time to Peak    Mon:           6  Year:        1991  N:         107
 FAILED K-S -- Parm:Time to Peak    Mon:           6  Year:        1991  N:         107
*** ERROR *** Could not produce desired level of quality in
                    << Time to Peak    >> random deviates.
 Tdew -10 rangecheck executed.
 Tdew -10 rangecheck executed.
 Tdew -10 rangecheck executed.
 Tdew -10 rangecheck executed.
 Tdew -10 rangecheck executed.
 Tdew -10 rangecheck executed.
 Tdew -10 rangecheck executed.
 Tdew -10 rangecheck executed.
 Tdew -10 rangecheck executed.
 FAILED K-S -- Parm:Time to Peak    Mon:           4  Year:        1993  N:         100
 FAILED K-S -- Parm:Time to Peak    Mon:           4  Year:        1993  N:         100
 FAILED K-S -- Parm:Time to Peak    Mon:           4  Year:        1993  N:         100
 FAILED K-S -- Parm:Time to Peak    Mon:           4  Year:        1993  N:         100
 FAILED K-S -- Parm:Time to Peak    Mon:           4  Year:        1993  N:         100
*** ERROR *** Could not produce desired level of quality in
                    << Time to Peak    >> random deviates.
 Tdew -10 rangecheck executed.
 Tdew -10 rangecheck executed.
 Tdew -10 rangecheck executed.
 Tdew -10 rangecheck executed.
 FAILED K-S -- Parm:Time to Peak    Mon:           4  Year:        1994  N:         116
 FAILED K-S -- Parm:Time to Peak    Mon:           4  Year:        1994  N:         116
 FAILED K-S -- Parm:Time to Peak    Mon:           4  Year:        1994  N:         116
 FAILED K-S -- Parm:Time to Peak    Mon:           4  Year:        1994  N:         116
 FAILED K-S -- Parm:Time to Peak    Mon:           4  Year:        1994  N:         116
*** ERROR *** Could not produce desired level of quality in
                    << Time to Peak    >> random deviates.
 Tdew -10 rangecheck executed.
 FAILED K-S -- Parm:Time to Peak    Mon:           4  Year:        1995  N:         123
 FAILED K-S -- Parm:Time to Peak    Mon:           4  Year:        1995  N:         123
 FAILED K-S -- Parm:Time to Peak    Mon:           4  Year:        1995  N:         123
 FAILED K-S -- Parm:Time to Peak    Mon:           4  Year:        1995  N:         123
 FAILED K-S -- Parm:Time to Peak    Mon:           4  Year:        1995  N:         123
*** ERROR *** Could not produce desired level of quality in
                    << Time to Peak    >> random deviates.
 Tdew -10 rangecheck executed.
 Tdew -10 rangecheck executed.
 Tdew -10 rangecheck executed.
 Tdew -10 rangecheck executed.
 Tdew -10 rangecheck executed.
 Tdew -10 rangecheck executed.
 Tdew -10 rangecheck executed.
 Tdew -10 rangecheck executed.
 Tdew -10 rangecheck executed.
 Tdew -10 rangecheck executed.
 Tdew -10 rangecheck executed.
 Tdew -10 rangecheck executed.
 Tdew -10 rangecheck executed.
 Tdew -10 rangecheck executed.
 Tdew -10 rangecheck executed.
 Tdew -10 rangecheck executed.
 Tdew -10 rangecheck executed.
 Tdew -10 rangecheck executed.
 FAILED K-S -- Parm:Time to Peak    Mon:           4  Year:        1996  N:         131
 FAILED K-S -- Parm:Time to Peak    Mon:           4  Year:        1996  N:         131
 FAILED K-S -- Parm:Time to Peak    Mon:           4  Year:        1996  N:         131
 FAILED K-S -- Parm:Time to Peak    Mon:           4  Year:        1996  N:         131
 FAILED K-S -- Parm:Time to Peak    Mon:           4  Year:        1996  N:         131
*** ERROR *** Could not produce desired level of quality in
                    << Time to Peak    >> random deviates.
 Tdew -10 rangecheck executed.
 Tdew -10 rangecheck executed.
 Tdew -10 rangecheck executed.
 Tdew -10 rangecheck executed.
 Tdew -10 rangecheck executed.
 Tdew -10 rangecheck executed.
 Tdew -10 rangecheck executed.
 Tdew -10 rangecheck executed.
 Tdew -10 rangecheck executed.
 Tdew -10 rangecheck executed.
 Tdew -10 rangecheck executed.
 FAILED K-S -- Parm:Time to Peak    Mon:           4  Year:        1997  N:         138
 FAILED K-S -- Parm:Time to Peak    Mon:           4  Year:        1997  N:         138
 FAILED K-S -- Parm:Time to Peak    Mon:           4  Year:        1997  N:         138
 FAILED K-S -- Parm:Time to Peak    Mon:           4  Year:        1997  N:         138
 FAILED K-S -- Parm:Time to Peak    Mon:           4  Year:        1997  N:         138
*** ERROR *** Could not produce desired level of quality in
                    << Time to Peak    >> random deviates.
 Tdew -10 rangecheck executed.
 Tdew -10 rangecheck executed.
 FAILED K-S -- Parm:Time to Peak    Mon:           4  Year:        1998  N:         143
 FAILED K-S -- Parm:Time to Peak    Mon:           4  Year:        1998  N:         143
 FAILED K-S -- Parm:Time to Peak    Mon:           4  Year:        1998  N:         143
 FAILED K-S -- Parm:Time to Peak    Mon:           4  Year:        1998  N:         143
 FAILED K-S -- Parm:Time to Peak    Mon:           4  Year:        1998  N:         143
*** ERROR *** Could not produce desired level of quality in
                    << Time to Peak    >> random deviates.
 Tdew -10 rangecheck executed.
 Tdew -10 rangecheck executed.
 FAILED K-S -- Parm:Time to Peak    Mon:           4  Year:        1999  N:         158
 FAILED K-S -- Parm:Time to Peak    Mon:           4  Year:        1999  N:         158
 FAILED K-S -- Parm:Time to Peak    Mon:           4  Year:        1999  N:         158
 FAILED K-S -- Parm:Time to Peak    Mon:           4  Year:        1999  N:         158
 FAILED K-S -- Parm:Time to Peak    Mon:           4  Year:        1999  N:         158
*** ERROR *** Could not produce desired level of quality in
                    << Time to Peak    >> random deviates.
 FAILED K-S -- Parm:Time to Peak    Mon:           4  Year:        2000  N:         165
 FAILED K-S -- Parm:Time to Peak    Mon:           4  Year:        2000  N:         165
 FAILED K-S -- Parm:Time to Peak    Mon:           4  Year:        2000  N:         165
 FAILED K-S -- Parm:Time to Peak    Mon:           4  Year:        2000  N:         165
 FAILED K-S -- Parm:Time to Peak    Mon:           4  Year:        2000  N:         165
*** ERROR *** Could not produce desired level of quality in
                    << Time to Peak    >> random deviates.
 Tdew -10 rangecheck executed.
 Tdew -10 rangecheck executed.
 Tdew -10 rangecheck executed.
 Tdew -10 rangecheck executed.
 Tdew -10 rangecheck executed.
 Tdew -10 rangecheck executed.
 Tdew -10 rangecheck executed.
 Tdew -10 rangecheck executed.
 FAILED K-S -- Parm:Time to Peak    Mon:           4  Year:        2001  N:         173
 FAILED K-S -- Parm:Time to Peak    Mon:           4  Year:        2001  N:         173
 FAILED K-S -- Parm:Time to Peak    Mon:           4  Year:        2001  N:         173
 FAILED K-S -- Parm:Time to Peak    Mon:           4  Year:        2001  N:         173
 FAILED K-S -- Parm:Time to Peak    Mon:           4  Year:        2001  N:         173
*** ERROR *** Could not produce desired level of quality in
                    << Time to Peak    >> random deviates.
 Tdew -10 rangecheck executed.
 Tdew -10 rangecheck executed.
 FAILED K-S -- Parm:Time to Peak    Mon:           4  Year:        2002  N:         185
 FAILED K-S -- Parm:Time to Peak    Mon:           4  Year:        2002  N:         185
 FAILED K-S -- Parm:Time to Peak    Mon:           4  Year:        2002  N:         185
 FAILED K-S -- Parm:Time to Peak    Mon:           4  Year:        2002  N:         185
 FAILED K-S -- Parm:Time to Peak    Mon:           4  Year:        2002  N:         185
*** ERROR *** Could not produce desired level of quality in
                    << Time to Peak    >> random deviates.
 Tdew -10 rangecheck executed.
 Tdew -10 rangecheck executed.
 Tdew -10 rangecheck executed.
 FAILED K-S -- Parm:Time to Peak    Mon:           4  Year:        2003  N:         188
 FAILED K-S -- Parm:Time to Peak    Mon:           4  Year:        2003  N:         188
 FAILED K-S -- Parm:Time to Peak    Mon:           4  Year:        2003  N:         188
 FAILED K-S -- Parm:Time to Peak    Mon:           4  Year:        2003  N:         188
 FAILED K-S -- Parm:Time to Peak    Mon:           4  Year:        2003  N:         188
*** ERROR *** Could not produce desired level of quality in
                    << Time to Peak    >> random deviates.
 FAILED K-S -- Parm:Time to Peak    Mon:           9  Year:        2003  N:         102
 FAILED K-S -- Parm:Time to Peak    Mon:           9  Year:        2003  N:         102
 FAILED K-S -- Parm:Time to Peak    Mon:           9  Year:        2003  N:         102
 FAILED K-S -- Parm:Time to Peak    Mon:           9  Year:        2003  N:         102
 FAILED K-S -- Parm:Time to Peak    Mon:           9  Year:        2003  N:         102
*** ERROR *** Could not produce desired level of quality in
                    << Time to Peak    >> random deviates.
 Tdew -10 rangecheck executed.
 Tdew -10 rangecheck executed.
 Tdew -10 rangecheck executed.
 FAILED K-S -- Parm:Time to Peak    Mon:           4  Year:        2004  N:         197
 FAILED K-S -- Parm:Time to Peak    Mon:           4  Year:        2004  N:         197
 FAILED K-S -- Parm:Time to Peak    Mon:           4  Year:        2004  N:         197
 FAILED K-S -- Parm:Time to Peak    Mon:           4  Year:        2004  N:         197
 FAILED K-S -- Parm:Time to Peak    Mon:           4  Year:        2004  N:         197
*** ERROR *** Could not produce desired level of quality in
                    << Time to Peak    >> random deviates.
 FAILED K-S -- Parm:Time to Peak    Mon:           9  Year:        2004  N:         108
 FAILED K-S -- Parm:Time to Peak    Mon:           9  Year:        2004  N:         108
 FAILED K-S -- Parm:Time to Peak    Mon:           9  Year:        2004  N:         108
 FAILED K-S -- Parm:Time to Peak    Mon:           9  Year:        2004  N:         108
 FAILED K-S -- Parm:Time to Peak    Mon:           9  Year:        2004  N:         108
*** ERROR *** Could not produce desired level of quality in
                    << Time to Peak    >> random deviates.
 Tdew -10 rangecheck executed.
 Tdew -10 rangecheck executed.
 Tdew -10 rangecheck executed.
 Tdew -10 rangecheck executed.
 FAILED K-S -- Parm:Precip. Amt.    Mon:           2  Year:        2005  N:         102
 FAILED K-S -- Parm:Precip. Amt.    Mon:           2  Year:        2005  N:         102
 FAILED K-S -- Parm:Precip. Amt.    Mon:           2  Year:        2005  N:         102
 FAILED K-S -- Parm:Precip. Amt.    Mon:           2  Year:        2005  N:         102
 FAILED K-S -- Parm:Precip. Amt.    Mon:           2  Year:        2005  N:         102
*** ERROR *** Could not produce desired level of quality in
                    << Precip. Amt.    >> random deviates.
 FAILED K-S -- Parm:Time to Peak    Mon:           2  Year:        2005  N:         102
 FAILED K-S -- Parm:Time to Peak    Mon:           4  Year:        2005  N:         208
 FAILED K-S -- Parm:Time to Peak    Mon:           4  Year:        2005  N:         208
 FAILED K-S -- Parm:Time to Peak    Mon:           4  Year:        2005  N:         208
 FAILED K-S -- Parm:Time to Peak    Mon:           4  Year:        2005  N:         208
 FAILED K-S -- Parm:Time to Peak    Mon:           4  Year:        2005  N:         208
*** ERROR *** Could not produce desired level of quality in
                    << Time to Peak    >> random deviates.
 FAILED K-S -- Parm:Time to Peak    Mon:           9  Year:        2005  N:         111
 FAILED K-S -- Parm:Time to Peak    Mon:           9  Year:        2005  N:         111
 FAILED K-S -- Parm:Time to Peak    Mon:           9  Year:        2005  N:         111
 FAILED K-S -- Parm:Time to Peak    Mon:           9  Year:        2005  N:         111
 FAILED K-S -- Parm:Time to Peak    Mon:           9  Year:        2005  N:         111
*** ERROR *** Could not produce desired level of quality in
                    << Time to Peak    >> random deviates.
 FAILED K-S -- Parm:Precip. Amt.    Mon:           2  Year:        2006  N:         103
 FAILED K-S -- Parm:Precip. Amt.    Mon:           2  Year:        2006  N:         103
 FAILED K-S -- Parm:Precip. Amt.    Mon:           2  Year:        2006  N:         103
 FAILED K-S -- Parm:Precip. Amt.    Mon:           2  Year:        2006  N:         103
 FAILED K-S -- Parm:Precip. Amt.    Mon:           2  Year:        2006  N:         103
*** ERROR *** Could not produce desired level of quality in
                    << Precip. Amt.    >> random deviates.
 Tdew -10 rangecheck executed.
 Tdew -10 rangecheck executed.
 FAILED K-S -- Parm:Time to Peak    Mon:           4  Year:        2006  N:         213
 FAILED K-S -- Parm:Time to Peak    Mon:           4  Year:        2006  N:         213
 FAILED K-S -- Parm:Time to Peak    Mon:           4  Year:        2006  N:         213
 FAILED K-S -- Parm:Time to Peak    Mon:           4  Year:        2006  N:         213
 FAILED K-S -- Parm:Time to Peak    Mon:           4  Year:        2006  N:         213
*** ERROR *** Could not produce desired level of quality in
                    << Time to Peak    >> random deviates.
 FAILED K-S -- Parm:Time to Peak    Mon:           9  Year:        2006  N:         115
 FAILED K-S -- Parm:Time to Peak    Mon:           9  Year:        2006  N:         115
 FAILED K-S -- Parm:Time to Peak    Mon:           9  Year:        2006  N:         115
 FAILED K-S -- Parm:Time to Peak    Mon:           9  Year:        2006  N:         115
 FAILED K-S -- Parm:Time to Peak    Mon:           9  Year:        2006  N:         115
*** ERROR *** Could not produce desired level of quality in
                    << Time to Peak    >> random deviates.
 Tdew -10 rangecheck executed.
 FAILED K-S -- Parm:Precip. Amt.    Mon:           2  Year:        2007  N:         107
 FAILED K-S -- Parm:Precip. Amt.    Mon:           2  Year:        2007  N:         107
 FAILED K-S -- Parm:Precip. Amt.    Mon:           2  Year:        2007  N:         107
 FAILED K-S -- Parm:Precip. Amt.    Mon:           2  Year:        2007  N:         107
 FAILED K-S -- Parm:Precip. Amt.    Mon:           2  Year:        2007  N:         107
*** ERROR *** Could not produce desired level of quality in
                    << Precip. Amt.    >> random deviates.
 FAILED K-S -- Parm:Time to Peak    Mon:           2  Year:        2007  N:         103
 Tdew -10 rangecheck executed.
 Tdew -10 rangecheck executed.
 Tdew -10 rangecheck executed.
 FAILED K-S -- Parm:Time to Peak    Mon:           4  Year:        2007  N:         226
 FAILED K-S -- Parm:Time to Peak    Mon:           4  Year:        2007  N:         226
 FAILED K-S -- Parm:Time to Peak    Mon:           4  Year:        2007  N:         226
 FAILED K-S -- Parm:Time to Peak    Mon:           4  Year:        2007  N:         226
 FAILED K-S -- Parm:Time to Peak    Mon:           4  Year:        2007  N:         226
*** ERROR *** Could not produce desired level of quality in
                    << Time to Peak    >> random deviates.
 FAILED K-S -- Parm:Time to Peak    Mon:           9  Year:        2007  N:         123
 FAILED K-S -- Parm:Time to Peak    Mon:           9  Year:        2007  N:         123
 FAILED K-S -- Parm:Time to Peak    Mon:           9  Year:        2007  N:         123
 FAILED K-S -- Parm:Time to Peak    Mon:           9  Year:        2007  N:         123
 FAILED K-S -- Parm:Time to Peak    Mon:           9  Year:        2007  N:         123
*** ERROR *** Could not produce desired level of quality in
                    << Time to Peak    >> random deviates.
 Tdew -10 rangecheck executed.
 Tdew -10 rangecheck executed.
 FAILED K-S -- Parm:Time to Peak    Mon:           4  Year:        2008  N:         230
 FAILED K-S -- Parm:Time to Peak    Mon:           4  Year:        2008  N:         230
 FAILED K-S -- Parm:Time to Peak    Mon:           4  Year:        2008  N:         230
 FAILED K-S -- Parm:Time to Peak    Mon:           4  Year:        2008  N:         230
 FAILED K-S -- Parm:Time to Peak    Mon:           4  Year:        2008  N:         230
*** ERROR *** Could not produce desired level of quality in
                    << Time to Peak    >> random deviates.
 FAILED K-S -- Parm:Time to Peak    Mon:           9  Year:        2008  N:         127
 FAILED K-S -- Parm:Time to Peak    Mon:           9  Year:        2008  N:         127
 FAILED K-S -- Parm:Time to Peak    Mon:           9  Year:        2008  N:         127
 FAILED K-S -- Parm:Time to Peak    Mon:           9  Year:        2008  N:         127
 FAILED K-S -- Parm:Time to Peak    Mon:           9  Year:        2008  N:         127
*** ERROR *** Could not produce desired level of quality in
                    << Time to Peak    >> random deviates.
 Tdew -10 rangecheck executed.
 Tdew -10 rangecheck executed.
 Tdew -10 rangecheck executed.
 Tdew -10 rangecheck executed.
 FAILED K-S -- Parm:Time to Peak    Mon:           4  Year:        2009  N:         239
 FAILED K-S -- Parm:Time to Peak    Mon:           4  Year:        2009  N:         239
 FAILED K-S -- Parm:Time to Peak    Mon:           4  Year:        2009  N:         239
 FAILED K-S -- Parm:Time to Peak    Mon:           4  Year:        2009  N:         239
 FAILED K-S -- Parm:Time to Peak    Mon:           4  Year:        2009  N:         239
*** ERROR *** Could not produce desired level of quality in
                    << Time to Peak    >> random deviates.
 FAILED K-S -- Parm:Time to Peak    Mon:           9  Year:        2009  N:         129
 FAILED K-S -- Parm:Time to Peak    Mon:           9  Year:        2009  N:         129
 FAILED K-S -- Parm:Time to Peak    Mon:           9  Year:        2009  N:         129
 FAILED K-S -- Parm:Time to Peak    Mon:           9  Year:        2009  N:         129
 FAILED K-S -- Parm:Time to Peak    Mon:           9  Year:        2009  N:         129
*** ERROR *** Could not produce desired level of quality in
                    << Time to Peak    >> random deviates.
 Tdew -10 rangecheck executed.
 Tdew -10 rangecheck executed.
 Tdew -10 rangecheck executed.
 Tdew -10 rangecheck executed.
 FAILED K-S -- Parm:Time to Peak    Mon:           4  Year:        2010  N:         244
 FAILED K-S -- Parm:Time to Peak    Mon:           4  Year:        2010  N:         244
 FAILED K-S -- Parm:Time to Peak    Mon:           4  Year:        2010  N:         244
 FAILED K-S -- Parm:Time to Peak    Mon:           4  Year:        2010  N:         244
 FAILED K-S -- Parm:Time to Peak    Mon:           4  Year:        2010  N:         244
*** ERROR *** Could not produce desired level of quality in
                    << Time to Peak    >> random deviates.
 Tdew -10 rangecheck executed.
 Tdew -10 rangecheck executed.
 Tdew -10 rangecheck executed.
 Tdew -10 rangecheck executed.
 Tdew -10 rangecheck executed.
 Tdew -10 rangecheck executed.
 FAILED K-S -- Parm:Time to Peak    Mon:           4  Year:        2011  N:         245
 FAILED K-S -- Parm:Time to Peak    Mon:           4  Year:        2011  N:         245
 FAILED K-S -- Parm:Time to Peak    Mon:           4  Year:        2011  N:         245
 FAILED K-S -- Parm:Time to Peak    Mon:           4  Year:        2011  N:         245
 FAILED K-S -- Parm:Time to Peak    Mon:           4  Year:        2011  N:         245
*** ERROR *** Could not produce desired level of quality in
                    << Time to Peak    >> random deviates.
 FAILED K-S -- Parm:Time to Peak    Mon:           4  Year:        2012  N:         261
 FAILED K-S -- Parm:Time to Peak    Mon:           4  Year:        2012  N:         261
 FAILED K-S -- Parm:Time to Peak    Mon:           4  Year:        2012  N:         261
 FAILED K-S -- Parm:Time to Peak    Mon:           4  Year:        2012  N:         261
 FAILED K-S -- Parm:Time to Peak    Mon:           4  Year:        2012  N:         261
At line 3013 of file cligen53.f (unit = 9, file = '0500000US46085.prn')
Fortran runtime error: Sequential READ or WRITE not allowed after EOF marker, possibly use REWIND or BACKSPACE
*** ERROR *** Could not produce desired level of quality in
                    << Time to Peak    >> random deviates.
 FAILED K-S -- Parm:Time to Peak    Mon:           4  Year:        2013  N:         269
 FAILED K-S -- Parm:Time to Peak    Mon:           4  Year:        2013  N:         269
 FAILED K-S -- Parm:Time to Peak    Mon:           4  Year:        2013  N:         269
 FAILED K-S -- Parm:Time to Peak    Mon:           4  Year:        2013  N:         269
 FAILED K-S -- Parm:Time to Peak    Mon:           4  Year:        2013  N:         269
*** ERROR *** Could not produce desired level of quality in
                    << Time to Peak    >> random deviates.
 Tdew -10 rangecheck executed.
 Tdew -10 rangecheck executed.
 Tdew -10 rangecheck executed.
 Tdew -10 rangecheck executed.
 Tdew -10 rangecheck executed.
 Tdew -10 rangecheck executed.
 Tdew -10 rangecheck executed.
 Tdew -10 rangecheck executed.
 Tdew -10 rangecheck executed.
 Tdew -10 rangecheck executed.
 Tdew -10 rangecheck executed.
 FAILED K-S -- Parm:Time to Peak    Mon:           4  Year:        2014  N:         279
 FAILED K-S -- Parm:Time to Peak    Mon:           4  Year:        2014  N:         279
 FAILED K-S -- Parm:Time to Peak    Mon:           4  Year:        2014  N:         279
 FAILED K-S -- Parm:Time to Peak    Mon:           4  Year:        2014  N:         279
 FAILED K-S -- Parm:Time to Peak    Mon:           4  Year:        2014  N:         279
*** ERROR *** Could not produce desired level of quality in
                    << Time to Peak    >> random deviates.
 Tdew -10 rangecheck executed.
 Tdew -10 rangecheck executed.
 Tdew -10 rangecheck executed.
 Tdew -10 rangecheck executed.
 Tdew -10 rangecheck executed.
 FAILED K-S -- Parm:Time to Peak    Mon:           4  Year:        2015  N:         288
 FAILED K-S -- Parm:Time to Peak    Mon:           4  Year:        2015  N:         288
 FAILED K-S -- Parm:Time to Peak    Mon:           4  Year:        2015  N:         288
 FAILED K-S -- Parm:Time to Peak    Mon:           4  Year:        2015  N:         288
 FAILED K-S -- Parm:Time to Peak    Mon:           4  Year:        2015  N:         288
*** ERROR *** Could not produce desired level of quality in
                    << Time to Peak    >> random deviates.
 Tdew -10 rangecheck executed.
 Tdew -10 rangecheck executed.
 FAILED K-S -- Parm:Time to Peak    Mon:           4  Year:        2016  N:         296
 FAILED K-S -- Parm:Time to Peak    Mon:           4  Year:        2016  N:         296
 FAILED K-S -- Parm:Time to Peak    Mon:           4  Year:        2016  N:         296
 FAILED K-S -- Parm:Time to Peak    Mon:           4  Year:        2016  N:         296
 FAILED K-S -- Parm:Time to Peak    Mon:           4  Year:        2016  N:         296
*** ERROR *** Could not produce desired level of quality in
                    << Time to Peak    >> random deviates.
 Tdew -10 rangecheck executed.
 FAILED K-S -- Parm:Time to Peak    Mon:           4  Year:        2017  N:         303
 FAILED K-S -- Parm:Time to Peak    Mon:           4  Year:        2017  N:         303
 FAILED K-S -- Parm:Time to Peak    Mon:           4  Year:        2017  N:         303
 FAILED K-S -- Parm:Time to Peak    Mon:           4  Year:        2017  N:         303
 FAILED K-S -- Parm:Time to Peak    Mon:           4  Year:        2017  N:         303
*** ERROR *** Could not produce desired level of quality in
                    << Time to Peak    >> random deviates.
 Tdew -10 rangecheck executed.
 Tdew -10 rangecheck executed.
 Tdew -10 rangecheck executed.
