At line 3013 of file cligen53.f (unit = 9, file = '0500000US17019.prn')
Fortran runtime error: Sequential READ or WRITE not allowed after EOF marker, possibly use REWIND or BACKSPACE


  ********************************************************************
  *                                                                  *
  *              USDA - WATER EROSION PREDICTION PROJECT             *
  *                 WEPP CLIMATE INPUT DATA GENERATOR                *
  *                                                                  *
  *                    CONTINUOUS SIMULATION AND                     *
  *                       SINGLE STORM OPTIONS                       *
  *                    with Command Line Options,                    *
  *                        and Corrections to                        *
  *                  Rainfall Intensity Calculations                 *
  *                   and Random Number Generation.                  *
  *                                                                  *
  *                          VERSION 5.30000                         *
  *                     Revised from VERSION 4.2                     *
  *                           October 2004                           *
  *                                                                  *
  *           (Use -h or /h to list command line options.)           *
  *                                                                  *
  ********************************************************************


 il118740.par                                                                                                                                                                                                                                                    
 0500000US17019.prn                                                                                                                                                                                                                                              
 Tdew -10 rangecheck executed.
 Tdew -10 rangecheck executed.
 Tdew -10 rangecheck executed.
 Tdew -10 rangecheck executed.
 Tdew -10 rangecheck executed.
 Tdew -10 rangecheck executed.
 Tdew -10 rangecheck executed.
 Tdew -10 rangecheck executed.
 FAILED K-S -- Parm:Precip. Amt.    Mon:           2  Year:        1989  N:         105
 FAILED K-S -- Parm:Precip. Amt.    Mon:           2  Year:        1989  N:         105
 FAILED K-S -- Parm:Precip. Amt.    Mon:           2  Year:        1989  N:         105
 FAILED K-S -- Parm:Precip. Amt.    Mon:           2  Year:        1989  N:         105
 FAILED K-S -- Parm:Precip. Amt.    Mon:           2  Year:        1989  N:         105
*** ERROR *** Could not produce desired level of quality in
                    << Precip. Amt.    >> random deviates.
 Failed SN SD test.
 Parm:Temp. Dew Pt.   Month:           2  Year:        1989  Mlevel=   1.00000000      SDlevel=   54.6592712      Days:         283
 Tdew -10 rangecheck executed.
 Tdew -10 rangecheck executed.
 FAILED K-S -- Parm:Precip. Amt.    Mon:           2  Year:        1990  N:         114
 FAILED K-S -- Parm:Precip. Amt.    Mon:           2  Year:        1990  N:         114
 FAILED K-S -- Parm:Precip. Amt.    Mon:           2  Year:        1990  N:         114
 FAILED K-S -- Parm:Precip. Amt.    Mon:           2  Year:        1990  N:         114
 FAILED K-S -- Parm:Precip. Amt.    Mon:           2  Year:        1990  N:         114
*** ERROR *** Could not produce desired level of quality in
                    << Precip. Amt.    >> random deviates.
 Failed SN SD test.
 Parm:Temp. Dew Pt.   Month:           2  Year:        1990  Mlevel=   10.0000000      SDlevel=   65.6963120      Days:         311
 Tdew -10 rangecheck executed.
 Tdew -10 rangecheck executed.
 Tdew -10 rangecheck executed.
 Tdew -10 rangecheck executed.
 Tdew -10 rangecheck executed.
 Tdew -10 rangecheck executed.
 Tdew -10 rangecheck executed.
 Tdew -10 rangecheck executed.
 Tdew -10 rangecheck executed.
 Tdew -10 rangecheck executed.
