

  ********************************************************************
  *                                                                  *
  *              USDA - WATER EROSION PREDICTION PROJECT             *
  *                 WEPP CLIMATE INPUT DATA GENERATOR                *
  *                                                                  *
  *                    CONTINUOUS SIMULATION AND                     *
  *                       SINGLE STORM OPTIONS                       *
  *                    with Command Line Options,                    *
  *                        and Corrections to                        *
  *                  Rainfall Intensity Calculations                 *
  *                   and Random Number Generation.                  *
  *                                                                  *
  *                          VERSION 5.30000                         *
  *                     Revised from VERSION 4.2                     *
  *                           October 2004                           *
  *                                                                  *
  *           (Use -h or /h to list command line options.)           *
  *                                                                  *
  ********************************************************************


 pa367229.par                                                                                                                                                                                                                                                    
 0500000US42065.prn                                                                                                                                                                                                                                              
 Tdew -10 rangecheck executed.
 Tdew -10 rangecheck executed.
 Tdew -10 rangecheck executed.
 Tdew -10 rangecheck executed.
 FAILED K-S -- Parm:Time to Peak    Mon:           9  Year:        1990  N:         102
 FAILED K-S -- Parm:Time to Peak    Mon:           9  Year:        1990  N:         102
 FAILED K-S -- Parm:Time to Peak    Mon:           9  Year:        1990  N:         102
 FAILED K-S -- Parm:Time to Peak    Mon:           9  Year:        1990  N:         102
 FAILED K-S -- Parm:Time to Peak    Mon:           9  Year:        1990  N:         102
*** ERROR *** Could not produce desired level of quality in
                    << Time to Peak    >> random deviates.
 FAILED K-S -- Parm:Time to Peak    Mon:           9  Year:        1991  N:         110
 FAILED K-S -- Parm:Time to Peak    Mon:           9  Year:        1991  N:         110
 FAILED K-S -- Parm:Time to Peak    Mon:           9  Year:        1991  N:         110
 FAILED K-S -- Parm:Time to Peak    Mon:           9  Year:        1991  N:         110
 FAILED K-S -- Parm:Time to Peak    Mon:           9  Year:        1991  N:         110
*** ERROR *** Could not produce desired level of quality in
                    << Time to Peak    >> random deviates.
 FAILED K-S -- Parm:Time to Peak    Mon:           9  Year:        1992  N:         121
 FAILED K-S -- Parm:Time to Peak    Mon:           9  Year:        1992  N:         121
 FAILED K-S -- Parm:Time to Peak    Mon:           9  Year:        1992  N:         121
 FAILED K-S -- Parm:Time to Peak    Mon:           9  Year:        1992  N:         121
 FAILED K-S -- Parm:Time to Peak    Mon:           9  Year:        1992  N:         121
*** ERROR *** Could not produce desired level of quality in
                    << Time to Peak    >> random deviates.
 Tdew -10 rangecheck executed.
 FAILED K-S -- Parm:Time to Peak    Mon:           9  Year:        1993  N:         131
 FAILED K-S -- Parm:Time to Peak    Mon:           9  Year:        1993  N:         131
 FAILED K-S -- Parm:Time to Peak    Mon:           9  Year:        1993  N:         131
 FAILED K-S -- Parm:Time to Peak    Mon:           9  Year:        1993  N:         131
 FAILED K-S -- Parm:Time to Peak    Mon:           9  Year:        1993  N:         131
*** ERROR *** Could not produce desired level of quality in
                    << Time to Peak    >> random deviates.
 Tdew -10 rangecheck executed.
 Tdew -10 rangecheck executed.
 FAILED K-S -- Parm:Time to Peak    Mon:           9  Year:        1994  N:         144
 FAILED K-S -- Parm:Time to Peak    Mon:           9  Year:        1994  N:         144
 FAILED K-S -- Parm:Time to Peak    Mon:           9  Year:        1994  N:         144
 FAILED K-S -- Parm:Time to Peak    Mon:           9  Year:        1994  N:         144
 FAILED K-S -- Parm:Time to Peak    Mon:           9  Year:        1994  N:         144
*** ERROR *** Could not produce desired level of quality in
                    << Time to Peak    >> random deviates.
 FAILED K-S -- Parm:Time to Peak    Mon:           9  Year:        1995  N:         153
 FAILED K-S -- Parm:Time to Peak    Mon:           9  Year:        1995  N:         153
 FAILED K-S -- Parm:Time to Peak    Mon:           9  Year:        1995  N:         153
 FAILED K-S -- Parm:Time to Peak    Mon:           9  Year:        1995  N:         153
 FAILED K-S -- Parm:Time to Peak    Mon:           9  Year:        1995  N:         153
*** ERROR *** Could not produce desired level of quality in
                    << Time to Peak    >> random deviates.
 Tdew -10 rangecheck executed.
 Tdew -10 rangecheck executed.
 FAILED K-S -- Parm:Time to Peak    Mon:           9  Year:        1996  N:         161
 FAILED K-S -- Parm:Time to Peak    Mon:           9  Year:        1996  N:         161
 FAILED K-S -- Parm:Time to Peak    Mon:           9  Year:        1996  N:         161
 FAILED K-S -- Parm:Time to Peak    Mon:           9  Year:        1996  N:         161
 FAILED K-S -- Parm:Time to Peak    Mon:           9  Year:        1996  N:         161
*** ERROR *** Could not produce desired level of quality in
                    << Time to Peak    >> random deviates.
 Tdew -10 rangecheck executed.
 Tdew -10 rangecheck executed.
 FAILED K-S -- Parm:Time to Peak    Mon:           9  Year:        1997  N:         174
 FAILED K-S -- Parm:Time to Peak    Mon:           9  Year:        1997  N:         174
 FAILED K-S -- Parm:Time to Peak    Mon:           9  Year:        1997  N:         174
 FAILED K-S -- Parm:Time to Peak    Mon:           9  Year:        1997  N:         174
 FAILED K-S -- Parm:Time to Peak    Mon:           9  Year:        1997  N:         174
*** ERROR *** Could not produce desired level of quality in
                    << Time to Peak    >> random deviates.
 FAILED K-S -- Parm:Time to Peak    Mon:           9  Year:        1998  N:         181
 FAILED K-S -- Parm:Time to Peak    Mon:           9  Year:        1998  N:         181
 FAILED K-S -- Parm:Time to Peak    Mon:           9  Year:        1998  N:         181
 FAILED K-S -- Parm:Time to Peak    Mon:           9  Year:        1998  N:         181
 FAILED K-S -- Parm:Time to Peak    Mon:           9  Year:        1998  N:         181
*** ERROR *** Could not produce desired level of quality in
                    << Time to Peak    >> random deviates.
 Tdew -10 rangecheck executed.
 FAILED K-S -- Parm:Time to Peak    Mon:           9  Year:        1999  N:         193
 FAILED K-S -- Parm:Time to Peak    Mon:           9  Year:        1999  N:         193
 FAILED K-S -- Parm:Time to Peak    Mon:           9  Year:        1999  N:         193
 FAILED K-S -- Parm:Time to Peak    Mon:           9  Year:        1999  N:         193
 FAILED K-S -- Parm:Time to Peak    Mon:           9  Year:        1999  N:         193
*** ERROR *** Could not produce desired level of quality in
                    << Time to Peak    >> random deviates.
 FAILED K-S -- Parm:Time to Peak    Mon:           9  Year:        2000  N:         206
 FAILED K-S -- Parm:Time to Peak    Mon:           9  Year:        2000  N:         206
 FAILED K-S -- Parm:Time to Peak    Mon:           9  Year:        2000  N:         206
 FAILED K-S -- Parm:Time to Peak    Mon:           9  Year:        2000  N:         206
 FAILED K-S -- Parm:Time to Peak    Mon:           9  Year:        2000  N:         206
*** ERROR *** Could not produce desired level of quality in
                    << Time to Peak    >> random deviates.
 FAILED K-S -- Parm:Time to Peak    Mon:           9  Year:        2001  N:         213
 FAILED K-S -- Parm:Time to Peak    Mon:           9  Year:        2001  N:         213
 FAILED K-S -- Parm:Time to Peak    Mon:           9  Year:        2001  N:         213
 FAILED K-S -- Parm:Time to Peak    Mon:           9  Year:        2001  N:         213
 FAILED K-S -- Parm:Time to Peak    Mon:           9  Year:        2001  N:         213
*** ERROR *** Could not produce desired level of quality in
                    << Time to Peak    >> random deviates.
 FAILED K-S -- Parm:Time to Peak    Mon:           9  Year:        2002  N:         226
 FAILED K-S -- Parm:Time to Peak    Mon:           9  Year:        2002  N:         226
 FAILED K-S -- Parm:Time to Peak    Mon:           9  Year:        2002  N:         226
 FAILED K-S -- Parm:Time to Peak    Mon:           9  Year:        2002  N:         226
 FAILED K-S -- Parm:Time to Peak    Mon:           9  Year:        2002  N:         226
*** ERROR *** Could not produce desired level of quality in
                    << Time to Peak    >> random deviates.
 Tdew -10 rangecheck executed.
 FAILED K-S -- Parm:Time to Peak    Mon:           9  Year:        2003  N:         233
 FAILED K-S -- Parm:Time to Peak    Mon:           9  Year:        2003  N:         233
 FAILED K-S -- Parm:Time to Peak    Mon:           9  Year:        2003  N:         233
 FAILED K-S -- Parm:Time to Peak    Mon:           9  Year:        2003  N:         233
 FAILED K-S -- Parm:Time to Peak    Mon:           9  Year:        2003  N:         233
*** ERROR *** Could not produce desired level of quality in
                    << Time to Peak    >> random deviates.
 FAILED K-S -- Parm:Time to Peak    Mon:           9  Year:        2004  N:         247
 FAILED K-S -- Parm:Time to Peak    Mon:           9  Year:        2004  N:         247
 FAILED K-S -- Parm:Time to Peak    Mon:           9  Year:        2004  N:         247
 FAILED K-S -- Parm:Time to Peak    Mon:           9  Year:        2004  N:         247
 FAILED K-S -- Parm:Time to Peak    Mon:           9  Year:        2004  N:         247
*** ERROR *** Could not produce desired level of quality in
                    << Time to Peak    >> random deviates.
 FAILED K-S -- Parm:Time to Peak    Mon:           9  Year:        2005  N:         255
 FAILED K-S -- Parm:Time to Peak    Mon:           9  Year:        2005  N:         255
 FAILED K-S -- Parm:Time to Peak    Mon:           9  Year:        2005  N:         255
 FAILED K-S -- Parm:Time to Peak    Mon:           9  Year:        2005  N:         255
 FAILED K-S -- Parm:Time to Peak    Mon:           9  Year:        2005  N:         255
*** ERROR *** Could not produce desired level of quality in
                    << Time to Peak    >> random deviates.
 FAILED K-S -- Parm:Time to Peak    Mon:           9  Year:        2006  N:         268
 FAILED K-S -- Parm:Time to Peak    Mon:           9  Year:        2006  N:         268
 FAILED K-S -- Parm:Time to Peak    Mon:           9  Year:        2006  N:         268
 FAILED K-S -- Parm:Time to Peak    Mon:           9  Year:        2006  N:         268
 FAILED K-S -- Parm:Time to Peak    Mon:           9  Year:        2006  N:         268
*** ERROR *** Could not produce desired level of quality in
                    << Time to Peak    >> random deviates.
 Tdew -10 rangecheck executed.
 FAILED K-S -- Parm:Time to Peak    Mon:           9  Year:        2007  N:         284
 FAILED K-S -- Parm:Time to Peak    Mon:           9  Year:        2007  N:         284
 FAILED K-S -- Parm:Time to Peak    Mon:           9  Year:        2007  N:         284
 FAILED K-S -- Parm:Time to Peak    Mon:           9  Year:        2007  N:         284
 FAILED K-S -- Parm:Time to Peak    Mon:           9  Year:        2007  N:         284
*** ERROR *** Could not produce desired level of quality in
                    << Time to Peak    >> random deviates.
 FAILED K-S -- Parm:Time to Peak    Mon:           9  Year:        2008  N:         295
 FAILED K-S -- Parm:Time to Peak    Mon:           9  Year:        2008  N:         295
 FAILED K-S -- Parm:Time to Peak    Mon:           9  Year:        2008  N:         295
 FAILED K-S -- Parm:Time to Peak    Mon:           9  Year:        2008  N:         295
 FAILED K-S -- Parm:Time to Peak    Mon:           9  Year:        2008  N:         295
*** ERROR *** Could not produce desired level of quality in
                    << Time to Peak    >> random deviates.
 FAILED K-S -- Parm:Time to Peak    Mon:           9  Year:        2009  N:         307
 FAILED K-S -- Parm:Time to Peak    Mon:           9  Year:        2009  N:         307
 FAILED K-S -- Parm:Time to Peak    Mon:           9  Year:        2009  N:         307
 FAILED K-S -- Parm:Time to Peak    Mon:           9  Year:        2009  N:         307
 FAILED K-S -- Parm:Time to Peak    Mon:           9  Year:        2009  N:         307
*** ERROR *** Could not produce desired level of quality in
                    << Time to Peak    >> random deviates.
 FAILED K-S -- Parm:Time to Peak    Mon:           9  Year:        2010  N:         322
 FAILED K-S -- Parm:Time to Peak    Mon:           9  Year:        2010  N:         322
 FAILED K-S -- Parm:Time to Peak    Mon:           9  Year:        2010  N:         322
 FAILED K-S -- Parm:Time to Peak    Mon:           9  Year:        2010  N:         322
 FAILED K-S -- Parm:Time to Peak    Mon:           9  Year:        2010  N:         322
*** ERROR *** Could not produce desired level of quality in
                    << Time to Peak    >> random deviates.
 FAILED K-S -- Parm:Time to Peak    Mon:           9  Year:        2011  N:         329
 FAILED K-S -- Parm:Time to Peak    Mon:           9  Year:        2011  N:         329
 FAILED K-S -- Parm:Time to Peak    Mon:           9  Year:        2011  N:         329
 FAILED K-S -- Parm:Time to Peak    Mon:           9  Year:        2011  N:         329
 FAILED K-S -- Parm:Time to Peak    Mon:           9  Year:        2011  N:         329
*** ERROR *** Could not produce desired level of quality in
                    << Time to Peak    >> random deviates.
 FAILED K-S -- Parm:Time to Peak    Mon:           9  Year:        2012  N:         338
 FAILED K-S -- Parm:Time to Peak    Mon:           9  Year:        2012  N:         338
 FAILED K-S -- Parm:Time to Peak    Mon:           9  Year:        2012  N:         338
 FAILED K-S -- Parm:Time to Peak    Mon:           9  Year:        2012  N:         338
 FAILED K-S -- Parm:Time to Peak    Mon:           9  Year:        2012  N:         338
*** ERROR *** Could not produce desired level of quality in
                    << Time to Peak    >> random deviates.
 FAILED K-S -- Parm:Time to Peak    Mon:           9  Year:        2013  N:         346
 FAILED K-S -- Parm:Time to Peak    Mon:           9  Year:        2013  N:         346
 FAILED K-S -- Parm:Time to Peak    Mon:           9  Year:        2013  N:         346
 FAILED K-S -- Parm:Time to Peak    Mon:           9  Year:        2013  N:         346
 FAILED K-S -- Parm:Time to Peak    Mon:           9  Year:        2013  N:         346
*** ERROR *** Could not produce desired level of quality in
                    << Time to Peak    >> random deviates.
 Tdew -10 rangecheck executed.
 FAILED K-S -- Parm:Time to Peak    Mon:           9  Year:        2014  N:         360
 FAILED K-S -- Parm:Time to Peak    Mon:           9  Year:        2014  N:         360
 FAILED K-S -- Parm:Time to Peak    Mon:           9  Year:        2014  N:         360
 FAILED K-S -- Parm:Time to Peak    Mon:           9  Year:        2014  N:         360
 FAILED K-S -- Parm:Time to Peak    Mon:           9  Year:        2014  N:         360
*** ERROR *** Could not produce desired level of quality in
                    << Time to Peak    >> random deviates.
 Tdew -10 rangecheck executed.
 Tdew -10 rangecheck executed.
 Tdew -10 rangecheck executed.
 FAILED K-S -- Parm:Time to Peak    Mon:           9  Year:        2015  N:         371
 FAILED K-S -- Parm:Time to Peak    Mon:           9  Year:        2015  N:         371
At line 3013 of file cligen53.f (unit = 9, file = '0500000US42065.prn')
Fortran runtime error: Sequential READ or WRITE not allowed after EOF marker, possibly use REWIND or BACKSPACE
 FAILED K-S -- Parm:Time to Peak    Mon:           9  Year:        2015  N:         371
 FAILED K-S -- Parm:Time to Peak    Mon:           9  Year:        2015  N:         371
 FAILED K-S -- Parm:Time to Peak    Mon:           9  Year:        2015  N:         371
*** ERROR *** Could not produce desired level of quality in
                    << Time to Peak    >> random deviates.
 FAILED K-S -- Parm:Time to Peak    Mon:           9  Year:        2016  N:         377
 FAILED K-S -- Parm:Time to Peak    Mon:           9  Year:        2016  N:         377
 FAILED K-S -- Parm:Time to Peak    Mon:           9  Year:        2016  N:         377
 FAILED K-S -- Parm:Time to Peak    Mon:           9  Year:        2016  N:         377
 FAILED K-S -- Parm:Time to Peak    Mon:           9  Year:        2016  N:         377
*** ERROR *** Could not produce desired level of quality in
                    << Time to Peak    >> random deviates.
 FAILED K-S -- Parm:Time to Peak    Mon:           9  Year:        2017  N:         382
 FAILED K-S -- Parm:Time to Peak    Mon:           9  Year:        2017  N:         382
 FAILED K-S -- Parm:Time to Peak    Mon:           9  Year:        2017  N:         382
 FAILED K-S -- Parm:Time to Peak    Mon:           9  Year:        2017  N:         382
 FAILED K-S -- Parm:Time to Peak    Mon:           9  Year:        2017  N:         382
*** ERROR *** Could not produce desired level of quality in
                    << Time to Peak    >> random deviates.
