

  ********************************************************************
  *                                                                  *
  *              USDA - WATER EROSION PREDICTION PROJECT             *
  *                 WEPP CLIMATE INPUT DATA GENERATOR                *
  *                                                                  *
  *                    CONTINUOUS SIMULATION AND                     *
  *                       SINGLE STORM OPTIONS                       *
  *                    with Command Line Options,                    *
  *                        and Corrections to                        *
  *                  Rainfall Intensity Calculations                 *
  *                   and Random Number Generation.                  *
  *                                                                  *
  *                          VERSION 5.30000                         *
  *                     Revised from VERSION 4.2                     *
  *                           October 2004                           *
  *                                                                  *
  *           (Use -h or /h to list command line options.)           *
  *                                                                  *
  ********************************************************************


 de079595.par                                                                                                                                                                                                                                                    
 0500000US10003.prn                                                                                                                                                                                                                                              
 Tdew -10 rangecheck executed.
 Tdew -10 rangecheck executed.
 FAILED K-S -- Parm:Precip. Amt.    Mon:           9  Year:        1992  N:         101
 FAILED K-S -- Parm:Precip. Amt.    Mon:           9  Year:        1992  N:         101
 FAILED K-S -- Parm:Precip. Amt.    Mon:           9  Year:        1992  N:         101
 FAILED K-S -- Parm:Precip. Amt.    Mon:           9  Year:        1992  N:         101
 FAILED K-S -- Parm:Precip. Amt.    Mon:           9  Year:        1992  N:         101
*** ERROR *** Could not produce desired level of quality in
                    << Precip. Amt.    >> random deviates.
 FAILED K-S -- Parm:Precip. Amt.    Mon:           9  Year:        1993  N:         110
 FAILED K-S -- Parm:Precip. Amt.    Mon:           9  Year:        1993  N:         110
 FAILED K-S -- Parm:Precip. Amt.    Mon:           9  Year:        1993  N:         110
 FAILED K-S -- Parm:Precip. Amt.    Mon:           9  Year:        1993  N:         110
 FAILED K-S -- Parm:Precip. Amt.    Mon:           9  Year:        1993  N:         110
*** ERROR *** Could not produce desired level of quality in
                    << Precip. Amt.    >> random deviates.
 Tdew -10 rangecheck executed.
 FAILED K-S -- Parm:Precip. Amt.    Mon:           9  Year:        1994  N:         120
 FAILED K-S -- Parm:Precip. Amt.    Mon:           9  Year:        1994  N:         120
 FAILED K-S -- Parm:Precip. Amt.    Mon:           9  Year:        1994  N:         120
 FAILED K-S -- Parm:Precip. Amt.    Mon:           9  Year:        1994  N:         120
 FAILED K-S -- Parm:Precip. Amt.    Mon:           9  Year:        1994  N:         120
*** ERROR *** Could not produce desired level of quality in
                    << Precip. Amt.    >> random deviates.
 Failed SN SD test.
 Parm:Temp. Dew Pt.   Month:           9  Year:        1994  Mlevel=   10.0000000      SDlevel=   52.6736374      Days:         450
 FAILED K-S -- Parm:Precip. Amt.    Mon:           9  Year:        1995  N:         123
 FAILED K-S -- Parm:Precip. Amt.    Mon:           9  Year:        1995  N:         123
 FAILED K-S -- Parm:Precip. Amt.    Mon:           9  Year:        1995  N:         123
 FAILED K-S -- Parm:Precip. Amt.    Mon:           9  Year:        1995  N:         123
At line 3013 of file cligen53.f (unit = 9, file = '0500000US10003.prn')
Fortran runtime error: Sequential READ or WRITE not allowed after EOF marker, possibly use REWIND or BACKSPACE
 FAILED K-S -- Parm:Precip. Amt.    Mon:           9  Year:        1995  N:         123
*** ERROR *** Could not produce desired level of quality in
                    << Precip. Amt.    >> random deviates.
 Tdew -10 rangecheck executed.
 FAILED K-S -- Parm:Precip. Amt.    Mon:           9  Year:        1996  N:         131
 FAILED K-S -- Parm:Precip. Amt.    Mon:           9  Year:        1996  N:         131
 FAILED K-S -- Parm:Precip. Amt.    Mon:           9  Year:        1996  N:         131
 FAILED K-S -- Parm:Precip. Amt.    Mon:           9  Year:        1996  N:         131
 FAILED K-S -- Parm:Precip. Amt.    Mon:           9  Year:        1996  N:         131
*** ERROR *** Could not produce desired level of quality in
                    << Precip. Amt.    >> random deviates.
