

  ********************************************************************
  *                                                                  *
  *              USDA - WATER EROSION PREDICTION PROJECT             *
  *                 WEPP CLIMATE INPUT DATA GENERATOR                *
  *                                                                  *
  *                    CONTINUOUS SIMULATION AND                     *
  *                       SINGLE STORM OPTIONS                       *
  *                    with Command Line Options,                    *
  *                        and Corrections to                        *
  *                  Rainfall Intensity Calculations                 *
  *                   and Random Number Generation.                  *
  *                                                                  *
  *                          VERSION 5.30000                         *
  *                     Revised from VERSION 4.2                     *
  *                           October 2004                           *
  *                                                                  *
  *           (Use -h or /h to list command line options.)           *
  *                                                                  *
  ********************************************************************


 ca040212.par                                                                                                                                                                                                                                                    
 0500000US06017.prn                                                                                                                                                                                                                                              
 Failed SN SD test.
 Parm:Precip. Amt.    Month:           6  Year:        1990  Mlevel=   30.0000000      SDlevel=   75.7478333      Days:           2
 Failed SN SD test.
 Parm:Precip. Amt.    Month:           6  Year:        1990  Mlevel=   40.0000000      SDlevel=   64.0283737      Days:           2
 Failed SN SD test.
 Parm:Precip. Amt.    Month:           6  Year:        1990  Mlevel=   30.0000000      SDlevel=   76.9404678      Days:           2
 Failed SN SD test.
 Parm:Precip. Amt.    Month:           6  Year:        1990  Mlevel=   20.0000000      SDlevel=   84.7373276      Days:           2
 Failed SN SD test.
 Parm:Precip. Amt.    Month:           6  Year:        1990  Mlevel=  0.500000000      SDlevel=   77.5598450      Days:           2
*** ERROR *** Could not produce desired level of quality in
                    << Precip. Amt.    >> random deviates.
 Failed SN SD test.
 Parm:Temp. Dew Pt.   Month:           6  Year:        1990  Mlevel=   10.0000000      SDlevel=   50.7759323      Days:         330
 Failed SN SD test.
 Parm:Precip. Amt.    Month:           6  Year:        1991  Mlevel=  0.500000000      SDlevel=   77.5598450      Days:           2
 Failed SN SD test.
 Parm:Precip. Amt.    Month:           6  Year:        1991  Mlevel=  0.500000000      SDlevel=   77.5598450      Days:           2
 Failed SN SD test.
 Parm:Precip. Amt.    Month:           6  Year:        1991  Mlevel=  0.500000000      SDlevel=   77.5598450      Days:           2
 Failed SN SD test.
 Parm:Precip. Amt.    Month:           6  Year:        1991  Mlevel=  0.500000000      SDlevel=   77.5598450      Days:           2
 Failed SN SD test.
 Parm:Precip. Amt.    Month:           6  Year:        1991  Mlevel=  0.500000000      SDlevel=   77.5598450      Days:           2
*** ERROR *** Could not produce desired level of quality in
                    << Precip. Amt.    >> random deviates.
 FAILED K-S -- Parm:Wind Dir.       Mon:           6  Year:        1991  N:         360
 Failed SN SD test.
 Parm:Temp. Dew Pt.   Month:           6  Year:        1991  Mlevel=   10.0000000      SDlevel=   82.0493393      Days:         360
 Failed SN SD test.
 Parm:Precip. Amt.    Month:           6  Year:        1992  Mlevel=  0.500000000      SDlevel=   77.5598450      Days:           2
 Failed SN SD test.
 Parm:Precip. Amt.    Month:           6  Year:        1992  Mlevel=  0.500000000      SDlevel=   77.5598450      Days:           2
 Failed SN SD test.
 Parm:Precip. Amt.    Month:           6  Year:        1992  Mlevel=  0.500000000      SDlevel=   77.5598450      Days:           2
 Failed SN SD test.
 Parm:Precip. Amt.    Month:           6  Year:        1992  Mlevel=  0.500000000      SDlevel=   77.5598450      Days:           2
 Failed SN SD test.
 Parm:Precip. Amt.    Month:           6  Year:        1992  Mlevel=  0.500000000      SDlevel=   77.5598450      Days:           2
*** ERROR *** Could not produce desired level of quality in
                    << Precip. Amt.    >> random deviates.
 FAILED K-S -- Parm:Temp. Dew Pt.   Mon:           6  Year:        1992  N:         330
 Failed SN SD test.
 Parm:Temp. Dew Pt.   Month:           6  Year:        1993  Mlevel=   30.0000000      SDlevel=   99.9513931      Days:         420
 Failed SN Mean test.
 Failed SN SD test.
 Parm:Temp. Dew Pt.   Month:           6  Year:        1993  Mlevel=   60.0000000      SDlevel=   99.9130630      Days:         420
 Failed SN SD test.
 Parm:Temp. Dew Pt.   Month:           6  Year:        1993  Mlevel=   40.0000000      SDlevel=   99.9937439      Days:         420
 Failed SN SD test.
 Parm:Temp. Dew Pt.   Month:           6  Year:        1993  Mlevel=   30.0000000      SDlevel=   99.9766998      Days:         420
 Failed SN SD test.
 Parm:Temp. Dew Pt.   Month:           6  Year:        1993  Mlevel=   40.0000000      SDlevel=   99.9440689      Days:         420
*** ERROR *** Could not produce desired level of quality in
                    << Temp. Dew Pt.   >> random deviates.
 Failed SN SD test.
 Parm:Temp. Dew Pt.   Month:           6  Year:        1994  Mlevel=   10.0000000      SDlevel=   99.5000000      Days:         450
 Failed SN SD test.
 Parm:Temp. Dew Pt.   Month:           6  Year:        1994  Mlevel=   40.0000000      SDlevel=   99.9473114      Days:         450
 Failed SN SD test.
 Parm:Temp. Dew Pt.   Month:           6  Year:        1994  Mlevel=   40.0000000      SDlevel=   99.2132645      Days:         450
 Failed SN SD test.
 Parm:Temp. Dew Pt.   Month:           6  Year:        1994  Mlevel=   30.0000000      SDlevel=   99.9208450      Days:         450
 Failed SN SD test.
 Parm:Temp. Dew Pt.   Month:           6  Year:        1994  Mlevel=   40.0000000      SDlevel=   99.5679169      Days:         450
*** ERROR *** Could not produce desired level of quality in
                    << Temp. Dew Pt.   >> random deviates.
 Failed SN SD test.
 Parm:Temp. Dew Pt.   Month:           6  Year:        1995  Mlevel=   50.0000000      SDlevel=   99.5368576      Days:         480
 Failed SN SD test.
 Parm:Temp. Dew Pt.   Month:           6  Year:        1995  Mlevel=   30.0000000      SDlevel=   99.8389282      Days:         480
 Failed SN SD test.
 Parm:Temp. Dew Pt.   Month:           6  Year:        1995  Mlevel=   1.00000000      SDlevel=   98.7694168      Days:         480
 Failed SN SD test.
 Parm:Temp. Dew Pt.   Month:           6  Year:        1995  Mlevel=   40.0000000      SDlevel=   99.7531738      Days:         480
 Failed SN SD test.
 Parm:Temp. Dew Pt.   Month:           6  Year:        1995  Mlevel=   50.0000000      SDlevel=   98.4595108      Days:         480
*** ERROR *** Could not produce desired level of quality in
                    << Temp. Dew Pt.   >> random deviates.
 Failed SN Mean test.
 Failed SN SD test.
 Parm:Temp. Dew Pt.   Month:           6  Year:        1996  Mlevel=   60.0000000      SDlevel=   97.7848740      Days:         510
 Failed SN SD test.
 Parm:Temp. Dew Pt.   Month:           6  Year:        1996  Mlevel=   40.0000000      SDlevel=   94.4906540      Days:         510
 Failed SN SD test.
 Parm:Temp. Dew Pt.   Month:           6  Year:        1996  Mlevel=   50.0000000      SDlevel=   99.4924774      Days:         510
 Failed SN SD test.
 Parm:Temp. Dew Pt.   Month:           6  Year:        1996  Mlevel=   50.0000000      SDlevel=   97.7169189      Days:         510
 Failed SN SD test.
 Parm:Temp. Dew Pt.   Month:           6  Year:        1996  Mlevel=   40.0000000      SDlevel=   98.5874863      Days:         510
*** ERROR *** Could not produce desired level of quality in
                    << Temp. Dew Pt.   >> random deviates.
 Failed SN Mean test.
 Failed SN SD test.
 Parm:Temp. Dew Pt.   Month:           6  Year:        1997  Mlevel=   60.0000000      SDlevel=   97.0844269      Days:         540
 Failed SN SD test.
 Parm:Temp. Dew Pt.   Month:           6  Year:        1997  Mlevel=   40.0000000      SDlevel=   98.0459824      Days:         540
 Failed SN SD test.
 Parm:Temp. Dew Pt.   Month:           6  Year:        1997  Mlevel=   50.0000000      SDlevel=   98.6708908      Days:         540
 FAILED K-S -- Parm:Temp. Dew Pt.   Mon:           6  Year:        1997  N:         450
 Failed SN SD test.
 Parm:Temp. Dew Pt.   Month:           6  Year:        1997  Mlevel=   50.0000000      SDlevel=   98.6708908      Days:         540
 Failed SN SD test.
 Parm:Temp. Dew Pt.   Month:           6  Year:        1997  Mlevel=   40.0000000      SDlevel=   98.7832870      Days:         540
*** ERROR *** Could not produce desired level of quality in
                    << Temp. Dew Pt.   >> random deviates.
 Failed SN SD test.
 Parm:Temp. Dew Pt.   Month:           6  Year:        1998  Mlevel=   10.0000000      SDlevel=   99.0152359      Days:         570
 Failed SN SD test.
 Parm:Temp. Dew Pt.   Month:           6  Year:        1998  Mlevel=   40.0000000      SDlevel=   98.6723938      Days:         570
 Failed SN SD test.
 Parm:Temp. Dew Pt.   Month:           6  Year:        1998  Mlevel=   30.0000000      SDlevel=   97.1093445      Days:         570
 Failed SN Mean test.
 Failed SN SD test.
 Parm:Temp. Dew Pt.   Month:           6  Year:        1998  Mlevel=   60.0000000      SDlevel=   97.8129120      Days:         570
 Failed SN SD test.
 Parm:Temp. Dew Pt.   Month:           6  Year:        1998  Mlevel=   40.0000000      SDlevel=   98.2475586      Days:         570
*** ERROR *** Could not produce desired level of quality in
                    << Temp. Dew Pt.   >> random deviates.
 Failed SN SD test.
 Parm:Temp. Dew Pt.   Month:           6  Year:        1999  Mlevel=   30.0000000      SDlevel=   97.5483017      Days:         600
 Failed SN SD test.
 Parm:Temp. Dew Pt.   Month:           6  Year:        1999  Mlevel=   30.0000000      SDlevel=   96.6195984      Days:         600
 Failed SN SD test.
 Parm:Temp. Dew Pt.   Month:           6  Year:        1999  Mlevel=   40.0000000      SDlevel=   96.7288666      Days:         600
 Failed SN SD test.
 Parm:Temp. Dew Pt.   Month:           6  Year:        1999  Mlevel=   1.00000000      SDlevel=   97.2542877      Days:         600
 Failed SN SD test.
 Parm:Temp. Dew Pt.   Month:           6  Year:        1999  Mlevel=   30.0000000      SDlevel=   98.6993484      Days:         600
*** ERROR *** Could not produce desired level of quality in
                    << Temp. Dew Pt.   >> random deviates.
 FAILED K-S -- Parm:Temp. Dew Pt.   Mon:           6  Year:        2000  N:         540
 Failed SN SD test.
 Parm:Temp. Dew Pt.   Month:           6  Year:        2000  Mlevel=   30.0000000      SDlevel=   95.7242508      Days:         630
 FAILED K-S -- Parm:Temp. Dew Pt.   Mon:           6  Year:        2000  N:         540
 Failed SN SD test.
 Parm:Temp. Dew Pt.   Month:           6  Year:        2000  Mlevel=   30.0000000      SDlevel=   95.7242508      Days:         630
 Failed SN SD test.
 Parm:Temp. Dew Pt.   Month:           6  Year:        2000  Mlevel=   10.0000000      SDlevel=   96.4476547      Days:         630
 Failed SN SD test.
 Parm:Temp. Dew Pt.   Month:           6  Year:        2000  Mlevel=   30.0000000      SDlevel=   96.4762497      Days:         630
 Failed SN SD test.
 Parm:Temp. Dew Pt.   Month:           6  Year:        2000  Mlevel=   10.0000000      SDlevel=   97.5924301      Days:         630
*** ERROR *** Could not produce desired level of quality in
                    << Temp. Dew Pt.   >> random deviates.
 Failed SN SD test.
At line 3013 of file cligen53.f (unit = 9, file = '0500000US06017.prn')
Fortran runtime error: Sequential READ or WRITE not allowed after EOF marker, possibly use REWIND or BACKSPACE
 Parm:Precip. Amt.    Month:          10  Year:        2000  Mlevel=   20.0000000      SDlevel=   51.5431175      Days:          91
 Failed SN SD test.
 Parm:Precip. Amt.    Month:          10  Year:        2000  Mlevel=   20.0000000      SDlevel=   50.3152618      Days:          91
 Failed SN SD test.
 Parm:Precip. Amt.    Month:          10  Year:        2000  Mlevel=   20.0000000      SDlevel=   50.8685951      Days:          91
 Failed SN SD test.
 Parm:Precip. Amt.    Month:          10  Year:        2000  Mlevel=   20.0000000      SDlevel=   50.7579918      Days:          91
 Failed SN SD test.
 Parm:Precip. Amt.    Month:          10  Year:        2000  Mlevel=   20.0000000      SDlevel=   50.7140350      Days:          91
*** ERROR *** Could not produce desired level of quality in
                    << Precip. Amt.    >> random deviates.
 FAILED K-S -- Parm:Temp. Dew Pt.   Mon:          10  Year:        2000  N:         651
