

  ********************************************************************
  *                                                                  *
  *              USDA - WATER EROSION PREDICTION PROJECT             *
  *                 WEPP CLIMATE INPUT DATA GENERATOR                *
  *                                                                  *
  *                    CONTINUOUS SIMULATION AND                     *
  *                       SINGLE STORM OPTIONS                       *
  *                    with Command Line Options,                    *
  *                        and Corrections to                        *
  *                  Rainfall Intensity Calculations                 *
  *                   and Random Number Generation.                  *
  *                                                                  *
  *                          VERSION 5.30000                         *
  *                     Revised from VERSION 4.2                     *
  *                           October 2004                           *
  *                                                                  *
  *           (Use -h or /h to list command line options.)           *
  *                                                                  *
  ********************************************************************


 fl083186.par                                                                                                                                                                                                                                                    
 0500000US12071.prn                                                                                                                                                                                                                                              
 FAILED K-S -- Parm:Time to Peak    Mon:           2  Year:        2001  N:         100
 FAILED K-S -- Parm:Time to Peak    Mon:           2  Year:        2001  N:         100
 FAILED K-S -- Parm:Time to Peak    Mon:           2  Year:        2001  N:         100
 FAILED K-S -- Parm:Time to Peak    Mon:           2  Year:        2001  N:         100
 FAILED K-S -- Parm:Time to Peak    Mon:           2  Year:        2001  N:         100
*** ERROR *** Could not produce desired level of quality in
                    << Time to Peak    >> random deviates.
 FAILED K-S -- Parm:Time to Peak    Mon:           2  Year:        2002  N:         103
 FAILED K-S -- Parm:Time to Peak    Mon:           2  Year:        2002  N:         103
 FAILED K-S -- Parm:Time to Peak    Mon:           2  Year:        2002  N:         103
 FAILED K-S -- Parm:Time to Peak    Mon:           2  Year:        2002  N:         103
 FAILED K-S -- Parm:Time to Peak    Mon:           2  Year:        2002  N:         103
*** ERROR *** Could not produce desired level of quality in
                    << Time to Peak    >> random deviates.
 FAILED K-S -- Parm:Time to Peak    Mon:           2  Year:        2003  N:         107
 FAILED K-S -- Parm:Time to Peak    Mon:           2  Year:        2003  N:         107
 FAILED K-S -- Parm:Time to Peak    Mon:           2  Year:        2003  N:         107
 FAILED K-S -- Parm:Time to Peak    Mon:           2  Year:        2003  N:         107
 FAILED K-S -- Parm:Time to Peak    Mon:           2  Year:        2003  N:         107
*** ERROR *** Could not produce desired level of quality in
                    << Time to Peak    >> random deviates.
 FAILED K-S -- Parm:Time to Peak    Mon:           2  Year:        2004  N:         109
 FAILED K-S -- Parm:Time to Peak    Mon:           2  Year:        2004  N:         109
 FAILED K-S -- Parm:Time to Peak    Mon:           2  Year:        2004  N:         109
 FAILED K-S -- Parm:Time to Peak    Mon:           2  Year:        2004  N:         109
 FAILED K-S -- Parm:Time to Peak    Mon:           2  Year:        2004  N:         109
*** ERROR *** Could not produce desired level of quality in
                    << Time to Peak    >> random deviates.
At line 3013 of file cligen53.f (unit = 9, file = '0500000US12071.prn')
Fortran runtime error: Sequential READ or WRITE not allowed after EOF marker, possibly use REWIND or BACKSPACE
 FAILED K-S -- Parm:Time to Peak    Mon:           2  Year:        2005  N:         114
 FAILED K-S -- Parm:Time to Peak    Mon:           2  Year:        2005  N:         114
 FAILED K-S -- Parm:Time to Peak    Mon:           2  Year:        2005  N:         114
 FAILED K-S -- Parm:Time to Peak    Mon:           2  Year:        2005  N:         114
 FAILED K-S -- Parm:Time to Peak    Mon:           2  Year:        2005  N:         114
*** ERROR *** Could not produce desired level of quality in
                    << Time to Peak    >> random deviates.
 FAILED K-S -- Parm:Time to Peak    Mon:           2  Year:        2006  N:         119
 FAILED K-S -- Parm:Time to Peak    Mon:           2  Year:        2006  N:         119
 FAILED K-S -- Parm:Time to Peak    Mon:           2  Year:        2006  N:         119
 FAILED K-S -- Parm:Time to Peak    Mon:           2  Year:        2006  N:         119
 FAILED K-S -- Parm:Time to Peak    Mon:           2  Year:        2006  N:         119
*** ERROR *** Could not produce desired level of quality in
                    << Time to Peak    >> random deviates.
 FAILED K-S -- Parm:Time to Peak    Mon:           2  Year:        2007  N:         123
 FAILED K-S -- Parm:Time to Peak    Mon:           2  Year:        2007  N:         123
 FAILED K-S -- Parm:Time to Peak    Mon:           2  Year:        2007  N:         123
 FAILED K-S -- Parm:Time to Peak    Mon:           2  Year:        2007  N:         123
 FAILED K-S -- Parm:Time to Peak    Mon:           2  Year:        2007  N:         123
*** ERROR *** Could not produce desired level of quality in
                    << Time to Peak    >> random deviates.
 FAILED K-S -- Parm:Time to Peak    Mon:           2  Year:        2008  N:         128
 FAILED K-S -- Parm:Time to Peak    Mon:           2  Year:        2008  N:         128
 FAILED K-S -- Parm:Time to Peak    Mon:           2  Year:        2008  N:         128
 FAILED K-S -- Parm:Time to Peak    Mon:           2  Year:        2008  N:         128
 FAILED K-S -- Parm:Time to Peak    Mon:           2  Year:        2008  N:         128
*** ERROR *** Could not produce desired level of quality in
                    << Time to Peak    >> random deviates.
