

  ********************************************************************
  *                                                                  *
  *              USDA - WATER EROSION PREDICTION PROJECT             *
  *                 WEPP CLIMATE INPUT DATA GENERATOR                *
  *                                                                  *
  *                    CONTINUOUS SIMULATION AND                     *
  *                       SINGLE STORM OPTIONS                       *
  *                    with Command Line Options,                    *
  *                        and Corrections to                        *
  *                  Rainfall Intensity Calculations                 *
  *                   and Random Number Generation.                  *
  *                                                                  *
  *                          VERSION 5.30000                         *
  *                     Revised from VERSION 4.2                     *
  *                           October 2004                           *
  *                                                                  *
  *           (Use -h or /h to list command line options.)           *
  *                                                                  *
  ********************************************************************


 ms220488.par                                                                                                                                                                                                                                                    
 0500000US28107.prn                                                                                                                                                                                                                                              
 FAILED K-S -- Parm:Time to Peak    Mon:           9  Year:        2003  N:         103
 FAILED K-S -- Parm:Time to Peak    Mon:           9  Year:        2003  N:         103
 FAILED K-S -- Parm:Time to Peak    Mon:           9  Year:        2003  N:         103
 FAILED K-S -- Parm:Time to Peak    Mon:           9  Year:        2003  N:         103
 FAILED K-S -- Parm:Time to Peak    Mon:           9  Year:        2003  N:         103
*** ERROR *** Could not produce desired level of quality in
                    << Time to Peak    >> random deviates.
 FAILED K-S -- Parm:Time to Peak    Mon:           9  Year:        2004  N:         109
 FAILED K-S -- Parm:Time to Peak    Mon:           9  Year:        2004  N:         109
 FAILED K-S -- Parm:Time to Peak    Mon:           9  Year:        2004  N:         109
 FAILED K-S -- Parm:Time to Peak    Mon:           9  Year:        2004  N:         109
 FAILED K-S -- Parm:Time to Peak    Mon:           9  Year:        2004  N:         109
*** ERROR *** Could not produce desired level of quality in
                    << Time to Peak    >> random deviates.
 FAILED K-S -- Parm:Time to Peak    Mon:           9  Year:        2005  N:         112
 FAILED K-S -- Parm:Time to Peak    Mon:           9  Year:        2005  N:         112
 FAILED K-S -- Parm:Time to Peak    Mon:           9  Year:        2005  N:         112
 FAILED K-S -- Parm:Time to Peak    Mon:           9  Year:        2005  N:         112
 FAILED K-S -- Parm:Time to Peak    Mon:           9  Year:        2005  N:         112
*** ERROR *** Could not produce desired level of quality in
                    << Time to Peak    >> random deviates.
 FAILED K-S -- Parm:Time to Peak    Mon:           9  Year:        2006  N:         116
 FAILED K-S -- Parm:Time to Peak    Mon:           9  Year:        2006  N:         116
 FAILED K-S -- Parm:Time to Peak    Mon:           9  Year:        2006  N:         116
 FAILED K-S -- Parm:Time to Peak    Mon:           9  Year:        2006  N:         116
 FAILED K-S -- Parm:Time to Peak    Mon:           9  Year:        2006  N:         116
*** ERROR *** Could not produce desired level of quality in
                    << Time to Peak    >> random deviates.
 FAILED K-S -- Parm:Time to Peak    Mon:           9  Year:        2007  N:         124
 FAILED K-S -- Parm:Time to Peak    Mon:           9  Year:        2007  N:         124
 FAILED K-S -- Parm:Time to Peak    Mon:           9  Year:        2007  N:         124
 FAILED K-S -- Parm:Time to Peak    Mon:           9  Year:        2007  N:         124
 FAILED K-S -- Parm:Time to Peak    Mon:           9  Year:        2007  N:         124
*** ERROR *** Could not produce desired level of quality in
                    << Time to Peak    >> random deviates.
 FAILED K-S -- Parm:Time to Peak    Mon:           9  Year:        2008  N:         128
 FAILED K-S -- Parm:Time to Peak    Mon:           9  Year:        2008  N:         128
 FAILED K-S -- Parm:Time to Peak    Mon:           9  Year:        2008  N:         128
 FAILED K-S -- Parm:Time to Peak    Mon:           9  Year:        2008  N:         128
 FAILED K-S -- Parm:Time to Peak    Mon:           9  Year:        2008  N:         128
*** ERROR *** Could not produce desired level of quality in
                    << Time to Peak    >> random deviates.
 FAILED K-S -- Parm:Time to Peak    Mon:           9  Year:        2009  N:         130
 FAILED K-S -- Parm:Time to Peak    Mon:           9  Year:        2009  N:         130
 FAILED K-S -- Parm:Time to Peak    Mon:           9  Year:        2009  N:         130
 FAILED K-S -- Parm:Time to Peak    Mon:           9  Year:        2009  N:         130
 FAILED K-S -- Parm:Time to Peak    Mon:           9  Year:        2009  N:         130
*** ERROR *** Could not produce desired level of quality in
                    << Time to Peak    >> random deviates.
 FAILED K-S -- Parm:Time to Peak    Mon:           9  Year:        2010  N:         142
 FAILED K-S -- Parm:Time to Peak    Mon:           9  Year:        2010  N:         142
 FAILED K-S -- Parm:Time to Peak    Mon:           9  Year:        2010  N:         142
 FAILED K-S -- Parm:Time to Peak    Mon:           9  Year:        2010  N:         142
 FAILED K-S -- Parm:Time to Peak    Mon:           9  Year:        2010  N:         142
*** ERROR *** Could not produce desired level of quality in
                    << Time to Peak    >> random deviates.
 FAILED K-S -- Parm:Time to Peak    Mon:           9  Year:        2011  N:         144
 FAILED K-S -- Parm:Time to Peak    Mon:           9  Year:        2011  N:         144
 FAILED K-S -- Parm:Time to Peak    Mon:           9  Year:        2011  N:         144
 FAILED K-S -- Parm:Time to Peak    Mon:           9  Year:        2011  N:         144
 FAILED K-S -- Parm:Time to Peak    Mon:           9  Year:        2011  N:         144
*** ERROR *** Could not produce desired level of quality in
                    << Time to Peak    >> random deviates.
 FAILED K-S -- Parm:Time to Peak    Mon:           9  Year:        2012  N:         151
 FAILED K-S -- Parm:Time to Peak    Mon:           9  Year:        2012  N:         151
 FAILED K-S -- Parm:Time to Peak    Mon:           9  Year:        2012  N:         151
 FAILED K-S -- Parm:Time to Peak    Mon:           9  Year:        2012  N:         151
 FAILED K-S -- Parm:Time to Peak    Mon:           9  Year:        2012  N:         151
*** ERROR *** Could not produce desired level of quality in
                    << Time to Peak    >> random deviates.
 FAILED K-S -- Parm:Time to Peak    Mon:           9  Year:        2013  N:         157
 FAILED K-S -- Parm:Time to Peak    Mon:           9  Year:        2013  N:         157
 FAILED K-S -- Parm:Time to Peak    Mon:           9  Year:        2013  N:         157
 FAILED K-S -- Parm:Time to Peak    Mon:           9  Year:        2013  N:         157
 FAILED K-S -- Parm:Time to Peak    Mon:           9  Year:        2013  N:         157
*** ERROR *** Could not produce desired level of quality in
                    << Time to Peak    >> random deviates.
 FAILED K-S -- Parm:Time to Peak    Mon:           9  Year:        2014  N:         163
 FAILED K-S -- Parm:Time to Peak    Mon:           9  Year:        2014  N:         163
 FAILED K-S -- Parm:Time to Peak    Mon:           9  Year:        2014  N:         163
At line 3013 of file cligen53.f (unit = 9, file = '0500000US28107.prn')
Fortran runtime error: Sequential READ or WRITE not allowed after EOF marker, possibly use REWIND or BACKSPACE
 FAILED K-S -- Parm:Time to Peak    Mon:           9  Year:        2014  N:         163
 FAILED K-S -- Parm:Time to Peak    Mon:           9  Year:        2014  N:         163
*** ERROR *** Could not produce desired level of quality in
                    << Time to Peak    >> random deviates.
 FAILED K-S -- Parm:Time to Peak    Mon:           9  Year:        2015  N:         165
 FAILED K-S -- Parm:Time to Peak    Mon:           9  Year:        2015  N:         165
 FAILED K-S -- Parm:Time to Peak    Mon:           9  Year:        2015  N:         165
 FAILED K-S -- Parm:Time to Peak    Mon:           9  Year:        2015  N:         165
 FAILED K-S -- Parm:Time to Peak    Mon:           9  Year:        2015  N:         165
*** ERROR *** Could not produce desired level of quality in
                    << Time to Peak    >> random deviates.
 FAILED K-S -- Parm:Time to Peak    Mon:           9  Year:        2016  N:         169
 FAILED K-S -- Parm:Time to Peak    Mon:           9  Year:        2016  N:         169
 FAILED K-S -- Parm:Time to Peak    Mon:           9  Year:        2016  N:         169
 FAILED K-S -- Parm:Time to Peak    Mon:           9  Year:        2016  N:         169
 FAILED K-S -- Parm:Time to Peak    Mon:           9  Year:        2016  N:         169
*** ERROR *** Could not produce desired level of quality in
                    << Time to Peak    >> random deviates.
 FAILED K-S -- Parm:Time to Peak    Mon:           9  Year:        2017  N:         171
 FAILED K-S -- Parm:Time to Peak    Mon:           9  Year:        2017  N:         171
 FAILED K-S -- Parm:Time to Peak    Mon:           9  Year:        2017  N:         171
 FAILED K-S -- Parm:Time to Peak    Mon:           9  Year:        2017  N:         171
 FAILED K-S -- Parm:Time to Peak    Mon:           9  Year:        2017  N:         171
*** ERROR *** Could not produce desired level of quality in
                    << Time to Peak    >> random deviates.
