

  ********************************************************************
  *                                                                  *
  *              USDA - WATER EROSION PREDICTION PROJECT             *
  *                 WEPP CLIMATE INPUT DATA GENERATOR                *
  *                                                                  *
  *                    CONTINUOUS SIMULATION AND                     *
  *                       SINGLE STORM OPTIONS                       *
  *                    with Command Line Options,                    *
  *                        and Corrections to                        *
  *                  Rainfall Intensity Calculations                 *
  *                   and Random Number Generation.                  *
  *                                                                  *
  *                          VERSION 5.30000                         *
  *                     Revised from VERSION 4.2                     *
  *                           October 2004                           *
  *                                                                  *
  *           (Use -h or /h to list command line options.)           *
  *                                                                  *
  ********************************************************************


 md180015.par                                                                                                                                                                                                                                                    
 0500000US24015.prn                                                                                                                                                                                                                                              
 Tdew -10 rangecheck executed.
 Tdew -10 rangecheck executed.
 FAILED K-S -- Parm:Time to Peak    Mon:           2  Year:        1993  N:         103
 FAILED K-S -- Parm:Time to Peak    Mon:           2  Year:        1993  N:         103
 FAILED K-S -- Parm:Time to Peak    Mon:           2  Year:        1993  N:         103
 FAILED K-S -- Parm:Time to Peak    Mon:           2  Year:        1993  N:         103
 FAILED K-S -- Parm:Time to Peak    Mon:           2  Year:        1993  N:         103
*** ERROR *** Could not produce desired level of quality in
                    << Time to Peak    >> random deviates.
 Tdew -10 rangecheck executed.
 FAILED K-S -- Parm:Time to Peak    Mon:           2  Year:        1994  N:         106
 FAILED K-S -- Parm:Time to Peak    Mon:           2  Year:        1994  N:         106
 FAILED K-S -- Parm:Time to Peak    Mon:           2  Year:        1994  N:         106
 FAILED K-S -- Parm:Time to Peak    Mon:           2  Year:        1994  N:         106
 FAILED K-S -- Parm:Time to Peak    Mon:           2  Year:        1994  N:         106
*** ERROR *** Could not produce desired level of quality in
                    << Time to Peak    >> random deviates.
 FAILED K-S -- Parm:Time to Peak    Mon:          12  Year:        1994  N:         106
 FAILED K-S -- Parm:Time to Peak    Mon:          12  Year:        1994  N:         106
 FAILED K-S -- Parm:Time to Peak    Mon:          12  Year:        1994  N:         106
 FAILED K-S -- Parm:Time to Peak    Mon:          12  Year:        1994  N:         106
 FAILED K-S -- Parm:Time to Peak    Mon:          12  Year:        1994  N:         106
*** ERROR *** Could not produce desired level of quality in
                    << Time to Peak    >> random deviates.
 FAILED K-S -- Parm:Time to Peak    Mon:           2  Year:        1995  N:         111
 FAILED K-S -- Parm:Time to Peak    Mon:           2  Year:        1995  N:         111
 FAILED K-S -- Parm:Time to Peak    Mon:           2  Year:        1995  N:         111
 FAILED K-S -- Parm:Time to Peak    Mon:           2  Year:        1995  N:         111
 FAILED K-S -- Parm:Time to Peak    Mon:           2  Year:        1995  N:         111
*** ERROR *** Could not produce desired level of quality in
                    << Time to Peak    >> random deviates.
 FAILED K-S -- Parm:Time to Peak    Mon:          12  Year:        1995  N:         112
 FAILED K-S -- Parm:Time to Peak    Mon:          12  Year:        1995  N:         112
 FAILED K-S -- Parm:Time to Peak    Mon:          12  Year:        1995  N:         112
 FAILED K-S -- Parm:Time to Peak    Mon:          12  Year:        1995  N:         112
 FAILED K-S -- Parm:Time to Peak    Mon:          12  Year:        1995  N:         112
*** ERROR *** Could not produce desired level of quality in
                    << Time to Peak    >> random deviates.
 FAILED K-S -- Parm:Time to Peak    Mon:           2  Year:        1996  N:         118
 FAILED K-S -- Parm:Time to Peak    Mon:           2  Year:        1996  N:         118
 FAILED K-S -- Parm:Time to Peak    Mon:           2  Year:        1996  N:         118
 FAILED K-S -- Parm:Time to Peak    Mon:           2  Year:        1996  N:         118
 FAILED K-S -- Parm:Time to Peak    Mon:           2  Year:        1996  N:         118
*** ERROR *** Could not produce desired level of quality in
                    << Time to Peak    >> random deviates.
 Tdew -10 rangecheck executed.
 FAILED K-S -- Parm:Time to Peak    Mon:          12  Year:        1996  N:         122
 FAILED K-S -- Parm:Time to Peak    Mon:          12  Year:        1996  N:         122
 FAILED K-S -- Parm:Time to Peak    Mon:          12  Year:        1996  N:         122
 FAILED K-S -- Parm:Time to Peak    Mon:          12  Year:        1996  N:         122
 FAILED K-S -- Parm:Time to Peak    Mon:          12  Year:        1996  N:         122
*** ERROR *** Could not produce desired level of quality in
                    << Time to Peak    >> random deviates.
 FAILED K-S -- Parm:Time to Peak    Mon:           2  Year:        1997  N:         124
 FAILED K-S -- Parm:Time to Peak    Mon:           2  Year:        1997  N:         124
 FAILED K-S -- Parm:Time to Peak    Mon:           2  Year:        1997  N:         124
 FAILED K-S -- Parm:Time to Peak    Mon:           2  Year:        1997  N:         124
 FAILED K-S -- Parm:Time to Peak    Mon:           2  Year:        1997  N:         124
*** ERROR *** Could not produce desired level of quality in
                    << Time to Peak    >> random deviates.
 FAILED K-S -- Parm:Time to Peak    Mon:          12  Year:        1997  N:         129
 FAILED K-S -- Parm:Time to Peak    Mon:          12  Year:        1997  N:         129
 FAILED K-S -- Parm:Time to Peak    Mon:          12  Year:        1997  N:         129
 FAILED K-S -- Parm:Time to Peak    Mon:          12  Year:        1997  N:         129
 FAILED K-S -- Parm:Time to Peak    Mon:          12  Year:        1997  N:         129
*** ERROR *** Could not produce desired level of quality in
                    << Time to Peak    >> random deviates.
 FAILED K-S -- Parm:Time to Peak    Mon:           2  Year:        1998  N:         127
 FAILED K-S -- Parm:Time to Peak    Mon:           2  Year:        1998  N:         127
 FAILED K-S -- Parm:Time to Peak    Mon:           2  Year:        1998  N:         127
 FAILED K-S -- Parm:Time to Peak    Mon:           2  Year:        1998  N:         127
 FAILED K-S -- Parm:Time to Peak    Mon:           2  Year:        1998  N:         127
*** ERROR *** Could not produce desired level of quality in
                    << Time to Peak    >> random deviates.
 FAILED K-S -- Parm:Time to Peak    Mon:           2  Year:        1999  N:         132
 FAILED K-S -- Parm:Time to Peak    Mon:           2  Year:        1999  N:         132
 FAILED K-S -- Parm:Time to Peak    Mon:           2  Year:        1999  N:         132
 FAILED K-S -- Parm:Time to Peak    Mon:           2  Year:        1999  N:         132
 FAILED K-S -- Parm:Time to Peak    Mon:           2  Year:        1999  N:         132
*** ERROR *** Could not produce desired level of quality in
                    << Time to Peak    >> random deviates.
 FAILED K-S -- Parm:Time to Peak    Mon:           2  Year:        2000  N:         138
 FAILED K-S -- Parm:Time to Peak    Mon:           2  Year:        2000  N:         138
 FAILED K-S -- Parm:Time to Peak    Mon:           2  Year:        2000  N:         138
 FAILED K-S -- Parm:Time to Peak    Mon:           2  Year:        2000  N:         138
 FAILED K-S -- Parm:Time to Peak    Mon:           2  Year:        2000  N:         138
*** ERROR *** Could not produce desired level of quality in
                    << Time to Peak    >> random deviates.
 FAILED K-S -- Parm:Time to Peak    Mon:           2  Year:        2001  N:         140
 FAILED K-S -- Parm:Time to Peak    Mon:           2  Year:        2001  N:         140
 FAILED K-S -- Parm:Time to Peak    Mon:           2  Year:        2001  N:         140
 FAILED K-S -- Parm:Time to Peak    Mon:           2  Year:        2001  N:         140
 FAILED K-S -- Parm:Time to Peak    Mon:           2  Year:        2001  N:         140
*** ERROR *** Could not produce desired level of quality in
                    << Time to Peak    >> random deviates.
 FAILED K-S -- Parm:Time to Peak    Mon:           2  Year:        2002  N:         147
 FAILED K-S -- Parm:Time to Peak    Mon:           2  Year:        2002  N:         147
 FAILED K-S -- Parm:Time to Peak    Mon:           2  Year:        2002  N:         147
 FAILED K-S -- Parm:Time to Peak    Mon:           2  Year:        2002  N:         147
 FAILED K-S -- Parm:Time to Peak    Mon:           2  Year:        2002  N:         147
*** ERROR *** Could not produce desired level of quality in
                    << Time to Peak    >> random deviates.
 FAILED K-S -- Parm:Time to Peak    Mon:           2  Year:        2003  N:         152
 FAILED K-S -- Parm:Time to Peak    Mon:           2  Year:        2003  N:         152
 FAILED K-S -- Parm:Time to Peak    Mon:           2  Year:        2003  N:         152
 FAILED K-S -- Parm:Time to Peak    Mon:           2  Year:        2003  N:         152
 FAILED K-S -- Parm:Time to Peak    Mon:           2  Year:        2003  N:         152
*** ERROR *** Could not produce desired level of quality in
                    << Time to Peak    >> random deviates.
 FAILED K-S -- Parm:Time to Peak    Mon:           2  Year:        2004  N:         157
 FAILED K-S -- Parm:Time to Peak    Mon:           2  Year:        2004  N:         157
 FAILED K-S -- Parm:Time to Peak    Mon:           2  Year:        2004  N:         157
 FAILED K-S -- Parm:Time to Peak    Mon:           2  Year:        2004  N:         157
 FAILED K-S -- Parm:Time to Peak    Mon:           2  Year:        2004  N:         157
*** ERROR *** Could not produce desired level of quality in
                    << Time to Peak    >> random deviates.
 FAILED K-S -- Parm:Time to Peak    Mon:           2  Year:        2005  N:         163
 FAILED K-S -- Parm:Time to Peak    Mon:           2  Year:        2005  N:         163
 FAILED K-S -- Parm:Time to Peak    Mon:           2  Year:        2005  N:         163
 FAILED K-S -- Parm:Time to Peak    Mon:           2  Year:        2005  N:         163
 FAILED K-S -- Parm:Time to Peak    Mon:           2  Year:        2005  N:         163
*** ERROR *** Could not produce desired level of quality in
                    << Time to Peak    >> random deviates.
 FAILED K-S -- Parm:Time to Peak    Mon:           2  Year:        2006  N:         170
 FAILED K-S -- Parm:Time to Peak    Mon:           2  Year:        2006  N:         170
 FAILED K-S -- Parm:Time to Peak    Mon:           2  Year:        2006  N:         170
 FAILED K-S -- Parm:Time to Peak    Mon:           2  Year:        2006  N:         170
 FAILED K-S -- Parm:Time to Peak    Mon:           2  Year:        2006  N:         170
*** ERROR *** Could not produce desired level of quality in
                    << Time to Peak    >> random deviates.
 FAILED K-S -- Parm:Time to Peak    Mon:           2  Year:        2007  N:         175
 FAILED K-S -- Parm:Time to Peak    Mon:           2  Year:        2007  N:         175
 FAILED K-S -- Parm:Time to Peak    Mon:           2  Year:        2007  N:         175
 FAILED K-S -- Parm:Time to Peak    Mon:           2  Year:        2007  N:         175
 FAILED K-S -- Parm:Time to Peak    Mon:           2  Year:        2007  N:         175
At line 3013 of file cligen53.f (unit = 9, file = '0500000US24015.prn')
Fortran runtime error: Sequential READ or WRITE not allowed after EOF marker, possibly use REWIND or BACKSPACE
*** ERROR *** Could not produce desired level of quality in
                    << Time to Peak    >> random deviates.
 FAILED K-S -- Parm:Time to Peak    Mon:           2  Year:        2008  N:         184
 FAILED K-S -- Parm:Time to Peak    Mon:           2  Year:        2008  N:         184
 FAILED K-S -- Parm:Time to Peak    Mon:           2  Year:        2008  N:         184
 FAILED K-S -- Parm:Time to Peak    Mon:           2  Year:        2008  N:         184
 FAILED K-S -- Parm:Time to Peak    Mon:           2  Year:        2008  N:         184
*** ERROR *** Could not produce desired level of quality in
                    << Time to Peak    >> random deviates.
 FAILED K-S -- Parm:Time to Peak    Mon:           2  Year:        2009  N:         196
 FAILED K-S -- Parm:Time to Peak    Mon:           2  Year:        2009  N:         196
 FAILED K-S -- Parm:Time to Peak    Mon:           2  Year:        2009  N:         196
 FAILED K-S -- Parm:Time to Peak    Mon:           2  Year:        2009  N:         196
 FAILED K-S -- Parm:Time to Peak    Mon:           2  Year:        2009  N:         196
*** ERROR *** Could not produce desired level of quality in
                    << Time to Peak    >> random deviates.
 FAILED K-S -- Parm:Time to Peak    Mon:           2  Year:        2010  N:         198
 FAILED K-S -- Parm:Time to Peak    Mon:           2  Year:        2010  N:         198
 FAILED K-S -- Parm:Time to Peak    Mon:           2  Year:        2010  N:         198
 FAILED K-S -- Parm:Time to Peak    Mon:           2  Year:        2010  N:         198
 FAILED K-S -- Parm:Time to Peak    Mon:           2  Year:        2010  N:         198
*** ERROR *** Could not produce desired level of quality in
                    << Time to Peak    >> random deviates.
