

  ********************************************************************
  *                                                                  *
  *              USDA - WATER EROSION PREDICTION PROJECT             *
  *                 WEPP CLIMATE INPUT DATA GENERATOR                *
  *                                                                  *
  *                    CONTINUOUS SIMULATION AND                     *
  *                       SINGLE STORM OPTIONS                       *
  *                    with Command Line Options,                    *
  *                        and Corrections to                        *
  *                  Rainfall Intensity Calculations                 *
  *                   and Random Number Generation.                  *
  *                                                                  *
  *                          VERSION 5.30000                         *
  *                     Revised from VERSION 4.2                     *
  *                           October 2004                           *
  *                                                                  *
  *           (Use -h or /h to list command line options.)           *
  *                                                                  *
  ********************************************************************


 wv461570.par                                                                                                                                                                                                                                                    
 0500000US54039.prn                                                                                                                                                                                                                                              
 Tdew -10 rangecheck executed.
 Tdew -10 rangecheck executed.
 Tdew -10 rangecheck executed.
 Tdew -10 rangecheck executed.
 Tdew -10 rangecheck executed.
 FAILED K-S -- Parm:Time to Peak    Mon:           1  Year:        1987  N:         110
 FAILED K-S -- Parm:Time to Peak    Mon:           1  Year:        1987  N:         110
 FAILED K-S -- Parm:Time to Peak    Mon:           1  Year:        1987  N:         110
 FAILED K-S -- Parm:Time to Peak    Mon:           1  Year:        1987  N:         110
 FAILED K-S -- Parm:Time to Peak    Mon:           1  Year:        1987  N:         110
*** ERROR *** Could not produce desired level of quality in
                    << Time to Peak    >> random deviates.
 FAILED K-S -- Parm:Time to Peak    Mon:           1  Year:        1988  N:         127
 FAILED K-S -- Parm:Time to Peak    Mon:           1  Year:        1988  N:         127
 FAILED K-S -- Parm:Time to Peak    Mon:           1  Year:        1988  N:         127
 FAILED K-S -- Parm:Time to Peak    Mon:           1  Year:        1988  N:         127
 FAILED K-S -- Parm:Time to Peak    Mon:           1  Year:        1988  N:         127
*** ERROR *** Could not produce desired level of quality in
                    << Time to Peak    >> random deviates.
 FAILED K-S -- Parm:Time to Peak    Mon:           1  Year:        1989  N:         145
 FAILED K-S -- Parm:Time to Peak    Mon:           1  Year:        1989  N:         145
 FAILED K-S -- Parm:Time to Peak    Mon:           1  Year:        1989  N:         145
 FAILED K-S -- Parm:Time to Peak    Mon:           1  Year:        1989  N:         145
 FAILED K-S -- Parm:Time to Peak    Mon:           1  Year:        1989  N:         145
*** ERROR *** Could not produce desired level of quality in
                    << Time to Peak    >> random deviates.
 Tdew -10 rangecheck executed.
 Tdew -10 rangecheck executed.
 FAILED K-S -- Parm:Time to Peak    Mon:           1  Year:        1990  N:         157
 FAILED K-S -- Parm:Time to Peak    Mon:           1  Year:        1990  N:         157
 FAILED K-S -- Parm:Time to Peak    Mon:           1  Year:        1990  N:         157
 FAILED K-S -- Parm:Time to Peak    Mon:           1  Year:        1990  N:         157
At line 3013 of file cligen53.f (unit = 9, file = '0500000US54039.prn')
Fortran runtime error: Sequential READ or WRITE not allowed after EOF marker, possibly use REWIND or BACKSPACE
 FAILED K-S -- Parm:Time to Peak    Mon:           1  Year:        1990  N:         157
*** ERROR *** Could not produce desired level of quality in
                    << Time to Peak    >> random deviates.
 Tdew -10 rangecheck executed.
 Tdew -10 rangecheck executed.
 Tdew -10 rangecheck executed.
 Tdew -10 rangecheck executed.
 Tdew -10 rangecheck executed.
 Tdew -10 rangecheck executed.
 Tdew -10 rangecheck executed.
