

  ********************************************************************
  *                                                                  *
  *              USDA - WATER EROSION PREDICTION PROJECT             *
  *                 WEPP CLIMATE INPUT DATA GENERATOR                *
  *                                                                  *
  *                    CONTINUOUS SIMULATION AND                     *
  *                       SINGLE STORM OPTIONS                       *
  *                    with Command Line Options,                    *
  *                        and Corrections to                        *
  *                  Rainfall Intensity Calculations                 *
  *                   and Random Number Generation.                  *
  *                                                                  *
  *                          VERSION 5.30000                         *
  *                     Revised from VERSION 4.2                     *
  *                           October 2004                           *
  *                                                                  *
  *           (Use -h or /h to list command line options.)           *
  *                                                                  *
  ********************************************************************


 wa454679.par                                                                                                                                                                                                                                                    
 0500000US53001.prn                                                                                                                                                                                                                                              
 Failed SN SD test.
 Parm:Precip. Amt.    Month:           9  Year:        1986  Mlevel=   20.0000000      SDlevel=   59.2784691      Days:          16
 Failed SN SD test.
 Parm:Precip. Amt.    Month:           9  Year:        1986  Mlevel=   20.0000000      SDlevel=   59.2962570      Days:          16
 Failed SN SD test.
 Parm:Precip. Amt.    Month:           9  Year:        1986  Mlevel=   20.0000000      SDlevel=   59.5583496      Days:          16
 Failed SN SD test.
 Parm:Precip. Amt.    Month:           9  Year:        1986  Mlevel=   20.0000000      SDlevel=   59.8845062      Days:          16
 Failed SN SD test.
 Parm:Precip. Amt.    Month:           9  Year:        1986  Mlevel=   20.0000000      SDlevel=   59.8540077      Days:          16
*** ERROR *** Could not produce desired level of quality in
                    << Precip. Amt.    >> random deviates.
 FAILED K-S -- Parm:Wind Dir.       Mon:           9  Year:        1986  N:         210
 FAILED K-S -- Parm:Wind Vel.       Mon:           9  Year:        1986  N:         210
 Failed SN SD test.
 Parm:Precip. Amt.    Month:           9  Year:        1987  Mlevel=   30.0000000      SDlevel=   62.0088387      Days:          17
 Failed SN SD test.
 Parm:Precip. Amt.    Month:           9  Year:        1987  Mlevel=   1.00000000      SDlevel=   55.9454918      Days:          17
 Failed SN SD test.
 Parm:Precip. Amt.    Month:           9  Year:        1987  Mlevel=   5.00000000      SDlevel=   59.5134125      Days:          17
 Failed SN SD test.
 Parm:Precip. Amt.    Month:           9  Year:        1987  Mlevel=   1.00000000      SDlevel=   55.0400848      Days:          17
 Failed SN SD test.
 Parm:Precip. Amt.    Month:           9  Year:        1987  Mlevel=   30.0000000      SDlevel=   65.7189865      Days:          17
*** ERROR *** Could not produce desired level of quality in
                    << Precip. Amt.    >> random deviates.
 Tdew -10 rangecheck executed.
 Tdew -10 rangecheck executed.
 FAILED K-S -- Parm:Time to Peak    Mon:           9  Year:        2012  N:         102
 FAILED K-S -- Parm:Time to Peak    Mon:           9  Year:        2012  N:         102
 FAILED K-S -- Parm:Time to Peak    Mon:           9  Year:        2012  N:         102
At line 3013 of file cligen53.f (unit = 9, file = '0500000US53001.prn')
Fortran runtime error: Sequential READ or WRITE not allowed after EOF marker, possibly use REWIND or BACKSPACE
 FAILED K-S -- Parm:Time to Peak    Mon:           9  Year:        2012  N:         102
 FAILED K-S -- Parm:Time to Peak    Mon:           9  Year:        2012  N:         102
*** ERROR *** Could not produce desired level of quality in
                    << Time to Peak    >> random deviates.
 FAILED K-S -- Parm:Time to Peak    Mon:           9  Year:        2013  N:         105
 FAILED K-S -- Parm:Time to Peak    Mon:           9  Year:        2013  N:         105
 FAILED K-S -- Parm:Time to Peak    Mon:           9  Year:        2013  N:         105
 FAILED K-S -- Parm:Time to Peak    Mon:           9  Year:        2013  N:         105
 FAILED K-S -- Parm:Time to Peak    Mon:           9  Year:        2013  N:         105
*** ERROR *** Could not produce desired level of quality in
                    << Time to Peak    >> random deviates.
 FAILED K-S -- Parm:Time to Peak    Mon:           9  Year:        2014  N:         110
 FAILED K-S -- Parm:Time to Peak    Mon:           9  Year:        2014  N:         110
 FAILED K-S -- Parm:Time to Peak    Mon:           9  Year:        2014  N:         110
 FAILED K-S -- Parm:Time to Peak    Mon:           9  Year:        2014  N:         110
 FAILED K-S -- Parm:Time to Peak    Mon:           9  Year:        2014  N:         110
*** ERROR *** Could not produce desired level of quality in
                    << Time to Peak    >> random deviates.
 FAILED K-S -- Parm:Time to Peak    Mon:           9  Year:        2015  N:         111
 FAILED K-S -- Parm:Time to Peak    Mon:           9  Year:        2015  N:         111
 FAILED K-S -- Parm:Time to Peak    Mon:           9  Year:        2015  N:         111
 FAILED K-S -- Parm:Time to Peak    Mon:           9  Year:        2015  N:         111
 FAILED K-S -- Parm:Time to Peak    Mon:           9  Year:        2015  N:         111
*** ERROR *** Could not produce desired level of quality in
                    << Time to Peak    >> random deviates.
 FAILED K-S -- Parm:Time to Peak    Mon:           9  Year:        2016  N:         115
 FAILED K-S -- Parm:Time to Peak    Mon:           9  Year:        2016  N:         115
 FAILED K-S -- Parm:Time to Peak    Mon:           9  Year:        2016  N:         115
 FAILED K-S -- Parm:Time to Peak    Mon:           9  Year:        2016  N:         115
 FAILED K-S -- Parm:Time to Peak    Mon:           9  Year:        2016  N:         115
*** ERROR *** Could not produce desired level of quality in
                    << Time to Peak    >> random deviates.
 FAILED K-S -- Parm:Time to Peak    Mon:           9  Year:        2017  N:         115
 FAILED K-S -- Parm:Time to Peak    Mon:           9  Year:        2017  N:         115
 FAILED K-S -- Parm:Time to Peak    Mon:           9  Year:        2017  N:         115
 FAILED K-S -- Parm:Time to Peak    Mon:           9  Year:        2017  N:         115
 FAILED K-S -- Parm:Time to Peak    Mon:           9  Year:        2017  N:         115
*** ERROR *** Could not produce desired level of quality in
                    << Time to Peak    >> random deviates.
