

  ********************************************************************
  *                                                                  *
  *              USDA - WATER EROSION PREDICTION PROJECT             *
  *                 WEPP CLIMATE INPUT DATA GENERATOR                *
  *                                                                  *
  *                    CONTINUOUS SIMULATION AND                     *
  *                       SINGLE STORM OPTIONS                       *
  *                    with Command Line Options,                    *
  *                        and Corrections to                        *
  *                  Rainfall Intensity Calculations                 *
  *                   and Random Number Generation.                  *
  *                                                                  *
  *                          VERSION 5.30000                         *
  *                     Revised from VERSION 4.2                     *
  *                           October 2004                           *
  *                                                                  *
  *           (Use -h or /h to list command line options.)           *
  *                                                                  *
  ********************************************************************


 ok349404.par                                                                                                                                                                                                                                                    
 0500000US40151.prn                                                                                                                                                                                                                                              
 Tdew -10 rangecheck executed.
 Tdew -10 rangecheck executed.
 Tdew -10 rangecheck executed.
 Tdew -10 rangecheck executed.
 Tdew -10 rangecheck executed.
 Tdew -10 rangecheck executed.
 Tdew -10 rangecheck executed.
 Tdew -10 rangecheck executed.
 Tdew -10 rangecheck executed.
 Tdew -10 rangecheck executed.
 FAILED K-S -- Parm:Time to Peak    Mon:           7  Year:        1999  N:         103
 FAILED K-S -- Parm:Time to Peak    Mon:           7  Year:        1999  N:         103
 FAILED K-S -- Parm:Time to Peak    Mon:           7  Year:        1999  N:         103
 FAILED K-S -- Parm:Time to Peak    Mon:           7  Year:        1999  N:         103
 FAILED K-S -- Parm:Time to Peak    Mon:           7  Year:        1999  N:         103
*** ERROR *** Could not produce desired level of quality in
                    << Time to Peak    >> random deviates.
 FAILED K-S -- Parm:Time to Peak    Mon:           7  Year:        2000  N:         106
 FAILED K-S -- Parm:Time to Peak    Mon:           7  Year:        2000  N:         106
 FAILED K-S -- Parm:Time to Peak    Mon:           7  Year:        2000  N:         106
 FAILED K-S -- Parm:Time to Peak    Mon:           7  Year:        2000  N:         106
 FAILED K-S -- Parm:Time to Peak    Mon:           7  Year:        2000  N:         106
*** ERROR *** Could not produce desired level of quality in
                    << Time to Peak    >> random deviates.
 FAILED K-S -- Parm:Time to Peak    Mon:           7  Year:        2001  N:         113
 FAILED K-S -- Parm:Time to Peak    Mon:           7  Year:        2001  N:         113
 FAILED K-S -- Parm:Time to Peak    Mon:           7  Year:        2001  N:         113
 FAILED K-S -- Parm:Time to Peak    Mon:           7  Year:        2001  N:         113
 FAILED K-S -- Parm:Time to Peak    Mon:           7  Year:        2001  N:         113
*** ERROR *** Could not produce desired level of quality in
                    << Time to Peak    >> random deviates.
 FAILED K-S -- Parm:Time to Peak    Mon:           7  Year:        2002  N:         119
 FAILED K-S -- Parm:Time to Peak    Mon:           7  Year:        2002  N:         119
 FAILED K-S -- Parm:Time to Peak    Mon:           7  Year:        2002  N:         119
At line 3013 of file cligen53.f (unit = 9, file = '0500000US40151.prn')
Fortran runtime error: Sequential READ or WRITE not allowed after EOF marker, possibly use REWIND or BACKSPACE
 FAILED K-S -- Parm:Time to Peak    Mon:           7  Year:        2002  N:         119
 FAILED K-S -- Parm:Time to Peak    Mon:           7  Year:        2002  N:         119
*** ERROR *** Could not produce desired level of quality in
                    << Time to Peak    >> random deviates.
 FAILED K-S -- Parm:Time to Peak    Mon:           7  Year:        2003  N:         122
 FAILED K-S -- Parm:Time to Peak    Mon:           7  Year:        2003  N:         122
 FAILED K-S -- Parm:Time to Peak    Mon:           7  Year:        2003  N:         122
 FAILED K-S -- Parm:Time to Peak    Mon:           7  Year:        2003  N:         122
 FAILED K-S -- Parm:Time to Peak    Mon:           7  Year:        2003  N:         122
*** ERROR *** Could not produce desired level of quality in
                    << Time to Peak    >> random deviates.
 FAILED K-S -- Parm:Precip. Amt.    Mon:           1  Year:        2010  N:         100
 FAILED K-S -- Parm:Precip. Amt.    Mon:           1  Year:        2010  N:         100
 FAILED K-S -- Parm:Precip. Amt.    Mon:           1  Year:        2010  N:         100
 FAILED K-S -- Parm:Precip. Amt.    Mon:           1  Year:        2010  N:         100
 FAILED K-S -- Parm:Precip. Amt.    Mon:           1  Year:        2010  N:         100
*** ERROR *** Could not produce desired level of quality in
                    << Precip. Amt.    >> random deviates.
 FAILED K-S -- Parm:Precip. Amt.    Mon:           1  Year:        2011  N:         103
 FAILED K-S -- Parm:Precip. Amt.    Mon:           1  Year:        2011  N:         103
 FAILED K-S -- Parm:Precip. Amt.    Mon:           1  Year:        2011  N:         103
 FAILED K-S -- Parm:Precip. Amt.    Mon:           1  Year:        2011  N:         103
 FAILED K-S -- Parm:Precip. Amt.    Mon:           1  Year:        2011  N:         103
*** ERROR *** Could not produce desired level of quality in
                    << Precip. Amt.    >> random deviates.
 Failed SN SD test.
 Parm:Temp. Dew Pt.   Month:           1  Year:        2011  Mlevel=   10.0000000      SDlevel=   59.7618713      Days:         992
 FAILED K-S -- Parm:Time to Peak    Mon:           1  Year:        2011  N:         103
 Tdew -10 rangecheck executed.
 Tdew -10 rangecheck executed.
 Tdew -10 rangecheck executed.
