

  ********************************************************************
  *                                                                  *
  *              USDA - WATER EROSION PREDICTION PROJECT             *
  *                 WEPP CLIMATE INPUT DATA GENERATOR                *
  *                                                                  *
  *                    CONTINUOUS SIMULATION AND                     *
  *                       SINGLE STORM OPTIONS                       *
  *                    with Command Line Options,                    *
  *                        and Corrections to                        *
  *                  Rainfall Intensity Calculations                 *
  *                   and Random Number Generation.                  *
  *                                                                  *
  *                          VERSION 5.30000                         *
  *                     Revised from VERSION 4.2                     *
  *                           October 2004                           *
  *                                                                  *
  *           (Use -h or /h to list command line options.)           *
  *                                                                  *
  ********************************************************************


 mo238051.par                                                                                                                                                                                                                                                    
 0500000US29127.prn                                                                                                                                                                                                                                              
 Tdew -10 rangecheck executed.
 Tdew -10 rangecheck executed.
 Tdew -10 rangecheck executed.
 Tdew -10 rangecheck executed.
 Tdew -10 rangecheck executed.
 Tdew -10 rangecheck executed.
 Tdew -10 rangecheck executed.
 Tdew -10 rangecheck executed.
 Tdew -10 rangecheck executed.
 Tdew -10 rangecheck executed.
 Tdew -10 rangecheck executed.
 Tdew -10 rangecheck executed.
 Tdew -10 rangecheck executed.
 Tdew -10 rangecheck executed.
 FAILED K-S -- Parm:Time to Peak    Mon:           2  Year:        1992  N:         100
 FAILED K-S -- Parm:Time to Peak    Mon:           2  Year:        1992  N:         100
 FAILED K-S -- Parm:Time to Peak    Mon:           2  Year:        1992  N:         100
 FAILED K-S -- Parm:Time to Peak    Mon:           2  Year:        1992  N:         100
 FAILED K-S -- Parm:Time to Peak    Mon:           2  Year:        1992  N:         100
*** ERROR *** Could not produce desired level of quality in
                    << Time to Peak    >> random deviates.
 FAILED K-S -- Parm:Time to Peak    Mon:           2  Year:        1993  N:         106
 FAILED K-S -- Parm:Time to Peak    Mon:           2  Year:        1993  N:         106
 FAILED K-S -- Parm:Time to Peak    Mon:           2  Year:        1993  N:         106
 FAILED K-S -- Parm:Time to Peak    Mon:           2  Year:        1993  N:         106
 FAILED K-S -- Parm:Time to Peak    Mon:           2  Year:        1993  N:         106
*** ERROR *** Could not produce desired level of quality in
                    << Time to Peak    >> random deviates.
 Tdew -10 rangecheck executed.
 FAILED K-S -- Parm:Time to Peak    Mon:           2  Year:        1994  N:         109
 FAILED K-S -- Parm:Time to Peak    Mon:           2  Year:        1994  N:         109
 FAILED K-S -- Parm:Time to Peak    Mon:           2  Year:        1994  N:         109
 FAILED K-S -- Parm:Time to Peak    Mon:           2  Year:        1994  N:         109
 FAILED K-S -- Parm:Time to Peak    Mon:           2  Year:        1994  N:         109
*** ERROR *** Could not produce desired level of quality in
                    << Time to Peak    >> random deviates.
 FAILED K-S -- Parm:Time to Peak    Mon:           2  Year:        1995  N:         114
At line 3013 of file cligen53.f (unit = 9, file = '0500000US29127.prn')
Fortran runtime error: Sequential READ or WRITE not allowed after EOF marker, possibly use REWIND or BACKSPACE
 FAILED K-S -- Parm:Time to Peak    Mon:           2  Year:        1995  N:         114
 FAILED K-S -- Parm:Time to Peak    Mon:           2  Year:        1995  N:         114
 FAILED K-S -- Parm:Time to Peak    Mon:           2  Year:        1995  N:         114
 FAILED K-S -- Parm:Time to Peak    Mon:           2  Year:        1995  N:         114
*** ERROR *** Could not produce desired level of quality in
                    << Time to Peak    >> random deviates.
 FAILED K-S -- Parm:Time to Peak    Mon:           2  Year:        1996  N:         122
 FAILED K-S -- Parm:Time to Peak    Mon:           2  Year:        1996  N:         122
 FAILED K-S -- Parm:Time to Peak    Mon:           2  Year:        1996  N:         122
 FAILED K-S -- Parm:Time to Peak    Mon:           2  Year:        1996  N:         122
 FAILED K-S -- Parm:Time to Peak    Mon:           2  Year:        1996  N:         122
*** ERROR *** Could not produce desired level of quality in
                    << Time to Peak    >> random deviates.
 Tdew -10 rangecheck executed.
 Tdew -10 rangecheck executed.
 Tdew -10 rangecheck executed.
 Tdew -10 rangecheck executed.
 Tdew -10 rangecheck executed.
 Tdew -10 rangecheck executed.
 Tdew -10 rangecheck executed.
 Tdew -10 rangecheck executed.
 Tdew -10 rangecheck executed.
