

  ********************************************************************
  *                                                                  *
  *              USDA - WATER EROSION PREDICTION PROJECT             *
  *                 WEPP CLIMATE INPUT DATA GENERATOR                *
  *                                                                  *
  *                    CONTINUOUS SIMULATION AND                     *
  *                       SINGLE STORM OPTIONS                       *
  *                    with Command Line Options,                    *
  *                        and Corrections to                        *
  *                  Rainfall Intensity Calculations                 *
  *                   and Random Number Generation.                  *
  *                                                                  *
  *                          VERSION 5.30000                         *
  *                     Revised from VERSION 4.2                     *
  *                           October 2004                           *
  *                                                                  *
  *           (Use -h or /h to list command line options.)           *
  *                                                                  *
  ********************************************************************


 tx412617.par                                                                                                                                                                                                                                                    
 0500000US48341.prn                                                                                                                                                                                                                                              
 Tdew -10 rangecheck executed.
 Tdew -10 rangecheck executed.
 Tdew -10 rangecheck executed.
 Tdew -10 rangecheck executed.
 Tdew -10 rangecheck executed.
 Tdew -10 rangecheck executed.
 Tdew -10 rangecheck executed.
 Tdew -10 rangecheck executed.
 Tdew -10 rangecheck executed.
 Tdew -10 rangecheck executed.
 FAILED K-S -- Parm:Time to Peak    Mon:           4  Year:        2004  N:         105
 FAILED K-S -- Parm:Time to Peak    Mon:           4  Year:        2004  N:         105
 FAILED K-S -- Parm:Time to Peak    Mon:           4  Year:        2004  N:         105
 FAILED K-S -- Parm:Time to Peak    Mon:           4  Year:        2004  N:         105
 FAILED K-S -- Parm:Time to Peak    Mon:           4  Year:        2004  N:         105
*** ERROR *** Could not produce desired level of quality in
                    << Time to Peak    >> random deviates.
 FAILED K-S -- Parm:Time to Peak    Mon:           4  Year:        2005  N:         110
 FAILED K-S -- Parm:Time to Peak    Mon:           4  Year:        2005  N:         110
 FAILED K-S -- Parm:Time to Peak    Mon:           4  Year:        2005  N:         110
 FAILED K-S -- Parm:Time to Peak    Mon:           4  Year:        2005  N:         110
 FAILED K-S -- Parm:Time to Peak    Mon:           4  Year:        2005  N:         110
*** ERROR *** Could not produce desired level of quality in
                    << Time to Peak    >> random deviates.
 Tdew -10 rangecheck executed.
 FAILED K-S -- Parm:Time to Peak    Mon:           4  Year:        2006  N:         115
 FAILED K-S -- Parm:Time to Peak    Mon:           4  Year:        2006  N:         115
 FAILED K-S -- Parm:Time to Peak    Mon:           4  Year:        2006  N:         115
 FAILED K-S -- Parm:Time to Peak    Mon:           4  Year:        2006  N:         115
 FAILED K-S -- Parm:Time to Peak    Mon:           4  Year:        2006  N:         115
*** ERROR *** Could not produce desired level of quality in
                    << Time to Peak    >> random deviates.
 FAILED K-S -- Parm:Time to Peak    Mon:           4  Year:        2007  N:         118
 FAILED K-S -- Parm:Time to Peak    Mon:           4  Year:        2007  N:         118
 FAILED K-S -- Parm:Time to Peak    Mon:           4  Year:        2007  N:         118
At line 3013 of file cligen53.f (unit = 9, file = '0500000US48341.prn')
Fortran runtime error: Sequential READ or WRITE not allowed after EOF marker, possibly use REWIND or BACKSPACE
 FAILED K-S -- Parm:Time to Peak    Mon:           4  Year:        2007  N:         118
 FAILED K-S -- Parm:Time to Peak    Mon:           4  Year:        2007  N:         118
*** ERROR *** Could not produce desired level of quality in
                    << Time to Peak    >> random deviates.
 FAILED K-S -- Parm:Time to Peak    Mon:           4  Year:        2008  N:         121
 FAILED K-S -- Parm:Time to Peak    Mon:           4  Year:        2008  N:         121
 FAILED K-S -- Parm:Time to Peak    Mon:           4  Year:        2008  N:         121
 FAILED K-S -- Parm:Time to Peak    Mon:           4  Year:        2008  N:         121
 FAILED K-S -- Parm:Time to Peak    Mon:           4  Year:        2008  N:         121
*** ERROR *** Could not produce desired level of quality in
                    << Time to Peak    >> random deviates.
 FAILED K-S -- Parm:Time to Peak    Mon:           4  Year:        2009  N:         129
 FAILED K-S -- Parm:Time to Peak    Mon:           4  Year:        2009  N:         129
 FAILED K-S -- Parm:Time to Peak    Mon:           4  Year:        2009  N:         129
 FAILED K-S -- Parm:Time to Peak    Mon:           4  Year:        2009  N:         129
 FAILED K-S -- Parm:Time to Peak    Mon:           4  Year:        2009  N:         129
*** ERROR *** Could not produce desired level of quality in
                    << Time to Peak    >> random deviates.
 FAILED K-S -- Parm:Time to Peak    Mon:           4  Year:        2010  N:         134
 FAILED K-S -- Parm:Time to Peak    Mon:           4  Year:        2010  N:         134
 FAILED K-S -- Parm:Time to Peak    Mon:           4  Year:        2010  N:         134
 FAILED K-S -- Parm:Time to Peak    Mon:           4  Year:        2010  N:         134
 FAILED K-S -- Parm:Time to Peak    Mon:           4  Year:        2010  N:         134
*** ERROR *** Could not produce desired level of quality in
                    << Time to Peak    >> random deviates.
 Tdew -10 rangecheck executed.
 FAILED K-S -- Parm:Time to Peak    Mon:           4  Year:        2011  N:         135
 FAILED K-S -- Parm:Time to Peak    Mon:           4  Year:        2011  N:         135
 FAILED K-S -- Parm:Time to Peak    Mon:           4  Year:        2011  N:         135
 FAILED K-S -- Parm:Time to Peak    Mon:           4  Year:        2011  N:         135
 FAILED K-S -- Parm:Time to Peak    Mon:           4  Year:        2011  N:         135
*** ERROR *** Could not produce desired level of quality in
                    << Time to Peak    >> random deviates.
 Tdew -10 rangecheck executed.
 FAILED K-S -- Parm:Time to Peak    Mon:           4  Year:        2012  N:         142
 FAILED K-S -- Parm:Time to Peak    Mon:           4  Year:        2012  N:         142
 FAILED K-S -- Parm:Time to Peak    Mon:           4  Year:        2012  N:         142
 FAILED K-S -- Parm:Time to Peak    Mon:           4  Year:        2012  N:         142
 FAILED K-S -- Parm:Time to Peak    Mon:           4  Year:        2012  N:         142
*** ERROR *** Could not produce desired level of quality in
                    << Time to Peak    >> random deviates.
 Tdew -10 rangecheck executed.
 Tdew -10 rangecheck executed.
 Tdew -10 rangecheck executed.
 FAILED K-S -- Parm:Time to Peak    Mon:          11  Year:        2017  N:         100
 FAILED K-S -- Parm:Time to Peak    Mon:          11  Year:        2017  N:         100
 FAILED K-S -- Parm:Time to Peak    Mon:          11  Year:        2017  N:         100
 FAILED K-S -- Parm:Time to Peak    Mon:          11  Year:        2017  N:         100
 FAILED K-S -- Parm:Time to Peak    Mon:          11  Year:        2017  N:         100
*** ERROR *** Could not produce desired level of quality in
                    << Time to Peak    >> random deviates.
