

  ********************************************************************
  *                                                                  *
  *              USDA - WATER EROSION PREDICTION PROJECT             *
  *                 WEPP CLIMATE INPUT DATA GENERATOR                *
  *                                                                  *
  *                    CONTINUOUS SIMULATION AND                     *
  *                       SINGLE STORM OPTIONS                       *
  *                    with Command Line Options,                    *
  *                        and Corrections to                        *
  *                  Rainfall Intensity Calculations                 *
  *                   and Random Number Generation.                  *
  *                                                                  *
  *                          VERSION 5.30000                         *
  *                     Revised from VERSION 4.2                     *
  *                           October 2004                           *
  *                                                                  *
  *           (Use -h or /h to list command line options.)           *
  *                                                                  *
  ********************************************************************


 id103964.par                                                                                                                                                                                                                                                    
 0500000US16051.prn                                                                                                                                                                                                                                              
 Tdew -10 rangecheck executed.
 Tdew -10 rangecheck executed.
 Tdew -10 rangecheck executed.
 Tdew -10 rangecheck executed.
 Tdew -10 rangecheck executed.
 Tdew -10 rangecheck executed.
 Tdew -10 rangecheck executed.
 Tdew -10 rangecheck executed.
 Tdew -10 rangecheck executed.
 Tdew -10 rangecheck executed.
 Tdew -10 rangecheck executed.
 Tdew -10 rangecheck executed.
 Tdew -10 rangecheck executed.
 Tdew -10 rangecheck executed.
 Tdew -10 rangecheck executed.
 Tdew -10 rangecheck executed.
 Tdew -10 rangecheck executed.
 Tdew -10 rangecheck executed.
 Tdew -10 rangecheck executed.
 Tdew -10 rangecheck executed.
 Tdew -10 rangecheck executed.
 Tdew -10 rangecheck executed.
 Tdew -10 rangecheck executed.
 Tdew -10 rangecheck executed.
 Tdew -10 rangecheck executed.
 Tdew -10 rangecheck executed.
 Tdew -10 rangecheck executed.
 Tdew -10 rangecheck executed.
 Tdew -10 rangecheck executed.
 FAILED K-S -- Parm:Precip. Amt.    Mon:          12  Year:        1996  N:         101
 FAILED K-S -- Parm:Precip. Amt.    Mon:          12  Year:        1996  N:         101
 FAILED K-S -- Parm:Precip. Amt.    Mon:          12  Year:        1996  N:         101
 FAILED K-S -- Parm:Precip. Amt.    Mon:          12  Year:        1996  N:         101
 FAILED K-S -- Parm:Precip. Amt.    Mon:          12  Year:        1996  N:         101
*** ERROR *** Could not produce desired level of quality in
                    << Precip. Amt.    >> random deviates.
 Tdew -10 rangecheck executed.
 Tdew -10 rangecheck executed.
 FAILED K-S -- Parm:Precip. Amt.    Mon:          12  Year:        1997  N:         105
 FAILED K-S -- Parm:Precip. Amt.    Mon:          12  Year:        1997  N:         105
 FAILED K-S -- Parm:Precip. Amt.    Mon:          12  Year:        1997  N:         105
 FAILED K-S -- Parm:Precip. Amt.    Mon:          12  Year:        1997  N:         105
 FAILED K-S -- Parm:Precip. Amt.    Mon:          12  Year:        1997  N:         105
*** ERROR *** Could not produce desired level of quality in
                    << Precip. Amt.    >> random deviates.
 FAILED K-S -- Parm:Precip. Amt.    Mon:          12  Year:        1998  N:         108
 FAILED K-S -- Parm:Precip. Amt.    Mon:          12  Year:        1998  N:         108
 FAILED K-S -- Parm:Precip. Amt.    Mon:          12  Year:        1998  N:         108
 FAILED K-S -- Parm:Precip. Amt.    Mon:          12  Year:        1998  N:         108
 FAILED K-S -- Parm:Precip. Amt.    Mon:          12  Year:        1998  N:         108
*** ERROR *** Could not produce desired level of quality in
                    << Precip. Amt.    >> random deviates.
 Tdew -10 rangecheck executed.
 Tdew -10 rangecheck executed.
 FAILED K-S -- Parm:Precip. Amt.    Mon:          12  Year:        1999  N:         115
 FAILED K-S -- Parm:Precip. Amt.    Mon:          12  Year:        1999  N:         115
 FAILED K-S -- Parm:Precip. Amt.    Mon:          12  Year:        1999  N:         115
 FAILED K-S -- Parm:Precip. Amt.    Mon:          12  Year:        1999  N:         115
 FAILED K-S -- Parm:Precip. Amt.    Mon:          12  Year:        1999  N:         115
*** ERROR *** Could not produce desired level of quality in
                    << Precip. Amt.    >> random deviates.
 Failed SN SD test.
 Parm:Temp. Dew Pt.   Month:          12  Year:        1999  Mlevel=   10.0000000      SDlevel=   64.6017761      Days:         620
 FAILED K-S -- Parm:Time to Peak    Mon:           8  Year:        2000  N:         103
 FAILED K-S -- Parm:Time to Peak    Mon:           8  Year:        2000  N:         103
 FAILED K-S -- Parm:Time to Peak    Mon:           8  Year:        2000  N:         103
 FAILED K-S -- Parm:Time to Peak    Mon:           8  Year:        2000  N:         103
 FAILED K-S -- Parm:Time to Peak    Mon:           8  Year:        2000  N:         103
*** ERROR *** Could not produce desired level of quality in
                    << Time to Peak    >> random deviates.
 FAILED K-S -- Parm:Precip. Amt.    Mon:          12  Year:        2000  N:         121
 FAILED K-S -- Parm:Precip. Amt.    Mon:          12  Year:        2000  N:         121
 FAILED K-S -- Parm:Precip. Amt.    Mon:          12  Year:        2000  N:         121
 FAILED K-S -- Parm:Precip. Amt.    Mon:          12  Year:        2000  N:         121
 FAILED K-S -- Parm:Precip. Amt.    Mon:          12  Year:        2000  N:         121
*** ERROR *** Could not produce desired level of quality in
                    << Precip. Amt.    >> random deviates.
 Failed SN SD test.
 Parm:Temp. Dew Pt.   Month:          12  Year:        2000  Mlevel=   5.00000000      SDlevel=   90.9763412      Days:         651
 Tdew -10 rangecheck executed.
 FAILED K-S -- Parm:Time to Peak    Mon:           8  Year:        2001  N:         111
 FAILED K-S -- Parm:Time to Peak    Mon:           8  Year:        2001  N:         111
 FAILED K-S -- Parm:Time to Peak    Mon:           8  Year:        2001  N:         111
 FAILED K-S -- Parm:Time to Peak    Mon:           8  Year:        2001  N:         111
 FAILED K-S -- Parm:Time to Peak    Mon:           8  Year:        2001  N:         111
*** ERROR *** Could not produce desired level of quality in
                    << Time to Peak    >> random deviates.
 FAILED K-S -- Parm:Precip. Amt.    Mon:          12  Year:        2001  N:         125
 FAILED K-S -- Parm:Precip. Amt.    Mon:          12  Year:        2001  N:         125
 FAILED K-S -- Parm:Precip. Amt.    Mon:          12  Year:        2001  N:         125
 FAILED K-S -- Parm:Precip. Amt.    Mon:          12  Year:        2001  N:         125
 FAILED K-S -- Parm:Precip. Amt.    Mon:          12  Year:        2001  N:         125
*** ERROR *** Could not produce desired level of quality in
                    << Precip. Amt.    >> random deviates.
 Failed SN SD test.
 Parm:Temp. Dew Pt.   Month:          12  Year:        2001  Mlevel=   1.00000000      SDlevel=   99.1413193      Days:         682
 Tdew -10 rangecheck executed.
 FAILED K-S -- Parm:Time to Peak    Mon:           8  Year:        2002  N:         115
 FAILED K-S -- Parm:Time to Peak    Mon:           8  Year:        2002  N:         115
 FAILED K-S -- Parm:Time to Peak    Mon:           8  Year:        2002  N:         115
 FAILED K-S -- Parm:Time to Peak    Mon:           8  Year:        2002  N:         115
 FAILED K-S -- Parm:Time to Peak    Mon:           8  Year:        2002  N:         115
*** ERROR *** Could not produce desired level of quality in
                    << Time to Peak    >> random deviates.
 FAILED K-S -- Parm:Precip. Amt.    Mon:          12  Year:        2002  N:         133
 FAILED K-S -- Parm:Precip. Amt.    Mon:          12  Year:        2002  N:         133
 FAILED K-S -- Parm:Precip. Amt.    Mon:          12  Year:        2002  N:         133
 FAILED K-S -- Parm:Precip. Amt.    Mon:          12  Year:        2002  N:         133
 FAILED K-S -- Parm:Precip. Amt.    Mon:          12  Year:        2002  N:         133
*** ERROR *** Could not produce desired level of quality in
                    << Precip. Amt.    >> random deviates.
 Failed SN SD test.
 Parm:Temp. Dew Pt.   Month:          12  Year:        2002  Mlevel=   10.0000000      SDlevel=   99.7291870      Days:         713
 FAILED K-S -- Parm:Time to Peak    Mon:           8  Year:        2003  N:         115
 FAILED K-S -- Parm:Time to Peak    Mon:           8  Year:        2003  N:         115
 FAILED K-S -- Parm:Time to Peak    Mon:           8  Year:        2003  N:         115
 FAILED K-S -- Parm:Time to Peak    Mon:           8  Year:        2003  N:         115
 FAILED K-S -- Parm:Time to Peak    Mon:           8  Year:        2003  N:         115
*** ERROR *** Could not produce desired level of quality in
                    << Time to Peak    >> random deviates.
 FAILED K-S -- Parm:Precip. Amt.    Mon:          12  Year:        2003  N:         138
 FAILED K-S -- Parm:Precip. Amt.    Mon:          12  Year:        2003  N:         138
 FAILED K-S -- Parm:Precip. Amt.    Mon:          12  Year:        2003  N:         138
 FAILED K-S -- Parm:Precip. Amt.    Mon:          12  Year:        2003  N:         138
 FAILED K-S -- Parm:Precip. Amt.    Mon:          12  Year:        2003  N:         138
*** ERROR *** Could not produce desired level of quality in
                    << Precip. Amt.    >> random deviates.
 Failed SN SD test.
 Parm:Temp. Dew Pt.   Month:          12  Year:        2003  Mlevel=   10.0000000      SDlevel=   99.9947815      Days:         744
 FAILED K-S -- Parm:Time to Peak    Mon:           8  Year:        2004  N:         117
 FAILED K-S -- Parm:Time to Peak    Mon:           8  Year:        2004  N:         117
 FAILED K-S -- Parm:Time to Peak    Mon:           8  Year:        2004  N:         117
 FAILED K-S -- Parm:Time to Peak    Mon:           8  Year:        2004  N:         117
 FAILED K-S -- Parm:Time to Peak    Mon:           8  Year:        2004  N:         117
*** ERROR *** Could not produce desired level of quality in
                    << Time to Peak    >> random deviates.
 FAILED K-S -- Parm:Precip. Amt.    Mon:          12  Year:        2004  N:         146
 FAILED K-S -- Parm:Precip. Amt.    Mon:          12  Year:        2004  N:         146
 FAILED K-S -- Parm:Precip. Amt.    Mon:          12  Year:        2004  N:         146
 FAILED K-S -- Parm:Precip. Amt.    Mon:          12  Year:        2004  N:         146
 FAILED K-S -- Parm:Precip. Amt.    Mon:          12  Year:        2004  N:         146
*** ERROR *** Could not produce desired level of quality in
                    << Precip. Amt.    >> random deviates.
 Failed SN SD test.
 Parm:Temp. Dew Pt.   Month:          12  Year:        2004  Mlevel=   5.00000000      SDlevel=   99.9999695      Days:         775
 FAILED K-S -- Parm:Time to Peak    Mon:           8  Year:        2005  N:         120
 FAILED K-S -- Parm:Time to Peak    Mon:           8  Year:        2005  N:         120
 FAILED K-S -- Parm:Time to Peak    Mon:           8  Year:        2005  N:         120
 FAILED K-S -- Parm:Time to Peak    Mon:           8  Year:        2005  N:         120
 FAILED K-S -- Parm:Time to Peak    Mon:           8  Year:        2005  N:         120
*** ERROR *** Could not produce desired level of quality in
                    << Time to Peak    >> random deviates.
 FAILED K-S -- Parm:Precip. Amt.    Mon:          12  Year:        2005  N:         152
 FAILED K-S -- Parm:Precip. Amt.    Mon:          12  Year:        2005  N:         152
 FAILED K-S -- Parm:Precip. Amt.    Mon:          12  Year:        2005  N:         152
 FAILED K-S -- Parm:Precip. Amt.    Mon:          12  Year:        2005  N:         152
 FAILED K-S -- Parm:Precip. Amt.    Mon:          12  Year:        2005  N:         152
*** ERROR *** Could not produce desired level of quality in
                    << Precip. Amt.    >> random deviates.
 Failed SN SD test.
 Parm:Temp. Dew Pt.   Month:          12  Year:        2005  Mlevel=   10.0000000      SDlevel=   100.000000      Days:         806
 Tdew -10 rangecheck executed.
 FAILED K-S -- Parm:Time to Peak    Mon:           8  Year:        2006  N:         126
 FAILED K-S -- Parm:Time to Peak    Mon:           8  Year:        2006  N:         126
 FAILED K-S -- Parm:Time to Peak    Mon:           8  Year:        2006  N:         126
 FAILED K-S -- Parm:Time to Peak    Mon:           8  Year:        2006  N:         126
 FAILED K-S -- Parm:Time to Peak    Mon:           8  Year:        2006  N:         126
*** ERROR *** Could not produce desired level of quality in
                    << Time to Peak    >> random deviates.
 FAILED K-S -- Parm:Precip. Amt.    Mon:          12  Year:        2006  N:         158
 FAILED K-S -- Parm:Precip. Amt.    Mon:          12  Year:        2006  N:         158
 FAILED K-S -- Parm:Precip. Amt.    Mon:          12  Year:        2006  N:         158
 FAILED K-S -- Parm:Precip. Amt.    Mon:          12  Year:        2006  N:         158
 FAILED K-S -- Parm:Precip. Amt.    Mon:          12  Year:        2006  N:         158
*** ERROR *** Could not produce desired level of quality in
                    << Precip. Amt.    >> random deviates.
 Failed SN SD test.
 Parm:Temp. Dew Pt.   Month:          12  Year:        2006  Mlevel=   20.0000000      SDlevel=   100.000000      Days:         837
 Tdew -10 rangecheck executed.
 FAILED K-S -- Parm:Time to Peak    Mon:           8  Year:        2007  N:         130
 FAILED K-S -- Parm:Time to Peak    Mon:           8  Year:        2007  N:         130
 FAILED K-S -- Parm:Time to Peak    Mon:           8  Year:        2007  N:         130
 FAILED K-S -- Parm:Time to Peak    Mon:           8  Year:        2007  N:         130
 FAILED K-S -- Parm:Time to Peak    Mon:           8  Year:        2007  N:         130
*** ERROR *** Could not produce desired level of quality in
                    << Time to Peak    >> random deviates.
 FAILED K-S -- Parm:Precip. Amt.    Mon:          12  Year:        2007  N:         166
 FAILED K-S -- Parm:Precip. Amt.    Mon:          12  Year:        2007  N:         166
 FAILED K-S -- Parm:Precip. Amt.    Mon:          12  Year:        2007  N:         166
 FAILED K-S -- Parm:Precip. Amt.    Mon:          12  Year:        2007  N:         166
 FAILED K-S -- Parm:Precip. Amt.    Mon:          12  Year:        2007  N:         166
*** ERROR *** Could not produce desired level of quality in
                    << Precip. Amt.    >> random deviates.
 Failed SN SD test.
 Parm:Temp. Dew Pt.   Month:          12  Year:        2007  Mlevel=   10.0000000      SDlevel=   100.000000      Days:         868
 Tdew -10 rangecheck executed.
 FAILED K-S -- Parm:Time to Peak    Mon:           8  Year:        2008  N:         131
 FAILED K-S -- Parm:Time to Peak    Mon:           8  Year:        2008  N:         131
 FAILED K-S -- Parm:Time to Peak    Mon:           8  Year:        2008  N:         131
 FAILED K-S -- Parm:Time to Peak    Mon:           8  Year:        2008  N:         131
 FAILED K-S -- Parm:Time to Peak    Mon:           8  Year:        2008  N:         131
*** ERROR *** Could not produce desired level of quality in
                    << Time to Peak    >> random deviates.
 FAILED K-S -- Parm:Precip. Amt.    Mon:          12  Year:        2008  N:         177
 FAILED K-S -- Parm:Precip. Amt.    Mon:          12  Year:        2008  N:         177
 FAILED K-S -- Parm:Precip. Amt.    Mon:          12  Year:        2008  N:         177
 FAILED K-S -- Parm:Precip. Amt.    Mon:          12  Year:        2008  N:         177
 FAILED K-S -- Parm:Precip. Amt.    Mon:          12  Year:        2008  N:         177
*** ERROR *** Could not produce desired level of quality in
                    << Precip. Amt.    >> random deviates.
 Failed SN SD test.
 Parm:Temp. Dew Pt.   Month:          12  Year:        2008  Mlevel=   5.00000000      SDlevel=   100.000000      Days:         899
 Tdew -10 rangecheck executed.
 Tdew -10 rangecheck executed.
 FAILED K-S -- Parm:Time to Peak    Mon:           8  Year:        2009  N:         133
 FAILED K-S -- Parm:Time to Peak    Mon:           8  Year:        2009  N:         133
 FAILED K-S -- Parm:Time to Peak    Mon:           8  Year:        2009  N:         133
 FAILED K-S -- Parm:Time to Peak    Mon:           8  Year:        2009  N:         133
 FAILED K-S -- Parm:Time to Peak    Mon:           8  Year:        2009  N:         133
*** ERROR *** Could not produce desired level of quality in
                    << Time to Peak    >> random deviates.
 FAILED K-S -- Parm:Precip. Amt.    Mon:          12  Year:        2009  N:         184
 FAILED K-S -- Parm:Precip. Amt.    Mon:          12  Year:        2009  N:         184
 FAILED K-S -- Parm:Precip. Amt.    Mon:          12  Year:        2009  N:         184
 FAILED K-S -- Parm:Precip. Amt.    Mon:          12  Year:        2009  N:         184
 FAILED K-S -- Parm:Precip. Amt.    Mon:          12  Year:        2009  N:         184
*** ERROR *** Could not produce desired level of quality in
                    << Precip. Amt.    >> random deviates.
 Failed SN SD test.
 Parm:Temp. Dew Pt.   Month:          12  Year:        2009  Mlevel=   10.0000000      SDlevel=   100.000000      Days:         930
 FAILED K-S -- Parm:Time to Peak    Mon:           8  Year:        2010  N:         136
 FAILED K-S -- Parm:Time to Peak    Mon:           8  Year:        2010  N:         136
 FAILED K-S -- Parm:Time to Peak    Mon:           8  Year:        2010  N:         136
 FAILED K-S -- Parm:Time to Peak    Mon:           8  Year:        2010  N:         136
 FAILED K-S -- Parm:Time to Peak    Mon:           8  Year:        2010  N:         136
*** ERROR *** Could not produce desired level of quality in
                    << Time to Peak    >> random deviates.
 Tdew -10 rangecheck executed.
 FAILED K-S -- Parm:Precip. Amt.    Mon:          12  Year:        2010  N:         188
 FAILED K-S -- Parm:Precip. Amt.    Mon:          12  Year:        2010  N:         188
 FAILED K-S -- Parm:Precip. Amt.    Mon:          12  Year:        2010  N:         188
 FAILED K-S -- Parm:Precip. Amt.    Mon:          12  Year:        2010  N:         188
 FAILED K-S -- Parm:Precip. Amt.    Mon:          12  Year:        2010  N:         188
*** ERROR *** Could not produce desired level of quality in
                    << Precip. Amt.    >> random deviates.
 Failed SN SD test.
 Parm:Temp. Dew Pt.   Month:          12  Year:        2010  Mlevel=   1.00000000      SDlevel=   100.000000      Days:         961
 Tdew -10 rangecheck executed.
 Tdew -10 rangecheck executed.
 FAILED K-S -- Parm:Time to Peak    Mon:           8  Year:        2011  N:         139
 FAILED K-S -- Parm:Time to Peak    Mon:           8  Year:        2011  N:         139
 FAILED K-S -- Parm:Time to Peak    Mon:           8  Year:        2011  N:         139
 FAILED K-S -- Parm:Time to Peak    Mon:           8  Year:        2011  N:         139
 FAILED K-S -- Parm:Time to Peak    Mon:           8  Year:        2011  N:         139
*** ERROR *** Could not produce desired level of quality in
                    << Time to Peak    >> random deviates.
 FAILED K-S -- Parm:Precip. Amt.    Mon:          12  Year:        2011  N:         198
 FAILED K-S -- Parm:Precip. Amt.    Mon:          12  Year:        2011  N:         198
 FAILED K-S -- Parm:Precip. Amt.    Mon:          12  Year:        2011  N:         198
 FAILED K-S -- Parm:Precip. Amt.    Mon:          12  Year:        2011  N:         198
 FAILED K-S -- Parm:Precip. Amt.    Mon:          12  Year:        2011  N:         198
*** ERROR *** Could not produce desired level of quality in
                    << Precip. Amt.    >> random deviates.
 Failed SN SD test.
 Parm:Temp. Dew Pt.   Month:          12  Year:        2011  Mlevel=   5.00000000      SDlevel=   100.000000      Days:         992
 FAILED K-S -- Parm:Time to Peak    Mon:           8  Year:        2012  N:         140
 FAILED K-S -- Parm:Time to Peak    Mon:           8  Year:        2012  N:         140
 FAILED K-S -- Parm:Time to Peak    Mon:           8  Year:        2012  N:         140
 FAILED K-S -- Parm:Time to Peak    Mon:           8  Year:        2012  N:         140
 FAILED K-S -- Parm:Time to Peak    Mon:           8  Year:        2012  N:         140
*** ERROR *** Could not produce desired level of quality in
                    << Time to Peak    >> random deviates.
 FAILED K-S -- Parm:Precip. Amt.    Mon:          12  Year:        2012  N:         207
 FAILED K-S -- Parm:Precip. Amt.    Mon:          12  Year:        2012  N:         207
 FAILED K-S -- Parm:Precip. Amt.    Mon:          12  Year:        2012  N:         207
 FAILED K-S -- Parm:Precip. Amt.    Mon:          12  Year:        2012  N:         207
 FAILED K-S -- Parm:Precip. Amt.    Mon:          12  Year:        2012  N:         207
*** ERROR *** Could not produce desired level of quality in
                    << Precip. Amt.    >> random deviates.
 Failed SN SD test.
 Parm:Temp. Dew Pt.   Month:          12  Year:        2012  Mlevel=   5.00000000      SDlevel=   100.000000      Days:        1023
 Tdew -10 rangecheck executed.
 Tdew -10 rangecheck executed.
 Tdew -10 rangecheck executed.
 Tdew -10 rangecheck executed.
 FAILED K-S -- Parm:Time to Peak    Mon:           8  Year:        2013  N:         141
 FAILED K-S -- Parm:Time to Peak    Mon:           8  Year:        2013  N:         141
 FAILED K-S -- Parm:Time to Peak    Mon:           8  Year:        2013  N:         141
 FAILED K-S -- Parm:Time to Peak    Mon:           8  Year:        2013  N:         141
 FAILED K-S -- Parm:Time to Peak    Mon:           8  Year:        2013  N:         141
*** ERROR *** Could not produce desired level of quality in
                    << Time to Peak    >> random deviates.
 FAILED K-S -- Parm:Precip. Amt.    Mon:          12  Year:        2013  N:         209
 FAILED K-S -- Parm:Precip. Amt.    Mon:          12  Year:        2013  N:         209
 FAILED K-S -- Parm:Precip. Amt.    Mon:          12  Year:        2013  N:         209
 FAILED K-S -- Parm:Precip. Amt.    Mon:          12  Year:        2013  N:         209
 FAILED K-S -- Parm:Precip. Amt.    Mon:          12  Year:        2013  N:         209
*** ERROR *** Could not produce desired level of quality in
                    << Precip. Amt.    >> random deviates.
 Failed SN SD test.
 Parm:Temp. Dew Pt.   Month:          12  Year:        2013  Mlevel=   1.00000000      SDlevel=   100.000000      Days:        1054
 Tdew -10 rangecheck executed.
 Tdew -10 rangecheck executed.
 Tdew -10 rangecheck executed.
 FAILED K-S -- Parm:Time to Peak    Mon:           8  Year:        2014  N:         143
 FAILED K-S -- Parm:Time to Peak    Mon:           8  Year:        2014  N:         143
 FAILED K-S -- Parm:Time to Peak    Mon:           8  Year:        2014  N:         143
 FAILED K-S -- Parm:Time to Peak    Mon:           8  Year:        2014  N:         143
 FAILED K-S -- Parm:Time to Peak    Mon:           8  Year:        2014  N:         143
*** ERROR *** Could not produce desired level of quality in
                    << Time to Peak    >> random deviates.
 FAILED K-S -- Parm:Precip. Amt.    Mon:          12  Year:        2014  N:         214
 FAILED K-S -- Parm:Precip. Amt.    Mon:          12  Year:        2014  N:         214
 FAILED K-S -- Parm:Precip. Amt.    Mon:          12  Year:        2014  N:         214
 FAILED K-S -- Parm:Precip. Amt.    Mon:          12  Year:        2014  N:         214
 FAILED K-S -- Parm:Precip. Amt.    Mon:          12  Year:        2014  N:         214
*** ERROR *** Could not produce desired level of quality in
                    << Precip. Amt.    >> random deviates.
 Failed SN SD test.
 Parm:Temp. Dew Pt.   Month:          12  Year:        2014  Mlevel=   1.00000000      SDlevel=   100.000000      Days:        1085
 FAILED K-S -- Parm:Time to Peak    Mon:           8  Year:        2015  N:         147
 FAILED K-S -- Parm:Time to Peak    Mon:           8  Year:        2015  N:         147
 FAILED K-S -- Parm:Time to Peak    Mon:           8  Year:        2015  N:         147
 FAILED K-S -- Parm:Time to Peak    Mon:           8  Year:        2015  N:         147
 FAILED K-S -- Parm:Time to Peak    Mon:           8  Year:        2015  N:         147
*** ERROR *** Could not produce desired level of quality in
                    << Time to Peak    >> random deviates.
 FAILED K-S -- Parm:Precip. Amt.    Mon:          12  Year:        2015  N:         224
 FAILED K-S -- Parm:Precip. Amt.    Mon:          12  Year:        2015  N:         224
 FAILED K-S -- Parm:Precip. Amt.    Mon:          12  Year:        2015  N:         224
 FAILED K-S -- Parm:Precip. Amt.    Mon:          12  Year:        2015  N:         224
 FAILED K-S -- Parm:Precip. Amt.    Mon:          12  Year:        2015  N:         224
*** ERROR *** Could not produce desired level of quality in
                    << Precip. Amt.    >> random deviates.
 Failed SN SD test.
 Parm:Temp. Dew Pt.   Month:          12  Year:        2015  Mlevel=   20.0000000      SDlevel=   100.000000      Days:        1116
 Tdew -10 rangecheck executed.
 Tdew -10 rangecheck executed.
 FAILED K-S -- Parm:Time to Peak    Mon:           8  Year:        2016  N:         149
 FAILED K-S -- Parm:Time to Peak    Mon:           8  Year:        2016  N:         149
 FAILED K-S -- Parm:Time to Peak    Mon:           8  Year:        2016  N:         149
 FAILED K-S -- Parm:Time to Peak    Mon:           8  Year:        2016  N:         149
 FAILED K-S -- Parm:Time to Peak    Mon:           8  Year:        2016  N:         149
*** ERROR *** Could not produce desired level of quality in
                    << Time to Peak    >> random deviates.
 FAILED K-S -- Parm:Precip. Amt.    Mon:          12  Year:        2016  N:         232
 FAILED K-S -- Parm:Precip. Amt.    Mon:          12  Year:        2016  N:         232
 FAILED K-S -- Parm:Precip. Amt.    Mon:          12  Year:        2016  N:         232
 FAILED K-S -- Parm:Precip. Amt.    Mon:          12  Year:        2016  N:         232
 FAILED K-S -- Parm:Precip. Amt.    Mon:          12  Year:        2016  N:         232
*** ERROR *** Could not produce desired level of quality in
                    << Precip. Amt.    >> random deviates.
 Failed SN SD test.
 Parm:Temp. Dew Pt.   Month:          12  Year:        2016  Mlevel=   5.00000000      SDlevel=   100.000000      Days:        1147
 Tdew -10 rangecheck executed.
 Tdew -10 rangecheck executed.
 FAILED K-S -- Parm:Time to Peak    Mon:           8  Year:        2017  N:         151
 FAILED K-S -- Parm:Time to Peak    Mon:           8  Year:        2017  N:         151
 FAILED K-S -- Parm:Time to Peak    Mon:           8  Year:        2017  N:         151
 FAILED K-S -- Parm:Time to Peak    Mon:           8  Year:        2017  N:         151
 FAILED K-S -- Parm:Time to Peak    Mon:           8  Year:        2017  N:         151
*** ERROR *** Could not produce desired level of quality in
                    << Time to Peak    >> random deviates.
 FAILED K-S -- Parm:Precip. Amt.    Mon:          12  Year:        2017  N:         234
 FAILED K-S -- Parm:Precip. Amt.    Mon:          12  Year:        2017  N:         234
 FAILED K-S -- Parm:Precip. Amt.    Mon:          12  Year:        2017  N:         234
 FAILED K-S -- Parm:Precip. Amt.    Mon:          12  Year:        2017  N:         234
 FAILED K-S -- Parm:Precip. Amt.    Mon:          12  Year:        2017  N:         234
*** ERROR *** Could not produce desired level of quality in
                    << Precip. Amt.    >> random deviates.
 FAILED K-S -- Parm:Wind Dir.       Mon:          12  Year:        2017  N:        1178
 Failed SN SD test.
 Parm:Temp. Dew Pt.   Month:          12  Year:        2017  Mlevel=   10.0000000      SDlevel=   100.000000      Days:        1178
At line 3013 of file cligen53.f (unit = 9, file = '0500000US16051.prn')
Fortran runtime error: Sequential READ or WRITE not allowed after EOF marker, possibly use REWIND or BACKSPACE
