

  ********************************************************************
  *                                                                  *
  *              USDA - WATER EROSION PREDICTION PROJECT             *
  *                 WEPP CLIMATE INPUT DATA GENERATOR                *
  *                                                                  *
  *                    CONTINUOUS SIMULATION AND                     *
  *                       SINGLE STORM OPTIONS                       *
  *                    with Command Line Options,                    *
  *                        and Corrections to                        *
  *                  Rainfall Intensity Calculations                 *
  *                   and Random Number Generation.                  *
  *                                                                  *
  *                          VERSION 5.30000                         *
  *                     Revised from VERSION 4.2                     *
  *                           October 2004                           *
  *                                                                  *
  *           (Use -h or /h to list command line options.)           *
  *                                                                  *
  ********************************************************************


 mo235227.par                                                                                                                                                                                                                                                    
 0500000US29229.prn                                                                                                                                                                                                                                              
 Tdew -10 rangecheck executed.
 Tdew -10 rangecheck executed.
 Tdew -10 rangecheck executed.
 Tdew -10 rangecheck executed.
 Tdew -10 rangecheck executed.
 Tdew -10 rangecheck executed.
 FAILED K-S -- Parm:Precip. Amt.    Mon:           5  Year:        1990  N:         101
 FAILED K-S -- Parm:Precip. Amt.    Mon:           5  Year:        1990  N:         101
 FAILED K-S -- Parm:Precip. Amt.    Mon:           5  Year:        1990  N:         101
 FAILED K-S -- Parm:Precip. Amt.    Mon:           5  Year:        1990  N:         101
 FAILED K-S -- Parm:Precip. Amt.    Mon:           5  Year:        1990  N:         101
*** ERROR *** Could not produce desired level of quality in
                    << Precip. Amt.    >> random deviates.
 FAILED K-S -- Parm:Time to Peak    Mon:           1  Year:        1997  N:         103
 FAILED K-S -- Parm:Time to Peak    Mon:           1  Year:        1997  N:         103
 FAILED K-S -- Parm:Time to Peak    Mon:           1  Year:        1997  N:         103
 FAILED K-S -- Parm:Time to Peak    Mon:           1  Year:        1997  N:         103
 FAILED K-S -- Parm:Time to Peak    Mon:           1  Year:        1997  N:         103
*** ERROR *** Could not produce desired level of quality in
                    << Time to Peak    >> random deviates.
 Tdew -10 rangecheck executed.
 FAILED K-S -- Parm:Time to Peak    Mon:           1  Year:        1998  N:         112
 FAILED K-S -- Parm:Time to Peak    Mon:           1  Year:        1998  N:         112
 FAILED K-S -- Parm:Time to Peak    Mon:           1  Year:        1998  N:         112
 FAILED K-S -- Parm:Time to Peak    Mon:           1  Year:        1998  N:         112
 FAILED K-S -- Parm:Time to Peak    Mon:           1  Year:        1998  N:         112
*** ERROR *** Could not produce desired level of quality in
                    << Time to Peak    >> random deviates.
 FAILED K-S -- Parm:Time to Peak    Mon:           1  Year:        1999  N:         118
 FAILED K-S -- Parm:Time to Peak    Mon:           1  Year:        1999  N:         118
 FAILED K-S -- Parm:Time to Peak    Mon:           1  Year:        1999  N:         118
 FAILED K-S -- Parm:Time to Peak    Mon:           1  Year:        1999  N:         118
 FAILED K-S -- Parm:Time to Peak    Mon:           1  Year:        1999  N:         118
*** ERROR *** Could not produce desired level of quality in
                    << Time to Peak    >> random deviates.
 FAILED K-S -- Parm:Time to Peak    Mon:           1  Year:        2000  N:         119
 FAILED K-S -- Parm:Time to Peak    Mon:           1  Year:        2000  N:         119
 FAILED K-S -- Parm:Time to Peak    Mon:           1  Year:        2000  N:         119
 FAILED K-S -- Parm:Time to Peak    Mon:           1  Year:        2000  N:         119
 FAILED K-S -- Parm:Time to Peak    Mon:           1  Year:        2000  N:         119
*** ERROR *** Could not produce desired level of quality in
                    << Time to Peak    >> random deviates.
 FAILED K-S -- Parm:Time to Peak    Mon:           1  Year:        2001  N:         127
 FAILED K-S -- Parm:Time to Peak    Mon:           1  Year:        2001  N:         127
 FAILED K-S -- Parm:Time to Peak    Mon:           1  Year:        2001  N:         127
 FAILED K-S -- Parm:Time to Peak    Mon:           1  Year:        2001  N:         127
 FAILED K-S -- Parm:Time to Peak    Mon:           1  Year:        2001  N:         127
*** ERROR *** Could not produce desired level of quality in
                    << Time to Peak    >> random deviates.
 FAILED K-S -- Parm:Time to Peak    Mon:           1  Year:        2002  N:         134
 FAILED K-S -- Parm:Time to Peak    Mon:           1  Year:        2002  N:         134
 FAILED K-S -- Parm:Time to Peak    Mon:           1  Year:        2002  N:         134
 FAILED K-S -- Parm:Time to Peak    Mon:           1  Year:        2002  N:         134
 FAILED K-S -- Parm:Time to Peak    Mon:           1  Year:        2002  N:         134
*** ERROR *** Could not produce desired level of quality in
                    << Time to Peak    >> random deviates.
 FAILED K-S -- Parm:Time to Peak    Mon:           1  Year:        2003  N:         137
 FAILED K-S -- Parm:Time to Peak    Mon:           1  Year:        2003  N:         137
 FAILED K-S -- Parm:Time to Peak    Mon:           1  Year:        2003  N:         137
 FAILED K-S -- Parm:Time to Peak    Mon:           1  Year:        2003  N:         137
 FAILED K-S -- Parm:Time to Peak    Mon:           1  Year:        2003  N:         137
*** ERROR *** Could not produce desired level of quality in
                    << Time to Peak    >> random deviates.
 FAILED K-S -- Parm:Time to Peak    Mon:           1  Year:        2004  N:         142
 FAILED K-S -- Parm:Time to Peak    Mon:           1  Year:        2004  N:         142
 FAILED K-S -- Parm:Time to Peak    Mon:           1  Year:        2004  N:         142
 FAILED K-S -- Parm:Time to Peak    Mon:           1  Year:        2004  N:         142
 FAILED K-S -- Parm:Time to Peak    Mon:           1  Year:        2004  N:         142
*** ERROR *** Could not produce desired level of quality in
                    << Time to Peak    >> random deviates.
 FAILED K-S -- Parm:Time to Peak    Mon:           1  Year:        2005  N:         146
 FAILED K-S -- Parm:Time to Peak    Mon:           1  Year:        2005  N:         146
 FAILED K-S -- Parm:Time to Peak    Mon:           1  Year:        2005  N:         146
 FAILED K-S -- Parm:Time to Peak    Mon:           1  Year:        2005  N:         146
 FAILED K-S -- Parm:Time to Peak    Mon:           1  Year:        2005  N:         146
*** ERROR *** Could not produce desired level of quality in
                    << Time to Peak    >> random deviates.
 FAILED K-S -- Parm:Time to Peak    Mon:           1  Year:        2006  N:         157
 FAILED K-S -- Parm:Time to Peak    Mon:           1  Year:        2006  N:         157
 FAILED K-S -- Parm:Time to Peak    Mon:           1  Year:        2006  N:         157
 FAILED K-S -- Parm:Time to Peak    Mon:           1  Year:        2006  N:         157
 FAILED K-S -- Parm:Time to Peak    Mon:           1  Year:        2006  N:         157
*** ERROR *** Could not produce desired level of quality in
                    << Time to Peak    >> random deviates.
At line 3013 of file cligen53.f (unit = 9, file = '0500000US29229.prn')
Fortran runtime error: Sequential READ or WRITE not allowed after EOF marker, possibly use REWIND or BACKSPACE
 FAILED K-S -- Parm:Time to Peak    Mon:           1  Year:        2007  N:         160
 FAILED K-S -- Parm:Time to Peak    Mon:           1  Year:        2007  N:         160
 FAILED K-S -- Parm:Time to Peak    Mon:           1  Year:        2007  N:         160
 FAILED K-S -- Parm:Time to Peak    Mon:           1  Year:        2007  N:         160
 FAILED K-S -- Parm:Time to Peak    Mon:           1  Year:        2007  N:         160
*** ERROR *** Could not produce desired level of quality in
                    << Time to Peak    >> random deviates.
