At line 3013 of file cligen53.f (unit = 9, file = '0500000US35041.prn')
Fortran runtime error: Sequential READ or WRITE not allowed after EOF marker, possibly use REWIND or BACKSPACE


  ********************************************************************
  *                                                                  *
  *              USDA - WATER EROSION PREDICTION PROJECT             *
  *                 WEPP CLIMATE INPUT DATA GENERATOR                *
  *                                                                  *
  *                    CONTINUOUS SIMULATION AND                     *
  *                       SINGLE STORM OPTIONS                       *
  *                    with Command Line Options,                    *
  *                        and Corrections to                        *
  *                  Rainfall Intensity Calculations                 *
  *                   and Random Number Generation.                  *
  *                                                                  *
  *                          VERSION 5.30000                         *
  *                     Revised from VERSION 4.2                     *
  *                           October 2004                           *
  *                                                                  *
  *           (Use -h or /h to list command line options.)           *
  *                                                                  *
  ********************************************************************


 nm292854.par                                                                                                                                                                                                                                                    
 0500000US35041.prn                                                                                                                                                                                                                                              
 Tdew -10 rangecheck executed.
 Tdew -10 rangecheck executed.
 Failed SN SD test.
 Parm:Precip. Amt.    Month:           4  Year:        2001  Mlevel=   40.0000000      SDlevel=   56.4970245      Days:          39
 Failed SN SD test.
 Parm:Precip. Amt.    Month:           4  Year:        2001  Mlevel=   30.0000000      SDlevel=   56.2739067      Days:          39
 Failed SN SD test.
 Parm:Precip. Amt.    Month:           4  Year:        2001  Mlevel=   30.0000000      SDlevel=   53.6200294      Days:          39
 Failed SN SD test.
 Parm:Precip. Amt.    Month:           4  Year:        2001  Mlevel=   40.0000000      SDlevel=   56.4915657      Days:          39
 Failed SN SD test.
 Parm:Precip. Amt.    Month:           4  Year:        2001  Mlevel=   30.0000000      SDlevel=   53.1616974      Days:          39
*** ERROR *** Could not produce desired level of quality in
                    << Precip. Amt.    >> random deviates.
 FAILED K-S -- Parm:Precip. Amt.    Mon:           6  Year:        2005  N:         101
 FAILED K-S -- Parm:Precip. Amt.    Mon:           6  Year:        2005  N:         101
 FAILED K-S -- Parm:Precip. Amt.    Mon:           6  Year:        2005  N:         101
 FAILED K-S -- Parm:Precip. Amt.    Mon:           6  Year:        2005  N:         101
 FAILED K-S -- Parm:Precip. Amt.    Mon:           6  Year:        2005  N:         101
*** ERROR *** Could not produce desired level of quality in
                    << Precip. Amt.    >> random deviates.
 FAILED K-S -- Parm:Precip. Amt.    Mon:           6  Year:        2006  N:         102
 FAILED K-S -- Parm:Precip. Amt.    Mon:           6  Year:        2006  N:         102
 FAILED K-S -- Parm:Precip. Amt.    Mon:           6  Year:        2006  N:         102
 FAILED K-S -- Parm:Precip. Amt.    Mon:           6  Year:        2006  N:         102
 FAILED K-S -- Parm:Precip. Amt.    Mon:           6  Year:        2006  N:         102
*** ERROR *** Could not produce desired level of quality in
                    << Precip. Amt.    >> random deviates.
 FAILED K-S -- Parm:Wind Vel.       Mon:           6  Year:        2006  N:         810
 Tdew -10 rangecheck executed.
