

  ********************************************************************
  *                                                                  *
  *              USDA - WATER EROSION PREDICTION PROJECT             *
  *                 WEPP CLIMATE INPUT DATA GENERATOR                *
  *                                                                  *
  *                    CONTINUOUS SIMULATION AND                     *
  *                       SINGLE STORM OPTIONS                       *
  *                    with Command Line Options,                    *
  *                        and Corrections to                        *
  *                  Rainfall Intensity Calculations                 *
  *                   and Random Number Generation.                  *
  *                                                                  *
  *                          VERSION 5.30000                         *
  *                     Revised from VERSION 4.2                     *
  *                           October 2004                           *
  *                                                                  *
  *           (Use -h or /h to list command line options.)           *
  *                                                                  *
  ********************************************************************


 ca046074.par                                                                                                                                                                                                                                                    
 0500000US06055.prn                                                                                                                                                                                                                                              
 Failed SN SD test.
 Parm:Precip. Amt.    Month:           9  Year:        1984  Mlevel=   50.0000000      SDlevel=   78.4213486      Days:           3
 Failed SN Mean test.
 Failed SN SD test.
 Parm:Precip. Amt.    Month:           9  Year:        1984  Mlevel=   60.0000000      SDlevel=   70.0356140      Days:           3
 Failed SN Mean test.
 Failed SN SD test.
 Parm:Precip. Amt.    Month:           9  Year:        1984  Mlevel=   60.0000000      SDlevel=   60.7391701      Days:           3
 Failed SN SD test.
 Parm:Precip. Amt.    Month:           9  Year:        1984  Mlevel=   10.0000000      SDlevel=   59.7674370      Days:           3
 Failed SN SD test.
 Parm:Precip. Amt.    Month:           9  Year:        1984  Mlevel=   30.0000000      SDlevel=   76.8121185      Days:           3
*** ERROR *** Could not produce desired level of quality in
                    << Precip. Amt.    >> random deviates.
 FAILED K-S -- Parm:Wind Vel.       Mon:           9  Year:        1984  N:         150
 Failed SN SD test.
 Parm:Temp. Dew Pt.   Month:           9  Year:        1984  Mlevel=   40.0000000      SDlevel=   78.2626953      Days:         150
 Failed SN SD test.
 Parm:Precip. Amt.    Month:           9  Year:        1985  Mlevel=   50.0000000      SDlevel=   69.3819656      Days:           4
 Failed SN SD test.
 Parm:Precip. Amt.    Month:           9  Year:        1985  Mlevel=   5.00000000      SDlevel=   64.7469025      Days:           4
 Failed SN SD test.
 Parm:Precip. Amt.    Month:           9  Year:        1985  Mlevel=   5.00000000      SDlevel=   66.2569199      Days:           4
 Failed SN SD test.
 Parm:Precip. Amt.    Month:           9  Year:        1985  Mlevel=   5.00000000      SDlevel=   84.2467422      Days:           4
 Failed SN SD test.
 Parm:Precip. Amt.    Month:           9  Year:        1985  Mlevel=   30.0000000      SDlevel=   89.5345230      Days:           4
*** ERROR *** Could not produce desired level of quality in
                    << Precip. Amt.    >> random deviates.
 FAILED K-S -- Parm:Wind Vel.       Mon:           9  Year:        1985  N:         150
 FAILED K-S -- Parm:Temp. Dew Pt.   Mon:           9  Year:        1985  N:         150
 Failed SN SD test.
 Parm:Precip. Amt.    Month:           9  Year:        1986  Mlevel=   30.0000000      SDlevel=   89.5345230      Days:           4
 Failed SN SD test.
 Parm:Precip. Amt.    Month:           9  Year:        1986  Mlevel=   30.0000000      SDlevel=   89.5345230      Days:           4
 Failed SN SD test.
 Parm:Precip. Amt.    Month:           9  Year:        1986  Mlevel=   30.0000000      SDlevel=   89.5345230      Days:           4
 Failed SN SD test.
 Parm:Precip. Amt.    Month:           9  Year:        1986  Mlevel=   30.0000000      SDlevel=   89.5345230      Days:           4
 Failed SN SD test.
 Parm:Precip. Amt.    Month:           9  Year:        1986  Mlevel=   30.0000000      SDlevel=   89.5345230      Days:           4
*** ERROR *** Could not produce desired level of quality in
                    << Precip. Amt.    >> random deviates.
 FAILED K-S -- Parm:Wind Dir.       Mon:           9  Year:        1986  N:         210
 FAILED K-S -- Parm:Wind Vel.       Mon:           9  Year:        1986  N:         150
 Failed SN SD test.
 Parm:Temp. Dew Pt.   Month:           9  Year:        1986  Mlevel=   10.0000000      SDlevel=   99.9567566      Days:         210
 Failed SN SD test.
 Parm:Precip. Amt.    Month:           9  Year:        1987  Mlevel=   30.0000000      SDlevel=   89.5345230      Days:           4
 Failed SN SD test.
 Parm:Precip. Amt.    Month:           9  Year:        1987  Mlevel=   30.0000000      SDlevel=   89.5345230      Days:           4
 Failed SN SD test.
 Parm:Precip. Amt.    Month:           9  Year:        1987  Mlevel=   30.0000000      SDlevel=   89.5345230      Days:           4
 Failed SN SD test.
 Parm:Precip. Amt.    Month:           9  Year:        1987  Mlevel=   30.0000000      SDlevel=   89.5345230      Days:           4
 Failed SN SD test.
 Parm:Precip. Amt.    Month:           9  Year:        1987  Mlevel=   30.0000000      SDlevel=   89.5345230      Days:           4
*** ERROR *** Could not produce desired level of quality in
                    << Precip. Amt.    >> random deviates.
 FAILED K-S -- Parm:Temp. Dew Pt.   Mon:           9  Year:        1987  N:         150
 Failed SN SD test.
 Parm:Precip. Amt.    Month:           9  Year:        1988  Mlevel=   30.0000000      SDlevel=   89.5345230      Days:           4
 Failed SN SD test.
 Parm:Precip. Amt.    Month:           9  Year:        1988  Mlevel=   30.0000000      SDlevel=   89.5345230      Days:           4
 Failed SN SD test.
 Parm:Precip. Amt.    Month:           9  Year:        1988  Mlevel=   30.0000000      SDlevel=   89.5345230      Days:           4
 Failed SN SD test.
 Parm:Precip. Amt.    Month:           9  Year:        1988  Mlevel=   30.0000000      SDlevel=   89.5345230      Days:           4
 Failed SN SD test.
 Parm:Precip. Amt.    Month:           9  Year:        1988  Mlevel=   30.0000000      SDlevel=   89.5345230      Days:           4
*** ERROR *** Could not produce desired level of quality in
                    << Precip. Amt.    >> random deviates.
 Failed SN SD test.
 Parm:Temp. Dew Pt.   Month:           9  Year:        1988  Mlevel=   30.0000000      SDlevel=   100.000000      Days:         270
 Failed SN SD test.
 Parm:Precip. Amt.    Month:           9  Year:        1989  Mlevel=   5.00000000      SDlevel=   63.3943214      Days:           5
 Failed SN SD test.
 Parm:Precip. Amt.    Month:           9  Year:        1989  Mlevel=   5.00000000      SDlevel=   63.0862236      Days:           5
 Failed SN SD test.
 Parm:Precip. Amt.    Month:           9  Year:        1989  Mlevel=  0.500000000      SDlevel=   74.8327255      Days:           5
 Failed SN SD test.
 Parm:Precip. Amt.    Month:           9  Year:        1989  Mlevel=   50.0000000      SDlevel=   87.9109344      Days:           5
 Failed SN SD test.
 Parm:Precip. Amt.    Month:           9  Year:        1989  Mlevel=   0.00000000      SDlevel=   75.6430893      Days:           5
*** ERROR *** Could not produce desired level of quality in
                    << Precip. Amt.    >> random deviates.
 Failed SN Mean test.
 Failed SN SD test.
 Parm:Temp. Dew Pt.   Month:           9  Year:        1989  Mlevel=   60.0000000      SDlevel=   100.000000      Days:         300
 Failed SN SD test.
 Parm:Precip. Amt.    Month:           9  Year:        1990  Mlevel=   0.00000000      SDlevel=   75.6430893      Days:           5
 Failed SN SD test.
 Parm:Precip. Amt.    Month:           9  Year:        1990  Mlevel=   0.00000000      SDlevel=   75.6430893      Days:           5
 Failed SN SD test.
 Parm:Precip. Amt.    Month:           9  Year:        1990  Mlevel=   0.00000000      SDlevel=   75.6430893      Days:           5
 Failed SN SD test.
 Parm:Precip. Amt.    Month:           9  Year:        1990  Mlevel=   0.00000000      SDlevel=   75.6430893      Days:           5
 Failed SN SD test.
 Parm:Precip. Amt.    Month:           9  Year:        1990  Mlevel=   0.00000000      SDlevel=   75.6430893      Days:           5
*** ERROR *** Could not produce desired level of quality in
                    << Precip. Amt.    >> random deviates.
 Failed SN SD test.
 Parm:Temp. Dew Pt.   Month:           9  Year:        1990  Mlevel=   5.00000000      SDlevel=   100.000000      Days:         330
 Failed SN SD test.
 Parm:Precip. Amt.    Month:           9  Year:        1991  Mlevel=   0.00000000      SDlevel=   75.6430893      Days:           5
 Failed SN SD test.
 Parm:Precip. Amt.    Month:           9  Year:        1991  Mlevel=   0.00000000      SDlevel=   75.6430893      Days:           5
 Failed SN SD test.
 Parm:Precip. Amt.    Month:           9  Year:        1991  Mlevel=   0.00000000      SDlevel=   75.6430893      Days:           5
 Failed SN SD test.
 Parm:Precip. Amt.    Month:           9  Year:        1991  Mlevel=   0.00000000      SDlevel=   75.6430893      Days:           5
 Failed SN SD test.
 Parm:Precip. Amt.    Month:           9  Year:        1991  Mlevel=   0.00000000      SDlevel=   75.6430893      Days:           5
*** ERROR *** Could not produce desired level of quality in
                    << Precip. Amt.    >> random deviates.
 FAILED K-S -- Parm:Temp. Dew Pt.   Mon:           9  Year:        1991  N:         150
 Failed SN SD test.
 Parm:Temp. Dew Pt.   Month:           9  Year:        1992  Mlevel=   20.0000000      SDlevel=   100.000000      Days:         390
 Failed SN SD test.
 Parm:Temp. Dew Pt.   Month:           9  Year:        1992  Mlevel=   10.0000000      SDlevel=   100.000000      Days:         390
 Failed SN SD test.
 Parm:Temp. Dew Pt.   Month:           9  Year:        1992  Mlevel=   20.0000000      SDlevel=   100.000000      Days:         390
 Failed SN SD test.
 Parm:Temp. Dew Pt.   Month:           9  Year:        1992  Mlevel=   10.0000000      SDlevel=   100.000000      Days:         390
 Failed SN SD test.
 Parm:Temp. Dew Pt.   Month:           9  Year:        1992  Mlevel=   5.00000000      SDlevel=   100.000000      Days:         390
*** ERROR *** Could not produce desired level of quality in
                    << Temp. Dew Pt.   >> random deviates.
 FAILED K-S -- Parm:Temp. Dew Pt.   Mon:           9  Year:        1993  N:         180
 Failed SN Mean test.
 Failed SN SD test.
 Parm:Temp. Dew Pt.   Month:           9  Year:        1993  Mlevel=   60.0000000      SDlevel=   100.000000      Days:         420
 Failed SN SD test.
 Parm:Temp. Dew Pt.   Month:           9  Year:        1993  Mlevel=   40.0000000      SDlevel=   100.000000      Days:         420
 Failed SN SD test.
 Parm:Temp. Dew Pt.   Month:           9  Year:        1993  Mlevel=   10.0000000      SDlevel=   100.000000      Days:         420
 Failed SN SD test.
 Parm:Temp. Dew Pt.   Month:           9  Year:        1993  Mlevel=   0.00000000      SDlevel=   100.000000      Days:         420
 Failed SN SD test.
 Parm:Temp. Dew Pt.   Month:           9  Year:        1993  Mlevel=   10.0000000      SDlevel=   100.000000      Days:         420
*** ERROR *** Could not produce desired level of quality in
                    << Temp. Dew Pt.   >> random deviates.
 Failed SN SD test.
 Parm:Temp. Dew Pt.   Month:           9  Year:        1994  Mlevel=   1.00000000      SDlevel=   100.000000      Days:         450
 FAILED K-S -- Parm:Temp. Dew Pt.   Mon:           9  Year:        1994  N:         210
 Failed SN SD test.
 Parm:Temp. Dew Pt.   Month:           9  Year:        1994  Mlevel=   1.00000000      SDlevel=   100.000000      Days:         450
 Failed SN SD test.
 Parm:Temp. Dew Pt.   Month:           9  Year:        1994  Mlevel=   20.0000000      SDlevel=   100.000000      Days:         450
 Failed SN SD test.
 Parm:Temp. Dew Pt.   Month:           9  Year:        1994  Mlevel=   5.00000000      SDlevel=   100.000000      Days:         450
 FAILED K-S -- Parm:Temp. Dew Pt.   Mon:           9  Year:        1994  N:         210
 Failed SN SD test.
 Parm:Temp. Dew Pt.   Month:           9  Year:        1994  Mlevel=   5.00000000      SDlevel=   100.000000      Days:         450
*** ERROR *** Could not produce desired level of quality in
                    << Temp. Dew Pt.   >> random deviates.
 FAILED K-S -- Parm:Temp. Dew Pt.   Mon:           9  Year:        1995  N:         240
 Failed SN SD test.
 Parm:Temp. Dew Pt.   Month:           9  Year:        1995  Mlevel=   10.0000000      SDlevel=   100.000000      Days:         480
 FAILED K-S -- Parm:Temp. Dew Pt.   Mon:           9  Year:        1995  N:         240
 Failed SN SD test.
 Parm:Temp. Dew Pt.   Month:           9  Year:        1995  Mlevel=   10.0000000      SDlevel=   100.000000      Days:         480
 FAILED K-S -- Parm:Temp. Dew Pt.   Mon:           9  Year:        1995  N:         240
 Failed SN SD test.
 Parm:Temp. Dew Pt.   Month:           9  Year:        1995  Mlevel=   10.0000000      SDlevel=   100.000000      Days:         480
 FAILED K-S -- Parm:Temp. Dew Pt.   Mon:           9  Year:        1995  N:         240
 Failed SN SD test.
 Parm:Temp. Dew Pt.   Month:           9  Year:        1995  Mlevel=   10.0000000      SDlevel=   100.000000      Days:         480
 FAILED K-S -- Parm:Temp. Dew Pt.   Mon:           9  Year:        1995  N:         240
 Failed SN SD test.
 Parm:Temp. Dew Pt.   Month:           9  Year:        1995  Mlevel=   10.0000000      SDlevel=   100.000000      Days:         480
*** ERROR *** Could not produce desired level of quality in
                    << Temp. Dew Pt.   >> random deviates.
 FAILED K-S -- Parm:Temp. Dew Pt.   Mon:           9  Year:        1996  N:         270
 Failed SN SD test.
 Parm:Temp. Dew Pt.   Month:           9  Year:        1996  Mlevel=   1.00000000      SDlevel=   100.000000      Days:         510
 FAILED K-S -- Parm:Temp. Dew Pt.   Mon:           9  Year:        1996  N:         270
 Failed SN SD test.
 Parm:Temp. Dew Pt.   Month:           9  Year:        1996  Mlevel=   1.00000000      SDlevel=   100.000000      Days:         510
 FAILED K-S -- Parm:Temp. Dew Pt.   Mon:           9  Year:        1996  N:         270
 Failed SN SD test.
 Parm:Temp. Dew Pt.   Month:           9  Year:        1996  Mlevel=   1.00000000      SDlevel=   100.000000      Days:         510
 Failed SN SD test.
 Parm:Temp. Dew Pt.   Month:           9  Year:        1996  Mlevel=   30.0000000      SDlevel=   100.000000      Days:         510
 FAILED K-S -- Parm:Temp. Dew Pt.   Mon:           9  Year:        1996  N:         270
 Failed SN SD test.
 Parm:Temp. Dew Pt.   Month:           9  Year:        1996  Mlevel=   30.0000000      SDlevel=   100.000000      Days:         510
*** ERROR *** Could not produce desired level of quality in
                    << Temp. Dew Pt.   >> random deviates.
 FAILED K-S -- Parm:Temp. Dew Pt.   Mon:           9  Year:        1997  N:         300
 Failed SN SD test.
 Parm:Temp. Dew Pt.   Month:           9  Year:        1997  Mlevel=   10.0000000      SDlevel=   100.000000      Days:         540
 FAILED K-S -- Parm:Temp. Dew Pt.   Mon:           9  Year:        1997  N:         300
 Failed SN SD test.
 Parm:Temp. Dew Pt.   Month:           9  Year:        1997  Mlevel=   10.0000000      SDlevel=   100.000000      Days:         540
 FAILED K-S -- Parm:Temp. Dew Pt.   Mon:           9  Year:        1997  N:         300
 Failed SN SD test.
 Parm:Temp. Dew Pt.   Month:           9  Year:        1997  Mlevel=   10.0000000      SDlevel=   100.000000      Days:         540
 FAILED K-S -- Parm:Temp. Dew Pt.   Mon:           9  Year:        1997  N:         300
 Failed SN SD test.
 Parm:Temp. Dew Pt.   Month:           9  Year:        1997  Mlevel=   10.0000000      SDlevel=   100.000000      Days:         540
 FAILED K-S -- Parm:Temp. Dew Pt.   Mon:           9  Year:        1997  N:         300
 Failed SN SD test.
 Parm:Temp. Dew Pt.   Month:           9  Year:        1997  Mlevel=   10.0000000      SDlevel=   100.000000      Days:         540
*** ERROR *** Could not produce desired level of quality in
                    << Temp. Dew Pt.   >> random deviates.
 Failed SN SD test.
 Parm:Temp. Dew Pt.   Month:           9  Year:        1998  Mlevel=   10.0000000      SDlevel=   100.000000      Days:         570
 Failed SN SD test.
 Parm:Temp. Dew Pt.   Month:           9  Year:        1998  Mlevel=   20.0000000      SDlevel=   100.000000      Days:         570
 Failed SN SD test.
 Parm:Temp. Dew Pt.   Month:           9  Year:        1998  Mlevel=   1.00000000      SDlevel=   100.000000      Days:         570
 FAILED K-S -- Parm:Temp. Dew Pt.   Mon:           9  Year:        1998  N:         330
 Failed SN SD test.
 Parm:Temp. Dew Pt.   Month:           9  Year:        1998  Mlevel=   1.00000000      SDlevel=   100.000000      Days:         570
 Failed SN SD test.
 Parm:Temp. Dew Pt.   Month:           9  Year:        1998  Mlevel=   20.0000000      SDlevel=   100.000000      Days:         570
*** ERROR *** Could not produce desired level of quality in
                    << Temp. Dew Pt.   >> random deviates.
 Failed SN SD test.
 Parm:Temp. Dew Pt.   Month:           9  Year:        1999  Mlevel=   10.0000000      SDlevel=   100.000000      Days:         600
 Failed SN SD test.
 Parm:Temp. Dew Pt.   Month:           9  Year:        1999  Mlevel=   30.0000000      SDlevel=   100.000000      Days:         600
 Failed SN SD test.
 Parm:Temp. Dew Pt.   Month:           9  Year:        1999  Mlevel=   5.00000000      SDlevel=   100.000000      Days:         600
 Failed SN SD test.
 Parm:Temp. Dew Pt.   Month:           9  Year:        1999  Mlevel=   5.00000000      SDlevel=   100.000000      Days:         600
 Failed SN SD test.
 Parm:Temp. Dew Pt.   Month:           9  Year:        1999  Mlevel=   5.00000000      SDlevel=   100.000000      Days:         600
*** ERROR *** Could not produce desired level of quality in
                    << Temp. Dew Pt.   >> random deviates.
 Failed SN SD test.
 Parm:Temp. Dew Pt.   Month:           9  Year:        2000  Mlevel=   40.0000000      SDlevel=   100.000000      Days:         630
 Failed SN SD test.
 Parm:Temp. Dew Pt.   Month:           9  Year:        2000  Mlevel=   10.0000000      SDlevel=   100.000000      Days:         630
 Failed SN SD test.
 Parm:Temp. Dew Pt.   Month:           9  Year:        2000  Mlevel=   20.0000000      SDlevel=   100.000000      Days:         630
 Failed SN SD test.
 Parm:Temp. Dew Pt.   Month:           9  Year:        2000  Mlevel=   20.0000000      SDlevel=   100.000000      Days:         630
 Failed SN SD test.
 Parm:Temp. Dew Pt.   Month:           9  Year:        2000  Mlevel=   10.0000000      SDlevel=   100.000000      Days:         630
*** ERROR *** Could not produce desired level of quality in
                    << Temp. Dew Pt.   >> random deviates.
 FAILED K-S -- Parm:Temp. Dew Pt.   Mon:           9  Year:        2001  N:         420
 Failed SN SD test.
 Parm:Temp. Dew Pt.   Month:           9  Year:        2001  Mlevel=   10.0000000      SDlevel=   100.000000      Days:         660
 Failed SN SD test.
 Parm:Temp. Dew Pt.   Month:           9  Year:        2001  Mlevel=   1.00000000      SDlevel=   100.000000      Days:         660
 Failed SN SD test.
 Parm:Temp. Dew Pt.   Month:           9  Year:        2001  Mlevel=   40.0000000      SDlevel=   100.000000      Days:         660
 Failed SN SD test.
 Parm:Temp. Dew Pt.   Month:           9  Year:        2001  Mlevel=   10.0000000      SDlevel=   100.000000      Days:         660
 FAILED K-S -- Parm:Temp. Dew Pt.   Mon:           9  Year:        2001  N:         420
 Failed SN SD test.
 Parm:Temp. Dew Pt.   Month:           9  Year:        2001  Mlevel=   10.0000000      SDlevel=   100.000000      Days:         660
*** ERROR *** Could not produce desired level of quality in
                    << Temp. Dew Pt.   >> random deviates.
 FAILED K-S -- Parm:Temp. Dew Pt.   Mon:           9  Year:        2002  N:         450
 Failed SN SD test.
 Parm:Temp. Dew Pt.   Month:           9  Year:        2002  Mlevel=   10.0000000      SDlevel=   100.000000      Days:         690
 FAILED K-S -- Parm:Temp. Dew Pt.   Mon:           9  Year:        2002  N:         450
 Failed SN SD test.
 Parm:Temp. Dew Pt.   Month:           9  Year:        2002  Mlevel=   10.0000000      SDlevel=   100.000000      Days:         690
 Failed SN SD test.
 Parm:Temp. Dew Pt.   Month:           9  Year:        2002  Mlevel=   20.0000000      SDlevel=   100.000000      Days:         690
 FAILED K-S -- Parm:Temp. Dew Pt.   Mon:           9  Year:        2002  N:         450
 Failed SN SD test.
 Parm:Temp. Dew Pt.   Month:           9  Year:        2002  Mlevel=   20.0000000      SDlevel=   100.000000      Days:         690
 FAILED K-S -- Parm:Temp. Dew Pt.   Mon:           9  Year:        2002  N:         450
 Failed SN SD test.
 Parm:Temp. Dew Pt.   Month:           9  Year:        2002  Mlevel=   20.0000000      SDlevel=   100.000000      Days:         690
*** ERROR *** Could not produce desired level of quality in
                    << Temp. Dew Pt.   >> random deviates.
 FAILED K-S -- Parm:Temp. Dew Pt.   Mon:           9  Year:        2003  N:         480
 Failed SN SD test.
 Parm:Temp. Dew Pt.   Month:           9  Year:        2003  Mlevel=   20.0000000      SDlevel=   99.9999924      Days:         720
 FAILED K-S -- Parm:Temp. Dew Pt.   Mon:           9  Year:        2003  N:         480
 Failed SN SD test.
 Parm:Temp. Dew Pt.   Month:           9  Year:        2003  Mlevel=   20.0000000      SDlevel=   99.9999924      Days:         720
 FAILED K-S -- Parm:Temp. Dew Pt.   Mon:           9  Year:        2003  N:         480
 Failed SN SD test.
 Parm:Temp. Dew Pt.   Month:           9  Year:        2003  Mlevel=   20.0000000      SDlevel=   99.9999924      Days:         720
 FAILED K-S -- Parm:Temp. Dew Pt.   Mon:           9  Year:        2003  N:         480
 Failed SN SD test.
 Parm:Temp. Dew Pt.   Month:           9  Year:        2003  Mlevel=   20.0000000      SDlevel=   99.9999924      Days:         720
 FAILED K-S -- Parm:Temp. Dew Pt.   Mon:           9  Year:        2003  N:         480
 Failed SN SD test.
 Parm:Temp. Dew Pt.   Month:           9  Year:        2003  Mlevel=   20.0000000      SDlevel=   99.9999924      Days:         720
*** ERROR *** Could not produce desired level of quality in
                    << Temp. Dew Pt.   >> random deviates.
 FAILED K-S -- Parm:Temp. Dew Pt.   Mon:           9  Year:        2004  N:         510
 Failed SN SD test.
 Parm:Temp. Dew Pt.   Month:           9  Year:        2004  Mlevel=   10.0000000      SDlevel=   100.000000      Days:         750
 FAILED K-S -- Parm:Temp. Dew Pt.   Mon:           9  Year:        2004  N:         510
 Failed SN SD test.
 Parm:Temp. Dew Pt.   Month:           9  Year:        2004  Mlevel=   10.0000000      SDlevel=   100.000000      Days:         750
 FAILED K-S -- Parm:Temp. Dew Pt.   Mon:           9  Year:        2004  N:         510
 Failed SN SD test.
 Parm:Temp. Dew Pt.   Month:           9  Year:        2004  Mlevel=   10.0000000      SDlevel=   100.000000      Days:         750
 FAILED K-S -- Parm:Temp. Dew Pt.   Mon:           9  Year:        2004  N:         510
 Failed SN SD test.
 Parm:Temp. Dew Pt.   Month:           9  Year:        2004  Mlevel=   10.0000000      SDlevel=   100.000000      Days:         750
 FAILED K-S -- Parm:Temp. Dew Pt.   Mon:           9  Year:        2004  N:         510
 Failed SN SD test.
 Parm:Temp. Dew Pt.   Month:           9  Year:        2004  Mlevel=   10.0000000      SDlevel=   100.000000      Days:         750
*** ERROR *** Could not produce desired level of quality in
                    << Temp. Dew Pt.   >> random deviates.
 FAILED K-S -- Parm:Temp. Dew Pt.   Mon:           9  Year:        2005  N:         540
 Failed SN SD test.
 Parm:Temp. Dew Pt.   Month:           9  Year:        2005  Mlevel=   40.0000000      SDlevel=   100.000000      Days:         780
 FAILED K-S -- Parm:Temp. Dew Pt.   Mon:           9  Year:        2005  N:         540
 Failed SN SD test.
 Parm:Temp. Dew Pt.   Month:           9  Year:        2005  Mlevel=   40.0000000      SDlevel=   100.000000      Days:         780
 FAILED K-S -- Parm:Temp. Dew Pt.   Mon:           9  Year:        2005  N:         540
 Failed SN SD test.
 Parm:Temp. Dew Pt.   Month:           9  Year:        2005  Mlevel=   40.0000000      SDlevel=   100.000000      Days:         780
 FAILED K-S -- Parm:Temp. Dew Pt.   Mon:           9  Year:        2005  N:         540
 Failed SN SD test.
 Parm:Temp. Dew Pt.   Month:           9  Year:        2005  Mlevel=   40.0000000      SDlevel=   100.000000      Days:         780
 FAILED K-S -- Parm:Temp. Dew Pt.   Mon:           9  Year:        2005  N:         540
 Failed SN SD test.
 Parm:Temp. Dew Pt.   Month:           9  Year:        2005  Mlevel=   40.0000000      SDlevel=   100.000000      Days:         780
*** ERROR *** Could not produce desired level of quality in
                    << Temp. Dew Pt.   >> random deviates.
 FAILED K-S -- Parm:Temp. Dew Pt.   Mon:           9  Year:        2006  N:         570
 Failed SN SD test.
 Parm:Temp. Dew Pt.   Month:           9  Year:        2006  Mlevel=   20.0000000      SDlevel=   100.000000      Days:         810
 FAILED K-S -- Parm:Temp. Dew Pt.   Mon:           9  Year:        2006  N:         570
 Failed SN SD test.
 Parm:Temp. Dew Pt.   Month:           9  Year:        2006  Mlevel=   20.0000000      SDlevel=   100.000000      Days:         810
 FAILED K-S -- Parm:Temp. Dew Pt.   Mon:           9  Year:        2006  N:         570
 Failed SN SD test.
 Parm:Temp. Dew Pt.   Month:           9  Year:        2006  Mlevel=   20.0000000      SDlevel=   100.000000      Days:         810
 FAILED K-S -- Parm:Temp. Dew Pt.   Mon:           9  Year:        2006  N:         570
 Failed SN SD test.
 Parm:Temp. Dew Pt.   Month:           9  Year:        2006  Mlevel=   20.0000000      SDlevel=   100.000000      Days:         810
 FAILED K-S -- Parm:Temp. Dew Pt.   Mon:           9  Year:        2006  N:         570
 Failed SN SD test.
 Parm:Temp. Dew Pt.   Month:           9  Year:        2006  Mlevel=   20.0000000      SDlevel=   100.000000      Days:         810
*** ERROR *** Could not produce desired level of quality in
                    << Temp. Dew Pt.   >> random deviates.
 FAILED K-S -- Parm:Precip. Amt.    Mon:          10  Year:        2006  N:         100
 FAILED K-S -- Parm:Precip. Amt.    Mon:          10  Year:        2006  N:         100
 FAILED K-S -- Parm:Precip. Amt.    Mon:          10  Year:        2006  N:         100
 FAILED K-S -- Parm:Precip. Amt.    Mon:          10  Year:        2006  N:         100
 FAILED K-S -- Parm:Precip. Amt.    Mon:          10  Year:        2006  N:         100
*** ERROR *** Could not produce desired level of quality in
                    << Precip. Amt.    >> random deviates.
 FAILED K-S -- Parm:Temp. Dew Pt.   Mon:           9  Year:        2007  N:         600
 Failed SN SD test.
 Parm:Temp. Dew Pt.   Month:           9  Year:        2007  Mlevel=   30.0000000      SDlevel=   99.9999771      Days:         840
 FAILED K-S -- Parm:Temp. Dew Pt.   Mon:           9  Year:        2007  N:         600
 Failed SN SD test.
 Parm:Temp. Dew Pt.   Month:           9  Year:        2007  Mlevel=   30.0000000      SDlevel=   99.9999771      Days:         840
 FAILED K-S -- Parm:Temp. Dew Pt.   Mon:           9  Year:        2007  N:         600
 Failed SN SD test.
 Parm:Temp. Dew Pt.   Month:           9  Year:        2007  Mlevel=   30.0000000      SDlevel=   99.9999771      Days:         840
 FAILED K-S -- Parm:Temp. Dew Pt.   Mon:           9  Year:        2007  N:         600
 Failed SN SD test.
 Parm:Temp. Dew Pt.   Month:           9  Year:        2007  Mlevel=   30.0000000      SDlevel=   99.9999771      Days:         840
 FAILED K-S -- Parm:Temp. Dew Pt.   Mon:           9  Year:        2007  N:         600
 Failed SN SD test.
 Parm:Temp. Dew Pt.   Month:           9  Year:        2007  Mlevel=   30.0000000      SDlevel=   99.9999771      Days:         840
*** ERROR *** Could not produce desired level of quality in
                    << Temp. Dew Pt.   >> random deviates.
 FAILED K-S -- Parm:Precip. Amt.    Mon:          10  Year:        2007  N:         103
 FAILED K-S -- Parm:Precip. Amt.    Mon:          10  Year:        2007  N:         103
 FAILED K-S -- Parm:Precip. Amt.    Mon:          10  Year:        2007  N:         103
 FAILED K-S -- Parm:Precip. Amt.    Mon:          10  Year:        2007  N:         103
 FAILED K-S -- Parm:Precip. Amt.    Mon:          10  Year:        2007  N:         103
*** ERROR *** Could not produce desired level of quality in
                    << Precip. Amt.    >> random deviates.
 FAILED K-S -- Parm:Temp. Dew Pt.   Mon:           9  Year:        2008  N:         630
 Failed SN SD test.
 Parm:Temp. Dew Pt.   Month:           9  Year:        2008  Mlevel=   30.0000000      SDlevel=   99.9999847      Days:         870
 FAILED K-S -- Parm:Temp. Dew Pt.   Mon:           9  Year:        2008  N:         630
 Failed SN SD test.
 Parm:Temp. Dew Pt.   Month:           9  Year:        2008  Mlevel=   30.0000000      SDlevel=   99.9999847      Days:         870
 FAILED K-S -- Parm:Temp. Dew Pt.   Mon:           9  Year:        2008  N:         630
 Failed SN SD test.
 Parm:Temp. Dew Pt.   Month:           9  Year:        2008  Mlevel=   30.0000000      SDlevel=   99.9999847      Days:         870
 FAILED K-S -- Parm:Temp. Dew Pt.   Mon:           9  Year:        2008  N:         630
 Failed SN SD test.
 Parm:Temp. Dew Pt.   Month:           9  Year:        2008  Mlevel=   30.0000000      SDlevel=   99.9999847      Days:         870
 FAILED K-S -- Parm:Temp. Dew Pt.   Mon:           9  Year:        2008  N:         630
 Failed SN SD test.
 Parm:Temp. Dew Pt.   Month:           9  Year:        2008  Mlevel=   30.0000000      SDlevel=   99.9999847      Days:         870
*** ERROR *** Could not produce desired level of quality in
                    << Temp. Dew Pt.   >> random deviates.
 FAILED K-S -- Parm:Temp. Dew Pt.   Mon:           9  Year:        2009  N:         660
 Failed SN SD test.
 Parm:Temp. Dew Pt.   Month:           9  Year:        2009  Mlevel=   30.0000000      SDlevel=   99.9999313      Days:         900
 FAILED K-S -- Parm:Temp. Dew Pt.   Mon:           9  Year:        2009  N:         660
 Failed SN SD test.
 Parm:Temp. Dew Pt.   Month:           9  Year:        2009  Mlevel=   30.0000000      SDlevel=   99.9999313      Days:         900
 FAILED K-S -- Parm:Temp. Dew Pt.   Mon:           9  Year:        2009  N:         660
 Failed SN SD test.
 Parm:Temp. Dew Pt.   Month:           9  Year:        2009  Mlevel=   30.0000000      SDlevel=   99.9999313      Days:         900
 FAILED K-S -- Parm:Temp. Dew Pt.   Mon:           9  Year:        2009  N:         660
 Failed SN SD test.
 Parm:Temp. Dew Pt.   Month:           9  Year:        2009  Mlevel=   30.0000000      SDlevel=   99.9999313      Days:         900
 FAILED K-S -- Parm:Temp. Dew Pt.   Mon:           9  Year:        2009  N:         660
 Failed SN SD test.
 Parm:Temp. Dew Pt.   Month:           9  Year:        2009  Mlevel=   30.0000000      SDlevel=   99.9999313      Days:         900
*** ERROR *** Could not produce desired level of quality in
                    << Temp. Dew Pt.   >> random deviates.
 FAILED K-S -- Parm:Temp. Dew Pt.   Mon:           9  Year:        2010  N:         690
 Failed SN SD test.
 Parm:Temp. Dew Pt.   Month:           9  Year:        2010  Mlevel=   40.0000000      SDlevel=   99.9999390      Days:         930
 FAILED K-S -- Parm:Temp. Dew Pt.   Mon:           9  Year:        2010  N:         690
 Failed SN SD test.
 Parm:Temp. Dew Pt.   Month:           9  Year:        2010  Mlevel=   40.0000000      SDlevel=   99.9999390      Days:         930
 FAILED K-S -- Parm:Temp. Dew Pt.   Mon:           9  Year:        2010  N:         690
 Failed SN SD test.
 Parm:Temp. Dew Pt.   Month:           9  Year:        2010  Mlevel=   40.0000000      SDlevel=   99.9999390      Days:         930
 FAILED K-S -- Parm:Temp. Dew Pt.   Mon:           9  Year:        2010  N:         690
 Failed SN SD test.
 Parm:Temp. Dew Pt.   Month:           9  Year:        2010  Mlevel=   40.0000000      SDlevel=   99.9999390      Days:         930
 FAILED K-S -- Parm:Temp. Dew Pt.   Mon:           9  Year:        2010  N:         690
 Failed SN SD test.
 Parm:Temp. Dew Pt.   Month:           9  Year:        2010  Mlevel=   40.0000000      SDlevel=   99.9999390      Days:         930
*** ERROR *** Could not produce desired level of quality in
                    << Temp. Dew Pt.   >> random deviates.
 FAILED K-S -- Parm:Temp. Dew Pt.   Mon:           9  Year:        2011  N:         720
 FAILED K-S -- Parm:Temp. Dew Pt.   Mon:           9  Year:        2011  N:         720
 FAILED K-S -- Parm:Temp. Dew Pt.   Mon:           9  Year:        2011  N:         720
 FAILED K-S -- Parm:Temp. Dew Pt.   Mon:           9  Year:        2011  N:         720
 FAILED K-S -- Parm:Temp. Dew Pt.   Mon:           9  Year:        2011  N:         720
*** ERROR *** Could not produce desired level of quality in
                    << Temp. Dew Pt.   >> random deviates.
 FAILED K-S -- Parm:Temp. Dew Pt.   Mon:           9  Year:        2012  N:         750
 Failed SN SD test.
 Parm:Temp. Dew Pt.   Month:           9  Year:        2012  Mlevel=   50.0000000      SDlevel=   99.9999008      Days:         990
 FAILED K-S -- Parm:Temp. Dew Pt.   Mon:           9  Year:        2012  N:         750
 Failed SN SD test.
 Parm:Temp. Dew Pt.   Month:           9  Year:        2012  Mlevel=   50.0000000      SDlevel=   99.9999008      Days:         990
 FAILED K-S -- Parm:Temp. Dew Pt.   Mon:           9  Year:        2012  N:         750
 Failed SN SD test.
 Parm:Temp. Dew Pt.   Month:           9  Year:        2012  Mlevel=   50.0000000      SDlevel=   99.9999008      Days:         990
 FAILED K-S -- Parm:Temp. Dew Pt.   Mon:           9  Year:        2012  N:         750
 Failed SN SD test.
 Parm:Temp. Dew Pt.   Month:           9  Year:        2012  Mlevel=   50.0000000      SDlevel=   99.9999008      Days:         990
 FAILED K-S -- Parm:Temp. Dew Pt.   Mon:           9  Year:        2012  N:         750
 Failed SN SD test.
 Parm:Temp. Dew Pt.   Month:           9  Year:        2012  Mlevel=   50.0000000      SDlevel=   99.9999008      Days:         990
*** ERROR *** Could not produce desired level of quality in
                    << Temp. Dew Pt.   >> random deviates.
 FAILED K-S -- Parm:Temp. Dew Pt.   Mon:           9  Year:        2013  N:         780
 Failed SN SD test.
 Parm:Temp. Dew Pt.   Month:           9  Year:        2013  Mlevel=   50.0000000      SDlevel=   99.9999771      Days:        1020
 FAILED K-S -- Parm:Temp. Dew Pt.   Mon:           9  Year:        2013  N:         780
 Failed SN SD test.
 Parm:Temp. Dew Pt.   Month:           9  Year:        2013  Mlevel=   50.0000000      SDlevel=   99.9999771      Days:        1020
 FAILED K-S -- Parm:Temp. Dew Pt.   Mon:           9  Year:        2013  N:         780
 Failed SN SD test.
 Parm:Temp. Dew Pt.   Month:           9  Year:        2013  Mlevel=   50.0000000      SDlevel=   99.9999771      Days:        1020
 FAILED K-S -- Parm:Temp. Dew Pt.   Mon:           9  Year:        2013  N:         780
 Failed SN SD test.
 Parm:Temp. Dew Pt.   Month:           9  Year:        2013  Mlevel=   50.0000000      SDlevel=   99.9999771      Days:        1020
 FAILED K-S -- Parm:Temp. Dew Pt.   Mon:           9  Year:        2013  N:         780
 Failed SN SD test.
 Parm:Temp. Dew Pt.   Month:           9  Year:        2013  Mlevel=   50.0000000      SDlevel=   99.9999771      Days:        1020
*** ERROR *** Could not produce desired level of quality in
                    << Temp. Dew Pt.   >> random deviates.
 FAILED K-S -- Parm:Temp. Dew Pt.   Mon:           9  Year:        2014  N:         810
 Failed SN SD test.
 Parm:Temp. Dew Pt.   Month:           9  Year:        2014  Mlevel=   30.0000000      SDlevel=   99.9999466      Days:        1050
 FAILED K-S -- Parm:Temp. Dew Pt.   Mon:           9  Year:        2014  N:         810
 Failed SN SD test.
 Parm:Temp. Dew Pt.   Month:           9  Year:        2014  Mlevel=   30.0000000      SDlevel=   99.9999466      Days:        1050
 FAILED K-S -- Parm:Temp. Dew Pt.   Mon:           9  Year:        2014  N:         810
 Failed SN SD test.
 Parm:Temp. Dew Pt.   Month:           9  Year:        2014  Mlevel=   30.0000000      SDlevel=   99.9999466      Days:        1050
 FAILED K-S -- Parm:Temp. Dew Pt.   Mon:           9  Year:        2014  N:         810
 Failed SN SD test.
 Parm:Temp. Dew Pt.   Month:           9  Year:        2014  Mlevel=   30.0000000      SDlevel=   99.9999466      Days:        1050
 FAILED K-S -- Parm:Temp. Dew Pt.   Mon:           9  Year:        2014  N:         810
 Failed SN SD test.
 Parm:Temp. Dew Pt.   Month:           9  Year:        2014  Mlevel=   30.0000000      SDlevel=   99.9999466      Days:        1050
*** ERROR *** Could not produce desired level of quality in
                    << Temp. Dew Pt.   >> random deviates.
 Failed SN SD test.
 Parm:Temp. Dew Pt.   Month:           9  Year:        2015  Mlevel=   20.0000000      SDlevel=   99.9998474      Days:        1080
 FAILED K-S -- Parm:Temp. Dew Pt.   Mon:           9  Year:        2015  N:         840
 Failed SN SD test.
 Parm:Temp. Dew Pt.   Month:           9  Year:        2015  Mlevel=   20.0000000      SDlevel=   99.9998474      Days:        1080
 FAILED K-S -- Parm:Temp. Dew Pt.   Mon:           9  Year:        2015  N:         840
 Failed SN SD test.
 Parm:Temp. Dew Pt.   Month:           9  Year:        2015  Mlevel=   20.0000000      SDlevel=   99.9998474      Days:        1080
 FAILED K-S -- Parm:Temp. Dew Pt.   Mon:           9  Year:        2015  N:         840
 Failed SN SD test.
 Parm:Temp. Dew Pt.   Month:           9  Year:        2015  Mlevel=   20.0000000      SDlevel=   99.9998474      Days:        1080
 FAILED K-S -- Parm:Temp. Dew Pt.   Mon:           9  Year:        2015  N:         840
 Failed SN SD test.
 Parm:Temp. Dew Pt.   Month:           9  Year:        2015  Mlevel=   20.0000000      SDlevel=   99.9998474      Days:        1080
*** ERROR *** Could not produce desired level of quality in
                    << Temp. Dew Pt.   >> random deviates.
 FAILED K-S -- Parm:Temp. Dew Pt.   Mon:           9  Year:        2016  N:         870
 Failed SN SD test.
 Parm:Temp. Dew Pt.   Month:           9  Year:        2016  Mlevel=   20.0000000      SDlevel=   99.9985428      Days:        1110
 FAILED K-S -- Parm:Temp. Dew Pt.   Mon:           9  Year:        2016  N:         870
 Failed SN SD test.
 Parm:Temp. Dew Pt.   Month:           9  Year:        2016  Mlevel=   20.0000000      SDlevel=   99.9985428      Days:        1110
 FAILED K-S -- Parm:Temp. Dew Pt.   Mon:           9  Year:        2016  N:         870
 Failed SN SD test.
 Parm:Temp. Dew Pt.   Month:           9  Year:        2016  Mlevel=   20.0000000      SDlevel=   99.9985428      Days:        1110
 FAILED K-S -- Parm:Temp. Dew Pt.   Mon:           9  Year:        2016  N:         870
 Failed SN SD test.
 Parm:Temp. Dew Pt.   Month:           9  Year:        2016  Mlevel=   20.0000000      SDlevel=   99.9985428      Days:        1110
 FAILED K-S -- Parm:Temp. Dew Pt.   Mon:           9  Year:        2016  N:         870
 Failed SN SD test.
 Parm:Temp. Dew Pt.   Month:           9  Year:        2016  Mlevel=   20.0000000      SDlevel=   99.9985428      Days:        1110
*** ERROR *** Could not produce desired level of quality in
                    << Temp. Dew Pt.   >> random deviates.
 FAILED K-S -- Parm:Temp. Dew Pt.   Mon:           9  Year:        2017  N:         900
 Failed SN SD test.
 Parm:Temp. Dew Pt.   Month:           9  Year:        2017  Mlevel=   20.0000000      SDlevel=   99.9993896      Days:        1140
 FAILED K-S -- Parm:Temp. Dew Pt.   Mon:           9  Year:        2017  N:         900
 Failed SN SD test.
 Parm:Temp. Dew Pt.   Month:           9  Year:        2017  Mlevel=   20.0000000      SDlevel=   99.9993896      Days:        1140
At line 3013 of file cligen53.f (unit = 9, file = '0500000US06055.prn')
Fortran runtime error: Sequential READ or WRITE not allowed after EOF marker, possibly use REWIND or BACKSPACE
 FAILED K-S -- Parm:Temp. Dew Pt.   Mon:           9  Year:        2017  N:         900
 Failed SN SD test.
 Parm:Temp. Dew Pt.   Month:           9  Year:        2017  Mlevel=   20.0000000      SDlevel=   99.9993896      Days:        1140
 FAILED K-S -- Parm:Temp. Dew Pt.   Mon:           9  Year:        2017  N:         900
 Failed SN SD test.
 Parm:Temp. Dew Pt.   Month:           9  Year:        2017  Mlevel=   20.0000000      SDlevel=   99.9993896      Days:        1140
 FAILED K-S -- Parm:Temp. Dew Pt.   Mon:           9  Year:        2017  N:         900
 Failed SN SD test.
 Parm:Temp. Dew Pt.   Month:           9  Year:        2017  Mlevel=   20.0000000      SDlevel=   99.9993896      Days:        1140
*** ERROR *** Could not produce desired level of quality in
                    << Temp. Dew Pt.   >> random deviates.
