

  ********************************************************************
  *                                                                  *
  *              USDA - WATER EROSION PREDICTION PROJECT             *
  *                 WEPP CLIMATE INPUT DATA GENERATOR                *
  *                                                                  *
  *                    CONTINUOUS SIMULATION AND                     *
  *                       SINGLE STORM OPTIONS                       *
  *                    with Command Line Options,                    *
  *                        and Corrections to                        *
  *                  Rainfall Intensity Calculations                 *
  *                   and Random Number Generation.                  *
  *                                                                  *
  *                          VERSION 5.30000                         *
  *                     Revised from VERSION 4.2                     *
  *                           October 2004                           *
  *                                                                  *
  *           (Use -h or /h to list command line options.)           *
  *                                                                  *
  ********************************************************************


 az021314.par                                                                                                                                                                                                                                                    
 0500000US04021.prn                                                                                                                                                                                                                                              
 Failed SN SD test.
 Parm:Precip. Amt.    Month:          10  Year:        1980  Mlevel=   5.00000000      SDlevel=   80.1521149      Days:           1
 Failed SN SD test.
 Parm:Precip. Amt.    Month:          10  Year:        1980  Mlevel=   10.0000000      SDlevel=   76.0079498      Days:           1
 Failed SN SD test.
 Parm:Precip. Amt.    Month:          10  Year:        1980  Mlevel=   10.0000000      SDlevel=   71.2892303      Days:           1
 Failed SN SD test.
 Parm:Precip. Amt.    Month:          10  Year:        1980  Mlevel=   10.0000000      SDlevel=   61.7943764      Days:           1
 Failed SN SD test.
 Parm:Precip. Amt.    Month:          10  Year:        1980  Mlevel=   10.0000000      SDlevel=   75.2183304      Days:           1
*** ERROR *** Could not produce desired level of quality in
                    << Precip. Amt.    >> random deviates.
 Failed SN SD test.
 Parm:Temp. Dew Pt.   Month:          10  Year:        1980  Mlevel=   30.0000000      SDlevel=   70.4368439      Days:          31
 Failed SN SD test.
 Parm:Precip. Amt.    Month:           6  Year:        1993  Mlevel=   5.00000000      SDlevel=   71.6309052      Days:           3
 Failed SN SD test.
 Parm:Precip. Amt.    Month:           6  Year:        1993  Mlevel=   10.0000000      SDlevel=   73.2748642      Days:           3
 Failed SN SD test.
 Parm:Precip. Amt.    Month:           6  Year:        1993  Mlevel=   10.0000000      SDlevel=   74.3470078      Days:           3
 Failed SN SD test.
 Parm:Precip. Amt.    Month:           6  Year:        1993  Mlevel=   10.0000000      SDlevel=   74.2725601      Days:           3
 Failed SN SD test.
 Parm:Precip. Amt.    Month:           6  Year:        1993  Mlevel=   10.0000000      SDlevel=   75.1528320      Days:           3
*** ERROR *** Could not produce desired level of quality in
                    << Precip. Amt.    >> random deviates.
 Failed SN SD test.
 Parm:Precip. Amt.    Month:           6  Year:        1994  Mlevel=   10.0000000      SDlevel=   75.1528320      Days:           3
 Failed SN SD test.
 Parm:Precip. Amt.    Month:           6  Year:        1994  Mlevel=   10.0000000      SDlevel=   75.1528320      Days:           3
 Failed SN SD test.
 Parm:Precip. Amt.    Month:           6  Year:        1994  Mlevel=   10.0000000      SDlevel=   75.1528320      Days:           3
 Failed SN SD test.
 Parm:Precip. Amt.    Month:           6  Year:        1994  Mlevel=   10.0000000      SDlevel=   75.1528320      Days:           3
 Failed SN SD test.
 Parm:Precip. Amt.    Month:           6  Year:        1994  Mlevel=   10.0000000      SDlevel=   75.1528320      Days:           3
*** ERROR *** Could not produce desired level of quality in
                    << Precip. Amt.    >> random deviates.
 Failed SN SD test.
 Parm:Precip. Amt.    Month:           6  Year:        1995  Mlevel=   10.0000000      SDlevel=   75.1528320      Days:           3
 Failed SN SD test.
 Parm:Precip. Amt.    Month:           6  Year:        1995  Mlevel=   10.0000000      SDlevel=   75.1528320      Days:           3
 Failed SN SD test.
 Parm:Precip. Amt.    Month:           6  Year:        1995  Mlevel=   10.0000000      SDlevel=   75.1528320      Days:           3
 Failed SN SD test.
 Parm:Precip. Amt.    Month:           6  Year:        1995  Mlevel=   10.0000000      SDlevel=   75.1528320      Days:           3
 Failed SN SD test.
 Parm:Precip. Amt.    Month:           6  Year:        1995  Mlevel=   10.0000000      SDlevel=   75.1528320      Days:           3
*** ERROR *** Could not produce desired level of quality in
                    << Precip. Amt.    >> random deviates.
 Failed SN SD test.
 Parm:Precip. Amt.    Month:           6  Year:        1996  Mlevel=   10.0000000      SDlevel=   75.1528320      Days:           3
 Failed SN SD test.
 Parm:Precip. Amt.    Month:           6  Year:        1996  Mlevel=   10.0000000      SDlevel=   75.1528320      Days:           3
 Failed SN SD test.
 Parm:Precip. Amt.    Month:           6  Year:        1996  Mlevel=   10.0000000      SDlevel=   75.1528320      Days:           3
 Failed SN SD test.
 Parm:Precip. Amt.    Month:           6  Year:        1996  Mlevel=   10.0000000      SDlevel=   75.1528320      Days:           3
 Failed SN SD test.
 Parm:Precip. Amt.    Month:           6  Year:        1996  Mlevel=   10.0000000      SDlevel=   75.1528320      Days:           3
*** ERROR *** Could not produce desired level of quality in
                    << Precip. Amt.    >> random deviates.
 Failed SN SD test.
 Parm:Precip. Amt.    Month:           6  Year:        1997  Mlevel=   10.0000000      SDlevel=   75.1528320      Days:           3
 Failed SN SD test.
 Parm:Precip. Amt.    Month:           6  Year:        1997  Mlevel=   10.0000000      SDlevel=   75.1528320      Days:           3
 Failed SN SD test.
 Parm:Precip. Amt.    Month:           6  Year:        1997  Mlevel=   10.0000000      SDlevel=   75.1528320      Days:           3
 Failed SN SD test.
 Parm:Precip. Amt.    Month:           6  Year:        1997  Mlevel=   10.0000000      SDlevel=   75.1528320      Days:           3
 Failed SN SD test.
 Parm:Precip. Amt.    Month:           6  Year:        1997  Mlevel=   10.0000000      SDlevel=   75.1528320      Days:           3
*** ERROR *** Could not produce desired level of quality in
                    << Precip. Amt.    >> random deviates.
 FAILED K-S -- Parm:Time to Peak    Mon:          11  Year:        2015  N:         101
 FAILED K-S -- Parm:Time to Peak    Mon:          11  Year:        2015  N:         101
 FAILED K-S -- Parm:Time to Peak    Mon:          11  Year:        2015  N:         101
 FAILED K-S -- Parm:Time to Peak    Mon:          11  Year:        2015  N:         101
 FAILED K-S -- Parm:Time to Peak    Mon:          11  Year:        2015  N:         101
*** ERROR *** Could not produce desired level of quality in
                    << Time to Peak    >> random deviates.
 FAILED K-S -- Parm:Time to Peak    Mon:          11  Year:        2016  N:         102
 FAILED K-S -- Parm:Time to Peak    Mon:          11  Year:        2016  N:         102
 FAILED K-S -- Parm:Time to Peak    Mon:          11  Year:        2016  N:         102
 FAILED K-S -- Parm:Time to Peak    Mon:          11  Year:        2016  N:         102
At line 3013 of file cligen53.f (unit = 9, file = '0500000US04021.prn')
Fortran runtime error: Sequential READ or WRITE not allowed after EOF marker, possibly use REWIND or BACKSPACE
 FAILED K-S -- Parm:Time to Peak    Mon:          11  Year:        2016  N:         102
*** ERROR *** Could not produce desired level of quality in
                    << Time to Peak    >> random deviates.
 FAILED K-S -- Parm:Time to Peak    Mon:          11  Year:        2017  N:         105
 FAILED K-S -- Parm:Time to Peak    Mon:          11  Year:        2017  N:         105
 FAILED K-S -- Parm:Time to Peak    Mon:          11  Year:        2017  N:         105
 FAILED K-S -- Parm:Time to Peak    Mon:          11  Year:        2017  N:         105
 FAILED K-S -- Parm:Time to Peak    Mon:          11  Year:        2017  N:         105
*** ERROR *** Could not produce desired level of quality in
                    << Time to Peak    >> random deviates.
