

  ********************************************************************
  *                                                                  *
  *              USDA - WATER EROSION PREDICTION PROJECT             *
  *                 WEPP CLIMATE INPUT DATA GENERATOR                *
  *                                                                  *
  *                    CONTINUOUS SIMULATION AND                     *
  *                       SINGLE STORM OPTIONS                       *
  *                    with Command Line Options,                    *
  *                        and Corrections to                        *
  *                  Rainfall Intensity Calculations                 *
  *                   and Random Number Generation.                  *
  *                                                                  *
  *                          VERSION 5.30000                         *
  *                     Revised from VERSION 4.2                     *
  *                           October 2004                           *
  *                                                                  *
  *           (Use -h or /h to list command line options.)           *
  *                                                                  *
  ********************************************************************


 nm293157.par                                                                                                                                                                                                                                                    
 0500000US35029.prn                                                                                                                                                                                                                                              
 Failed SN SD test.
 Parm:Precip. Amt.    Month:          12  Year:        1987  Mlevel=   10.0000000      SDlevel=   58.1153564      Days:          28
 Failed SN SD test.
 Parm:Precip. Amt.    Month:          12  Year:        1987  Mlevel=   10.0000000      SDlevel=   57.3751564      Days:          28
 Failed SN SD test.
 Parm:Precip. Amt.    Month:          12  Year:        1987  Mlevel=   10.0000000      SDlevel=   58.1088409      Days:          28
 Failed SN SD test.
 Parm:Precip. Amt.    Month:          12  Year:        1987  Mlevel=   20.0000000      SDlevel=   55.0723839      Days:          28
 Failed SN SD test.
 Parm:Precip. Amt.    Month:          12  Year:        1987  Mlevel=   5.00000000      SDlevel=   57.1872406      Days:          28
*** ERROR *** Could not produce desired level of quality in
                    << Precip. Amt.    >> random deviates.
 Failed SN SD test.
 Parm:Temp. Dew Pt.   Month:          12  Year:        1987  Mlevel=   5.00000000      SDlevel=   52.2766571      Days:         248
 FAILED K-S -- Parm:Time to Peak    Mon:           8  Year:        1991  N:         104
 FAILED K-S -- Parm:Time to Peak    Mon:           8  Year:        1991  N:         104
 FAILED K-S -- Parm:Time to Peak    Mon:           8  Year:        1991  N:         104
 FAILED K-S -- Parm:Time to Peak    Mon:           8  Year:        1991  N:         104
 FAILED K-S -- Parm:Time to Peak    Mon:           8  Year:        1991  N:         104
*** ERROR *** Could not produce desired level of quality in
                    << Time to Peak    >> random deviates.
 FAILED K-S -- Parm:Time to Peak    Mon:           8  Year:        1992  N:         113
 FAILED K-S -- Parm:Time to Peak    Mon:           8  Year:        1992  N:         113
 FAILED K-S -- Parm:Time to Peak    Mon:           8  Year:        1992  N:         113
 FAILED K-S -- Parm:Time to Peak    Mon:           8  Year:        1992  N:         113
 FAILED K-S -- Parm:Time to Peak    Mon:           8  Year:        1992  N:         113
*** ERROR *** Could not produce desired level of quality in
                    << Time to Peak    >> random deviates.
 FAILED K-S -- Parm:Time to Peak    Mon:           8  Year:        1993  N:         121
 FAILED K-S -- Parm:Time to Peak    Mon:           8  Year:        1993  N:         121
 FAILED K-S -- Parm:Time to Peak    Mon:           8  Year:        1993  N:         121
 FAILED K-S -- Parm:Time to Peak    Mon:           8  Year:        1993  N:         121
 FAILED K-S -- Parm:Time to Peak    Mon:           8  Year:        1993  N:         121
*** ERROR *** Could not produce desired level of quality in
                    << Time to Peak    >> random deviates.
 FAILED K-S -- Parm:Time to Peak    Mon:           8  Year:        1994  N:         129
 FAILED K-S -- Parm:Time to Peak    Mon:           8  Year:        1994  N:         129
 FAILED K-S -- Parm:Time to Peak    Mon:           8  Year:        1994  N:         129
 FAILED K-S -- Parm:Time to Peak    Mon:           8  Year:        1994  N:         129
 FAILED K-S -- Parm:Time to Peak    Mon:           8  Year:        1994  N:         129
*** ERROR *** Could not produce desired level of quality in
                    << Time to Peak    >> random deviates.
 FAILED K-S -- Parm:Time to Peak    Mon:           8  Year:        1995  N:         146
 FAILED K-S -- Parm:Time to Peak    Mon:           8  Year:        1995  N:         146
 FAILED K-S -- Parm:Time to Peak    Mon:           8  Year:        1995  N:         146
 FAILED K-S -- Parm:Time to Peak    Mon:           8  Year:        1995  N:         146
 FAILED K-S -- Parm:Time to Peak    Mon:           8  Year:        1995  N:         146
*** ERROR *** Could not produce desired level of quality in
                    << Time to Peak    >> random deviates.
 FAILED K-S -- Parm:Time to Peak    Mon:           8  Year:        1996  N:         155
 FAILED K-S -- Parm:Time to Peak    Mon:           8  Year:        1996  N:         155
 FAILED K-S -- Parm:Time to Peak    Mon:           8  Year:        1996  N:         155
 FAILED K-S -- Parm:Time to Peak    Mon:           8  Year:        1996  N:         155
 FAILED K-S -- Parm:Time to Peak    Mon:           8  Year:        1996  N:         155
*** ERROR *** Could not produce desired level of quality in
                    << Time to Peak    >> random deviates.
 FAILED K-S -- Parm:Time to Peak    Mon:           8  Year:        1997  N:         164
 FAILED K-S -- Parm:Time to Peak    Mon:           8  Year:        1997  N:         164
 FAILED K-S -- Parm:Time to Peak    Mon:           8  Year:        1997  N:         164
 FAILED K-S -- Parm:Time to Peak    Mon:           8  Year:        1997  N:         164
 FAILED K-S -- Parm:Time to Peak    Mon:           8  Year:        1997  N:         164
*** ERROR *** Could not produce desired level of quality in
                    << Time to Peak    >> random deviates.
 FAILED K-S -- Parm:Time to Peak    Mon:           8  Year:        1998  N:         177
 FAILED K-S -- Parm:Time to Peak    Mon:           8  Year:        1998  N:         177
 FAILED K-S -- Parm:Time to Peak    Mon:           8  Year:        1998  N:         177
 FAILED K-S -- Parm:Time to Peak    Mon:           8  Year:        1998  N:         177
 FAILED K-S -- Parm:Time to Peak    Mon:           8  Year:        1998  N:         177
*** ERROR *** Could not produce desired level of quality in
                    << Time to Peak    >> random deviates.
 FAILED K-S -- Parm:Time to Peak    Mon:           8  Year:        1999  N:         185
 FAILED K-S -- Parm:Time to Peak    Mon:           8  Year:        1999  N:         185
 FAILED K-S -- Parm:Time to Peak    Mon:           8  Year:        1999  N:         185
 FAILED K-S -- Parm:Time to Peak    Mon:           8  Year:        1999  N:         185
 FAILED K-S -- Parm:Time to Peak    Mon:           8  Year:        1999  N:         185
*** ERROR *** Could not produce desired level of quality in
                    << Time to Peak    >> random deviates.
 FAILED K-S -- Parm:Time to Peak    Mon:           8  Year:        2000  N:         193
 FAILED K-S -- Parm:Time to Peak    Mon:           8  Year:        2000  N:         193
 FAILED K-S -- Parm:Time to Peak    Mon:           8  Year:        2000  N:         193
 FAILED K-S -- Parm:Time to Peak    Mon:           8  Year:        2000  N:         193
 FAILED K-S -- Parm:Time to Peak    Mon:           8  Year:        2000  N:         193
*** ERROR *** Could not produce desired level of quality in
                    << Time to Peak    >> random deviates.
 FAILED K-S -- Parm:Time to Peak    Mon:           8  Year:        2001  N:         205
 FAILED K-S -- Parm:Time to Peak    Mon:           8  Year:        2001  N:         205
 FAILED K-S -- Parm:Time to Peak    Mon:           8  Year:        2001  N:         205
 FAILED K-S -- Parm:Time to Peak    Mon:           8  Year:        2001  N:         205
 FAILED K-S -- Parm:Time to Peak    Mon:           8  Year:        2001  N:         205
*** ERROR *** Could not produce desired level of quality in
                    << Time to Peak    >> random deviates.
 FAILED K-S -- Parm:Time to Peak    Mon:           8  Year:        2002  N:         213
 FAILED K-S -- Parm:Time to Peak    Mon:           8  Year:        2002  N:         213
 FAILED K-S -- Parm:Time to Peak    Mon:           8  Year:        2002  N:         213
 FAILED K-S -- Parm:Time to Peak    Mon:           8  Year:        2002  N:         213
 FAILED K-S -- Parm:Time to Peak    Mon:           8  Year:        2002  N:         213
*** ERROR *** Could not produce desired level of quality in
                    << Time to Peak    >> random deviates.
 FAILED K-S -- Parm:Time to Peak    Mon:           8  Year:        2003  N:         216
 FAILED K-S -- Parm:Time to Peak    Mon:           8  Year:        2003  N:         216
 FAILED K-S -- Parm:Time to Peak    Mon:           8  Year:        2003  N:         216
 FAILED K-S -- Parm:Time to Peak    Mon:           8  Year:        2003  N:         216
 FAILED K-S -- Parm:Time to Peak    Mon:           8  Year:        2003  N:         216
*** ERROR *** Could not produce desired level of quality in
                    << Time to Peak    >> random deviates.
 FAILED K-S -- Parm:Time to Peak    Mon:           8  Year:        2004  N:         223
 FAILED K-S -- Parm:Time to Peak    Mon:           8  Year:        2004  N:         223
 FAILED K-S -- Parm:Time to Peak    Mon:           8  Year:        2004  N:         223
 FAILED K-S -- Parm:Time to Peak    Mon:           8  Year:        2004  N:         223
 FAILED K-S -- Parm:Time to Peak    Mon:           8  Year:        2004  N:         223
*** ERROR *** Could not produce desired level of quality in
                    << Time to Peak    >> random deviates.
 FAILED K-S -- Parm:Time to Peak    Mon:           8  Year:        2005  N:         226
 FAILED K-S -- Parm:Time to Peak    Mon:           8  Year:        2005  N:         226
 FAILED K-S -- Parm:Time to Peak    Mon:           8  Year:        2005  N:         226
 FAILED K-S -- Parm:Time to Peak    Mon:           8  Year:        2005  N:         226
 FAILED K-S -- Parm:Time to Peak    Mon:           8  Year:        2005  N:         226
*** ERROR *** Could not produce desired level of quality in
                    << Time to Peak    >> random deviates.
 FAILED K-S -- Parm:Precip. Amt.    Mon:          12  Year:        2005  N:         103
 FAILED K-S -- Parm:Precip. Amt.    Mon:          12  Year:        2005  N:         103
 FAILED K-S -- Parm:Precip. Amt.    Mon:          12  Year:        2005  N:         103
 FAILED K-S -- Parm:Precip. Amt.    Mon:          12  Year:        2005  N:         103
 FAILED K-S -- Parm:Precip. Amt.    Mon:          12  Year:        2005  N:         103
*** ERROR *** Could not produce desired level of quality in
                    << Precip. Amt.    >> random deviates.
 FAILED K-S -- Parm:Time to Peak    Mon:          12  Year:        2005  N:         103
 FAILED K-S -- Parm:Time to Peak    Mon:           8  Year:        2006  N:         234
 FAILED K-S -- Parm:Time to Peak    Mon:           8  Year:        2006  N:         234
 FAILED K-S -- Parm:Time to Peak    Mon:           8  Year:        2006  N:         234
 FAILED K-S -- Parm:Time to Peak    Mon:           8  Year:        2006  N:         234
 FAILED K-S -- Parm:Time to Peak    Mon:           8  Year:        2006  N:         234
*** ERROR *** Could not produce desired level of quality in
                    << Time to Peak    >> random deviates.
 FAILED K-S -- Parm:Precip. Amt.    Mon:          12  Year:        2006  N:         104
 FAILED K-S -- Parm:Precip. Amt.    Mon:          12  Year:        2006  N:         104
 FAILED K-S -- Parm:Precip. Amt.    Mon:          12  Year:        2006  N:         104
 FAILED K-S -- Parm:Precip. Amt.    Mon:          12  Year:        2006  N:         104
 FAILED K-S -- Parm:Precip. Amt.    Mon:          12  Year:        2006  N:         104
*** ERROR *** Could not produce desired level of quality in
                    << Precip. Amt.    >> random deviates.
 FAILED K-S -- Parm:Time to Peak    Mon:           8  Year:        2007  N:         244
 FAILED K-S -- Parm:Time to Peak    Mon:           8  Year:        2007  N:         244
 FAILED K-S -- Parm:Time to Peak    Mon:           8  Year:        2007  N:         244
 FAILED K-S -- Parm:Time to Peak    Mon:           8  Year:        2007  N:         244
 FAILED K-S -- Parm:Time to Peak    Mon:           8  Year:        2007  N:         244
*** ERROR *** Could not produce desired level of quality in
                    << Time to Peak    >> random deviates.
 FAILED K-S -- Parm:Precip. Amt.    Mon:          12  Year:        2007  N:         110
 FAILED K-S -- Parm:Precip. Amt.    Mon:          12  Year:        2007  N:         110
 FAILED K-S -- Parm:Precip. Amt.    Mon:          12  Year:        2007  N:         110
 FAILED K-S -- Parm:Precip. Amt.    Mon:          12  Year:        2007  N:         110
 FAILED K-S -- Parm:Precip. Amt.    Mon:          12  Year:        2007  N:         110
*** ERROR *** Could not produce desired level of quality in
                    << Precip. Amt.    >> random deviates.
 FAILED K-S -- Parm:Time to Peak    Mon:          12  Year:        2007  N:         104
 FAILED K-S -- Parm:Time to Peak    Mon:           8  Year:        2008  N:         251
 FAILED K-S -- Parm:Time to Peak    Mon:           8  Year:        2008  N:         251
 FAILED K-S -- Parm:Time to Peak    Mon:           8  Year:        2008  N:         251
 FAILED K-S -- Parm:Time to Peak    Mon:           8  Year:        2008  N:         251
 FAILED K-S -- Parm:Time to Peak    Mon:           8  Year:        2008  N:         251
*** ERROR *** Could not produce desired level of quality in
                    << Time to Peak    >> random deviates.
 FAILED K-S -- Parm:Precip. Amt.    Mon:          12  Year:        2008  N:         115
 FAILED K-S -- Parm:Precip. Amt.    Mon:          12  Year:        2008  N:         115
 FAILED K-S -- Parm:Precip. Amt.    Mon:          12  Year:        2008  N:         115
 FAILED K-S -- Parm:Precip. Amt.    Mon:          12  Year:        2008  N:         115
 FAILED K-S -- Parm:Precip. Amt.    Mon:          12  Year:        2008  N:         115
*** ERROR *** Could not produce desired level of quality in
                    << Precip. Amt.    >> random deviates.
 FAILED K-S -- Parm:Time to Peak    Mon:          12  Year:        2008  N:         103
 FAILED K-S -- Parm:Time to Peak    Mon:           8  Year:        2009  N:         261
 FAILED K-S -- Parm:Time to Peak    Mon:           8  Year:        2009  N:         261
 FAILED K-S -- Parm:Time to Peak    Mon:           8  Year:        2009  N:         261
 FAILED K-S -- Parm:Time to Peak    Mon:           8  Year:        2009  N:         261
 FAILED K-S -- Parm:Time to Peak    Mon:           8  Year:        2009  N:         261
*** ERROR *** Could not produce desired level of quality in
                    << Time to Peak    >> random deviates.
 FAILED K-S -- Parm:Precip. Amt.    Mon:          12  Year:        2009  N:         115
 FAILED K-S -- Parm:Precip. Amt.    Mon:          12  Year:        2009  N:         115
 FAILED K-S -- Parm:Precip. Amt.    Mon:          12  Year:        2009  N:         115
 FAILED K-S -- Parm:Precip. Amt.    Mon:          12  Year:        2009  N:         115
 FAILED K-S -- Parm:Precip. Amt.    Mon:          12  Year:        2009  N:         115
*** ERROR *** Could not produce desired level of quality in
                    << Precip. Amt.    >> random deviates.
 FAILED K-S -- Parm:Time to Peak    Mon:           8  Year:        2010  N:         269
 FAILED K-S -- Parm:Time to Peak    Mon:           8  Year:        2010  N:         269
 FAILED K-S -- Parm:Time to Peak    Mon:           8  Year:        2010  N:         269
 FAILED K-S -- Parm:Time to Peak    Mon:           8  Year:        2010  N:         269
 FAILED K-S -- Parm:Time to Peak    Mon:           8  Year:        2010  N:         269
*** ERROR *** Could not produce desired level of quality in
                    << Time to Peak    >> random deviates.
 FAILED K-S -- Parm:Precip. Amt.    Mon:          12  Year:        2010  N:         119
 FAILED K-S -- Parm:Precip. Amt.    Mon:          12  Year:        2010  N:         119
 FAILED K-S -- Parm:Precip. Amt.    Mon:          12  Year:        2010  N:         119
 FAILED K-S -- Parm:Precip. Amt.    Mon:          12  Year:        2010  N:         119
 FAILED K-S -- Parm:Precip. Amt.    Mon:          12  Year:        2010  N:         119
*** ERROR *** Could not produce desired level of quality in
                    << Precip. Amt.    >> random deviates.
 FAILED K-S -- Parm:Time to Peak    Mon:          12  Year:        2010  N:         102
 FAILED K-S -- Parm:Time to Peak    Mon:           8  Year:        2011  N:         277
 FAILED K-S -- Parm:Time to Peak    Mon:           8  Year:        2011  N:         277
 FAILED K-S -- Parm:Time to Peak    Mon:           8  Year:        2011  N:         277
 FAILED K-S -- Parm:Time to Peak    Mon:           8  Year:        2011  N:         277
 FAILED K-S -- Parm:Time to Peak    Mon:           8  Year:        2011  N:         277
*** ERROR *** Could not produce desired level of quality in
                    << Time to Peak    >> random deviates.
 FAILED K-S -- Parm:Time to Peak    Mon:           8  Year:        2012  N:         280
 FAILED K-S -- Parm:Time to Peak    Mon:           8  Year:        2012  N:         280
 FAILED K-S -- Parm:Time to Peak    Mon:           8  Year:        2012  N:         280
 FAILED K-S -- Parm:Time to Peak    Mon:           8  Year:        2012  N:         280
 FAILED K-S -- Parm:Time to Peak    Mon:           8  Year:        2012  N:         280
*** ERROR *** Could not produce desired level of quality in
                    << Time to Peak    >> random deviates.
 FAILED K-S -- Parm:Time to Peak    Mon:           8  Year:        2013  N:         285
 FAILED K-S -- Parm:Time to Peak    Mon:           8  Year:        2013  N:         285
 FAILED K-S -- Parm:Time to Peak    Mon:           8  Year:        2013  N:         285
 FAILED K-S -- Parm:Time to Peak    Mon:           8  Year:        2013  N:         285
 FAILED K-S -- Parm:Time to Peak    Mon:           8  Year:        2013  N:         285
*** ERROR *** Could not produce desired level of quality in
                    << Time to Peak    >> random deviates.
 FAILED K-S -- Parm:Time to Peak    Mon:           8  Year:        2014  N:         293
 FAILED K-S -- Parm:Time to Peak    Mon:           8  Year:        2014  N:         293
 FAILED K-S -- Parm:Time to Peak    Mon:           8  Year:        2014  N:         293
 FAILED K-S -- Parm:Time to Peak    Mon:           8  Year:        2014  N:         293
 FAILED K-S -- Parm:Time to Peak    Mon:           8  Year:        2014  N:         293
*** ERROR *** Could not produce desired level of quality in
                    << Time to Peak    >> random deviates.
 FAILED K-S -- Parm:Time to Peak    Mon:           8  Year:        2015  N:         302
 FAILED K-S -- Parm:Time to Peak    Mon:           8  Year:        2015  N:         302
 FAILED K-S -- Parm:Time to Peak    Mon:           8  Year:        2015  N:         302
 FAILED K-S -- Parm:Time to Peak    Mon:           8  Year:        2015  N:         302
 FAILED K-S -- Parm:Time to Peak    Mon:           8  Year:        2015  N:         302
*** ERROR *** Could not produce desired level of quality in
                    << Time to Peak    >> random deviates.
 FAILED K-S -- Parm:Time to Peak    Mon:           8  Year:        2016  N:         305
 FAILED K-S -- Parm:Time to Peak    Mon:           8  Year:        2016  N:         305
At line 3013 of file cligen53.f (unit = 9, file = '0500000US35029.prn')
Fortran runtime error: Sequential READ or WRITE not allowed after EOF marker, possibly use REWIND or BACKSPACE
 FAILED K-S -- Parm:Time to Peak    Mon:           8  Year:        2016  N:         305
 FAILED K-S -- Parm:Time to Peak    Mon:           8  Year:        2016  N:         305
 FAILED K-S -- Parm:Time to Peak    Mon:           8  Year:        2016  N:         305
*** ERROR *** Could not produce desired level of quality in
                    << Time to Peak    >> random deviates.
