

  ********************************************************************
  *                                                                  *
  *              USDA - WATER EROSION PREDICTION PROJECT             *
  *                 WEPP CLIMATE INPUT DATA GENERATOR                *
  *                                                                  *
  *                    CONTINUOUS SIMULATION AND                     *
  *                       SINGLE STORM OPTIONS                       *
  *                    with Command Line Options,                    *
  *                        and Corrections to                        *
  *                  Rainfall Intensity Calculations                 *
  *                   and Random Number Generation.                  *
  *                                                                  *
  *                          VERSION 5.30000                         *
  *                     Revised from VERSION 4.2                     *
  *                           October 2004                           *
  *                                                                  *
  *           (Use -h or /h to list command line options.)           *
  *                                                                  *
  ********************************************************************


 mt248597.par                                                                                                                                                                                                                                                    
 0500000US30057.prn                                                                                                                                                                                                                                              
 Tdew -10 rangecheck executed.
 Tdew -10 rangecheck executed.
 Tdew -10 rangecheck executed.
 Tdew -10 rangecheck executed.
 Tdew -10 rangecheck executed.
 Tdew -10 rangecheck executed.
 Tdew -10 rangecheck executed.
 Tdew -10 rangecheck executed.
 Tdew -10 rangecheck executed.
 Tdew -10 rangecheck executed.
 Tdew -10 rangecheck executed.
 Tdew -10 rangecheck executed.
 Tdew -10 rangecheck executed.
 Tdew -10 rangecheck executed.
 Tdew -10 rangecheck executed.
 Tdew -10 rangecheck executed.
 Tdew -10 rangecheck executed.
 Tdew -10 rangecheck executed.
 Tdew -10 rangecheck executed.
 Tdew -10 rangecheck executed.
 Tdew -10 rangecheck executed.
 Tdew -10 rangecheck executed.
 Tdew -10 rangecheck executed.
 Tdew -10 rangecheck executed.
 Tdew -10 rangecheck executed.
 Tdew -10 rangecheck executed.
 Tdew -10 rangecheck executed.
 Tdew -10 rangecheck executed.
 Tdew -10 rangecheck executed.
 Tdew -10 rangecheck executed.
 Tdew -10 rangecheck executed.
 Tdew -10 rangecheck executed.
 Tdew -10 rangecheck executed.
 Tdew -10 rangecheck executed.
 Tdew -10 rangecheck executed.
 Tdew -10 rangecheck executed.
 Tdew -10 rangecheck executed.
 Tdew -10 rangecheck executed.
 Tdew -10 rangecheck executed.
 Tdew -10 rangecheck executed.
 Tdew -10 rangecheck executed.
 Tdew -10 rangecheck executed.
 Tdew -10 rangecheck executed.
 Tdew -10 rangecheck executed.
 Tdew -10 rangecheck executed.
 Tdew -10 rangecheck executed.
 Tdew -10 rangecheck executed.
 Tdew -10 rangecheck executed.
 Tdew -10 rangecheck executed.
 Tdew -10 rangecheck executed.
 Tdew -10 rangecheck executed.
 Tdew -10 rangecheck executed.
 Tdew -10 rangecheck executed.
 Tdew -10 rangecheck executed.
 Tdew -10 rangecheck executed.
 Tdew -10 rangecheck executed.
 Tdew -10 rangecheck executed.
 Tdew -10 rangecheck executed.
 Tdew -10 rangecheck executed.
 Tdew -10 rangecheck executed.
 Tdew -10 rangecheck executed.
 Tdew -10 rangecheck executed.
 Tdew -10 rangecheck executed.
 Tdew -10 rangecheck executed.
 Tdew -10 rangecheck executed.
 Tdew -10 rangecheck executed.
 Tdew -10 rangecheck executed.
 Tdew -10 rangecheck executed.
 Tdew -10 rangecheck executed.
 Tdew -10 rangecheck executed.
 Tdew -10 rangecheck executed.
 Tdew -10 rangecheck executed.
 Tdew -10 rangecheck executed.
 Tdew -10 rangecheck executed.
 Tdew -10 rangecheck executed.
 Tdew -10 rangecheck executed.
 Tdew -10 rangecheck executed.
 Tdew -10 rangecheck executed.
 Tdew -10 rangecheck executed.
 Tdew -10 rangecheck executed.
 Tdew -10 rangecheck executed.
 Tdew -10 rangecheck executed.
 Tdew -10 rangecheck executed.
 Tdew -10 rangecheck executed.
 Tdew -10 rangecheck executed.
 FAILED K-S -- Parm:Precip. Amt.    Mon:           1  Year:        1997  N:         106
 FAILED K-S -- Parm:Precip. Amt.    Mon:           1  Year:        1997  N:         106
 FAILED K-S -- Parm:Precip. Amt.    Mon:           1  Year:        1997  N:         106
 FAILED K-S -- Parm:Precip. Amt.    Mon:           1  Year:        1997  N:         106
 FAILED K-S -- Parm:Precip. Amt.    Mon:           1  Year:        1997  N:         106
*** ERROR *** Could not produce desired level of quality in
                    << Precip. Amt.    >> random deviates.
 Tdew -10 rangecheck executed.
 Tdew -10 rangecheck executed.
 Tdew -10 rangecheck executed.
 FAILED K-S -- Parm:Precip. Amt.    Mon:           1  Year:        1998  N:         112
 FAILED K-S -- Parm:Precip. Amt.    Mon:           1  Year:        1998  N:         112
 FAILED K-S -- Parm:Precip. Amt.    Mon:           1  Year:        1998  N:         112
 FAILED K-S -- Parm:Precip. Amt.    Mon:           1  Year:        1998  N:         112
 FAILED K-S -- Parm:Precip. Amt.    Mon:           1  Year:        1998  N:         112
*** ERROR *** Could not produce desired level of quality in
                    << Precip. Amt.    >> random deviates.
 Tdew -10 rangecheck executed.
 Tdew -10 rangecheck executed.
 Tdew -10 rangecheck executed.
 Tdew -10 rangecheck executed.
 FAILED K-S -- Parm:Precip. Amt.    Mon:           1  Year:        1999  N:         117
 FAILED K-S -- Parm:Precip. Amt.    Mon:           1  Year:        1999  N:         117
 FAILED K-S -- Parm:Precip. Amt.    Mon:           1  Year:        1999  N:         117
 FAILED K-S -- Parm:Precip. Amt.    Mon:           1  Year:        1999  N:         117
 FAILED K-S -- Parm:Precip. Amt.    Mon:           1  Year:        1999  N:         117
*** ERROR *** Could not produce desired level of quality in
                    << Precip. Amt.    >> random deviates.
 FAILED K-S -- Parm:Precip. Amt.    Mon:           1  Year:        2000  N:         118
 FAILED K-S -- Parm:Precip. Amt.    Mon:           1  Year:        2000  N:         118
 FAILED K-S -- Parm:Precip. Amt.    Mon:           1  Year:        2000  N:         118
 FAILED K-S -- Parm:Precip. Amt.    Mon:           1  Year:        2000  N:         118
 FAILED K-S -- Parm:Precip. Amt.    Mon:           1  Year:        2000  N:         118
*** ERROR *** Could not produce desired level of quality in
                    << Precip. Amt.    >> random deviates.
 FAILED K-S -- Parm:Temp. Dew Pt.   Mon:           1  Year:        2000  N:         651
 Tdew -10 rangecheck executed.
 FAILED K-S -- Parm:Precip. Amt.    Mon:           1  Year:        2001  N:         124
 FAILED K-S -- Parm:Precip. Amt.    Mon:           1  Year:        2001  N:         124
 FAILED K-S -- Parm:Precip. Amt.    Mon:           1  Year:        2001  N:         124
 FAILED K-S -- Parm:Precip. Amt.    Mon:           1  Year:        2001  N:         124
 FAILED K-S -- Parm:Precip. Amt.    Mon:           1  Year:        2001  N:         124
*** ERROR *** Could not produce desired level of quality in
                    << Precip. Amt.    >> random deviates.
 FAILED K-S -- Parm:Temp. Dew Pt.   Mon:           1  Year:        2001  N:         651
 FAILED K-S -- Parm:Precip. Amt.    Mon:           1  Year:        2002  N:         133
 FAILED K-S -- Parm:Precip. Amt.    Mon:           1  Year:        2002  N:         133
 FAILED K-S -- Parm:Precip. Amt.    Mon:           1  Year:        2002  N:         133
 FAILED K-S -- Parm:Precip. Amt.    Mon:           1  Year:        2002  N:         133
 FAILED K-S -- Parm:Precip. Amt.    Mon:           1  Year:        2002  N:         133
*** ERROR *** Could not produce desired level of quality in
                    << Precip. Amt.    >> random deviates.
 Failed SN SD test.
 Parm:Temp. Dew Pt.   Month:           1  Year:        2002  Mlevel=   1.00000000      SDlevel=   86.7330933      Days:         713
 FAILED K-S -- Parm:Precip. Amt.    Mon:           1  Year:        2003  N:         136
 FAILED K-S -- Parm:Precip. Amt.    Mon:           1  Year:        2003  N:         136
 FAILED K-S -- Parm:Precip. Amt.    Mon:           1  Year:        2003  N:         136
 FAILED K-S -- Parm:Precip. Amt.    Mon:           1  Year:        2003  N:         136
 FAILED K-S -- Parm:Precip. Amt.    Mon:           1  Year:        2003  N:         136
*** ERROR *** Could not produce desired level of quality in
                    << Precip. Amt.    >> random deviates.
 Failed SN SD test.
 Parm:Temp. Dew Pt.   Month:           1  Year:        2003  Mlevel=   10.0000000      SDlevel=   98.9498825      Days:         744
 Tdew -10 rangecheck executed.
 FAILED K-S -- Parm:Precip. Amt.    Mon:           1  Year:        2004  N:         142
 FAILED K-S -- Parm:Precip. Amt.    Mon:           1  Year:        2004  N:         142
 FAILED K-S -- Parm:Precip. Amt.    Mon:           1  Year:        2004  N:         142
 FAILED K-S -- Parm:Precip. Amt.    Mon:           1  Year:        2004  N:         142
 FAILED K-S -- Parm:Precip. Amt.    Mon:           1  Year:        2004  N:         142
*** ERROR *** Could not produce desired level of quality in
                    << Precip. Amt.    >> random deviates.
 Failed SN SD test.
 Parm:Temp. Dew Pt.   Month:           1  Year:        2004  Mlevel=   10.0000000      SDlevel=   99.7925491      Days:         775
 Tdew -10 rangecheck executed.
 FAILED K-S -- Parm:Precip. Amt.    Mon:           1  Year:        2005  N:         147
 FAILED K-S -- Parm:Precip. Amt.    Mon:           1  Year:        2005  N:         147
 FAILED K-S -- Parm:Precip. Amt.    Mon:           1  Year:        2005  N:         147
 FAILED K-S -- Parm:Precip. Amt.    Mon:           1  Year:        2005  N:         147
 FAILED K-S -- Parm:Precip. Amt.    Mon:           1  Year:        2005  N:         147
*** ERROR *** Could not produce desired level of quality in
                    << Precip. Amt.    >> random deviates.
 Failed SN SD test.
 Parm:Temp. Dew Pt.   Month:           1  Year:        2005  Mlevel=   10.0000000      SDlevel=   99.9914398      Days:         806
 Tdew -10 rangecheck executed.
 Tdew -10 rangecheck executed.
 FAILED K-S -- Parm:Precip. Amt.    Mon:           1  Year:        2006  N:         157
 FAILED K-S -- Parm:Precip. Amt.    Mon:           1  Year:        2006  N:         157
 FAILED K-S -- Parm:Precip. Amt.    Mon:           1  Year:        2006  N:         157
 FAILED K-S -- Parm:Precip. Amt.    Mon:           1  Year:        2006  N:         157
 FAILED K-S -- Parm:Precip. Amt.    Mon:           1  Year:        2006  N:         157
*** ERROR *** Could not produce desired level of quality in
                    << Precip. Amt.    >> random deviates.
 FAILED K-S -- Parm:Temp. Dew Pt.   Mon:           1  Year:        2006  N:         651
 Tdew -10 rangecheck executed.
 Tdew -10 rangecheck executed.
 Tdew -10 rangecheck executed.
 Tdew -10 rangecheck executed.
 FAILED K-S -- Parm:Precip. Amt.    Mon:           1  Year:        2007  N:         160
 FAILED K-S -- Parm:Precip. Amt.    Mon:           1  Year:        2007  N:         160
 FAILED K-S -- Parm:Precip. Amt.    Mon:           1  Year:        2007  N:         160
 FAILED K-S -- Parm:Precip. Amt.    Mon:           1  Year:        2007  N:         160
 FAILED K-S -- Parm:Precip. Amt.    Mon:           1  Year:        2007  N:         160
*** ERROR *** Could not produce desired level of quality in
                    << Precip. Amt.    >> random deviates.
 FAILED K-S -- Parm:Temp. Dew Pt.   Mon:           1  Year:        2007  N:         651
 Tdew -10 rangecheck executed.
 Tdew -10 rangecheck executed.
 Tdew -10 rangecheck executed.
 FAILED K-S -- Parm:Precip. Amt.    Mon:           1  Year:        2008  N:         166
 FAILED K-S -- Parm:Precip. Amt.    Mon:           1  Year:        2008  N:         166
 FAILED K-S -- Parm:Precip. Amt.    Mon:           1  Year:        2008  N:         166
 FAILED K-S -- Parm:Precip. Amt.    Mon:           1  Year:        2008  N:         166
 FAILED K-S -- Parm:Precip. Amt.    Mon:           1  Year:        2008  N:         166
*** ERROR *** Could not produce desired level of quality in
                    << Precip. Amt.    >> random deviates.
 Failed SN SD test.
 Parm:Temp. Dew Pt.   Month:           1  Year:        2008  Mlevel=   20.0000000      SDlevel=   100.000000      Days:         899
 Tdew -10 rangecheck executed.
 Tdew -10 rangecheck executed.
 Tdew -10 rangecheck executed.
 Tdew -10 rangecheck executed.
 FAILED K-S -- Parm:Precip. Amt.    Mon:           1  Year:        2009  N:         173
 FAILED K-S -- Parm:Precip. Amt.    Mon:           1  Year:        2009  N:         173
 FAILED K-S -- Parm:Precip. Amt.    Mon:           1  Year:        2009  N:         173
 FAILED K-S -- Parm:Precip. Amt.    Mon:           1  Year:        2009  N:         173
 FAILED K-S -- Parm:Precip. Amt.    Mon:           1  Year:        2009  N:         173
*** ERROR *** Could not produce desired level of quality in
                    << Precip. Amt.    >> random deviates.
 Failed SN SD test.
 Parm:Temp. Dew Pt.   Month:           1  Year:        2009  Mlevel=   1.00000000      SDlevel=   100.000000      Days:         930
 Tdew -10 rangecheck executed.
 Tdew -10 rangecheck executed.
 Tdew -10 rangecheck executed.
 Tdew -10 rangecheck executed.
 Tdew -10 rangecheck executed.
 Tdew -10 rangecheck executed.
 FAILED K-S -- Parm:Precip. Amt.    Mon:           1  Year:        2010  N:         180
 FAILED K-S -- Parm:Precip. Amt.    Mon:           1  Year:        2010  N:         180
 FAILED K-S -- Parm:Precip. Amt.    Mon:           1  Year:        2010  N:         180
 FAILED K-S -- Parm:Precip. Amt.    Mon:           1  Year:        2010  N:         180
 FAILED K-S -- Parm:Precip. Amt.    Mon:           1  Year:        2010  N:         180
*** ERROR *** Could not produce desired level of quality in
                    << Precip. Amt.    >> random deviates.
 FAILED K-S -- Parm:Temp. Dew Pt.   Mon:           1  Year:        2010  N:         651
 Tdew -10 rangecheck executed.
 Tdew -10 rangecheck executed.
 Tdew -10 rangecheck executed.
 FAILED K-S -- Parm:Precip. Amt.    Mon:           1  Year:        2011  N:         184
 FAILED K-S -- Parm:Precip. Amt.    Mon:           1  Year:        2011  N:         184
 FAILED K-S -- Parm:Precip. Amt.    Mon:           1  Year:        2011  N:         184
 FAILED K-S -- Parm:Precip. Amt.    Mon:           1  Year:        2011  N:         184
 FAILED K-S -- Parm:Precip. Amt.    Mon:           1  Year:        2011  N:         184
*** ERROR *** Could not produce desired level of quality in
                    << Precip. Amt.    >> random deviates.
 FAILED K-S -- Parm:Temp. Dew Pt.   Mon:           1  Year:        2011  N:         651
 Tdew -10 rangecheck executed.
 Tdew -10 rangecheck executed.
 FAILED K-S -- Parm:Precip. Amt.    Mon:           1  Year:        2012  N:         191
 FAILED K-S -- Parm:Precip. Amt.    Mon:           1  Year:        2012  N:         191
 FAILED K-S -- Parm:Precip. Amt.    Mon:           1  Year:        2012  N:         191
 FAILED K-S -- Parm:Precip. Amt.    Mon:           1  Year:        2012  N:         191
 FAILED K-S -- Parm:Precip. Amt.    Mon:           1  Year:        2012  N:         191
*** ERROR *** Could not produce desired level of quality in
                    << Precip. Amt.    >> random deviates.
 FAILED K-S -- Parm:Temp. Dew Pt.   Mon:           1  Year:        2012  N:         651
 Tdew -10 rangecheck executed.
 FAILED K-S -- Parm:Precip. Amt.    Mon:           1  Year:        2013  N:         195
 FAILED K-S -- Parm:Precip. Amt.    Mon:           1  Year:        2013  N:         195
 FAILED K-S -- Parm:Precip. Amt.    Mon:           1  Year:        2013  N:         195
 FAILED K-S -- Parm:Precip. Amt.    Mon:           1  Year:        2013  N:         195
 FAILED K-S -- Parm:Precip. Amt.    Mon:           1  Year:        2013  N:         195
At line 3013 of file cligen53.f (unit = 9, file = '0500000US30057.prn')
Fortran runtime error: Sequential READ or WRITE not allowed after EOF marker, possibly use REWIND or BACKSPACE
*** ERROR *** Could not produce desired level of quality in
                    << Precip. Amt.    >> random deviates.
 Failed SN SD test.
 Parm:Temp. Dew Pt.   Month:           1  Year:        2013  Mlevel=   5.00000000      SDlevel=   100.000000      Days:        1054
 Tdew -10 rangecheck executed.
 Tdew -10 rangecheck executed.
 Tdew -10 rangecheck executed.
 Tdew -10 rangecheck executed.
 Tdew -10 rangecheck executed.
 Tdew -10 rangecheck executed.
 Tdew -10 rangecheck executed.
 Tdew -10 rangecheck executed.
 Tdew -10 rangecheck executed.
 FAILED K-S -- Parm:Precip. Amt.    Mon:           1  Year:        2014  N:         202
 FAILED K-S -- Parm:Precip. Amt.    Mon:           1  Year:        2014  N:         202
 FAILED K-S -- Parm:Precip. Amt.    Mon:           1  Year:        2014  N:         202
 FAILED K-S -- Parm:Precip. Amt.    Mon:           1  Year:        2014  N:         202
 FAILED K-S -- Parm:Precip. Amt.    Mon:           1  Year:        2014  N:         202
*** ERROR *** Could not produce desired level of quality in
                    << Precip. Amt.    >> random deviates.
 FAILED K-S -- Parm:Temp. Dew Pt.   Mon:           1  Year:        2014  N:         651
 Tdew -10 rangecheck executed.
 Tdew -10 rangecheck executed.
 Tdew -10 rangecheck executed.
 Tdew -10 rangecheck executed.
 Tdew -10 rangecheck executed.
 Tdew -10 rangecheck executed.
 Tdew -10 rangecheck executed.
 FAILED K-S -- Parm:Precip. Amt.    Mon:           1  Year:        2015  N:         208
 FAILED K-S -- Parm:Precip. Amt.    Mon:           1  Year:        2015  N:         208
 FAILED K-S -- Parm:Precip. Amt.    Mon:           1  Year:        2015  N:         208
 FAILED K-S -- Parm:Precip. Amt.    Mon:           1  Year:        2015  N:         208
 FAILED K-S -- Parm:Precip. Amt.    Mon:           1  Year:        2015  N:         208
*** ERROR *** Could not produce desired level of quality in
                    << Precip. Amt.    >> random deviates.
 Failed SN SD test.
 Parm:Temp. Dew Pt.   Month:           1  Year:        2015  Mlevel=   10.0000000      SDlevel=   100.000000      Days:        1116
 FAILED K-S -- Parm:Precip. Amt.    Mon:           1  Year:        2016  N:         218
 FAILED K-S -- Parm:Precip. Amt.    Mon:           1  Year:        2016  N:         218
 FAILED K-S -- Parm:Precip. Amt.    Mon:           1  Year:        2016  N:         218
 FAILED K-S -- Parm:Precip. Amt.    Mon:           1  Year:        2016  N:         218
 FAILED K-S -- Parm:Precip. Amt.    Mon:           1  Year:        2016  N:         218
*** ERROR *** Could not produce desired level of quality in
                    << Precip. Amt.    >> random deviates.
 Failed SN SD test.
 Parm:Temp. Dew Pt.   Month:           1  Year:        2016  Mlevel=   10.0000000      SDlevel=   100.000000      Days:        1147
 Tdew -10 rangecheck executed.
 FAILED K-S -- Parm:Precip. Amt.    Mon:           1  Year:        2017  N:         224
 FAILED K-S -- Parm:Precip. Amt.    Mon:           1  Year:        2017  N:         224
 FAILED K-S -- Parm:Precip. Amt.    Mon:           1  Year:        2017  N:         224
 FAILED K-S -- Parm:Precip. Amt.    Mon:           1  Year:        2017  N:         224
 FAILED K-S -- Parm:Precip. Amt.    Mon:           1  Year:        2017  N:         224
*** ERROR *** Could not produce desired level of quality in
                    << Precip. Amt.    >> random deviates.
 Failed SN SD test.
 Parm:Temp. Dew Pt.   Month:           1  Year:        2017  Mlevel=   10.0000000      SDlevel=   100.000000      Days:        1178
 Tdew -10 rangecheck executed.
 Tdew -10 rangecheck executed.
 Tdew -10 rangecheck executed.
 Tdew -10 rangecheck executed.
 Tdew -10 rangecheck executed.
 Tdew -10 rangecheck executed.
