

  ********************************************************************
  *                                                                  *
  *              USDA - WATER EROSION PREDICTION PROJECT             *
  *                 WEPP CLIMATE INPUT DATA GENERATOR                *
  *                                                                  *
  *                    CONTINUOUS SIMULATION AND                     *
  *                       SINGLE STORM OPTIONS                       *
  *                    with Command Line Options,                    *
  *                        and Corrections to                        *
  *                  Rainfall Intensity Calculations                 *
  *                   and Random Number Generation.                  *
  *                                                                  *
  *                          VERSION 5.30000                         *
  *                     Revised from VERSION 4.2                     *
  *                           October 2004                           *
  *                                                                  *
  *           (Use -h or /h to list command line options.)           *
  *                                                                  *
  ********************************************************************


 ar031152.par                                                                                                                                                                                                                                                    
 0500000US05103.prn                                                                                                                                                                                                                                              
 Failed SN SD test.
 Parm:Precip. Amt.    Month:           6  Year:        1980  Mlevel=   10.0000000      SDlevel=   69.6328430      Days:           1
 Failed SN SD test.
 Parm:Precip. Amt.    Month:           6  Year:        1980  Mlevel=   10.0000000      SDlevel=   61.6769180      Days:           1
 Failed SN SD test.
 Parm:Precip. Amt.    Month:           6  Year:        1980  Mlevel=   5.00000000      SDlevel=   88.4607697      Days:           1
 Failed SN SD test.
 Parm:Precip. Amt.    Month:           6  Year:        1980  Mlevel=   10.0000000      SDlevel=   68.1453934      Days:           1
 Failed SN SD test.
 Parm:Precip. Amt.    Month:           6  Year:        1980  Mlevel=   10.0000000      SDlevel=   64.6116867      Days:           1
*** ERROR *** Could not produce desired level of quality in
                    << Precip. Amt.    >> random deviates.
 FAILED K-S -- Parm:Precip. Amt.    Mon:           5  Year:        1991  N:         105
 FAILED K-S -- Parm:Precip. Amt.    Mon:           5  Year:        1991  N:         105
 FAILED K-S -- Parm:Precip. Amt.    Mon:           5  Year:        1991  N:         105
 FAILED K-S -- Parm:Precip. Amt.    Mon:           5  Year:        1991  N:         105
 FAILED K-S -- Parm:Precip. Amt.    Mon:           5  Year:        1991  N:         105
*** ERROR *** Could not produce desired level of quality in
                    << Precip. Amt.    >> random deviates.
 FAILED K-S -- Parm:Time to Peak    Mon:           5  Year:        1991  N:         105
 FAILED K-S -- Parm:Precip. Amt.    Mon:           5  Year:        1992  N:         118
 FAILED K-S -- Parm:Precip. Amt.    Mon:           5  Year:        1992  N:         118
 FAILED K-S -- Parm:Precip. Amt.    Mon:           5  Year:        1992  N:         118
 FAILED K-S -- Parm:Precip. Amt.    Mon:           5  Year:        1992  N:         118
 FAILED K-S -- Parm:Precip. Amt.    Mon:           5  Year:        1992  N:         118
*** ERROR *** Could not produce desired level of quality in
                    << Precip. Amt.    >> random deviates.
 FAILED K-S -- Parm:Temp. Dew Pt.   Mon:           5  Year:        1992  N:         403
 FAILED K-S -- Parm:Time to Peak    Mon:           5  Year:        1992  N:         104
 FAILED K-S -- Parm:Precip. Amt.    Mon:           5  Year:        1993  N:         129
 FAILED K-S -- Parm:Precip. Amt.    Mon:           5  Year:        1993  N:         129
 FAILED K-S -- Parm:Precip. Amt.    Mon:           5  Year:        1993  N:         129
 FAILED K-S -- Parm:Precip. Amt.    Mon:           5  Year:        1993  N:         129
 FAILED K-S -- Parm:Precip. Amt.    Mon:           5  Year:        1993  N:         129
*** ERROR *** Could not produce desired level of quality in
                    << Precip. Amt.    >> random deviates.
 Failed SN SD test.
 Parm:Temp. Dew Pt.   Month:           5  Year:        1993  Mlevel=   40.0000000      SDlevel=   89.4029083      Days:         434
 FAILED K-S -- Parm:Time to Peak    Mon:           5  Year:        1993  N:         102
 FAILED K-S -- Parm:Precip. Amt.    Mon:           5  Year:        1994  N:         138
 FAILED K-S -- Parm:Precip. Amt.    Mon:           5  Year:        1994  N:         138
 FAILED K-S -- Parm:Precip. Amt.    Mon:           5  Year:        1994  N:         138
 FAILED K-S -- Parm:Precip. Amt.    Mon:           5  Year:        1994  N:         138
 FAILED K-S -- Parm:Precip. Amt.    Mon:           5  Year:        1994  N:         138
*** ERROR *** Could not produce desired level of quality in
                    << Precip. Amt.    >> random deviates.
 Failed SN SD test.
 Parm:Temp. Dew Pt.   Month:           5  Year:        1994  Mlevel=   30.0000000      SDlevel=   98.9814224      Days:         465
 FAILED K-S -- Parm:Time to Peak    Mon:           5  Year:        1994  N:         100
 FAILED K-S -- Parm:Precip. Amt.    Mon:           5  Year:        1995  N:         148
 FAILED K-S -- Parm:Precip. Amt.    Mon:           5  Year:        1995  N:         148
 FAILED K-S -- Parm:Precip. Amt.    Mon:           5  Year:        1995  N:         148
 FAILED K-S -- Parm:Precip. Amt.    Mon:           5  Year:        1995  N:         148
 FAILED K-S -- Parm:Precip. Amt.    Mon:           5  Year:        1995  N:         148
*** ERROR *** Could not produce desired level of quality in
                    << Precip. Amt.    >> random deviates.
 Failed SN SD test.
 Parm:Temp. Dew Pt.   Month:           5  Year:        1995  Mlevel=   0.00000000      SDlevel=   99.9884491      Days:         496
 FAILED K-S -- Parm:Time to Peak    Mon:           5  Year:        1995  N:         101
 FAILED K-S -- Parm:Precip. Amt.    Mon:           5  Year:        1996  N:         158
 FAILED K-S -- Parm:Precip. Amt.    Mon:           5  Year:        1996  N:         158
 FAILED K-S -- Parm:Precip. Amt.    Mon:           5  Year:        1996  N:         158
 FAILED K-S -- Parm:Precip. Amt.    Mon:           5  Year:        1996  N:         158
 FAILED K-S -- Parm:Precip. Amt.    Mon:           5  Year:        1996  N:         158
*** ERROR *** Could not produce desired level of quality in
                    << Precip. Amt.    >> random deviates.
 Failed SN SD test.
 Parm:Temp. Dew Pt.   Month:           5  Year:        1996  Mlevel=   20.0000000      SDlevel=   99.9993439      Days:         527
 FAILED K-S -- Parm:Time to Peak    Mon:           5  Year:        1996  N:         101
 FAILED K-S -- Parm:Precip. Amt.    Mon:           5  Year:        1997  N:         165
 FAILED K-S -- Parm:Precip. Amt.    Mon:           5  Year:        1997  N:         165
 FAILED K-S -- Parm:Precip. Amt.    Mon:           5  Year:        1997  N:         165
 FAILED K-S -- Parm:Precip. Amt.    Mon:           5  Year:        1997  N:         165
 FAILED K-S -- Parm:Precip. Amt.    Mon:           5  Year:        1997  N:         165
*** ERROR *** Could not produce desired level of quality in
                    << Precip. Amt.    >> random deviates.
 Failed SN SD test.
 Parm:Temp. Dew Pt.   Month:           5  Year:        1997  Mlevel=   10.0000000      SDlevel=   99.9999924      Days:         558
 FAILED K-S -- Parm:Precip. Amt.    Mon:           5  Year:        1998  N:         176
 FAILED K-S -- Parm:Precip. Amt.    Mon:           5  Year:        1998  N:         176
 FAILED K-S -- Parm:Precip. Amt.    Mon:           5  Year:        1998  N:         176
 FAILED K-S -- Parm:Precip. Amt.    Mon:           5  Year:        1998  N:         176
 FAILED K-S -- Parm:Precip. Amt.    Mon:           5  Year:        1998  N:         176
*** ERROR *** Could not produce desired level of quality in
                    << Precip. Amt.    >> random deviates.
 Failed SN SD test.
 Parm:Temp. Dew Pt.   Month:           5  Year:        1998  Mlevel=   10.0000000      SDlevel=   100.000000      Days:         589
 FAILED K-S -- Parm:Time to Peak    Mon:           5  Year:        1998  N:         109
 FAILED K-S -- Parm:Precip. Amt.    Mon:           5  Year:        1999  N:         181
 FAILED K-S -- Parm:Precip. Amt.    Mon:           5  Year:        1999  N:         181
 FAILED K-S -- Parm:Precip. Amt.    Mon:           5  Year:        1999  N:         181
 FAILED K-S -- Parm:Precip. Amt.    Mon:           5  Year:        1999  N:         181
 FAILED K-S -- Parm:Precip. Amt.    Mon:           5  Year:        1999  N:         181
*** ERROR *** Could not produce desired level of quality in
                    << Precip. Amt.    >> random deviates.
 Failed SN SD test.
 Parm:Temp. Dew Pt.   Month:           5  Year:        1999  Mlevel=   5.00000000      SDlevel=   100.000000      Days:         620
 FAILED K-S -- Parm:Time to Peak    Mon:           5  Year:        1999  N:         103
 FAILED K-S -- Parm:Precip. Amt.    Mon:           5  Year:        2000  N:         191
 FAILED K-S -- Parm:Precip. Amt.    Mon:           5  Year:        2000  N:         191
 FAILED K-S -- Parm:Precip. Amt.    Mon:           5  Year:        2000  N:         191
 FAILED K-S -- Parm:Precip. Amt.    Mon:           5  Year:        2000  N:         191
 FAILED K-S -- Parm:Precip. Amt.    Mon:           5  Year:        2000  N:         191
*** ERROR *** Could not produce desired level of quality in
                    << Precip. Amt.    >> random deviates.
 Failed SN SD test.
 Parm:Temp. Dew Pt.   Month:           5  Year:        2000  Mlevel=   10.0000000      SDlevel=   100.000000      Days:         651
 FAILED K-S -- Parm:Time to Peak    Mon:           5  Year:        2000  N:         108
 FAILED K-S -- Parm:Precip. Amt.    Mon:           5  Year:        2001  N:         202
 FAILED K-S -- Parm:Precip. Amt.    Mon:           5  Year:        2001  N:         202
 FAILED K-S -- Parm:Precip. Amt.    Mon:           5  Year:        2001  N:         202
 FAILED K-S -- Parm:Precip. Amt.    Mon:           5  Year:        2001  N:         202
 FAILED K-S -- Parm:Precip. Amt.    Mon:           5  Year:        2001  N:         202
*** ERROR *** Could not produce desired level of quality in
                    << Precip. Amt.    >> random deviates.
 Failed SN SD test.
 Parm:Temp. Dew Pt.   Month:           5  Year:        2001  Mlevel=   5.00000000      SDlevel=   100.000000      Days:         682
 FAILED K-S -- Parm:Time to Peak    Mon:           5  Year:        2001  N:         109
 FAILED K-S -- Parm:Precip. Amt.    Mon:           5  Year:        2002  N:         209
 FAILED K-S -- Parm:Precip. Amt.    Mon:           5  Year:        2002  N:         209
 FAILED K-S -- Parm:Precip. Amt.    Mon:           5  Year:        2002  N:         209
 FAILED K-S -- Parm:Precip. Amt.    Mon:           5  Year:        2002  N:         209
 FAILED K-S -- Parm:Precip. Amt.    Mon:           5  Year:        2002  N:         209
*** ERROR *** Could not produce desired level of quality in
                    << Precip. Amt.    >> random deviates.
 Failed SN SD test.
 Parm:Temp. Dew Pt.   Month:           5  Year:        2002  Mlevel=   10.0000000      SDlevel=   100.000000      Days:         713
 FAILED K-S -- Parm:Time to Peak    Mon:           5  Year:        2002  N:         105
 FAILED K-S -- Parm:Precip. Amt.    Mon:           5  Year:        2003  N:         216
 FAILED K-S -- Parm:Precip. Amt.    Mon:           5  Year:        2003  N:         216
 FAILED K-S -- Parm:Precip. Amt.    Mon:           5  Year:        2003  N:         216
 FAILED K-S -- Parm:Precip. Amt.    Mon:           5  Year:        2003  N:         216
 FAILED K-S -- Parm:Precip. Amt.    Mon:           5  Year:        2003  N:         216
*** ERROR *** Could not produce desired level of quality in
                    << Precip. Amt.    >> random deviates.
 Failed SN SD test.
 Parm:Temp. Dew Pt.   Month:           5  Year:        2003  Mlevel=   10.0000000      SDlevel=   100.000000      Days:         744
 FAILED K-S -- Parm:Time to Peak    Mon:           5  Year:        2003  N:         105
 FAILED K-S -- Parm:Precip. Amt.    Mon:           5  Year:        2004  N:         229
 FAILED K-S -- Parm:Precip. Amt.    Mon:           5  Year:        2004  N:         229
 FAILED K-S -- Parm:Precip. Amt.    Mon:           5  Year:        2004  N:         229
 FAILED K-S -- Parm:Precip. Amt.    Mon:           5  Year:        2004  N:         229
 FAILED K-S -- Parm:Precip. Amt.    Mon:           5  Year:        2004  N:         229
*** ERROR *** Could not produce desired level of quality in
                    << Precip. Amt.    >> random deviates.
 Failed SN SD test.
 Parm:Temp. Dew Pt.   Month:           5  Year:        2004  Mlevel=   5.00000000      SDlevel=   100.000000      Days:         775
 FAILED K-S -- Parm:Time to Peak    Mon:           5  Year:        2004  N:         111
 FAILED K-S -- Parm:Precip. Amt.    Mon:           5  Year:        2005  N:         241
 FAILED K-S -- Parm:Precip. Amt.    Mon:           5  Year:        2005  N:         241
 FAILED K-S -- Parm:Precip. Amt.    Mon:           5  Year:        2005  N:         241
 FAILED K-S -- Parm:Precip. Amt.    Mon:           5  Year:        2005  N:         241
 FAILED K-S -- Parm:Precip. Amt.    Mon:           5  Year:        2005  N:         241
*** ERROR *** Could not produce desired level of quality in
                    << Precip. Amt.    >> random deviates.
 Failed SN SD test.
 Parm:Temp. Dew Pt.   Month:           5  Year:        2005  Mlevel=   1.00000000      SDlevel=   100.000000      Days:         806
 FAILED K-S -- Parm:Time to Peak    Mon:           5  Year:        2005  N:         110
 FAILED K-S -- Parm:Precip. Amt.    Mon:           5  Year:        2006  N:         251
 FAILED K-S -- Parm:Precip. Amt.    Mon:           5  Year:        2006  N:         251
 FAILED K-S -- Parm:Precip. Amt.    Mon:           5  Year:        2006  N:         251
 FAILED K-S -- Parm:Precip. Amt.    Mon:           5  Year:        2006  N:         251
 FAILED K-S -- Parm:Precip. Amt.    Mon:           5  Year:        2006  N:         251
*** ERROR *** Could not produce desired level of quality in
                    << Precip. Amt.    >> random deviates.
 Failed SN SD test.
 Parm:Temp. Dew Pt.   Month:           5  Year:        2006  Mlevel=   20.0000000      SDlevel=   100.000000      Days:         837
 FAILED K-S -- Parm:Time to Peak    Mon:           5  Year:        2006  N:         108
 FAILED K-S -- Parm:Precip. Amt.    Mon:           5  Year:        2007  N:         261
 FAILED K-S -- Parm:Precip. Amt.    Mon:           5  Year:        2007  N:         261
 FAILED K-S -- Parm:Precip. Amt.    Mon:           5  Year:        2007  N:         261
 FAILED K-S -- Parm:Precip. Amt.    Mon:           5  Year:        2007  N:         261
 FAILED K-S -- Parm:Precip. Amt.    Mon:           5  Year:        2007  N:         261
*** ERROR *** Could not produce desired level of quality in
                    << Precip. Amt.    >> random deviates.
 Failed SN SD test.
 Parm:Temp. Dew Pt.   Month:           5  Year:        2007  Mlevel=   30.0000000      SDlevel=   100.000000      Days:         868
 FAILED K-S -- Parm:Time to Peak    Mon:           5  Year:        2007  N:         108
 FAILED K-S -- Parm:Precip. Amt.    Mon:           5  Year:        2008  N:         266
 FAILED K-S -- Parm:Precip. Amt.    Mon:           5  Year:        2008  N:         266
 FAILED K-S -- Parm:Precip. Amt.    Mon:           5  Year:        2008  N:         266
 FAILED K-S -- Parm:Precip. Amt.    Mon:           5  Year:        2008  N:         266
 FAILED K-S -- Parm:Precip. Amt.    Mon:           5  Year:        2008  N:         266
*** ERROR *** Could not produce desired level of quality in
                    << Precip. Amt.    >> random deviates.
 Failed SN SD test.
 Parm:Temp. Dew Pt.   Month:           5  Year:        2008  Mlevel=   1.00000000      SDlevel=   100.000000      Days:         899
 FAILED K-S -- Parm:Time to Peak    Mon:           5  Year:        2008  N:         103
 FAILED K-S -- Parm:Precip. Amt.    Mon:           5  Year:        2009  N:         276
 FAILED K-S -- Parm:Precip. Amt.    Mon:           5  Year:        2009  N:         276
 FAILED K-S -- Parm:Precip. Amt.    Mon:           5  Year:        2009  N:         276
 FAILED K-S -- Parm:Precip. Amt.    Mon:           5  Year:        2009  N:         276
 FAILED K-S -- Parm:Precip. Amt.    Mon:           5  Year:        2009  N:         276
*** ERROR *** Could not produce desired level of quality in
                    << Precip. Amt.    >> random deviates.
 FAILED K-S -- Parm:Wind Vel.       Mon:           5  Year:        2009  N:         930
 Failed SN SD test.
 Parm:Temp. Dew Pt.   Month:           5  Year:        2009  Mlevel=   1.00000000      SDlevel=   100.000000      Days:         930
 FAILED K-S -- Parm:Time to Peak    Mon:           5  Year:        2009  N:         108
 FAILED K-S -- Parm:Precip. Amt.    Mon:           5  Year:        2010  N:         289
 FAILED K-S -- Parm:Precip. Amt.    Mon:           5  Year:        2010  N:         289
 FAILED K-S -- Parm:Precip. Amt.    Mon:           5  Year:        2010  N:         289
 FAILED K-S -- Parm:Precip. Amt.    Mon:           5  Year:        2010  N:         289
 FAILED K-S -- Parm:Precip. Amt.    Mon:           5  Year:        2010  N:         289
*** ERROR *** Could not produce desired level of quality in
                    << Precip. Amt.    >> random deviates.
 Failed SN SD test.
 Parm:Temp. Dew Pt.   Month:           5  Year:        2010  Mlevel=   10.0000000      SDlevel=   100.000000      Days:         961
 FAILED K-S -- Parm:Time to Peak    Mon:           5  Year:        2010  N:         111
 FAILED K-S -- Parm:Precip. Amt.    Mon:           5  Year:        2011  N:         303
 FAILED K-S -- Parm:Precip. Amt.    Mon:           5  Year:        2011  N:         303
 FAILED K-S -- Parm:Precip. Amt.    Mon:           5  Year:        2011  N:         303
 FAILED K-S -- Parm:Precip. Amt.    Mon:           5  Year:        2011  N:         303
 FAILED K-S -- Parm:Precip. Amt.    Mon:           5  Year:        2011  N:         303
*** ERROR *** Could not produce desired level of quality in
                    << Precip. Amt.    >> random deviates.
 Failed SN SD test.
 Parm:Temp. Dew Pt.   Month:           5  Year:        2011  Mlevel=   1.00000000      SDlevel=   100.000000      Days:         992
 FAILED K-S -- Parm:Time to Peak    Mon:           5  Year:        2011  N:         112
 FAILED K-S -- Parm:Precip. Amt.    Mon:           5  Year:        2012  N:         311
 FAILED K-S -- Parm:Precip. Amt.    Mon:           5  Year:        2012  N:         311
 FAILED K-S -- Parm:Precip. Amt.    Mon:           5  Year:        2012  N:         311
 FAILED K-S -- Parm:Precip. Amt.    Mon:           5  Year:        2012  N:         311
 FAILED K-S -- Parm:Precip. Amt.    Mon:           5  Year:        2012  N:         311
*** ERROR *** Could not produce desired level of quality in
                    << Precip. Amt.    >> random deviates.
 Failed SN SD test.
 Parm:Temp. Dew Pt.   Month:           5  Year:        2012  Mlevel=   10.0000000      SDlevel=   100.000000      Days:        1023
 FAILED K-S -- Parm:Time to Peak    Mon:           5  Year:        2012  N:         106
 FAILED K-S -- Parm:Precip. Amt.    Mon:           5  Year:        2013  N:         324
 FAILED K-S -- Parm:Precip. Amt.    Mon:           5  Year:        2013  N:         324
 FAILED K-S -- Parm:Precip. Amt.    Mon:           5  Year:        2013  N:         324
 FAILED K-S -- Parm:Precip. Amt.    Mon:           5  Year:        2013  N:         324
 FAILED K-S -- Parm:Precip. Amt.    Mon:           5  Year:        2013  N:         324
*** ERROR *** Could not produce desired level of quality in
                    << Precip. Amt.    >> random deviates.
 Failed SN SD test.
At line 3013 of file cligen53.f (unit = 9, file = '0500000US05103.prn')
Fortran runtime error: Sequential READ or WRITE not allowed after EOF marker, possibly use REWIND or BACKSPACE
 Parm:Temp. Dew Pt.   Month:           5  Year:        2013  Mlevel=   10.0000000      SDlevel=   100.000000      Days:        1054
 FAILED K-S -- Parm:Time to Peak    Mon:           5  Year:        2013  N:         111
 FAILED K-S -- Parm:Precip. Amt.    Mon:           5  Year:        2014  N:         333
 FAILED K-S -- Parm:Precip. Amt.    Mon:           5  Year:        2014  N:         333
 FAILED K-S -- Parm:Precip. Amt.    Mon:           5  Year:        2014  N:         333
 FAILED K-S -- Parm:Precip. Amt.    Mon:           5  Year:        2014  N:         333
 FAILED K-S -- Parm:Precip. Amt.    Mon:           5  Year:        2014  N:         333
*** ERROR *** Could not produce desired level of quality in
                    << Precip. Amt.    >> random deviates.
 Failed SN SD test.
 Parm:Temp. Dew Pt.   Month:           5  Year:        2014  Mlevel=   1.00000000      SDlevel=   100.000000      Days:        1085
 FAILED K-S -- Parm:Time to Peak    Mon:           5  Year:        2014  N:         107
 FAILED K-S -- Parm:Precip. Amt.    Mon:           5  Year:        2015  N:         347
 FAILED K-S -- Parm:Precip. Amt.    Mon:           5  Year:        2015  N:         347
 FAILED K-S -- Parm:Precip. Amt.    Mon:           5  Year:        2015  N:         347
 FAILED K-S -- Parm:Precip. Amt.    Mon:           5  Year:        2015  N:         347
 FAILED K-S -- Parm:Precip. Amt.    Mon:           5  Year:        2015  N:         347
*** ERROR *** Could not produce desired level of quality in
                    << Precip. Amt.    >> random deviates.
 Failed SN SD test.
 Parm:Temp. Dew Pt.   Month:           5  Year:        2015  Mlevel=   5.00000000      SDlevel=   100.000000      Days:        1116
 FAILED K-S -- Parm:Time to Peak    Mon:           5  Year:        2015  N:         112
 FAILED K-S -- Parm:Precip. Amt.    Mon:           5  Year:        2016  N:         356
 FAILED K-S -- Parm:Precip. Amt.    Mon:           5  Year:        2016  N:         356
 FAILED K-S -- Parm:Precip. Amt.    Mon:           5  Year:        2016  N:         356
 FAILED K-S -- Parm:Precip. Amt.    Mon:           5  Year:        2016  N:         356
 FAILED K-S -- Parm:Precip. Amt.    Mon:           5  Year:        2016  N:         356
*** ERROR *** Could not produce desired level of quality in
                    << Precip. Amt.    >> random deviates.
 Failed SN SD test.
 Parm:Temp. Dew Pt.   Month:           5  Year:        2016  Mlevel=   20.0000000      SDlevel=   100.000000      Days:        1147
 FAILED K-S -- Parm:Time to Peak    Mon:           5  Year:        2016  N:         107
 FAILED K-S -- Parm:Precip. Amt.    Mon:           5  Year:        2017  N:         363
 FAILED K-S -- Parm:Precip. Amt.    Mon:           5  Year:        2017  N:         363
 FAILED K-S -- Parm:Precip. Amt.    Mon:           5  Year:        2017  N:         363
 FAILED K-S -- Parm:Precip. Amt.    Mon:           5  Year:        2017  N:         363
 FAILED K-S -- Parm:Precip. Amt.    Mon:           5  Year:        2017  N:         363
*** ERROR *** Could not produce desired level of quality in
                    << Precip. Amt.    >> random deviates.
 Failed SN SD test.
 Parm:Temp. Dew Pt.   Month:           5  Year:        2017  Mlevel=   0.00000000      SDlevel=   100.000000      Days:        1178
 FAILED K-S -- Parm:Time to Peak    Mon:           5  Year:        2017  N:         105
