

  ********************************************************************
  *                                                                  *
  *              USDA - WATER EROSION PREDICTION PROJECT             *
  *                 WEPP CLIMATE INPUT DATA GENERATOR                *
  *                                                                  *
  *                    CONTINUOUS SIMULATION AND                     *
  *                       SINGLE STORM OPTIONS                       *
  *                    with Command Line Options,                    *
  *                        and Corrections to                        *
  *                  Rainfall Intensity Calculations                 *
  *                   and Random Number Generation.                  *
  *                                                                  *
  *                          VERSION 5.30000                         *
  *                     Revised from VERSION 4.2                     *
  *                           October 2004                           *
  *                                                                  *
  *           (Use -h or /h to list command line options.)           *
  *                                                                  *
  ********************************************************************


 wa459465.par                                                                                                                                                                                                                                                    
 0500000US53077.prn                                                                                                                                                                                                                                              
 Tdew -10 rangecheck executed.
 Tdew -10 rangecheck executed.
 Tdew -10 rangecheck executed.
 FAILED K-S -- Parm:Precip. Amt.    Mon:           6  Year:        2001  N:         103
 FAILED K-S -- Parm:Precip. Amt.    Mon:           6  Year:        2001  N:         103
 FAILED K-S -- Parm:Precip. Amt.    Mon:           6  Year:        2001  N:         103
 FAILED K-S -- Parm:Precip. Amt.    Mon:           6  Year:        2001  N:         103
 FAILED K-S -- Parm:Precip. Amt.    Mon:           6  Year:        2001  N:         103
*** ERROR *** Could not produce desired level of quality in
                    << Precip. Amt.    >> random deviates.
 FAILED K-S -- Parm:Precip. Amt.    Mon:           6  Year:        2002  N:         107
 FAILED K-S -- Parm:Precip. Amt.    Mon:           6  Year:        2002  N:         107
 FAILED K-S -- Parm:Precip. Amt.    Mon:           6  Year:        2002  N:         107
 FAILED K-S -- Parm:Precip. Amt.    Mon:           6  Year:        2002  N:         107
 FAILED K-S -- Parm:Precip. Amt.    Mon:           6  Year:        2002  N:         107
*** ERROR *** Could not produce desired level of quality in
                    << Precip. Amt.    >> random deviates.
 FAILED K-S -- Parm:Precip. Amt.    Mon:           6  Year:        2003  N:         112
 FAILED K-S -- Parm:Precip. Amt.    Mon:           6  Year:        2003  N:         112
 FAILED K-S -- Parm:Precip. Amt.    Mon:           6  Year:        2003  N:         112
 FAILED K-S -- Parm:Precip. Amt.    Mon:           6  Year:        2003  N:         112
 FAILED K-S -- Parm:Precip. Amt.    Mon:           6  Year:        2003  N:         112
*** ERROR *** Could not produce desired level of quality in
                    << Precip. Amt.    >> random deviates.
 FAILED K-S -- Parm:Precip. Amt.    Mon:           6  Year:        2004  N:         115
 FAILED K-S -- Parm:Precip. Amt.    Mon:           6  Year:        2004  N:         115
 FAILED K-S -- Parm:Precip. Amt.    Mon:           6  Year:        2004  N:         115
 FAILED K-S -- Parm:Precip. Amt.    Mon:           6  Year:        2004  N:         115
 FAILED K-S -- Parm:Precip. Amt.    Mon:           6  Year:        2004  N:         115
*** ERROR *** Could not produce desired level of quality in
                    << Precip. Amt.    >> random deviates.
 FAILED K-S -- Parm:Wind Vel.       Mon:           6  Year:        2004  N:         750
 FAILED K-S -- Parm:Precip. Amt.    Mon:           6  Year:        2005  N:         117
 FAILED K-S -- Parm:Precip. Amt.    Mon:           6  Year:        2005  N:         117
 FAILED K-S -- Parm:Precip. Amt.    Mon:           6  Year:        2005  N:         117
 FAILED K-S -- Parm:Precip. Amt.    Mon:           6  Year:        2005  N:         117
 FAILED K-S -- Parm:Precip. Amt.    Mon:           6  Year:        2005  N:         117
*** ERROR *** Could not produce desired level of quality in
                    << Precip. Amt.    >> random deviates.
 FAILED K-S -- Parm:Precip. Amt.    Mon:           6  Year:        2006  N:         118
 FAILED K-S -- Parm:Precip. Amt.    Mon:           6  Year:        2006  N:         118
 FAILED K-S -- Parm:Precip. Amt.    Mon:           6  Year:        2006  N:         118
 FAILED K-S -- Parm:Precip. Amt.    Mon:           6  Year:        2006  N:         118
 FAILED K-S -- Parm:Precip. Amt.    Mon:           6  Year:        2006  N:         118
*** ERROR *** Could not produce desired level of quality in
                    << Precip. Amt.    >> random deviates.
 FAILED K-S -- Parm:Precip. Amt.    Mon:           6  Year:        2007  N:         122
 FAILED K-S -- Parm:Precip. Amt.    Mon:           6  Year:        2007  N:         122
 FAILED K-S -- Parm:Precip. Amt.    Mon:           6  Year:        2007  N:         122
 FAILED K-S -- Parm:Precip. Amt.    Mon:           6  Year:        2007  N:         122
 FAILED K-S -- Parm:Precip. Amt.    Mon:           6  Year:        2007  N:         122
*** ERROR *** Could not produce desired level of quality in
                    << Precip. Amt.    >> random deviates.
 FAILED K-S -- Parm:Precip. Amt.    Mon:           6  Year:        2008  N:         125
 FAILED K-S -- Parm:Precip. Amt.    Mon:           6  Year:        2008  N:         125
 FAILED K-S -- Parm:Precip. Amt.    Mon:           6  Year:        2008  N:         125
 FAILED K-S -- Parm:Precip. Amt.    Mon:           6  Year:        2008  N:         125
 FAILED K-S -- Parm:Precip. Amt.    Mon:           6  Year:        2008  N:         125
*** ERROR *** Could not produce desired level of quality in
                    << Precip. Amt.    >> random deviates.
 FAILED K-S -- Parm:Precip. Amt.    Mon:           6  Year:        2009  N:         133
 FAILED K-S -- Parm:Precip. Amt.    Mon:           6  Year:        2009  N:         133
 FAILED K-S -- Parm:Precip. Amt.    Mon:           6  Year:        2009  N:         133
 FAILED K-S -- Parm:Precip. Amt.    Mon:           6  Year:        2009  N:         133
 FAILED K-S -- Parm:Precip. Amt.    Mon:           6  Year:        2009  N:         133
*** ERROR *** Could not produce desired level of quality in
                    << Precip. Amt.    >> random deviates.
 FAILED K-S -- Parm:Precip. Amt.    Mon:           6  Year:        2010  N:         135
 FAILED K-S -- Parm:Precip. Amt.    Mon:           6  Year:        2010  N:         135
 FAILED K-S -- Parm:Precip. Amt.    Mon:           6  Year:        2010  N:         135
 FAILED K-S -- Parm:Precip. Amt.    Mon:           6  Year:        2010  N:         135
 FAILED K-S -- Parm:Precip. Amt.    Mon:           6  Year:        2010  N:         135
*** ERROR *** Could not produce desired level of quality in
                    << Precip. Amt.    >> random deviates.
 FAILED K-S -- Parm:Precip. Amt.    Mon:           6  Year:        2011  N:         143
 FAILED K-S -- Parm:Precip. Amt.    Mon:           6  Year:        2011  N:         143
 FAILED K-S -- Parm:Precip. Amt.    Mon:           6  Year:        2011  N:         143
 FAILED K-S -- Parm:Precip. Amt.    Mon:           6  Year:        2011  N:         143
 FAILED K-S -- Parm:Precip. Amt.    Mon:           6  Year:        2011  N:         143
*** ERROR *** Could not produce desired level of quality in
                    << Precip. Amt.    >> random deviates.
 FAILED K-S -- Parm:Precip. Amt.    Mon:           6  Year:        2012  N:         156
At line 3013 of file cligen53.f (unit = 9, file = '0500000US53077.prn')
Fortran runtime error: Sequential READ or WRITE not allowed after EOF marker, possibly use REWIND or BACKSPACE
 FAILED K-S -- Parm:Precip. Amt.    Mon:           6  Year:        2012  N:         156
 FAILED K-S -- Parm:Precip. Amt.    Mon:           6  Year:        2012  N:         156
 FAILED K-S -- Parm:Precip. Amt.    Mon:           6  Year:        2012  N:         156
 FAILED K-S -- Parm:Precip. Amt.    Mon:           6  Year:        2012  N:         156
*** ERROR *** Could not produce desired level of quality in
                    << Precip. Amt.    >> random deviates.
