

  ********************************************************************
  *                                                                  *
  *              USDA - WATER EROSION PREDICTION PROJECT             *
  *                 WEPP CLIMATE INPUT DATA GENERATOR                *
  *                                                                  *
  *                    CONTINUOUS SIMULATION AND                     *
  *                       SINGLE STORM OPTIONS                       *
  *                    with Command Line Options,                    *
  *                        and Corrections to                        *
  *                  Rainfall Intensity Calculations                 *
  *                   and Random Number Generation.                  *
  *                                                                  *
  *                          VERSION 5.30000                         *
  *                     Revised from VERSION 4.2                     *
  *                           October 2004                           *
  *                                                                  *
  *           (Use -h or /h to list command line options.)           *
  *                                                                  *
  ********************************************************************


 ar031948.par                                                                                                                                                                                                                                                    
 0500000US05133.prn                                                                                                                                                                                                                                              
 Failed SN SD test.
 Parm:Precip. Amt.    Month:           6  Year:        1980  Mlevel=   10.0000000      SDlevel=   69.6328430      Days:           1
 Failed SN SD test.
 Parm:Precip. Amt.    Month:           6  Year:        1980  Mlevel=   10.0000000      SDlevel=   61.6769180      Days:           1
 Failed SN SD test.
 Parm:Precip. Amt.    Month:           6  Year:        1980  Mlevel=   5.00000000      SDlevel=   88.4607697      Days:           1
 Failed SN SD test.
 Parm:Precip. Amt.    Month:           6  Year:        1980  Mlevel=   10.0000000      SDlevel=   68.1453934      Days:           1
 Failed SN SD test.
 Parm:Precip. Amt.    Month:           6  Year:        1980  Mlevel=   10.0000000      SDlevel=   64.6116867      Days:           1
*** ERROR *** Could not produce desired level of quality in
                    << Precip. Amt.    >> random deviates.
 FAILED K-S -- Parm:Time to Peak    Mon:           1  Year:        1992  N:         101
 FAILED K-S -- Parm:Time to Peak    Mon:           1  Year:        1992  N:         101
 FAILED K-S -- Parm:Time to Peak    Mon:           1  Year:        1992  N:         101
 FAILED K-S -- Parm:Time to Peak    Mon:           1  Year:        1992  N:         101
 FAILED K-S -- Parm:Time to Peak    Mon:           1  Year:        1992  N:         101
*** ERROR *** Could not produce desired level of quality in
                    << Time to Peak    >> random deviates.
 FAILED K-S -- Parm:Precip. Amt.    Mon:           7  Year:        1993  N:         100
 FAILED K-S -- Parm:Precip. Amt.    Mon:           7  Year:        1993  N:         100
 FAILED K-S -- Parm:Precip. Amt.    Mon:           7  Year:        1993  N:         100
 FAILED K-S -- Parm:Precip. Amt.    Mon:           7  Year:        1993  N:         100
 FAILED K-S -- Parm:Precip. Amt.    Mon:           7  Year:        1993  N:         100
*** ERROR *** Could not produce desired level of quality in
                    << Precip. Amt.    >> random deviates.
 FAILED K-S -- Parm:Precip. Amt.    Mon:          12  Year:        1993  N:         102
 FAILED K-S -- Parm:Precip. Amt.    Mon:          12  Year:        1993  N:         102
 FAILED K-S -- Parm:Precip. Amt.    Mon:          12  Year:        1993  N:         102
 FAILED K-S -- Parm:Precip. Amt.    Mon:          12  Year:        1993  N:         102
 FAILED K-S -- Parm:Precip. Amt.    Mon:          12  Year:        1993  N:         102
*** ERROR *** Could not produce desired level of quality in
                    << Precip. Amt.    >> random deviates.
 FAILED K-S -- Parm:Time to Peak    Mon:           8  Year:        1995  N:         106
 FAILED K-S -- Parm:Time to Peak    Mon:           8  Year:        1995  N:         106
 FAILED K-S -- Parm:Time to Peak    Mon:           8  Year:        1995  N:         106
 FAILED K-S -- Parm:Time to Peak    Mon:           8  Year:        1995  N:         106
 FAILED K-S -- Parm:Time to Peak    Mon:           8  Year:        1995  N:         106
*** ERROR *** Could not produce desired level of quality in
                    << Time to Peak    >> random deviates.
 FAILED K-S -- Parm:Time to Peak    Mon:           8  Year:        1996  N:         115
 FAILED K-S -- Parm:Time to Peak    Mon:           8  Year:        1996  N:         115
 FAILED K-S -- Parm:Time to Peak    Mon:           8  Year:        1996  N:         115
 FAILED K-S -- Parm:Time to Peak    Mon:           8  Year:        1996  N:         115
 FAILED K-S -- Parm:Time to Peak    Mon:           8  Year:        1996  N:         115
*** ERROR *** Could not produce desired level of quality in
                    << Time to Peak    >> random deviates.
 FAILED K-S -- Parm:Time to Peak    Mon:           8  Year:        1997  N:         123
 FAILED K-S -- Parm:Time to Peak    Mon:           8  Year:        1997  N:         123
 FAILED K-S -- Parm:Time to Peak    Mon:           8  Year:        1997  N:         123
 FAILED K-S -- Parm:Time to Peak    Mon:           8  Year:        1997  N:         123
 FAILED K-S -- Parm:Time to Peak    Mon:           8  Year:        1997  N:         123
*** ERROR *** Could not produce desired level of quality in
                    << Time to Peak    >> random deviates.
 FAILED K-S -- Parm:Time to Peak    Mon:           8  Year:        1998  N:         131
 FAILED K-S -- Parm:Time to Peak    Mon:           8  Year:        1998  N:         131
 FAILED K-S -- Parm:Time to Peak    Mon:           8  Year:        1998  N:         131
 FAILED K-S -- Parm:Time to Peak    Mon:           8  Year:        1998  N:         131
 FAILED K-S -- Parm:Time to Peak    Mon:           8  Year:        1998  N:         131
*** ERROR *** Could not produce desired level of quality in
                    << Time to Peak    >> random deviates.
 FAILED K-S -- Parm:Time to Peak    Mon:           8  Year:        1999  N:         135
 FAILED K-S -- Parm:Time to Peak    Mon:           8  Year:        1999  N:         135
 FAILED K-S -- Parm:Time to Peak    Mon:           8  Year:        1999  N:         135
 FAILED K-S -- Parm:Time to Peak    Mon:           8  Year:        1999  N:         135
 FAILED K-S -- Parm:Time to Peak    Mon:           8  Year:        1999  N:         135
*** ERROR *** Could not produce desired level of quality in
                    << Time to Peak    >> random deviates.
 FAILED K-S -- Parm:Time to Peak    Mon:           8  Year:        2000  N:         142
 FAILED K-S -- Parm:Time to Peak    Mon:           8  Year:        2000  N:         142
 FAILED K-S -- Parm:Time to Peak    Mon:           8  Year:        2000  N:         142
 FAILED K-S -- Parm:Time to Peak    Mon:           8  Year:        2000  N:         142
 FAILED K-S -- Parm:Time to Peak    Mon:           8  Year:        2000  N:         142
*** ERROR *** Could not produce desired level of quality in
                    << Time to Peak    >> random deviates.
 FAILED K-S -- Parm:Time to Peak    Mon:           8  Year:        2001  N:         153
 FAILED K-S -- Parm:Time to Peak    Mon:           8  Year:        2001  N:         153
 FAILED K-S -- Parm:Time to Peak    Mon:           8  Year:        2001  N:         153
 FAILED K-S -- Parm:Time to Peak    Mon:           8  Year:        2001  N:         153
 FAILED K-S -- Parm:Time to Peak    Mon:           8  Year:        2001  N:         153
*** ERROR *** Could not produce desired level of quality in
                    << Time to Peak    >> random deviates.
 FAILED K-S -- Parm:Time to Peak    Mon:           8  Year:        2002  N:         157
 FAILED K-S -- Parm:Time to Peak    Mon:           8  Year:        2002  N:         157
 FAILED K-S -- Parm:Time to Peak    Mon:           8  Year:        2002  N:         157
 FAILED K-S -- Parm:Time to Peak    Mon:           8  Year:        2002  N:         157
 FAILED K-S -- Parm:Time to Peak    Mon:           8  Year:        2002  N:         157
*** ERROR *** Could not produce desired level of quality in
                    << Time to Peak    >> random deviates.
 FAILED K-S -- Parm:Time to Peak    Mon:           8  Year:        2003  N:         158
 FAILED K-S -- Parm:Time to Peak    Mon:           8  Year:        2003  N:         158
 FAILED K-S -- Parm:Time to Peak    Mon:           8  Year:        2003  N:         158
 FAILED K-S -- Parm:Time to Peak    Mon:           8  Year:        2003  N:         158
 FAILED K-S -- Parm:Time to Peak    Mon:           8  Year:        2003  N:         158
*** ERROR *** Could not produce desired level of quality in
                    << Time to Peak    >> random deviates.
 FAILED K-S -- Parm:Time to Peak    Mon:           8  Year:        2004  N:         162
 FAILED K-S -- Parm:Time to Peak    Mon:           8  Year:        2004  N:         162
 FAILED K-S -- Parm:Time to Peak    Mon:           8  Year:        2004  N:         162
 FAILED K-S -- Parm:Time to Peak    Mon:           8  Year:        2004  N:         162
 FAILED K-S -- Parm:Time to Peak    Mon:           8  Year:        2004  N:         162
*** ERROR *** Could not produce desired level of quality in
                    << Time to Peak    >> random deviates.
 FAILED K-S -- Parm:Time to Peak    Mon:           8  Year:        2005  N:         165
 FAILED K-S -- Parm:Time to Peak    Mon:           8  Year:        2005  N:         165
 FAILED K-S -- Parm:Time to Peak    Mon:           8  Year:        2005  N:         165
 FAILED K-S -- Parm:Time to Peak    Mon:           8  Year:        2005  N:         165
 FAILED K-S -- Parm:Time to Peak    Mon:           8  Year:        2005  N:         165
*** ERROR *** Could not produce desired level of quality in
                    << Time to Peak    >> random deviates.
 FAILED K-S -- Parm:Time to Peak    Mon:           8  Year:        2006  N:         171
 FAILED K-S -- Parm:Time to Peak    Mon:           8  Year:        2006  N:         171
 FAILED K-S -- Parm:Time to Peak    Mon:           8  Year:        2006  N:         171
 FAILED K-S -- Parm:Time to Peak    Mon:           8  Year:        2006  N:         171
 FAILED K-S -- Parm:Time to Peak    Mon:           8  Year:        2006  N:         171
*** ERROR *** Could not produce desired level of quality in
                    << Time to Peak    >> random deviates.
 FAILED K-S -- Parm:Time to Peak    Mon:           8  Year:        2007  N:         178
 FAILED K-S -- Parm:Time to Peak    Mon:           8  Year:        2007  N:         178
 FAILED K-S -- Parm:Time to Peak    Mon:           8  Year:        2007  N:         178
 FAILED K-S -- Parm:Time to Peak    Mon:           8  Year:        2007  N:         178
 FAILED K-S -- Parm:Time to Peak    Mon:           8  Year:        2007  N:         178
*** ERROR *** Could not produce desired level of quality in
                    << Time to Peak    >> random deviates.
 FAILED K-S -- Parm:Time to Peak    Mon:           8  Year:        2008  N:         181
 FAILED K-S -- Parm:Time to Peak    Mon:           8  Year:        2008  N:         181
 FAILED K-S -- Parm:Time to Peak    Mon:           8  Year:        2008  N:         181
 FAILED K-S -- Parm:Time to Peak    Mon:           8  Year:        2008  N:         181
 FAILED K-S -- Parm:Time to Peak    Mon:           8  Year:        2008  N:         181
*** ERROR *** Could not produce desired level of quality in
                    << Time to Peak    >> random deviates.
 FAILED K-S -- Parm:Time to Peak    Mon:           8  Year:        2009  N:         185
 FAILED K-S -- Parm:Time to Peak    Mon:           8  Year:        2009  N:         185
 FAILED K-S -- Parm:Time to Peak    Mon:           8  Year:        2009  N:         185
 FAILED K-S -- Parm:Time to Peak    Mon:           8  Year:        2009  N:         185
 FAILED K-S -- Parm:Time to Peak    Mon:           8  Year:        2009  N:         185
*** ERROR *** Could not produce desired level of quality in
                    << Time to Peak    >> random deviates.
 FAILED K-S -- Parm:Time to Peak    Mon:           8  Year:        2010  N:         191
 FAILED K-S -- Parm:Time to Peak    Mon:           8  Year:        2010  N:         191
 FAILED K-S -- Parm:Time to Peak    Mon:           8  Year:        2010  N:         191
 FAILED K-S -- Parm:Time to Peak    Mon:           8  Year:        2010  N:         191
 FAILED K-S -- Parm:Time to Peak    Mon:           8  Year:        2010  N:         191
*** ERROR *** Could not produce desired level of quality in
                    << Time to Peak    >> random deviates.
 FAILED K-S -- Parm:Time to Peak    Mon:           8  Year:        2011  N:         194
 FAILED K-S -- Parm:Time to Peak    Mon:           8  Year:        2011  N:         194
 FAILED K-S -- Parm:Time to Peak    Mon:           8  Year:        2011  N:         194
 FAILED K-S -- Parm:Time to Peak    Mon:           8  Year:        2011  N:         194
 FAILED K-S -- Parm:Time to Peak    Mon:           8  Year:        2011  N:         194
*** ERROR *** Could not produce desired level of quality in
                    << Time to Peak    >> random deviates.
 FAILED K-S -- Parm:Time to Peak    Mon:           8  Year:        2012  N:         195
 FAILED K-S -- Parm:Time to Peak    Mon:           8  Year:        2012  N:         195
 FAILED K-S -- Parm:Time to Peak    Mon:           8  Year:        2012  N:         195
 FAILED K-S -- Parm:Time to Peak    Mon:           8  Year:        2012  N:         195
 FAILED K-S -- Parm:Time to Peak    Mon:           8  Year:        2012  N:         195
*** ERROR *** Could not produce desired level of quality in
                    << Time to Peak    >> random deviates.
 FAILED K-S -- Parm:Time to Peak    Mon:           8  Year:        2013  N:         198
 FAILED K-S -- Parm:Time to Peak    Mon:           8  Year:        2013  N:         198
 FAILED K-S -- Parm:Time to Peak    Mon:           8  Year:        2013  N:         198
 FAILED K-S -- Parm:Time to Peak    Mon:           8  Year:        2013  N:         198
 FAILED K-S -- Parm:Time to Peak    Mon:           8  Year:        2013  N:         198
*** ERROR *** Could not produce desired level of quality in
                    << Time to Peak    >> random deviates.
 FAILED K-S -- Parm:Time to Peak    Mon:           8  Year:        2014  N:         202
 FAILED K-S -- Parm:Time to Peak    Mon:           8  Year:        2014  N:         202
 FAILED K-S -- Parm:Time to Peak    Mon:           8  Year:        2014  N:         202
 FAILED K-S -- Parm:Time to Peak    Mon:           8  Year:        2014  N:         202
 FAILED K-S -- Parm:Time to Peak    Mon:           8  Year:        2014  N:         202
*** ERROR *** Could not produce desired level of quality in
                    << Time to Peak    >> random deviates.
 FAILED K-S -- Parm:Time to Peak    Mon:           8  Year:        2015  N:         208
 FAILED K-S -- Parm:Time to Peak    Mon:           8  Year:        2015  N:         208
 FAILED K-S -- Parm:Time to Peak    Mon:           8  Year:        2015  N:         208
 FAILED K-S -- Parm:Time to Peak    Mon:           8  Year:        2015  N:         208
 FAILED K-S -- Parm:Time to Peak    Mon:           8  Year:        2015  N:         208
*** ERROR *** Could not produce desired level of quality in
                    << Time to Peak    >> random deviates.
 FAILED K-S -- Parm:Time to Peak    Mon:           8  Year:        2016  N:         211
 FAILED K-S -- Parm:Time to Peak    Mon:           8  Year:        2016  N:         211
 FAILED K-S -- Parm:Time to Peak    Mon:           8  Year:        2016  N:         211
 FAILED K-S -- Parm:Time to Peak    Mon:           8  Year:        2016  N:         211
 FAILED K-S -- Parm:Time to Peak    Mon:           8  Year:        2016  N:         211
At line 3013 of file cligen53.f (unit = 9, file = '0500000US05133.prn')
Fortran runtime error: Sequential READ or WRITE not allowed after EOF marker, possibly use REWIND or BACKSPACE
*** ERROR *** Could not produce desired level of quality in
                    << Time to Peak    >> random deviates.
 FAILED K-S -- Parm:Time to Peak    Mon:           8  Year:        2017  N:         216
 FAILED K-S -- Parm:Time to Peak    Mon:           8  Year:        2017  N:         216
 FAILED K-S -- Parm:Time to Peak    Mon:           8  Year:        2017  N:         216
 FAILED K-S -- Parm:Time to Peak    Mon:           8  Year:        2017  N:         216
 FAILED K-S -- Parm:Time to Peak    Mon:           8  Year:        2017  N:         216
*** ERROR *** Could not produce desired level of quality in
                    << Time to Peak    >> random deviates.
