

  ********************************************************************
  *                                                                  *
  *              USDA - WATER EROSION PREDICTION PROJECT             *
  *                 WEPP CLIMATE INPUT DATA GENERATOR                *
  *                                                                  *
  *                    CONTINUOUS SIMULATION AND                     *
  *                       SINGLE STORM OPTIONS                       *
  *                    with Command Line Options,                    *
  *                        and Corrections to                        *
  *                  Rainfall Intensity Calculations                 *
  *                   and Random Number Generation.                  *
  *                                                                  *
  *                          VERSION 5.30000                         *
  *                     Revised from VERSION 4.2                     *
  *                           October 2004                           *
  *                                                                  *
  *           (Use -h or /h to list command line options.)           *
  *                                                                  *
  ********************************************************************


 ia130807.par                                                                                                                                                                                                                                                    
 0500000US19015.prn                                                                                                                                                                                                                                              
 Tdew -10 rangecheck executed.
 Tdew -10 rangecheck executed.
 Tdew -10 rangecheck executed.
 Tdew -10 rangecheck executed.
 Tdew -10 rangecheck executed.
 Tdew -10 rangecheck executed.
 Tdew -10 rangecheck executed.
 Tdew -10 rangecheck executed.
 Tdew -10 rangecheck executed.
 Tdew -10 rangecheck executed.
 Tdew -10 rangecheck executed.
 Tdew -10 rangecheck executed.
 Tdew -10 rangecheck executed.
 Tdew -10 rangecheck executed.
 Tdew -10 rangecheck executed.
 Tdew -10 rangecheck executed.
 Tdew -10 rangecheck executed.
 Tdew -10 rangecheck executed.
 Tdew -10 rangecheck executed.
 Tdew -10 rangecheck executed.
 Tdew -10 rangecheck executed.
 Tdew -10 rangecheck executed.
 Tdew -10 rangecheck executed.
 Tdew -10 rangecheck executed.
 Tdew -10 rangecheck executed.
 Tdew -10 rangecheck executed.
 Tdew -10 rangecheck executed.
 FAILED K-S -- Parm:Precip. Amt.    Mon:          10  Year:        1990  N:         108
 FAILED K-S -- Parm:Precip. Amt.    Mon:          10  Year:        1990  N:         108
 FAILED K-S -- Parm:Precip. Amt.    Mon:          10  Year:        1990  N:         108
 FAILED K-S -- Parm:Precip. Amt.    Mon:          10  Year:        1990  N:         108
 FAILED K-S -- Parm:Precip. Amt.    Mon:          10  Year:        1990  N:         108
*** ERROR *** Could not produce desired level of quality in
                    << Precip. Amt.    >> random deviates.
 Failed SN Mean test.
 Parm:Temp. Dew Pt.   Month:          10  Year:        1990  Mlevel=   60.0000000      SDlevel=   19.1747074      Days:         341
 Tdew -10 rangecheck executed.
 Tdew -10 rangecheck executed.
 Tdew -10 rangecheck executed.
 Tdew -10 rangecheck executed.
 FAILED K-S -- Parm:Precip. Amt.    Mon:          10  Year:        1991  N:         116
 FAILED K-S -- Parm:Precip. Amt.    Mon:          10  Year:        1991  N:         116
 FAILED K-S -- Parm:Precip. Amt.    Mon:          10  Year:        1991  N:         116
 FAILED K-S -- Parm:Precip. Amt.    Mon:          10  Year:        1991  N:         116
 FAILED K-S -- Parm:Precip. Amt.    Mon:          10  Year:        1991  N:         116
*** ERROR *** Could not produce desired level of quality in
                    << Precip. Amt.    >> random deviates.
 Failed SN SD test.
 Parm:Temp. Dew Pt.   Month:          10  Year:        1991  Mlevel=   50.0000000      SDlevel=   70.3378525      Days:         372
 Failed SN SD test.
 Parm:Temp. Dew Pt.   Month:          10  Year:        1992  Mlevel=   50.0000000      SDlevel=   95.8446350      Days:         403
 Failed SN SD test.
 Parm:Temp. Dew Pt.   Month:          10  Year:        1992  Mlevel=   20.0000000      SDlevel=   97.6152878      Days:         403
 Failed SN SD test.
 Parm:Temp. Dew Pt.   Month:          10  Year:        1992  Mlevel=   40.0000000      SDlevel=   97.6837769      Days:         403
 Failed SN SD test.
 Parm:Temp. Dew Pt.   Month:          10  Year:        1992  Mlevel=   30.0000000      SDlevel=   98.5878067      Days:         403
 FAILED K-S -- Parm:Temp. Dew Pt.   Mon:          10  Year:        1992  N:         341
 Failed SN SD test.
 Parm:Temp. Dew Pt.   Month:          10  Year:        1992  Mlevel=   30.0000000      SDlevel=   98.5878067      Days:         403
*** ERROR *** Could not produce desired level of quality in
                    << Temp. Dew Pt.   >> random deviates.
 FAILED K-S -- Parm:Time to Peak    Mon:          10  Year:        1992  N:         126
 FAILED K-S -- Parm:Temp. Dew Pt.   Mon:          10  Year:        1993  N:         372
 Failed SN SD test.
 Parm:Temp. Dew Pt.   Month:          10  Year:        1993  Mlevel=   30.0000000      SDlevel=   96.2844620      Days:         434
 FAILED K-S -- Parm:Temp. Dew Pt.   Mon:          10  Year:        1993  N:         372
 Failed SN SD test.
 Parm:Temp. Dew Pt.   Month:          10  Year:        1993  Mlevel=   30.0000000      SDlevel=   96.2844620      Days:         434
 FAILED K-S -- Parm:Temp. Dew Pt.   Mon:          10  Year:        1993  N:         372
 Failed SN SD test.
 Parm:Temp. Dew Pt.   Month:          10  Year:        1993  Mlevel=   30.0000000      SDlevel=   96.2844620      Days:         434
 FAILED K-S -- Parm:Temp. Dew Pt.   Mon:          10  Year:        1993  N:         372
 Failed SN SD test.
 Parm:Temp. Dew Pt.   Month:          10  Year:        1993  Mlevel=   30.0000000      SDlevel=   96.2844620      Days:         434
 FAILED K-S -- Parm:Temp. Dew Pt.   Mon:          10  Year:        1993  N:         372
 Failed SN SD test.
 Parm:Temp. Dew Pt.   Month:          10  Year:        1993  Mlevel=   30.0000000      SDlevel=   96.2844620      Days:         434
*** ERROR *** Could not produce desired level of quality in
                    << Temp. Dew Pt.   >> random deviates.
 Tdew -10 rangecheck executed.
 Tdew -10 rangecheck executed.
 Tdew -10 rangecheck executed.
 Tdew -10 rangecheck executed.
 Tdew -10 rangecheck executed.
 Tdew -10 rangecheck executed.
 FAILED K-S -- Parm:Temp. Dew Pt.   Mon:          10  Year:        1994  N:         403
 Failed SN Mean test.
 Failed SN SD test.
 Parm:Temp. Dew Pt.   Month:          10  Year:        1994  Mlevel=   60.0000000      SDlevel=   96.8764954      Days:         465
 FAILED K-S -- Parm:Temp. Dew Pt.   Mon:          10  Year:        1994  N:         403
 Failed SN Mean test.
 Failed SN SD test.
 Parm:Temp. Dew Pt.   Month:          10  Year:        1994  Mlevel=   60.0000000      SDlevel=   96.8764954      Days:         465
 FAILED K-S -- Parm:Temp. Dew Pt.   Mon:          10  Year:        1994  N:         403
 Failed SN Mean test.
 Failed SN SD test.
 Parm:Temp. Dew Pt.   Month:          10  Year:        1994  Mlevel=   60.0000000      SDlevel=   96.8764954      Days:         465
 FAILED K-S -- Parm:Temp. Dew Pt.   Mon:          10  Year:        1994  N:         403
 Failed SN Mean test.
 Failed SN SD test.
 Parm:Temp. Dew Pt.   Month:          10  Year:        1994  Mlevel=   60.0000000      SDlevel=   96.8764954      Days:         465
 FAILED K-S -- Parm:Temp. Dew Pt.   Mon:          10  Year:        1994  N:         403
 Failed SN Mean test.
 Failed SN SD test.
 Parm:Temp. Dew Pt.   Month:          10  Year:        1994  Mlevel=   60.0000000      SDlevel=   96.8764954      Days:         465
*** ERROR *** Could not produce desired level of quality in
                    << Temp. Dew Pt.   >> random deviates.
 Tdew -10 rangecheck executed.
 FAILED K-S -- Parm:Temp. Dew Pt.   Mon:          10  Year:        1995  N:         434
 Failed SN SD test.
 Parm:Temp. Dew Pt.   Month:          10  Year:        1995  Mlevel=   50.0000000      SDlevel=   97.1276169      Days:         496
 FAILED K-S -- Parm:Temp. Dew Pt.   Mon:          10  Year:        1995  N:         434
 Failed SN SD test.
 Parm:Temp. Dew Pt.   Month:          10  Year:        1995  Mlevel=   50.0000000      SDlevel=   97.1276169      Days:         496
 FAILED K-S -- Parm:Temp. Dew Pt.   Mon:          10  Year:        1995  N:         434
 Failed SN SD test.
 Parm:Temp. Dew Pt.   Month:          10  Year:        1995  Mlevel=   50.0000000      SDlevel=   97.1276169      Days:         496
 FAILED K-S -- Parm:Temp. Dew Pt.   Mon:          10  Year:        1995  N:         434
 Failed SN SD test.
 Parm:Temp. Dew Pt.   Month:          10  Year:        1995  Mlevel=   50.0000000      SDlevel=   97.1276169      Days:         496
 FAILED K-S -- Parm:Temp. Dew Pt.   Mon:          10  Year:        1995  N:         434
 Failed SN SD test.
 Parm:Temp. Dew Pt.   Month:          10  Year:        1995  Mlevel=   50.0000000      SDlevel=   97.1276169      Days:         496
*** ERROR *** Could not produce desired level of quality in
                    << Temp. Dew Pt.   >> random deviates.
 Tdew -10 rangecheck executed.
 Tdew -10 rangecheck executed.
 Tdew -10 rangecheck executed.
 Tdew -10 rangecheck executed.
 Tdew -10 rangecheck executed.
 Tdew -10 rangecheck executed.
 Tdew -10 rangecheck executed.
 Tdew -10 rangecheck executed.
 FAILED K-S -- Parm:Temp. Dew Pt.   Mon:          10  Year:        1996  N:         465
 Failed SN SD test.
 Parm:Temp. Dew Pt.   Month:          10  Year:        1996  Mlevel=   30.0000000      SDlevel=   90.4008942      Days:         527
 FAILED K-S -- Parm:Temp. Dew Pt.   Mon:          10  Year:        1996  N:         465
 Failed SN SD test.
 Parm:Temp. Dew Pt.   Month:          10  Year:        1996  Mlevel=   30.0000000      SDlevel=   90.4008942      Days:         527
 FAILED K-S -- Parm:Temp. Dew Pt.   Mon:          10  Year:        1996  N:         465
 Failed SN SD test.
 Parm:Temp. Dew Pt.   Month:          10  Year:        1996  Mlevel=   30.0000000      SDlevel=   90.4008942      Days:         527
 FAILED K-S -- Parm:Temp. Dew Pt.   Mon:          10  Year:        1996  N:         465
 Failed SN SD test.
 Parm:Temp. Dew Pt.   Month:          10  Year:        1996  Mlevel=   30.0000000      SDlevel=   90.4008942      Days:         527
 FAILED K-S -- Parm:Temp. Dew Pt.   Mon:          10  Year:        1996  N:         465
 Failed SN SD test.
 Parm:Temp. Dew Pt.   Month:          10  Year:        1996  Mlevel=   30.0000000      SDlevel=   90.4008942      Days:         527
*** ERROR *** Could not produce desired level of quality in
                    << Temp. Dew Pt.   >> random deviates.
 Tdew -10 rangecheck executed.
 Tdew -10 rangecheck executed.
 Tdew -10 rangecheck executed.
 FAILED K-S -- Parm:Temp. Dew Pt.   Mon:          10  Year:        1997  N:         496
 Failed SN SD test.
 Parm:Temp. Dew Pt.   Month:          10  Year:        1997  Mlevel=   50.0000000      SDlevel=   98.7052231      Days:         558
 FAILED K-S -- Parm:Temp. Dew Pt.   Mon:          10  Year:        1997  N:         496
 Failed SN SD test.
 Parm:Temp. Dew Pt.   Month:          10  Year:        1997  Mlevel=   50.0000000      SDlevel=   98.7052231      Days:         558
 FAILED K-S -- Parm:Temp. Dew Pt.   Mon:          10  Year:        1997  N:         496
 Failed SN SD test.
 Parm:Temp. Dew Pt.   Month:          10  Year:        1997  Mlevel=   50.0000000      SDlevel=   98.7052231      Days:         558
 Failed SN Mean test.
 Failed SN SD test.
 Parm:Temp. Dew Pt.   Month:          10  Year:        1997  Mlevel=   70.0000000      SDlevel=   97.3131866      Days:         558
 FAILED K-S -- Parm:Temp. Dew Pt.   Mon:          10  Year:        1997  N:         496
 Failed SN Mean test.
 Failed SN SD test.
 Parm:Temp. Dew Pt.   Month:          10  Year:        1997  Mlevel=   70.0000000      SDlevel=   97.3131866      Days:         558
*** ERROR *** Could not produce desired level of quality in
                    << Temp. Dew Pt.   >> random deviates.
 Tdew -10 rangecheck executed.
 FAILED K-S -- Parm:Temp. Dew Pt.   Mon:          10  Year:        1998  N:         527
 Failed SN SD test.
 Parm:Temp. Dew Pt.   Month:          10  Year:        1998  Mlevel=   30.0000000      SDlevel=   99.7820511      Days:         589
 FAILED K-S -- Parm:Temp. Dew Pt.   Mon:          10  Year:        1998  N:         527
 Failed SN SD test.
 Parm:Temp. Dew Pt.   Month:          10  Year:        1998  Mlevel=   30.0000000      SDlevel=   99.7820511      Days:         589
 FAILED K-S -- Parm:Temp. Dew Pt.   Mon:          10  Year:        1998  N:         527
 Failed SN SD test.
 Parm:Temp. Dew Pt.   Month:          10  Year:        1998  Mlevel=   30.0000000      SDlevel=   99.7820511      Days:         589
 FAILED K-S -- Parm:Temp. Dew Pt.   Mon:          10  Year:        1998  N:         527
 Failed SN SD test.
 Parm:Temp. Dew Pt.   Month:          10  Year:        1998  Mlevel=   30.0000000      SDlevel=   99.7820511      Days:         589
 FAILED K-S -- Parm:Temp. Dew Pt.   Mon:          10  Year:        1998  N:         527
 Failed SN SD test.
 Parm:Temp. Dew Pt.   Month:          10  Year:        1998  Mlevel=   30.0000000      SDlevel=   99.7820511      Days:         589
*** ERROR *** Could not produce desired level of quality in
                    << Temp. Dew Pt.   >> random deviates.
 Tdew -10 rangecheck executed.
 Tdew -10 rangecheck executed.
 FAILED K-S -- Parm:Temp. Dew Pt.   Mon:          10  Year:        1999  N:         558
 Failed SN SD test.
 Parm:Temp. Dew Pt.   Month:          10  Year:        1999  Mlevel=   40.0000000      SDlevel=   97.3805008      Days:         620
 FAILED K-S -- Parm:Temp. Dew Pt.   Mon:          10  Year:        1999  N:         558
 Failed SN SD test.
 Parm:Temp. Dew Pt.   Month:          10  Year:        1999  Mlevel=   40.0000000      SDlevel=   97.3805008      Days:         620
 FAILED K-S -- Parm:Temp. Dew Pt.   Mon:          10  Year:        1999  N:         558
 Failed SN SD test.
 Parm:Temp. Dew Pt.   Month:          10  Year:        1999  Mlevel=   40.0000000      SDlevel=   97.3805008      Days:         620
 FAILED K-S -- Parm:Temp. Dew Pt.   Mon:          10  Year:        1999  N:         558
 Failed SN SD test.
 Parm:Temp. Dew Pt.   Month:          10  Year:        1999  Mlevel=   40.0000000      SDlevel=   97.3805008      Days:         620
 FAILED K-S -- Parm:Temp. Dew Pt.   Mon:          10  Year:        1999  N:         558
 Failed SN SD test.
 Parm:Temp. Dew Pt.   Month:          10  Year:        1999  Mlevel=   40.0000000      SDlevel=   97.3805008      Days:         620
*** ERROR *** Could not produce desired level of quality in
                    << Temp. Dew Pt.   >> random deviates.
 FAILED K-S -- Parm:Temp. Dew Pt.   Mon:          10  Year:        2000  N:         589
 Failed SN SD test.
 Parm:Temp. Dew Pt.   Month:          10  Year:        2000  Mlevel=   40.0000000      SDlevel=   96.3331375      Days:         651
 FAILED K-S -- Parm:Temp. Dew Pt.   Mon:          10  Year:        2000  N:         589
 Failed SN SD test.
 Parm:Temp. Dew Pt.   Month:          10  Year:        2000  Mlevel=   40.0000000      SDlevel=   96.3331375      Days:         651
 FAILED K-S -- Parm:Temp. Dew Pt.   Mon:          10  Year:        2000  N:         589
 Failed SN SD test.
 Parm:Temp. Dew Pt.   Month:          10  Year:        2000  Mlevel=   40.0000000      SDlevel=   96.3331375      Days:         651
 FAILED K-S -- Parm:Temp. Dew Pt.   Mon:          10  Year:        2000  N:         589
 Failed SN SD test.
 Parm:Temp. Dew Pt.   Month:          10  Year:        2000  Mlevel=   40.0000000      SDlevel=   96.3331375      Days:         651
 FAILED K-S -- Parm:Temp. Dew Pt.   Mon:          10  Year:        2000  N:         589
 Failed SN SD test.
 Parm:Temp. Dew Pt.   Month:          10  Year:        2000  Mlevel=   40.0000000      SDlevel=   96.3331375      Days:         651
*** ERROR *** Could not produce desired level of quality in
                    << Temp. Dew Pt.   >> random deviates.
 Tdew -10 rangecheck executed.
 Tdew -10 rangecheck executed.
 FAILED K-S -- Parm:Temp. Dew Pt.   Mon:          10  Year:        2001  N:         620
 Failed SN SD test.
 Parm:Temp. Dew Pt.   Month:          10  Year:        2001  Mlevel=   50.0000000      SDlevel=   98.6054611      Days:         682
 FAILED K-S -- Parm:Temp. Dew Pt.   Mon:          10  Year:        2001  N:         620
 Failed SN SD test.
 Parm:Temp. Dew Pt.   Month:          10  Year:        2001  Mlevel=   50.0000000      SDlevel=   98.6054611      Days:         682
 FAILED K-S -- Parm:Temp. Dew Pt.   Mon:          10  Year:        2001  N:         620
 Failed SN SD test.
 Parm:Temp. Dew Pt.   Month:          10  Year:        2001  Mlevel=   50.0000000      SDlevel=   98.6054611      Days:         682
 FAILED K-S -- Parm:Temp. Dew Pt.   Mon:          10  Year:        2001  N:         620
 Failed SN SD test.
 Parm:Temp. Dew Pt.   Month:          10  Year:        2001  Mlevel=   50.0000000      SDlevel=   98.6054611      Days:         682
 FAILED K-S -- Parm:Temp. Dew Pt.   Mon:          10  Year:        2001  N:         620
 Failed SN SD test.
 Parm:Temp. Dew Pt.   Month:          10  Year:        2001  Mlevel=   50.0000000      SDlevel=   98.6054611      Days:         682
*** ERROR *** Could not produce desired level of quality in
                    << Temp. Dew Pt.   >> random deviates.
 FAILED K-S -- Parm:Temp. Dew Pt.   Mon:          10  Year:        2002  N:         651
 FAILED K-S -- Parm:Temp. Dew Pt.   Mon:          10  Year:        2002  N:         651
 FAILED K-S -- Parm:Temp. Dew Pt.   Mon:          10  Year:        2002  N:         651
 FAILED K-S -- Parm:Temp. Dew Pt.   Mon:          10  Year:        2002  N:         651
 FAILED K-S -- Parm:Temp. Dew Pt.   Mon:          10  Year:        2002  N:         651
*** ERROR *** Could not produce desired level of quality in
                    << Temp. Dew Pt.   >> random deviates.
 Tdew -10 rangecheck executed.
 FAILED K-S -- Parm:Temp. Dew Pt.   Mon:          10  Year:        2003  N:         682
 Failed SN Mean test.
 Failed SN SD test.
 Parm:Temp. Dew Pt.   Month:          10  Year:        2003  Mlevel=   70.0000000      SDlevel=   94.2851486      Days:         744
 FAILED K-S -- Parm:Temp. Dew Pt.   Mon:          10  Year:        2003  N:         682
 Failed SN Mean test.
 Failed SN SD test.
 Parm:Temp. Dew Pt.   Month:          10  Year:        2003  Mlevel=   70.0000000      SDlevel=   94.2851486      Days:         744
 FAILED K-S -- Parm:Temp. Dew Pt.   Mon:          10  Year:        2003  N:         682
 Failed SN Mean test.
 Failed SN SD test.
 Parm:Temp. Dew Pt.   Month:          10  Year:        2003  Mlevel=   70.0000000      SDlevel=   94.2851486      Days:         744
 FAILED K-S -- Parm:Temp. Dew Pt.   Mon:          10  Year:        2003  N:         682
 Failed SN Mean test.
 Failed SN SD test.
 Parm:Temp. Dew Pt.   Month:          10  Year:        2003  Mlevel=   70.0000000      SDlevel=   94.2851486      Days:         744
 FAILED K-S -- Parm:Temp. Dew Pt.   Mon:          10  Year:        2003  N:         682
 Failed SN Mean test.
 Failed SN SD test.
 Parm:Temp. Dew Pt.   Month:          10  Year:        2003  Mlevel=   70.0000000      SDlevel=   94.2851486      Days:         744
*** ERROR *** Could not produce desired level of quality in
                    << Temp. Dew Pt.   >> random deviates.
 Tdew -10 rangecheck executed.
 Tdew -10 rangecheck executed.
 Tdew -10 rangecheck executed.
 FAILED K-S -- Parm:Temp. Dew Pt.   Mon:          10  Year:        2004  N:         713
 Failed SN Mean test.
 Failed SN SD test.
 Parm:Temp. Dew Pt.   Month:          10  Year:        2004  Mlevel=   70.0000000      SDlevel=   98.3924484      Days:         775
 FAILED K-S -- Parm:Temp. Dew Pt.   Mon:          10  Year:        2004  N:         713
 Failed SN Mean test.
 Failed SN SD test.
 Parm:Temp. Dew Pt.   Month:          10  Year:        2004  Mlevel=   70.0000000      SDlevel=   98.3924484      Days:         775
 FAILED K-S -- Parm:Temp. Dew Pt.   Mon:          10  Year:        2004  N:         713
 Failed SN Mean test.
 Failed SN SD test.
 Parm:Temp. Dew Pt.   Month:          10  Year:        2004  Mlevel=   70.0000000      SDlevel=   98.3924484      Days:         775
 FAILED K-S -- Parm:Temp. Dew Pt.   Mon:          10  Year:        2004  N:         713
 Failed SN Mean test.
 Failed SN SD test.
 Parm:Temp. Dew Pt.   Month:          10  Year:        2004  Mlevel=   70.0000000      SDlevel=   98.3924484      Days:         775
 FAILED K-S -- Parm:Temp. Dew Pt.   Mon:          10  Year:        2004  N:         713
 Failed SN Mean test.
 Failed SN SD test.
 Parm:Temp. Dew Pt.   Month:          10  Year:        2004  Mlevel=   70.0000000      SDlevel=   98.3924484      Days:         775
*** ERROR *** Could not produce desired level of quality in
                    << Temp. Dew Pt.   >> random deviates.
 Tdew -10 rangecheck executed.
 FAILED K-S -- Parm:Temp. Dew Pt.   Mon:          10  Year:        2005  N:         744
 Failed SN Mean test.
 Failed SN SD test.
 Parm:Temp. Dew Pt.   Month:          10  Year:        2005  Mlevel=   60.0000000      SDlevel=   97.4382858      Days:         806
 FAILED K-S -- Parm:Temp. Dew Pt.   Mon:          10  Year:        2005  N:         744
 Failed SN Mean test.
 Failed SN SD test.
 Parm:Temp. Dew Pt.   Month:          10  Year:        2005  Mlevel=   60.0000000      SDlevel=   97.4382858      Days:         806
 Failed SN Mean test.
 Failed SN SD test.
 Parm:Temp. Dew Pt.   Month:          10  Year:        2005  Mlevel=   60.0000000      SDlevel=   98.5453262      Days:         806
 FAILED K-S -- Parm:Temp. Dew Pt.   Mon:          10  Year:        2005  N:         744
 Failed SN Mean test.
 Failed SN SD test.
 Parm:Temp. Dew Pt.   Month:          10  Year:        2005  Mlevel=   60.0000000      SDlevel=   98.5453262      Days:         806
 FAILED K-S -- Parm:Temp. Dew Pt.   Mon:          10  Year:        2005  N:         744
 Failed SN Mean test.
 Failed SN SD test.
 Parm:Temp. Dew Pt.   Month:          10  Year:        2005  Mlevel=   60.0000000      SDlevel=   98.5453262      Days:         806
*** ERROR *** Could not produce desired level of quality in
                    << Temp. Dew Pt.   >> random deviates.
 Tdew -10 rangecheck executed.
 FAILED K-S -- Parm:Temp. Dew Pt.   Mon:          10  Year:        2006  N:         775
 Failed SN Mean test.
 Failed SN SD test.
 Parm:Temp. Dew Pt.   Month:          10  Year:        2006  Mlevel=   80.0000000      SDlevel=   90.9948807      Days:         837
 FAILED K-S -- Parm:Temp. Dew Pt.   Mon:          10  Year:        2006  N:         775
 Failed SN Mean test.
 Failed SN SD test.
 Parm:Temp. Dew Pt.   Month:          10  Year:        2006  Mlevel=   80.0000000      SDlevel=   90.9948807      Days:         837
 FAILED K-S -- Parm:Temp. Dew Pt.   Mon:          10  Year:        2006  N:         775
 Failed SN Mean test.
 Failed SN SD test.
 Parm:Temp. Dew Pt.   Month:          10  Year:        2006  Mlevel=   80.0000000      SDlevel=   90.9948807      Days:         837
 FAILED K-S -- Parm:Temp. Dew Pt.   Mon:          10  Year:        2006  N:         775
 Failed SN Mean test.
 Failed SN SD test.
 Parm:Temp. Dew Pt.   Month:          10  Year:        2006  Mlevel=   80.0000000      SDlevel=   90.9948807      Days:         837
 FAILED K-S -- Parm:Temp. Dew Pt.   Mon:          10  Year:        2006  N:         775
 Failed SN Mean test.
 Failed SN SD test.
 Parm:Temp. Dew Pt.   Month:          10  Year:        2006  Mlevel=   80.0000000      SDlevel=   90.9948807      Days:         837
*** ERROR *** Could not produce desired level of quality in
                    << Temp. Dew Pt.   >> random deviates.
 Tdew -10 rangecheck executed.
 Tdew -10 rangecheck executed.
 Tdew -10 rangecheck executed.
 Tdew -10 rangecheck executed.
 Tdew -10 rangecheck executed.
 FAILED K-S -- Parm:Temp. Dew Pt.   Mon:          10  Year:        2007  N:         806
 Failed SN Mean test.
 Failed SN SD test.
 Parm:Temp. Dew Pt.   Month:          10  Year:        2007  Mlevel=   80.0000000      SDlevel=   91.9266281      Days:         868
 FAILED K-S -- Parm:Temp. Dew Pt.   Mon:          10  Year:        2007  N:         806
 Failed SN Mean test.
 Failed SN SD test.
 Parm:Temp. Dew Pt.   Month:          10  Year:        2007  Mlevel=   80.0000000      SDlevel=   91.9266281      Days:         868
 FAILED K-S -- Parm:Temp. Dew Pt.   Mon:          10  Year:        2007  N:         806
 Failed SN Mean test.
 Failed SN SD test.
 Parm:Temp. Dew Pt.   Month:          10  Year:        2007  Mlevel=   80.0000000      SDlevel=   91.9266281      Days:         868
 FAILED K-S -- Parm:Temp. Dew Pt.   Mon:          10  Year:        2007  N:         806
 Failed SN Mean test.
 Failed SN SD test.
 Parm:Temp. Dew Pt.   Month:          10  Year:        2007  Mlevel=   80.0000000      SDlevel=   91.9266281      Days:         868
 FAILED K-S -- Parm:Temp. Dew Pt.   Mon:          10  Year:        2007  N:         806
 Failed SN Mean test.
 Failed SN SD test.
 Parm:Temp. Dew Pt.   Month:          10  Year:        2007  Mlevel=   80.0000000      SDlevel=   91.9266281      Days:         868
*** ERROR *** Could not produce desired level of quality in
                    << Temp. Dew Pt.   >> random deviates.
 Tdew -10 rangecheck executed.
 Tdew -10 rangecheck executed.
 Tdew -10 rangecheck executed.
 FAILED K-S -- Parm:Temp. Dew Pt.   Mon:          10  Year:        2008  N:         837
 Failed SN Mean test.
 Failed SN SD test.
 Parm:Temp. Dew Pt.   Month:          10  Year:        2008  Mlevel=   80.0000000      SDlevel=   89.0781403      Days:         899
 FAILED K-S -- Parm:Temp. Dew Pt.   Mon:          10  Year:        2008  N:         837
 Failed SN Mean test.
 Failed SN SD test.
 Parm:Temp. Dew Pt.   Month:          10  Year:        2008  Mlevel=   80.0000000      SDlevel=   89.0781403      Days:         899
 Failed SN Mean test.
 Failed SN SD test.
 Parm:Temp. Dew Pt.   Month:          10  Year:        2008  Mlevel=   70.0000000      SDlevel=   77.3746338      Days:         899
 Failed SN Mean test.
 Failed SN SD test.
 Parm:Temp. Dew Pt.   Month:          10  Year:        2008  Mlevel=   90.0000000      SDlevel=   80.8485260      Days:         899
 FAILED K-S -- Parm:Temp. Dew Pt.   Mon:          10  Year:        2008  N:         837
 Failed SN Mean test.
 Failed SN SD test.
 Parm:Temp. Dew Pt.   Month:          10  Year:        2008  Mlevel=   90.0000000      SDlevel=   80.8485260      Days:         899
*** ERROR *** Could not produce desired level of quality in
                    << Temp. Dew Pt.   >> random deviates.
 Tdew -10 rangecheck executed.
 Tdew -10 rangecheck executed.
 Tdew -10 rangecheck executed.
 Tdew -10 rangecheck executed.
 FAILED K-S -- Parm:Temp. Dew Pt.   Mon:          10  Year:        2009  N:         868
 Failed SN Mean test.
 Failed SN SD test.
 Parm:Temp. Dew Pt.   Month:          10  Year:        2009  Mlevel=   80.0000000      SDlevel=   82.6581573      Days:         930
 FAILED K-S -- Parm:Temp. Dew Pt.   Mon:          10  Year:        2009  N:         868
 Failed SN Mean test.
 Failed SN SD test.
 Parm:Temp. Dew Pt.   Month:          10  Year:        2009  Mlevel=   80.0000000      SDlevel=   82.6581573      Days:         930
 FAILED K-S -- Parm:Temp. Dew Pt.   Mon:          10  Year:        2009  N:         868
 Failed SN Mean test.
 Failed SN SD test.
 Parm:Temp. Dew Pt.   Month:          10  Year:        2009  Mlevel=   80.0000000      SDlevel=   82.6581573      Days:         930
 FAILED K-S -- Parm:Temp. Dew Pt.   Mon:          10  Year:        2009  N:         868
 Failed SN Mean test.
 Failed SN SD test.
 Parm:Temp. Dew Pt.   Month:          10  Year:        2009  Mlevel=   80.0000000      SDlevel=   82.6581573      Days:         930
 FAILED K-S -- Parm:Temp. Dew Pt.   Mon:          10  Year:        2009  N:         868
 Failed SN Mean test.
 Failed SN SD test.
 Parm:Temp. Dew Pt.   Month:          10  Year:        2009  Mlevel=   80.0000000      SDlevel=   82.6581573      Days:         930
*** ERROR *** Could not produce desired level of quality in
                    << Temp. Dew Pt.   >> random deviates.
 Tdew -10 rangecheck executed.
 Tdew -10 rangecheck executed.
 Tdew -10 rangecheck executed.
 Tdew -10 rangecheck executed.
 Tdew -10 rangecheck executed.
 FAILED K-S -- Parm:Temp. Dew Pt.   Mon:          10  Year:        2010  N:         899
 Failed SN Mean test.
 Failed SN SD test.
 Parm:Temp. Dew Pt.   Month:          10  Year:        2010  Mlevel=   90.0000000      SDlevel=   73.1090088      Days:         961
 FAILED K-S -- Parm:Temp. Dew Pt.   Mon:          10  Year:        2010  N:         899
 Failed SN Mean test.
 Failed SN SD test.
 Parm:Temp. Dew Pt.   Month:          10  Year:        2010  Mlevel=   90.0000000      SDlevel=   73.1090088      Days:         961
 FAILED K-S -- Parm:Temp. Dew Pt.   Mon:          10  Year:        2010  N:         899
 Failed SN Mean test.
 Failed SN SD test.
 Parm:Temp. Dew Pt.   Month:          10  Year:        2010  Mlevel=   90.0000000      SDlevel=   73.1090088      Days:         961
 FAILED K-S -- Parm:Temp. Dew Pt.   Mon:          10  Year:        2010  N:         899
 Failed SN Mean test.
 Failed SN SD test.
 Parm:Temp. Dew Pt.   Month:          10  Year:        2010  Mlevel=   90.0000000      SDlevel=   73.1090088      Days:         961
 FAILED K-S -- Parm:Temp. Dew Pt.   Mon:          10  Year:        2010  N:         899
 Failed SN Mean test.
 Failed SN SD test.
 Parm:Temp. Dew Pt.   Month:          10  Year:        2010  Mlevel=   90.0000000      SDlevel=   73.1090088      Days:         961
*** ERROR *** Could not produce desired level of quality in
                    << Temp. Dew Pt.   >> random deviates.
 Tdew -10 rangecheck executed.
 FAILED K-S -- Parm:Temp. Dew Pt.   Mon:          10  Year:        2011  N:         930
 Failed SN Mean test.
 Failed SN SD test.
 Parm:Temp. Dew Pt.   Month:          10  Year:        2011  Mlevel=   80.0000000      SDlevel=   81.8587875      Days:         992
 Failed SN Mean test.
 Failed SN SD test.
 Parm:Temp. Dew Pt.   Month:          10  Year:        2011  Mlevel=   80.0000000      SDlevel=   62.0573692      Days:         992
 FAILED K-S -- Parm:Temp. Dew Pt.   Mon:          10  Year:        2011  N:         930
 Failed SN Mean test.
 Failed SN SD test.
 Parm:Temp. Dew Pt.   Month:          10  Year:        2011  Mlevel=   80.0000000      SDlevel=   62.0573692      Days:         992
 Failed SN Mean test.
 Failed SN SD test.
 Parm:Temp. Dew Pt.   Month:          10  Year:        2011  Mlevel=   90.0000000      SDlevel=   79.7716141      Days:         992
 FAILED K-S -- Parm:Temp. Dew Pt.   Mon:          10  Year:        2011  N:         930
 Failed SN Mean test.
 Failed SN SD test.
 Parm:Temp. Dew Pt.   Month:          10  Year:        2011  Mlevel=   90.0000000      SDlevel=   79.7716141      Days:         992
*** ERROR *** Could not produce desired level of quality in
                    << Temp. Dew Pt.   >> random deviates.
 FAILED K-S -- Parm:Temp. Dew Pt.   Mon:          10  Year:        2012  N:         961
 Failed SN Mean test.
 Failed SN SD test.
 Parm:Temp. Dew Pt.   Month:          10  Year:        2012  Mlevel=   95.0000000      SDlevel=   75.5347519      Days:        1023
 FAILED K-S -- Parm:Temp. Dew Pt.   Mon:          10  Year:        2012  N:         961
 Failed SN Mean test.
 Failed SN SD test.
 Parm:Temp. Dew Pt.   Month:          10  Year:        2012  Mlevel=   95.0000000      SDlevel=   75.5347519      Days:        1023
 FAILED K-S -- Parm:Temp. Dew Pt.   Mon:          10  Year:        2012  N:         961
 Failed SN Mean test.
 Failed SN SD test.
 Parm:Temp. Dew Pt.   Month:          10  Year:        2012  Mlevel=   95.0000000      SDlevel=   75.5347519      Days:        1023
 FAILED K-S -- Parm:Temp. Dew Pt.   Mon:          10  Year:        2012  N:         961
 Failed SN Mean test.
 Failed SN SD test.
 Parm:Temp. Dew Pt.   Month:          10  Year:        2012  Mlevel=   95.0000000      SDlevel=   75.5347519      Days:        1023
 FAILED K-S -- Parm:Temp. Dew Pt.   Mon:          10  Year:        2012  N:         961
 Failed SN Mean test.
 Failed SN SD test.
 Parm:Temp. Dew Pt.   Month:          10  Year:        2012  Mlevel=   95.0000000      SDlevel=   75.5347519      Days:        1023
*** ERROR *** Could not produce desired level of quality in
                    << Temp. Dew Pt.   >> random deviates.
 FAILED K-S -- Parm:Temp. Dew Pt.   Mon:          10  Year:        2013  N:         992
 Failed SN Mean test.
 Failed SN SD test.
 Parm:Temp. Dew Pt.   Month:          10  Year:        2013  Mlevel=   90.0000000      SDlevel=   88.8817062      Days:        1054
 Failed SN Mean test.
 Failed SN SD test.
 Parm:Temp. Dew Pt.   Month:          10  Year:        2013  Mlevel=   90.0000000      SDlevel=   92.9822769      Days:        1054
 FAILED K-S -- Parm:Temp. Dew Pt.   Mon:          10  Year:        2013  N:         992
 Failed SN Mean test.
 Failed SN SD test.
 Parm:Temp. Dew Pt.   Month:          10  Year:        2013  Mlevel=   90.0000000      SDlevel=   92.9822769      Days:        1054
 FAILED K-S -- Parm:Temp. Dew Pt.   Mon:          10  Year:        2013  N:         992
 Failed SN Mean test.
 Failed SN SD test.
 Parm:Temp. Dew Pt.   Month:          10  Year:        2013  Mlevel=   90.0000000      SDlevel=   92.9822769      Days:        1054
 FAILED K-S -- Parm:Temp. Dew Pt.   Mon:          10  Year:        2013  N:         992
 Failed SN Mean test.
 Failed SN SD test.
 Parm:Temp. Dew Pt.   Month:          10  Year:        2013  Mlevel=   90.0000000      SDlevel=   92.9822769      Days:        1054
*** ERROR *** Could not produce desired level of quality in
                    << Temp. Dew Pt.   >> random deviates.
 Tdew -10 rangecheck executed.
 Tdew -10 rangecheck executed.
 Tdew -10 rangecheck executed.
 Tdew -10 rangecheck executed.
 FAILED K-S -- Parm:Temp. Dew Pt.   Mon:          10  Year:        2014  N:        1023
 Failed SN Mean test.
 Failed SN SD test.
 Parm:Temp. Dew Pt.   Month:          10  Year:        2014  Mlevel=   90.0000000      SDlevel=   88.0975571      Days:        1085
 FAILED K-S -- Parm:Temp. Dew Pt.   Mon:          10  Year:        2014  N:        1023
 Failed SN Mean test.
 Failed SN SD test.
 Parm:Temp. Dew Pt.   Month:          10  Year:        2014  Mlevel=   90.0000000      SDlevel=   88.0975571      Days:        1085
 FAILED K-S -- Parm:Temp. Dew Pt.   Mon:          10  Year:        2014  N:        1023
 Failed SN Mean test.
 Failed SN SD test.
 Parm:Temp. Dew Pt.   Month:          10  Year:        2014  Mlevel=   90.0000000      SDlevel=   88.0975571      Days:        1085
 FAILED K-S -- Parm:Temp. Dew Pt.   Mon:          10  Year:        2014  N:        1023
 Failed SN Mean test.
 Failed SN SD test.
 Parm:Temp. Dew Pt.   Month:          10  Year:        2014  Mlevel=   90.0000000      SDlevel=   88.0975571      Days:        1085
 FAILED K-S -- Parm:Temp. Dew Pt.   Mon:          10  Year:        2014  N:        1023
 Failed SN Mean test.
 Failed SN SD test.
 Parm:Temp. Dew Pt.   Month:          10  Year:        2014  Mlevel=   90.0000000      SDlevel=   88.0975571      Days:        1085
*** ERROR *** Could not produce desired level of quality in
                    << Temp. Dew Pt.   >> random deviates.
 Tdew -10 rangecheck executed.
 FAILED K-S -- Parm:Temp. Dew Pt.   Mon:          10  Year:        2015  N:        1054
 Failed SN Mean test.
 Failed SN SD test.
 Parm:Temp. Dew Pt.   Month:          10  Year:        2015  Mlevel=   95.0000000      SDlevel=   77.8225784      Days:        1116
 FAILED K-S -- Parm:Temp. Dew Pt.   Mon:          10  Year:        2015  N:        1054
 Failed SN Mean test.
 Failed SN SD test.
 Parm:Temp. Dew Pt.   Month:          10  Year:        2015  Mlevel=   95.0000000      SDlevel=   77.8225784      Days:        1116
 FAILED K-S -- Parm:Temp. Dew Pt.   Mon:          10  Year:        2015  N:        1054
 Failed SN Mean test.
 Failed SN SD test.
 Parm:Temp. Dew Pt.   Month:          10  Year:        2015  Mlevel=   95.0000000      SDlevel=   77.8225784      Days:        1116
 Failed SN Mean test.
 Failed SN SD test.
 Parm:Temp. Dew Pt.   Month:          10  Year:        2015  Mlevel=   90.0000000      SDlevel=   82.4297943      Days:        1116
 FAILED K-S -- Parm:Temp. Dew Pt.   Mon:          10  Year:        2015  N:        1054
 Failed SN Mean test.
 Failed SN SD test.
 Parm:Temp. Dew Pt.   Month:          10  Year:        2015  Mlevel=   90.0000000      SDlevel=   82.4297943      Days:        1116
At line 3013 of file cligen53.f (unit = 9, file = '0500000US19015.prn')
Fortran runtime error: Sequential READ or WRITE not allowed after EOF marker, possibly use REWIND or BACKSPACE
*** ERROR *** Could not produce desired level of quality in
                    << Temp. Dew Pt.   >> random deviates.
 Tdew -10 rangecheck executed.
 FAILED K-S -- Parm:Temp. Dew Pt.   Mon:          10  Year:        2016  N:        1085
 Failed SN Mean test.
 Failed SN SD test.
 Parm:Temp. Dew Pt.   Month:          10  Year:        2016  Mlevel=   80.0000000      SDlevel=   89.1464920      Days:        1147
 FAILED K-S -- Parm:Temp. Dew Pt.   Mon:          10  Year:        2016  N:        1085
 Failed SN Mean test.
 Failed SN SD test.
 Parm:Temp. Dew Pt.   Month:          10  Year:        2016  Mlevel=   80.0000000      SDlevel=   89.1464920      Days:        1147
 FAILED K-S -- Parm:Temp. Dew Pt.   Mon:          10  Year:        2016  N:        1085
 Failed SN Mean test.
 Failed SN SD test.
 Parm:Temp. Dew Pt.   Month:          10  Year:        2016  Mlevel=   80.0000000      SDlevel=   89.1464920      Days:        1147
 Failed SN Mean test.
 Failed SN SD test.
 Parm:Temp. Dew Pt.   Month:          10  Year:        2016  Mlevel=   80.0000000      SDlevel=   83.1665726      Days:        1147
 FAILED K-S -- Parm:Temp. Dew Pt.   Mon:          10  Year:        2016  N:        1085
 Failed SN Mean test.
 Failed SN SD test.
 Parm:Temp. Dew Pt.   Month:          10  Year:        2016  Mlevel=   80.0000000      SDlevel=   83.1665726      Days:        1147
*** ERROR *** Could not produce desired level of quality in
                    << Temp. Dew Pt.   >> random deviates.
 FAILED K-S -- Parm:Temp. Dew Pt.   Mon:          10  Year:        2017  N:        1116
 Failed SN Mean test.
 Failed SN SD test.
 Parm:Temp. Dew Pt.   Month:          10  Year:        2017  Mlevel=   80.0000000      SDlevel=   81.3300629      Days:        1178
 Failed SN Mean test.
 Failed SN SD test.
 Parm:Temp. Dew Pt.   Month:          10  Year:        2017  Mlevel=   80.0000000      SDlevel=   85.5678406      Days:        1178
 FAILED K-S -- Parm:Temp. Dew Pt.   Mon:          10  Year:        2017  N:        1116
 Failed SN Mean test.
 Failed SN SD test.
 Parm:Temp. Dew Pt.   Month:          10  Year:        2017  Mlevel=   80.0000000      SDlevel=   85.5678406      Days:        1178
 FAILED K-S -- Parm:Temp. Dew Pt.   Mon:          10  Year:        2017  N:        1116
 Failed SN Mean test.
 Failed SN SD test.
 Parm:Temp. Dew Pt.   Month:          10  Year:        2017  Mlevel=   80.0000000      SDlevel=   85.5678406      Days:        1178
 FAILED K-S -- Parm:Temp. Dew Pt.   Mon:          10  Year:        2017  N:        1116
 Failed SN Mean test.
 Failed SN SD test.
 Parm:Temp. Dew Pt.   Month:          10  Year:        2017  Mlevel=   80.0000000      SDlevel=   85.5678406      Days:        1178
*** ERROR *** Could not produce desired level of quality in
                    << Temp. Dew Pt.   >> random deviates.
 Tdew -10 rangecheck executed.
