At line 3013 of file cligen53.f (unit = 9, file = '0500000US41037.prn')
Fortran runtime error: Sequential READ or WRITE not allowed after EOF marker, possibly use REWIND or BACKSPACE


  ********************************************************************
  *                                                                  *
  *              USDA - WATER EROSION PREDICTION PROJECT             *
  *                 WEPP CLIMATE INPUT DATA GENERATOR                *
  *                                                                  *
  *                    CONTINUOUS SIMULATION AND                     *
  *                       SINGLE STORM OPTIONS                       *
  *                    with Command Line Options,                    *
  *                        and Corrections to                        *
  *                  Rainfall Intensity Calculations                 *
  *                   and Random Number Generation.                  *
  *                                                                  *
  *                          VERSION 5.30000                         *
  *                     Revised from VERSION 4.2                     *
  *                           October 2004                           *
  *                                                                  *
  *           (Use -h or /h to list command line options.)           *
  *                                                                  *
  ********************************************************************


 or356426.par                                                                                                                                                                                                                                                    
 0500000US41037.prn                                                                                                                                                                                                                                              
 Tdew -10 rangecheck executed.
 Tdew -10 rangecheck executed.
 Tdew -10 rangecheck executed.
 Tdew -10 rangecheck executed.
 Failed SN SD test.
 Parm:Precip. Amt.    Month:           6  Year:        1991  Mlevel=   10.0000000      SDlevel=   50.8064041      Days:          47
 Failed SN SD test.
 Parm:Precip. Amt.    Month:           6  Year:        1991  Mlevel=   10.0000000      SDlevel=   50.9656181      Days:          47
 Failed SN SD test.
 Parm:Precip. Amt.    Month:           6  Year:        1991  Mlevel=   10.0000000      SDlevel=   50.9617081      Days:          47
 Failed SN SD test.
 Parm:Precip. Amt.    Month:           6  Year:        1991  Mlevel=   10.0000000      SDlevel=   50.9364777      Days:          47
 Failed SN SD test.
 Parm:Precip. Amt.    Month:           6  Year:        1991  Mlevel=   10.0000000      SDlevel=   50.9464722      Days:          47
*** ERROR *** Could not produce desired level of quality in
                    << Precip. Amt.    >> random deviates.
 FAILED K-S -- Parm:Wind Dir.       Mon:           6  Year:        1991  N:         360
 Tdew -10 rangecheck executed.
 Tdew -10 rangecheck executed.
