

  ********************************************************************
  *                                                                  *
  *              USDA - WATER EROSION PREDICTION PROJECT             *
  *                 WEPP CLIMATE INPUT DATA GENERATOR                *
  *                                                                  *
  *                    CONTINUOUS SIMULATION AND                     *
  *                       SINGLE STORM OPTIONS                       *
  *                    with Command Line Options,                    *
  *                        and Corrections to                        *
  *                  Rainfall Intensity Calculations                 *
  *                   and Random Number Generation.                  *
  *                                                                  *
  *                          VERSION 5.30000                         *
  *                     Revised from VERSION 4.2                     *
  *                           October 2004                           *
  *                                                                  *
  *           (Use -h or /h to list command line options.)           *
  *                                                                  *
  ********************************************************************


 la165090.par                                                                                                                                                                                                                                                    
 0500000US22123.prn                                                                                                                                                                                                                                              
 FAILED K-S -- Parm:Time to Peak    Mon:           8  Year:        1993  N:         105
 FAILED K-S -- Parm:Time to Peak    Mon:           8  Year:        1993  N:         105
 FAILED K-S -- Parm:Time to Peak    Mon:           8  Year:        1993  N:         105
 FAILED K-S -- Parm:Time to Peak    Mon:           8  Year:        1993  N:         105
 FAILED K-S -- Parm:Time to Peak    Mon:           8  Year:        1993  N:         105
*** ERROR *** Could not produce desired level of quality in
                    << Time to Peak    >> random deviates.
 FAILED K-S -- Parm:Time to Peak    Mon:           8  Year:        1994  N:         112
 FAILED K-S -- Parm:Time to Peak    Mon:           8  Year:        1994  N:         112
 FAILED K-S -- Parm:Time to Peak    Mon:           8  Year:        1994  N:         112
 FAILED K-S -- Parm:Time to Peak    Mon:           8  Year:        1994  N:         112
 FAILED K-S -- Parm:Time to Peak    Mon:           8  Year:        1994  N:         112
*** ERROR *** Could not produce desired level of quality in
                    << Time to Peak    >> random deviates.
 FAILED K-S -- Parm:Time to Peak    Mon:           8  Year:        1995  N:         127
 FAILED K-S -- Parm:Time to Peak    Mon:           8  Year:        1995  N:         127
 FAILED K-S -- Parm:Time to Peak    Mon:           8  Year:        1995  N:         127
 FAILED K-S -- Parm:Time to Peak    Mon:           8  Year:        1995  N:         127
 FAILED K-S -- Parm:Time to Peak    Mon:           8  Year:        1995  N:         127
*** ERROR *** Could not produce desired level of quality in
                    << Time to Peak    >> random deviates.
 FAILED K-S -- Parm:Time to Peak    Mon:           8  Year:        1996  N:         136
 FAILED K-S -- Parm:Time to Peak    Mon:           8  Year:        1996  N:         136
 FAILED K-S -- Parm:Time to Peak    Mon:           8  Year:        1996  N:         136
 FAILED K-S -- Parm:Time to Peak    Mon:           8  Year:        1996  N:         136
 FAILED K-S -- Parm:Time to Peak    Mon:           8  Year:        1996  N:         136
*** ERROR *** Could not produce desired level of quality in
                    << Time to Peak    >> random deviates.
 FAILED K-S -- Parm:Time to Peak    Mon:           8  Year:        1997  N:         144
 FAILED K-S -- Parm:Time to Peak    Mon:           8  Year:        1997  N:         144
 FAILED K-S -- Parm:Time to Peak    Mon:           8  Year:        1997  N:         144
 FAILED K-S -- Parm:Time to Peak    Mon:           8  Year:        1997  N:         144
 FAILED K-S -- Parm:Time to Peak    Mon:           8  Year:        1997  N:         144
*** ERROR *** Could not produce desired level of quality in
                    << Time to Peak    >> random deviates.
 FAILED K-S -- Parm:Time to Peak    Mon:           8  Year:        1998  N:         156
 FAILED K-S -- Parm:Time to Peak    Mon:           8  Year:        1998  N:         156
 FAILED K-S -- Parm:Time to Peak    Mon:           8  Year:        1998  N:         156
 FAILED K-S -- Parm:Time to Peak    Mon:           8  Year:        1998  N:         156
 FAILED K-S -- Parm:Time to Peak    Mon:           8  Year:        1998  N:         156
*** ERROR *** Could not produce desired level of quality in
                    << Time to Peak    >> random deviates.
 FAILED K-S -- Parm:Time to Peak    Mon:           8  Year:        1999  N:         163
 FAILED K-S -- Parm:Time to Peak    Mon:           8  Year:        1999  N:         163
 FAILED K-S -- Parm:Time to Peak    Mon:           8  Year:        1999  N:         163
 FAILED K-S -- Parm:Time to Peak    Mon:           8  Year:        1999  N:         163
 FAILED K-S -- Parm:Time to Peak    Mon:           8  Year:        1999  N:         163
*** ERROR *** Could not produce desired level of quality in
                    << Time to Peak    >> random deviates.
 FAILED K-S -- Parm:Time to Peak    Mon:           8  Year:        2000  N:         171
 FAILED K-S -- Parm:Time to Peak    Mon:           8  Year:        2000  N:         171
 FAILED K-S -- Parm:Time to Peak    Mon:           8  Year:        2000  N:         171
 FAILED K-S -- Parm:Time to Peak    Mon:           8  Year:        2000  N:         171
 FAILED K-S -- Parm:Time to Peak    Mon:           8  Year:        2000  N:         171
*** ERROR *** Could not produce desired level of quality in
                    << Time to Peak    >> random deviates.
 FAILED K-S -- Parm:Precip. Amt.    Mon:           9  Year:        2000  N:         106
 FAILED K-S -- Parm:Precip. Amt.    Mon:           9  Year:        2000  N:         106
 FAILED K-S -- Parm:Precip. Amt.    Mon:           9  Year:        2000  N:         106
 FAILED K-S -- Parm:Precip. Amt.    Mon:           9  Year:        2000  N:         106
 FAILED K-S -- Parm:Precip. Amt.    Mon:           9  Year:        2000  N:         106
*** ERROR *** Could not produce desired level of quality in
                    << Precip. Amt.    >> random deviates.
 FAILED K-S -- Parm:Time to Peak    Mon:           8  Year:        2001  N:         182
 FAILED K-S -- Parm:Time to Peak    Mon:           8  Year:        2001  N:         182
 FAILED K-S -- Parm:Time to Peak    Mon:           8  Year:        2001  N:         182
 FAILED K-S -- Parm:Time to Peak    Mon:           8  Year:        2001  N:         182
 FAILED K-S -- Parm:Time to Peak    Mon:           8  Year:        2001  N:         182
*** ERROR *** Could not produce desired level of quality in
                    << Time to Peak    >> random deviates.
 FAILED K-S -- Parm:Precip. Amt.    Mon:           9  Year:        2001  N:         111
 FAILED K-S -- Parm:Precip. Amt.    Mon:           9  Year:        2001  N:         111
 FAILED K-S -- Parm:Precip. Amt.    Mon:           9  Year:        2001  N:         111
 FAILED K-S -- Parm:Precip. Amt.    Mon:           9  Year:        2001  N:         111
 FAILED K-S -- Parm:Precip. Amt.    Mon:           9  Year:        2001  N:         111
*** ERROR *** Could not produce desired level of quality in
                    << Precip. Amt.    >> random deviates.
 FAILED K-S -- Parm:Time to Peak    Mon:           8  Year:        2002  N:         188
 FAILED K-S -- Parm:Time to Peak    Mon:           8  Year:        2002  N:         188
 FAILED K-S -- Parm:Time to Peak    Mon:           8  Year:        2002  N:         188
 FAILED K-S -- Parm:Time to Peak    Mon:           8  Year:        2002  N:         188
 FAILED K-S -- Parm:Time to Peak    Mon:           8  Year:        2002  N:         188
*** ERROR *** Could not produce desired level of quality in
                    << Time to Peak    >> random deviates.
 FAILED K-S -- Parm:Precip. Amt.    Mon:           9  Year:        2002  N:         115
 FAILED K-S -- Parm:Precip. Amt.    Mon:           9  Year:        2002  N:         115
 FAILED K-S -- Parm:Precip. Amt.    Mon:           9  Year:        2002  N:         115
 FAILED K-S -- Parm:Precip. Amt.    Mon:           9  Year:        2002  N:         115
 FAILED K-S -- Parm:Precip. Amt.    Mon:           9  Year:        2002  N:         115
*** ERROR *** Could not produce desired level of quality in
                    << Precip. Amt.    >> random deviates.
 FAILED K-S -- Parm:Time to Peak    Mon:           8  Year:        2003  N:         190
 FAILED K-S -- Parm:Time to Peak    Mon:           8  Year:        2003  N:         190
 FAILED K-S -- Parm:Time to Peak    Mon:           8  Year:        2003  N:         190
 FAILED K-S -- Parm:Time to Peak    Mon:           8  Year:        2003  N:         190
 FAILED K-S -- Parm:Time to Peak    Mon:           8  Year:        2003  N:         190
*** ERROR *** Could not produce desired level of quality in
                    << Time to Peak    >> random deviates.
 FAILED K-S -- Parm:Precip. Amt.    Mon:           9  Year:        2003  N:         119
 FAILED K-S -- Parm:Precip. Amt.    Mon:           9  Year:        2003  N:         119
 FAILED K-S -- Parm:Precip. Amt.    Mon:           9  Year:        2003  N:         119
 FAILED K-S -- Parm:Precip. Amt.    Mon:           9  Year:        2003  N:         119
 FAILED K-S -- Parm:Precip. Amt.    Mon:           9  Year:        2003  N:         119
*** ERROR *** Could not produce desired level of quality in
                    << Precip. Amt.    >> random deviates.
 FAILED K-S -- Parm:Time to Peak    Mon:           8  Year:        2004  N:         196
 FAILED K-S -- Parm:Time to Peak    Mon:           8  Year:        2004  N:         196
 FAILED K-S -- Parm:Time to Peak    Mon:           8  Year:        2004  N:         196
 FAILED K-S -- Parm:Time to Peak    Mon:           8  Year:        2004  N:         196
 FAILED K-S -- Parm:Time to Peak    Mon:           8  Year:        2004  N:         196
*** ERROR *** Could not produce desired level of quality in
                    << Time to Peak    >> random deviates.
 FAILED K-S -- Parm:Precip. Amt.    Mon:           9  Year:        2004  N:         125
 FAILED K-S -- Parm:Precip. Amt.    Mon:           9  Year:        2004  N:         125
 FAILED K-S -- Parm:Precip. Amt.    Mon:           9  Year:        2004  N:         125
 FAILED K-S -- Parm:Precip. Amt.    Mon:           9  Year:        2004  N:         125
 FAILED K-S -- Parm:Precip. Amt.    Mon:           9  Year:        2004  N:         125
*** ERROR *** Could not produce desired level of quality in
                    << Precip. Amt.    >> random deviates.
 FAILED K-S -- Parm:Time to Peak    Mon:           8  Year:        2005  N:         199
 FAILED K-S -- Parm:Time to Peak    Mon:           8  Year:        2005  N:         199
 FAILED K-S -- Parm:Time to Peak    Mon:           8  Year:        2005  N:         199
 FAILED K-S -- Parm:Time to Peak    Mon:           8  Year:        2005  N:         199
 FAILED K-S -- Parm:Time to Peak    Mon:           8  Year:        2005  N:         199
*** ERROR *** Could not produce desired level of quality in
                    << Time to Peak    >> random deviates.
 FAILED K-S -- Parm:Precip. Amt.    Mon:           9  Year:        2005  N:         128
 FAILED K-S -- Parm:Precip. Amt.    Mon:           9  Year:        2005  N:         128
 FAILED K-S -- Parm:Precip. Amt.    Mon:           9  Year:        2005  N:         128
 FAILED K-S -- Parm:Precip. Amt.    Mon:           9  Year:        2005  N:         128
 FAILED K-S -- Parm:Precip. Amt.    Mon:           9  Year:        2005  N:         128
*** ERROR *** Could not produce desired level of quality in
                    << Precip. Amt.    >> random deviates.
 FAILED K-S -- Parm:Time to Peak    Mon:           8  Year:        2006  N:         205
 FAILED K-S -- Parm:Time to Peak    Mon:           8  Year:        2006  N:         205
 FAILED K-S -- Parm:Time to Peak    Mon:           8  Year:        2006  N:         205
 FAILED K-S -- Parm:Time to Peak    Mon:           8  Year:        2006  N:         205
 FAILED K-S -- Parm:Time to Peak    Mon:           8  Year:        2006  N:         205
*** ERROR *** Could not produce desired level of quality in
                    << Time to Peak    >> random deviates.
 FAILED K-S -- Parm:Precip. Amt.    Mon:           9  Year:        2006  N:         132
 FAILED K-S -- Parm:Precip. Amt.    Mon:           9  Year:        2006  N:         132
 FAILED K-S -- Parm:Precip. Amt.    Mon:           9  Year:        2006  N:         132
 FAILED K-S -- Parm:Precip. Amt.    Mon:           9  Year:        2006  N:         132
 FAILED K-S -- Parm:Precip. Amt.    Mon:           9  Year:        2006  N:         132
*** ERROR *** Could not produce desired level of quality in
                    << Precip. Amt.    >> random deviates.
 FAILED K-S -- Parm:Time to Peak    Mon:           8  Year:        2007  N:         215
 FAILED K-S -- Parm:Time to Peak    Mon:           8  Year:        2007  N:         215
 FAILED K-S -- Parm:Time to Peak    Mon:           8  Year:        2007  N:         215
 FAILED K-S -- Parm:Time to Peak    Mon:           8  Year:        2007  N:         215
 FAILED K-S -- Parm:Time to Peak    Mon:           8  Year:        2007  N:         215
*** ERROR *** Could not produce desired level of quality in
                    << Time to Peak    >> random deviates.
 FAILED K-S -- Parm:Time to Peak    Mon:           8  Year:        2008  N:         222
 FAILED K-S -- Parm:Time to Peak    Mon:           8  Year:        2008  N:         222
 FAILED K-S -- Parm:Time to Peak    Mon:           8  Year:        2008  N:         222
 FAILED K-S -- Parm:Time to Peak    Mon:           8  Year:        2008  N:         222
 FAILED K-S -- Parm:Time to Peak    Mon:           8  Year:        2008  N:         222
*** ERROR *** Could not produce desired level of quality in
                    << Time to Peak    >> random deviates.
 FAILED K-S -- Parm:Time to Peak    Mon:           8  Year:        2009  N:         228
 FAILED K-S -- Parm:Time to Peak    Mon:           8  Year:        2009  N:         228
 FAILED K-S -- Parm:Time to Peak    Mon:           8  Year:        2009  N:         228
 FAILED K-S -- Parm:Time to Peak    Mon:           8  Year:        2009  N:         228
 FAILED K-S -- Parm:Time to Peak    Mon:           8  Year:        2009  N:         228
*** ERROR *** Could not produce desired level of quality in
                    << Time to Peak    >> random deviates.
 FAILED K-S -- Parm:Time to Peak    Mon:           8  Year:        2010  N:         235
 FAILED K-S -- Parm:Time to Peak    Mon:           8  Year:        2010  N:         235
 FAILED K-S -- Parm:Time to Peak    Mon:           8  Year:        2010  N:         235
 FAILED K-S -- Parm:Time to Peak    Mon:           8  Year:        2010  N:         235
 FAILED K-S -- Parm:Time to Peak    Mon:           8  Year:        2010  N:         235
*** ERROR *** Could not produce desired level of quality in
                    << Time to Peak    >> random deviates.
 FAILED K-S -- Parm:Time to Peak    Mon:           8  Year:        2011  N:         242
 FAILED K-S -- Parm:Time to Peak    Mon:           8  Year:        2011  N:         242
 FAILED K-S -- Parm:Time to Peak    Mon:           8  Year:        2011  N:         242
 FAILED K-S -- Parm:Time to Peak    Mon:           8  Year:        2011  N:         242
 FAILED K-S -- Parm:Time to Peak    Mon:           8  Year:        2011  N:         242
*** ERROR *** Could not produce desired level of quality in
                    << Time to Peak    >> random deviates.
 FAILED K-S -- Parm:Time to Peak    Mon:           8  Year:        2012  N:         245
 FAILED K-S -- Parm:Time to Peak    Mon:           8  Year:        2012  N:         245
At line 3013 of file cligen53.f (unit = 9, file = '0500000US22123.prn')
Fortran runtime error: Sequential READ or WRITE not allowed after EOF marker, possibly use REWIND or BACKSPACE
 FAILED K-S -- Parm:Time to Peak    Mon:           8  Year:        2012  N:         245
 FAILED K-S -- Parm:Time to Peak    Mon:           8  Year:        2012  N:         245
 FAILED K-S -- Parm:Time to Peak    Mon:           8  Year:        2012  N:         245
*** ERROR *** Could not produce desired level of quality in
                    << Time to Peak    >> random deviates.
 FAILED K-S -- Parm:Time to Peak    Mon:           8  Year:        2013  N:         248
 FAILED K-S -- Parm:Time to Peak    Mon:           8  Year:        2013  N:         248
 FAILED K-S -- Parm:Time to Peak    Mon:           8  Year:        2013  N:         248
 FAILED K-S -- Parm:Time to Peak    Mon:           8  Year:        2013  N:         248
 FAILED K-S -- Parm:Time to Peak    Mon:           8  Year:        2013  N:         248
*** ERROR *** Could not produce desired level of quality in
                    << Time to Peak    >> random deviates.
 FAILED K-S -- Parm:Time to Peak    Mon:           8  Year:        2014  N:         255
 FAILED K-S -- Parm:Time to Peak    Mon:           8  Year:        2014  N:         255
 FAILED K-S -- Parm:Time to Peak    Mon:           8  Year:        2014  N:         255
 FAILED K-S -- Parm:Time to Peak    Mon:           8  Year:        2014  N:         255
 FAILED K-S -- Parm:Time to Peak    Mon:           8  Year:        2014  N:         255
*** ERROR *** Could not produce desired level of quality in
                    << Time to Peak    >> random deviates.
 FAILED K-S -- Parm:Time to Peak    Mon:           8  Year:        2015  N:         261
 FAILED K-S -- Parm:Time to Peak    Mon:           8  Year:        2015  N:         261
 FAILED K-S -- Parm:Time to Peak    Mon:           8  Year:        2015  N:         261
 FAILED K-S -- Parm:Time to Peak    Mon:           8  Year:        2015  N:         261
 FAILED K-S -- Parm:Time to Peak    Mon:           8  Year:        2015  N:         261
*** ERROR *** Could not produce desired level of quality in
                    << Time to Peak    >> random deviates.
 FAILED K-S -- Parm:Time to Peak    Mon:           8  Year:        2016  N:         264
 FAILED K-S -- Parm:Time to Peak    Mon:           8  Year:        2016  N:         264
 FAILED K-S -- Parm:Time to Peak    Mon:           8  Year:        2016  N:         264
 FAILED K-S -- Parm:Time to Peak    Mon:           8  Year:        2016  N:         264
 FAILED K-S -- Parm:Time to Peak    Mon:           8  Year:        2016  N:         264
*** ERROR *** Could not produce desired level of quality in
                    << Time to Peak    >> random deviates.
 FAILED K-S -- Parm:Time to Peak    Mon:           8  Year:        2017  N:         273
 FAILED K-S -- Parm:Time to Peak    Mon:           8  Year:        2017  N:         273
 FAILED K-S -- Parm:Time to Peak    Mon:           8  Year:        2017  N:         273
 FAILED K-S -- Parm:Time to Peak    Mon:           8  Year:        2017  N:         273
 FAILED K-S -- Parm:Time to Peak    Mon:           8  Year:        2017  N:         273
*** ERROR *** Could not produce desired level of quality in
                    << Time to Peak    >> random deviates.
