

  ********************************************************************
  *                                                                  *
  *              USDA - WATER EROSION PREDICTION PROJECT             *
  *                 WEPP CLIMATE INPUT DATA GENERATOR                *
  *                                                                  *
  *                    CONTINUOUS SIMULATION AND                     *
  *                       SINGLE STORM OPTIONS                       *
  *                    with Command Line Options,                    *
  *                        and Corrections to                        *
  *                  Rainfall Intensity Calculations                 *
  *                   and Random Number Generation.                  *
  *                                                                  *
  *                          VERSION 5.30000                         *
  *                     Revised from VERSION 4.2                     *
  *                           October 2004                           *
  *                                                                  *
  *           (Use -h or /h to list command line options.)           *
  *                                                                  *
  ********************************************************************


 in128698.par                                                                                                                                                                                                                                                    
 0500000US18123.prn                                                                                                                                                                                                                                              
 Tdew -10 rangecheck executed.
 Tdew -10 rangecheck executed.
 Tdew -10 rangecheck executed.
 Tdew -10 rangecheck executed.
 Tdew -10 rangecheck executed.
 FAILED K-S -- Parm:Precip. Amt.    Mon:           8  Year:        1992  N:         106
 FAILED K-S -- Parm:Precip. Amt.    Mon:           8  Year:        1992  N:         106
 FAILED K-S -- Parm:Precip. Amt.    Mon:           8  Year:        1992  N:         106
 FAILED K-S -- Parm:Precip. Amt.    Mon:           8  Year:        1992  N:         106
 FAILED K-S -- Parm:Precip. Amt.    Mon:           8  Year:        1992  N:         106
*** ERROR *** Could not produce desired level of quality in
                    << Precip. Amt.    >> random deviates.
 FAILED K-S -- Parm:Precip. Amt.    Mon:           8  Year:        1993  N:         113
 FAILED K-S -- Parm:Precip. Amt.    Mon:           8  Year:        1993  N:         113
 FAILED K-S -- Parm:Precip. Amt.    Mon:           8  Year:        1993  N:         113
 FAILED K-S -- Parm:Precip. Amt.    Mon:           8  Year:        1993  N:         113
 FAILED K-S -- Parm:Precip. Amt.    Mon:           8  Year:        1993  N:         113
*** ERROR *** Could not produce desired level of quality in
                    << Precip. Amt.    >> random deviates.
 Tdew -10 rangecheck executed.
 Tdew -10 rangecheck executed.
 Tdew -10 rangecheck executed.
 FAILED K-S -- Parm:Precip. Amt.    Mon:           8  Year:        1994  N:         121
 FAILED K-S -- Parm:Precip. Amt.    Mon:           8  Year:        1994  N:         121
 FAILED K-S -- Parm:Precip. Amt.    Mon:           8  Year:        1994  N:         121
 FAILED K-S -- Parm:Precip. Amt.    Mon:           8  Year:        1994  N:         121
 FAILED K-S -- Parm:Precip. Amt.    Mon:           8  Year:        1994  N:         121
*** ERROR *** Could not produce desired level of quality in
                    << Precip. Amt.    >> random deviates.
 FAILED K-S -- Parm:Precip. Amt.    Mon:           8  Year:        1995  N:         138
 Failed SN SD test.
 Parm:Precip. Amt.    Month:           8  Year:        1995  Mlevel=   40.0000000      SDlevel=   88.2495728      Days:         138
 FAILED K-S -- Parm:Precip. Amt.    Mon:           8  Year:        1995  N:         138
At line 3013 of file cligen53.f (unit = 9, file = '0500000US18123.prn')
Fortran runtime error: Sequential READ or WRITE not allowed after EOF marker, possibly use REWIND or BACKSPACE
 Failed SN SD test.
 Parm:Precip. Amt.    Month:           8  Year:        1995  Mlevel=   40.0000000      SDlevel=   88.2495728      Days:         138
 FAILED K-S -- Parm:Precip. Amt.    Mon:           8  Year:        1995  N:         138
 Failed SN SD test.
 Parm:Precip. Amt.    Month:           8  Year:        1995  Mlevel=   40.0000000      SDlevel=   88.2495728      Days:         138
 FAILED K-S -- Parm:Precip. Amt.    Mon:           8  Year:        1995  N:         138
 Failed SN SD test.
 Parm:Precip. Amt.    Month:           8  Year:        1995  Mlevel=   40.0000000      SDlevel=   88.2495728      Days:         138
 FAILED K-S -- Parm:Precip. Amt.    Mon:           8  Year:        1995  N:         138
 Failed SN SD test.
 Parm:Precip. Amt.    Month:           8  Year:        1995  Mlevel=   40.0000000      SDlevel=   88.2495728      Days:         138
*** ERROR *** Could not produce desired level of quality in
                    << Precip. Amt.    >> random deviates.
 FAILED K-S -- Parm:Wind Vel.       Mon:           8  Year:        1995  N:         496
 Tdew -10 rangecheck executed.
 FAILED K-S -- Parm:Precip. Amt.    Mon:           8  Year:        1996  N:         147
 Failed SN Mean test.
 Failed SN SD test.
 Parm:Precip. Amt.    Month:           8  Year:        1996  Mlevel=   60.0000000      SDlevel=   78.0038071      Days:         147
 FAILED K-S -- Parm:Precip. Amt.    Mon:           8  Year:        1996  N:         147
 Failed SN Mean test.
 Failed SN SD test.
 Parm:Precip. Amt.    Month:           8  Year:        1996  Mlevel=   60.0000000      SDlevel=   78.0038071      Days:         147
 FAILED K-S -- Parm:Precip. Amt.    Mon:           8  Year:        1996  N:         147
 Failed SN Mean test.
 Failed SN SD test.
 Parm:Precip. Amt.    Month:           8  Year:        1996  Mlevel=   60.0000000      SDlevel=   78.0038071      Days:         147
 FAILED K-S -- Parm:Precip. Amt.    Mon:           8  Year:        1996  N:         147
 Failed SN Mean test.
 Failed SN SD test.
 Parm:Precip. Amt.    Month:           8  Year:        1996  Mlevel=   60.0000000      SDlevel=   78.0038071      Days:         147
 Failed SN Mean test.
 Failed SN SD test.
 Parm:Precip. Amt.    Month:           8  Year:        1996  Mlevel=   70.0000000      SDlevel=   78.1750107      Days:         147
*** ERROR *** Could not produce desired level of quality in
                    << Precip. Amt.    >> random deviates.
 FAILED K-S -- Parm:Temp. Dew Pt.   Mon:           8  Year:        1996  N:         527
 Tdew -10 rangecheck executed.
