

  ********************************************************************
  *                                                                  *
  *              USDA - WATER EROSION PREDICTION PROJECT             *
  *                 WEPP CLIMATE INPUT DATA GENERATOR                *
  *                                                                  *
  *                    CONTINUOUS SIMULATION AND                     *
  *                       SINGLE STORM OPTIONS                       *
  *                    with Command Line Options,                    *
  *                        and Corrections to                        *
  *                  Rainfall Intensity Calculations                 *
  *                   and Random Number Generation.                  *
  *                                                                  *
  *                          VERSION 5.30000                         *
  *                     Revised from VERSION 4.2                     *
  *                           October 2004                           *
  *                                                                  *
  *           (Use -h or /h to list command line options.)           *
  *                                                                  *
  ********************************************************************


 co058434.par                                                                                                                                                                                                                                                    
 0500000US08071.prn                                                                                                                                                                                                                                              
 Tdew -10 rangecheck executed.
 Tdew -10 rangecheck executed.
 Tdew -10 rangecheck executed.
 Tdew -10 rangecheck executed.
 Tdew -10 rangecheck executed.
 Tdew -10 rangecheck executed.
 Tdew -10 rangecheck executed.
 Tdew -10 rangecheck executed.
 Tdew -10 rangecheck executed.
 Tdew -10 rangecheck executed.
 Tdew -10 rangecheck executed.
 Tdew -10 rangecheck executed.
 Tdew -10 rangecheck executed.
 Tdew -10 rangecheck executed.
 Tdew -10 rangecheck executed.
 Tdew -10 rangecheck executed.
 Tdew -10 rangecheck executed.
 Tdew -10 rangecheck executed.
 Tdew -10 rangecheck executed.
 Tdew -10 rangecheck executed.
 Tdew -10 rangecheck executed.
 Tdew -10 rangecheck executed.
 Tdew -10 rangecheck executed.
 FAILED K-S -- Parm:Time to Peak    Mon:           5  Year:        1993  N:         102
 FAILED K-S -- Parm:Time to Peak    Mon:           5  Year:        1993  N:         102
 FAILED K-S -- Parm:Time to Peak    Mon:           5  Year:        1993  N:         102
 FAILED K-S -- Parm:Time to Peak    Mon:           5  Year:        1993  N:         102
 FAILED K-S -- Parm:Time to Peak    Mon:           5  Year:        1993  N:         102
*** ERROR *** Could not produce desired level of quality in
                    << Time to Peak    >> random deviates.
 FAILED K-S -- Parm:Time to Peak    Mon:           5  Year:        1994  N:         111
 FAILED K-S -- Parm:Time to Peak    Mon:           5  Year:        1994  N:         111
 FAILED K-S -- Parm:Time to Peak    Mon:           5  Year:        1994  N:         111
 FAILED K-S -- Parm:Time to Peak    Mon:           5  Year:        1994  N:         111
 FAILED K-S -- Parm:Time to Peak    Mon:           5  Year:        1994  N:         111
*** ERROR *** Could not produce desired level of quality in
                    << Time to Peak    >> random deviates.
 FAILED K-S -- Parm:Time to Peak    Mon:           6  Year:        1994  N:         103
 FAILED K-S -- Parm:Time to Peak    Mon:           6  Year:        1994  N:         103
 FAILED K-S -- Parm:Time to Peak    Mon:           6  Year:        1994  N:         103
 FAILED K-S -- Parm:Time to Peak    Mon:           6  Year:        1994  N:         103
 FAILED K-S -- Parm:Time to Peak    Mon:           6  Year:        1994  N:         103
*** ERROR *** Could not produce desired level of quality in
                    << Time to Peak    >> random deviates.
 FAILED K-S -- Parm:Time to Peak    Mon:           5  Year:        1995  N:         121
 FAILED K-S -- Parm:Time to Peak    Mon:           5  Year:        1995  N:         121
 FAILED K-S -- Parm:Time to Peak    Mon:           5  Year:        1995  N:         121
 FAILED K-S -- Parm:Time to Peak    Mon:           5  Year:        1995  N:         121
 FAILED K-S -- Parm:Time to Peak    Mon:           5  Year:        1995  N:         121
*** ERROR *** Could not produce desired level of quality in
                    << Time to Peak    >> random deviates.
 Tdew -10 rangecheck executed.
 Tdew -10 rangecheck executed.
 Tdew -10 rangecheck executed.
 Tdew -10 rangecheck executed.
 Tdew -10 rangecheck executed.
 FAILED K-S -- Parm:Time to Peak    Mon:           5  Year:        1996  N:         130
 FAILED K-S -- Parm:Time to Peak    Mon:           5  Year:        1996  N:         130
 FAILED K-S -- Parm:Time to Peak    Mon:           5  Year:        1996  N:         130
 FAILED K-S -- Parm:Time to Peak    Mon:           5  Year:        1996  N:         130
 FAILED K-S -- Parm:Time to Peak    Mon:           5  Year:        1996  N:         130
*** ERROR *** Could not produce desired level of quality in
                    << Time to Peak    >> random deviates.
 Tdew -10 rangecheck executed.
 Tdew -10 rangecheck executed.
 Tdew -10 rangecheck executed.
 Tdew -10 rangecheck executed.
 FAILED K-S -- Parm:Time to Peak    Mon:           2  Year:        2003  N:         103
 FAILED K-S -- Parm:Time to Peak    Mon:           2  Year:        2003  N:         103
 FAILED K-S -- Parm:Time to Peak    Mon:           2  Year:        2003  N:         103
 FAILED K-S -- Parm:Time to Peak    Mon:           2  Year:        2003  N:         103
 FAILED K-S -- Parm:Time to Peak    Mon:           2  Year:        2003  N:         103
*** ERROR *** Could not produce desired level of quality in
                    << Time to Peak    >> random deviates.
 FAILED K-S -- Parm:Time to Peak    Mon:           2  Year:        2004  N:         104
 FAILED K-S -- Parm:Time to Peak    Mon:           2  Year:        2004  N:         104
 FAILED K-S -- Parm:Time to Peak    Mon:           2  Year:        2004  N:         104
 FAILED K-S -- Parm:Time to Peak    Mon:           2  Year:        2004  N:         104
 FAILED K-S -- Parm:Time to Peak    Mon:           2  Year:        2004  N:         104
*** ERROR *** Could not produce desired level of quality in
                    << Time to Peak    >> random deviates.
 Tdew -10 rangecheck executed.
 FAILED K-S -- Parm:Time to Peak    Mon:           2  Year:        2005  N:         108
 FAILED K-S -- Parm:Time to Peak    Mon:           2  Year:        2005  N:         108
 FAILED K-S -- Parm:Time to Peak    Mon:           2  Year:        2005  N:         108
 FAILED K-S -- Parm:Time to Peak    Mon:           2  Year:        2005  N:         108
 FAILED K-S -- Parm:Time to Peak    Mon:           2  Year:        2005  N:         108
*** ERROR *** Could not produce desired level of quality in
                    << Time to Peak    >> random deviates.
 FAILED K-S -- Parm:Time to Peak    Mon:           2  Year:        2006  N:         111
 FAILED K-S -- Parm:Time to Peak    Mon:           2  Year:        2006  N:         111
 FAILED K-S -- Parm:Time to Peak    Mon:           2  Year:        2006  N:         111
 FAILED K-S -- Parm:Time to Peak    Mon:           2  Year:        2006  N:         111
 FAILED K-S -- Parm:Time to Peak    Mon:           2  Year:        2006  N:         111
*** ERROR *** Could not produce desired level of quality in
                    << Time to Peak    >> random deviates.
 Tdew -10 rangecheck executed.
 FAILED K-S -- Parm:Time to Peak    Mon:           2  Year:        2007  N:         115
 FAILED K-S -- Parm:Time to Peak    Mon:           2  Year:        2007  N:         115
 FAILED K-S -- Parm:Time to Peak    Mon:           2  Year:        2007  N:         115
 FAILED K-S -- Parm:Time to Peak    Mon:           2  Year:        2007  N:         115
At line 3013 of file cligen53.f (unit = 9, file = '0500000US08071.prn')
Fortran runtime error: Sequential READ or WRITE not allowed after EOF marker, possibly use REWIND or BACKSPACE
 FAILED K-S -- Parm:Time to Peak    Mon:           2  Year:        2007  N:         115
*** ERROR *** Could not produce desired level of quality in
                    << Time to Peak    >> random deviates.
 Tdew -10 rangecheck executed.
 FAILED K-S -- Parm:Time to Peak    Mon:           2  Year:        2008  N:         119
 FAILED K-S -- Parm:Time to Peak    Mon:           2  Year:        2008  N:         119
 FAILED K-S -- Parm:Time to Peak    Mon:           2  Year:        2008  N:         119
 FAILED K-S -- Parm:Time to Peak    Mon:           2  Year:        2008  N:         119
 FAILED K-S -- Parm:Time to Peak    Mon:           2  Year:        2008  N:         119
*** ERROR *** Could not produce desired level of quality in
                    << Time to Peak    >> random deviates.
 Tdew -10 rangecheck executed.
 FAILED K-S -- Parm:Time to Peak    Mon:           2  Year:        2009  N:         127
 FAILED K-S -- Parm:Time to Peak    Mon:           2  Year:        2009  N:         127
 FAILED K-S -- Parm:Time to Peak    Mon:           2  Year:        2009  N:         127
 FAILED K-S -- Parm:Time to Peak    Mon:           2  Year:        2009  N:         127
 FAILED K-S -- Parm:Time to Peak    Mon:           2  Year:        2009  N:         127
*** ERROR *** Could not produce desired level of quality in
                    << Time to Peak    >> random deviates.
 Tdew -10 rangecheck executed.
 FAILED K-S -- Parm:Time to Peak    Mon:           2  Year:        2010  N:         129
 FAILED K-S -- Parm:Time to Peak    Mon:           2  Year:        2010  N:         129
 FAILED K-S -- Parm:Time to Peak    Mon:           2  Year:        2010  N:         129
 FAILED K-S -- Parm:Time to Peak    Mon:           2  Year:        2010  N:         129
 FAILED K-S -- Parm:Time to Peak    Mon:           2  Year:        2010  N:         129
*** ERROR *** Could not produce desired level of quality in
                    << Time to Peak    >> random deviates.
 Tdew -10 rangecheck executed.
 Tdew -10 rangecheck executed.
 Tdew -10 rangecheck executed.
 Tdew -10 rangecheck executed.
 Tdew -10 rangecheck executed.
 Tdew -10 rangecheck executed.
 Tdew -10 rangecheck executed.
 Tdew -10 rangecheck executed.
 Tdew -10 rangecheck executed.
 Tdew -10 rangecheck executed.
