

  ********************************************************************
  *                                                                  *
  *              USDA - WATER EROSION PREDICTION PROJECT             *
  *                 WEPP CLIMATE INPUT DATA GENERATOR                *
  *                                                                  *
  *                    CONTINUOUS SIMULATION AND                     *
  *                       SINGLE STORM OPTIONS                       *
  *                    with Command Line Options,                    *
  *                        and Corrections to                        *
  *                  Rainfall Intensity Calculations                 *
  *                   and Random Number Generation.                  *
  *                                                                  *
  *                          VERSION 5.30000                         *
  *                     Revised from VERSION 4.2                     *
  *                           October 2004                           *
  *                                                                  *
  *           (Use -h or /h to list command line options.)           *
  *                                                                  *
  ********************************************************************


 ne251145.par                                                                                                                                                                                                                                                    
 0500000US31123.prn                                                                                                                                                                                                                                              
 Tdew -10 rangecheck executed.
 Tdew -10 rangecheck executed.
 Tdew -10 rangecheck executed.
 Tdew -10 rangecheck executed.
 Tdew -10 rangecheck executed.
 Tdew -10 rangecheck executed.
 Tdew -10 rangecheck executed.
 Tdew -10 rangecheck executed.
 Tdew -10 rangecheck executed.
 Tdew -10 rangecheck executed.
 Tdew -10 rangecheck executed.
 Tdew -10 rangecheck executed.
 Tdew -10 rangecheck executed.
 Tdew -10 rangecheck executed.
 Tdew -10 rangecheck executed.
 Tdew -10 rangecheck executed.
 Tdew -10 rangecheck executed.
 Tdew -10 rangecheck executed.
 Tdew -10 rangecheck executed.
 Tdew -10 rangecheck executed.
 Tdew -10 rangecheck executed.
 Tdew -10 rangecheck executed.
 Tdew -10 rangecheck executed.
 Tdew -10 rangecheck executed.
 Tdew -10 rangecheck executed.
 Tdew -10 rangecheck executed.
 Tdew -10 rangecheck executed.
 Tdew -10 rangecheck executed.
 Tdew -10 rangecheck executed.
 Tdew -10 rangecheck executed.
 Tdew -10 rangecheck executed.
 Tdew -10 rangecheck executed.
 Tdew -10 rangecheck executed.
 Tdew -10 rangecheck executed.
 Tdew -10 rangecheck executed.
 Tdew -10 rangecheck executed.
 Tdew -10 rangecheck executed.
 Tdew -10 rangecheck executed.
 Tdew -10 rangecheck executed.
 Tdew -10 rangecheck executed.
 Tdew -10 rangecheck executed.
 Tdew -10 rangecheck executed.
 Tdew -10 rangecheck executed.
 Tdew -10 rangecheck executed.
 Tdew -10 rangecheck executed.
 Tdew -10 rangecheck executed.
 Tdew -10 rangecheck executed.
 Tdew -10 rangecheck executed.
 Tdew -10 rangecheck executed.
 Tdew -10 rangecheck executed.
 Tdew -10 rangecheck executed.
 Tdew -10 rangecheck executed.
 Tdew -10 rangecheck executed.
 Tdew -10 rangecheck executed.
 Tdew -10 rangecheck executed.
 Tdew -10 rangecheck executed.
 Tdew -10 rangecheck executed.
 Tdew -10 rangecheck executed.
 Tdew -10 rangecheck executed.
 Tdew -10 rangecheck executed.
 Tdew -10 rangecheck executed.
 Tdew -10 rangecheck executed.
 Tdew -10 rangecheck executed.
 Tdew -10 rangecheck executed.
 Tdew -10 rangecheck executed.
 Tdew -10 rangecheck executed.
 Tdew -10 rangecheck executed.
 Tdew -10 rangecheck executed.
 Tdew -10 rangecheck executed.
 Tdew -10 rangecheck executed.
 Tdew -10 rangecheck executed.
 Tdew -10 rangecheck executed.
 Tdew -10 rangecheck executed.
 Tdew -10 rangecheck executed.
 Tdew -10 rangecheck executed.
 Tdew -10 rangecheck executed.
 Tdew -10 rangecheck executed.
 Tdew -10 rangecheck executed.
 Tdew -10 rangecheck executed.
 Tdew -10 rangecheck executed.
 Tdew -10 rangecheck executed.
 Tdew -10 rangecheck executed.
 Tdew -10 rangecheck executed.
 Tdew -10 rangecheck executed.
 Tdew -10 rangecheck executed.
 Tdew -10 rangecheck executed.
 Tdew -10 rangecheck executed.
 Tdew -10 rangecheck executed.
 Tdew -10 rangecheck executed.
 Tdew -10 rangecheck executed.
 Tdew -10 rangecheck executed.
 Tdew -10 rangecheck executed.
 Tdew -10 rangecheck executed.
 Tdew -10 rangecheck executed.
 Tdew -10 rangecheck executed.
 Tdew -10 rangecheck executed.
 Tdew -10 rangecheck executed.
 FAILED K-S -- Parm:Precip. Amt.    Mon:           9  Year:        2004  N:         105
 FAILED K-S -- Parm:Precip. Amt.    Mon:           9  Year:        2004  N:         105
 FAILED K-S -- Parm:Precip. Amt.    Mon:           9  Year:        2004  N:         105
 FAILED K-S -- Parm:Precip. Amt.    Mon:           9  Year:        2004  N:         105
 FAILED K-S -- Parm:Precip. Amt.    Mon:           9  Year:        2004  N:         105
*** ERROR *** Could not produce desired level of quality in
                    << Precip. Amt.    >> random deviates.
 Tdew -10 rangecheck executed.
 FAILED K-S -- Parm:Precip. Amt.    Mon:           9  Year:        2005  N:         108
 FAILED K-S -- Parm:Precip. Amt.    Mon:           9  Year:        2005  N:         108
 FAILED K-S -- Parm:Precip. Amt.    Mon:           9  Year:        2005  N:         108
 FAILED K-S -- Parm:Precip. Amt.    Mon:           9  Year:        2005  N:         108
 FAILED K-S -- Parm:Precip. Amt.    Mon:           9  Year:        2005  N:         108
*** ERROR *** Could not produce desired level of quality in
                    << Precip. Amt.    >> random deviates.
 Tdew -10 rangecheck executed.
 Tdew -10 rangecheck executed.
 Tdew -10 rangecheck executed.
 Tdew -10 rangecheck executed.
 Tdew -10 rangecheck executed.
 FAILED K-S -- Parm:Precip. Amt.    Mon:           9  Year:        2006  N:         111
 FAILED K-S -- Parm:Precip. Amt.    Mon:           9  Year:        2006  N:         111
 FAILED K-S -- Parm:Precip. Amt.    Mon:           9  Year:        2006  N:         111
 FAILED K-S -- Parm:Precip. Amt.    Mon:           9  Year:        2006  N:         111
 FAILED K-S -- Parm:Precip. Amt.    Mon:           9  Year:        2006  N:         111
*** ERROR *** Could not produce desired level of quality in
                    << Precip. Amt.    >> random deviates.
 FAILED K-S -- Parm:Precip. Amt.    Mon:           9  Year:        2007  N:         119
 FAILED K-S -- Parm:Precip. Amt.    Mon:           9  Year:        2007  N:         119
 FAILED K-S -- Parm:Precip. Amt.    Mon:           9  Year:        2007  N:         119
 FAILED K-S -- Parm:Precip. Amt.    Mon:           9  Year:        2007  N:         119
 FAILED K-S -- Parm:Precip. Amt.    Mon:           9  Year:        2007  N:         119
*** ERROR *** Could not produce desired level of quality in
                    << Precip. Amt.    >> random deviates.
 Tdew -10 rangecheck executed.
 FAILED K-S -- Parm:Precip. Amt.    Mon:           9  Year:        2008  N:         123
 FAILED K-S -- Parm:Precip. Amt.    Mon:           9  Year:        2008  N:         123
 FAILED K-S -- Parm:Precip. Amt.    Mon:           9  Year:        2008  N:         123
 FAILED K-S -- Parm:Precip. Amt.    Mon:           9  Year:        2008  N:         123
 FAILED K-S -- Parm:Precip. Amt.    Mon:           9  Year:        2008  N:         123
*** ERROR *** Could not produce desired level of quality in
                    << Precip. Amt.    >> random deviates.
 Failed SN Mean test.
 Parm:Temp. Dew Pt.   Month:           9  Year:        2008  Mlevel=   60.0000000      SDlevel=   34.5938797      Days:         870
 Tdew -10 rangecheck executed.
 Tdew -10 rangecheck executed.
 Tdew -10 rangecheck executed.
 Tdew -10 rangecheck executed.
 FAILED K-S -- Parm:Precip. Amt.    Mon:           9  Year:        2009  N:         125
 FAILED K-S -- Parm:Precip. Amt.    Mon:           9  Year:        2009  N:         125
 FAILED K-S -- Parm:Precip. Amt.    Mon:           9  Year:        2009  N:         125
 FAILED K-S -- Parm:Precip. Amt.    Mon:           9  Year:        2009  N:         125
 FAILED K-S -- Parm:Precip. Amt.    Mon:           9  Year:        2009  N:         125
*** ERROR *** Could not produce desired level of quality in
                    << Precip. Amt.    >> random deviates.
 Failed SN SD test.
 Parm:Temp. Dew Pt.   Month:           9  Year:        2009  Mlevel=   30.0000000      SDlevel=   82.4779816      Days:         900
 Tdew -10 rangecheck executed.
 Tdew -10 rangecheck executed.
 Tdew -10 rangecheck executed.
 Tdew -10 rangecheck executed.
 FAILED K-S -- Parm:Precip. Amt.    Mon:           9  Year:        2010  N:         134
 FAILED K-S -- Parm:Precip. Amt.    Mon:           9  Year:        2010  N:         134
 FAILED K-S -- Parm:Precip. Amt.    Mon:           9  Year:        2010  N:         134
 FAILED K-S -- Parm:Precip. Amt.    Mon:           9  Year:        2010  N:         134
 FAILED K-S -- Parm:Precip. Amt.    Mon:           9  Year:        2010  N:         134
*** ERROR *** Could not produce desired level of quality in
                    << Precip. Amt.    >> random deviates.
 Failed SN Mean test.
 Failed SN SD test.
 Parm:Temp. Dew Pt.   Month:           9  Year:        2010  Mlevel=   60.0000000      SDlevel=   85.8956909      Days:         930
 FAILED K-S -- Parm:Precip. Amt.    Mon:           1  Year:        2011  N:         102
 FAILED K-S -- Parm:Precip. Amt.    Mon:           1  Year:        2011  N:         102
 FAILED K-S -- Parm:Precip. Amt.    Mon:           1  Year:        2011  N:         102
 FAILED K-S -- Parm:Precip. Amt.    Mon:           1  Year:        2011  N:         102
 FAILED K-S -- Parm:Precip. Amt.    Mon:           1  Year:        2011  N:         102
*** ERROR *** Could not produce desired level of quality in
                    << Precip. Amt.    >> random deviates.
 Failed SN SD test.
 Parm:Temp. Dew Pt.   Month:           1  Year:        2011  Mlevel=   20.0000000      SDlevel=   53.9582863      Days:         992
 Tdew -10 rangecheck executed.
 Tdew -10 rangecheck executed.
 Tdew -10 rangecheck executed.
 Tdew -10 rangecheck executed.
 Tdew -10 rangecheck executed.
 FAILED K-S -- Parm:Precip. Amt.    Mon:           9  Year:        2011  N:         136
 FAILED K-S -- Parm:Precip. Amt.    Mon:           9  Year:        2011  N:         136
 FAILED K-S -- Parm:Precip. Amt.    Mon:           9  Year:        2011  N:         136
 FAILED K-S -- Parm:Precip. Amt.    Mon:           9  Year:        2011  N:         136
 FAILED K-S -- Parm:Precip. Amt.    Mon:           9  Year:        2011  N:         136
*** ERROR *** Could not produce desired level of quality in
                    << Precip. Amt.    >> random deviates.
 Failed SN SD test.
 Parm:Temp. Dew Pt.   Month:           9  Year:        2011  Mlevel=   40.0000000      SDlevel=   99.2976990      Days:         960
 FAILED K-S -- Parm:Precip. Amt.    Mon:           1  Year:        2012  N:         105
 FAILED K-S -- Parm:Precip. Amt.    Mon:           1  Year:        2012  N:         105
 FAILED K-S -- Parm:Precip. Amt.    Mon:           1  Year:        2012  N:         105
 FAILED K-S -- Parm:Precip. Amt.    Mon:           1  Year:        2012  N:         105
 FAILED K-S -- Parm:Precip. Amt.    Mon:           1  Year:        2012  N:         105
*** ERROR *** Could not produce desired level of quality in
                    << Precip. Amt.    >> random deviates.
 FAILED K-S -- Parm:Precip. Amt.    Mon:           9  Year:        2012  N:         143
 FAILED K-S -- Parm:Precip. Amt.    Mon:           9  Year:        2012  N:         143
 FAILED K-S -- Parm:Precip. Amt.    Mon:           9  Year:        2012  N:         143
 FAILED K-S -- Parm:Precip. Amt.    Mon:           9  Year:        2012  N:         143
 FAILED K-S -- Parm:Precip. Amt.    Mon:           9  Year:        2012  N:         143
*** ERROR *** Could not produce desired level of quality in
                    << Precip. Amt.    >> random deviates.
 Failed SN SD test.
 Parm:Temp. Dew Pt.   Month:           9  Year:        2012  Mlevel=   50.0000000      SDlevel=   99.8908768      Days:         990
 Tdew -10 rangecheck executed.
 FAILED K-S -- Parm:Precip. Amt.    Mon:           1  Year:        2013  N:         107
 FAILED K-S -- Parm:Precip. Amt.    Mon:           1  Year:        2013  N:         107
 FAILED K-S -- Parm:Precip. Amt.    Mon:           1  Year:        2013  N:         107
 FAILED K-S -- Parm:Precip. Amt.    Mon:           1  Year:        2013  N:         107
 FAILED K-S -- Parm:Precip. Amt.    Mon:           1  Year:        2013  N:         107
*** ERROR *** Could not produce desired level of quality in
                    << Precip. Amt.    >> random deviates.
 Tdew -10 rangecheck executed.
 FAILED K-S -- Parm:Precip. Amt.    Mon:           9  Year:        2013  N:         149
 FAILED K-S -- Parm:Precip. Amt.    Mon:           9  Year:        2013  N:         149
 FAILED K-S -- Parm:Precip. Amt.    Mon:           9  Year:        2013  N:         149
 FAILED K-S -- Parm:Precip. Amt.    Mon:           9  Year:        2013  N:         149
 FAILED K-S -- Parm:Precip. Amt.    Mon:           9  Year:        2013  N:         149
*** ERROR *** Could not produce desired level of quality in
                    << Precip. Amt.    >> random deviates.
 Failed SN SD test.
 Parm:Temp. Dew Pt.   Month:           9  Year:        2013  Mlevel=   20.0000000      SDlevel=   99.9979706      Days:        1020
 Tdew -10 rangecheck executed.
 Tdew -10 rangecheck executed.
 Tdew -10 rangecheck executed.
 Tdew -10 rangecheck executed.
 Tdew -10 rangecheck executed.
 Tdew -10 rangecheck executed.
 Tdew -10 rangecheck executed.
 FAILED K-S -- Parm:Precip. Amt.    Mon:           9  Year:        2014  N:         154
 FAILED K-S -- Parm:Precip. Amt.    Mon:           9  Year:        2014  N:         154
 FAILED K-S -- Parm:Precip. Amt.    Mon:           9  Year:        2014  N:         154
 FAILED K-S -- Parm:Precip. Amt.    Mon:           9  Year:        2014  N:         154
 FAILED K-S -- Parm:Precip. Amt.    Mon:           9  Year:        2014  N:         154
*** ERROR *** Could not produce desired level of quality in
                    << Precip. Amt.    >> random deviates.
 Failed SN SD test.
 Parm:Temp. Dew Pt.   Month:           9  Year:        2014  Mlevel=   40.0000000      SDlevel=   99.9994507      Days:        1050
 Tdew -10 rangecheck executed.
 Tdew -10 rangecheck executed.
 Tdew -10 rangecheck executed.
 Tdew -10 rangecheck executed.
 Tdew -10 rangecheck executed.
 FAILED K-S -- Parm:Precip. Amt.    Mon:           9  Year:        2015  N:         156
 FAILED K-S -- Parm:Precip. Amt.    Mon:           9  Year:        2015  N:         156
 FAILED K-S -- Parm:Precip. Amt.    Mon:           9  Year:        2015  N:         156
 FAILED K-S -- Parm:Precip. Amt.    Mon:           9  Year:        2015  N:         156
 FAILED K-S -- Parm:Precip. Amt.    Mon:           9  Year:        2015  N:         156
*** ERROR *** Could not produce desired level of quality in
                    << Precip. Amt.    >> random deviates.
 Failed SN SD test.
 Parm:Temp. Dew Pt.   Month:           9  Year:        2015  Mlevel=   30.0000000      SDlevel=   99.9999924      Days:        1080
 Tdew -10 rangecheck executed.
 FAILED K-S -- Parm:Precip. Amt.    Mon:           9  Year:        2016  N:         160
 FAILED K-S -- Parm:Precip. Amt.    Mon:           9  Year:        2016  N:         160
 FAILED K-S -- Parm:Precip. Amt.    Mon:           9  Year:        2016  N:         160
 FAILED K-S -- Parm:Precip. Amt.    Mon:           9  Year:        2016  N:         160
 FAILED K-S -- Parm:Precip. Amt.    Mon:           9  Year:        2016  N:         160
*** ERROR *** Could not produce desired level of quality in
                    << Precip. Amt.    >> random deviates.
 Failed SN SD test.
 Parm:Temp. Dew Pt.   Month:           9  Year:        2016  Mlevel=   30.0000000      SDlevel=   100.000000      Days:        1110
 Tdew -10 rangecheck executed.
At line 3013 of file cligen53.f (unit = 9, file = '0500000US31123.prn')
Fortran runtime error: Sequential READ or WRITE not allowed after EOF marker, possibly use REWIND or BACKSPACE
 FAILED K-S -- Parm:Precip. Amt.    Mon:           9  Year:        2017  N:         162
 FAILED K-S -- Parm:Precip. Amt.    Mon:           9  Year:        2017  N:         162
 FAILED K-S -- Parm:Precip. Amt.    Mon:           9  Year:        2017  N:         162
 FAILED K-S -- Parm:Precip. Amt.    Mon:           9  Year:        2017  N:         162
 FAILED K-S -- Parm:Precip. Amt.    Mon:           9  Year:        2017  N:         162
*** ERROR *** Could not produce desired level of quality in
                    << Precip. Amt.    >> random deviates.
 Failed SN SD test.
 Parm:Temp. Dew Pt.   Month:           9  Year:        2017  Mlevel=   30.0000000      SDlevel=   100.000000      Days:        1140
 Tdew -10 rangecheck executed.
