

  ********************************************************************
  *                                                                  *
  *              USDA - WATER EROSION PREDICTION PROJECT             *
  *                 WEPP CLIMATE INPUT DATA GENERATOR                *
  *                                                                  *
  *                    CONTINUOUS SIMULATION AND                     *
  *                       SINGLE STORM OPTIONS                       *
  *                    with Command Line Options,                    *
  *                        and Corrections to                        *
  *                  Rainfall Intensity Calculations                 *
  *                   and Random Number Generation.                  *
  *                                                                  *
  *                          VERSION 5.30000                         *
  *                     Revised from VERSION 4.2                     *
  *                           October 2004                           *
  *                                                                  *
  *           (Use -h or /h to list command line options.)           *
  *                                                                  *
  ********************************************************************


 tx416135.par                                                                                                                                                                                                                                                    
 0500000US48017.prn                                                                                                                                                                                                                                              
 Tdew -10 rangecheck executed.
 FAILED K-S -- Parm:Time to Peak    Mon:           5  Year:        1997  N:         101
 FAILED K-S -- Parm:Time to Peak    Mon:           5  Year:        1997  N:         101
 FAILED K-S -- Parm:Time to Peak    Mon:           5  Year:        1997  N:         101
 FAILED K-S -- Parm:Time to Peak    Mon:           5  Year:        1997  N:         101
 FAILED K-S -- Parm:Time to Peak    Mon:           5  Year:        1997  N:         101
*** ERROR *** Could not produce desired level of quality in
                    << Time to Peak    >> random deviates.
 FAILED K-S -- Parm:Time to Peak    Mon:           5  Year:        1998  N:         105
 FAILED K-S -- Parm:Time to Peak    Mon:           5  Year:        1998  N:         105
 FAILED K-S -- Parm:Time to Peak    Mon:           5  Year:        1998  N:         105
 FAILED K-S -- Parm:Time to Peak    Mon:           5  Year:        1998  N:         105
 FAILED K-S -- Parm:Time to Peak    Mon:           5  Year:        1998  N:         105
*** ERROR *** Could not produce desired level of quality in
                    << Time to Peak    >> random deviates.
 FAILED K-S -- Parm:Time to Peak    Mon:           5  Year:        1999  N:         106
 FAILED K-S -- Parm:Time to Peak    Mon:           5  Year:        1999  N:         106
 FAILED K-S -- Parm:Time to Peak    Mon:           5  Year:        1999  N:         106
 FAILED K-S -- Parm:Time to Peak    Mon:           5  Year:        1999  N:         106
 FAILED K-S -- Parm:Time to Peak    Mon:           5  Year:        1999  N:         106
*** ERROR *** Could not produce desired level of quality in
                    << Time to Peak    >> random deviates.
 FAILED K-S -- Parm:Precip. Amt.    Mon:           4  Year:        2007  N:         101
 FAILED K-S -- Parm:Precip. Amt.    Mon:           4  Year:        2007  N:         101
 FAILED K-S -- Parm:Precip. Amt.    Mon:           4  Year:        2007  N:         101
 FAILED K-S -- Parm:Precip. Amt.    Mon:           4  Year:        2007  N:         101
 FAILED K-S -- Parm:Precip. Amt.    Mon:           4  Year:        2007  N:         101
*** ERROR *** Could not produce desired level of quality in
                    << Precip. Amt.    >> random deviates.
 FAILED K-S -- Parm:Precip. Amt.    Mon:           4  Year:        2008  N:         104
 FAILED K-S -- Parm:Precip. Amt.    Mon:           4  Year:        2008  N:         104
 FAILED K-S -- Parm:Precip. Amt.    Mon:           4  Year:        2008  N:         104
 FAILED K-S -- Parm:Precip. Amt.    Mon:           4  Year:        2008  N:         104
 FAILED K-S -- Parm:Precip. Amt.    Mon:           4  Year:        2008  N:         104
*** ERROR *** Could not produce desired level of quality in
                    << Precip. Amt.    >> random deviates.
 FAILED K-S -- Parm:Precip. Amt.    Mon:           2  Year:        2011  N:         104
 FAILED K-S -- Parm:Precip. Amt.    Mon:           2  Year:        2011  N:         104
 FAILED K-S -- Parm:Precip. Amt.    Mon:           2  Year:        2011  N:         104
 FAILED K-S -- Parm:Precip. Amt.    Mon:           2  Year:        2011  N:         104
 FAILED K-S -- Parm:Precip. Amt.    Mon:           2  Year:        2011  N:         104
*** ERROR *** Could not produce desired level of quality in
                    << Precip. Amt.    >> random deviates.
 FAILED K-S -- Parm:Precip. Amt.    Mon:           2  Year:        2012  N:         107
 FAILED K-S -- Parm:Precip. Amt.    Mon:           2  Year:        2012  N:         107
 FAILED K-S -- Parm:Precip. Amt.    Mon:           2  Year:        2012  N:         107
 FAILED K-S -- Parm:Precip. Amt.    Mon:           2  Year:        2012  N:         107
 FAILED K-S -- Parm:Precip. Amt.    Mon:           2  Year:        2012  N:         107
*** ERROR *** Could not produce desired level of quality in
                    << Precip. Amt.    >> random deviates.
 FAILED K-S -- Parm:Precip. Amt.    Mon:           2  Year:        2013  N:         111
 FAILED K-S -- Parm:Precip. Amt.    Mon:           2  Year:        2013  N:         111
 FAILED K-S -- Parm:Precip. Amt.    Mon:           2  Year:        2013  N:         111
 FAILED K-S -- Parm:Precip. Amt.    Mon:           2  Year:        2013  N:         111
 FAILED K-S -- Parm:Precip. Amt.    Mon:           2  Year:        2013  N:         111
*** ERROR *** Could not produce desired level of quality in
                    << Precip. Amt.    >> random deviates.
 FAILED K-S -- Parm:Precip. Amt.    Mon:           2  Year:        2014  N:         115
 FAILED K-S -- Parm:Precip. Amt.    Mon:           2  Year:        2014  N:         115
 FAILED K-S -- Parm:Precip. Amt.    Mon:           2  Year:        2014  N:         115
 FAILED K-S -- Parm:Precip. Amt.    Mon:           2  Year:        2014  N:         115
 FAILED K-S -- Parm:Precip. Amt.    Mon:           2  Year:        2014  N:         115
*** ERROR *** Could not produce desired level of quality in
                    << Precip. Amt.    >> random deviates.
 FAILED K-S -- Parm:Precip. Amt.    Mon:           2  Year:        2015  N:         123
 FAILED K-S -- Parm:Precip. Amt.    Mon:           2  Year:        2015  N:         123
 FAILED K-S -- Parm:Precip. Amt.    Mon:           2  Year:        2015  N:         123
 FAILED K-S -- Parm:Precip. Amt.    Mon:           2  Year:        2015  N:         123
 FAILED K-S -- Parm:Precip. Amt.    Mon:           2  Year:        2015  N:         123
*** ERROR *** Could not produce desired level of quality in
                    << Precip. Amt.    >> random deviates.
 FAILED K-S -- Parm:Precip. Amt.    Mon:           2  Year:        2016  N:         124
 FAILED K-S -- Parm:Precip. Amt.    Mon:           2  Year:        2016  N:         124
 FAILED K-S -- Parm:Precip. Amt.    Mon:           2  Year:        2016  N:         124
 FAILED K-S -- Parm:Precip. Amt.    Mon:           2  Year:        2016  N:         124
 FAILED K-S -- Parm:Precip. Amt.    Mon:           2  Year:        2016  N:         124
*** ERROR *** Could not produce desired level of quality in
                    << Precip. Amt.    >> random deviates.
 Tdew -10 rangecheck executed.
 FAILED K-S -- Parm:Precip. Amt.    Mon:           2  Year:        2017  N:         130
 FAILED K-S -- Parm:Precip. Amt.    Mon:           2  Year:        2017  N:         130
At line 3013 of file cligen53.f (unit = 9, file = '0500000US48017.prn')
Fortran runtime error: Sequential READ or WRITE not allowed after EOF marker, possibly use REWIND or BACKSPACE
 FAILED K-S -- Parm:Precip. Amt.    Mon:           2  Year:        2017  N:         130
 FAILED K-S -- Parm:Precip. Amt.    Mon:           2  Year:        2017  N:         130
 FAILED K-S -- Parm:Precip. Amt.    Mon:           2  Year:        2017  N:         130
*** ERROR *** Could not produce desired level of quality in
                    << Precip. Amt.    >> random deviates.
