

  ********************************************************************
  *                                                                  *
  *              USDA - WATER EROSION PREDICTION PROJECT             *
  *                 WEPP CLIMATE INPUT DATA GENERATOR                *
  *                                                                  *
  *                    CONTINUOUS SIMULATION AND                     *
  *                       SINGLE STORM OPTIONS                       *
  *                    with Command Line Options,                    *
  *                        and Corrections to                        *
  *                  Rainfall Intensity Calculations                 *
  *                   and Random Number Generation.                  *
  *                                                                  *
  *                          VERSION 5.30000                         *
  *                     Revised from VERSION 4.2                     *
  *                           October 2004                           *
  *                                                                  *
  *           (Use -h or /h to list command line options.)           *
  *                                                                  *
  ********************************************************************


 nm294856.par                                                                                                                                                                                                                                                    
 0500000US35047.prn                                                                                                                                                                                                                                              
 Tdew -10 rangecheck executed.
 Tdew -10 rangecheck executed.
 Tdew -10 rangecheck executed.
 Tdew -10 rangecheck executed.
 Tdew -10 rangecheck executed.
 Tdew -10 rangecheck executed.
 Tdew -10 rangecheck executed.
 Tdew -10 rangecheck executed.
 Tdew -10 rangecheck executed.
 Tdew -10 rangecheck executed.
 Tdew -10 rangecheck executed.
 Tdew -10 rangecheck executed.
 Tdew -10 rangecheck executed.
 Tdew -10 rangecheck executed.
 Tdew -10 rangecheck executed.
 Tdew -10 rangecheck executed.
 Tdew -10 rangecheck executed.
 Tdew -10 rangecheck executed.
 Tdew -10 rangecheck executed.
 FAILED K-S -- Parm:Precip. Amt.    Mon:          11  Year:        2001  N:         105
 FAILED K-S -- Parm:Precip. Amt.    Mon:          11  Year:        2001  N:         105
 FAILED K-S -- Parm:Precip. Amt.    Mon:          11  Year:        2001  N:         105
 FAILED K-S -- Parm:Precip. Amt.    Mon:          11  Year:        2001  N:         105
 FAILED K-S -- Parm:Precip. Amt.    Mon:          11  Year:        2001  N:         105
*** ERROR *** Could not produce desired level of quality in
                    << Precip. Amt.    >> random deviates.
 FAILED K-S -- Parm:Time to Peak    Mon:          11  Year:        2001  N:         105
 FAILED K-S -- Parm:Precip. Amt.    Mon:          11  Year:        2002  N:         112
 FAILED K-S -- Parm:Precip. Amt.    Mon:          11  Year:        2002  N:         112
 FAILED K-S -- Parm:Precip. Amt.    Mon:          11  Year:        2002  N:         112
 FAILED K-S -- Parm:Precip. Amt.    Mon:          11  Year:        2002  N:         112
 FAILED K-S -- Parm:Precip. Amt.    Mon:          11  Year:        2002  N:         112
*** ERROR *** Could not produce desired level of quality in
                    << Precip. Amt.    >> random deviates.
 FAILED K-S -- Parm:Time to Peak    Mon:          11  Year:        2002  N:         106
 FAILED K-S -- Parm:Precip. Amt.    Mon:          11  Year:        2003  N:         118
 FAILED K-S -- Parm:Precip. Amt.    Mon:          11  Year:        2003  N:         118
 FAILED K-S -- Parm:Precip. Amt.    Mon:          11  Year:        2003  N:         118
 FAILED K-S -- Parm:Precip. Amt.    Mon:          11  Year:        2003  N:         118
 FAILED K-S -- Parm:Precip. Amt.    Mon:          11  Year:        2003  N:         118
*** ERROR *** Could not produce desired level of quality in
                    << Precip. Amt.    >> random deviates.
 FAILED K-S -- Parm:Time to Peak    Mon:          11  Year:        2003  N:         105
 FAILED K-S -- Parm:Precip. Amt.    Mon:          11  Year:        2004  N:         124
 FAILED K-S -- Parm:Precip. Amt.    Mon:          11  Year:        2004  N:         124
 FAILED K-S -- Parm:Precip. Amt.    Mon:          11  Year:        2004  N:         124
 FAILED K-S -- Parm:Precip. Amt.    Mon:          11  Year:        2004  N:         124
 FAILED K-S -- Parm:Precip. Amt.    Mon:          11  Year:        2004  N:         124
*** ERROR *** Could not produce desired level of quality in
                    << Precip. Amt.    >> random deviates.
 Failed SN Mean test.
 Parm:Temp. Dew Pt.   Month:          11  Year:        2004  Mlevel=   60.0000000      SDlevel=   23.6881847      Days:         750
 FAILED K-S -- Parm:Time to Peak    Mon:          11  Year:        2004  N:         105
 Tdew -10 rangecheck executed.
 FAILED K-S -- Parm:Precip. Amt.    Mon:          11  Year:        2005  N:         129
 FAILED K-S -- Parm:Precip. Amt.    Mon:          11  Year:        2005  N:         129
 FAILED K-S -- Parm:Precip. Amt.    Mon:          11  Year:        2005  N:         129
 FAILED K-S -- Parm:Precip. Amt.    Mon:          11  Year:        2005  N:         129
 FAILED K-S -- Parm:Precip. Amt.    Mon:          11  Year:        2005  N:         129
*** ERROR *** Could not produce desired level of quality in
                    << Precip. Amt.    >> random deviates.
 Failed SN SD test.
 Parm:Temp. Dew Pt.   Month:          11  Year:        2005  Mlevel=   40.0000000      SDlevel=   68.5830612      Days:         780
 FAILED K-S -- Parm:Time to Peak    Mon:          11  Year:        2005  N:         104
 FAILED K-S -- Parm:Precip. Amt.    Mon:          11  Year:        2006  N:         133
 FAILED K-S -- Parm:Precip. Amt.    Mon:          11  Year:        2006  N:         133
 FAILED K-S -- Parm:Precip. Amt.    Mon:          11  Year:        2006  N:         133
 FAILED K-S -- Parm:Precip. Amt.    Mon:          11  Year:        2006  N:         133
 FAILED K-S -- Parm:Precip. Amt.    Mon:          11  Year:        2006  N:         133
*** ERROR *** Could not produce desired level of quality in
                    << Precip. Amt.    >> random deviates.
 Failed SN SD test.
 Parm:Temp. Dew Pt.   Month:          11  Year:        2006  Mlevel=   40.0000000      SDlevel=   91.0401001      Days:         810
 Tdew -10 rangecheck executed.
 FAILED K-S -- Parm:Precip. Amt.    Mon:          11  Year:        2007  N:         137
 FAILED K-S -- Parm:Precip. Amt.    Mon:          11  Year:        2007  N:         137
 FAILED K-S -- Parm:Precip. Amt.    Mon:          11  Year:        2007  N:         137
 FAILED K-S -- Parm:Precip. Amt.    Mon:          11  Year:        2007  N:         137
 FAILED K-S -- Parm:Precip. Amt.    Mon:          11  Year:        2007  N:         137
*** ERROR *** Could not produce desired level of quality in
                    << Precip. Amt.    >> random deviates.
 Failed SN SD test.
 Parm:Temp. Dew Pt.   Month:          11  Year:        2007  Mlevel=   40.0000000      SDlevel=   99.4031906      Days:         840
 FAILED K-S -- Parm:Time to Peak    Mon:          11  Year:        2007  N:         107
 FAILED K-S -- Parm:Precip. Amt.    Mon:          11  Year:        2008  N:         141
 FAILED K-S -- Parm:Precip. Amt.    Mon:          11  Year:        2008  N:         141
 FAILED K-S -- Parm:Precip. Amt.    Mon:          11  Year:        2008  N:         141
 FAILED K-S -- Parm:Precip. Amt.    Mon:          11  Year:        2008  N:         141
 FAILED K-S -- Parm:Precip. Amt.    Mon:          11  Year:        2008  N:         141
*** ERROR *** Could not produce desired level of quality in
                    << Precip. Amt.    >> random deviates.
 Failed SN SD test.
 Parm:Temp. Dew Pt.   Month:          11  Year:        2008  Mlevel=   30.0000000      SDlevel=   99.6836929      Days:         870
 FAILED K-S -- Parm:Precip. Amt.    Mon:          11  Year:        2009  N:         141
 FAILED K-S -- Parm:Precip. Amt.    Mon:          11  Year:        2009  N:         141
 FAILED K-S -- Parm:Precip. Amt.    Mon:          11  Year:        2009  N:         141
 FAILED K-S -- Parm:Precip. Amt.    Mon:          11  Year:        2009  N:         141
 FAILED K-S -- Parm:Precip. Amt.    Mon:          11  Year:        2009  N:         141
*** ERROR *** Could not produce desired level of quality in
                    << Precip. Amt.    >> random deviates.
 Failed SN SD test.
 Parm:Temp. Dew Pt.   Month:          11  Year:        2009  Mlevel=   40.0000000      SDlevel=   99.9946899      Days:         900
 FAILED K-S -- Parm:Precip. Amt.    Mon:          11  Year:        2010  N:         144
 FAILED K-S -- Parm:Precip. Amt.    Mon:          11  Year:        2010  N:         144
 FAILED K-S -- Parm:Precip. Amt.    Mon:          11  Year:        2010  N:         144
 FAILED K-S -- Parm:Precip. Amt.    Mon:          11  Year:        2010  N:         144
 FAILED K-S -- Parm:Precip. Amt.    Mon:          11  Year:        2010  N:         144
*** ERROR *** Could not produce desired level of quality in
                    << Precip. Amt.    >> random deviates.
 Failed SN SD test.
 Parm:Temp. Dew Pt.   Month:          11  Year:        2010  Mlevel=   50.0000000      SDlevel=   99.9998474      Days:         930
 Tdew -10 rangecheck executed.
 Tdew -10 rangecheck executed.
 Tdew -10 rangecheck executed.
 FAILED K-S -- Parm:Precip. Amt.    Mon:          11  Year:        2011  N:         147
 FAILED K-S -- Parm:Precip. Amt.    Mon:          11  Year:        2011  N:         147
 FAILED K-S -- Parm:Precip. Amt.    Mon:          11  Year:        2011  N:         147
 FAILED K-S -- Parm:Precip. Amt.    Mon:          11  Year:        2011  N:         147
 FAILED K-S -- Parm:Precip. Amt.    Mon:          11  Year:        2011  N:         147
*** ERROR *** Could not produce desired level of quality in
                    << Precip. Amt.    >> random deviates.
 Failed SN Mean test.
 Failed SN SD test.
 Parm:Temp. Dew Pt.   Month:          11  Year:        2011  Mlevel=   60.0000000      SDlevel=   100.000000      Days:         960
 FAILED K-S -- Parm:Precip. Amt.    Mon:          11  Year:        2012  N:         149
 FAILED K-S -- Parm:Precip. Amt.    Mon:          11  Year:        2012  N:         149
 FAILED K-S -- Parm:Precip. Amt.    Mon:          11  Year:        2012  N:         149
 FAILED K-S -- Parm:Precip. Amt.    Mon:          11  Year:        2012  N:         149
 FAILED K-S -- Parm:Precip. Amt.    Mon:          11  Year:        2012  N:         149
*** ERROR *** Could not produce desired level of quality in
                    << Precip. Amt.    >> random deviates.
 Failed SN SD test.
 Parm:Temp. Dew Pt.   Month:          11  Year:        2012  Mlevel=   20.0000000      SDlevel=   100.000000      Days:         990
 Tdew -10 rangecheck executed.
 FAILED K-S -- Parm:Precip. Amt.    Mon:          11  Year:        2013  N:         156
 FAILED K-S -- Parm:Precip. Amt.    Mon:          11  Year:        2013  N:         156
 FAILED K-S -- Parm:Precip. Amt.    Mon:          11  Year:        2013  N:         156
 FAILED K-S -- Parm:Precip. Amt.    Mon:          11  Year:        2013  N:         156
 FAILED K-S -- Parm:Precip. Amt.    Mon:          11  Year:        2013  N:         156
*** ERROR *** Could not produce desired level of quality in
                    << Precip. Amt.    >> random deviates.
 FAILED K-S -- Parm:Wind Dir.       Mon:          11  Year:        2013  N:        1020
 Failed SN SD test.
 Parm:Temp. Dew Pt.   Month:          11  Year:        2013  Mlevel=   30.0000000      SDlevel=   100.000000      Days:        1020
 FAILED K-S -- Parm:Precip. Amt.    Mon:          11  Year:        2014  N:         162
 FAILED K-S -- Parm:Precip. Amt.    Mon:          11  Year:        2014  N:         162
 FAILED K-S -- Parm:Precip. Amt.    Mon:          11  Year:        2014  N:         162
 FAILED K-S -- Parm:Precip. Amt.    Mon:          11  Year:        2014  N:         162
At line 3013 of file cligen53.f (unit = 9, file = '0500000US35047.prn')
Fortran runtime error: Sequential READ or WRITE not allowed after EOF marker, possibly use REWIND or BACKSPACE
 FAILED K-S -- Parm:Precip. Amt.    Mon:          11  Year:        2014  N:         162
*** ERROR *** Could not produce desired level of quality in
                    << Precip. Amt.    >> random deviates.
 FAILED K-S -- Parm:Wind Dir.       Mon:          11  Year:        2014  N:        1020
 Failed SN SD test.
 Parm:Temp. Dew Pt.   Month:          11  Year:        2014  Mlevel=   50.0000000      SDlevel=   100.000000      Days:        1050
 FAILED K-S -- Parm:Precip. Amt.    Mon:          11  Year:        2015  N:         166
 FAILED K-S -- Parm:Precip. Amt.    Mon:          11  Year:        2015  N:         166
 FAILED K-S -- Parm:Precip. Amt.    Mon:          11  Year:        2015  N:         166
 FAILED K-S -- Parm:Precip. Amt.    Mon:          11  Year:        2015  N:         166
 FAILED K-S -- Parm:Precip. Amt.    Mon:          11  Year:        2015  N:         166
*** ERROR *** Could not produce desired level of quality in
                    << Precip. Amt.    >> random deviates.
 Failed SN SD test.
 Parm:Temp. Dew Pt.   Month:          11  Year:        2015  Mlevel=   30.0000000      SDlevel=   100.000000      Days:        1080
 FAILED K-S -- Parm:Precip. Amt.    Mon:          11  Year:        2016  N:         168
 FAILED K-S -- Parm:Precip. Amt.    Mon:          11  Year:        2016  N:         168
 FAILED K-S -- Parm:Precip. Amt.    Mon:          11  Year:        2016  N:         168
 FAILED K-S -- Parm:Precip. Amt.    Mon:          11  Year:        2016  N:         168
 FAILED K-S -- Parm:Precip. Amt.    Mon:          11  Year:        2016  N:         168
*** ERROR *** Could not produce desired level of quality in
                    << Precip. Amt.    >> random deviates.
 Failed SN SD test.
 Parm:Temp. Dew Pt.   Month:          11  Year:        2016  Mlevel=   40.0000000      SDlevel=   100.000000      Days:        1110
 Tdew -10 rangecheck executed.
 FAILED K-S -- Parm:Precip. Amt.    Mon:          11  Year:        2017  N:         172
 FAILED K-S -- Parm:Precip. Amt.    Mon:          11  Year:        2017  N:         172
 FAILED K-S -- Parm:Precip. Amt.    Mon:          11  Year:        2017  N:         172
 FAILED K-S -- Parm:Precip. Amt.    Mon:          11  Year:        2017  N:         172
 FAILED K-S -- Parm:Precip. Amt.    Mon:          11  Year:        2017  N:         172
*** ERROR *** Could not produce desired level of quality in
                    << Precip. Amt.    >> random deviates.
 Failed SN SD test.
 Parm:Temp. Dew Pt.   Month:          11  Year:        2017  Mlevel=   40.0000000      SDlevel=   100.000000      Days:        1140
