

  ********************************************************************
  *                                                                  *
  *              USDA - WATER EROSION PREDICTION PROJECT             *
  *                 WEPP CLIMATE INPUT DATA GENERATOR                *
  *                                                                  *
  *                    CONTINUOUS SIMULATION AND                     *
  *                       SINGLE STORM OPTIONS                       *
  *                    with Command Line Options,                    *
  *                        and Corrections to                        *
  *                  Rainfall Intensity Calculations                 *
  *                   and Random Number Generation.                  *
  *                                                                  *
  *                          VERSION 5.30000                         *
  *                     Revised from VERSION 4.2                     *
  *                           October 2004                           *
  *                                                                  *
  *           (Use -h or /h to list command line options.)           *
  *                                                                  *
  ********************************************************************


 ne258320.par                                                                                                                                                                                                                                                    
 0500000US20089.prn                                                                                                                                                                                                                                              
 Tdew -10 rangecheck executed.
 Tdew -10 rangecheck executed.
 Tdew -10 rangecheck executed.
 Tdew -10 rangecheck executed.
 Tdew -10 rangecheck executed.
 Tdew -10 rangecheck executed.
 Tdew -10 rangecheck executed.
 Tdew -10 rangecheck executed.
 Tdew -10 rangecheck executed.
 Tdew -10 rangecheck executed.
 Tdew -10 rangecheck executed.
 Tdew -10 rangecheck executed.
 Tdew -10 rangecheck executed.
 Tdew -10 rangecheck executed.
 Tdew -10 rangecheck executed.
 Tdew -10 rangecheck executed.
 Tdew -10 rangecheck executed.
 Tdew -10 rangecheck executed.
 Tdew -10 rangecheck executed.
 Tdew -10 rangecheck executed.
 Tdew -10 rangecheck executed.
 Tdew -10 rangecheck executed.
 Tdew -10 rangecheck executed.
 FAILED K-S -- Parm:Precip. Amt.    Mon:           8  Year:        1990  N:         105
 FAILED K-S -- Parm:Precip. Amt.    Mon:           8  Year:        1990  N:         105
 FAILED K-S -- Parm:Precip. Amt.    Mon:           8  Year:        1990  N:         105
 FAILED K-S -- Parm:Precip. Amt.    Mon:           8  Year:        1990  N:         105
 FAILED K-S -- Parm:Precip. Amt.    Mon:           8  Year:        1990  N:         105
*** ERROR *** Could not produce desired level of quality in
                    << Precip. Amt.    >> random deviates.
 Tdew -10 rangecheck executed.
 Tdew -10 rangecheck executed.
 Tdew -10 rangecheck executed.
 Tdew -10 rangecheck executed.
 Tdew -10 rangecheck executed.
 Tdew -10 rangecheck executed.
 Tdew -10 rangecheck executed.
 Tdew -10 rangecheck executed.
 Tdew -10 rangecheck executed.
 Tdew -10 rangecheck executed.
 Tdew -10 rangecheck executed.
 FAILED K-S -- Parm:Time to Peak    Mon:           2  Year:        1997  N:         102
 FAILED K-S -- Parm:Time to Peak    Mon:           2  Year:        1997  N:         102
 FAILED K-S -- Parm:Time to Peak    Mon:           2  Year:        1997  N:         102
 FAILED K-S -- Parm:Time to Peak    Mon:           2  Year:        1997  N:         102
 FAILED K-S -- Parm:Time to Peak    Mon:           2  Year:        1997  N:         102
*** ERROR *** Could not produce desired level of quality in
                    << Time to Peak    >> random deviates.
 FAILED K-S -- Parm:Time to Peak    Mon:           2  Year:        1998  N:         105
 FAILED K-S -- Parm:Time to Peak    Mon:           2  Year:        1998  N:         105
 FAILED K-S -- Parm:Time to Peak    Mon:           2  Year:        1998  N:         105
 FAILED K-S -- Parm:Time to Peak    Mon:           2  Year:        1998  N:         105
 FAILED K-S -- Parm:Time to Peak    Mon:           2  Year:        1998  N:         105
*** ERROR *** Could not produce desired level of quality in
                    << Time to Peak    >> random deviates.
 FAILED K-S -- Parm:Time to Peak    Mon:           2  Year:        1999  N:         110
 FAILED K-S -- Parm:Time to Peak    Mon:           2  Year:        1999  N:         110
 FAILED K-S -- Parm:Time to Peak    Mon:           2  Year:        1999  N:         110
 FAILED K-S -- Parm:Time to Peak    Mon:           2  Year:        1999  N:         110
 FAILED K-S -- Parm:Time to Peak    Mon:           2  Year:        1999  N:         110
*** ERROR *** Could not produce desired level of quality in
                    << Time to Peak    >> random deviates.
 FAILED K-S -- Parm:Time to Peak    Mon:           2  Year:        2000  N:         115
 FAILED K-S -- Parm:Time to Peak    Mon:           2  Year:        2000  N:         115
 FAILED K-S -- Parm:Time to Peak    Mon:           2  Year:        2000  N:         115
 FAILED K-S -- Parm:Time to Peak    Mon:           2  Year:        2000  N:         115
 FAILED K-S -- Parm:Time to Peak    Mon:           2  Year:        2000  N:         115
*** ERROR *** Could not produce desired level of quality in
                    << Time to Peak    >> random deviates.
 FAILED K-S -- Parm:Time to Peak    Mon:           2  Year:        2001  N:         116
 FAILED K-S -- Parm:Time to Peak    Mon:           2  Year:        2001  N:         116
 FAILED K-S -- Parm:Time to Peak    Mon:           2  Year:        2001  N:         116
 FAILED K-S -- Parm:Time to Peak    Mon:           2  Year:        2001  N:         116
 FAILED K-S -- Parm:Time to Peak    Mon:           2  Year:        2001  N:         116
*** ERROR *** Could not produce desired level of quality in
                    << Time to Peak    >> random deviates.
 Tdew -10 rangecheck executed.
 FAILED K-S -- Parm:Time to Peak    Mon:          12  Year:        2001  N:         100
 FAILED K-S -- Parm:Time to Peak    Mon:          12  Year:        2001  N:         100
 FAILED K-S -- Parm:Time to Peak    Mon:          12  Year:        2001  N:         100
 FAILED K-S -- Parm:Time to Peak    Mon:          12  Year:        2001  N:         100
 FAILED K-S -- Parm:Time to Peak    Mon:          12  Year:        2001  N:         100
*** ERROR *** Could not produce desired level of quality in
                    << Time to Peak    >> random deviates.
 FAILED K-S -- Parm:Time to Peak    Mon:           2  Year:        2002  N:         120
 FAILED K-S -- Parm:Time to Peak    Mon:           2  Year:        2002  N:         120
 FAILED K-S -- Parm:Time to Peak    Mon:           2  Year:        2002  N:         120
 FAILED K-S -- Parm:Time to Peak    Mon:           2  Year:        2002  N:         120
 FAILED K-S -- Parm:Time to Peak    Mon:           2  Year:        2002  N:         120
*** ERROR *** Could not produce desired level of quality in
                    << Time to Peak    >> random deviates.
 FAILED K-S -- Parm:Time to Peak    Mon:          12  Year:        2002  N:         108
 FAILED K-S -- Parm:Time to Peak    Mon:          12  Year:        2002  N:         108
 FAILED K-S -- Parm:Time to Peak    Mon:          12  Year:        2002  N:         108
 FAILED K-S -- Parm:Time to Peak    Mon:          12  Year:        2002  N:         108
 FAILED K-S -- Parm:Time to Peak    Mon:          12  Year:        2002  N:         108
*** ERROR *** Could not produce desired level of quality in
                    << Time to Peak    >> random deviates.
 Tdew -10 rangecheck executed.
 FAILED K-S -- Parm:Time to Peak    Mon:           2  Year:        2003  N:         124
 FAILED K-S -- Parm:Time to Peak    Mon:           2  Year:        2003  N:         124
 FAILED K-S -- Parm:Time to Peak    Mon:           2  Year:        2003  N:         124
 FAILED K-S -- Parm:Time to Peak    Mon:           2  Year:        2003  N:         124
 FAILED K-S -- Parm:Time to Peak    Mon:           2  Year:        2003  N:         124
*** ERROR *** Could not produce desired level of quality in
                    << Time to Peak    >> random deviates.
 FAILED K-S -- Parm:Time to Peak    Mon:          12  Year:        2003  N:         111
 FAILED K-S -- Parm:Time to Peak    Mon:          12  Year:        2003  N:         111
 FAILED K-S -- Parm:Time to Peak    Mon:          12  Year:        2003  N:         111
 FAILED K-S -- Parm:Time to Peak    Mon:          12  Year:        2003  N:         111
 FAILED K-S -- Parm:Time to Peak    Mon:          12  Year:        2003  N:         111
*** ERROR *** Could not produce desired level of quality in
                    << Time to Peak    >> random deviates.
 FAILED K-S -- Parm:Time to Peak    Mon:           2  Year:        2004  N:         126
 FAILED K-S -- Parm:Time to Peak    Mon:           2  Year:        2004  N:         126
 FAILED K-S -- Parm:Time to Peak    Mon:           2  Year:        2004  N:         126
 FAILED K-S -- Parm:Time to Peak    Mon:           2  Year:        2004  N:         126
 FAILED K-S -- Parm:Time to Peak    Mon:           2  Year:        2004  N:         126
*** ERROR *** Could not produce desired level of quality in
                    << Time to Peak    >> random deviates.
 Tdew -10 rangecheck executed.
 FAILED K-S -- Parm:Time to Peak    Mon:          12  Year:        2004  N:         116
 FAILED K-S -- Parm:Time to Peak    Mon:          12  Year:        2004  N:         116
 FAILED K-S -- Parm:Time to Peak    Mon:          12  Year:        2004  N:         116
 FAILED K-S -- Parm:Time to Peak    Mon:          12  Year:        2004  N:         116
 FAILED K-S -- Parm:Time to Peak    Mon:          12  Year:        2004  N:         116
*** ERROR *** Could not produce desired level of quality in
                    << Time to Peak    >> random deviates.
 Tdew -10 rangecheck executed.
 FAILED K-S -- Parm:Time to Peak    Mon:           2  Year:        2005  N:         130
 FAILED K-S -- Parm:Time to Peak    Mon:           2  Year:        2005  N:         130
 FAILED K-S -- Parm:Time to Peak    Mon:           2  Year:        2005  N:         130
 FAILED K-S -- Parm:Time to Peak    Mon:           2  Year:        2005  N:         130
 FAILED K-S -- Parm:Time to Peak    Mon:           2  Year:        2005  N:         130
*** ERROR *** Could not produce desired level of quality in
                    << Time to Peak    >> random deviates.
 FAILED K-S -- Parm:Time to Peak    Mon:          12  Year:        2005  N:         122
 FAILED K-S -- Parm:Time to Peak    Mon:          12  Year:        2005  N:         122
 FAILED K-S -- Parm:Time to Peak    Mon:          12  Year:        2005  N:         122
 FAILED K-S -- Parm:Time to Peak    Mon:          12  Year:        2005  N:         122
 FAILED K-S -- Parm:Time to Peak    Mon:          12  Year:        2005  N:         122
*** ERROR *** Could not produce desired level of quality in
                    << Time to Peak    >> random deviates.
 FAILED K-S -- Parm:Time to Peak    Mon:           2  Year:        2006  N:         136
 FAILED K-S -- Parm:Time to Peak    Mon:           2  Year:        2006  N:         136
 FAILED K-S -- Parm:Time to Peak    Mon:           2  Year:        2006  N:         136
 FAILED K-S -- Parm:Time to Peak    Mon:           2  Year:        2006  N:         136
 FAILED K-S -- Parm:Time to Peak    Mon:           2  Year:        2006  N:         136
*** ERROR *** Could not produce desired level of quality in
                    << Time to Peak    >> random deviates.
 Tdew -10 rangecheck executed.
 FAILED K-S -- Parm:Time to Peak    Mon:          12  Year:        2006  N:         128
 FAILED K-S -- Parm:Time to Peak    Mon:          12  Year:        2006  N:         128
 FAILED K-S -- Parm:Time to Peak    Mon:          12  Year:        2006  N:         128
 FAILED K-S -- Parm:Time to Peak    Mon:          12  Year:        2006  N:         128
 FAILED K-S -- Parm:Time to Peak    Mon:          12  Year:        2006  N:         128
*** ERROR *** Could not produce desired level of quality in
                    << Time to Peak    >> random deviates.
 Tdew -10 rangecheck executed.
 FAILED K-S -- Parm:Time to Peak    Mon:          12  Year:        2007  N:         135
 FAILED K-S -- Parm:Time to Peak    Mon:          12  Year:        2007  N:         135
 FAILED K-S -- Parm:Time to Peak    Mon:          12  Year:        2007  N:         135
 FAILED K-S -- Parm:Time to Peak    Mon:          12  Year:        2007  N:         135
 FAILED K-S -- Parm:Time to Peak    Mon:          12  Year:        2007  N:         135
*** ERROR *** Could not produce desired level of quality in
                    << Time to Peak    >> random deviates.
 Tdew -10 rangecheck executed.
 FAILED K-S -- Parm:Time to Peak    Mon:          12  Year:        2008  N:         143
 FAILED K-S -- Parm:Time to Peak    Mon:          12  Year:        2008  N:         143
 FAILED K-S -- Parm:Time to Peak    Mon:          12  Year:        2008  N:         143
 FAILED K-S -- Parm:Time to Peak    Mon:          12  Year:        2008  N:         143
 FAILED K-S -- Parm:Time to Peak    Mon:          12  Year:        2008  N:         143
*** ERROR *** Could not produce desired level of quality in
                    << Time to Peak    >> random deviates.
 Tdew -10 rangecheck executed.
 FAILED K-S -- Parm:Time to Peak    Mon:          12  Year:        2009  N:         145
 FAILED K-S -- Parm:Time to Peak    Mon:          12  Year:        2009  N:         145
 FAILED K-S -- Parm:Time to Peak    Mon:          12  Year:        2009  N:         145
 FAILED K-S -- Parm:Time to Peak    Mon:          12  Year:        2009  N:         145
 FAILED K-S -- Parm:Time to Peak    Mon:          12  Year:        2009  N:         145
*** ERROR *** Could not produce desired level of quality in
                    << Time to Peak    >> random deviates.
 Tdew -10 rangecheck executed.
 Tdew -10 rangecheck executed.
 Tdew -10 rangecheck executed.
 FAILED K-S -- Parm:Time to Peak    Mon:          12  Year:        2010  N:         149
 FAILED K-S -- Parm:Time to Peak    Mon:          12  Year:        2010  N:         149
 FAILED K-S -- Parm:Time to Peak    Mon:          12  Year:        2010  N:         149
 FAILED K-S -- Parm:Time to Peak    Mon:          12  Year:        2010  N:         149
 FAILED K-S -- Parm:Time to Peak    Mon:          12  Year:        2010  N:         149
*** ERROR *** Could not produce desired level of quality in
                    << Time to Peak    >> random deviates.
 Tdew -10 rangecheck executed.
 FAILED K-S -- Parm:Time to Peak    Mon:          12  Year:        2011  N:         157
 FAILED K-S -- Parm:Time to Peak    Mon:          12  Year:        2011  N:         157
 FAILED K-S -- Parm:Time to Peak    Mon:          12  Year:        2011  N:         157
 FAILED K-S -- Parm:Time to Peak    Mon:          12  Year:        2011  N:         157
 FAILED K-S -- Parm:Time to Peak    Mon:          12  Year:        2011  N:         157
*** ERROR *** Could not produce desired level of quality in
                    << Time to Peak    >> random deviates.
 FAILED K-S -- Parm:Time to Peak    Mon:          12  Year:        2012  N:         166
 FAILED K-S -- Parm:Time to Peak    Mon:          12  Year:        2012  N:         166
 FAILED K-S -- Parm:Time to Peak    Mon:          12  Year:        2012  N:         166
 FAILED K-S -- Parm:Time to Peak    Mon:          12  Year:        2012  N:         166
 FAILED K-S -- Parm:Time to Peak    Mon:          12  Year:        2012  N:         166
*** ERROR *** Could not produce desired level of quality in
                    << Time to Peak    >> random deviates.
 FAILED K-S -- Parm:Time to Peak    Mon:          12  Year:        2013  N:         167
 FAILED K-S -- Parm:Time to Peak    Mon:          12  Year:        2013  N:         167
 FAILED K-S -- Parm:Time to Peak    Mon:          12  Year:        2013  N:         167
 FAILED K-S -- Parm:Time to Peak    Mon:          12  Year:        2013  N:         167
 FAILED K-S -- Parm:Time to Peak    Mon:          12  Year:        2013  N:         167
At line 3013 of file cligen53.f (unit = 9, file = '0500000US20089.prn')
Fortran runtime error: Sequential READ or WRITE not allowed after EOF marker, possibly use REWIND or BACKSPACE
*** ERROR *** Could not produce desired level of quality in
                    << Time to Peak    >> random deviates.
 Tdew -10 rangecheck executed.
 Tdew -10 rangecheck executed.
 FAILED K-S -- Parm:Time to Peak    Mon:          12  Year:        2014  N:         171
 FAILED K-S -- Parm:Time to Peak    Mon:          12  Year:        2014  N:         171
 FAILED K-S -- Parm:Time to Peak    Mon:          12  Year:        2014  N:         171
 FAILED K-S -- Parm:Time to Peak    Mon:          12  Year:        2014  N:         171
 FAILED K-S -- Parm:Time to Peak    Mon:          12  Year:        2014  N:         171
*** ERROR *** Could not produce desired level of quality in
                    << Time to Peak    >> random deviates.
 FAILED K-S -- Parm:Time to Peak    Mon:          12  Year:        2015  N:         180
 FAILED K-S -- Parm:Time to Peak    Mon:          12  Year:        2015  N:         180
 FAILED K-S -- Parm:Time to Peak    Mon:          12  Year:        2015  N:         180
 FAILED K-S -- Parm:Time to Peak    Mon:          12  Year:        2015  N:         180
 FAILED K-S -- Parm:Time to Peak    Mon:          12  Year:        2015  N:         180
*** ERROR *** Could not produce desired level of quality in
                    << Time to Peak    >> random deviates.
 FAILED K-S -- Parm:Time to Peak    Mon:          12  Year:        2016  N:         185
 FAILED K-S -- Parm:Time to Peak    Mon:          12  Year:        2016  N:         185
 FAILED K-S -- Parm:Time to Peak    Mon:          12  Year:        2016  N:         185
 FAILED K-S -- Parm:Time to Peak    Mon:          12  Year:        2016  N:         185
 FAILED K-S -- Parm:Time to Peak    Mon:          12  Year:        2016  N:         185
*** ERROR *** Could not produce desired level of quality in
                    << Time to Peak    >> random deviates.
 Tdew -10 rangecheck executed.
 FAILED K-S -- Parm:Time to Peak    Mon:          12  Year:        2017  N:         187
 FAILED K-S -- Parm:Time to Peak    Mon:          12  Year:        2017  N:         187
 FAILED K-S -- Parm:Time to Peak    Mon:          12  Year:        2017  N:         187
 FAILED K-S -- Parm:Time to Peak    Mon:          12  Year:        2017  N:         187
 FAILED K-S -- Parm:Time to Peak    Mon:          12  Year:        2017  N:         187
*** ERROR *** Could not produce desired level of quality in
                    << Time to Peak    >> random deviates.
