

  ********************************************************************
  *                                                                  *
  *              USDA - WATER EROSION PREDICTION PROJECT             *
  *                 WEPP CLIMATE INPUT DATA GENERATOR                *
  *                                                                  *
  *                    CONTINUOUS SIMULATION AND                     *
  *                       SINGLE STORM OPTIONS                       *
  *                    with Command Line Options,                    *
  *                        and Corrections to                        *
  *                  Rainfall Intensity Calculations                 *
  *                   and Random Number Generation.                  *
  *                                                                  *
  *                          VERSION 5.30000                         *
  *                     Revised from VERSION 4.2                     *
  *                           October 2004                           *
  *                                                                  *
  *           (Use -h or /h to list command line options.)           *
  *                                                                  *
  ********************************************************************


 ny300448.par                                                                                                                                                                                                                                                    
 0500000US36101.prn                                                                                                                                                                                                                                              
 Tdew -10 rangecheck executed.
 Tdew -10 rangecheck executed.
 Tdew -10 rangecheck executed.
 Tdew -10 rangecheck executed.
 Tdew -10 rangecheck executed.
 Tdew -10 rangecheck executed.
 FAILED K-S -- Parm:Time to Peak    Mon:           2  Year:        1989  N:         108
 FAILED K-S -- Parm:Time to Peak    Mon:           2  Year:        1989  N:         108
 FAILED K-S -- Parm:Time to Peak    Mon:           2  Year:        1989  N:         108
 FAILED K-S -- Parm:Time to Peak    Mon:           2  Year:        1989  N:         108
 FAILED K-S -- Parm:Time to Peak    Mon:           2  Year:        1989  N:         108
*** ERROR *** Could not produce desired level of quality in
                    << Time to Peak    >> random deviates.
 FAILED K-S -- Parm:Time to Peak    Mon:           2  Year:        1990  N:         119
 FAILED K-S -- Parm:Time to Peak    Mon:           2  Year:        1990  N:         119
 FAILED K-S -- Parm:Time to Peak    Mon:           2  Year:        1990  N:         119
 FAILED K-S -- Parm:Time to Peak    Mon:           2  Year:        1990  N:         119
 FAILED K-S -- Parm:Time to Peak    Mon:           2  Year:        1990  N:         119
*** ERROR *** Could not produce desired level of quality in
                    << Time to Peak    >> random deviates.
 FAILED K-S -- Parm:Time to Peak    Mon:           2  Year:        1991  N:         129
 FAILED K-S -- Parm:Time to Peak    Mon:           2  Year:        1991  N:         129
 FAILED K-S -- Parm:Time to Peak    Mon:           2  Year:        1991  N:         129
 FAILED K-S -- Parm:Time to Peak    Mon:           2  Year:        1991  N:         129
 FAILED K-S -- Parm:Time to Peak    Mon:           2  Year:        1991  N:         129
*** ERROR *** Could not produce desired level of quality in
                    << Time to Peak    >> random deviates.
 FAILED K-S -- Parm:Time to Peak    Mon:           2  Year:        1992  N:         135
 FAILED K-S -- Parm:Time to Peak    Mon:           2  Year:        1992  N:         135
 FAILED K-S -- Parm:Time to Peak    Mon:           2  Year:        1992  N:         135
 FAILED K-S -- Parm:Time to Peak    Mon:           2  Year:        1992  N:         135
 FAILED K-S -- Parm:Time to Peak    Mon:           2  Year:        1992  N:         135
At line 3013 of file cligen53.f (unit = 9, file = '0500000US36101.prn')
Fortran runtime error: Sequential READ or WRITE not allowed after EOF marker, possibly use REWIND or BACKSPACE
*** ERROR *** Could not produce desired level of quality in
                    << Time to Peak    >> random deviates.
 FAILED K-S -- Parm:Time to Peak    Mon:           2  Year:        1993  N:         146
 FAILED K-S -- Parm:Time to Peak    Mon:           2  Year:        1993  N:         146
 FAILED K-S -- Parm:Time to Peak    Mon:           2  Year:        1993  N:         146
 FAILED K-S -- Parm:Time to Peak    Mon:           2  Year:        1993  N:         146
 FAILED K-S -- Parm:Time to Peak    Mon:           2  Year:        1993  N:         146
*** ERROR *** Could not produce desired level of quality in
                    << Time to Peak    >> random deviates.
 Tdew -10 rangecheck executed.
 Tdew -10 rangecheck executed.
 Tdew -10 rangecheck executed.
 FAILED K-S -- Parm:Time to Peak    Mon:           2  Year:        1994  N:         151
 FAILED K-S -- Parm:Time to Peak    Mon:           2  Year:        1994  N:         151
 FAILED K-S -- Parm:Time to Peak    Mon:           2  Year:        1994  N:         151
 FAILED K-S -- Parm:Time to Peak    Mon:           2  Year:        1994  N:         151
 FAILED K-S -- Parm:Time to Peak    Mon:           2  Year:        1994  N:         151
*** ERROR *** Could not produce desired level of quality in
                    << Time to Peak    >> random deviates.
 Tdew -10 rangecheck executed.
 Tdew -10 rangecheck executed.
 Tdew -10 rangecheck executed.
 Tdew -10 rangecheck executed.
 Tdew -10 rangecheck executed.
 Tdew -10 rangecheck executed.
 Tdew -10 rangecheck executed.
 Tdew -10 rangecheck executed.
 Tdew -10 rangecheck executed.
 Tdew -10 rangecheck executed.
 Tdew -10 rangecheck executed.
 Tdew -10 rangecheck executed.
 Tdew -10 rangecheck executed.
 Tdew -10 rangecheck executed.
