

  ********************************************************************
  *                                                                  *
  *              USDA - WATER EROSION PREDICTION PROJECT             *
  *                 WEPP CLIMATE INPUT DATA GENERATOR                *
  *                                                                  *
  *                    CONTINUOUS SIMULATION AND                     *
  *                       SINGLE STORM OPTIONS                       *
  *                    with Command Line Options,                    *
  *                        and Corrections to                        *
  *                  Rainfall Intensity Calculations                 *
  *                   and Random Number Generation.                  *
  *                                                                  *
  *                          VERSION 5.30000                         *
  *                     Revised from VERSION 4.2                     *
  *                           October 2004                           *
  *                                                                  *
  *           (Use -h or /h to list command line options.)           *
  *                                                                  *
  ********************************************************************


 sd399502.par                                                                                                                                                                                                                                                    
 0500000US46135.prn                                                                                                                                                                                                                                              
 Tdew -10 rangecheck executed.
 Tdew -10 rangecheck executed.
 Tdew -10 rangecheck executed.
 Tdew -10 rangecheck executed.
 Tdew -10 rangecheck executed.
 Failed SN SD test.
 Parm:Precip. Amt.    Month:          12  Year:        1981  Mlevel=   20.0000000      SDlevel=   63.9279861      Days:          11
 Failed SN SD test.
 Parm:Precip. Amt.    Month:          12  Year:        1981  Mlevel=   20.0000000      SDlevel=   62.8032570      Days:          11
 Failed SN SD test.
 Parm:Precip. Amt.    Month:          12  Year:        1981  Mlevel=   30.0000000      SDlevel=   63.5765305      Days:          11
 Failed SN SD test.
 Parm:Precip. Amt.    Month:          12  Year:        1981  Mlevel=   20.0000000      SDlevel=   63.0990105      Days:          11
 Failed SN SD test.
 Parm:Precip. Amt.    Month:          12  Year:        1981  Mlevel=   30.0000000      SDlevel=   63.3112907      Days:          11
*** ERROR *** Could not produce desired level of quality in
                    << Precip. Amt.    >> random deviates.
 Tdew -10 rangecheck executed.
 Tdew -10 rangecheck executed.
 Tdew -10 rangecheck executed.
 Tdew -10 rangecheck executed.
 Tdew -10 rangecheck executed.
 Tdew -10 rangecheck executed.
 Tdew -10 rangecheck executed.
 Tdew -10 rangecheck executed.
 Tdew -10 rangecheck executed.
 Tdew -10 rangecheck executed.
 Tdew -10 rangecheck executed.
 Tdew -10 rangecheck executed.
 Tdew -10 rangecheck executed.
 Tdew -10 rangecheck executed.
 Tdew -10 rangecheck executed.
 Tdew -10 rangecheck executed.
 Tdew -10 rangecheck executed.
 Tdew -10 rangecheck executed.
 Tdew -10 rangecheck executed.
 Tdew -10 rangecheck executed.
 Tdew -10 rangecheck executed.
 Tdew -10 rangecheck executed.
 Tdew -10 rangecheck executed.
 Tdew -10 rangecheck executed.
 Tdew -10 rangecheck executed.
 Tdew -10 rangecheck executed.
 Tdew -10 rangecheck executed.
 Tdew -10 rangecheck executed.
 Tdew -10 rangecheck executed.
 Tdew -10 rangecheck executed.
 Tdew -10 rangecheck executed.
 Tdew -10 rangecheck executed.
 Tdew -10 rangecheck executed.
 Tdew -10 rangecheck executed.
 Tdew -10 rangecheck executed.
 Tdew -10 rangecheck executed.
 Tdew -10 rangecheck executed.
 Tdew -10 rangecheck executed.
 Tdew -10 rangecheck executed.
 Tdew -10 rangecheck executed.
 Tdew -10 rangecheck executed.
 Tdew -10 rangecheck executed.
 Tdew -10 rangecheck executed.
 Tdew -10 rangecheck executed.
 Tdew -10 rangecheck executed.
 Tdew -10 rangecheck executed.
 Tdew -10 rangecheck executed.
 Tdew -10 rangecheck executed.
 Tdew -10 rangecheck executed.
 Tdew -10 rangecheck executed.
 Tdew -10 rangecheck executed.
 Tdew -10 rangecheck executed.
 Tdew -10 rangecheck executed.
 Tdew -10 rangecheck executed.
 Tdew -10 rangecheck executed.
 Tdew -10 rangecheck executed.
 Tdew -10 rangecheck executed.
 Tdew -10 rangecheck executed.
 Tdew -10 rangecheck executed.
 Tdew -10 rangecheck executed.
 Tdew -10 rangecheck executed.
 Tdew -10 rangecheck executed.
 Tdew -10 rangecheck executed.
 Tdew -10 rangecheck executed.
 Tdew -10 rangecheck executed.
 Tdew -10 rangecheck executed.
 Tdew -10 rangecheck executed.
 Tdew -10 rangecheck executed.
 Tdew -10 rangecheck executed.
 Tdew -10 rangecheck executed.
 Tdew -10 rangecheck executed.
 Tdew -10 rangecheck executed.
 Tdew -10 rangecheck executed.
 Tdew -10 rangecheck executed.
 Tdew -10 rangecheck executed.
 Tdew -10 rangecheck executed.
 Tdew -10 rangecheck executed.
 Tdew -10 rangecheck executed.
 Tdew -10 rangecheck executed.
 Tdew -10 rangecheck executed.
 Tdew -10 rangecheck executed.
 Tdew -10 rangecheck executed.
 Tdew -10 rangecheck executed.
 Tdew -10 rangecheck executed.
 Tdew -10 rangecheck executed.
 Tdew -10 rangecheck executed.
 Tdew -10 rangecheck executed.
 Tdew -10 rangecheck executed.
 Tdew -10 rangecheck executed.
 Tdew -10 rangecheck executed.
 Tdew -10 rangecheck executed.
 Tdew -10 rangecheck executed.
 Tdew -10 rangecheck executed.
 Tdew -10 rangecheck executed.
 Tdew -10 rangecheck executed.
 Tdew -10 rangecheck executed.
 Tdew -10 rangecheck executed.
 Tdew -10 rangecheck executed.
 Tdew -10 rangecheck executed.
 Tdew -10 rangecheck executed.
 Tdew -10 rangecheck executed.
 Tdew -10 rangecheck executed.
 Tdew -10 rangecheck executed.
 Tdew -10 rangecheck executed.
 Tdew -10 rangecheck executed.
 Tdew -10 rangecheck executed.
 Tdew -10 rangecheck executed.
 Tdew -10 rangecheck executed.
 Tdew -10 rangecheck executed.
 Tdew -10 rangecheck executed.
 Tdew -10 rangecheck executed.
 Tdew -10 rangecheck executed.
 Tdew -10 rangecheck executed.
 Tdew -10 rangecheck executed.
 Tdew -10 rangecheck executed.
 Tdew -10 rangecheck executed.
 Tdew -10 rangecheck executed.
 FAILED K-S -- Parm:Time to Peak    Mon:          12  Year:        2001  N:         100
 FAILED K-S -- Parm:Time to Peak    Mon:          12  Year:        2001  N:         100
 FAILED K-S -- Parm:Time to Peak    Mon:          12  Year:        2001  N:         100
 FAILED K-S -- Parm:Time to Peak    Mon:          12  Year:        2001  N:         100
 FAILED K-S -- Parm:Time to Peak    Mon:          12  Year:        2001  N:         100
*** ERROR *** Could not produce desired level of quality in
                    << Time to Peak    >> random deviates.
 FAILED K-S -- Parm:Time to Peak    Mon:           1  Year:        2002  N:         101
 FAILED K-S -- Parm:Time to Peak    Mon:           1  Year:        2002  N:         101
 FAILED K-S -- Parm:Time to Peak    Mon:           1  Year:        2002  N:         101
 FAILED K-S -- Parm:Time to Peak    Mon:           1  Year:        2002  N:         101
 FAILED K-S -- Parm:Time to Peak    Mon:           1  Year:        2002  N:         101
*** ERROR *** Could not produce desired level of quality in
                    << Time to Peak    >> random deviates.
 FAILED K-S -- Parm:Time to Peak    Mon:          12  Year:        2002  N:         105
 FAILED K-S -- Parm:Time to Peak    Mon:          12  Year:        2002  N:         105
 FAILED K-S -- Parm:Time to Peak    Mon:          12  Year:        2002  N:         105
 FAILED K-S -- Parm:Time to Peak    Mon:          12  Year:        2002  N:         105
 FAILED K-S -- Parm:Time to Peak    Mon:          12  Year:        2002  N:         105
*** ERROR *** Could not produce desired level of quality in
                    << Time to Peak    >> random deviates.
 Tdew -10 rangecheck executed.
 FAILED K-S -- Parm:Time to Peak    Mon:           1  Year:        2003  N:         103
 FAILED K-S -- Parm:Time to Peak    Mon:           1  Year:        2003  N:         103
 FAILED K-S -- Parm:Time to Peak    Mon:           1  Year:        2003  N:         103
 FAILED K-S -- Parm:Time to Peak    Mon:           1  Year:        2003  N:         103
 FAILED K-S -- Parm:Time to Peak    Mon:           1  Year:        2003  N:         103
*** ERROR *** Could not produce desired level of quality in
                    << Time to Peak    >> random deviates.
 Tdew -10 rangecheck executed.
 Tdew -10 rangecheck executed.
 FAILED K-S -- Parm:Time to Peak    Mon:          12  Year:        2003  N:         108
 FAILED K-S -- Parm:Time to Peak    Mon:          12  Year:        2003  N:         108
 FAILED K-S -- Parm:Time to Peak    Mon:          12  Year:        2003  N:         108
 FAILED K-S -- Parm:Time to Peak    Mon:          12  Year:        2003  N:         108
 FAILED K-S -- Parm:Time to Peak    Mon:          12  Year:        2003  N:         108
*** ERROR *** Could not produce desired level of quality in
                    << Time to Peak    >> random deviates.
 FAILED K-S -- Parm:Time to Peak    Mon:           1  Year:        2004  N:         107
 FAILED K-S -- Parm:Time to Peak    Mon:           1  Year:        2004  N:         107
 FAILED K-S -- Parm:Time to Peak    Mon:           1  Year:        2004  N:         107
 FAILED K-S -- Parm:Time to Peak    Mon:           1  Year:        2004  N:         107
 FAILED K-S -- Parm:Time to Peak    Mon:           1  Year:        2004  N:         107
*** ERROR *** Could not produce desired level of quality in
                    << Time to Peak    >> random deviates.
 Tdew -10 rangecheck executed.
 Tdew -10 rangecheck executed.
 Tdew -10 rangecheck executed.
 Tdew -10 rangecheck executed.
 Tdew -10 rangecheck executed.
 FAILED K-S -- Parm:Time to Peak    Mon:          12  Year:        2004  N:         114
 FAILED K-S -- Parm:Time to Peak    Mon:          12  Year:        2004  N:         114
 FAILED K-S -- Parm:Time to Peak    Mon:          12  Year:        2004  N:         114
 FAILED K-S -- Parm:Time to Peak    Mon:          12  Year:        2004  N:         114
 FAILED K-S -- Parm:Time to Peak    Mon:          12  Year:        2004  N:         114
*** ERROR *** Could not produce desired level of quality in
                    << Time to Peak    >> random deviates.
 FAILED K-S -- Parm:Time to Peak    Mon:           1  Year:        2005  N:         109
 FAILED K-S -- Parm:Time to Peak    Mon:           1  Year:        2005  N:         109
 FAILED K-S -- Parm:Time to Peak    Mon:           1  Year:        2005  N:         109
 FAILED K-S -- Parm:Time to Peak    Mon:           1  Year:        2005  N:         109
 FAILED K-S -- Parm:Time to Peak    Mon:           1  Year:        2005  N:         109
*** ERROR *** Could not produce desired level of quality in
                    << Time to Peak    >> random deviates.
 Tdew -10 rangecheck executed.
 Tdew -10 rangecheck executed.
 FAILED K-S -- Parm:Time to Peak    Mon:          12  Year:        2005  N:         120
 FAILED K-S -- Parm:Time to Peak    Mon:          12  Year:        2005  N:         120
 FAILED K-S -- Parm:Time to Peak    Mon:          12  Year:        2005  N:         120
 FAILED K-S -- Parm:Time to Peak    Mon:          12  Year:        2005  N:         120
 FAILED K-S -- Parm:Time to Peak    Mon:          12  Year:        2005  N:         120
*** ERROR *** Could not produce desired level of quality in
                    << Time to Peak    >> random deviates.
 FAILED K-S -- Parm:Time to Peak    Mon:           1  Year:        2006  N:         117
 FAILED K-S -- Parm:Time to Peak    Mon:           1  Year:        2006  N:         117
 FAILED K-S -- Parm:Time to Peak    Mon:           1  Year:        2006  N:         117
 FAILED K-S -- Parm:Time to Peak    Mon:           1  Year:        2006  N:         117
 FAILED K-S -- Parm:Time to Peak    Mon:           1  Year:        2006  N:         117
*** ERROR *** Could not produce desired level of quality in
                    << Time to Peak    >> random deviates.
 Tdew -10 rangecheck executed.
 Tdew -10 rangecheck executed.
 FAILED K-S -- Parm:Time to Peak    Mon:          12  Year:        2006  N:         126
 FAILED K-S -- Parm:Time to Peak    Mon:          12  Year:        2006  N:         126
 FAILED K-S -- Parm:Time to Peak    Mon:          12  Year:        2006  N:         126
 FAILED K-S -- Parm:Time to Peak    Mon:          12  Year:        2006  N:         126
 FAILED K-S -- Parm:Time to Peak    Mon:          12  Year:        2006  N:         126
*** ERROR *** Could not produce desired level of quality in
                    << Time to Peak    >> random deviates.
 FAILED K-S -- Parm:Time to Peak    Mon:           1  Year:        2007  N:         120
 FAILED K-S -- Parm:Time to Peak    Mon:           1  Year:        2007  N:         120
 FAILED K-S -- Parm:Time to Peak    Mon:           1  Year:        2007  N:         120
 FAILED K-S -- Parm:Time to Peak    Mon:           1  Year:        2007  N:         120
 FAILED K-S -- Parm:Time to Peak    Mon:           1  Year:        2007  N:         120
*** ERROR *** Could not produce desired level of quality in
                    << Time to Peak    >> random deviates.
 Tdew -10 rangecheck executed.
 Tdew -10 rangecheck executed.
 Tdew -10 rangecheck executed.
 Tdew -10 rangecheck executed.
 FAILED K-S -- Parm:Time to Peak    Mon:          12  Year:        2007  N:         133
 FAILED K-S -- Parm:Time to Peak    Mon:          12  Year:        2007  N:         133
 FAILED K-S -- Parm:Time to Peak    Mon:          12  Year:        2007  N:         133
 FAILED K-S -- Parm:Time to Peak    Mon:          12  Year:        2007  N:         133
 FAILED K-S -- Parm:Time to Peak    Mon:          12  Year:        2007  N:         133
*** ERROR *** Could not produce desired level of quality in
                    << Time to Peak    >> random deviates.
 FAILED K-S -- Parm:Time to Peak    Mon:           1  Year:        2008  N:         125
 FAILED K-S -- Parm:Time to Peak    Mon:           1  Year:        2008  N:         125
 FAILED K-S -- Parm:Time to Peak    Mon:           1  Year:        2008  N:         125
 FAILED K-S -- Parm:Time to Peak    Mon:           1  Year:        2008  N:         125
 FAILED K-S -- Parm:Time to Peak    Mon:           1  Year:        2008  N:         125
*** ERROR *** Could not produce desired level of quality in
                    << Time to Peak    >> random deviates.
 Tdew -10 rangecheck executed.
 Tdew -10 rangecheck executed.
 Tdew -10 rangecheck executed.
 FAILED K-S -- Parm:Time to Peak    Mon:          12  Year:        2008  N:         140
 FAILED K-S -- Parm:Time to Peak    Mon:          12  Year:        2008  N:         140
 FAILED K-S -- Parm:Time to Peak    Mon:          12  Year:        2008  N:         140
 FAILED K-S -- Parm:Time to Peak    Mon:          12  Year:        2008  N:         140
 FAILED K-S -- Parm:Time to Peak    Mon:          12  Year:        2008  N:         140
*** ERROR *** Could not produce desired level of quality in
                    << Time to Peak    >> random deviates.
 Tdew -10 rangecheck executed.
 FAILED K-S -- Parm:Time to Peak    Mon:           1  Year:        2009  N:         130
 FAILED K-S -- Parm:Time to Peak    Mon:           1  Year:        2009  N:         130
 FAILED K-S -- Parm:Time to Peak    Mon:           1  Year:        2009  N:         130
 FAILED K-S -- Parm:Time to Peak    Mon:           1  Year:        2009  N:         130
 FAILED K-S -- Parm:Time to Peak    Mon:           1  Year:        2009  N:         130
*** ERROR *** Could not produce desired level of quality in
                    << Time to Peak    >> random deviates.
 Tdew -10 rangecheck executed.
 Tdew -10 rangecheck executed.
 Tdew -10 rangecheck executed.
 Tdew -10 rangecheck executed.
 FAILED K-S -- Parm:Time to Peak    Mon:          12  Year:        2009  N:         141
 FAILED K-S -- Parm:Time to Peak    Mon:          12  Year:        2009  N:         141
 FAILED K-S -- Parm:Time to Peak    Mon:          12  Year:        2009  N:         141
 FAILED K-S -- Parm:Time to Peak    Mon:          12  Year:        2009  N:         141
 FAILED K-S -- Parm:Time to Peak    Mon:          12  Year:        2009  N:         141
*** ERROR *** Could not produce desired level of quality in
                    << Time to Peak    >> random deviates.
 Tdew -10 rangecheck executed.
 FAILED K-S -- Parm:Time to Peak    Mon:           1  Year:        2010  N:         136
 FAILED K-S -- Parm:Time to Peak    Mon:           1  Year:        2010  N:         136
 FAILED K-S -- Parm:Time to Peak    Mon:           1  Year:        2010  N:         136
 FAILED K-S -- Parm:Time to Peak    Mon:           1  Year:        2010  N:         136
 FAILED K-S -- Parm:Time to Peak    Mon:           1  Year:        2010  N:         136
*** ERROR *** Could not produce desired level of quality in
                    << Time to Peak    >> random deviates.
 Tdew -10 rangecheck executed.
 Tdew -10 rangecheck executed.
 Tdew -10 rangecheck executed.
 Tdew -10 rangecheck executed.
 Tdew -10 rangecheck executed.
 FAILED K-S -- Parm:Time to Peak    Mon:          12  Year:        2010  N:         144
 FAILED K-S -- Parm:Time to Peak    Mon:          12  Year:        2010  N:         144
 FAILED K-S -- Parm:Time to Peak    Mon:          12  Year:        2010  N:         144
 FAILED K-S -- Parm:Time to Peak    Mon:          12  Year:        2010  N:         144
 FAILED K-S -- Parm:Time to Peak    Mon:          12  Year:        2010  N:         144
*** ERROR *** Could not produce desired level of quality in
                    << Time to Peak    >> random deviates.
 Tdew -10 rangecheck executed.
 FAILED K-S -- Parm:Time to Peak    Mon:           1  Year:        2011  N:         139
 FAILED K-S -- Parm:Time to Peak    Mon:           1  Year:        2011  N:         139
 FAILED K-S -- Parm:Time to Peak    Mon:           1  Year:        2011  N:         139
 FAILED K-S -- Parm:Time to Peak    Mon:           1  Year:        2011  N:         139
 FAILED K-S -- Parm:Time to Peak    Mon:           1  Year:        2011  N:         139
*** ERROR *** Could not produce desired level of quality in
                    << Time to Peak    >> random deviates.
 Tdew -10 rangecheck executed.
 Tdew -10 rangecheck executed.
 Tdew -10 rangecheck executed.
 Tdew -10 rangecheck executed.
 FAILED K-S -- Parm:Time to Peak    Mon:          12  Year:        2011  N:         150
 FAILED K-S -- Parm:Time to Peak    Mon:          12  Year:        2011  N:         150
 FAILED K-S -- Parm:Time to Peak    Mon:          12  Year:        2011  N:         150
 FAILED K-S -- Parm:Time to Peak    Mon:          12  Year:        2011  N:         150
 FAILED K-S -- Parm:Time to Peak    Mon:          12  Year:        2011  N:         150
*** ERROR *** Could not produce desired level of quality in
                    << Time to Peak    >> random deviates.
 FAILED K-S -- Parm:Time to Peak    Mon:           1  Year:        2012  N:         142
 FAILED K-S -- Parm:Time to Peak    Mon:           1  Year:        2012  N:         142
 FAILED K-S -- Parm:Time to Peak    Mon:           1  Year:        2012  N:         142
 FAILED K-S -- Parm:Time to Peak    Mon:           1  Year:        2012  N:         142
 FAILED K-S -- Parm:Time to Peak    Mon:           1  Year:        2012  N:         142
*** ERROR *** Could not produce desired level of quality in
                    << Time to Peak    >> random deviates.
 FAILED K-S -- Parm:Time to Peak    Mon:          12  Year:        2012  N:         159
 FAILED K-S -- Parm:Time to Peak    Mon:          12  Year:        2012  N:         159
 FAILED K-S -- Parm:Time to Peak    Mon:          12  Year:        2012  N:         159
 FAILED K-S -- Parm:Time to Peak    Mon:          12  Year:        2012  N:         159
 FAILED K-S -- Parm:Time to Peak    Mon:          12  Year:        2012  N:         159
*** ERROR *** Could not produce desired level of quality in
                    << Time to Peak    >> random deviates.
 FAILED K-S -- Parm:Time to Peak    Mon:           1  Year:        2013  N:         144
 FAILED K-S -- Parm:Time to Peak    Mon:           1  Year:        2013  N:         144
 FAILED K-S -- Parm:Time to Peak    Mon:           1  Year:        2013  N:         144
 FAILED K-S -- Parm:Time to Peak    Mon:           1  Year:        2013  N:         144
 FAILED K-S -- Parm:Time to Peak    Mon:           1  Year:        2013  N:         144
*** ERROR *** Could not produce desired level of quality in
                    << Time to Peak    >> random deviates.
 FAILED K-S -- Parm:Time to Peak    Mon:          12  Year:        2013  N:         161
 FAILED K-S -- Parm:Time to Peak    Mon:          12  Year:        2013  N:         161
 FAILED K-S -- Parm:Time to Peak    Mon:          12  Year:        2013  N:         161
 FAILED K-S -- Parm:Time to Peak    Mon:          12  Year:        2013  N:         161
 FAILED K-S -- Parm:Time to Peak    Mon:          12  Year:        2013  N:         161
*** ERROR *** Could not produce desired level of quality in
                    << Time to Peak    >> random deviates.
 Tdew -10 rangecheck executed.
 Tdew -10 rangecheck executed.
 Tdew -10 rangecheck executed.
 FAILED K-S -- Parm:Time to Peak    Mon:           1  Year:        2014  N:         149
 FAILED K-S -- Parm:Time to Peak    Mon:           1  Year:        2014  N:         149
 FAILED K-S -- Parm:Time to Peak    Mon:           1  Year:        2014  N:         149
 FAILED K-S -- Parm:Time to Peak    Mon:           1  Year:        2014  N:         149
 FAILED K-S -- Parm:Time to Peak    Mon:           1  Year:        2014  N:         149
*** ERROR *** Could not produce desired level of quality in
                    << Time to Peak    >> random deviates.
 Tdew -10 rangecheck executed.
 Tdew -10 rangecheck executed.
 Tdew -10 rangecheck executed.
 Tdew -10 rangecheck executed.
 Tdew -10 rangecheck executed.
 Tdew -10 rangecheck executed.
 Tdew -10 rangecheck executed.
 FAILED K-S -- Parm:Time to Peak    Mon:          12  Year:        2014  N:         165
 FAILED K-S -- Parm:Time to Peak    Mon:          12  Year:        2014  N:         165
 FAILED K-S -- Parm:Time to Peak    Mon:          12  Year:        2014  N:         165
 FAILED K-S -- Parm:Time to Peak    Mon:          12  Year:        2014  N:         165
 FAILED K-S -- Parm:Time to Peak    Mon:          12  Year:        2014  N:         165
*** ERROR *** Could not produce desired level of quality in
                    << Time to Peak    >> random deviates.
 Tdew -10 rangecheck executed.
 FAILED K-S -- Parm:Time to Peak    Mon:           1  Year:        2015  N:         150
 FAILED K-S -- Parm:Time to Peak    Mon:           1  Year:        2015  N:         150
 FAILED K-S -- Parm:Time to Peak    Mon:           1  Year:        2015  N:         150
 FAILED K-S -- Parm:Time to Peak    Mon:           1  Year:        2015  N:         150
 FAILED K-S -- Parm:Time to Peak    Mon:           1  Year:        2015  N:         150
*** ERROR *** Could not produce desired level of quality in
                    << Time to Peak    >> random deviates.
 Tdew -10 rangecheck executed.
 Tdew -10 rangecheck executed.
 Tdew -10 rangecheck executed.
 Tdew -10 rangecheck executed.
 FAILED K-S -- Parm:Time to Peak    Mon:          12  Year:        2015  N:         171
 FAILED K-S -- Parm:Time to Peak    Mon:          12  Year:        2015  N:         171
 FAILED K-S -- Parm:Time to Peak    Mon:          12  Year:        2015  N:         171
 FAILED K-S -- Parm:Time to Peak    Mon:          12  Year:        2015  N:         171
 FAILED K-S -- Parm:Time to Peak    Mon:          12  Year:        2015  N:         171
*** ERROR *** Could not produce desired level of quality in
                    << Time to Peak    >> random deviates.
 Tdew -10 rangecheck executed.
 FAILED K-S -- Parm:Time to Peak    Mon:          12  Year:        2016  N:         176
 FAILED K-S -- Parm:Time to Peak    Mon:          12  Year:        2016  N:         176
 FAILED K-S -- Parm:Time to Peak    Mon:          12  Year:        2016  N:         176
 FAILED K-S -- Parm:Time to Peak    Mon:          12  Year:        2016  N:         176
 FAILED K-S -- Parm:Time to Peak    Mon:          12  Year:        2016  N:         176
At line 3013 of file cligen53.f (unit = 9, file = '0500000US46135.prn')
Fortran runtime error: Sequential READ or WRITE not allowed after EOF marker, possibly use REWIND or BACKSPACE
*** ERROR *** Could not produce desired level of quality in
                    << Time to Peak    >> random deviates.
 Tdew -10 rangecheck executed.
 FAILED K-S -- Parm:Time to Peak    Mon:          12  Year:        2017  N:         178
 FAILED K-S -- Parm:Time to Peak    Mon:          12  Year:        2017  N:         178
 FAILED K-S -- Parm:Time to Peak    Mon:          12  Year:        2017  N:         178
 FAILED K-S -- Parm:Time to Peak    Mon:          12  Year:        2017  N:         178
 FAILED K-S -- Parm:Time to Peak    Mon:          12  Year:        2017  N:         178
*** ERROR *** Could not produce desired level of quality in
                    << Time to Peak    >> random deviates.
 Tdew -10 rangecheck executed.
 Tdew -10 rangecheck executed.
