

  ********************************************************************
  *                                                                  *
  *              USDA - WATER EROSION PREDICTION PROJECT             *
  *                 WEPP CLIMATE INPUT DATA GENERATOR                *
  *                                                                  *
  *                    CONTINUOUS SIMULATION AND                     *
  *                       SINGLE STORM OPTIONS                       *
  *                    with Command Line Options,                    *
  *                        and Corrections to                        *
  *                  Rainfall Intensity Calculations                 *
  *                   and Random Number Generation.                  *
  *                                                                  *
  *                          VERSION 5.30000                         *
  *                     Revised from VERSION 4.2                     *
  *                           October 2004                           *
  *                                                                  *
  *           (Use -h or /h to list command line options.)           *
  *                                                                  *
  ********************************************************************


 ny306314.par                                                                                                                                                                                                                                                    
 0500000US36075.prn                                                                                                                                                                                                                                              
 Tdew -10 rangecheck executed.
 Tdew -10 rangecheck executed.
 Tdew -10 rangecheck executed.
 Tdew -10 rangecheck executed.
 Tdew -10 rangecheck executed.
 Tdew -10 rangecheck executed.
 Tdew -10 rangecheck executed.
 FAILED K-S -- Parm:Precip. Amt.    Mon:           3  Year:        1986  N:         101
 FAILED K-S -- Parm:Precip. Amt.    Mon:           3  Year:        1986  N:         101
 FAILED K-S -- Parm:Precip. Amt.    Mon:           3  Year:        1986  N:         101
 FAILED K-S -- Parm:Precip. Amt.    Mon:           3  Year:        1986  N:         101
 FAILED K-S -- Parm:Precip. Amt.    Mon:           3  Year:        1986  N:         101
*** ERROR *** Could not produce desired level of quality in
                    << Precip. Amt.    >> random deviates.
 Failed SN Mean test.
 Parm:Temp. Dew Pt.   Month:           3  Year:        1986  Mlevel=   60.0000000      SDlevel=   46.7810631      Days:         217
 FAILED K-S -- Parm:Precip. Amt.    Mon:           3  Year:        1987  N:         117
 FAILED K-S -- Parm:Precip. Amt.    Mon:           3  Year:        1987  N:         117
 FAILED K-S -- Parm:Precip. Amt.    Mon:           3  Year:        1987  N:         117
 FAILED K-S -- Parm:Precip. Amt.    Mon:           3  Year:        1987  N:         117
 FAILED K-S -- Parm:Precip. Amt.    Mon:           3  Year:        1987  N:         117
*** ERROR *** Could not produce desired level of quality in
                    << Precip. Amt.    >> random deviates.
 Failed SN Mean test.
 Parm:Temp. Dew Pt.   Month:           3  Year:        1987  Mlevel=   70.0000000      SDlevel=   38.1426315      Days:         248
 Failed SN SD test.
 Parm:Temp. Dew Pt.   Month:           3  Year:        1988  Mlevel=   10.0000000      SDlevel=   98.4557953      Days:         279
 Failed SN SD test.
 Parm:Temp. Dew Pt.   Month:           3  Year:        1988  Mlevel=   40.0000000      SDlevel=   99.7151566      Days:         279
 Failed SN SD test.
 Parm:Temp. Dew Pt.   Month:           3  Year:        1988  Mlevel=   40.0000000      SDlevel=   95.3546371      Days:         279
 Failed SN SD test.
 Parm:Temp. Dew Pt.   Month:           3  Year:        1988  Mlevel=   40.0000000      SDlevel=   97.6752090      Days:         279
At line 3013 of file cligen53.f (unit = 9, file = '0500000US36075.prn')
Fortran runtime error: Sequential READ or WRITE not allowed after EOF marker, possibly use REWIND or BACKSPACE
 Failed SN SD test.
 Parm:Temp. Dew Pt.   Month:           3  Year:        1988  Mlevel=   40.0000000      SDlevel=   98.4382629      Days:         279
*** ERROR *** Could not produce desired level of quality in
                    << Temp. Dew Pt.   >> random deviates.
 Tdew -10 rangecheck executed.
 Tdew -10 rangecheck executed.
 Tdew -10 rangecheck executed.
 Tdew -10 rangecheck executed.
 Tdew -10 rangecheck executed.
 Tdew -10 rangecheck executed.
 Tdew -10 rangecheck executed.
 Tdew -10 rangecheck executed.
 Tdew -10 rangecheck executed.
 Tdew -10 rangecheck executed.
 Tdew -10 rangecheck executed.
 Tdew -10 rangecheck executed.
 Tdew -10 rangecheck executed.
 Tdew -10 rangecheck executed.
 Tdew -10 rangecheck executed.
 Tdew -10 rangecheck executed.
 Tdew -10 rangecheck executed.
 Tdew -10 rangecheck executed.
 Tdew -10 rangecheck executed.
 Tdew -10 rangecheck executed.
 Tdew -10 rangecheck executed.
