

  ********************************************************************
  *                                                                  *
  *              USDA - WATER EROSION PREDICTION PROJECT             *
  *                 WEPP CLIMATE INPUT DATA GENERATOR                *
  *                                                                  *
  *                    CONTINUOUS SIMULATION AND                     *
  *                       SINGLE STORM OPTIONS                       *
  *                    with Command Line Options,                    *
  *                        and Corrections to                        *
  *                  Rainfall Intensity Calculations                 *
  *                   and Random Number Generation.                  *
  *                                                                  *
  *                          VERSION 5.30000                         *
  *                     Revised from VERSION 4.2                     *
  *                           October 2004                           *
  *                                                                  *
  *           (Use -h or /h to list command line options.)           *
  *                                                                  *
  ********************************************************************


 ks148648.par                                                                                                                                                                                                                                                    
 0500000US20163.prn                                                                                                                                                                                                                                              
 Tdew -10 rangecheck executed.
 Tdew -10 rangecheck executed.
 Tdew -10 rangecheck executed.
 Tdew -10 rangecheck executed.
 Tdew -10 rangecheck executed.
 Tdew -10 rangecheck executed.
 Tdew -10 rangecheck executed.
 Tdew -10 rangecheck executed.
 Tdew -10 rangecheck executed.
 Tdew -10 rangecheck executed.
 Tdew -10 rangecheck executed.
 Tdew -10 rangecheck executed.
 Tdew -10 rangecheck executed.
 Tdew -10 rangecheck executed.
 Tdew -10 rangecheck executed.
 Tdew -10 rangecheck executed.
 Tdew -10 rangecheck executed.
 Tdew -10 rangecheck executed.
 Tdew -10 rangecheck executed.
 Tdew -10 rangecheck executed.
 Tdew -10 rangecheck executed.
 Tdew -10 rangecheck executed.
 Tdew -10 rangecheck executed.
 Tdew -10 rangecheck executed.
 Tdew -10 rangecheck executed.
 Tdew -10 rangecheck executed.
 Tdew -10 rangecheck executed.
 Tdew -10 rangecheck executed.
 Tdew -10 rangecheck executed.
 Tdew -10 rangecheck executed.
 Tdew -10 rangecheck executed.
 Tdew -10 rangecheck executed.
 FAILED K-S -- Parm:Precip. Amt.    Mon:          11  Year:        2006  N:         102
 FAILED K-S -- Parm:Precip. Amt.    Mon:          11  Year:        2006  N:         102
 FAILED K-S -- Parm:Precip. Amt.    Mon:          11  Year:        2006  N:         102
 FAILED K-S -- Parm:Precip. Amt.    Mon:          11  Year:        2006  N:         102
 FAILED K-S -- Parm:Precip. Amt.    Mon:          11  Year:        2006  N:         102
*** ERROR *** Could not produce desired level of quality in
                    << Precip. Amt.    >> random deviates.
 FAILED K-S -- Parm:Time to Peak    Mon:          11  Year:        2006  N:         102
 Tdew -10 rangecheck executed.
 FAILED K-S -- Parm:Precip. Amt.    Mon:          11  Year:        2007  N:         103
 FAILED K-S -- Parm:Precip. Amt.    Mon:          11  Year:        2007  N:         103
 FAILED K-S -- Parm:Precip. Amt.    Mon:          11  Year:        2007  N:         103
 FAILED K-S -- Parm:Precip. Amt.    Mon:          11  Year:        2007  N:         103
 FAILED K-S -- Parm:Precip. Amt.    Mon:          11  Year:        2007  N:         103
*** ERROR *** Could not produce desired level of quality in
                    << Precip. Amt.    >> random deviates.
 FAILED K-S -- Parm:Time to Peak    Mon:          11  Year:        2007  N:         100
 FAILED K-S -- Parm:Precip. Amt.    Mon:          11  Year:        2008  N:         107
 FAILED K-S -- Parm:Precip. Amt.    Mon:          11  Year:        2008  N:         107
 FAILED K-S -- Parm:Precip. Amt.    Mon:          11  Year:        2008  N:         107
 FAILED K-S -- Parm:Precip. Amt.    Mon:          11  Year:        2008  N:         107
 FAILED K-S -- Parm:Precip. Amt.    Mon:          11  Year:        2008  N:         107
*** ERROR *** Could not produce desired level of quality in
                    << Precip. Amt.    >> random deviates.
 FAILED K-S -- Parm:Time to Peak    Mon:          11  Year:        2008  N:         103
 Tdew -10 rangecheck executed.
 FAILED K-S -- Parm:Precip. Amt.    Mon:          11  Year:        2009  N:         107
 FAILED K-S -- Parm:Precip. Amt.    Mon:          11  Year:        2009  N:         107
 FAILED K-S -- Parm:Precip. Amt.    Mon:          11  Year:        2009  N:         107
 FAILED K-S -- Parm:Precip. Amt.    Mon:          11  Year:        2009  N:         107
 FAILED K-S -- Parm:Precip. Amt.    Mon:          11  Year:        2009  N:         107
*** ERROR *** Could not produce desired level of quality in
                    << Precip. Amt.    >> random deviates.
 Failed SN SD test.
 Parm:Temp. Dew Pt.   Month:          11  Year:        2009  Mlevel=   1.00000000      SDlevel=   57.3330765      Days:         900
 FAILED K-S -- Parm:Precip. Amt.    Mon:          11  Year:        2010  N:         110
 FAILED K-S -- Parm:Precip. Amt.    Mon:          11  Year:        2010  N:         110
 FAILED K-S -- Parm:Precip. Amt.    Mon:          11  Year:        2010  N:         110
 FAILED K-S -- Parm:Precip. Amt.    Mon:          11  Year:        2010  N:         110
 FAILED K-S -- Parm:Precip. Amt.    Mon:          11  Year:        2010  N:         110
*** ERROR *** Could not produce desired level of quality in
                    << Precip. Amt.    >> random deviates.
 Failed SN SD test.
 Parm:Temp. Dew Pt.   Month:          11  Year:        2010  Mlevel=   10.0000000      SDlevel=   75.9932938      Days:         930
 FAILED K-S -- Parm:Time to Peak    Mon:          11  Year:        2010  N:         102
 Tdew -10 rangecheck executed.
 Tdew -10 rangecheck executed.
 FAILED K-S -- Parm:Precip. Amt.    Mon:          11  Year:        2011  N:         113
 FAILED K-S -- Parm:Precip. Amt.    Mon:          11  Year:        2011  N:         113
 FAILED K-S -- Parm:Precip. Amt.    Mon:          11  Year:        2011  N:         113
 FAILED K-S -- Parm:Precip. Amt.    Mon:          11  Year:        2011  N:         113
 FAILED K-S -- Parm:Precip. Amt.    Mon:          11  Year:        2011  N:         113
*** ERROR *** Could not produce desired level of quality in
                    << Precip. Amt.    >> random deviates.
 Failed SN SD test.
 Parm:Temp. Dew Pt.   Month:          11  Year:        2011  Mlevel=   20.0000000      SDlevel=   94.4483643      Days:         960
 FAILED K-S -- Parm:Time to Peak    Mon:          11  Year:        2011  N:         102
 FAILED K-S -- Parm:Precip. Amt.    Mon:          11  Year:        2012  N:         115
 FAILED K-S -- Parm:Precip. Amt.    Mon:          11  Year:        2012  N:         115
 FAILED K-S -- Parm:Precip. Amt.    Mon:          11  Year:        2012  N:         115
 FAILED K-S -- Parm:Precip. Amt.    Mon:          11  Year:        2012  N:         115
 FAILED K-S -- Parm:Precip. Amt.    Mon:          11  Year:        2012  N:         115
*** ERROR *** Could not produce desired level of quality in
                    << Precip. Amt.    >> random deviates.
 Failed SN SD test.
 Parm:Temp. Dew Pt.   Month:          11  Year:        2012  Mlevel=   20.0000000      SDlevel=   98.6857605      Days:         990
 FAILED K-S -- Parm:Time to Peak    Mon:          11  Year:        2012  N:         101
 FAILED K-S -- Parm:Precip. Amt.    Mon:          11  Year:        2013  N:         122
 FAILED K-S -- Parm:Precip. Amt.    Mon:          11  Year:        2013  N:         122
 FAILED K-S -- Parm:Precip. Amt.    Mon:          11  Year:        2013  N:         122
 FAILED K-S -- Parm:Precip. Amt.    Mon:          11  Year:        2013  N:         122
 FAILED K-S -- Parm:Precip. Amt.    Mon:          11  Year:        2013  N:         122
*** ERROR *** Could not produce desired level of quality in
                    << Precip. Amt.    >> random deviates.
 FAILED K-S -- Parm:Wind Dir.       Mon:          11  Year:        2013  N:        1020
 Failed SN SD test.
 Parm:Temp. Dew Pt.   Month:          11  Year:        2013  Mlevel=   1.00000000      SDlevel=   99.9452972      Days:        1020
 FAILED K-S -- Parm:Time to Peak    Mon:          11  Year:        2013  N:         106
 Tdew -10 rangecheck executed.
 Tdew -10 rangecheck executed.
 Tdew -10 rangecheck executed.
 FAILED K-S -- Parm:Precip. Amt.    Mon:          11  Year:        2014  N:         128
 FAILED K-S -- Parm:Precip. Amt.    Mon:          11  Year:        2014  N:         128
 FAILED K-S -- Parm:Precip. Amt.    Mon:          11  Year:        2014  N:         128
 FAILED K-S -- Parm:Precip. Amt.    Mon:          11  Year:        2014  N:         128
 FAILED K-S -- Parm:Precip. Amt.    Mon:          11  Year:        2014  N:         128
*** ERROR *** Could not produce desired level of quality in
                    << Precip. Amt.    >> random deviates.
 FAILED K-S -- Parm:Wind Dir.       Mon:          11  Year:        2014  N:        1020
 Failed SN SD test.
 Parm:Temp. Dew Pt.   Month:          11  Year:        2014  Mlevel=   1.00000000      SDlevel=   99.9982529      Days:        1050
 FAILED K-S -- Parm:Time to Peak    Mon:          11  Year:        2014  N:         105
 FAILED K-S -- Parm:Precip. Amt.    Mon:          11  Year:        2015  N:         131
 FAILED K-S -- Parm:Precip. Amt.    Mon:          11  Year:        2015  N:         131
 FAILED K-S -- Parm:Precip. Amt.    Mon:          11  Year:        2015  N:         131
 FAILED K-S -- Parm:Precip. Amt.    Mon:          11  Year:        2015  N:         131
 FAILED K-S -- Parm:Precip. Amt.    Mon:          11  Year:        2015  N:         131
*** ERROR *** Could not produce desired level of quality in
                    << Precip. Amt.    >> random deviates.
 Failed SN SD test.
 Parm:Temp. Dew Pt.   Month:          11  Year:        2015  Mlevel=   20.0000000      SDlevel=   99.9999008      Days:        1080
 FAILED K-S -- Parm:Time to Peak    Mon:          11  Year:        2015  N:         102
 FAILED K-S -- Parm:Precip. Amt.    Mon:          11  Year:        2016  N:         132
 FAILED K-S -- Parm:Precip. Amt.    Mon:          11  Year:        2016  N:         132
 FAILED K-S -- Parm:Precip. Amt.    Mon:          11  Year:        2016  N:         132
 FAILED K-S -- Parm:Precip. Amt.    Mon:          11  Year:        2016  N:         132
 FAILED K-S -- Parm:Precip. Amt.    Mon:          11  Year:        2016  N:         132
*** ERROR *** Could not produce desired level of quality in
                    << Precip. Amt.    >> random deviates.
 Failed SN SD test.
 Parm:Temp. Dew Pt.   Month:          11  Year:        2016  Mlevel=   10.0000000      SDlevel=   99.9999847      Days:        1110
 FAILED K-S -- Parm:Time to Peak    Mon:          11  Year:        2016  N:         100
 Tdew -10 rangecheck executed.
 Tdew -10 rangecheck executed.
 Tdew -10 rangecheck executed.
 FAILED K-S -- Parm:Precip. Amt.    Mon:          11  Year:        2017  N:         136
 FAILED K-S -- Parm:Precip. Amt.    Mon:          11  Year:        2017  N:         136
 FAILED K-S -- Parm:Precip. Amt.    Mon:          11  Year:        2017  N:         136
 FAILED K-S -- Parm:Precip. Amt.    Mon:          11  Year:        2017  N:         136
 FAILED K-S -- Parm:Precip. Amt.    Mon:          11  Year:        2017  N:         136
*** ERROR *** Could not produce desired level of quality in
                    << Precip. Amt.    >> random deviates.
 Failed SN SD test.
 Parm:Temp. Dew Pt.   Month:          11  Year:        2017  Mlevel=   10.0000000      SDlevel=   100.000000      Days:        1140
 FAILED K-S -- Parm:Time to Peak    Mon:          11  Year:        2017  N:         103
At line 3013 of file cligen53.f (unit = 9, file = '0500000US20163.prn')
Fortran runtime error: Sequential READ or WRITE not allowed after EOF marker, possibly use REWIND or BACKSPACE
