

  ********************************************************************
  *                                                                  *
  *              USDA - WATER EROSION PREDICTION PROJECT             *
  *                 WEPP CLIMATE INPUT DATA GENERATOR                *
  *                                                                  *
  *                    CONTINUOUS SIMULATION AND                     *
  *                       SINGLE STORM OPTIONS                       *
  *                    with Command Line Options,                    *
  *                        and Corrections to                        *
  *                  Rainfall Intensity Calculations                 *
  *                   and Random Number Generation.                  *
  *                                                                  *
  *                          VERSION 5.30000                         *
  *                     Revised from VERSION 4.2                     *
  *                           October 2004                           *
  *                                                                  *
  *           (Use -h or /h to list command line options.)           *
  *                                                                  *
  ********************************************************************


 tx411974.par                                                                                                                                                                                                                                                    
 0500000US48173.prn                                                                                                                                                                                                                                              
 FAILED K-S -- Parm:Time to Peak    Mon:           7  Year:        2006  N:         100
 FAILED K-S -- Parm:Time to Peak    Mon:           7  Year:        2006  N:         100
 FAILED K-S -- Parm:Time to Peak    Mon:           7  Year:        2006  N:         100
 FAILED K-S -- Parm:Time to Peak    Mon:           7  Year:        2006  N:         100
 FAILED K-S -- Parm:Time to Peak    Mon:           7  Year:        2006  N:         100
*** ERROR *** Could not produce desired level of quality in
                    << Time to Peak    >> random deviates.
 FAILED K-S -- Parm:Time to Peak    Mon:           7  Year:        2007  N:         102
 FAILED K-S -- Parm:Time to Peak    Mon:           7  Year:        2007  N:         102
 FAILED K-S -- Parm:Time to Peak    Mon:           7  Year:        2007  N:         102
 FAILED K-S -- Parm:Time to Peak    Mon:           7  Year:        2007  N:         102
 FAILED K-S -- Parm:Time to Peak    Mon:           7  Year:        2007  N:         102
*** ERROR *** Could not produce desired level of quality in
                    << Time to Peak    >> random deviates.
 FAILED K-S -- Parm:Time to Peak    Mon:           7  Year:        2008  N:         109
 FAILED K-S -- Parm:Time to Peak    Mon:           7  Year:        2008  N:         109
 FAILED K-S -- Parm:Time to Peak    Mon:           7  Year:        2008  N:         109
 FAILED K-S -- Parm:Time to Peak    Mon:           7  Year:        2008  N:         109
 FAILED K-S -- Parm:Time to Peak    Mon:           7  Year:        2008  N:         109
*** ERROR *** Could not produce desired level of quality in
                    << Time to Peak    >> random deviates.
 FAILED K-S -- Parm:Time to Peak    Mon:           7  Year:        2009  N:         115
 FAILED K-S -- Parm:Time to Peak    Mon:           7  Year:        2009  N:         115
 FAILED K-S -- Parm:Time to Peak    Mon:           7  Year:        2009  N:         115
 FAILED K-S -- Parm:Time to Peak    Mon:           7  Year:        2009  N:         115
 FAILED K-S -- Parm:Time to Peak    Mon:           7  Year:        2009  N:         115
*** ERROR *** Could not produce desired level of quality in
                    << Time to Peak    >> random deviates.
 FAILED K-S -- Parm:Time to Peak    Mon:           7  Year:        2010  N:         115
 FAILED K-S -- Parm:Time to Peak    Mon:           7  Year:        2010  N:         115
 FAILED K-S -- Parm:Time to Peak    Mon:           7  Year:        2010  N:         115
 FAILED K-S -- Parm:Time to Peak    Mon:           7  Year:        2010  N:         115
 FAILED K-S -- Parm:Time to Peak    Mon:           7  Year:        2010  N:         115
*** ERROR *** Could not produce desired level of quality in
                    << Time to Peak    >> random deviates.
 FAILED K-S -- Parm:Time to Peak    Mon:           7  Year:        2011  N:         117
 FAILED K-S -- Parm:Time to Peak    Mon:           7  Year:        2011  N:         117
 FAILED K-S -- Parm:Time to Peak    Mon:           7  Year:        2011  N:         117
 FAILED K-S -- Parm:Time to Peak    Mon:           7  Year:        2011  N:         117
 FAILED K-S -- Parm:Time to Peak    Mon:           7  Year:        2011  N:         117
*** ERROR *** Could not produce desired level of quality in
                    << Time to Peak    >> random deviates.
 FAILED K-S -- Parm:Time to Peak    Mon:           7  Year:        2012  N:         120
 FAILED K-S -- Parm:Time to Peak    Mon:           7  Year:        2012  N:         120
 FAILED K-S -- Parm:Time to Peak    Mon:           7  Year:        2012  N:         120
 FAILED K-S -- Parm:Time to Peak    Mon:           7  Year:        2012  N:         120
 FAILED K-S -- Parm:Time to Peak    Mon:           7  Year:        2012  N:         120
*** ERROR *** Could not produce desired level of quality in
                    << Time to Peak    >> random deviates.
 FAILED K-S -- Parm:Time to Peak    Mon:           7  Year:        2013  N:         122
 FAILED K-S -- Parm:Time to Peak    Mon:           7  Year:        2013  N:         122
 FAILED K-S -- Parm:Time to Peak    Mon:           7  Year:        2013  N:         122
 FAILED K-S -- Parm:Time to Peak    Mon:           7  Year:        2013  N:         122
 FAILED K-S -- Parm:Time to Peak    Mon:           7  Year:        2013  N:         122
*** ERROR *** Could not produce desired level of quality in
                    << Time to Peak    >> random deviates.
 Failed SN SD test.
 Parm:Precip. Amt.    Month:          12  Year:        2013  Mlevel=   40.0000000      SDlevel=   51.5753517      Days:          91
 Failed SN SD test.
 Parm:Precip. Amt.    Month:          12  Year:        2013  Mlevel=   50.0000000      SDlevel=   53.7125931      Days:          91
 Failed SN SD test.
 Parm:Precip. Amt.    Month:          12  Year:        2013  Mlevel=   50.0000000      SDlevel=   51.7319336      Days:          91
 Failed SN SD test.
 Parm:Precip. Amt.    Month:          12  Year:        2013  Mlevel=   40.0000000      SDlevel=   52.9249954      Days:          91
 Failed SN SD test.
 Parm:Precip. Amt.    Month:          12  Year:        2013  Mlevel=   40.0000000      SDlevel=   53.4584274      Days:          91
*** ERROR *** Could not produce desired level of quality in
                    << Precip. Amt.    >> random deviates.
 FAILED K-S -- Parm:Time to Peak    Mon:           7  Year:        2014  N:         123
 FAILED K-S -- Parm:Time to Peak    Mon:           7  Year:        2014  N:         123
 FAILED K-S -- Parm:Time to Peak    Mon:           7  Year:        2014  N:         123
 FAILED K-S -- Parm:Time to Peak    Mon:           7  Year:        2014  N:         123
 FAILED K-S -- Parm:Time to Peak    Mon:           7  Year:        2014  N:         123
*** ERROR *** Could not produce desired level of quality in
                    << Time to Peak    >> random deviates.
 Failed SN SD test.
 Parm:Precip. Amt.    Month:          12  Year:        2014  Mlevel=   40.0000000      SDlevel=   53.4584274      Days:          91
 Failed SN SD test.
 Parm:Precip. Amt.    Month:          12  Year:        2014  Mlevel=   40.0000000      SDlevel=   53.4584274      Days:          91
 Failed SN SD test.
 Parm:Precip. Amt.    Month:          12  Year:        2014  Mlevel=   40.0000000      SDlevel=   53.4584274      Days:          91
At line 3013 of file cligen53.f (unit = 9, file = '0500000US48173.prn')
Fortran runtime error: Sequential READ or WRITE not allowed after EOF marker, possibly use REWIND or BACKSPACE
 Failed SN SD test.
 Parm:Precip. Amt.    Month:          12  Year:        2014  Mlevel=   40.0000000      SDlevel=   53.4584274      Days:          91
 Failed SN SD test.
 Parm:Precip. Amt.    Month:          12  Year:        2014  Mlevel=   40.0000000      SDlevel=   53.4584274      Days:          91
*** ERROR *** Could not produce desired level of quality in
                    << Precip. Amt.    >> random deviates.
 FAILED K-S -- Parm:Time to Peak    Mon:           7  Year:        2015  N:         126
 FAILED K-S -- Parm:Time to Peak    Mon:           7  Year:        2015  N:         126
 FAILED K-S -- Parm:Time to Peak    Mon:           7  Year:        2015  N:         126
 FAILED K-S -- Parm:Time to Peak    Mon:           7  Year:        2015  N:         126
 FAILED K-S -- Parm:Time to Peak    Mon:           7  Year:        2015  N:         126
*** ERROR *** Could not produce desired level of quality in
                    << Time to Peak    >> random deviates.
 FAILED K-S -- Parm:Time to Peak    Mon:           7  Year:        2016  N:         130
 FAILED K-S -- Parm:Time to Peak    Mon:           7  Year:        2016  N:         130
 FAILED K-S -- Parm:Time to Peak    Mon:           7  Year:        2016  N:         130
 FAILED K-S -- Parm:Time to Peak    Mon:           7  Year:        2016  N:         130
 FAILED K-S -- Parm:Time to Peak    Mon:           7  Year:        2016  N:         130
*** ERROR *** Could not produce desired level of quality in
                    << Time to Peak    >> random deviates.
 FAILED K-S -- Parm:Time to Peak    Mon:           7  Year:        2017  N:         135
 FAILED K-S -- Parm:Time to Peak    Mon:           7  Year:        2017  N:         135
 FAILED K-S -- Parm:Time to Peak    Mon:           7  Year:        2017  N:         135
 FAILED K-S -- Parm:Time to Peak    Mon:           7  Year:        2017  N:         135
 FAILED K-S -- Parm:Time to Peak    Mon:           7  Year:        2017  N:         135
*** ERROR *** Could not produce desired level of quality in
                    << Time to Peak    >> random deviates.
