

  ********************************************************************
  *                                                                  *
  *              USDA - WATER EROSION PREDICTION PROJECT             *
  *                 WEPP CLIMATE INPUT DATA GENERATOR                *
  *                                                                  *
  *                    CONTINUOUS SIMULATION AND                     *
  *                       SINGLE STORM OPTIONS                       *
  *                    with Command Line Options,                    *
  *                        and Corrections to                        *
  *                  Rainfall Intensity Calculations                 *
  *                   and Random Number Generation.                  *
  *                                                                  *
  *                          VERSION 5.30000                         *
  *                     Revised from VERSION 4.2                     *
  *                           October 2004                           *
  *                                                                  *
  *           (Use -h or /h to list command line options.)           *
  *                                                                  *
  ********************************************************************


 ca048218.par                                                                                                                                                                                                                                                    
 0500000US06091.prn                                                                                                                                                                                                                                              
 Tdew -10 rangecheck executed.
 Tdew -10 rangecheck executed.
 Tdew -10 rangecheck executed.
 Tdew -10 rangecheck executed.
 Tdew -10 rangecheck executed.
 Tdew -10 rangecheck executed.
 Tdew -10 rangecheck executed.
 Tdew -10 rangecheck executed.
 Tdew -10 rangecheck executed.
 Tdew -10 rangecheck executed.
 Failed SN SD test.
 Parm:Precip. Amt.    Month:           7  Year:        1993  Mlevel=   5.00000000      SDlevel=   52.7909050      Days:          17
 Failed SN SD test.
 Parm:Precip. Amt.    Month:           7  Year:        1993  Mlevel=   1.00000000      SDlevel=   55.7552452      Days:          17
 Failed SN SD test.
 Parm:Precip. Amt.    Month:           7  Year:        1993  Mlevel=   1.00000000      SDlevel=   55.7302132      Days:          17
 Failed SN SD test.
 Parm:Precip. Amt.    Month:           7  Year:        1993  Mlevel=   5.00000000      SDlevel=   54.2645264      Days:          17
 Failed SN SD test.
 Parm:Precip. Amt.    Month:           7  Year:        1993  Mlevel=   10.0000000      SDlevel=   52.7934952      Days:          17
*** ERROR *** Could not produce desired level of quality in
                    << Precip. Amt.    >> random deviates.
 FAILED K-S -- Parm:Time to Peak    Mon:           2  Year:        1994  N:         100
 FAILED K-S -- Parm:Time to Peak    Mon:           2  Year:        1994  N:         100
 FAILED K-S -- Parm:Time to Peak    Mon:           2  Year:        1994  N:         100
 FAILED K-S -- Parm:Time to Peak    Mon:           2  Year:        1994  N:         100
 FAILED K-S -- Parm:Time to Peak    Mon:           2  Year:        1994  N:         100
*** ERROR *** Could not produce desired level of quality in
                    << Time to Peak    >> random deviates.
 Failed SN SD test.
 Parm:Precip. Amt.    Month:           7  Year:        1994  Mlevel=   10.0000000      SDlevel=   52.7934952      Days:          17
 Failed SN SD test.
 Parm:Precip. Amt.    Month:           7  Year:        1994  Mlevel=   10.0000000      SDlevel=   52.7934952      Days:          17
 Failed SN SD test.
 Parm:Precip. Amt.    Month:           7  Year:        1994  Mlevel=   10.0000000      SDlevel=   52.7934952      Days:          17
 Failed SN SD test.
 Parm:Precip. Amt.    Month:           7  Year:        1994  Mlevel=   10.0000000      SDlevel=   52.7934952      Days:          17
At line 3013 of file cligen53.f (unit = 9, file = '0500000US06091.prn')
Fortran runtime error: Sequential READ or WRITE not allowed after EOF marker, possibly use REWIND or BACKSPACE
 Failed SN SD test.
 Parm:Precip. Amt.    Month:           7  Year:        1994  Mlevel=   10.0000000      SDlevel=   52.7934952      Days:          17
*** ERROR *** Could not produce desired level of quality in
                    << Precip. Amt.    >> random deviates.
 Failed SN SD test.
 Parm:Precip. Amt.    Month:           7  Year:        1995  Mlevel=   10.0000000      SDlevel=   52.7934952      Days:          17
 Failed SN SD test.
 Parm:Precip. Amt.    Month:           7  Year:        1995  Mlevel=   10.0000000      SDlevel=   52.7934952      Days:          17
 Failed SN SD test.
 Parm:Precip. Amt.    Month:           7  Year:        1995  Mlevel=   10.0000000      SDlevel=   52.7934952      Days:          17
 Failed SN SD test.
 Parm:Precip. Amt.    Month:           7  Year:        1995  Mlevel=   10.0000000      SDlevel=   52.7934952      Days:          17
 Failed SN SD test.
 Parm:Precip. Amt.    Month:           7  Year:        1995  Mlevel=   10.0000000      SDlevel=   52.7934952      Days:          17
*** ERROR *** Could not produce desired level of quality in
                    << Precip. Amt.    >> random deviates.
 Failed SN SD test.
 Parm:Precip. Amt.    Month:           7  Year:        1996  Mlevel=   10.0000000      SDlevel=   52.7934952      Days:          17
 Failed SN SD test.
 Parm:Precip. Amt.    Month:           7  Year:        1996  Mlevel=   10.0000000      SDlevel=   52.7934952      Days:          17
 Failed SN SD test.
 Parm:Precip. Amt.    Month:           7  Year:        1996  Mlevel=   10.0000000      SDlevel=   52.7934952      Days:          17
 Failed SN SD test.
 Parm:Precip. Amt.    Month:           7  Year:        1996  Mlevel=   10.0000000      SDlevel=   52.7934952      Days:          17
 Failed SN SD test.
 Parm:Precip. Amt.    Month:           7  Year:        1996  Mlevel=   10.0000000      SDlevel=   52.7934952      Days:          17
*** ERROR *** Could not produce desired level of quality in
                    << Precip. Amt.    >> random deviates.
 FAILED K-S -- Parm:Wind Vel.       Mon:           7  Year:        1996  N:         527
 Tdew -10 rangecheck executed.
 Tdew -10 rangecheck executed.
 Failed SN SD test.
 Parm:Precip. Amt.    Month:           7  Year:        2001  Mlevel=   10.0000000      SDlevel=   59.4749451      Days:          21
 Failed SN SD test.
 Parm:Precip. Amt.    Month:           7  Year:        2001  Mlevel=   10.0000000      SDlevel=   59.2518463      Days:          21
 Failed SN SD test.
 Parm:Precip. Amt.    Month:           7  Year:        2001  Mlevel=   10.0000000      SDlevel=   59.7027664      Days:          21
 Failed SN SD test.
 Parm:Precip. Amt.    Month:           7  Year:        2001  Mlevel=   5.00000000      SDlevel=   59.1906853      Days:          21
 Failed SN SD test.
 Parm:Precip. Amt.    Month:           7  Year:        2001  Mlevel=   10.0000000      SDlevel=   59.5845947      Days:          21
*** ERROR *** Could not produce desired level of quality in
                    << Precip. Amt.    >> random deviates.
 Tdew -10 rangecheck executed.
