

  ********************************************************************
  *                                                                  *
  *              USDA - WATER EROSION PREDICTION PROJECT             *
  *                 WEPP CLIMATE INPUT DATA GENERATOR                *
  *                                                                  *
  *                    CONTINUOUS SIMULATION AND                     *
  *                       SINGLE STORM OPTIONS                       *
  *                    with Command Line Options,                    *
  *                        and Corrections to                        *
  *                  Rainfall Intensity Calculations                 *
  *                   and Random Number Generation.                  *
  *                                                                  *
  *                          VERSION 5.30000                         *
  *                     Revised from VERSION 4.2                     *
  *                           October 2004                           *
  *                                                                  *
  *           (Use -h or /h to list command line options.)           *
  *                                                                  *
  ********************************************************************


 ny303284.par                                                                                                                                                                                                                                                    
 0500000US36113.prn                                                                                                                                                                                                                                              
 Tdew -10 rangecheck executed.
 Tdew -10 rangecheck executed.
 Tdew -10 rangecheck executed.
 Tdew -10 rangecheck executed.
 Tdew -10 rangecheck executed.
 Tdew -10 rangecheck executed.
 Tdew -10 rangecheck executed.
 Tdew -10 rangecheck executed.
 Tdew -10 rangecheck executed.
 Tdew -10 rangecheck executed.
 Tdew -10 rangecheck executed.
 Tdew -10 rangecheck executed.
 Tdew -10 rangecheck executed.
 Tdew -10 rangecheck executed.
 Tdew -10 rangecheck executed.
 Tdew -10 rangecheck executed.
 Tdew -10 rangecheck executed.
 Tdew -10 rangecheck executed.
 Tdew -10 rangecheck executed.
 FAILED K-S -- Parm:Precip. Amt.    Mon:           2  Year:        1990  N:         102
 FAILED K-S -- Parm:Precip. Amt.    Mon:           2  Year:        1990  N:         102
 FAILED K-S -- Parm:Precip. Amt.    Mon:           2  Year:        1990  N:         102
 FAILED K-S -- Parm:Precip. Amt.    Mon:           2  Year:        1990  N:         102
 FAILED K-S -- Parm:Precip. Amt.    Mon:           2  Year:        1990  N:         102
*** ERROR *** Could not produce desired level of quality in
                    << Precip. Amt.    >> random deviates.
 FAILED K-S -- Parm:Time to Peak    Mon:           2  Year:        1990  N:         102
 FAILED K-S -- Parm:Precip. Amt.    Mon:           2  Year:        1991  N:         110
 FAILED K-S -- Parm:Precip. Amt.    Mon:           2  Year:        1991  N:         110
 FAILED K-S -- Parm:Precip. Amt.    Mon:           2  Year:        1991  N:         110
 FAILED K-S -- Parm:Precip. Amt.    Mon:           2  Year:        1991  N:         110
 FAILED K-S -- Parm:Precip. Amt.    Mon:           2  Year:        1991  N:         110
*** ERROR *** Could not produce desired level of quality in
                    << Precip. Amt.    >> random deviates.
 FAILED K-S -- Parm:Wind Vel.       Mon:           2  Year:        1991  N:         339
 Tdew -10 rangecheck executed.
 Tdew -10 rangecheck executed.
 FAILED K-S -- Parm:Precip. Amt.    Mon:           2  Year:        1992  N:         116
 FAILED K-S -- Parm:Precip. Amt.    Mon:           2  Year:        1992  N:         116
 FAILED K-S -- Parm:Precip. Amt.    Mon:           2  Year:        1992  N:         116
 FAILED K-S -- Parm:Precip. Amt.    Mon:           2  Year:        1992  N:         116
 FAILED K-S -- Parm:Precip. Amt.    Mon:           2  Year:        1992  N:         116
*** ERROR *** Could not produce desired level of quality in
                    << Precip. Amt.    >> random deviates.
 FAILED K-S -- Parm:Time to Peak    Mon:           2  Year:        1992  N:         107
 Tdew -10 rangecheck executed.
 FAILED K-S -- Parm:Precip. Amt.    Mon:           2  Year:        1993  N:         127
 FAILED K-S -- Parm:Precip. Amt.    Mon:           2  Year:        1993  N:         127
 FAILED K-S -- Parm:Precip. Amt.    Mon:           2  Year:        1993  N:         127
 FAILED K-S -- Parm:Precip. Amt.    Mon:           2  Year:        1993  N:         127
 FAILED K-S -- Parm:Precip. Amt.    Mon:           2  Year:        1993  N:         127
*** ERROR *** Could not produce desired level of quality in
                    << Precip. Amt.    >> random deviates.
 FAILED K-S -- Parm:Temp. Dew Pt.   Mon:           2  Year:        1993  N:         396
 Tdew -10 rangecheck executed.
 Tdew -10 rangecheck executed.
 Tdew -10 rangecheck executed.
 Tdew -10 rangecheck executed.
 Tdew -10 rangecheck executed.
 Tdew -10 rangecheck executed.
 Tdew -10 rangecheck executed.
 FAILED K-S -- Parm:Precip. Amt.    Mon:           2  Year:        1994  N:         131
 FAILED K-S -- Parm:Precip. Amt.    Mon:           2  Year:        1994  N:         131
 FAILED K-S -- Parm:Precip. Amt.    Mon:           2  Year:        1994  N:         131
 FAILED K-S -- Parm:Precip. Amt.    Mon:           2  Year:        1994  N:         131
 FAILED K-S -- Parm:Precip. Amt.    Mon:           2  Year:        1994  N:         131
*** ERROR *** Could not produce desired level of quality in
                    << Precip. Amt.    >> random deviates.
 FAILED K-S -- Parm:Temp. Dew Pt.   Mon:           2  Year:        1994  N:         396
 Tdew -10 rangecheck executed.
 Tdew -10 rangecheck executed.
 Tdew -10 rangecheck executed.
 FAILED K-S -- Parm:Precip. Amt.    Mon:           2  Year:        1995  N:         137
 FAILED K-S -- Parm:Precip. Amt.    Mon:           2  Year:        1995  N:         137
 FAILED K-S -- Parm:Precip. Amt.    Mon:           2  Year:        1995  N:         137
 FAILED K-S -- Parm:Precip. Amt.    Mon:           2  Year:        1995  N:         137
 FAILED K-S -- Parm:Precip. Amt.    Mon:           2  Year:        1995  N:         137
*** ERROR *** Could not produce desired level of quality in
                    << Precip. Amt.    >> random deviates.
 Failed SN Mean test.
 Failed SN SD test.
 Parm:Temp. Dew Pt.   Month:           2  Year:        1995  Mlevel=   60.0000000      SDlevel=   94.4450150      Days:         452
 Tdew -10 rangecheck executed.
 Tdew -10 rangecheck executed.
 Tdew -10 rangecheck executed.
 Tdew -10 rangecheck executed.
 FAILED K-S -- Parm:Precip. Amt.    Mon:           2  Year:        1996  N:         146
 FAILED K-S -- Parm:Precip. Amt.    Mon:           2  Year:        1996  N:         146
 FAILED K-S -- Parm:Precip. Amt.    Mon:           2  Year:        1996  N:         146
 FAILED K-S -- Parm:Precip. Amt.    Mon:           2  Year:        1996  N:         146
 FAILED K-S -- Parm:Precip. Amt.    Mon:           2  Year:        1996  N:         146
*** ERROR *** Could not produce desired level of quality in
                    << Precip. Amt.    >> random deviates.
 Failed SN SD test.
 Parm:Temp. Dew Pt.   Month:           2  Year:        1996  Mlevel=   40.0000000      SDlevel=   99.2402344      Days:         481
 Tdew -10 rangecheck executed.
 Tdew -10 rangecheck executed.
 Tdew -10 rangecheck executed.
 Tdew -10 rangecheck executed.
 FAILED K-S -- Parm:Temp. Dew Pt.   Mon:           2  Year:        1997  N:         396
 Failed SN Mean test.
 Failed SN SD test.
 Parm:Temp. Dew Pt.   Month:           2  Year:        1997  Mlevel=   60.0000000      SDlevel=   99.9514313      Days:         509
 FAILED K-S -- Parm:Temp. Dew Pt.   Mon:           2  Year:        1997  N:         396
 Failed SN Mean test.
 Failed SN SD test.
 Parm:Temp. Dew Pt.   Month:           2  Year:        1997  Mlevel=   60.0000000      SDlevel=   99.9514313      Days:         509
 FAILED K-S -- Parm:Temp. Dew Pt.   Mon:           2  Year:        1997  N:         396
 Failed SN Mean test.
 Failed SN SD test.
 Parm:Temp. Dew Pt.   Month:           2  Year:        1997  Mlevel=   60.0000000      SDlevel=   99.9514313      Days:         509
 FAILED K-S -- Parm:Temp. Dew Pt.   Mon:           2  Year:        1997  N:         396
 Failed SN Mean test.
 Failed SN SD test.
 Parm:Temp. Dew Pt.   Month:           2  Year:        1997  Mlevel=   60.0000000      SDlevel=   99.9514313      Days:         509
 FAILED K-S -- Parm:Temp. Dew Pt.   Mon:           2  Year:        1997  N:         396
 Failed SN Mean test.
 Failed SN SD test.
 Parm:Temp. Dew Pt.   Month:           2  Year:        1997  Mlevel=   60.0000000      SDlevel=   99.9514313      Days:         509
*** ERROR *** Could not produce desired level of quality in
                    << Temp. Dew Pt.   >> random deviates.
 FAILED K-S -- Parm:Time to Peak    Mon:           2  Year:        1997  N:         140
 Failed SN SD test.
 Parm:Temp. Dew Pt.   Month:           2  Year:        1998  Mlevel=   40.0000000      SDlevel=   99.9990387      Days:         537
 FAILED K-S -- Parm:Temp. Dew Pt.   Mon:           2  Year:        1998  N:         424
 Failed SN SD test.
 Parm:Temp. Dew Pt.   Month:           2  Year:        1998  Mlevel=   40.0000000      SDlevel=   99.9990387      Days:         537
 FAILED K-S -- Parm:Temp. Dew Pt.   Mon:           2  Year:        1998  N:         424
 Failed SN SD test.
 Parm:Temp. Dew Pt.   Month:           2  Year:        1998  Mlevel=   40.0000000      SDlevel=   99.9990387      Days:         537
 FAILED K-S -- Parm:Temp. Dew Pt.   Mon:           2  Year:        1998  N:         424
 Failed SN SD test.
 Parm:Temp. Dew Pt.   Month:           2  Year:        1998  Mlevel=   40.0000000      SDlevel=   99.9990387      Days:         537
 FAILED K-S -- Parm:Temp. Dew Pt.   Mon:           2  Year:        1998  N:         424
 Failed SN SD test.
 Parm:Temp. Dew Pt.   Month:           2  Year:        1998  Mlevel=   40.0000000      SDlevel=   99.9990387      Days:         537
*** ERROR *** Could not produce desired level of quality in
                    << Temp. Dew Pt.   >> random deviates.
 FAILED K-S -- Parm:Temp. Dew Pt.   Mon:           2  Year:        1999  N:         452
 Failed SN SD test.
 Parm:Temp. Dew Pt.   Month:           2  Year:        1999  Mlevel=   20.0000000      SDlevel=   99.9559097      Days:         565
 Failed SN SD test.
 Parm:Temp. Dew Pt.   Month:           2  Year:        1999  Mlevel=   20.0000000      SDlevel=   99.8560791      Days:         565
 Failed SN SD test.
 Parm:Temp. Dew Pt.   Month:           2  Year:        1999  Mlevel=   1.00000000      SDlevel=   99.9501572      Days:         565
 FAILED K-S -- Parm:Temp. Dew Pt.   Mon:           2  Year:        1999  N:         452
 Failed SN SD test.
 Parm:Temp. Dew Pt.   Month:           2  Year:        1999  Mlevel=   1.00000000      SDlevel=   99.9501572      Days:         565
 Failed SN SD test.
 Parm:Temp. Dew Pt.   Month:           2  Year:        1999  Mlevel=   20.0000000      SDlevel=   99.9621964      Days:         565
*** ERROR *** Could not produce desired level of quality in
                    << Temp. Dew Pt.   >> random deviates.
 Tdew -10 rangecheck executed.
 Tdew -10 rangecheck executed.
 Tdew -10 rangecheck executed.
 FAILED K-S -- Parm:Temp. Dew Pt.   Mon:           2  Year:        2000  N:         481
 Failed SN SD test.
 Parm:Temp. Dew Pt.   Month:           2  Year:        2000  Mlevel=   30.0000000      SDlevel=   99.8206635      Days:         594
 Failed SN SD test.
 Parm:Temp. Dew Pt.   Month:           2  Year:        2000  Mlevel=   40.0000000      SDlevel=   99.3614655      Days:         594
 Failed SN SD test.
 Parm:Temp. Dew Pt.   Month:           2  Year:        2000  Mlevel=   40.0000000      SDlevel=   99.9388428      Days:         594
 Failed SN SD test.
 Parm:Temp. Dew Pt.   Month:           2  Year:        2000  Mlevel=   30.0000000      SDlevel=   99.8783493      Days:         594
 Failed SN SD test.
 Parm:Temp. Dew Pt.   Month:           2  Year:        2000  Mlevel=   10.0000000      SDlevel=   99.6176147      Days:         594
*** ERROR *** Could not produce desired level of quality in
                    << Temp. Dew Pt.   >> random deviates.
 Failed SN SD test.
 Parm:Temp. Dew Pt.   Month:           2  Year:        2001  Mlevel=   30.0000000      SDlevel=   94.9183197      Days:         622
 Failed SN SD test.
 Parm:Temp. Dew Pt.   Month:           2  Year:        2001  Mlevel=   20.0000000      SDlevel=   98.7299728      Days:         622
 Failed SN SD test.
 Parm:Temp. Dew Pt.   Month:           2  Year:        2001  Mlevel=   1.00000000      SDlevel=   99.7242661      Days:         622
 FAILED K-S -- Parm:Temp. Dew Pt.   Mon:           2  Year:        2001  N:         509
 Failed SN SD test.
 Parm:Temp. Dew Pt.   Month:           2  Year:        2001  Mlevel=   1.00000000      SDlevel=   99.7242661      Days:         622
 Failed SN SD test.
 Parm:Temp. Dew Pt.   Month:           2  Year:        2001  Mlevel=   10.0000000      SDlevel=   99.6860352      Days:         622
*** ERROR *** Could not produce desired level of quality in
                    << Temp. Dew Pt.   >> random deviates.
 Failed SN SD test.
 Parm:Temp. Dew Pt.   Month:           2  Year:        2002  Mlevel=   20.0000000      SDlevel=   98.4537964      Days:         650
 FAILED K-S -- Parm:Temp. Dew Pt.   Mon:           2  Year:        2002  N:         537
 Failed SN SD test.
 Parm:Temp. Dew Pt.   Month:           2  Year:        2002  Mlevel=   20.0000000      SDlevel=   98.4537964      Days:         650
 Failed SN SD test.
 Parm:Temp. Dew Pt.   Month:           2  Year:        2002  Mlevel=   20.0000000      SDlevel=   99.7701797      Days:         650
 Failed SN SD test.
 Parm:Temp. Dew Pt.   Month:           2  Year:        2002  Mlevel=   10.0000000      SDlevel=   99.7988052      Days:         650
 Failed SN SD test.
 Parm:Temp. Dew Pt.   Month:           2  Year:        2002  Mlevel=   1.00000000      SDlevel=   99.8315201      Days:         650
*** ERROR *** Could not produce desired level of quality in
                    << Temp. Dew Pt.   >> random deviates.
 Tdew -10 rangecheck executed.
 Failed SN SD test.
 Parm:Temp. Dew Pt.   Month:           2  Year:        2003  Mlevel=   10.0000000      SDlevel=   99.5085297      Days:         678
 Failed SN SD test.
 Parm:Temp. Dew Pt.   Month:           2  Year:        2003  Mlevel=   20.0000000      SDlevel=   98.3448029      Days:         678
 Failed SN SD test.
 Parm:Temp. Dew Pt.   Month:           2  Year:        2003  Mlevel=   10.0000000      SDlevel=   99.8249207      Days:         678
 Failed SN SD test.
 Parm:Temp. Dew Pt.   Month:           2  Year:        2003  Mlevel=   10.0000000      SDlevel=   99.7300110      Days:         678
 Failed SN SD test.
 Parm:Temp. Dew Pt.   Month:           2  Year:        2003  Mlevel=   10.0000000      SDlevel=   99.7245865      Days:         678
*** ERROR *** Could not produce desired level of quality in
                    << Temp. Dew Pt.   >> random deviates.
 Tdew -10 rangecheck executed.
 Tdew -10 rangecheck executed.
 Tdew -10 rangecheck executed.
 Tdew -10 rangecheck executed.
 Tdew -10 rangecheck executed.
 Tdew -10 rangecheck executed.
 Tdew -10 rangecheck executed.
 Tdew -10 rangecheck executed.
 Failed SN SD test.
 Parm:Temp. Dew Pt.   Month:           2  Year:        2004  Mlevel=   5.00000000      SDlevel=   99.7445297      Days:         707
 Failed SN SD test.
 Parm:Temp. Dew Pt.   Month:           2  Year:        2004  Mlevel=   10.0000000      SDlevel=   99.6678085      Days:         707
 FAILED K-S -- Parm:Temp. Dew Pt.   Mon:           2  Year:        2004  N:         594
 Failed SN SD test.
 Parm:Temp. Dew Pt.   Month:           2  Year:        2004  Mlevel=   10.0000000      SDlevel=   99.6678085      Days:         707
 Failed SN SD test.
 Parm:Temp. Dew Pt.   Month:           2  Year:        2004  Mlevel=   1.00000000      SDlevel=   99.9241409      Days:         707
 FAILED K-S -- Parm:Temp. Dew Pt.   Mon:           2  Year:        2004  N:         594
 Failed SN SD test.
 Parm:Temp. Dew Pt.   Month:           2  Year:        2004  Mlevel=   1.00000000      SDlevel=   99.9241409      Days:         707
*** ERROR *** Could not produce desired level of quality in
                    << Temp. Dew Pt.   >> random deviates.
 Tdew -10 rangecheck executed.
 Tdew -10 rangecheck executed.
 Tdew -10 rangecheck executed.
 FAILED K-S -- Parm:Temp. Dew Pt.   Mon:           2  Year:        2005  N:         622
 Failed SN SD test.
 Parm:Temp. Dew Pt.   Month:           2  Year:        2005  Mlevel=   1.00000000      SDlevel=   99.6114883      Days:         735
 FAILED K-S -- Parm:Temp. Dew Pt.   Mon:           2  Year:        2005  N:         622
 Failed SN SD test.
 Parm:Temp. Dew Pt.   Month:           2  Year:        2005  Mlevel=   1.00000000      SDlevel=   99.6114883      Days:         735
 FAILED K-S -- Parm:Temp. Dew Pt.   Mon:           2  Year:        2005  N:         622
 Failed SN SD test.
 Parm:Temp. Dew Pt.   Month:           2  Year:        2005  Mlevel=   1.00000000      SDlevel=   99.6114883      Days:         735
 Failed SN SD test.
 Parm:Temp. Dew Pt.   Month:           2  Year:        2005  Mlevel=   10.0000000      SDlevel=   98.0346680      Days:         735
 Failed SN SD test.
 Parm:Temp. Dew Pt.   Month:           2  Year:        2005  Mlevel=   30.0000000      SDlevel=   99.0309753      Days:         735
*** ERROR *** Could not produce desired level of quality in
                    << Temp. Dew Pt.   >> random deviates.
 Failed SN SD test.
 Parm:Temp. Dew Pt.   Month:           2  Year:        2006  Mlevel=   30.0000000      SDlevel=   98.7036743      Days:         763
 Failed SN SD test.
 Parm:Temp. Dew Pt.   Month:           2  Year:        2006  Mlevel=   30.0000000      SDlevel=   98.7537994      Days:         763
 Failed SN SD test.
 Parm:Temp. Dew Pt.   Month:           2  Year:        2006  Mlevel=   30.0000000      SDlevel=   99.3660965      Days:         763
 Failed SN SD test.
 Parm:Temp. Dew Pt.   Month:           2  Year:        2006  Mlevel=   30.0000000      SDlevel=   99.2026520      Days:         763
 Failed SN SD test.
 Parm:Temp. Dew Pt.   Month:           2  Year:        2006  Mlevel=   40.0000000      SDlevel=   98.9786301      Days:         763
*** ERROR *** Could not produce desired level of quality in
                    << Temp. Dew Pt.   >> random deviates.
 Tdew -10 rangecheck executed.
 Failed SN SD test.
 Parm:Temp. Dew Pt.   Month:           2  Year:        2007  Mlevel=   20.0000000      SDlevel=   98.9871597      Days:         791
 Failed SN SD test.
 Parm:Temp. Dew Pt.   Month:           2  Year:        2007  Mlevel=   30.0000000      SDlevel=   98.1368179      Days:         791
 Failed SN SD test.
 Parm:Temp. Dew Pt.   Month:           2  Year:        2007  Mlevel=   40.0000000      SDlevel=   99.0243454      Days:         791
 Failed SN SD test.
 Parm:Temp. Dew Pt.   Month:           2  Year:        2007  Mlevel=   30.0000000      SDlevel=   99.1585083      Days:         791
 Failed SN SD test.
 Parm:Temp. Dew Pt.   Month:           2  Year:        2007  Mlevel=   5.00000000      SDlevel=   98.7144775      Days:         791
*** ERROR *** Could not produce desired level of quality in
                    << Temp. Dew Pt.   >> random deviates.
 Tdew -10 rangecheck executed.
 Tdew -10 rangecheck executed.
 Tdew -10 rangecheck executed.
 Tdew -10 rangecheck executed.
 Failed SN SD test.
 Parm:Temp. Dew Pt.   Month:           2  Year:        2008  Mlevel=   10.0000000      SDlevel=   98.8228607      Days:         820
 FAILED K-S -- Parm:Temp. Dew Pt.   Mon:           2  Year:        2008  N:         707
 Failed SN SD test.
 Parm:Temp. Dew Pt.   Month:           2  Year:        2008  Mlevel=   10.0000000      SDlevel=   98.8228607      Days:         820
 Failed SN SD test.
 Parm:Temp. Dew Pt.   Month:           2  Year:        2008  Mlevel=   10.0000000      SDlevel=   98.5368042      Days:         820
 Failed SN SD test.
 Parm:Temp. Dew Pt.   Month:           2  Year:        2008  Mlevel=   30.0000000      SDlevel=   92.9862518      Days:         820
 FAILED K-S -- Parm:Temp. Dew Pt.   Mon:           2  Year:        2008  N:         707
 Failed SN SD test.
 Parm:Temp. Dew Pt.   Month:           2  Year:        2008  Mlevel=   30.0000000      SDlevel=   92.9862518      Days:         820
*** ERROR *** Could not produce desired level of quality in
                    << Temp. Dew Pt.   >> random deviates.
 Tdew -10 rangecheck executed.
 FAILED K-S -- Parm:Temp. Dew Pt.   Mon:           2  Year:        2009  N:         735
 Failed SN SD test.
 Parm:Temp. Dew Pt.   Month:           2  Year:        2009  Mlevel=   40.0000000      SDlevel=   98.6155548      Days:         848
 Failed SN Mean test.
 Failed SN SD test.
 Parm:Temp. Dew Pt.   Month:           2  Year:        2009  Mlevel=   60.0000000      SDlevel=   94.6820831      Days:         848
 Failed SN SD test.
 Parm:Temp. Dew Pt.   Month:           2  Year:        2009  Mlevel=  0.500000000      SDlevel=   99.0574570      Days:         848
 FAILED K-S -- Parm:Temp. Dew Pt.   Mon:           2  Year:        2009  N:         735
 Failed SN SD test.
 Parm:Temp. Dew Pt.   Month:           2  Year:        2009  Mlevel=  0.500000000      SDlevel=   99.0574570      Days:         848
 FAILED K-S -- Parm:Temp. Dew Pt.   Mon:           2  Year:        2009  N:         735
 Failed SN SD test.
 Parm:Temp. Dew Pt.   Month:           2  Year:        2009  Mlevel=  0.500000000      SDlevel=   99.0574570      Days:         848
*** ERROR *** Could not produce desired level of quality in
                    << Temp. Dew Pt.   >> random deviates.
 Failed SN SD test.
 Parm:Temp. Dew Pt.   Month:           2  Year:        2010  Mlevel=   30.0000000      SDlevel=   96.9404373      Days:         876
 FAILED K-S -- Parm:Temp. Dew Pt.   Mon:           2  Year:        2010  N:         763
 Failed SN SD test.
 Parm:Temp. Dew Pt.   Month:           2  Year:        2010  Mlevel=   30.0000000      SDlevel=   96.9404373      Days:         876
 FAILED K-S -- Parm:Temp. Dew Pt.   Mon:           2  Year:        2010  N:         763
 Failed SN SD test.
 Parm:Temp. Dew Pt.   Month:           2  Year:        2010  Mlevel=   30.0000000      SDlevel=   96.9404373      Days:         876
 FAILED K-S -- Parm:Temp. Dew Pt.   Mon:           2  Year:        2010  N:         763
 Failed SN SD test.
 Parm:Temp. Dew Pt.   Month:           2  Year:        2010  Mlevel=   30.0000000      SDlevel=   96.9404373      Days:         876
 FAILED K-S -- Parm:Temp. Dew Pt.   Mon:           2  Year:        2010  N:         763
 Failed SN SD test.
 Parm:Temp. Dew Pt.   Month:           2  Year:        2010  Mlevel=   30.0000000      SDlevel=   96.9404373      Days:         876
*** ERROR *** Could not produce desired level of quality in
                    << Temp. Dew Pt.   >> random deviates.
 Tdew -10 rangecheck executed.
 Tdew -10 rangecheck executed.
 Failed SN SD test.
 Parm:Temp. Dew Pt.   Month:           2  Year:        2011  Mlevel=   20.0000000      SDlevel=   98.8702393      Days:         904
 FAILED K-S -- Parm:Temp. Dew Pt.   Mon:           2  Year:        2011  N:         791
 Failed SN SD test.
 Parm:Temp. Dew Pt.   Month:           2  Year:        2011  Mlevel=   20.0000000      SDlevel=   98.8702393      Days:         904
 FAILED K-S -- Parm:Temp. Dew Pt.   Mon:           2  Year:        2011  N:         791
 Failed SN SD test.
 Parm:Temp. Dew Pt.   Month:           2  Year:        2011  Mlevel=   20.0000000      SDlevel=   98.8702393      Days:         904
 FAILED K-S -- Parm:Temp. Dew Pt.   Mon:           2  Year:        2011  N:         791
 Failed SN SD test.
 Parm:Temp. Dew Pt.   Month:           2  Year:        2011  Mlevel=   20.0000000      SDlevel=   98.8702393      Days:         904
 FAILED K-S -- Parm:Temp. Dew Pt.   Mon:           2  Year:        2011  N:         791
 Failed SN SD test.
 Parm:Temp. Dew Pt.   Month:           2  Year:        2011  Mlevel=   20.0000000      SDlevel=   98.8702393      Days:         904
*** ERROR *** Could not produce desired level of quality in
                    << Temp. Dew Pt.   >> random deviates.
 Failed SN SD test.
 Parm:Temp. Dew Pt.   Month:           2  Year:        2012  Mlevel=   20.0000000      SDlevel=   98.5786591      Days:         933
 FAILED K-S -- Parm:Temp. Dew Pt.   Mon:           2  Year:        2012  N:         820
 Failed SN SD test.
 Parm:Temp. Dew Pt.   Month:           2  Year:        2012  Mlevel=   20.0000000      SDlevel=   98.5786591      Days:         933
 FAILED K-S -- Parm:Temp. Dew Pt.   Mon:           2  Year:        2012  N:         820
 Failed SN SD test.
 Parm:Temp. Dew Pt.   Month:           2  Year:        2012  Mlevel=   20.0000000      SDlevel=   98.5786591      Days:         933
 FAILED K-S -- Parm:Temp. Dew Pt.   Mon:           2  Year:        2012  N:         820
 Failed SN SD test.
 Parm:Temp. Dew Pt.   Month:           2  Year:        2012  Mlevel=   20.0000000      SDlevel=   98.5786591      Days:         933
 FAILED K-S -- Parm:Temp. Dew Pt.   Mon:           2  Year:        2012  N:         820
 Failed SN SD test.
 Parm:Temp. Dew Pt.   Month:           2  Year:        2012  Mlevel=   20.0000000      SDlevel=   98.5786591      Days:         933
*** ERROR *** Could not produce desired level of quality in
                    << Temp. Dew Pt.   >> random deviates.
 Tdew -10 rangecheck executed.
 Tdew -10 rangecheck executed.
 FAILED K-S -- Parm:Temp. Dew Pt.   Mon:           2  Year:        2013  N:         848
 Failed SN SD test.
 Parm:Temp. Dew Pt.   Month:           2  Year:        2013  Mlevel=   30.0000000      SDlevel=   97.6225586      Days:         961
 FAILED K-S -- Parm:Temp. Dew Pt.   Mon:           2  Year:        2013  N:         848
 Failed SN SD test.
 Parm:Temp. Dew Pt.   Month:           2  Year:        2013  Mlevel=   30.0000000      SDlevel=   97.6225586      Days:         961
 FAILED K-S -- Parm:Temp. Dew Pt.   Mon:           2  Year:        2013  N:         848
 Failed SN SD test.
 Parm:Temp. Dew Pt.   Month:           2  Year:        2013  Mlevel=   30.0000000      SDlevel=   97.6225586      Days:         961
 FAILED K-S -- Parm:Temp. Dew Pt.   Mon:           2  Year:        2013  N:         848
 Failed SN SD test.
 Parm:Temp. Dew Pt.   Month:           2  Year:        2013  Mlevel=   30.0000000      SDlevel=   97.6225586      Days:         961
 Failed SN SD test.
 Parm:Temp. Dew Pt.   Month:           2  Year:        2013  Mlevel=   30.0000000      SDlevel=   98.8716812      Days:         961
*** ERROR *** Could not produce desired level of quality in
                    << Temp. Dew Pt.   >> random deviates.
 Tdew -10 rangecheck executed.
 Tdew -10 rangecheck executed.
 Tdew -10 rangecheck executed.
 Tdew -10 rangecheck executed.
 Failed SN SD test.
 Parm:Temp. Dew Pt.   Month:           2  Year:        2014  Mlevel=   5.00000000      SDlevel=   97.0680923      Days:         989
 Failed SN SD test.
 Parm:Temp. Dew Pt.   Month:           2  Year:        2014  Mlevel=   50.0000000      SDlevel=   98.8063736      Days:         989
 Failed SN SD test.
 Parm:Temp. Dew Pt.   Month:           2  Year:        2014  Mlevel=   30.0000000      SDlevel=   98.6081924      Days:         989
 Failed SN SD test.
 Parm:Temp. Dew Pt.   Month:           2  Year:        2014  Mlevel=   20.0000000      SDlevel=   98.6446381      Days:         989
 Failed SN SD test.
 Parm:Temp. Dew Pt.   Month:           2  Year:        2014  Mlevel=   30.0000000      SDlevel=   98.8252716      Days:         989
*** ERROR *** Could not produce desired level of quality in
                    << Temp. Dew Pt.   >> random deviates.
 Tdew -10 rangecheck executed.
 Failed SN SD test.
 Parm:Temp. Dew Pt.   Month:           2  Year:        2015  Mlevel=   10.0000000      SDlevel=   98.7166138      Days:        1017
 Failed SN SD test.
 Parm:Temp. Dew Pt.   Month:           2  Year:        2015  Mlevel=   30.0000000      SDlevel=   98.7152328      Days:        1017
 FAILED K-S -- Parm:Temp. Dew Pt.   Mon:           2  Year:        2015  N:         904
 Failed SN SD test.
 Parm:Temp. Dew Pt.   Month:           2  Year:        2015  Mlevel=   30.0000000      SDlevel=   98.7152328      Days:        1017
 Failed SN SD test.
 Parm:Temp. Dew Pt.   Month:           2  Year:        2015  Mlevel=   20.0000000      SDlevel=   98.2682343      Days:        1017
 Failed SN SD test.
 Parm:Temp. Dew Pt.   Month:           2  Year:        2015  Mlevel=   30.0000000      SDlevel=   99.0957870      Days:        1017
At line 3013 of file cligen53.f (unit = 9, file = '0500000US36113.prn')
Fortran runtime error: Sequential READ or WRITE not allowed after EOF marker, possibly use REWIND or BACKSPACE
*** ERROR *** Could not produce desired level of quality in
                    << Temp. Dew Pt.   >> random deviates.
 Tdew -10 rangecheck executed.
 Tdew -10 rangecheck executed.
 Tdew -10 rangecheck executed.
 FAILED K-S -- Parm:Temp. Dew Pt.   Mon:           2  Year:        2016  N:         933
 Failed SN SD test.
 Parm:Temp. Dew Pt.   Month:           2  Year:        2016  Mlevel=   40.0000000      SDlevel=   99.1805573      Days:        1046
 Failed SN SD test.
 Parm:Temp. Dew Pt.   Month:           2  Year:        2016  Mlevel=   30.0000000      SDlevel=   99.2747345      Days:        1046
 Failed SN SD test.
 Parm:Temp. Dew Pt.   Month:           2  Year:        2016  Mlevel=   40.0000000      SDlevel=   98.8143311      Days:        1046
 Failed SN SD test.
 Parm:Temp. Dew Pt.   Month:           2  Year:        2016  Mlevel=   40.0000000      SDlevel=   97.4743805      Days:        1046
 Failed SN SD test.
 Parm:Temp. Dew Pt.   Month:           2  Year:        2016  Mlevel=   5.00000000      SDlevel=   98.2849960      Days:        1046
*** ERROR *** Could not produce desired level of quality in
                    << Temp. Dew Pt.   >> random deviates.
 Tdew -10 rangecheck executed.
 Tdew -10 rangecheck executed.
 Failed SN SD test.
 Parm:Temp. Dew Pt.   Month:           2  Year:        2017  Mlevel=   10.0000000      SDlevel=   99.0409622      Days:        1074
 Failed SN SD test.
 Parm:Temp. Dew Pt.   Month:           2  Year:        2017  Mlevel=   20.0000000      SDlevel=   99.1253738      Days:        1074
 Failed SN SD test.
 Parm:Temp. Dew Pt.   Month:           2  Year:        2017  Mlevel=   1.00000000      SDlevel=   96.1001434      Days:        1074
 Failed SN SD test.
 Parm:Temp. Dew Pt.   Month:           2  Year:        2017  Mlevel=   10.0000000      SDlevel=   98.8668900      Days:        1074
 Failed SN SD test.
 Parm:Temp. Dew Pt.   Month:           2  Year:        2017  Mlevel=   1.00000000      SDlevel=   98.0707550      Days:        1074
*** ERROR *** Could not produce desired level of quality in
                    << Temp. Dew Pt.   >> random deviates.
 Tdew -10 rangecheck executed.
 Tdew -10 rangecheck executed.
 Tdew -10 rangecheck executed.
