

  ********************************************************************
  *                                                                  *
  *              USDA - WATER EROSION PREDICTION PROJECT             *
  *                 WEPP CLIMATE INPUT DATA GENERATOR                *
  *                                                                  *
  *                    CONTINUOUS SIMULATION AND                     *
  *                       SINGLE STORM OPTIONS                       *
  *                    with Command Line Options,                    *
  *                        and Corrections to                        *
  *                  Rainfall Intensity Calculations                 *
  *                   and Random Number Generation.                  *
  *                                                                  *
  *                          VERSION 5.30000                         *
  *                     Revised from VERSION 4.2                     *
  *                           October 2004                           *
  *                                                                  *
  *           (Use -h or /h to list command line options.)           *
  *                                                                  *
  ********************************************************************


 ok345664.par                                                                                                                                                                                                                                                    
 0500000US40029.prn                                                                                                                                                                                                                                              
 FAILED K-S -- Parm:Time to Peak    Mon:           3  Year:        1992  N:         100
 FAILED K-S -- Parm:Time to Peak    Mon:           3  Year:        1992  N:         100
 FAILED K-S -- Parm:Time to Peak    Mon:           3  Year:        1992  N:         100
 FAILED K-S -- Parm:Time to Peak    Mon:           3  Year:        1992  N:         100
 FAILED K-S -- Parm:Time to Peak    Mon:           3  Year:        1992  N:         100
*** ERROR *** Could not produce desired level of quality in
                    << Time to Peak    >> random deviates.
 FAILED K-S -- Parm:Time to Peak    Mon:           3  Year:        1993  N:         106
 FAILED K-S -- Parm:Time to Peak    Mon:           3  Year:        1993  N:         106
 FAILED K-S -- Parm:Time to Peak    Mon:           3  Year:        1993  N:         106
 FAILED K-S -- Parm:Time to Peak    Mon:           3  Year:        1993  N:         106
 FAILED K-S -- Parm:Time to Peak    Mon:           3  Year:        1993  N:         106
*** ERROR *** Could not produce desired level of quality in
                    << Time to Peak    >> random deviates.
 FAILED K-S -- Parm:Time to Peak    Mon:           3  Year:        1994  N:         118
 FAILED K-S -- Parm:Time to Peak    Mon:           3  Year:        1994  N:         118
 FAILED K-S -- Parm:Time to Peak    Mon:           3  Year:        1994  N:         118
 FAILED K-S -- Parm:Time to Peak    Mon:           3  Year:        1994  N:         118
 FAILED K-S -- Parm:Time to Peak    Mon:           3  Year:        1994  N:         118
*** ERROR *** Could not produce desired level of quality in
                    << Time to Peak    >> random deviates.
 FAILED K-S -- Parm:Time to Peak    Mon:           3  Year:        1995  N:         129
 FAILED K-S -- Parm:Time to Peak    Mon:           3  Year:        1995  N:         129
 FAILED K-S -- Parm:Time to Peak    Mon:           3  Year:        1995  N:         129
 FAILED K-S -- Parm:Time to Peak    Mon:           3  Year:        1995  N:         129
 FAILED K-S -- Parm:Time to Peak    Mon:           3  Year:        1995  N:         129
*** ERROR *** Could not produce desired level of quality in
                    << Time to Peak    >> random deviates.
At line 3013 of file cligen53.f (unit = 9, file = '0500000US40029.prn')
Fortran runtime error: Sequential READ or WRITE not allowed after EOF marker, possibly use REWIND or BACKSPACE
 FAILED K-S -- Parm:Time to Peak    Mon:           3  Year:        1996  N:         142
 FAILED K-S -- Parm:Time to Peak    Mon:           3  Year:        1996  N:         142
 FAILED K-S -- Parm:Time to Peak    Mon:           3  Year:        1996  N:         142
 FAILED K-S -- Parm:Time to Peak    Mon:           3  Year:        1996  N:         142
 FAILED K-S -- Parm:Time to Peak    Mon:           3  Year:        1996  N:         142
*** ERROR *** Could not produce desired level of quality in
                    << Time to Peak    >> random deviates.
 FAILED K-S -- Parm:Time to Peak    Mon:           7  Year:        1996  N:         100
 FAILED K-S -- Parm:Time to Peak    Mon:           7  Year:        1996  N:         100
 FAILED K-S -- Parm:Time to Peak    Mon:           7  Year:        1996  N:         100
 FAILED K-S -- Parm:Time to Peak    Mon:           7  Year:        1996  N:         100
 FAILED K-S -- Parm:Time to Peak    Mon:           7  Year:        1996  N:         100
*** ERROR *** Could not produce desired level of quality in
                    << Time to Peak    >> random deviates.
 FAILED K-S -- Parm:Time to Peak    Mon:           3  Year:        1997  N:         144
 FAILED K-S -- Parm:Time to Peak    Mon:           3  Year:        1997  N:         144
 FAILED K-S -- Parm:Time to Peak    Mon:           3  Year:        1997  N:         144
 FAILED K-S -- Parm:Time to Peak    Mon:           3  Year:        1997  N:         144
 FAILED K-S -- Parm:Time to Peak    Mon:           3  Year:        1997  N:         144
*** ERROR *** Could not produce desired level of quality in
                    << Time to Peak    >> random deviates.
 FAILED K-S -- Parm:Time to Peak    Mon:           3  Year:        1998  N:         155
 FAILED K-S -- Parm:Time to Peak    Mon:           3  Year:        1998  N:         155
 FAILED K-S -- Parm:Time to Peak    Mon:           3  Year:        1998  N:         155
 FAILED K-S -- Parm:Time to Peak    Mon:           3  Year:        1998  N:         155
 FAILED K-S -- Parm:Time to Peak    Mon:           3  Year:        1998  N:         155
*** ERROR *** Could not produce desired level of quality in
                    << Time to Peak    >> random deviates.
 FAILED K-S -- Parm:Time to Peak    Mon:           3  Year:        1999  N:         159
 FAILED K-S -- Parm:Time to Peak    Mon:           3  Year:        1999  N:         159
 FAILED K-S -- Parm:Time to Peak    Mon:           3  Year:        1999  N:         159
 FAILED K-S -- Parm:Time to Peak    Mon:           3  Year:        1999  N:         159
 FAILED K-S -- Parm:Time to Peak    Mon:           3  Year:        1999  N:         159
*** ERROR *** Could not produce desired level of quality in
                    << Time to Peak    >> random deviates.
 FAILED K-S -- Parm:Time to Peak    Mon:           3  Year:        2000  N:         165
 FAILED K-S -- Parm:Time to Peak    Mon:           3  Year:        2000  N:         165
 FAILED K-S -- Parm:Time to Peak    Mon:           3  Year:        2000  N:         165
 FAILED K-S -- Parm:Time to Peak    Mon:           3  Year:        2000  N:         165
 FAILED K-S -- Parm:Time to Peak    Mon:           3  Year:        2000  N:         165
*** ERROR *** Could not produce desired level of quality in
                    << Time to Peak    >> random deviates.
 FAILED K-S -- Parm:Time to Peak    Mon:           3  Year:        2001  N:         171
 FAILED K-S -- Parm:Time to Peak    Mon:           3  Year:        2001  N:         171
 FAILED K-S -- Parm:Time to Peak    Mon:           3  Year:        2001  N:         171
 FAILED K-S -- Parm:Time to Peak    Mon:           3  Year:        2001  N:         171
 FAILED K-S -- Parm:Time to Peak    Mon:           3  Year:        2001  N:         171
*** ERROR *** Could not produce desired level of quality in
                    << Time to Peak    >> random deviates.
