

  ********************************************************************
  *                                                                  *
  *              USDA - WATER EROSION PREDICTION PROJECT             *
  *                 WEPP CLIMATE INPUT DATA GENERATOR                *
  *                                                                  *
  *                    CONTINUOUS SIMULATION AND                     *
  *                       SINGLE STORM OPTIONS                       *
  *                    with Command Line Options,                    *
  *                        and Corrections to                        *
  *                  Rainfall Intensity Calculations                 *
  *                   and Random Number Generation.                  *
  *                                                                  *
  *                          VERSION 5.30000                         *
  *                     Revised from VERSION 4.2                     *
  *                           October 2004                           *
  *                                                                  *
  *           (Use -h or /h to list command line options.)           *
  *                                                                  *
  ********************************************************************


 fl081544.par                                                                                                                                                                                                                                                    
 0500000US12063.prn                                                                                                                                                                                                                                              
 FAILED K-S -- Parm:Precip. Amt.    Mon:           5  Year:        1993  N:         105
 FAILED K-S -- Parm:Precip. Amt.    Mon:           5  Year:        1993  N:         105
 FAILED K-S -- Parm:Precip. Amt.    Mon:           5  Year:        1993  N:         105
 FAILED K-S -- Parm:Precip. Amt.    Mon:           5  Year:        1993  N:         105
 FAILED K-S -- Parm:Precip. Amt.    Mon:           5  Year:        1993  N:         105
*** ERROR *** Could not produce desired level of quality in
                    << Precip. Amt.    >> random deviates.
 FAILED K-S -- Parm:Precip. Amt.    Mon:           5  Year:        1994  N:         115
 FAILED K-S -- Parm:Precip. Amt.    Mon:           5  Year:        1994  N:         115
 FAILED K-S -- Parm:Precip. Amt.    Mon:           5  Year:        1994  N:         115
 FAILED K-S -- Parm:Precip. Amt.    Mon:           5  Year:        1994  N:         115
 FAILED K-S -- Parm:Precip. Amt.    Mon:           5  Year:        1994  N:         115
*** ERROR *** Could not produce desired level of quality in
                    << Precip. Amt.    >> random deviates.
 FAILED K-S -- Parm:Precip. Amt.    Mon:           5  Year:        1995  N:         127
 FAILED K-S -- Parm:Precip. Amt.    Mon:           5  Year:        1995  N:         127
 FAILED K-S -- Parm:Precip. Amt.    Mon:           5  Year:        1995  N:         127
 FAILED K-S -- Parm:Precip. Amt.    Mon:           5  Year:        1995  N:         127
 FAILED K-S -- Parm:Precip. Amt.    Mon:           5  Year:        1995  N:         127
*** ERROR *** Could not produce desired level of quality in
                    << Precip. Amt.    >> random deviates.
 FAILED K-S -- Parm:Precip. Amt.    Mon:           5  Year:        1996  N:         138
 FAILED K-S -- Parm:Precip. Amt.    Mon:           5  Year:        1996  N:         138
 FAILED K-S -- Parm:Precip. Amt.    Mon:           5  Year:        1996  N:         138
 FAILED K-S -- Parm:Precip. Amt.    Mon:           5  Year:        1996  N:         138
 FAILED K-S -- Parm:Precip. Amt.    Mon:           5  Year:        1996  N:         138
*** ERROR *** Could not produce desired level of quality in
                    << Precip. Amt.    >> random deviates.
 FAILED K-S -- Parm:Precip. Amt.    Mon:           5  Year:        1997  N:         145
 FAILED K-S -- Parm:Precip. Amt.    Mon:           5  Year:        1997  N:         145
 FAILED K-S -- Parm:Precip. Amt.    Mon:           5  Year:        1997  N:         145
 FAILED K-S -- Parm:Precip. Amt.    Mon:           5  Year:        1997  N:         145
 FAILED K-S -- Parm:Precip. Amt.    Mon:           5  Year:        1997  N:         145
*** ERROR *** Could not produce desired level of quality in
                    << Precip. Amt.    >> random deviates.
 FAILED K-S -- Parm:Precip. Amt.    Mon:           5  Year:        1998  N:         151
 FAILED K-S -- Parm:Precip. Amt.    Mon:           5  Year:        1998  N:         151
 FAILED K-S -- Parm:Precip. Amt.    Mon:           5  Year:        1998  N:         151
 FAILED K-S -- Parm:Precip. Amt.    Mon:           5  Year:        1998  N:         151
 FAILED K-S -- Parm:Precip. Amt.    Mon:           5  Year:        1998  N:         151
*** ERROR *** Could not produce desired level of quality in
                    << Precip. Amt.    >> random deviates.
 FAILED K-S -- Parm:Precip. Amt.    Mon:           5  Year:        1999  N:         154
 FAILED K-S -- Parm:Precip. Amt.    Mon:           5  Year:        1999  N:         154
 FAILED K-S -- Parm:Precip. Amt.    Mon:           5  Year:        1999  N:         154
 FAILED K-S -- Parm:Precip. Amt.    Mon:           5  Year:        1999  N:         154
 FAILED K-S -- Parm:Precip. Amt.    Mon:           5  Year:        1999  N:         154
*** ERROR *** Could not produce desired level of quality in
                    << Precip. Amt.    >> random deviates.
 FAILED K-S -- Parm:Precip. Amt.    Mon:           5  Year:        2000  N:         160
 FAILED K-S -- Parm:Precip. Amt.    Mon:           5  Year:        2000  N:         160
 FAILED K-S -- Parm:Precip. Amt.    Mon:           5  Year:        2000  N:         160
 FAILED K-S -- Parm:Precip. Amt.    Mon:           5  Year:        2000  N:         160
 FAILED K-S -- Parm:Precip. Amt.    Mon:           5  Year:        2000  N:         160
*** ERROR *** Could not produce desired level of quality in
                    << Precip. Amt.    >> random deviates.
 FAILED K-S -- Parm:Precip. Amt.    Mon:           5  Year:        2001  N:         171
 FAILED K-S -- Parm:Precip. Amt.    Mon:           5  Year:        2001  N:         171
 FAILED K-S -- Parm:Precip. Amt.    Mon:           5  Year:        2001  N:         171
 FAILED K-S -- Parm:Precip. Amt.    Mon:           5  Year:        2001  N:         171
 FAILED K-S -- Parm:Precip. Amt.    Mon:           5  Year:        2001  N:         171
*** ERROR *** Could not produce desired level of quality in
                    << Precip. Amt.    >> random deviates.
 Failed SN SD test.
 Parm:Temp. Dew Pt.   Month:           5  Year:        2001  Mlevel=   30.0000000      SDlevel=   52.2945175      Days:         682
 FAILED K-S -- Parm:Precip. Amt.    Mon:           5  Year:        2002  N:         179
 FAILED K-S -- Parm:Precip. Amt.    Mon:           5  Year:        2002  N:         179
 FAILED K-S -- Parm:Precip. Amt.    Mon:           5  Year:        2002  N:         179
 FAILED K-S -- Parm:Precip. Amt.    Mon:           5  Year:        2002  N:         179
 FAILED K-S -- Parm:Precip. Amt.    Mon:           5  Year:        2002  N:         179
*** ERROR *** Could not produce desired level of quality in
                    << Precip. Amt.    >> random deviates.
 Failed SN SD test.
 Parm:Temp. Dew Pt.   Month:           5  Year:        2002  Mlevel=   10.0000000      SDlevel=   91.6022339      Days:         713
 FAILED K-S -- Parm:Precip. Amt.    Mon:           5  Year:        2003  N:         186
 FAILED K-S -- Parm:Precip. Amt.    Mon:           5  Year:        2003  N:         186
 FAILED K-S -- Parm:Precip. Amt.    Mon:           5  Year:        2003  N:         186
 FAILED K-S -- Parm:Precip. Amt.    Mon:           5  Year:        2003  N:         186
 FAILED K-S -- Parm:Precip. Amt.    Mon:           5  Year:        2003  N:         186
*** ERROR *** Could not produce desired level of quality in
                    << Precip. Amt.    >> random deviates.
 Failed SN SD test.
 Parm:Temp. Dew Pt.   Month:           5  Year:        2003  Mlevel=   40.0000000      SDlevel=   98.2557678      Days:         744
 FAILED K-S -- Parm:Precip. Amt.    Mon:           5  Year:        2004  N:         198
 FAILED K-S -- Parm:Precip. Amt.    Mon:           5  Year:        2004  N:         198
 FAILED K-S -- Parm:Precip. Amt.    Mon:           5  Year:        2004  N:         198
 FAILED K-S -- Parm:Precip. Amt.    Mon:           5  Year:        2004  N:         198
 FAILED K-S -- Parm:Precip. Amt.    Mon:           5  Year:        2004  N:         198
*** ERROR *** Could not produce desired level of quality in
                    << Precip. Amt.    >> random deviates.
 Failed SN SD test.
 Parm:Temp. Dew Pt.   Month:           5  Year:        2004  Mlevel=   10.0000000      SDlevel=   99.9108276      Days:         775
 FAILED K-S -- Parm:Precip. Amt.    Mon:           5  Year:        2005  N:         210
 FAILED K-S -- Parm:Precip. Amt.    Mon:           5  Year:        2005  N:         210
 FAILED K-S -- Parm:Precip. Amt.    Mon:           5  Year:        2005  N:         210
 FAILED K-S -- Parm:Precip. Amt.    Mon:           5  Year:        2005  N:         210
 FAILED K-S -- Parm:Precip. Amt.    Mon:           5  Year:        2005  N:         210
*** ERROR *** Could not produce desired level of quality in
                    << Precip. Amt.    >> random deviates.
 Failed SN SD test.
 Parm:Temp. Dew Pt.   Month:           5  Year:        2005  Mlevel=   20.0000000      SDlevel=   99.9882507      Days:         806
 FAILED K-S -- Parm:Precip. Amt.    Mon:           5  Year:        2006  N:         220
 FAILED K-S -- Parm:Precip. Amt.    Mon:           5  Year:        2006  N:         220
 FAILED K-S -- Parm:Precip. Amt.    Mon:           5  Year:        2006  N:         220
 FAILED K-S -- Parm:Precip. Amt.    Mon:           5  Year:        2006  N:         220
 FAILED K-S -- Parm:Precip. Amt.    Mon:           5  Year:        2006  N:         220
*** ERROR *** Could not produce desired level of quality in
                    << Precip. Amt.    >> random deviates.
 Failed SN SD test.
 Parm:Temp. Dew Pt.   Month:           5  Year:        2006  Mlevel=   30.0000000      SDlevel=   99.9977798      Days:         837
 Failed SN SD test.
 Parm:Temp. Dew Pt.   Month:           5  Year:        2007  Mlevel=   30.0000000      SDlevel=   99.9999924      Days:         868
 Failed SN SD test.
 Parm:Temp. Dew Pt.   Month:           5  Year:        2007  Mlevel=   10.0000000      SDlevel=   99.9999619      Days:         868
 Failed SN SD test.
 Parm:Temp. Dew Pt.   Month:           5  Year:        2007  Mlevel=   50.0000000      SDlevel=   99.9999847      Days:         868
 Failed SN SD test.
 Parm:Temp. Dew Pt.   Month:           5  Year:        2007  Mlevel=   20.0000000      SDlevel=   99.9999695      Days:         868
 Failed SN SD test.
 Parm:Temp. Dew Pt.   Month:           5  Year:        2007  Mlevel=   10.0000000      SDlevel=   99.9999924      Days:         868
*** ERROR *** Could not produce desired level of quality in
                    << Temp. Dew Pt.   >> random deviates.
 Failed SN SD test.
 Parm:Temp. Dew Pt.   Month:           5  Year:        2008  Mlevel=   1.00000000      SDlevel=   99.9999924      Days:         899
 Failed SN SD test.
 Parm:Temp. Dew Pt.   Month:           5  Year:        2008  Mlevel=   1.00000000      SDlevel=   99.9999924      Days:         899
 Failed SN SD test.
 Parm:Temp. Dew Pt.   Month:           5  Year:        2008  Mlevel=   0.00000000      SDlevel=   100.000000      Days:         899
 Failed SN SD test.
 Parm:Temp. Dew Pt.   Month:           5  Year:        2008  Mlevel=   10.0000000      SDlevel=   99.9999924      Days:         899
 Failed SN SD test.
 Parm:Temp. Dew Pt.   Month:           5  Year:        2008  Mlevel=   10.0000000      SDlevel=   99.9999924      Days:         899
*** ERROR *** Could not produce desired level of quality in
                    << Temp. Dew Pt.   >> random deviates.
 Failed SN SD test.
 Parm:Temp. Dew Pt.   Month:           5  Year:        2009  Mlevel=   5.00000000      SDlevel=   99.9999771      Days:         930
 Failed SN SD test.
 Parm:Temp. Dew Pt.   Month:           5  Year:        2009  Mlevel=   20.0000000      SDlevel=   99.9999924      Days:         930
 Failed SN SD test.
 Parm:Temp. Dew Pt.   Month:           5  Year:        2009  Mlevel=   10.0000000      SDlevel=   99.9999924      Days:         930
 Failed SN SD test.
 Parm:Temp. Dew Pt.   Month:           5  Year:        2009  Mlevel=   10.0000000      SDlevel=   100.000000      Days:         930
 Failed SN SD test.
 Parm:Temp. Dew Pt.   Month:           5  Year:        2009  Mlevel=   10.0000000      SDlevel=   99.9999924      Days:         930
*** ERROR *** Could not produce desired level of quality in
                    << Temp. Dew Pt.   >> random deviates.
 Failed SN SD test.
 Parm:Temp. Dew Pt.   Month:           5  Year:        2010  Mlevel=   20.0000000      SDlevel=   99.9999847      Days:         961
 Failed SN SD test.
 Parm:Temp. Dew Pt.   Month:           5  Year:        2010  Mlevel=   10.0000000      SDlevel=   99.9999847      Days:         961
 Failed SN SD test.
 Parm:Temp. Dew Pt.   Month:           5  Year:        2010  Mlevel=   10.0000000      SDlevel=   100.000000      Days:         961
 Failed SN SD test.
 Parm:Temp. Dew Pt.   Month:           5  Year:        2010  Mlevel=   10.0000000      SDlevel=   99.9999847      Days:         961
 Failed SN SD test.
 Parm:Temp. Dew Pt.   Month:           5  Year:        2010  Mlevel=   10.0000000      SDlevel=   100.000000      Days:         961
*** ERROR *** Could not produce desired level of quality in
                    << Temp. Dew Pt.   >> random deviates.
 Failed SN SD test.
 Parm:Temp. Dew Pt.   Month:           5  Year:        2011  Mlevel=   30.0000000      SDlevel=   100.000000      Days:         992
 Failed SN SD test.
 Parm:Temp. Dew Pt.   Month:           5  Year:        2011  Mlevel=   30.0000000      SDlevel=   100.000000      Days:         992
 Failed SN SD test.
 Parm:Temp. Dew Pt.   Month:           5  Year:        2011  Mlevel=   30.0000000      SDlevel=   100.000000      Days:         992
 Failed SN SD test.
 Parm:Temp. Dew Pt.   Month:           5  Year:        2011  Mlevel=   5.00000000      SDlevel=   99.9999771      Days:         992
 Failed SN SD test.
 Parm:Temp. Dew Pt.   Month:           5  Year:        2011  Mlevel=   20.0000000      SDlevel=   99.9999924      Days:         992
*** ERROR *** Could not produce desired level of quality in
                    << Temp. Dew Pt.   >> random deviates.
 Failed SN SD test.
 Parm:Temp. Dew Pt.   Month:           5  Year:        2012  Mlevel=   10.0000000      SDlevel=   99.9998703      Days:        1023
 Failed SN SD test.
 Parm:Temp. Dew Pt.   Month:           5  Year:        2012  Mlevel=   20.0000000      SDlevel=   99.9999847      Days:        1023
 Failed SN SD test.
 Parm:Temp. Dew Pt.   Month:           5  Year:        2012  Mlevel=   10.0000000      SDlevel=   99.9999847      Days:        1023
 Failed SN SD test.
 Parm:Temp. Dew Pt.   Month:           5  Year:        2012  Mlevel=   30.0000000      SDlevel=   99.9999924      Days:        1023
 Failed SN SD test.
 Parm:Temp. Dew Pt.   Month:           5  Year:        2012  Mlevel=   1.00000000      SDlevel=   99.9999924      Days:        1023
*** ERROR *** Could not produce desired level of quality in
                    << Temp. Dew Pt.   >> random deviates.
 FAILED K-S -- Parm:Time to Peak    Mon:           5  Year:        2012  N:         275
 Failed SN SD test.
 Parm:Temp. Dew Pt.   Month:           5  Year:        2013  Mlevel=   20.0000000      SDlevel=   100.000000      Days:        1054
 Failed SN SD test.
 Parm:Temp. Dew Pt.   Month:           5  Year:        2013  Mlevel=   5.00000000      SDlevel=   99.9999924      Days:        1054
 Failed SN SD test.
 Parm:Temp. Dew Pt.   Month:           5  Year:        2013  Mlevel=   10.0000000      SDlevel=   99.9999619      Days:        1054
At line 3013 of file cligen53.f (unit = 9, file = '0500000US12063.prn')
Fortran runtime error: Sequential READ or WRITE not allowed after EOF marker, possibly use REWIND or BACKSPACE
 Failed SN SD test.
 Parm:Temp. Dew Pt.   Month:           5  Year:        2013  Mlevel=   10.0000000      SDlevel=   99.9999161      Days:        1054
 Failed SN SD test.
 Parm:Temp. Dew Pt.   Month:           5  Year:        2013  Mlevel=   1.00000000      SDlevel=   99.9999924      Days:        1054
*** ERROR *** Could not produce desired level of quality in
                    << Temp. Dew Pt.   >> random deviates.
 Failed SN SD test.
 Parm:Temp. Dew Pt.   Month:           5  Year:        2014  Mlevel=   10.0000000      SDlevel=   99.9999847      Days:        1085
 Failed SN SD test.
 Parm:Temp. Dew Pt.   Month:           5  Year:        2014  Mlevel=   20.0000000      SDlevel=   99.9997177      Days:        1085
 Failed SN SD test.
 Parm:Temp. Dew Pt.   Month:           5  Year:        2014  Mlevel=   10.0000000      SDlevel=   99.9999847      Days:        1085
 Failed SN SD test.
 Parm:Temp. Dew Pt.   Month:           5  Year:        2014  Mlevel=   10.0000000      SDlevel=   99.9999924      Days:        1085
 Failed SN SD test.
 Parm:Temp. Dew Pt.   Month:           5  Year:        2014  Mlevel=   20.0000000      SDlevel=   99.9999847      Days:        1085
*** ERROR *** Could not produce desired level of quality in
                    << Temp. Dew Pt.   >> random deviates.
 Failed SN SD test.
 Parm:Temp. Dew Pt.   Month:           5  Year:        2015  Mlevel=   10.0000000      SDlevel=   99.9999924      Days:        1116
 Failed SN SD test.
 Parm:Temp. Dew Pt.   Month:           5  Year:        2015  Mlevel=   20.0000000      SDlevel=   99.9999847      Days:        1116
 Failed SN SD test.
 Parm:Temp. Dew Pt.   Month:           5  Year:        2015  Mlevel=   20.0000000      SDlevel=   99.9999847      Days:        1116
 Failed SN SD test.
 Parm:Temp. Dew Pt.   Month:           5  Year:        2015  Mlevel=   30.0000000      SDlevel=   99.9999847      Days:        1116
 Failed SN SD test.
 Parm:Temp. Dew Pt.   Month:           5  Year:        2015  Mlevel=   10.0000000      SDlevel=   99.9999771      Days:        1116
*** ERROR *** Could not produce desired level of quality in
                    << Temp. Dew Pt.   >> random deviates.
 Failed SN SD test.
 Parm:Temp. Dew Pt.   Month:           5  Year:        2016  Mlevel=   20.0000000      SDlevel=   99.9999924      Days:        1147
 Failed SN SD test.
 Parm:Temp. Dew Pt.   Month:           5  Year:        2016  Mlevel=   10.0000000      SDlevel=   99.9999771      Days:        1147
 Failed SN SD test.
 Parm:Temp. Dew Pt.   Month:           5  Year:        2016  Mlevel=   20.0000000      SDlevel=   99.9999313      Days:        1147
 Failed SN SD test.
 Parm:Temp. Dew Pt.   Month:           5  Year:        2016  Mlevel=   5.00000000      SDlevel=   99.9999847      Days:        1147
 Failed SN SD test.
 Parm:Temp. Dew Pt.   Month:           5  Year:        2016  Mlevel=   30.0000000      SDlevel=   99.9999161      Days:        1147
*** ERROR *** Could not produce desired level of quality in
                    << Temp. Dew Pt.   >> random deviates.
 Failed SN SD test.
 Parm:Temp. Dew Pt.   Month:           5  Year:        2017  Mlevel=   30.0000000      SDlevel=   99.9996567      Days:        1178
 Failed SN SD test.
 Parm:Temp. Dew Pt.   Month:           5  Year:        2017  Mlevel=   10.0000000      SDlevel=   99.9998245      Days:        1178
 Failed SN SD test.
 Parm:Temp. Dew Pt.   Month:           5  Year:        2017  Mlevel=   40.0000000      SDlevel=   99.9989853      Days:        1178
 Failed SN SD test.
 Parm:Temp. Dew Pt.   Month:           5  Year:        2017  Mlevel=   30.0000000      SDlevel=   99.9999619      Days:        1178
 Failed SN SD test.
 Parm:Temp. Dew Pt.   Month:           5  Year:        2017  Mlevel=   50.0000000      SDlevel=   99.9999619      Days:        1178
*** ERROR *** Could not produce desired level of quality in
                    << Temp. Dew Pt.   >> random deviates.
