At line 3013 of file cligen53.f (unit = 9, file = '0500000US48357.prn')
Fortran runtime error: Sequential READ or WRITE not allowed after EOF marker, possibly use REWIND or BACKSPACE


  ********************************************************************
  *                                                                  *
  *              USDA - WATER EROSION PREDICTION PROJECT             *
  *                 WEPP CLIMATE INPUT DATA GENERATOR                *
  *                                                                  *
  *                    CONTINUOUS SIMULATION AND                     *
  *                       SINGLE STORM OPTIONS                       *
  *                    with Command Line Options,                    *
  *                        and Corrections to                        *
  *                  Rainfall Intensity Calculations                 *
  *                   and Random Number Generation.                  *
  *                                                                  *
  *                          VERSION 5.30000                         *
  *                     Revised from VERSION 4.2                     *
  *                           October 2004                           *
  *                                                                  *
  *           (Use -h or /h to list command line options.)           *
  *                                                                  *
  ********************************************************************


 tx416950.par                                                                                                                                                                                                                                                    
 0500000US48357.prn                                                                                                                                                                                                                                              
 Tdew -10 rangecheck executed.
 Failed SN SD test.
 Parm:Precip. Amt.    Month:           7  Year:        1981  Mlevel=   5.00000000      SDlevel=   56.3498383      Days:           8
 Failed SN SD test.
 Parm:Precip. Amt.    Month:           7  Year:        1981  Mlevel=   10.0000000      SDlevel=   60.1459618      Days:           8
 Failed SN SD test.
 Parm:Precip. Amt.    Month:           7  Year:        1981  Mlevel=   20.0000000      SDlevel=   61.2730026      Days:           8
 Failed SN SD test.
 Parm:Precip. Amt.    Month:           7  Year:        1981  Mlevel=   30.0000000      SDlevel=   57.3527451      Days:           8
 Failed SN SD test.
 Parm:Precip. Amt.    Month:           7  Year:        1981  Mlevel=   10.0000000      SDlevel=   61.7779961      Days:           8
*** ERROR *** Could not produce desired level of quality in
                    << Precip. Amt.    >> random deviates.
 Tdew -10 rangecheck executed.
 Tdew -10 rangecheck executed.
 Failed SN SD test.
 Parm:Precip. Amt.    Month:          12  Year:        1987  Mlevel=   10.0000000      SDlevel=   53.2681236      Days:          24
 Failed SN SD test.
 Parm:Precip. Amt.    Month:          12  Year:        1987  Mlevel=   10.0000000      SDlevel=   52.1931648      Days:          24
 Failed SN SD test.
 Parm:Precip. Amt.    Month:          12  Year:        1987  Mlevel=   10.0000000      SDlevel=   52.2427216      Days:          24
 Failed SN SD test.
 Parm:Precip. Amt.    Month:          12  Year:        1987  Mlevel=   10.0000000      SDlevel=   50.8348465      Days:          24
 Failed SN SD test.
 Parm:Precip. Amt.    Month:          12  Year:        1987  Mlevel=   10.0000000      SDlevel=   52.3584480      Days:          24
*** ERROR *** Could not produce desired level of quality in
                    << Precip. Amt.    >> random deviates.
 Failed SN SD test.
 Parm:Temp. Dew Pt.   Month:          12  Year:        1987  Mlevel=   5.00000000      SDlevel=   52.2766571      Days:         248
 Tdew -10 rangecheck executed.
 Tdew -10 rangecheck executed.
 Tdew -10 rangecheck executed.
