

  ********************************************************************
  *                                                                  *
  *              USDA - WATER EROSION PREDICTION PROJECT             *
  *                 WEPP CLIMATE INPUT DATA GENERATOR                *
  *                                                                  *
  *                    CONTINUOUS SIMULATION AND                     *
  *                       SINGLE STORM OPTIONS                       *
  *                    with Command Line Options,                    *
  *                        and Corrections to                        *
  *                  Rainfall Intensity Calculations                 *
  *                   and Random Number Generation.                  *
  *                                                                  *
  *                          VERSION 5.30000                         *
  *                     Revised from VERSION 4.2                     *
  *                           October 2004                           *
  *                                                                  *
  *           (Use -h or /h to list command line options.)           *
  *                                                                  *
  ********************************************************************


 ny302610.par                                                                                                                                                                                                                                                    
 0500000US42117.prn                                                                                                                                                                                                                                              
 Tdew -10 rangecheck executed.
 Tdew -10 rangecheck executed.
 Tdew -10 rangecheck executed.
 Tdew -10 rangecheck executed.
 FAILED K-S -- Parm:Time to Peak    Mon:           8  Year:        1988  N:         111
 FAILED K-S -- Parm:Time to Peak    Mon:           8  Year:        1988  N:         111
 FAILED K-S -- Parm:Time to Peak    Mon:           8  Year:        1988  N:         111
 FAILED K-S -- Parm:Time to Peak    Mon:           8  Year:        1988  N:         111
 FAILED K-S -- Parm:Time to Peak    Mon:           8  Year:        1988  N:         111
*** ERROR *** Could not produce desired level of quality in
                    << Time to Peak    >> random deviates.
 FAILED K-S -- Parm:Time to Peak    Mon:           8  Year:        1989  N:         125
 FAILED K-S -- Parm:Time to Peak    Mon:           8  Year:        1989  N:         125
 FAILED K-S -- Parm:Time to Peak    Mon:           8  Year:        1989  N:         125
 FAILED K-S -- Parm:Time to Peak    Mon:           8  Year:        1989  N:         125
 FAILED K-S -- Parm:Time to Peak    Mon:           8  Year:        1989  N:         125
*** ERROR *** Could not produce desired level of quality in
                    << Time to Peak    >> random deviates.
 FAILED K-S -- Parm:Time to Peak    Mon:           8  Year:        1990  N:         136
 FAILED K-S -- Parm:Time to Peak    Mon:           8  Year:        1990  N:         136
 FAILED K-S -- Parm:Time to Peak    Mon:           8  Year:        1990  N:         136
 FAILED K-S -- Parm:Time to Peak    Mon:           8  Year:        1990  N:         136
 FAILED K-S -- Parm:Time to Peak    Mon:           8  Year:        1990  N:         136
*** ERROR *** Could not produce desired level of quality in
                    << Time to Peak    >> random deviates.
 FAILED K-S -- Parm:Time to Peak    Mon:           8  Year:        1991  N:         145
 FAILED K-S -- Parm:Time to Peak    Mon:           8  Year:        1991  N:         145
 FAILED K-S -- Parm:Time to Peak    Mon:           8  Year:        1991  N:         145
 FAILED K-S -- Parm:Time to Peak    Mon:           8  Year:        1991  N:         145
 FAILED K-S -- Parm:Time to Peak    Mon:           8  Year:        1991  N:         145
*** ERROR *** Could not produce desired level of quality in
                    << Time to Peak    >> random deviates.
 FAILED K-S -- Parm:Time to Peak    Mon:           8  Year:        1992  N:         157
 FAILED K-S -- Parm:Time to Peak    Mon:           8  Year:        1992  N:         157
 FAILED K-S -- Parm:Time to Peak    Mon:           8  Year:        1992  N:         157
 FAILED K-S -- Parm:Time to Peak    Mon:           8  Year:        1992  N:         157
 FAILED K-S -- Parm:Time to Peak    Mon:           8  Year:        1992  N:         157
*** ERROR *** Could not produce desired level of quality in
                    << Time to Peak    >> random deviates.
 Tdew -10 rangecheck executed.
 Tdew -10 rangecheck executed.
 FAILED K-S -- Parm:Time to Peak    Mon:           8  Year:        1993  N:         166
 FAILED K-S -- Parm:Time to Peak    Mon:           8  Year:        1993  N:         166
 FAILED K-S -- Parm:Time to Peak    Mon:           8  Year:        1993  N:         166
 FAILED K-S -- Parm:Time to Peak    Mon:           8  Year:        1993  N:         166
 FAILED K-S -- Parm:Time to Peak    Mon:           8  Year:        1993  N:         166
*** ERROR *** Could not produce desired level of quality in
                    << Time to Peak    >> random deviates.
 Tdew -10 rangecheck executed.
 Tdew -10 rangecheck executed.
 Tdew -10 rangecheck executed.
 FAILED K-S -- Parm:Time to Peak    Mon:           8  Year:        1994  N:         177
 FAILED K-S -- Parm:Time to Peak    Mon:           8  Year:        1994  N:         177
 FAILED K-S -- Parm:Time to Peak    Mon:           8  Year:        1994  N:         177
 FAILED K-S -- Parm:Time to Peak    Mon:           8  Year:        1994  N:         177
 FAILED K-S -- Parm:Time to Peak    Mon:           8  Year:        1994  N:         177
*** ERROR *** Could not produce desired level of quality in
                    << Time to Peak    >> random deviates.
 FAILED K-S -- Parm:Time to Peak    Mon:           8  Year:        1995  N:         194
 FAILED K-S -- Parm:Time to Peak    Mon:           8  Year:        1995  N:         194
 FAILED K-S -- Parm:Time to Peak    Mon:           8  Year:        1995  N:         194
 FAILED K-S -- Parm:Time to Peak    Mon:           8  Year:        1995  N:         194
 FAILED K-S -- Parm:Time to Peak    Mon:           8  Year:        1995  N:         194
*** ERROR *** Could not produce desired level of quality in
                    << Time to Peak    >> random deviates.
 Tdew -10 rangecheck executed.
 Tdew -10 rangecheck executed.
 FAILED K-S -- Parm:Time to Peak    Mon:           8  Year:        1996  N:         207
 FAILED K-S -- Parm:Time to Peak    Mon:           8  Year:        1996  N:         207
 FAILED K-S -- Parm:Time to Peak    Mon:           8  Year:        1996  N:         207
 FAILED K-S -- Parm:Time to Peak    Mon:           8  Year:        1996  N:         207
 FAILED K-S -- Parm:Time to Peak    Mon:           8  Year:        1996  N:         207
*** ERROR *** Could not produce desired level of quality in
                    << Time to Peak    >> random deviates.
 FAILED K-S -- Parm:Time to Peak    Mon:           8  Year:        1997  N:         216
 FAILED K-S -- Parm:Time to Peak    Mon:           8  Year:        1997  N:         216
 FAILED K-S -- Parm:Time to Peak    Mon:           8  Year:        1997  N:         216
 FAILED K-S -- Parm:Time to Peak    Mon:           8  Year:        1997  N:         216
 FAILED K-S -- Parm:Time to Peak    Mon:           8  Year:        1997  N:         216
*** ERROR *** Could not produce desired level of quality in
                    << Time to Peak    >> random deviates.
 FAILED K-S -- Parm:Time to Peak    Mon:           8  Year:        1998  N:         231
 FAILED K-S -- Parm:Time to Peak    Mon:           8  Year:        1998  N:         231
 FAILED K-S -- Parm:Time to Peak    Mon:           8  Year:        1998  N:         231
 FAILED K-S -- Parm:Time to Peak    Mon:           8  Year:        1998  N:         231
 FAILED K-S -- Parm:Time to Peak    Mon:           8  Year:        1998  N:         231
*** ERROR *** Could not produce desired level of quality in
                    << Time to Peak    >> random deviates.
 FAILED K-S -- Parm:Time to Peak    Mon:           8  Year:        1999  N:         241
 FAILED K-S -- Parm:Time to Peak    Mon:           8  Year:        1999  N:         241
 FAILED K-S -- Parm:Time to Peak    Mon:           8  Year:        1999  N:         241
 FAILED K-S -- Parm:Time to Peak    Mon:           8  Year:        1999  N:         241
 FAILED K-S -- Parm:Time to Peak    Mon:           8  Year:        1999  N:         241
*** ERROR *** Could not produce desired level of quality in
                    << Time to Peak    >> random deviates.
 FAILED K-S -- Parm:Time to Peak    Mon:           8  Year:        2000  N:         251
 FAILED K-S -- Parm:Time to Peak    Mon:           8  Year:        2000  N:         251
 FAILED K-S -- Parm:Time to Peak    Mon:           8  Year:        2000  N:         251
 FAILED K-S -- Parm:Time to Peak    Mon:           8  Year:        2000  N:         251
 FAILED K-S -- Parm:Time to Peak    Mon:           8  Year:        2000  N:         251
*** ERROR *** Could not produce desired level of quality in
                    << Time to Peak    >> random deviates.
 FAILED K-S -- Parm:Time to Peak    Mon:           8  Year:        2001  N:         265
 FAILED K-S -- Parm:Time to Peak    Mon:           8  Year:        2001  N:         265
 FAILED K-S -- Parm:Time to Peak    Mon:           8  Year:        2001  N:         265
 FAILED K-S -- Parm:Time to Peak    Mon:           8  Year:        2001  N:         265
 FAILED K-S -- Parm:Time to Peak    Mon:           8  Year:        2001  N:         265
*** ERROR *** Could not produce desired level of quality in
                    << Time to Peak    >> random deviates.
 FAILED K-S -- Parm:Time to Peak    Mon:           8  Year:        2002  N:         275
 FAILED K-S -- Parm:Time to Peak    Mon:           8  Year:        2002  N:         275
 FAILED K-S -- Parm:Time to Peak    Mon:           8  Year:        2002  N:         275
 FAILED K-S -- Parm:Time to Peak    Mon:           8  Year:        2002  N:         275
 FAILED K-S -- Parm:Time to Peak    Mon:           8  Year:        2002  N:         275
*** ERROR *** Could not produce desired level of quality in
                    << Time to Peak    >> random deviates.
 FAILED K-S -- Parm:Time to Peak    Mon:           8  Year:        2003  N:         282
 FAILED K-S -- Parm:Time to Peak    Mon:           8  Year:        2003  N:         282
 FAILED K-S -- Parm:Time to Peak    Mon:           8  Year:        2003  N:         282
 FAILED K-S -- Parm:Time to Peak    Mon:           8  Year:        2003  N:         282
 FAILED K-S -- Parm:Time to Peak    Mon:           8  Year:        2003  N:         282
*** ERROR *** Could not produce desired level of quality in
                    << Time to Peak    >> random deviates.
 Tdew -10 rangecheck executed.
 FAILED K-S -- Parm:Time to Peak    Mon:           8  Year:        2004  N:         291
 FAILED K-S -- Parm:Time to Peak    Mon:           8  Year:        2004  N:         291
 FAILED K-S -- Parm:Time to Peak    Mon:           8  Year:        2004  N:         291
 FAILED K-S -- Parm:Time to Peak    Mon:           8  Year:        2004  N:         291
 FAILED K-S -- Parm:Time to Peak    Mon:           8  Year:        2004  N:         291
*** ERROR *** Could not produce desired level of quality in
                    << Time to Peak    >> random deviates.
 Tdew -10 rangecheck executed.
 Tdew -10 rangecheck executed.
 FAILED K-S -- Parm:Time to Peak    Mon:           8  Year:        2005  N:         296
 FAILED K-S -- Parm:Time to Peak    Mon:           8  Year:        2005  N:         296
 FAILED K-S -- Parm:Time to Peak    Mon:           8  Year:        2005  N:         296
 FAILED K-S -- Parm:Time to Peak    Mon:           8  Year:        2005  N:         296
 FAILED K-S -- Parm:Time to Peak    Mon:           8  Year:        2005  N:         296
*** ERROR *** Could not produce desired level of quality in
                    << Time to Peak    >> random deviates.
At line 3013 of file cligen53.f (unit = 9, file = '0500000US42117.prn')
Fortran runtime error: Sequential READ or WRITE not allowed after EOF marker, possibly use REWIND or BACKSPACE
 Tdew -10 rangecheck executed.
 Tdew -10 rangecheck executed.
 Tdew -10 rangecheck executed.
 Tdew -10 rangecheck executed.
 Tdew -10 rangecheck executed.
 Tdew -10 rangecheck executed.
 Tdew -10 rangecheck executed.
 Tdew -10 rangecheck executed.
