

  ********************************************************************
  *                                                                  *
  *              USDA - WATER EROSION PREDICTION PROJECT             *
  *                 WEPP CLIMATE INPUT DATA GENERATOR                *
  *                                                                  *
  *                    CONTINUOUS SIMULATION AND                     *
  *                       SINGLE STORM OPTIONS                       *
  *                    with Command Line Options,                    *
  *                        and Corrections to                        *
  *                  Rainfall Intensity Calculations                 *
  *                   and Random Number Generation.                  *
  *                                                                  *
  *                          VERSION 5.30000                         *
  *                     Revised from VERSION 4.2                     *
  *                           October 2004                           *
  *                                                                  *
  *           (Use -h or /h to list command line options.)           *
  *                                                                  *
  ********************************************************************


 mn219046.par                                                                                                                                                                                                                                                    
 0500000US27043.prn                                                                                                                                                                                                                                              
 Tdew -10 rangecheck executed.
 Tdew -10 rangecheck executed.
 Tdew -10 rangecheck executed.
 Tdew -10 rangecheck executed.
 Tdew -10 rangecheck executed.
 Tdew -10 rangecheck executed.
 Tdew -10 rangecheck executed.
 Tdew -10 rangecheck executed.
 Tdew -10 rangecheck executed.
 Tdew -10 rangecheck executed.
 Tdew -10 rangecheck executed.
 Tdew -10 rangecheck executed.
 Tdew -10 rangecheck executed.
 Tdew -10 rangecheck executed.
 Tdew -10 rangecheck executed.
 Tdew -10 rangecheck executed.
 Tdew -10 rangecheck executed.
 Tdew -10 rangecheck executed.
 Tdew -10 rangecheck executed.
 Tdew -10 rangecheck executed.
 Tdew -10 rangecheck executed.
 Tdew -10 rangecheck executed.
 Tdew -10 rangecheck executed.
 Tdew -10 rangecheck executed.
 Tdew -10 rangecheck executed.
 Tdew -10 rangecheck executed.
 Tdew -10 rangecheck executed.
 Tdew -10 rangecheck executed.
 Tdew -10 rangecheck executed.
 Tdew -10 rangecheck executed.
 Tdew -10 rangecheck executed.
 Tdew -10 rangecheck executed.
 Tdew -10 rangecheck executed.
 Tdew -10 rangecheck executed.
 Tdew -10 rangecheck executed.
 Tdew -10 rangecheck executed.
 Tdew -10 rangecheck executed.
 Tdew -10 rangecheck executed.
 Tdew -10 rangecheck executed.
 Tdew -10 rangecheck executed.
 Tdew -10 rangecheck executed.
 Tdew -10 rangecheck executed.
 Tdew -10 rangecheck executed.
 Tdew -10 rangecheck executed.
 Tdew -10 rangecheck executed.
 Tdew -10 rangecheck executed.
 Tdew -10 rangecheck executed.
 Tdew -10 rangecheck executed.
 Tdew -10 rangecheck executed.
 Tdew -10 rangecheck executed.
 Tdew -10 rangecheck executed.
 Tdew -10 rangecheck executed.
 FAILED K-S -- Parm:Time to Peak    Mon:           5  Year:        1989  N:         105
 FAILED K-S -- Parm:Time to Peak    Mon:           5  Year:        1989  N:         105
 FAILED K-S -- Parm:Time to Peak    Mon:           5  Year:        1989  N:         105
 FAILED K-S -- Parm:Time to Peak    Mon:           5  Year:        1989  N:         105
 FAILED K-S -- Parm:Time to Peak    Mon:           5  Year:        1989  N:         105
*** ERROR *** Could not produce desired level of quality in
                    << Time to Peak    >> random deviates.
 Tdew -10 rangecheck executed.
 Tdew -10 rangecheck executed.
 Tdew -10 rangecheck executed.
 Tdew -10 rangecheck executed.
 Tdew -10 rangecheck executed.
 Tdew -10 rangecheck executed.
 Tdew -10 rangecheck executed.
 Tdew -10 rangecheck executed.
 Tdew -10 rangecheck executed.
 Tdew -10 rangecheck executed.
 Tdew -10 rangecheck executed.
 Tdew -10 rangecheck executed.
 Tdew -10 rangecheck executed.
 Tdew -10 rangecheck executed.
 FAILED K-S -- Parm:Precip. Amt.    Mon:          12  Year:        1992  N:         101
 FAILED K-S -- Parm:Precip. Amt.    Mon:          12  Year:        1992  N:         101
 FAILED K-S -- Parm:Precip. Amt.    Mon:          12  Year:        1992  N:         101
 FAILED K-S -- Parm:Precip. Amt.    Mon:          12  Year:        1992  N:         101
 FAILED K-S -- Parm:Precip. Amt.    Mon:          12  Year:        1992  N:         101
*** ERROR *** Could not produce desired level of quality in
                    << Precip. Amt.    >> random deviates.
 FAILED K-S -- Parm:Time to Peak    Mon:          12  Year:        1992  N:         101
 Tdew -10 rangecheck executed.
 FAILED K-S -- Parm:Precip. Amt.    Mon:          12  Year:        1993  N:         109
 Failed SN SD test.
 Parm:Precip. Amt.    Month:          12  Year:        1993  Mlevel=   30.0000000      SDlevel=   69.1908035      Days:         109
 FAILED K-S -- Parm:Precip. Amt.    Mon:          12  Year:        1993  N:         109
 Failed SN SD test.
 Parm:Precip. Amt.    Month:          12  Year:        1993  Mlevel=   30.0000000      SDlevel=   69.1908035      Days:         109
 FAILED K-S -- Parm:Precip. Amt.    Mon:          12  Year:        1993  N:         109
 Failed SN SD test.
 Parm:Precip. Amt.    Month:          12  Year:        1993  Mlevel=   30.0000000      SDlevel=   69.1908035      Days:         109
 FAILED K-S -- Parm:Precip. Amt.    Mon:          12  Year:        1993  N:         109
 Failed SN SD test.
 Parm:Precip. Amt.    Month:          12  Year:        1993  Mlevel=   30.0000000      SDlevel=   69.1908035      Days:         109
 FAILED K-S -- Parm:Precip. Amt.    Mon:          12  Year:        1993  N:         109
 Failed SN SD test.
 Parm:Precip. Amt.    Month:          12  Year:        1993  Mlevel=   30.0000000      SDlevel=   69.1908035      Days:         109
*** ERROR *** Could not produce desired level of quality in
                    << Precip. Amt.    >> random deviates.
 FAILED K-S -- Parm:Time to Peak    Mon:          12  Year:        1993  N:         104
 Tdew -10 rangecheck executed.
 FAILED K-S -- Parm:Time to Peak    Mon:           1  Year:        1994  N:         105
 FAILED K-S -- Parm:Time to Peak    Mon:           1  Year:        1994  N:         105
 FAILED K-S -- Parm:Time to Peak    Mon:           1  Year:        1994  N:         105
 FAILED K-S -- Parm:Time to Peak    Mon:           1  Year:        1994  N:         105
 FAILED K-S -- Parm:Time to Peak    Mon:           1  Year:        1994  N:         105
*** ERROR *** Could not produce desired level of quality in
                    << Time to Peak    >> random deviates.
 Tdew -10 rangecheck executed.
 Tdew -10 rangecheck executed.
 Tdew -10 rangecheck executed.
 Tdew -10 rangecheck executed.
 Tdew -10 rangecheck executed.
 Tdew -10 rangecheck executed.
 Tdew -10 rangecheck executed.
 Tdew -10 rangecheck executed.
 Tdew -10 rangecheck executed.
 Tdew -10 rangecheck executed.
 Tdew -10 rangecheck executed.
 FAILED K-S -- Parm:Time to Peak    Mon:           1  Year:        1995  N:         114
 FAILED K-S -- Parm:Time to Peak    Mon:           1  Year:        1995  N:         114
 FAILED K-S -- Parm:Time to Peak    Mon:           1  Year:        1995  N:         114
 FAILED K-S -- Parm:Time to Peak    Mon:           1  Year:        1995  N:         114
 FAILED K-S -- Parm:Time to Peak    Mon:           1  Year:        1995  N:         114
*** ERROR *** Could not produce desired level of quality in
                    << Time to Peak    >> random deviates.
 Tdew -10 rangecheck executed.
 FAILED K-S -- Parm:Time to Peak    Mon:           1  Year:        1996  N:         118
 FAILED K-S -- Parm:Time to Peak    Mon:           1  Year:        1996  N:         118
 FAILED K-S -- Parm:Time to Peak    Mon:           1  Year:        1996  N:         118
 FAILED K-S -- Parm:Time to Peak    Mon:           1  Year:        1996  N:         118
 FAILED K-S -- Parm:Time to Peak    Mon:           1  Year:        1996  N:         118
*** ERROR *** Could not produce desired level of quality in
                    << Time to Peak    >> random deviates.
 Tdew -10 rangecheck executed.
 Tdew -10 rangecheck executed.
 Tdew -10 rangecheck executed.
 Tdew -10 rangecheck executed.
 Tdew -10 rangecheck executed.
 Tdew -10 rangecheck executed.
 Tdew -10 rangecheck executed.
 Tdew -10 rangecheck executed.
 Tdew -10 rangecheck executed.
 Tdew -10 rangecheck executed.
 Tdew -10 rangecheck executed.
 Tdew -10 rangecheck executed.
 FAILED K-S -- Parm:Time to Peak    Mon:           1  Year:        1997  N:         126
 FAILED K-S -- Parm:Time to Peak    Mon:           1  Year:        1997  N:         126
 FAILED K-S -- Parm:Time to Peak    Mon:           1  Year:        1997  N:         126
 FAILED K-S -- Parm:Time to Peak    Mon:           1  Year:        1997  N:         126
 FAILED K-S -- Parm:Time to Peak    Mon:           1  Year:        1997  N:         126
*** ERROR *** Could not produce desired level of quality in
                    << Time to Peak    >> random deviates.
 Tdew -10 rangecheck executed.
 Tdew -10 rangecheck executed.
 Tdew -10 rangecheck executed.
 Tdew -10 rangecheck executed.
 FAILED K-S -- Parm:Time to Peak    Mon:           1  Year:        1998  N:         136
 FAILED K-S -- Parm:Time to Peak    Mon:           1  Year:        1998  N:         136
 FAILED K-S -- Parm:Time to Peak    Mon:           1  Year:        1998  N:         136
 FAILED K-S -- Parm:Time to Peak    Mon:           1  Year:        1998  N:         136
 FAILED K-S -- Parm:Time to Peak    Mon:           1  Year:        1998  N:         136
*** ERROR *** Could not produce desired level of quality in
                    << Time to Peak    >> random deviates.
 FAILED K-S -- Parm:Time to Peak    Mon:           1  Year:        1999  N:         141
 FAILED K-S -- Parm:Time to Peak    Mon:           1  Year:        1999  N:         141
 FAILED K-S -- Parm:Time to Peak    Mon:           1  Year:        1999  N:         141
 FAILED K-S -- Parm:Time to Peak    Mon:           1  Year:        1999  N:         141
 FAILED K-S -- Parm:Time to Peak    Mon:           1  Year:        1999  N:         141
*** ERROR *** Could not produce desired level of quality in
                    << Time to Peak    >> random deviates.
 Tdew -10 rangecheck executed.
 Tdew -10 rangecheck executed.
 Tdew -10 rangecheck executed.
 Tdew -10 rangecheck executed.
 FAILED K-S -- Parm:Time to Peak    Mon:           1  Year:        2000  N:         143
 FAILED K-S -- Parm:Time to Peak    Mon:           1  Year:        2000  N:         143
 FAILED K-S -- Parm:Time to Peak    Mon:           1  Year:        2000  N:         143
 FAILED K-S -- Parm:Time to Peak    Mon:           1  Year:        2000  N:         143
 FAILED K-S -- Parm:Time to Peak    Mon:           1  Year:        2000  N:         143
*** ERROR *** Could not produce desired level of quality in
                    << Time to Peak    >> random deviates.
 Tdew -10 rangecheck executed.
 Tdew -10 rangecheck executed.
 Tdew -10 rangecheck executed.
 Tdew -10 rangecheck executed.
 Tdew -10 rangecheck executed.
 Tdew -10 rangecheck executed.
 Tdew -10 rangecheck executed.
 Tdew -10 rangecheck executed.
 Tdew -10 rangecheck executed.
 Tdew -10 rangecheck executed.
 Tdew -10 rangecheck executed.
 Tdew -10 rangecheck executed.
 Tdew -10 rangecheck executed.
 Tdew -10 rangecheck executed.
 Tdew -10 rangecheck executed.
 Tdew -10 rangecheck executed.
 Tdew -10 rangecheck executed.
 Tdew -10 rangecheck executed.
 Tdew -10 rangecheck executed.
 Tdew -10 rangecheck executed.
 Tdew -10 rangecheck executed.
 Tdew -10 rangecheck executed.
 Tdew -10 rangecheck executed.
 Tdew -10 rangecheck executed.
 Tdew -10 rangecheck executed.
 Tdew -10 rangecheck executed.
 Tdew -10 rangecheck executed.
 Tdew -10 rangecheck executed.
At line 3013 of file cligen53.f (unit = 9, file = '0500000US27043.prn')
Fortran runtime error: Sequential READ or WRITE not allowed after EOF marker, possibly use REWIND or BACKSPACE
 Tdew -10 rangecheck executed.
 Tdew -10 rangecheck executed.
 Tdew -10 rangecheck executed.
 Tdew -10 rangecheck executed.
 Tdew -10 rangecheck executed.
 Tdew -10 rangecheck executed.
 Tdew -10 rangecheck executed.
 Tdew -10 rangecheck executed.
 Tdew -10 rangecheck executed.
 Tdew -10 rangecheck executed.
 Tdew -10 rangecheck executed.
 Tdew -10 rangecheck executed.
 Tdew -10 rangecheck executed.
 Tdew -10 rangecheck executed.
 Tdew -10 rangecheck executed.
 Tdew -10 rangecheck executed.
 Tdew -10 rangecheck executed.
 Tdew -10 rangecheck executed.
 Tdew -10 rangecheck executed.
 Tdew -10 rangecheck executed.
 Tdew -10 rangecheck executed.
 Tdew -10 rangecheck executed.
 Tdew -10 rangecheck executed.
 Tdew -10 rangecheck executed.
 Tdew -10 rangecheck executed.
