

  ********************************************************************
  *                                                                  *
  *              USDA - WATER EROSION PREDICTION PROJECT             *
  *                 WEPP CLIMATE INPUT DATA GENERATOR                *
  *                                                                  *
  *                    CONTINUOUS SIMULATION AND                     *
  *                       SINGLE STORM OPTIONS                       *
  *                    with Command Line Options,                    *
  *                        and Corrections to                        *
  *                  Rainfall Intensity Calculations                 *
  *                   and Random Number Generation.                  *
  *                                                                  *
  *                          VERSION 5.30000                         *
  *                     Revised from VERSION 4.2                     *
  *                           October 2004                           *
  *                                                                  *
  *           (Use -h or /h to list command line options.)           *
  *                                                                  *
  ********************************************************************


 tx419419.par                                                                                                                                                                                                                                                    
 0500000US48309.prn                                                                                                                                                                                                                                              
 FAILED K-S -- Parm:Precip. Amt.    Mon:           3  Year:        1993  N:         101
 FAILED K-S -- Parm:Precip. Amt.    Mon:           3  Year:        1993  N:         101
 FAILED K-S -- Parm:Precip. Amt.    Mon:           3  Year:        1993  N:         101
 FAILED K-S -- Parm:Precip. Amt.    Mon:           3  Year:        1993  N:         101
 FAILED K-S -- Parm:Precip. Amt.    Mon:           3  Year:        1993  N:         101
*** ERROR *** Could not produce desired level of quality in
                    << Precip. Amt.    >> random deviates.
 Failed SN SD test.
 Parm:Temp. Dew Pt.   Month:           3  Year:        1993  Mlevel=   30.0000000      SDlevel=   59.0162201      Days:         434
 FAILED K-S -- Parm:Time to Peak    Mon:           3  Year:        1993  N:         101
 FAILED K-S -- Parm:Time to Peak    Mon:           4  Year:        1996  N:         105
 FAILED K-S -- Parm:Time to Peak    Mon:           4  Year:        1996  N:         105
 FAILED K-S -- Parm:Time to Peak    Mon:           4  Year:        1996  N:         105
 FAILED K-S -- Parm:Time to Peak    Mon:           4  Year:        1996  N:         105
 FAILED K-S -- Parm:Time to Peak    Mon:           4  Year:        1996  N:         105
*** ERROR *** Could not produce desired level of quality in
                    << Time to Peak    >> random deviates.
 FAILED K-S -- Parm:Time to Peak    Mon:           4  Year:        1997  N:         111
 FAILED K-S -- Parm:Time to Peak    Mon:           4  Year:        1997  N:         111
 FAILED K-S -- Parm:Time to Peak    Mon:           4  Year:        1997  N:         111
 FAILED K-S -- Parm:Time to Peak    Mon:           4  Year:        1997  N:         111
 FAILED K-S -- Parm:Time to Peak    Mon:           4  Year:        1997  N:         111
*** ERROR *** Could not produce desired level of quality in
                    << Time to Peak    >> random deviates.
 FAILED K-S -- Parm:Time to Peak    Mon:           4  Year:        1998  N:         116
 FAILED K-S -- Parm:Time to Peak    Mon:           4  Year:        1998  N:         116
 FAILED K-S -- Parm:Time to Peak    Mon:           4  Year:        1998  N:         116
 FAILED K-S -- Parm:Time to Peak    Mon:           4  Year:        1998  N:         116
At line 3013 of file cligen53.f (unit = 9, file = '0500000US48309.prn')
Fortran runtime error: Sequential READ or WRITE not allowed after EOF marker, possibly use REWIND or BACKSPACE
 FAILED K-S -- Parm:Time to Peak    Mon:           4  Year:        1998  N:         116
*** ERROR *** Could not produce desired level of quality in
                    << Time to Peak    >> random deviates.
 FAILED K-S -- Parm:Time to Peak    Mon:           4  Year:        1999  N:         126
 FAILED K-S -- Parm:Time to Peak    Mon:           4  Year:        1999  N:         126
 FAILED K-S -- Parm:Time to Peak    Mon:           4  Year:        1999  N:         126
 FAILED K-S -- Parm:Time to Peak    Mon:           4  Year:        1999  N:         126
 FAILED K-S -- Parm:Time to Peak    Mon:           4  Year:        1999  N:         126
*** ERROR *** Could not produce desired level of quality in
                    << Time to Peak    >> random deviates.
 FAILED K-S -- Parm:Time to Peak    Mon:           4  Year:        2000  N:         132
 FAILED K-S -- Parm:Time to Peak    Mon:           4  Year:        2000  N:         132
 FAILED K-S -- Parm:Time to Peak    Mon:           4  Year:        2000  N:         132
 FAILED K-S -- Parm:Time to Peak    Mon:           4  Year:        2000  N:         132
 FAILED K-S -- Parm:Time to Peak    Mon:           4  Year:        2000  N:         132
*** ERROR *** Could not produce desired level of quality in
                    << Time to Peak    >> random deviates.
