

  ********************************************************************
  *                                                                  *
  *              USDA - WATER EROSION PREDICTION PROJECT             *
  *                 WEPP CLIMATE INPUT DATA GENERATOR                *
  *                                                                  *
  *                    CONTINUOUS SIMULATION AND                     *
  *                       SINGLE STORM OPTIONS                       *
  *                    with Command Line Options,                    *
  *                        and Corrections to                        *
  *                  Rainfall Intensity Calculations                 *
  *                   and Random Number Generation.                  *
  *                                                                  *
  *                          VERSION 5.30000                         *
  *                     Revised from VERSION 4.2                     *
  *                           October 2004                           *
  *                                                                  *
  *           (Use -h or /h to list command line options.)           *
  *                                                                  *
  ********************************************************************


 wy489615.par                                                                                                                                                                                                                                                    
 0500000US56015.prn                                                                                                                                                                                                                                              
 Tdew -10 rangecheck executed.
 Tdew -10 rangecheck executed.
 Tdew -10 rangecheck executed.
 Tdew -10 rangecheck executed.
 Tdew -10 rangecheck executed.
 Tdew -10 rangecheck executed.
 Tdew -10 rangecheck executed.
 Tdew -10 rangecheck executed.
 Tdew -10 rangecheck executed.
 Failed SN SD test.
 Parm:Precip. Amt.    Month:           6  Year:        1980  Mlevel=   10.0000000      SDlevel=   69.6328430      Days:           1
 Failed SN SD test.
 Parm:Precip. Amt.    Month:           6  Year:        1980  Mlevel=   10.0000000      SDlevel=   61.6769180      Days:           1
 Failed SN SD test.
 Parm:Precip. Amt.    Month:           6  Year:        1980  Mlevel=   5.00000000      SDlevel=   88.4607697      Days:           1
 Failed SN SD test.
 Parm:Precip. Amt.    Month:           6  Year:        1980  Mlevel=   10.0000000      SDlevel=   68.1453934      Days:           1
 Failed SN SD test.
 Parm:Precip. Amt.    Month:           6  Year:        1980  Mlevel=   10.0000000      SDlevel=   64.6116867      Days:           1
*** ERROR *** Could not produce desired level of quality in
                    << Precip. Amt.    >> random deviates.
 Tdew -10 rangecheck executed.
 Failed SN SD test.
 Parm:Precip. Amt.    Month:          12  Year:        1981  Mlevel=   1.00000000      SDlevel=   59.1135483      Days:           8
 Failed SN SD test.
 Parm:Precip. Amt.    Month:          12  Year:        1981  Mlevel=   1.00000000      SDlevel=   58.7510643      Days:           8
 Failed SN SD test.
 Parm:Precip. Amt.    Month:          12  Year:        1981  Mlevel=   10.0000000      SDlevel=   59.2491493      Days:           8
 Failed SN SD test.
 Parm:Precip. Amt.    Month:          12  Year:        1981  Mlevel=   10.0000000      SDlevel=   58.6230621      Days:           8
 Failed SN SD test.
 Parm:Precip. Amt.    Month:          12  Year:        1981  Mlevel=   1.00000000      SDlevel=   58.4973831      Days:           8
*** ERROR *** Could not produce desired level of quality in
                    << Precip. Amt.    >> random deviates.
 Tdew -10 rangecheck executed.
 Tdew -10 rangecheck executed.
 Tdew -10 rangecheck executed.
 Tdew -10 rangecheck executed.
 Tdew -10 rangecheck executed.
 Tdew -10 rangecheck executed.
 Tdew -10 rangecheck executed.
 Tdew -10 rangecheck executed.
 Tdew -10 rangecheck executed.
 Tdew -10 rangecheck executed.
 Tdew -10 rangecheck executed.
 Tdew -10 rangecheck executed.
 Tdew -10 rangecheck executed.
 Tdew -10 rangecheck executed.
 Tdew -10 rangecheck executed.
 Tdew -10 rangecheck executed.
 Tdew -10 rangecheck executed.
 Tdew -10 rangecheck executed.
 Tdew -10 rangecheck executed.
 Tdew -10 rangecheck executed.
 Tdew -10 rangecheck executed.
 Tdew -10 rangecheck executed.
 Tdew -10 rangecheck executed.
 Tdew -10 rangecheck executed.
 Tdew -10 rangecheck executed.
 Tdew -10 rangecheck executed.
 Tdew -10 rangecheck executed.
 Tdew -10 rangecheck executed.
 Tdew -10 rangecheck executed.
 Tdew -10 rangecheck executed.
 Tdew -10 rangecheck executed.
 Tdew -10 rangecheck executed.
 Tdew -10 rangecheck executed.
 Tdew -10 rangecheck executed.
 Tdew -10 rangecheck executed.
 Tdew -10 rangecheck executed.
 Tdew -10 rangecheck executed.
 Tdew -10 rangecheck executed.
 Tdew -10 rangecheck executed.
 Tdew -10 rangecheck executed.
 Tdew -10 rangecheck executed.
 Tdew -10 rangecheck executed.
 Tdew -10 rangecheck executed.
 Tdew -10 rangecheck executed.
 Tdew -10 rangecheck executed.
 Tdew -10 rangecheck executed.
 Tdew -10 rangecheck executed.
 Tdew -10 rangecheck executed.
 Tdew -10 rangecheck executed.
 Tdew -10 rangecheck executed.
 Tdew -10 rangecheck executed.
 Tdew -10 rangecheck executed.
 Tdew -10 rangecheck executed.
 Tdew -10 rangecheck executed.
 Tdew -10 rangecheck executed.
 Tdew -10 rangecheck executed.
 Tdew -10 rangecheck executed.
 Tdew -10 rangecheck executed.
 Tdew -10 rangecheck executed.
 Tdew -10 rangecheck executed.
 Tdew -10 rangecheck executed.
 Tdew -10 rangecheck executed.
 Tdew -10 rangecheck executed.
 Tdew -10 rangecheck executed.
 Tdew -10 rangecheck executed.
 Tdew -10 rangecheck executed.
 Tdew -10 rangecheck executed.
 Tdew -10 rangecheck executed.
 Tdew -10 rangecheck executed.
 Tdew -10 rangecheck executed.
 Tdew -10 rangecheck executed.
 Tdew -10 rangecheck executed.
 Failed SN SD test.
 Parm:Precip. Amt.    Month:          12  Year:        1991  Mlevel=   40.0000000      SDlevel=   51.5596390      Days:          38
 Failed SN SD test.
 Parm:Precip. Amt.    Month:          12  Year:        1991  Mlevel=   30.0000000      SDlevel=   55.3979645      Days:          38
 Failed SN SD test.
 Parm:Precip. Amt.    Month:          12  Year:        1991  Mlevel=   20.0000000      SDlevel=   55.8275681      Days:          38
 Failed SN SD test.
 Parm:Precip. Amt.    Month:          12  Year:        1991  Mlevel=   10.0000000      SDlevel=   50.6448402      Days:          38
 Failed SN SD test.
 Parm:Precip. Amt.    Month:          12  Year:        1991  Mlevel=   30.0000000      SDlevel=   55.7989235      Days:          38
*** ERROR *** Could not produce desired level of quality in
                    << Precip. Amt.    >> random deviates.
 Failed SN SD test.
 Parm:Temp. Dew Pt.   Month:          12  Year:        1991  Mlevel=   30.0000000      SDlevel=   56.9286957      Days:         372
 Tdew -10 rangecheck executed.
 Tdew -10 rangecheck executed.
 Tdew -10 rangecheck executed.
 Tdew -10 rangecheck executed.
 Tdew -10 rangecheck executed.
 Tdew -10 rangecheck executed.
 Tdew -10 rangecheck executed.
 Tdew -10 rangecheck executed.
 Tdew -10 rangecheck executed.
 Tdew -10 rangecheck executed.
 Tdew -10 rangecheck executed.
 Tdew -10 rangecheck executed.
 Tdew -10 rangecheck executed.
 Tdew -10 rangecheck executed.
 Tdew -10 rangecheck executed.
 Tdew -10 rangecheck executed.
 Tdew -10 rangecheck executed.
 Tdew -10 rangecheck executed.
 Tdew -10 rangecheck executed.
 Tdew -10 rangecheck executed.
 Tdew -10 rangecheck executed.
 Tdew -10 rangecheck executed.
 Tdew -10 rangecheck executed.
 Tdew -10 rangecheck executed.
 Tdew -10 rangecheck executed.
 Tdew -10 rangecheck executed.
 Tdew -10 rangecheck executed.
 Tdew -10 rangecheck executed.
 Tdew -10 rangecheck executed.
 Tdew -10 rangecheck executed.
 Tdew -10 rangecheck executed.
 Tdew -10 rangecheck executed.
 FAILED K-S -- Parm:Precip. Amt.    Mon:           7  Year:        1996  N:         102
 FAILED K-S -- Parm:Precip. Amt.    Mon:           7  Year:        1996  N:         102
 FAILED K-S -- Parm:Precip. Amt.    Mon:           7  Year:        1996  N:         102
 FAILED K-S -- Parm:Precip. Amt.    Mon:           7  Year:        1996  N:         102
 FAILED K-S -- Parm:Precip. Amt.    Mon:           7  Year:        1996  N:         102
*** ERROR *** Could not produce desired level of quality in
                    << Precip. Amt.    >> random deviates.
 FAILED K-S -- Parm:Wind Vel.       Mon:           7  Year:        1996  N:         527
 Tdew -10 rangecheck executed.
 Tdew -10 rangecheck executed.
 Tdew -10 rangecheck executed.
 Tdew -10 rangecheck executed.
 Tdew -10 rangecheck executed.
 Tdew -10 rangecheck executed.
 Tdew -10 rangecheck executed.
 Tdew -10 rangecheck executed.
 FAILED K-S -- Parm:Precip. Amt.    Mon:           7  Year:        1997  N:         114
 Failed SN Mean test.
 Failed SN SD test.
 Parm:Precip. Amt.    Month:           7  Year:        1997  Mlevel=   60.0000000      SDlevel=   72.3007889      Days:         114
 FAILED K-S -- Parm:Precip. Amt.    Mon:           7  Year:        1997  N:         114
 Failed SN Mean test.
 Failed SN SD test.
 Parm:Precip. Amt.    Month:           7  Year:        1997  Mlevel=   60.0000000      SDlevel=   72.3007889      Days:         114
 FAILED K-S -- Parm:Precip. Amt.    Mon:           7  Year:        1997  N:         114
 Failed SN Mean test.
 Failed SN SD test.
 Parm:Precip. Amt.    Month:           7  Year:        1997  Mlevel=   60.0000000      SDlevel=   72.3007889      Days:         114
 FAILED K-S -- Parm:Precip. Amt.    Mon:           7  Year:        1997  N:         114
 Failed SN Mean test.
 Failed SN SD test.
 Parm:Precip. Amt.    Month:           7  Year:        1997  Mlevel=   60.0000000      SDlevel=   72.3007889      Days:         114
 FAILED K-S -- Parm:Precip. Amt.    Mon:           7  Year:        1997  N:         114
 Failed SN Mean test.
 Failed SN SD test.
 Parm:Precip. Amt.    Month:           7  Year:        1997  Mlevel=   60.0000000      SDlevel=   72.3007889      Days:         114
*** ERROR *** Could not produce desired level of quality in
                    << Precip. Amt.    >> random deviates.
 Tdew -10 rangecheck executed.
 Tdew -10 rangecheck executed.
 Tdew -10 rangecheck executed.
 Tdew -10 rangecheck executed.
 Tdew -10 rangecheck executed.
 Tdew -10 rangecheck executed.
 Tdew -10 rangecheck executed.
 Tdew -10 rangecheck executed.
 Tdew -10 rangecheck executed.
 Tdew -10 rangecheck executed.
 Tdew -10 rangecheck executed.
 Tdew -10 rangecheck executed.
 Tdew -10 rangecheck executed.
 Tdew -10 rangecheck executed.
 Tdew -10 rangecheck executed.
 Tdew -10 rangecheck executed.
 Tdew -10 rangecheck executed.
 Tdew -10 rangecheck executed.
 Tdew -10 rangecheck executed.
 Tdew -10 rangecheck executed.
 Tdew -10 rangecheck executed.
 Tdew -10 rangecheck executed.
 Failed SN SD test.
 Parm:Precip. Amt.    Month:           2  Year:        2004  Mlevel=   40.0000000      SDlevel=   53.3697968      Days:          73
 Failed SN SD test.
 Parm:Precip. Amt.    Month:           2  Year:        2004  Mlevel=   40.0000000      SDlevel=   53.6850586      Days:          73
 Failed SN SD test.
 Parm:Precip. Amt.    Month:           2  Year:        2004  Mlevel=   30.0000000      SDlevel=   50.8982773      Days:          73
 Failed SN SD test.
 Parm:Precip. Amt.    Month:           2  Year:        2004  Mlevel=   40.0000000      SDlevel=   51.2801170      Days:          73
 Failed SN SD test.
 Parm:Precip. Amt.    Month:           2  Year:        2004  Mlevel=   40.0000000      SDlevel=   53.5056725      Days:          73
*** ERROR *** Could not produce desired level of quality in
                    << Precip. Amt.    >> random deviates.
 FAILED K-S -- Parm:Wind Dir.       Mon:           2  Year:        2004  N:         707
 FAILED K-S -- Parm:Wind Vel.       Mon:           2  Year:        2004  N:         707
 Tdew -10 rangecheck executed.
 Tdew -10 rangecheck executed.
 Tdew -10 rangecheck executed.
 Tdew -10 rangecheck executed.
At line 3013 of file cligen53.f (unit = 9, file = '0500000US56015.prn')
Fortran runtime error: Sequential READ or WRITE not allowed after EOF marker, possibly use REWIND or BACKSPACE
 Tdew -10 rangecheck executed.
 Tdew -10 rangecheck executed.
 Tdew -10 rangecheck executed.
 Tdew -10 rangecheck executed.
 Tdew -10 rangecheck executed.
 Tdew -10 rangecheck executed.
 Tdew -10 rangecheck executed.
 Tdew -10 rangecheck executed.
 Tdew -10 rangecheck executed.
 Tdew -10 rangecheck executed.
 Tdew -10 rangecheck executed.
 Tdew -10 rangecheck executed.
 Tdew -10 rangecheck executed.
 Tdew -10 rangecheck executed.
 Tdew -10 rangecheck executed.
 Tdew -10 rangecheck executed.
 Tdew -10 rangecheck executed.
 Tdew -10 rangecheck executed.
 Tdew -10 rangecheck executed.
 Tdew -10 rangecheck executed.
 Tdew -10 rangecheck executed.
 Tdew -10 rangecheck executed.
 Tdew -10 rangecheck executed.
 Tdew -10 rangecheck executed.
 Tdew -10 rangecheck executed.
 Tdew -10 rangecheck executed.
 Tdew -10 rangecheck executed.
 Tdew -10 rangecheck executed.
 Tdew -10 rangecheck executed.
 Tdew -10 rangecheck executed.
 Tdew -10 rangecheck executed.
 Tdew -10 rangecheck executed.
 Tdew -10 rangecheck executed.
 Tdew -10 rangecheck executed.
 Tdew -10 rangecheck executed.
 Tdew -10 rangecheck executed.
 Tdew -10 rangecheck executed.
 Tdew -10 rangecheck executed.
 Tdew -10 rangecheck executed.
 Tdew -10 rangecheck executed.
 Tdew -10 rangecheck executed.
 Tdew -10 rangecheck executed.
 Tdew -10 rangecheck executed.
 Tdew -10 rangecheck executed.
 Tdew -10 rangecheck executed.
 Tdew -10 rangecheck executed.
 Tdew -10 rangecheck executed.
 Tdew -10 rangecheck executed.
 Tdew -10 rangecheck executed.
 Tdew -10 rangecheck executed.
 Tdew -10 rangecheck executed.
 Tdew -10 rangecheck executed.
 Tdew -10 rangecheck executed.
 Tdew -10 rangecheck executed.
 Tdew -10 rangecheck executed.
 Tdew -10 rangecheck executed.
 Tdew -10 rangecheck executed.
 Tdew -10 rangecheck executed.
 Tdew -10 rangecheck executed.
 Tdew -10 rangecheck executed.
 Tdew -10 rangecheck executed.
 Tdew -10 rangecheck executed.
 Tdew -10 rangecheck executed.
 Tdew -10 rangecheck executed.
 Tdew -10 rangecheck executed.
 Tdew -10 rangecheck executed.
 Tdew -10 rangecheck executed.
 Tdew -10 rangecheck executed.
 Tdew -10 rangecheck executed.
 Tdew -10 rangecheck executed.
 Tdew -10 rangecheck executed.
 Tdew -10 rangecheck executed.
 Tdew -10 rangecheck executed.
 Tdew -10 rangecheck executed.
 Tdew -10 rangecheck executed.
 Tdew -10 rangecheck executed.
 Tdew -10 rangecheck executed.
 Tdew -10 rangecheck executed.
 Tdew -10 rangecheck executed.
 Tdew -10 rangecheck executed.
