

  ********************************************************************
  *                                                                  *
  *              USDA - WATER EROSION PREDICTION PROJECT             *
  *                 WEPP CLIMATE INPUT DATA GENERATOR                *
  *                                                                  *
  *                    CONTINUOUS SIMULATION AND                     *
  *                       SINGLE STORM OPTIONS                       *
  *                    with Command Line Options,                    *
  *                        and Corrections to                        *
  *                  Rainfall Intensity Calculations                 *
  *                   and Random Number Generation.                  *
  *                                                                  *
  *                          VERSION 5.30000                         *
  *                     Revised from VERSION 4.2                     *
  *                           October 2004                           *
  *                                                                  *
  *           (Use -h or /h to list command line options.)           *
  *                                                                  *
  ********************************************************************


 co055322.par                                                                                                                                                                                                                                                    
 0500000US08021.prn                                                                                                                                                                                                                                              
 Tdew -10 rangecheck executed.
 Tdew -10 rangecheck executed.
 Tdew -10 rangecheck executed.
 Tdew -10 rangecheck executed.
 Tdew -10 rangecheck executed.
 Tdew -10 rangecheck executed.
 Tdew -10 rangecheck executed.
 Tdew -10 rangecheck executed.
 Tdew -10 rangecheck executed.
 Tdew -10 rangecheck executed.
 Tdew -10 rangecheck executed.
 Tdew -10 rangecheck executed.
 Tdew -10 rangecheck executed.
 Tdew -10 rangecheck executed.
 Tdew -10 rangecheck executed.
 Tdew -10 rangecheck executed.
 Tdew -10 rangecheck executed.
 Tdew -10 rangecheck executed.
 Tdew -10 rangecheck executed.
 Tdew -10 rangecheck executed.
 Tdew -10 rangecheck executed.
 Tdew -10 rangecheck executed.
 Tdew -10 rangecheck executed.
 Tdew -10 rangecheck executed.
 Tdew -10 rangecheck executed.
 Tdew -10 rangecheck executed.
 Tdew -10 rangecheck executed.
 Tdew -10 rangecheck executed.
 Tdew -10 rangecheck executed.
 Tdew -10 rangecheck executed.
 Tdew -10 rangecheck executed.
 Tdew -10 rangecheck executed.
 Tdew -10 rangecheck executed.
 Tdew -10 rangecheck executed.
 Tdew -10 rangecheck executed.
 FAILED K-S -- Parm:Time to Peak    Mon:          10  Year:        2001  N:         100
 FAILED K-S -- Parm:Time to Peak    Mon:          10  Year:        2001  N:         100
 FAILED K-S -- Parm:Time to Peak    Mon:          10  Year:        2001  N:         100
 FAILED K-S -- Parm:Time to Peak    Mon:          10  Year:        2001  N:         100
 FAILED K-S -- Parm:Time to Peak    Mon:          10  Year:        2001  N:         100
*** ERROR *** Could not produce desired level of quality in
                    << Time to Peak    >> random deviates.
 Tdew -10 rangecheck executed.
 FAILED K-S -- Parm:Time to Peak    Mon:          10  Year:        2002  N:         101
 FAILED K-S -- Parm:Time to Peak    Mon:          10  Year:        2002  N:         101
 FAILED K-S -- Parm:Time to Peak    Mon:          10  Year:        2002  N:         101
 FAILED K-S -- Parm:Time to Peak    Mon:          10  Year:        2002  N:         101
 FAILED K-S -- Parm:Time to Peak    Mon:          10  Year:        2002  N:         101
*** ERROR *** Could not produce desired level of quality in
                    << Time to Peak    >> random deviates.
 FAILED K-S -- Parm:Time to Peak    Mon:          10  Year:        2003  N:         105
 FAILED K-S -- Parm:Time to Peak    Mon:          10  Year:        2003  N:         105
 FAILED K-S -- Parm:Time to Peak    Mon:          10  Year:        2003  N:         105
 FAILED K-S -- Parm:Time to Peak    Mon:          10  Year:        2003  N:         105
 FAILED K-S -- Parm:Time to Peak    Mon:          10  Year:        2003  N:         105
*** ERROR *** Could not produce desired level of quality in
                    << Time to Peak    >> random deviates.
 FAILED K-S -- Parm:Time to Peak    Mon:          10  Year:        2004  N:         109
 FAILED K-S -- Parm:Time to Peak    Mon:          10  Year:        2004  N:         109
 FAILED K-S -- Parm:Time to Peak    Mon:          10  Year:        2004  N:         109
 FAILED K-S -- Parm:Time to Peak    Mon:          10  Year:        2004  N:         109
 FAILED K-S -- Parm:Time to Peak    Mon:          10  Year:        2004  N:         109
*** ERROR *** Could not produce desired level of quality in
                    << Time to Peak    >> random deviates.
 Tdew -10 rangecheck executed.
 FAILED K-S -- Parm:Time to Peak    Mon:          10  Year:        2005  N:         111
 FAILED K-S -- Parm:Time to Peak    Mon:          10  Year:        2005  N:         111
 FAILED K-S -- Parm:Time to Peak    Mon:          10  Year:        2005  N:         111
 FAILED K-S -- Parm:Time to Peak    Mon:          10  Year:        2005  N:         111
 FAILED K-S -- Parm:Time to Peak    Mon:          10  Year:        2005  N:         111
*** ERROR *** Could not produce desired level of quality in
                    << Time to Peak    >> random deviates.
 FAILED K-S -- Parm:Time to Peak    Mon:          10  Year:        2006  N:         114
 FAILED K-S -- Parm:Time to Peak    Mon:          10  Year:        2006  N:         114
 FAILED K-S -- Parm:Time to Peak    Mon:          10  Year:        2006  N:         114
 FAILED K-S -- Parm:Time to Peak    Mon:          10  Year:        2006  N:         114
 FAILED K-S -- Parm:Time to Peak    Mon:          10  Year:        2006  N:         114
*** ERROR *** Could not produce desired level of quality in
                    << Time to Peak    >> random deviates.
 FAILED K-S -- Parm:Time to Peak    Mon:          10  Year:        2007  N:         117
 FAILED K-S -- Parm:Time to Peak    Mon:          10  Year:        2007  N:         117
 FAILED K-S -- Parm:Time to Peak    Mon:          10  Year:        2007  N:         117
 FAILED K-S -- Parm:Time to Peak    Mon:          10  Year:        2007  N:         117
 FAILED K-S -- Parm:Time to Peak    Mon:          10  Year:        2007  N:         117
*** ERROR *** Could not produce desired level of quality in
                    << Time to Peak    >> random deviates.
 Tdew -10 rangecheck executed.
 Tdew -10 rangecheck executed.
 Tdew -10 rangecheck executed.
 Tdew -10 rangecheck executed.
 Tdew -10 rangecheck executed.
 FAILED K-S -- Parm:Time to Peak    Mon:          10  Year:        2008  N:         124
 FAILED K-S -- Parm:Time to Peak    Mon:          10  Year:        2008  N:         124
 FAILED K-S -- Parm:Time to Peak    Mon:          10  Year:        2008  N:         124
 FAILED K-S -- Parm:Time to Peak    Mon:          10  Year:        2008  N:         124
 FAILED K-S -- Parm:Time to Peak    Mon:          10  Year:        2008  N:         124
*** ERROR *** Could not produce desired level of quality in
                    << Time to Peak    >> random deviates.
 FAILED K-S -- Parm:Time to Peak    Mon:          10  Year:        2009  N:         129
 FAILED K-S -- Parm:Time to Peak    Mon:          10  Year:        2009  N:         129
 FAILED K-S -- Parm:Time to Peak    Mon:          10  Year:        2009  N:         129
 FAILED K-S -- Parm:Time to Peak    Mon:          10  Year:        2009  N:         129
 FAILED K-S -- Parm:Time to Peak    Mon:          10  Year:        2009  N:         129
*** ERROR *** Could not produce desired level of quality in
                    << Time to Peak    >> random deviates.
At line 3013 of file cligen53.f (unit = 9, file = '0500000US08021.prn')
Fortran runtime error: Sequential READ or WRITE not allowed after EOF marker, possibly use REWIND or BACKSPACE
 FAILED K-S -- Parm:Time to Peak    Mon:          10  Year:        2010  N:         134
 FAILED K-S -- Parm:Time to Peak    Mon:          10  Year:        2010  N:         134
 FAILED K-S -- Parm:Time to Peak    Mon:          10  Year:        2010  N:         134
 FAILED K-S -- Parm:Time to Peak    Mon:          10  Year:        2010  N:         134
 FAILED K-S -- Parm:Time to Peak    Mon:          10  Year:        2010  N:         134
*** ERROR *** Could not produce desired level of quality in
                    << Time to Peak    >> random deviates.
 Tdew -10 rangecheck executed.
 Tdew -10 rangecheck executed.
 Tdew -10 rangecheck executed.
 FAILED K-S -- Parm:Time to Peak    Mon:          10  Year:        2011  N:         139
 FAILED K-S -- Parm:Time to Peak    Mon:          10  Year:        2011  N:         139
 FAILED K-S -- Parm:Time to Peak    Mon:          10  Year:        2011  N:         139
 FAILED K-S -- Parm:Time to Peak    Mon:          10  Year:        2011  N:         139
 FAILED K-S -- Parm:Time to Peak    Mon:          10  Year:        2011  N:         139
*** ERROR *** Could not produce desired level of quality in
                    << Time to Peak    >> random deviates.
 Tdew -10 rangecheck executed.
 Tdew -10 rangecheck executed.
 FAILED K-S -- Parm:Time to Peak    Mon:          10  Year:        2012  N:         139
 FAILED K-S -- Parm:Time to Peak    Mon:          10  Year:        2012  N:         139
 FAILED K-S -- Parm:Time to Peak    Mon:          10  Year:        2012  N:         139
 FAILED K-S -- Parm:Time to Peak    Mon:          10  Year:        2012  N:         139
 FAILED K-S -- Parm:Time to Peak    Mon:          10  Year:        2012  N:         139
*** ERROR *** Could not produce desired level of quality in
                    << Time to Peak    >> random deviates.
 Tdew -10 rangecheck executed.
 Tdew -10 rangecheck executed.
 Tdew -10 rangecheck executed.
 Tdew -10 rangecheck executed.
 Tdew -10 rangecheck executed.
 Tdew -10 rangecheck executed.
 Tdew -10 rangecheck executed.
 Tdew -10 rangecheck executed.
