

  ********************************************************************
  *                                                                  *
  *              USDA - WATER EROSION PREDICTION PROJECT             *
  *                 WEPP CLIMATE INPUT DATA GENERATOR                *
  *                                                                  *
  *                    CONTINUOUS SIMULATION AND                     *
  *                       SINGLE STORM OPTIONS                       *
  *                    with Command Line Options,                    *
  *                        and Corrections to                        *
  *                  Rainfall Intensity Calculations                 *
  *                   and Random Number Generation.                  *
  *                                                                  *
  *                          VERSION 5.30000                         *
  *                     Revised from VERSION 4.2                     *
  *                           October 2004                           *
  *                                                                  *
  *           (Use -h or /h to list command line options.)           *
  *                                                                  *
  ********************************************************************


 nm293577.par                                                                                                                                                                                                                                                    
 0500000US04011.prn                                                                                                                                                                                                                                              
 Failed SN SD test.
 Parm:Precip. Amt.    Month:           4  Year:        1990  Mlevel=   40.0000000      SDlevel=   52.1658173      Days:          33
 Failed SN SD test.
 Parm:Precip. Amt.    Month:           4  Year:        1990  Mlevel=   30.0000000      SDlevel=   56.7368088      Days:          33
 Failed SN SD test.
 Parm:Precip. Amt.    Month:           4  Year:        1990  Mlevel=   40.0000000      SDlevel=   54.5493317      Days:          33
 Failed SN SD test.
 Parm:Precip. Amt.    Month:           4  Year:        1990  Mlevel=   40.0000000      SDlevel=   54.2867889      Days:          33
 Failed SN SD test.
 Parm:Precip. Amt.    Month:           4  Year:        1990  Mlevel=   30.0000000      SDlevel=   52.8788643      Days:          33
*** ERROR *** Could not produce desired level of quality in
                    << Precip. Amt.    >> random deviates.
 FAILED K-S -- Parm:Wind Vel.       Mon:           4  Year:        1990  N:         330
 Failed SN SD test.
 Parm:Precip. Amt.    Month:           4  Year:        1993  Mlevel=   10.0000000      SDlevel=   53.3612556      Days:          38
 Failed SN SD test.
 Parm:Precip. Amt.    Month:           4  Year:        1993  Mlevel=   20.0000000      SDlevel=   51.2687569      Days:          38
 Failed SN SD test.
 Parm:Precip. Amt.    Month:           4  Year:        1993  Mlevel=   10.0000000      SDlevel=   53.2187691      Days:          38
 Failed SN SD test.
 Parm:Precip. Amt.    Month:           4  Year:        1993  Mlevel=   5.00000000      SDlevel=   50.8210678      Days:          38
 Failed SN SD test.
 Parm:Precip. Amt.    Month:           4  Year:        1993  Mlevel=   10.0000000      SDlevel=   53.6788940      Days:          38
*** ERROR *** Could not produce desired level of quality in
                    << Precip. Amt.    >> random deviates.
 FAILED K-S -- Parm:Precip. Amt.    Mon:           9  Year:        2001  N:         103
 FAILED K-S -- Parm:Precip. Amt.    Mon:           9  Year:        2001  N:         103
 FAILED K-S -- Parm:Precip. Amt.    Mon:           9  Year:        2001  N:         103
 FAILED K-S -- Parm:Precip. Amt.    Mon:           9  Year:        2001  N:         103
 FAILED K-S -- Parm:Precip. Amt.    Mon:           9  Year:        2001  N:         103
At line 3013 of file cligen53.f (unit = 9, file = '0500000US04011.prn')
Fortran runtime error: Sequential READ or WRITE not allowed after EOF marker, possibly use REWIND or BACKSPACE
*** ERROR *** Could not produce desired level of quality in
                    << Precip. Amt.    >> random deviates.
 FAILED K-S -- Parm:Precip. Amt.    Mon:           9  Year:        2002  N:         106
 FAILED K-S -- Parm:Precip. Amt.    Mon:           9  Year:        2002  N:         106
 FAILED K-S -- Parm:Precip. Amt.    Mon:           9  Year:        2002  N:         106
 FAILED K-S -- Parm:Precip. Amt.    Mon:           9  Year:        2002  N:         106
 FAILED K-S -- Parm:Precip. Amt.    Mon:           9  Year:        2002  N:         106
*** ERROR *** Could not produce desired level of quality in
                    << Precip. Amt.    >> random deviates.
 FAILED K-S -- Parm:Precip. Amt.    Mon:           9  Year:        2003  N:         110
 FAILED K-S -- Parm:Precip. Amt.    Mon:           9  Year:        2003  N:         110
 FAILED K-S -- Parm:Precip. Amt.    Mon:           9  Year:        2003  N:         110
 FAILED K-S -- Parm:Precip. Amt.    Mon:           9  Year:        2003  N:         110
 FAILED K-S -- Parm:Precip. Amt.    Mon:           9  Year:        2003  N:         110
*** ERROR *** Could not produce desired level of quality in
                    << Precip. Amt.    >> random deviates.
