

  ********************************************************************
  *                                                                  *
  *              USDA - WATER EROSION PREDICTION PROJECT             *
  *                 WEPP CLIMATE INPUT DATA GENERATOR                *
  *                                                                  *
  *                    CONTINUOUS SIMULATION AND                     *
  *                       SINGLE STORM OPTIONS                       *
  *                    with Command Line Options,                    *
  *                        and Corrections to                        *
  *                  Rainfall Intensity Calculations                 *
  *                   and Random Number Generation.                  *
  *                                                                  *
  *                          VERSION 5.30000                         *
  *                     Revised from VERSION 4.2                     *
  *                           October 2004                           *
  *                                                                  *
  *           (Use -h or /h to list command line options.)           *
  *                                                                  *
  ********************************************************************


 ca042147.par                                                                                                                                                                                                                                                    
 0500000US06015.prn                                                                                                                                                                                                                                              
 Failed SN SD test.
 Parm:Precip. Amt.    Month:           7  Year:        1980  Mlevel=   10.0000000      SDlevel=   74.0348434      Days:           1
 Failed SN SD test.
 Parm:Precip. Amt.    Month:           7  Year:        1980  Mlevel=   20.0000000      SDlevel=   54.8073273      Days:           1
 Failed SN SD test.
 Parm:Precip. Amt.    Month:           7  Year:        1980  Mlevel=   10.0000000      SDlevel=   60.0548248      Days:           1
 Failed SN SD test.
 Parm:Precip. Amt.    Month:           7  Year:        1980  Mlevel=   20.0000000      SDlevel=   55.4891243      Days:           1
 Failed SN SD test.
 Parm:Precip. Amt.    Month:           7  Year:        1980  Mlevel=   20.0000000      SDlevel=   55.8253288      Days:           1
*** ERROR *** Could not produce desired level of quality in
                    << Precip. Amt.    >> random deviates.
 Failed SN SD test.
 Parm:Temp. Dew Pt.   Month:           7  Year:        1980  Mlevel=   30.0000000      SDlevel=   51.0440483      Days:          31
 FAILED K-S -- Parm:Precip. Amt.    Mon:           8  Year:        2010  N:         101
 FAILED K-S -- Parm:Precip. Amt.    Mon:           8  Year:        2010  N:         101
 FAILED K-S -- Parm:Precip. Amt.    Mon:           8  Year:        2010  N:         101
 FAILED K-S -- Parm:Precip. Amt.    Mon:           8  Year:        2010  N:         101
 FAILED K-S -- Parm:Precip. Amt.    Mon:           8  Year:        2010  N:         101
*** ERROR *** Could not produce desired level of quality in
                    << Precip. Amt.    >> random deviates.
 FAILED K-S -- Parm:Time to Peak    Mon:           8  Year:        2010  N:         101
 FAILED K-S -- Parm:Precip. Amt.    Mon:           8  Year:        2011  N:         103
 FAILED K-S -- Parm:Precip. Amt.    Mon:           8  Year:        2011  N:         103
 FAILED K-S -- Parm:Precip. Amt.    Mon:           8  Year:        2011  N:         103
 FAILED K-S -- Parm:Precip. Amt.    Mon:           8  Year:        2011  N:         103
 FAILED K-S -- Parm:Precip. Amt.    Mon:           8  Year:        2011  N:         103
*** ERROR *** Could not produce desired level of quality in
                    << Precip. Amt.    >> random deviates.
At line 3013 of file cligen53.f (unit = 9, file = '0500000US06015.prn')
Fortran runtime error: Sequential READ or WRITE not allowed after EOF marker, possibly use REWIND or BACKSPACE
 FAILED K-S -- Parm:Wind Dir.       Mon:           8  Year:        2011  N:         992
 FAILED K-S -- Parm:Time to Peak    Mon:           8  Year:        2011  N:         100
 FAILED K-S -- Parm:Precip. Amt.    Mon:           8  Year:        2012  N:         104
 FAILED K-S -- Parm:Precip. Amt.    Mon:           8  Year:        2012  N:         104
 FAILED K-S -- Parm:Precip. Amt.    Mon:           8  Year:        2012  N:         104
 FAILED K-S -- Parm:Precip. Amt.    Mon:           8  Year:        2012  N:         104
 FAILED K-S -- Parm:Precip. Amt.    Mon:           8  Year:        2012  N:         104
*** ERROR *** Could not produce desired level of quality in
                    << Precip. Amt.    >> random deviates.
 FAILED K-S -- Parm:Wind Dir.       Mon:           8  Year:        2012  N:         992
 FAILED K-S -- Parm:Precip. Amt.    Mon:           8  Year:        2013  N:         105
 FAILED K-S -- Parm:Precip. Amt.    Mon:           8  Year:        2013  N:         105
 FAILED K-S -- Parm:Precip. Amt.    Mon:           8  Year:        2013  N:         105
 FAILED K-S -- Parm:Precip. Amt.    Mon:           8  Year:        2013  N:         105
 FAILED K-S -- Parm:Precip. Amt.    Mon:           8  Year:        2013  N:         105
*** ERROR *** Could not produce desired level of quality in
                    << Precip. Amt.    >> random deviates.
 FAILED K-S -- Parm:Time to Peak    Mon:           8  Year:        2013  N:         100
 FAILED K-S -- Parm:Precip. Amt.    Mon:           8  Year:        2014  N:         107
 FAILED K-S -- Parm:Precip. Amt.    Mon:           8  Year:        2014  N:         107
 FAILED K-S -- Parm:Precip. Amt.    Mon:           8  Year:        2014  N:         107
 FAILED K-S -- Parm:Precip. Amt.    Mon:           8  Year:        2014  N:         107
 FAILED K-S -- Parm:Precip. Amt.    Mon:           8  Year:        2014  N:         107
*** ERROR *** Could not produce desired level of quality in
                    << Precip. Amt.    >> random deviates.
 FAILED K-S -- Parm:Time to Peak    Mon:           8  Year:        2014  N:         101
