

  ********************************************************************
  *                                                                  *
  *              USDA - WATER EROSION PREDICTION PROJECT             *
  *                 WEPP CLIMATE INPUT DATA GENERATOR                *
  *                                                                  *
  *                    CONTINUOUS SIMULATION AND                     *
  *                       SINGLE STORM OPTIONS                       *
  *                    with Command Line Options,                    *
  *                        and Corrections to                        *
  *                  Rainfall Intensity Calculations                 *
  *                   and Random Number Generation.                  *
  *                                                                  *
  *                          VERSION 5.30000                         *
  *                     Revised from VERSION 4.2                     *
  *                           October 2004                           *
  *                                                                  *
  *           (Use -h or /h to list command line options.)           *
  *                                                                  *
  ********************************************************************


 mi207820.par                                                                                                                                                                                                                                                    
 0500000US26011.prn                                                                                                                                                                                                                                              
 Tdew -10 rangecheck executed.
 Tdew -10 rangecheck executed.
 Tdew -10 rangecheck executed.
 FAILED K-S -- Parm:Precip. Amt.    Mon:           8  Year:        1989  N:         101
 Failed SN SD test.
 Parm:Precip. Amt.    Month:           8  Year:        1989  Mlevel=   10.0000000      SDlevel=   81.5175323      Days:         101
 FAILED K-S -- Parm:Precip. Amt.    Mon:           8  Year:        1989  N:         101
 Failed SN SD test.
 Parm:Precip. Amt.    Month:           8  Year:        1989  Mlevel=   10.0000000      SDlevel=   81.5175323      Days:         101
 FAILED K-S -- Parm:Precip. Amt.    Mon:           8  Year:        1989  N:         101
 Failed SN SD test.
 Parm:Precip. Amt.    Month:           8  Year:        1989  Mlevel=   10.0000000      SDlevel=   81.5175323      Days:         101
 FAILED K-S -- Parm:Precip. Amt.    Mon:           8  Year:        1989  N:         101
 Failed SN SD test.
 Parm:Precip. Amt.    Month:           8  Year:        1989  Mlevel=   10.0000000      SDlevel=   81.5175323      Days:         101
 FAILED K-S -- Parm:Precip. Amt.    Mon:           8  Year:        1989  N:         101
 Failed SN SD test.
 Parm:Precip. Amt.    Month:           8  Year:        1989  Mlevel=   10.0000000      SDlevel=   81.5175323      Days:         101
*** ERROR *** Could not produce desired level of quality in
                    << Precip. Amt.    >> random deviates.
 FAILED K-S -- Parm:Precip. Amt.    Mon:           8  Year:        1990  N:         107
 FAILED K-S -- Parm:Precip. Amt.    Mon:           8  Year:        1990  N:         107
 FAILED K-S -- Parm:Precip. Amt.    Mon:           8  Year:        1990  N:         107
 FAILED K-S -- Parm:Precip. Amt.    Mon:           8  Year:        1990  N:         107
 FAILED K-S -- Parm:Precip. Amt.    Mon:           8  Year:        1990  N:         107
*** ERROR *** Could not produce desired level of quality in
                    << Precip. Amt.    >> random deviates.
 FAILED K-S -- Parm:Precip. Amt.    Mon:           8  Year:        1991  N:         115
 FAILED K-S -- Parm:Precip. Amt.    Mon:           8  Year:        1991  N:         115
 FAILED K-S -- Parm:Precip. Amt.    Mon:           8  Year:        1991  N:         115
 FAILED K-S -- Parm:Precip. Amt.    Mon:           8  Year:        1991  N:         115
 FAILED K-S -- Parm:Precip. Amt.    Mon:           8  Year:        1991  N:         115
*** ERROR *** Could not produce desired level of quality in
                    << Precip. Amt.    >> random deviates.
 Failed SN Mean test.
 Parm:Temp. Dew Pt.   Month:           8  Year:        1991  Mlevel=   60.0000000      SDlevel=   13.6123543      Days:         372
 Tdew -10 rangecheck executed.
 FAILED K-S -- Parm:Time to Peak    Mon:           7  Year:        1992  N:         104
 FAILED K-S -- Parm:Time to Peak    Mon:           7  Year:        1992  N:         104
 FAILED K-S -- Parm:Time to Peak    Mon:           7  Year:        1992  N:         104
 FAILED K-S -- Parm:Time to Peak    Mon:           7  Year:        1992  N:         104
 FAILED K-S -- Parm:Time to Peak    Mon:           7  Year:        1992  N:         104
*** ERROR *** Could not produce desired level of quality in
                    << Time to Peak    >> random deviates.
 FAILED K-S -- Parm:Precip. Amt.    Mon:           8  Year:        1992  N:         125
 Failed SN SD test.
 Parm:Precip. Amt.    Month:           8  Year:        1992  Mlevel=   10.0000000      SDlevel=   90.0975113      Days:         125
 FAILED K-S -- Parm:Precip. Amt.    Mon:           8  Year:        1992  N:         125
 Failed SN SD test.
 Parm:Precip. Amt.    Month:           8  Year:        1992  Mlevel=   10.0000000      SDlevel=   90.0975113      Days:         125
 FAILED K-S -- Parm:Precip. Amt.    Mon:           8  Year:        1992  N:         125
 Failed SN SD test.
 Parm:Precip. Amt.    Month:           8  Year:        1992  Mlevel=   10.0000000      SDlevel=   90.0975113      Days:         125
 FAILED K-S -- Parm:Precip. Amt.    Mon:           8  Year:        1992  N:         125
 Failed SN SD test.
 Parm:Precip. Amt.    Month:           8  Year:        1992  Mlevel=   10.0000000      SDlevel=   90.0975113      Days:         125
 FAILED K-S -- Parm:Precip. Amt.    Mon:           8  Year:        1992  N:         125
 Failed SN SD test.
 Parm:Precip. Amt.    Month:           8  Year:        1992  Mlevel=   10.0000000      SDlevel=   90.0975113      Days:         125
*** ERROR *** Could not produce desired level of quality in
                    << Precip. Amt.    >> random deviates.
 Failed SN SD test.
 Parm:Temp. Dew Pt.   Month:           8  Year:        1992  Mlevel=   40.0000000      SDlevel=   75.3494949      Days:         403
 FAILED K-S -- Parm:Time to Peak    Mon:           7  Year:        1993  N:         109
 FAILED K-S -- Parm:Time to Peak    Mon:           7  Year:        1993  N:         109
 FAILED K-S -- Parm:Time to Peak    Mon:           7  Year:        1993  N:         109
 FAILED K-S -- Parm:Time to Peak    Mon:           7  Year:        1993  N:         109
 FAILED K-S -- Parm:Time to Peak    Mon:           7  Year:        1993  N:         109
*** ERROR *** Could not produce desired level of quality in
                    << Time to Peak    >> random deviates.
 FAILED K-S -- Parm:Precip. Amt.    Mon:           8  Year:        1993  N:         134
 FAILED K-S -- Parm:Precip. Amt.    Mon:           8  Year:        1993  N:         134
 FAILED K-S -- Parm:Precip. Amt.    Mon:           8  Year:        1993  N:         134
 FAILED K-S -- Parm:Precip. Amt.    Mon:           8  Year:        1993  N:         134
 FAILED K-S -- Parm:Precip. Amt.    Mon:           8  Year:        1993  N:         134
*** ERROR *** Could not produce desired level of quality in
                    << Precip. Amt.    >> random deviates.
 Failed SN SD test.
 Parm:Temp. Dew Pt.   Month:           8  Year:        1993  Mlevel=   10.0000000      SDlevel=   98.3030777      Days:         434
 Tdew -10 rangecheck executed.
 Tdew -10 rangecheck executed.
 Tdew -10 rangecheck executed.
 FAILED K-S -- Parm:Time to Peak    Mon:           7  Year:        1994  N:         118
 FAILED K-S -- Parm:Time to Peak    Mon:           7  Year:        1994  N:         118
 FAILED K-S -- Parm:Time to Peak    Mon:           7  Year:        1994  N:         118
 FAILED K-S -- Parm:Time to Peak    Mon:           7  Year:        1994  N:         118
 FAILED K-S -- Parm:Time to Peak    Mon:           7  Year:        1994  N:         118
*** ERROR *** Could not produce desired level of quality in
                    << Time to Peak    >> random deviates.
 FAILED K-S -- Parm:Precip. Amt.    Mon:           8  Year:        1994  N:         144
 FAILED K-S -- Parm:Precip. Amt.    Mon:           8  Year:        1994  N:         144
 FAILED K-S -- Parm:Precip. Amt.    Mon:           8  Year:        1994  N:         144
 FAILED K-S -- Parm:Precip. Amt.    Mon:           8  Year:        1994  N:         144
 FAILED K-S -- Parm:Precip. Amt.    Mon:           8  Year:        1994  N:         144
*** ERROR *** Could not produce desired level of quality in
                    << Precip. Amt.    >> random deviates.
 Failed SN SD test.
 Parm:Temp. Dew Pt.   Month:           8  Year:        1994  Mlevel=   40.0000000      SDlevel=   99.9345169      Days:         465
 Tdew -10 rangecheck executed.
 FAILED K-S -- Parm:Precip. Amt.    Mon:           8  Year:        1995  N:         161
 Failed SN SD test.
 Parm:Precip. Amt.    Month:           8  Year:        1995  Mlevel=   40.0000000      SDlevel=   62.5380096      Days:         161
 FAILED K-S -- Parm:Precip. Amt.    Mon:           8  Year:        1995  N:         161
 Failed SN SD test.
 Parm:Precip. Amt.    Month:           8  Year:        1995  Mlevel=   40.0000000      SDlevel=   62.5380096      Days:         161
 FAILED K-S -- Parm:Precip. Amt.    Mon:           8  Year:        1995  N:         161
 Failed SN SD test.
 Parm:Precip. Amt.    Month:           8  Year:        1995  Mlevel=   40.0000000      SDlevel=   62.5380096      Days:         161
 FAILED K-S -- Parm:Precip. Amt.    Mon:           8  Year:        1995  N:         161
 Failed SN SD test.
 Parm:Precip. Amt.    Month:           8  Year:        1995  Mlevel=   40.0000000      SDlevel=   62.5380096      Days:         161
 FAILED K-S -- Parm:Precip. Amt.    Mon:           8  Year:        1995  N:         161
 Failed SN SD test.
 Parm:Precip. Amt.    Month:           8  Year:        1995  Mlevel=   40.0000000      SDlevel=   62.5380096      Days:         161
*** ERROR *** Could not produce desired level of quality in
                    << Precip. Amt.    >> random deviates.
 FAILED K-S -- Parm:Wind Vel.       Mon:           8  Year:        1995  N:         496
 Failed SN SD test.
 Parm:Temp. Dew Pt.   Month:           8  Year:        1995  Mlevel=   5.00000000      SDlevel=   99.9985123      Days:         496
 Tdew -10 rangecheck executed.
 Tdew -10 rangecheck executed.
 Tdew -10 rangecheck executed.
 FAILED K-S -- Parm:Precip. Amt.    Mon:           8  Year:        1996  N:         170
 FAILED K-S -- Parm:Precip. Amt.    Mon:           8  Year:        1996  N:         170
 FAILED K-S -- Parm:Precip. Amt.    Mon:           8  Year:        1996  N:         170
 FAILED K-S -- Parm:Precip. Amt.    Mon:           8  Year:        1996  N:         170
 FAILED K-S -- Parm:Precip. Amt.    Mon:           8  Year:        1996  N:         170
*** ERROR *** Could not produce desired level of quality in
                    << Precip. Amt.    >> random deviates.
 Failed SN SD test.
 Parm:Temp. Dew Pt.   Month:           8  Year:        1996  Mlevel=   5.00000000      SDlevel=   99.9999847      Days:         527
 FAILED K-S -- Parm:Precip. Amt.    Mon:           8  Year:        1997  N:         179
 FAILED K-S -- Parm:Precip. Amt.    Mon:           8  Year:        1997  N:         179
 FAILED K-S -- Parm:Precip. Amt.    Mon:           8  Year:        1997  N:         179
 FAILED K-S -- Parm:Precip. Amt.    Mon:           8  Year:        1997  N:         179
 FAILED K-S -- Parm:Precip. Amt.    Mon:           8  Year:        1997  N:         179
*** ERROR *** Could not produce desired level of quality in
                    << Precip. Amt.    >> random deviates.
 Failed SN SD test.
 Parm:Temp. Dew Pt.   Month:           8  Year:        1997  Mlevel=   30.0000000      SDlevel=   100.000000      Days:         558
 Failed SN SD test.
 Parm:Temp. Dew Pt.   Month:           8  Year:        1998  Mlevel=   10.0000000      SDlevel=   100.000000      Days:         589
 Failed SN SD test.
 Parm:Temp. Dew Pt.   Month:           8  Year:        1998  Mlevel=   30.0000000      SDlevel=   100.000000      Days:         589
 Failed SN SD test.
 Parm:Temp. Dew Pt.   Month:           8  Year:        1998  Mlevel=   10.0000000      SDlevel=   100.000000      Days:         589
 Failed SN SD test.
 Parm:Temp. Dew Pt.   Month:           8  Year:        1998  Mlevel=   20.0000000      SDlevel=   100.000000      Days:         589
 Failed SN SD test.
 Parm:Temp. Dew Pt.   Month:           8  Year:        1998  Mlevel=   30.0000000      SDlevel=   100.000000      Days:         589
*** ERROR *** Could not produce desired level of quality in
                    << Temp. Dew Pt.   >> random deviates.
 Failed SN SD test.
 Parm:Temp. Dew Pt.   Month:           8  Year:        1999  Mlevel=   40.0000000      SDlevel=   100.000000      Days:         620
 Failed SN SD test.
 Parm:Temp. Dew Pt.   Month:           8  Year:        1999  Mlevel=   10.0000000      SDlevel=   100.000000      Days:         620
 Failed SN SD test.
 Parm:Temp. Dew Pt.   Month:           8  Year:        1999  Mlevel=   30.0000000      SDlevel=   100.000000      Days:         620
 Failed SN SD test.
 Parm:Temp. Dew Pt.   Month:           8  Year:        1999  Mlevel=   20.0000000      SDlevel=   100.000000      Days:         620
 Failed SN SD test.
 Parm:Temp. Dew Pt.   Month:           8  Year:        1999  Mlevel=   40.0000000      SDlevel=   100.000000      Days:         620
*** ERROR *** Could not produce desired level of quality in
                    << Temp. Dew Pt.   >> random deviates.
 Failed SN SD test.
 Parm:Temp. Dew Pt.   Month:           8  Year:        2000  Mlevel=   30.0000000      SDlevel=   100.000000      Days:         651
 Failed SN SD test.
 Parm:Temp. Dew Pt.   Month:           8  Year:        2000  Mlevel=   30.0000000      SDlevel=   100.000000      Days:         651
 Failed SN Mean test.
 Failed SN SD test.
 Parm:Temp. Dew Pt.   Month:           8  Year:        2000  Mlevel=   60.0000000      SDlevel=   100.000000      Days:         651
 Failed SN SD test.
 Parm:Temp. Dew Pt.   Month:           8  Year:        2000  Mlevel=   30.0000000      SDlevel=   100.000000      Days:         651
 Failed SN SD test.
 Parm:Temp. Dew Pt.   Month:           8  Year:        2000  Mlevel=   30.0000000      SDlevel=   100.000000      Days:         651
*** ERROR *** Could not produce desired level of quality in
                    << Temp. Dew Pt.   >> random deviates.
 Failed SN SD test.
 Parm:Temp. Dew Pt.   Month:           8  Year:        2001  Mlevel=   20.0000000      SDlevel=   100.000000      Days:         682
 Failed SN SD test.
 Parm:Temp. Dew Pt.   Month:           8  Year:        2001  Mlevel=   20.0000000      SDlevel=   100.000000      Days:         682
 Failed SN SD test.
 Parm:Temp. Dew Pt.   Month:           8  Year:        2001  Mlevel=   5.00000000      SDlevel=   100.000000      Days:         682
 Failed SN SD test.
 Parm:Temp. Dew Pt.   Month:           8  Year:        2001  Mlevel=   20.0000000      SDlevel=   100.000000      Days:         682
 Failed SN SD test.
 Parm:Temp. Dew Pt.   Month:           8  Year:        2001  Mlevel=   40.0000000      SDlevel=   100.000000      Days:         682
*** ERROR *** Could not produce desired level of quality in
                    << Temp. Dew Pt.   >> random deviates.
 Failed SN SD test.
 Parm:Temp. Dew Pt.   Month:           8  Year:        2002  Mlevel=   10.0000000      SDlevel=   100.000000      Days:         713
 Failed SN SD test.
 Parm:Temp. Dew Pt.   Month:           8  Year:        2002  Mlevel=   40.0000000      SDlevel=   100.000000      Days:         713
 Failed SN SD test.
 Parm:Temp. Dew Pt.   Month:           8  Year:        2002  Mlevel=   30.0000000      SDlevel=   100.000000      Days:         713
 Failed SN SD test.
 Parm:Temp. Dew Pt.   Month:           8  Year:        2002  Mlevel=   20.0000000      SDlevel=   100.000000      Days:         713
 Failed SN Mean test.
 Failed SN SD test.
 Parm:Temp. Dew Pt.   Month:           8  Year:        2002  Mlevel=   60.0000000      SDlevel=   100.000000      Days:         713
*** ERROR *** Could not produce desired level of quality in
                    << Temp. Dew Pt.   >> random deviates.
 Tdew -10 rangecheck executed.
 FAILED K-S -- Parm:Temp. Dew Pt.   Mon:           8  Year:        2003  N:         527
 Failed SN SD test.
 Parm:Temp. Dew Pt.   Month:           8  Year:        2003  Mlevel=   40.0000000      SDlevel=   100.000000      Days:         744
 Failed SN Mean test.
 Failed SN SD test.
 Parm:Temp. Dew Pt.   Month:           8  Year:        2003  Mlevel=   70.0000000      SDlevel=   100.000000      Days:         744
 FAILED K-S -- Parm:Temp. Dew Pt.   Mon:           8  Year:        2003  N:         527
 Failed SN Mean test.
 Failed SN SD test.
 Parm:Temp. Dew Pt.   Month:           8  Year:        2003  Mlevel=   70.0000000      SDlevel=   100.000000      Days:         744
 Failed SN Mean test.
 Failed SN SD test.
 Parm:Temp. Dew Pt.   Month:           8  Year:        2003  Mlevel=   70.0000000      SDlevel=   100.000000      Days:         744
 Failed SN Mean test.
 Failed SN SD test.
 Parm:Temp. Dew Pt.   Month:           8  Year:        2003  Mlevel=   60.0000000      SDlevel=   100.000000      Days:         744
*** ERROR *** Could not produce desired level of quality in
                    << Temp. Dew Pt.   >> random deviates.
 Tdew -10 rangecheck executed.
 Failed SN Mean test.
 Failed SN SD test.
 Parm:Temp. Dew Pt.   Month:           8  Year:        2004  Mlevel=   60.0000000      SDlevel=   100.000000      Days:         775
 Failed SN SD test.
 Parm:Temp. Dew Pt.   Month:           8  Year:        2004  Mlevel=   40.0000000      SDlevel=   100.000000      Days:         775
 Failed SN Mean test.
 Failed SN SD test.
 Parm:Temp. Dew Pt.   Month:           8  Year:        2004  Mlevel=   70.0000000      SDlevel=   100.000000      Days:         775
 Failed SN Mean test.
 Failed SN SD test.
 Parm:Temp. Dew Pt.   Month:           8  Year:        2004  Mlevel=   70.0000000      SDlevel=   100.000000      Days:         775
 Failed SN SD test.
 Parm:Temp. Dew Pt.   Month:           8  Year:        2004  Mlevel=   50.0000000      SDlevel=   100.000000      Days:         775
*** ERROR *** Could not produce desired level of quality in
                    << Temp. Dew Pt.   >> random deviates.
 Failed SN Mean test.
 Failed SN SD test.
 Parm:Temp. Dew Pt.   Month:           8  Year:        2005  Mlevel=   60.0000000      SDlevel=   100.000000      Days:         806
 Failed SN SD test.
 Parm:Temp. Dew Pt.   Month:           8  Year:        2005  Mlevel=   30.0000000      SDlevel=   100.000000      Days:         806
 Failed SN Mean test.
 Failed SN SD test.
 Parm:Temp. Dew Pt.   Month:           8  Year:        2005  Mlevel=   60.0000000      SDlevel=   100.000000      Days:         806
 Failed SN SD test.
 Parm:Temp. Dew Pt.   Month:           8  Year:        2005  Mlevel=   50.0000000      SDlevel=   100.000000      Days:         806
 Failed SN Mean test.
 Failed SN SD test.
 Parm:Temp. Dew Pt.   Month:           8  Year:        2005  Mlevel=   70.0000000      SDlevel=   100.000000      Days:         806
*** ERROR *** Could not produce desired level of quality in
                    << Temp. Dew Pt.   >> random deviates.
 Failed SN SD test.
 Parm:Temp. Dew Pt.   Month:           8  Year:        2006  Mlevel=   20.0000000      SDlevel=   100.000000      Days:         837
 Failed SN Mean test.
 Failed SN SD test.
 Parm:Temp. Dew Pt.   Month:           8  Year:        2006  Mlevel=   70.0000000      SDlevel=   100.000000      Days:         837
 Failed SN Mean test.
 Failed SN SD test.
 Parm:Temp. Dew Pt.   Month:           8  Year:        2006  Mlevel=   60.0000000      SDlevel=   100.000000      Days:         837
 Failed SN Mean test.
 Failed SN SD test.
 Parm:Temp. Dew Pt.   Month:           8  Year:        2006  Mlevel=   70.0000000      SDlevel=   100.000000      Days:         837
 Failed SN Mean test.
 Failed SN SD test.
 Parm:Temp. Dew Pt.   Month:           8  Year:        2006  Mlevel=   80.0000000      SDlevel=   100.000000      Days:         837
*** ERROR *** Could not produce desired level of quality in
                    << Temp. Dew Pt.   >> random deviates.
 Tdew -10 rangecheck executed.
 Tdew -10 rangecheck executed.
 Tdew -10 rangecheck executed.
 Failed SN Mean test.
 Failed SN SD test.
 Parm:Temp. Dew Pt.   Month:           8  Year:        2007  Mlevel=   80.0000000      SDlevel=   100.000000      Days:         868
 FAILED K-S -- Parm:Temp. Dew Pt.   Mon:           8  Year:        2007  N:         651
 Failed SN Mean test.
 Failed SN SD test.
 Parm:Temp. Dew Pt.   Month:           8  Year:        2007  Mlevel=   80.0000000      SDlevel=   100.000000      Days:         868
 Failed SN Mean test.
 Failed SN SD test.
 Parm:Temp. Dew Pt.   Month:           8  Year:        2007  Mlevel=   80.0000000      SDlevel=   100.000000      Days:         868
 Failed SN SD test.
 Parm:Temp. Dew Pt.   Month:           8  Year:        2007  Mlevel=   50.0000000      SDlevel=   100.000000      Days:         868
 Failed SN Mean test.
 Failed SN SD test.
 Parm:Temp. Dew Pt.   Month:           8  Year:        2007  Mlevel=   70.0000000      SDlevel=   100.000000      Days:         868
*** ERROR *** Could not produce desired level of quality in
                    << Temp. Dew Pt.   >> random deviates.
 Tdew -10 rangecheck executed.
 Failed SN Mean test.
 Failed SN SD test.
 Parm:Temp. Dew Pt.   Month:           8  Year:        2008  Mlevel=   80.0000000      SDlevel=   100.000000      Days:         899
 FAILED K-S -- Parm:Temp. Dew Pt.   Mon:           8  Year:        2008  N:         682
 Failed SN Mean test.
 Failed SN SD test.
 Parm:Temp. Dew Pt.   Month:           8  Year:        2008  Mlevel=   80.0000000      SDlevel=   100.000000      Days:         899
 Failed SN Mean test.
 Failed SN SD test.
 Parm:Temp. Dew Pt.   Month:           8  Year:        2008  Mlevel=   70.0000000      SDlevel=   100.000000      Days:         899
 Failed SN Mean test.
 Failed SN SD test.
 Parm:Temp. Dew Pt.   Month:           8  Year:        2008  Mlevel=   70.0000000      SDlevel=   100.000000      Days:         899
 FAILED K-S -- Parm:Temp. Dew Pt.   Mon:           8  Year:        2008  N:         682
 Failed SN Mean test.
 Failed SN SD test.
 Parm:Temp. Dew Pt.   Month:           8  Year:        2008  Mlevel=   70.0000000      SDlevel=   100.000000      Days:         899
*** ERROR *** Could not produce desired level of quality in
                    << Temp. Dew Pt.   >> random deviates.
 FAILED K-S -- Parm:Temp. Dew Pt.   Mon:           8  Year:        2009  N:         713
 Failed SN Mean test.
 Failed SN SD test.
 Parm:Temp. Dew Pt.   Month:           8  Year:        2009  Mlevel=   70.0000000      SDlevel=   100.000000      Days:         930
 FAILED K-S -- Parm:Temp. Dew Pt.   Mon:           8  Year:        2009  N:         713
 Failed SN Mean test.
 Failed SN SD test.
 Parm:Temp. Dew Pt.   Month:           8  Year:        2009  Mlevel=   70.0000000      SDlevel=   100.000000      Days:         930
 Failed SN Mean test.
 Failed SN SD test.
 Parm:Temp. Dew Pt.   Month:           8  Year:        2009  Mlevel=   70.0000000      SDlevel=   100.000000      Days:         930
 Failed SN Mean test.
 Failed SN SD test.
 Parm:Temp. Dew Pt.   Month:           8  Year:        2009  Mlevel=   80.0000000      SDlevel=   100.000000      Days:         930
 Failed SN Mean test.
 Failed SN SD test.
 Parm:Temp. Dew Pt.   Month:           8  Year:        2009  Mlevel=   70.0000000      SDlevel=   100.000000      Days:         930
*** ERROR *** Could not produce desired level of quality in
                    << Temp. Dew Pt.   >> random deviates.
 Failed SN Mean test.
 Failed SN SD test.
 Parm:Temp. Dew Pt.   Month:           8  Year:        2010  Mlevel=   70.0000000      SDlevel=   100.000000      Days:         961
 Failed SN Mean test.
 Failed SN SD test.
 Parm:Temp. Dew Pt.   Month:           8  Year:        2010  Mlevel=   60.0000000      SDlevel=   100.000000      Days:         961
 Failed SN Mean test.
 Failed SN SD test.
 Parm:Temp. Dew Pt.   Month:           8  Year:        2010  Mlevel=   70.0000000      SDlevel=   100.000000      Days:         961
 Failed SN Mean test.
 Failed SN SD test.
 Parm:Temp. Dew Pt.   Month:           8  Year:        2010  Mlevel=   60.0000000      SDlevel=   100.000000      Days:         961
 Failed SN Mean test.
 Failed SN SD test.
 Parm:Temp. Dew Pt.   Month:           8  Year:        2010  Mlevel=   60.0000000      SDlevel=   100.000000      Days:         961
*** ERROR *** Could not produce desired level of quality in
                    << Temp. Dew Pt.   >> random deviates.
 Tdew -10 rangecheck executed.
 Failed SN SD test.
 Parm:Temp. Dew Pt.   Month:           8  Year:        2011  Mlevel=   40.0000000      SDlevel=   100.000000      Days:         992
 Failed SN SD test.
 Parm:Temp. Dew Pt.   Month:           8  Year:        2011  Mlevel=   50.0000000      SDlevel=   100.000000      Days:         992
 FAILED K-S -- Parm:Temp. Dew Pt.   Mon:           8  Year:        2011  N:         775
 Failed SN SD test.
 Parm:Temp. Dew Pt.   Month:           8  Year:        2011  Mlevel=   50.0000000      SDlevel=   100.000000      Days:         992
 Failed SN Mean test.
 Failed SN SD test.
 Parm:Temp. Dew Pt.   Month:           8  Year:        2011  Mlevel=   70.0000000      SDlevel=   100.000000      Days:         992
 Failed SN Mean test.
 Failed SN SD test.
 Parm:Temp. Dew Pt.   Month:           8  Year:        2011  Mlevel=   60.0000000      SDlevel=   100.000000      Days:         992
*** ERROR *** Could not produce desired level of quality in
                    << Temp. Dew Pt.   >> random deviates.
 Failed SN SD test.
 Parm:Temp. Dew Pt.   Month:           8  Year:        2012  Mlevel=   50.0000000      SDlevel=   100.000000      Days:        1023
 Failed SN Mean test.
 Failed SN SD test.
 Parm:Temp. Dew Pt.   Month:           8  Year:        2012  Mlevel=   70.0000000      SDlevel=   100.000000      Days:        1023
 Failed SN SD test.
 Parm:Temp. Dew Pt.   Month:           8  Year:        2012  Mlevel=   50.0000000      SDlevel=   100.000000      Days:        1023
 Failed SN SD test.
 Parm:Temp. Dew Pt.   Month:           8  Year:        2012  Mlevel=   50.0000000      SDlevel=   100.000000      Days:        1023
 Failed SN Mean test.
 Failed SN SD test.
 Parm:Temp. Dew Pt.   Month:           8  Year:        2012  Mlevel=   60.0000000      SDlevel=   100.000000      Days:        1023
*** ERROR *** Could not produce desired level of quality in
                    << Temp. Dew Pt.   >> random deviates.
 Tdew -10 rangecheck executed.
 Failed SN Mean test.
 Failed SN SD test.
 Parm:Temp. Dew Pt.   Month:           8  Year:        2013  Mlevel=   60.0000000      SDlevel=   100.000000      Days:        1054
 FAILED K-S -- Parm:Temp. Dew Pt.   Mon:           8  Year:        2013  N:         837
 Failed SN Mean test.
 Failed SN SD test.
 Parm:Temp. Dew Pt.   Month:           8  Year:        2013  Mlevel=   60.0000000      SDlevel=   100.000000      Days:        1054
 FAILED K-S -- Parm:Temp. Dew Pt.   Mon:           8  Year:        2013  N:         837
 Failed SN Mean test.
 Failed SN SD test.
 Parm:Temp. Dew Pt.   Month:           8  Year:        2013  Mlevel=   60.0000000      SDlevel=   100.000000      Days:        1054
 Failed SN Mean test.
 Failed SN SD test.
 Parm:Temp. Dew Pt.   Month:           8  Year:        2013  Mlevel=   60.0000000      SDlevel=   100.000000      Days:        1054
 FAILED K-S -- Parm:Temp. Dew Pt.   Mon:           8  Year:        2013  N:         837
 Failed SN Mean test.
 Failed SN SD test.
 Parm:Temp. Dew Pt.   Month:           8  Year:        2013  Mlevel=   60.0000000      SDlevel=   100.000000      Days:        1054
*** ERROR *** Could not produce desired level of quality in
                    << Temp. Dew Pt.   >> random deviates.
 Tdew -10 rangecheck executed.
 Tdew -10 rangecheck executed.
 Tdew -10 rangecheck executed.
 Tdew -10 rangecheck executed.
 Tdew -10 rangecheck executed.
 FAILED K-S -- Parm:Temp. Dew Pt.   Mon:           8  Year:        2014  N:         868
 Failed SN Mean test.
 Failed SN SD test.
 Parm:Temp. Dew Pt.   Month:           8  Year:        2014  Mlevel=   70.0000000      SDlevel=   100.000000      Days:        1085
 Failed SN Mean test.
 Failed SN SD test.
 Parm:Temp. Dew Pt.   Month:           8  Year:        2014  Mlevel=   60.0000000      SDlevel=   100.000000      Days:        1085
 FAILED K-S -- Parm:Temp. Dew Pt.   Mon:           8  Year:        2014  N:         868
 Failed SN Mean test.
 Failed SN SD test.
 Parm:Temp. Dew Pt.   Month:           8  Year:        2014  Mlevel=   60.0000000      SDlevel=   100.000000      Days:        1085
 Failed SN Mean test.
 Failed SN SD test.
 Parm:Temp. Dew Pt.   Month:           8  Year:        2014  Mlevel=   60.0000000      SDlevel=   100.000000      Days:        1085
 FAILED K-S -- Parm:Temp. Dew Pt.   Mon:           8  Year:        2014  N:         868
 Failed SN Mean test.
 Failed SN SD test.
 Parm:Temp. Dew Pt.   Month:           8  Year:        2014  Mlevel=   60.0000000      SDlevel=   100.000000      Days:        1085
*** ERROR *** Could not produce desired level of quality in
                    << Temp. Dew Pt.   >> random deviates.
 Tdew -10 rangecheck executed.
 Tdew -10 rangecheck executed.
 Failed SN Mean test.
 Failed SN SD test.
 Parm:Temp. Dew Pt.   Month:           8  Year:        2015  Mlevel=   70.0000000      SDlevel=   100.000000      Days:        1116
 Failed SN Mean test.
 Failed SN SD test.
 Parm:Temp. Dew Pt.   Month:           8  Year:        2015  Mlevel=   70.0000000      SDlevel=   100.000000      Days:        1116
 FAILED K-S -- Parm:Temp. Dew Pt.   Mon:           8  Year:        2015  N:         899
 Failed SN Mean test.
 Failed SN SD test.
 Parm:Temp. Dew Pt.   Month:           8  Year:        2015  Mlevel=   70.0000000      SDlevel=   100.000000      Days:        1116
 Failed SN Mean test.
 Failed SN SD test.
 Parm:Temp. Dew Pt.   Month:           8  Year:        2015  Mlevel=   60.0000000      SDlevel=   100.000000      Days:        1116
 Failed SN Mean test.
 Failed SN SD test.
 Parm:Temp. Dew Pt.   Month:           8  Year:        2015  Mlevel=   80.0000000      SDlevel=   100.000000      Days:        1116
*** ERROR *** Could not produce desired level of quality in
                    << Temp. Dew Pt.   >> random deviates.
 Failed SN Mean test.
 Failed SN SD test.
 Parm:Temp. Dew Pt.   Month:           8  Year:        2016  Mlevel=   70.0000000      SDlevel=   100.000000      Days:        1147
 Failed SN Mean test.
 Failed SN SD test.
 Parm:Temp. Dew Pt.   Month:           8  Year:        2016  Mlevel=   70.0000000      SDlevel=   100.000000      Days:        1147
 Failed SN Mean test.
 Failed SN SD test.
 Parm:Temp. Dew Pt.   Month:           8  Year:        2016  Mlevel=   80.0000000      SDlevel=   100.000000      Days:        1147
 Failed SN Mean test.
 Failed SN SD test.
 Parm:Temp. Dew Pt.   Month:           8  Year:        2016  Mlevel=   70.0000000      SDlevel=   100.000000      Days:        1147
 Failed SN Mean test.
 Failed SN SD test.
 Parm:Temp. Dew Pt.   Month:           8  Year:        2016  Mlevel=   70.0000000      SDlevel=   100.000000      Days:        1147
*** ERROR *** Could not produce desired level of quality in
                    << Temp. Dew Pt.   >> random deviates.
 Failed SN Mean test.
 Failed SN SD test.
 Parm:Temp. Dew Pt.   Month:           8  Year:        2017  Mlevel=   60.0000000      SDlevel=   100.000000      Days:        1178
 Failed SN Mean test.
 Failed SN SD test.
 Parm:Temp. Dew Pt.   Month:           8  Year:        2017  Mlevel=   70.0000000      SDlevel=   100.000000      Days:        1178
 FAILED K-S -- Parm:Temp. Dew Pt.   Mon:           8  Year:        2017  N:         961
 Failed SN Mean test.
 Failed SN SD test.
 Parm:Temp. Dew Pt.   Month:           8  Year:        2017  Mlevel=   70.0000000      SDlevel=   100.000000      Days:        1178
 Failed SN Mean test.
 Failed SN SD test.
 Parm:Temp. Dew Pt.   Month:           8  Year:        2017  Mlevel=   70.0000000      SDlevel=   100.000000      Days:        1178
 Failed SN Mean test.
At line 3013 of file cligen53.f (unit = 9, file = '0500000US26011.prn')
Fortran runtime error: Sequential READ or WRITE not allowed after EOF marker, possibly use REWIND or BACKSPACE
 Failed SN SD test.
 Parm:Temp. Dew Pt.   Month:           8  Year:        2017  Mlevel=   70.0000000      SDlevel=   100.000000      Days:        1178
*** ERROR *** Could not produce desired level of quality in
                    << Temp. Dew Pt.   >> random deviates.
 Tdew -10 rangecheck executed.
