

  ********************************************************************
  *                                                                  *
  *              USDA - WATER EROSION PREDICTION PROJECT             *
  *                 WEPP CLIMATE INPUT DATA GENERATOR                *
  *                                                                  *
  *                    CONTINUOUS SIMULATION AND                     *
  *                       SINGLE STORM OPTIONS                       *
  *                    with Command Line Options,                    *
  *                        and Corrections to                        *
  *                  Rainfall Intensity Calculations                 *
  *                   and Random Number Generation.                  *
  *                                                                  *
  *                          VERSION 5.30000                         *
  *                     Revised from VERSION 4.2                     *
  *                           October 2004                           *
  *                                                                  *
  *           (Use -h or /h to list command line options.)           *
  *                                                                  *
  ********************************************************************


 tx415272.par                                                                                                                                                                                                                                                    
 0500000US48411.prn                                                                                                                                                                                                                                              
 Failed SN SD test.
 Parm:Precip. Amt.    Month:          12  Year:        1981  Mlevel=   40.0000000      SDlevel=   56.2032471      Days:          12
 Failed SN SD test.
 Parm:Precip. Amt.    Month:          12  Year:        1981  Mlevel=   40.0000000      SDlevel=   58.5302773      Days:          12
 Failed SN SD test.
 Parm:Precip. Amt.    Month:          12  Year:        1981  Mlevel=   30.0000000      SDlevel=   54.5614471      Days:          12
 Failed SN SD test.
 Parm:Precip. Amt.    Month:          12  Year:        1981  Mlevel=   30.0000000      SDlevel=   56.2672005      Days:          12
 Failed SN SD test.
 Parm:Precip. Amt.    Month:          12  Year:        1981  Mlevel=   40.0000000      SDlevel=   58.6187248      Days:          12
*** ERROR *** Could not produce desired level of quality in
                    << Precip. Amt.    >> random deviates.
 FAILED K-S -- Parm:Time to Peak    Mon:           5  Year:        1994  N:         100
 FAILED K-S -- Parm:Time to Peak    Mon:           5  Year:        1994  N:         100
 FAILED K-S -- Parm:Time to Peak    Mon:           5  Year:        1994  N:         100
 FAILED K-S -- Parm:Time to Peak    Mon:           5  Year:        1994  N:         100
 FAILED K-S -- Parm:Time to Peak    Mon:           5  Year:        1994  N:         100
*** ERROR *** Could not produce desired level of quality in
                    << Time to Peak    >> random deviates.
 FAILED K-S -- Parm:Time to Peak    Mon:           5  Year:        1995  N:         110
 FAILED K-S -- Parm:Time to Peak    Mon:           5  Year:        1995  N:         110
 FAILED K-S -- Parm:Time to Peak    Mon:           5  Year:        1995  N:         110
 FAILED K-S -- Parm:Time to Peak    Mon:           5  Year:        1995  N:         110
 FAILED K-S -- Parm:Time to Peak    Mon:           5  Year:        1995  N:         110
*** ERROR *** Could not produce desired level of quality in
                    << Time to Peak    >> random deviates.
 FAILED K-S -- Parm:Time to Peak    Mon:           5  Year:        1996  N:         119
 FAILED K-S -- Parm:Time to Peak    Mon:           5  Year:        1996  N:         119
 FAILED K-S -- Parm:Time to Peak    Mon:           5  Year:        1996  N:         119
 FAILED K-S -- Parm:Time to Peak    Mon:           5  Year:        1996  N:         119
 FAILED K-S -- Parm:Time to Peak    Mon:           5  Year:        1996  N:         119
*** ERROR *** Could not produce desired level of quality in
                    << Time to Peak    >> random deviates.
 FAILED K-S -- Parm:Time to Peak    Mon:           5  Year:        1997  N:         125
 FAILED K-S -- Parm:Time to Peak    Mon:           5  Year:        1997  N:         125
 FAILED K-S -- Parm:Time to Peak    Mon:           5  Year:        1997  N:         125
 FAILED K-S -- Parm:Time to Peak    Mon:           5  Year:        1997  N:         125
 FAILED K-S -- Parm:Time to Peak    Mon:           5  Year:        1997  N:         125
*** ERROR *** Could not produce desired level of quality in
                    << Time to Peak    >> random deviates.
 FAILED K-S -- Parm:Time to Peak    Mon:           5  Year:        1998  N:         133
 FAILED K-S -- Parm:Time to Peak    Mon:           5  Year:        1998  N:         133
 FAILED K-S -- Parm:Time to Peak    Mon:           5  Year:        1998  N:         133
 FAILED K-S -- Parm:Time to Peak    Mon:           5  Year:        1998  N:         133
 FAILED K-S -- Parm:Time to Peak    Mon:           5  Year:        1998  N:         133
*** ERROR *** Could not produce desired level of quality in
                    << Time to Peak    >> random deviates.
 FAILED K-S -- Parm:Precip. Amt.    Mon:          11  Year:        1998  N:         101
 FAILED K-S -- Parm:Precip. Amt.    Mon:          11  Year:        1998  N:         101
 FAILED K-S -- Parm:Precip. Amt.    Mon:          11  Year:        1998  N:         101
 FAILED K-S -- Parm:Precip. Amt.    Mon:          11  Year:        1998  N:         101
 FAILED K-S -- Parm:Precip. Amt.    Mon:          11  Year:        1998  N:         101
*** ERROR *** Could not produce desired level of quality in
                    << Precip. Amt.    >> random deviates.
 FAILED K-S -- Parm:Time to Peak    Mon:           5  Year:        1999  N:         135
 FAILED K-S -- Parm:Time to Peak    Mon:           5  Year:        1999  N:         135
 FAILED K-S -- Parm:Time to Peak    Mon:           5  Year:        1999  N:         135
 FAILED K-S -- Parm:Time to Peak    Mon:           5  Year:        1999  N:         135
 FAILED K-S -- Parm:Time to Peak    Mon:           5  Year:        1999  N:         135
*** ERROR *** Could not produce desired level of quality in
                    << Time to Peak    >> random deviates.
 FAILED K-S -- Parm:Time to Peak    Mon:           7  Year:        1999  N:         100
 FAILED K-S -- Parm:Time to Peak    Mon:           7  Year:        1999  N:         100
 FAILED K-S -- Parm:Time to Peak    Mon:           7  Year:        1999  N:         100
 FAILED K-S -- Parm:Time to Peak    Mon:           7  Year:        1999  N:         100
 FAILED K-S -- Parm:Time to Peak    Mon:           7  Year:        1999  N:         100
*** ERROR *** Could not produce desired level of quality in
                    << Time to Peak    >> random deviates.
 FAILED K-S -- Parm:Precip. Amt.    Mon:          11  Year:        1999  N:         109
 FAILED K-S -- Parm:Precip. Amt.    Mon:          11  Year:        1999  N:         109
 FAILED K-S -- Parm:Precip. Amt.    Mon:          11  Year:        1999  N:         109
 FAILED K-S -- Parm:Precip. Amt.    Mon:          11  Year:        1999  N:         109
 FAILED K-S -- Parm:Precip. Amt.    Mon:          11  Year:        1999  N:         109
*** ERROR *** Could not produce desired level of quality in
                    << Precip. Amt.    >> random deviates.
 FAILED K-S -- Parm:Time to Peak    Mon:           5  Year:        2000  N:         142
 FAILED K-S -- Parm:Time to Peak    Mon:           5  Year:        2000  N:         142
 FAILED K-S -- Parm:Time to Peak    Mon:           5  Year:        2000  N:         142
 FAILED K-S -- Parm:Time to Peak    Mon:           5  Year:        2000  N:         142
 FAILED K-S -- Parm:Time to Peak    Mon:           5  Year:        2000  N:         142
*** ERROR *** Could not produce desired level of quality in
At line 3013 of file cligen53.f (unit = 9, file = '0500000US48411.prn')
Fortran runtime error: Sequential READ or WRITE not allowed after EOF marker, possibly use REWIND or BACKSPACE
                    << Time to Peak    >> random deviates.
 FAILED K-S -- Parm:Time to Peak    Mon:           7  Year:        2000  N:         103
 FAILED K-S -- Parm:Time to Peak    Mon:           7  Year:        2000  N:         103
 FAILED K-S -- Parm:Time to Peak    Mon:           7  Year:        2000  N:         103
 FAILED K-S -- Parm:Time to Peak    Mon:           7  Year:        2000  N:         103
 FAILED K-S -- Parm:Time to Peak    Mon:           7  Year:        2000  N:         103
*** ERROR *** Could not produce desired level of quality in
                    << Time to Peak    >> random deviates.
 FAILED K-S -- Parm:Time to Peak    Mon:           7  Year:        2001  N:         107
 FAILED K-S -- Parm:Time to Peak    Mon:           7  Year:        2001  N:         107
 FAILED K-S -- Parm:Time to Peak    Mon:           7  Year:        2001  N:         107
 FAILED K-S -- Parm:Time to Peak    Mon:           7  Year:        2001  N:         107
 FAILED K-S -- Parm:Time to Peak    Mon:           7  Year:        2001  N:         107
*** ERROR *** Could not produce desired level of quality in
                    << Time to Peak    >> random deviates.
 FAILED K-S -- Parm:Time to Peak    Mon:           7  Year:        2002  N:         111
 FAILED K-S -- Parm:Time to Peak    Mon:           7  Year:        2002  N:         111
 FAILED K-S -- Parm:Time to Peak    Mon:           7  Year:        2002  N:         111
 FAILED K-S -- Parm:Time to Peak    Mon:           7  Year:        2002  N:         111
 FAILED K-S -- Parm:Time to Peak    Mon:           7  Year:        2002  N:         111
*** ERROR *** Could not produce desired level of quality in
                    << Time to Peak    >> random deviates.
 FAILED K-S -- Parm:Time to Peak    Mon:           7  Year:        2003  N:         115
 FAILED K-S -- Parm:Time to Peak    Mon:           7  Year:        2003  N:         115
 FAILED K-S -- Parm:Time to Peak    Mon:           7  Year:        2003  N:         115
 FAILED K-S -- Parm:Time to Peak    Mon:           7  Year:        2003  N:         115
 FAILED K-S -- Parm:Time to Peak    Mon:           7  Year:        2003  N:         115
*** ERROR *** Could not produce desired level of quality in
                    << Time to Peak    >> random deviates.
