

  ********************************************************************
  *                                                                  *
  *              USDA - WATER EROSION PREDICTION PROJECT             *
  *                 WEPP CLIMATE INPUT DATA GENERATOR                *
  *                                                                  *
  *                    CONTINUOUS SIMULATION AND                     *
  *                       SINGLE STORM OPTIONS                       *
  *                    with Command Line Options,                    *
  *                        and Corrections to                        *
  *                  Rainfall Intensity Calculations                 *
  *                   and Random Number Generation.                  *
  *                                                                  *
  *                          VERSION 5.30000                         *
  *                     Revised from VERSION 4.2                     *
  *                           October 2004                           *
  *                                                                  *
  *           (Use -h or /h to list command line options.)           *
  *                                                                  *
  ********************************************************************


 tn404950.par                                                                                                                                                                                                                                                    
 0500000US47093.prn                                                                                                                                                                                                                                              
 Tdew -10 rangecheck executed.
 FAILED K-S -- Parm:Time to Peak    Mon:           4  Year:        1989  N:         101
 FAILED K-S -- Parm:Time to Peak    Mon:           4  Year:        1989  N:         101
 FAILED K-S -- Parm:Time to Peak    Mon:           4  Year:        1989  N:         101
 FAILED K-S -- Parm:Time to Peak    Mon:           4  Year:        1989  N:         101
 FAILED K-S -- Parm:Time to Peak    Mon:           4  Year:        1989  N:         101
*** ERROR *** Could not produce desired level of quality in
                    << Time to Peak    >> random deviates.
 FAILED K-S -- Parm:Time to Peak    Mon:           4  Year:        1990  N:         107
 FAILED K-S -- Parm:Time to Peak    Mon:           4  Year:        1990  N:         107
 FAILED K-S -- Parm:Time to Peak    Mon:           4  Year:        1990  N:         107
 FAILED K-S -- Parm:Time to Peak    Mon:           4  Year:        1990  N:         107
 FAILED K-S -- Parm:Time to Peak    Mon:           4  Year:        1990  N:         107
*** ERROR *** Could not produce desired level of quality in
                    << Time to Peak    >> random deviates.
 FAILED K-S -- Parm:Time to Peak    Mon:           4  Year:        1991  N:         115
 FAILED K-S -- Parm:Time to Peak    Mon:           4  Year:        1991  N:         115
 FAILED K-S -- Parm:Time to Peak    Mon:           4  Year:        1991  N:         115
 FAILED K-S -- Parm:Time to Peak    Mon:           4  Year:        1991  N:         115
 FAILED K-S -- Parm:Time to Peak    Mon:           4  Year:        1991  N:         115
*** ERROR *** Could not produce desired level of quality in
                    << Time to Peak    >> random deviates.
 FAILED K-S -- Parm:Time to Peak    Mon:           4  Year:        1992  N:         122
 FAILED K-S -- Parm:Time to Peak    Mon:           4  Year:        1992  N:         122
 FAILED K-S -- Parm:Time to Peak    Mon:           4  Year:        1992  N:         122
 FAILED K-S -- Parm:Time to Peak    Mon:           4  Year:        1992  N:         122
 FAILED K-S -- Parm:Time to Peak    Mon:           4  Year:        1992  N:         122
*** ERROR *** Could not produce desired level of quality in
                    << Time to Peak    >> random deviates.
 FAILED K-S -- Parm:Time to Peak    Mon:           4  Year:        1993  N:         131
 FAILED K-S -- Parm:Time to Peak    Mon:           4  Year:        1993  N:         131
 FAILED K-S -- Parm:Time to Peak    Mon:           4  Year:        1993  N:         131
 FAILED K-S -- Parm:Time to Peak    Mon:           4  Year:        1993  N:         131
 FAILED K-S -- Parm:Time to Peak    Mon:           4  Year:        1993  N:         131
*** ERROR *** Could not produce desired level of quality in
                    << Time to Peak    >> random deviates.
 FAILED K-S -- Parm:Precip. Amt.    Mon:           9  Year:        1993  N:         102
 FAILED K-S -- Parm:Precip. Amt.    Mon:           9  Year:        1993  N:         102
 FAILED K-S -- Parm:Precip. Amt.    Mon:           9  Year:        1993  N:         102
 FAILED K-S -- Parm:Precip. Amt.    Mon:           9  Year:        1993  N:         102
 FAILED K-S -- Parm:Precip. Amt.    Mon:           9  Year:        1993  N:         102
*** ERROR *** Could not produce desired level of quality in
                    << Precip. Amt.    >> random deviates.
 FAILED K-S -- Parm:Time to Peak    Mon:           9  Year:        1993  N:         102
 FAILED K-S -- Parm:Precip. Amt.    Mon:           9  Year:        1994  N:         110
 FAILED K-S -- Parm:Precip. Amt.    Mon:           9  Year:        1994  N:         110
 FAILED K-S -- Parm:Precip. Amt.    Mon:           9  Year:        1994  N:         110
 FAILED K-S -- Parm:Precip. Amt.    Mon:           9  Year:        1994  N:         110
 FAILED K-S -- Parm:Precip. Amt.    Mon:           9  Year:        1994  N:         110
*** ERROR *** Could not produce desired level of quality in
                    << Precip. Amt.    >> random deviates.
 Failed SN SD test.
 Parm:Temp. Dew Pt.   Month:           9  Year:        1994  Mlevel=   10.0000000      SDlevel=   52.6736374      Days:         450
 FAILED K-S -- Parm:Time to Peak    Mon:           9  Year:        1994  N:         102
 FAILED K-S -- Parm:Precip. Amt.    Mon:           9  Year:        1995  N:         113
 FAILED K-S -- Parm:Precip. Amt.    Mon:           9  Year:        1995  N:         113
 FAILED K-S -- Parm:Precip. Amt.    Mon:           9  Year:        1995  N:         113
 FAILED K-S -- Parm:Precip. Amt.    Mon:           9  Year:        1995  N:         113
 FAILED K-S -- Parm:Precip. Amt.    Mon:           9  Year:        1995  N:         113
*** ERROR *** Could not produce desired level of quality in
                    << Precip. Amt.    >> random deviates.
 Tdew -10 rangecheck executed.
 FAILED K-S -- Parm:Precip. Amt.    Mon:           9  Year:        1996  N:         121
 FAILED K-S -- Parm:Precip. Amt.    Mon:           9  Year:        1996  N:         121
 FAILED K-S -- Parm:Precip. Amt.    Mon:           9  Year:        1996  N:         121
 FAILED K-S -- Parm:Precip. Amt.    Mon:           9  Year:        1996  N:         121
 FAILED K-S -- Parm:Precip. Amt.    Mon:           9  Year:        1996  N:         121
*** ERROR *** Could not produce desired level of quality in
                    << Precip. Amt.    >> random deviates.
 FAILED K-S -- Parm:Time to Peak    Mon:           9  Year:        1996  N:         105
 FAILED K-S -- Parm:Precip. Amt.    Mon:           9  Year:        1997  N:         129
 FAILED K-S -- Parm:Precip. Amt.    Mon:           9  Year:        1997  N:         129
 FAILED K-S -- Parm:Precip. Amt.    Mon:           9  Year:        1997  N:         129
 FAILED K-S -- Parm:Precip. Amt.    Mon:           9  Year:        1997  N:         129
 FAILED K-S -- Parm:Precip. Amt.    Mon:           9  Year:        1997  N:         129
*** ERROR *** Could not produce desired level of quality in
                    << Precip. Amt.    >> random deviates.
 FAILED K-S -- Parm:Time to Peak    Mon:           9  Year:        1997  N:         105
 FAILED K-S -- Parm:Precip. Amt.    Mon:           9  Year:        1998  N:         132
 FAILED K-S -- Parm:Precip. Amt.    Mon:           9  Year:        1998  N:         132
 FAILED K-S -- Parm:Precip. Amt.    Mon:           9  Year:        1998  N:         132
 FAILED K-S -- Parm:Precip. Amt.    Mon:           9  Year:        1998  N:         132
 FAILED K-S -- Parm:Precip. Amt.    Mon:           9  Year:        1998  N:         132
*** ERROR *** Could not produce desired level of quality in
                    << Precip. Amt.    >> random deviates.
 FAILED K-S -- Parm:Time to Peak    Mon:           9  Year:        1998  N:         100
 FAILED K-S -- Parm:Precip. Amt.    Mon:           9  Year:        1999  N:         142
 FAILED K-S -- Parm:Precip. Amt.    Mon:           9  Year:        1999  N:         142
 FAILED K-S -- Parm:Precip. Amt.    Mon:           9  Year:        1999  N:         142
 FAILED K-S -- Parm:Precip. Amt.    Mon:           9  Year:        1999  N:         142
 FAILED K-S -- Parm:Precip. Amt.    Mon:           9  Year:        1999  N:         142
*** ERROR *** Could not produce desired level of quality in
                    << Precip. Amt.    >> random deviates.
 FAILED K-S -- Parm:Time to Peak    Mon:           9  Year:        1999  N:         107
 FAILED K-S -- Parm:Precip. Amt.    Mon:           9  Year:        2000  N:         153
 FAILED K-S -- Parm:Precip. Amt.    Mon:           9  Year:        2000  N:         153
 FAILED K-S -- Parm:Precip. Amt.    Mon:           9  Year:        2000  N:         153
 FAILED K-S -- Parm:Precip. Amt.    Mon:           9  Year:        2000  N:         153
 FAILED K-S -- Parm:Precip. Amt.    Mon:           9  Year:        2000  N:         153
*** ERROR *** Could not produce desired level of quality in
                    << Precip. Amt.    >> random deviates.
 FAILED K-S -- Parm:Time to Peak    Mon:           9  Year:        2000  N:         108
 FAILED K-S -- Parm:Precip. Amt.    Mon:           9  Year:        2001  N:         159
 FAILED K-S -- Parm:Precip. Amt.    Mon:           9  Year:        2001  N:         159
 FAILED K-S -- Parm:Precip. Amt.    Mon:           9  Year:        2001  N:         159
 FAILED K-S -- Parm:Precip. Amt.    Mon:           9  Year:        2001  N:         159
 FAILED K-S -- Parm:Precip. Amt.    Mon:           9  Year:        2001  N:         159
*** ERROR *** Could not produce desired level of quality in
                    << Precip. Amt.    >> random deviates.
 FAILED K-S -- Parm:Time to Peak    Mon:           9  Year:        2001  N:         103
 FAILED K-S -- Parm:Precip. Amt.    Mon:           9  Year:        2002  N:         169
 FAILED K-S -- Parm:Precip. Amt.    Mon:           9  Year:        2002  N:         169
 FAILED K-S -- Parm:Precip. Amt.    Mon:           9  Year:        2002  N:         169
 FAILED K-S -- Parm:Precip. Amt.    Mon:           9  Year:        2002  N:         169
 FAILED K-S -- Parm:Precip. Amt.    Mon:           9  Year:        2002  N:         169
*** ERROR *** Could not produce desired level of quality in
                    << Precip. Amt.    >> random deviates.
 FAILED K-S -- Parm:Time to Peak    Mon:           9  Year:        2002  N:         107
 FAILED K-S -- Parm:Precip. Amt.    Mon:           9  Year:        2003  N:         176
 FAILED K-S -- Parm:Precip. Amt.    Mon:           9  Year:        2003  N:         176
 FAILED K-S -- Parm:Precip. Amt.    Mon:           9  Year:        2003  N:         176
 FAILED K-S -- Parm:Precip. Amt.    Mon:           9  Year:        2003  N:         176
 FAILED K-S -- Parm:Precip. Amt.    Mon:           9  Year:        2003  N:         176
*** ERROR *** Could not produce desired level of quality in
                    << Precip. Amt.    >> random deviates.
 FAILED K-S -- Parm:Time to Peak    Mon:           9  Year:        2003  N:         104
 FAILED K-S -- Parm:Precip. Amt.    Mon:           9  Year:        2004  N:         182
 FAILED K-S -- Parm:Precip. Amt.    Mon:           9  Year:        2004  N:         182
 FAILED K-S -- Parm:Precip. Amt.    Mon:           9  Year:        2004  N:         182
 FAILED K-S -- Parm:Precip. Amt.    Mon:           9  Year:        2004  N:         182
 FAILED K-S -- Parm:Precip. Amt.    Mon:           9  Year:        2004  N:         182
*** ERROR *** Could not produce desired level of quality in
At line 3013 of file cligen53.f (unit = 9, file = '0500000US47093.prn')
Fortran runtime error: Sequential READ or WRITE not allowed after EOF marker, possibly use REWIND or BACKSPACE
                    << Precip. Amt.    >> random deviates.
 FAILED K-S -- Parm:Time to Peak    Mon:           9  Year:        2004  N:         103
 FAILED K-S -- Parm:Precip. Amt.    Mon:           9  Year:        2005  N:         187
 FAILED K-S -- Parm:Precip. Amt.    Mon:           9  Year:        2005  N:         187
 FAILED K-S -- Parm:Precip. Amt.    Mon:           9  Year:        2005  N:         187
 FAILED K-S -- Parm:Precip. Amt.    Mon:           9  Year:        2005  N:         187
 FAILED K-S -- Parm:Precip. Amt.    Mon:           9  Year:        2005  N:         187
*** ERROR *** Could not produce desired level of quality in
                    << Precip. Amt.    >> random deviates.
 FAILED K-S -- Parm:Time to Peak    Mon:           9  Year:        2005  N:         102
 FAILED K-S -- Parm:Precip. Amt.    Mon:           9  Year:        2006  N:         193
 FAILED K-S -- Parm:Precip. Amt.    Mon:           9  Year:        2006  N:         193
 FAILED K-S -- Parm:Precip. Amt.    Mon:           9  Year:        2006  N:         193
 FAILED K-S -- Parm:Precip. Amt.    Mon:           9  Year:        2006  N:         193
 FAILED K-S -- Parm:Precip. Amt.    Mon:           9  Year:        2006  N:         193
*** ERROR *** Could not produce desired level of quality in
                    << Precip. Amt.    >> random deviates.
 FAILED K-S -- Parm:Time to Peak    Mon:           9  Year:        2006  N:         103
 FAILED K-S -- Parm:Precip. Amt.    Mon:           9  Year:        2007  N:         206
 Failed SN SD test.
 Parm:Precip. Amt.    Month:           9  Year:        2007  Mlevel=   40.0000000      SDlevel=   80.6518173      Days:         206
 FAILED K-S -- Parm:Precip. Amt.    Mon:           9  Year:        2007  N:         206
 Failed SN SD test.
 Parm:Precip. Amt.    Month:           9  Year:        2007  Mlevel=   40.0000000      SDlevel=   80.6518173      Days:         206
 FAILED K-S -- Parm:Precip. Amt.    Mon:           9  Year:        2007  N:         206
 Failed SN SD test.
 Parm:Precip. Amt.    Month:           9  Year:        2007  Mlevel=   40.0000000      SDlevel=   80.6518173      Days:         206
 FAILED K-S -- Parm:Precip. Amt.    Mon:           9  Year:        2007  N:         206
 Failed SN SD test.
 Parm:Precip. Amt.    Month:           9  Year:        2007  Mlevel=   40.0000000      SDlevel=   80.6518173      Days:         206
 FAILED K-S -- Parm:Precip. Amt.    Mon:           9  Year:        2007  N:         206
 Failed SN SD test.
 Parm:Precip. Amt.    Month:           9  Year:        2007  Mlevel=   40.0000000      SDlevel=   80.6518173      Days:         206
*** ERROR *** Could not produce desired level of quality in
                    << Precip. Amt.    >> random deviates.
 FAILED K-S -- Parm:Time to Peak    Mon:           9  Year:        2007  N:         110
 FAILED K-S -- Parm:Time to Peak    Mon:           9  Year:        2008  N:         103
 FAILED K-S -- Parm:Time to Peak    Mon:           9  Year:        2008  N:         103
 FAILED K-S -- Parm:Time to Peak    Mon:           9  Year:        2008  N:         103
 FAILED K-S -- Parm:Time to Peak    Mon:           9  Year:        2008  N:         103
 FAILED K-S -- Parm:Time to Peak    Mon:           9  Year:        2008  N:         103
*** ERROR *** Could not produce desired level of quality in
                    << Time to Peak    >> random deviates.
 FAILED K-S -- Parm:Time to Peak    Mon:           9  Year:        2009  N:         108
 FAILED K-S -- Parm:Time to Peak    Mon:           9  Year:        2009  N:         108
 FAILED K-S -- Parm:Time to Peak    Mon:           9  Year:        2009  N:         108
 FAILED K-S -- Parm:Time to Peak    Mon:           9  Year:        2009  N:         108
 FAILED K-S -- Parm:Time to Peak    Mon:           9  Year:        2009  N:         108
*** ERROR *** Could not produce desired level of quality in
                    << Time to Peak    >> random deviates.
