

  ********************************************************************
  *                                                                  *
  *              USDA - WATER EROSION PREDICTION PROJECT             *
  *                 WEPP CLIMATE INPUT DATA GENERATOR                *
  *                                                                  *
  *                    CONTINUOUS SIMULATION AND                     *
  *                       SINGLE STORM OPTIONS                       *
  *                    with Command Line Options,                    *
  *                        and Corrections to                        *
  *                  Rainfall Intensity Calculations                 *
  *                   and Random Number Generation.                  *
  *                                                                  *
  *                          VERSION 5.30000                         *
  *                     Revised from VERSION 4.2                     *
  *                           October 2004                           *
  *                                                                  *
  *           (Use -h or /h to list command line options.)           *
  *                                                                  *
  ********************************************************************


 id107211.par                                                                                                                                                                                                                                                    
 0500000US16005.prn                                                                                                                                                                                                                                              
 Tdew -10 rangecheck executed.
 Tdew -10 rangecheck executed.
 Tdew -10 rangecheck executed.
 Tdew -10 rangecheck executed.
 Tdew -10 rangecheck executed.
 Tdew -10 rangecheck executed.
 Tdew -10 rangecheck executed.
 Tdew -10 rangecheck executed.
 Tdew -10 rangecheck executed.
 Tdew -10 rangecheck executed.
 Tdew -10 rangecheck executed.
 Tdew -10 rangecheck executed.
 Tdew -10 rangecheck executed.
 Tdew -10 rangecheck executed.
 Tdew -10 rangecheck executed.
 FAILED K-S -- Parm:Precip. Amt.    Mon:          10  Year:        1993  N:         100
 FAILED K-S -- Parm:Precip. Amt.    Mon:          10  Year:        1993  N:         100
 FAILED K-S -- Parm:Precip. Amt.    Mon:          10  Year:        1993  N:         100
 FAILED K-S -- Parm:Precip. Amt.    Mon:          10  Year:        1993  N:         100
 FAILED K-S -- Parm:Precip. Amt.    Mon:          10  Year:        1993  N:         100
*** ERROR *** Could not produce desired level of quality in
                    << Precip. Amt.    >> random deviates.
 FAILED K-S -- Parm:Precip. Amt.    Mon:          10  Year:        1994  N:         109
 FAILED K-S -- Parm:Precip. Amt.    Mon:          10  Year:        1994  N:         109
 FAILED K-S -- Parm:Precip. Amt.    Mon:          10  Year:        1994  N:         109
 FAILED K-S -- Parm:Precip. Amt.    Mon:          10  Year:        1994  N:         109
 FAILED K-S -- Parm:Precip. Amt.    Mon:          10  Year:        1994  N:         109
*** ERROR *** Could not produce desired level of quality in
                    << Precip. Amt.    >> random deviates.
 Failed SN SD test.
 Parm:Temp. Dew Pt.   Month:          10  Year:        1994  Mlevel=   30.0000000      SDlevel=   53.6526451      Days:         465
 FAILED K-S -- Parm:Precip. Amt.    Mon:           6  Year:        1995  N:         102
 FAILED K-S -- Parm:Precip. Amt.    Mon:           6  Year:        1995  N:         102
 FAILED K-S -- Parm:Precip. Amt.    Mon:           6  Year:        1995  N:         102
 FAILED K-S -- Parm:Precip. Amt.    Mon:           6  Year:        1995  N:         102
 FAILED K-S -- Parm:Precip. Amt.    Mon:           6  Year:        1995  N:         102
*** ERROR *** Could not produce desired level of quality in
                    << Precip. Amt.    >> random deviates.
 FAILED K-S -- Parm:Precip. Amt.    Mon:          10  Year:        1995  N:         122
 FAILED K-S -- Parm:Precip. Amt.    Mon:          10  Year:        1995  N:         122
 FAILED K-S -- Parm:Precip. Amt.    Mon:          10  Year:        1995  N:         122
 FAILED K-S -- Parm:Precip. Amt.    Mon:          10  Year:        1995  N:         122
 FAILED K-S -- Parm:Precip. Amt.    Mon:          10  Year:        1995  N:         122
*** ERROR *** Could not produce desired level of quality in
                    << Precip. Amt.    >> random deviates.
 FAILED K-S -- Parm:Wind Vel.       Mon:          10  Year:        1995  N:         496
 Failed SN SD test.
 Parm:Temp. Dew Pt.   Month:          10  Year:        1995  Mlevel=   5.00000000      SDlevel=   60.6431236      Days:         496
 FAILED K-S -- Parm:Precip. Amt.    Mon:           6  Year:        1996  N:         108
 FAILED K-S -- Parm:Precip. Amt.    Mon:           6  Year:        1996  N:         108
 FAILED K-S -- Parm:Precip. Amt.    Mon:           6  Year:        1996  N:         108
 FAILED K-S -- Parm:Precip. Amt.    Mon:           6  Year:        1996  N:         108
 FAILED K-S -- Parm:Precip. Amt.    Mon:           6  Year:        1996  N:         108
*** ERROR *** Could not produce desired level of quality in
                    << Precip. Amt.    >> random deviates.
 FAILED K-S -- Parm:Precip. Amt.    Mon:          10  Year:        1996  N:         130
 FAILED K-S -- Parm:Precip. Amt.    Mon:          10  Year:        1996  N:         130
 FAILED K-S -- Parm:Precip. Amt.    Mon:          10  Year:        1996  N:         130
 FAILED K-S -- Parm:Precip. Amt.    Mon:          10  Year:        1996  N:         130
 FAILED K-S -- Parm:Precip. Amt.    Mon:          10  Year:        1996  N:         130
*** ERROR *** Could not produce desired level of quality in
                    << Precip. Amt.    >> random deviates.
 Failed SN SD test.
 Parm:Temp. Dew Pt.   Month:          10  Year:        1996  Mlevel=   10.0000000      SDlevel=   90.5541153      Days:         527
 FAILED K-S -- Parm:Time to Peak    Mon:          10  Year:        1996  N:         130
 FAILED K-S -- Parm:Precip. Amt.    Mon:           6  Year:        1997  N:         113
 FAILED K-S -- Parm:Precip. Amt.    Mon:           6  Year:        1997  N:         113
 FAILED K-S -- Parm:Precip. Amt.    Mon:           6  Year:        1997  N:         113
 FAILED K-S -- Parm:Precip. Amt.    Mon:           6  Year:        1997  N:         113
 FAILED K-S -- Parm:Precip. Amt.    Mon:           6  Year:        1997  N:         113
*** ERROR *** Could not produce desired level of quality in
                    << Precip. Amt.    >> random deviates.
 FAILED K-S -- Parm:Precip. Amt.    Mon:          10  Year:        1997  N:         136
 FAILED K-S -- Parm:Precip. Amt.    Mon:          10  Year:        1997  N:         136
 FAILED K-S -- Parm:Precip. Amt.    Mon:          10  Year:        1997  N:         136
 FAILED K-S -- Parm:Precip. Amt.    Mon:          10  Year:        1997  N:         136
 FAILED K-S -- Parm:Precip. Amt.    Mon:          10  Year:        1997  N:         136
*** ERROR *** Could not produce desired level of quality in
                    << Precip. Amt.    >> random deviates.
 Failed SN SD test.
 Parm:Temp. Dew Pt.   Month:          10  Year:        1997  Mlevel=   5.00000000      SDlevel=   99.0852890      Days:         558
 FAILED K-S -- Parm:Precip. Amt.    Mon:          10  Year:        1998  N:         142
 FAILED K-S -- Parm:Precip. Amt.    Mon:          10  Year:        1998  N:         142
 FAILED K-S -- Parm:Precip. Amt.    Mon:          10  Year:        1998  N:         142
 FAILED K-S -- Parm:Precip. Amt.    Mon:          10  Year:        1998  N:         142
 FAILED K-S -- Parm:Precip. Amt.    Mon:          10  Year:        1998  N:         142
*** ERROR *** Could not produce desired level of quality in
                    << Precip. Amt.    >> random deviates.
 Failed SN SD test.
 Parm:Temp. Dew Pt.   Month:          10  Year:        1998  Mlevel=   10.0000000      SDlevel=   99.9913025      Days:         589
 FAILED K-S -- Parm:Precip. Amt.    Mon:          10  Year:        1999  N:         144
 FAILED K-S -- Parm:Precip. Amt.    Mon:          10  Year:        1999  N:         144
 FAILED K-S -- Parm:Precip. Amt.    Mon:          10  Year:        1999  N:         144
 FAILED K-S -- Parm:Precip. Amt.    Mon:          10  Year:        1999  N:         144
 FAILED K-S -- Parm:Precip. Amt.    Mon:          10  Year:        1999  N:         144
*** ERROR *** Could not produce desired level of quality in
                    << Precip. Amt.    >> random deviates.
 Failed SN SD test.
 Parm:Temp. Dew Pt.   Month:          10  Year:        1999  Mlevel=   20.0000000      SDlevel=   99.9995728      Days:         620
 FAILED K-S -- Parm:Precip. Amt.    Mon:          10  Year:        2000  N:         150
 FAILED K-S -- Parm:Precip. Amt.    Mon:          10  Year:        2000  N:         150
 FAILED K-S -- Parm:Precip. Amt.    Mon:          10  Year:        2000  N:         150
 FAILED K-S -- Parm:Precip. Amt.    Mon:          10  Year:        2000  N:         150
 FAILED K-S -- Parm:Precip. Amt.    Mon:          10  Year:        2000  N:         150
*** ERROR *** Could not produce desired level of quality in
                    << Precip. Amt.    >> random deviates.
 Failed SN SD test.
 Parm:Temp. Dew Pt.   Month:          10  Year:        2000  Mlevel=   10.0000000      SDlevel=   99.9999847      Days:         651
 FAILED K-S -- Parm:Precip. Amt.    Mon:          10  Year:        2001  N:         156
 FAILED K-S -- Parm:Precip. Amt.    Mon:          10  Year:        2001  N:         156
 FAILED K-S -- Parm:Precip. Amt.    Mon:          10  Year:        2001  N:         156
 FAILED K-S -- Parm:Precip. Amt.    Mon:          10  Year:        2001  N:         156
 FAILED K-S -- Parm:Precip. Amt.    Mon:          10  Year:        2001  N:         156
*** ERROR *** Could not produce desired level of quality in
                    << Precip. Amt.    >> random deviates.
 Failed SN SD test.
 Parm:Temp. Dew Pt.   Month:          10  Year:        2001  Mlevel=   30.0000000      SDlevel=   100.000000      Days:         682
 FAILED K-S -- Parm:Precip. Amt.    Mon:          10  Year:        2002  N:         160
 FAILED K-S -- Parm:Precip. Amt.    Mon:          10  Year:        2002  N:         160
 FAILED K-S -- Parm:Precip. Amt.    Mon:          10  Year:        2002  N:         160
 FAILED K-S -- Parm:Precip. Amt.    Mon:          10  Year:        2002  N:         160
 FAILED K-S -- Parm:Precip. Amt.    Mon:          10  Year:        2002  N:         160
*** ERROR *** Could not produce desired level of quality in
                    << Precip. Amt.    >> random deviates.
 Failed SN SD test.
 Parm:Temp. Dew Pt.   Month:          10  Year:        2002  Mlevel=   1.00000000      SDlevel=   100.000000      Days:         713
 FAILED K-S -- Parm:Time to Peak    Mon:          10  Year:        2002  N:         152
 FAILED K-S -- Parm:Precip. Amt.    Mon:          10  Year:        2003  N:         164
 FAILED K-S -- Parm:Precip. Amt.    Mon:          10  Year:        2003  N:         164
 FAILED K-S -- Parm:Precip. Amt.    Mon:          10  Year:        2003  N:         164
 FAILED K-S -- Parm:Precip. Amt.    Mon:          10  Year:        2003  N:         164
 FAILED K-S -- Parm:Precip. Amt.    Mon:          10  Year:        2003  N:         164
*** ERROR *** Could not produce desired level of quality in
                    << Precip. Amt.    >> random deviates.
 Failed SN SD test.
 Parm:Temp. Dew Pt.   Month:          10  Year:        2003  Mlevel=   10.0000000      SDlevel=   100.000000      Days:         744
 FAILED K-S -- Parm:Time to Peak    Mon:          10  Year:        2003  N:         152
 FAILED K-S -- Parm:Precip. Amt.    Mon:          10  Year:        2004  N:         171
 FAILED K-S -- Parm:Precip. Amt.    Mon:          10  Year:        2004  N:         171
 FAILED K-S -- Parm:Precip. Amt.    Mon:          10  Year:        2004  N:         171
 FAILED K-S -- Parm:Precip. Amt.    Mon:          10  Year:        2004  N:         171
 FAILED K-S -- Parm:Precip. Amt.    Mon:          10  Year:        2004  N:         171
*** ERROR *** Could not produce desired level of quality in
                    << Precip. Amt.    >> random deviates.
 Failed SN SD test.
 Parm:Temp. Dew Pt.   Month:          10  Year:        2004  Mlevel=   5.00000000      SDlevel=   100.000000      Days:         775
 FAILED K-S -- Parm:Precip. Amt.    Mon:          10  Year:        2005  N:         174
 FAILED K-S -- Parm:Precip. Amt.    Mon:          10  Year:        2005  N:         174
 FAILED K-S -- Parm:Precip. Amt.    Mon:          10  Year:        2005  N:         174
 FAILED K-S -- Parm:Precip. Amt.    Mon:          10  Year:        2005  N:         174
 FAILED K-S -- Parm:Precip. Amt.    Mon:          10  Year:        2005  N:         174
*** ERROR *** Could not produce desired level of quality in
                    << Precip. Amt.    >> random deviates.
 Failed SN SD test.
 Parm:Temp. Dew Pt.   Month:          10  Year:        2005  Mlevel=  0.500000000      SDlevel=   100.000000      Days:         806
 FAILED K-S -- Parm:Precip. Amt.    Mon:          10  Year:        2006  N:         178
 FAILED K-S -- Parm:Precip. Amt.    Mon:          10  Year:        2006  N:         178
 FAILED K-S -- Parm:Precip. Amt.    Mon:          10  Year:        2006  N:         178
 FAILED K-S -- Parm:Precip. Amt.    Mon:          10  Year:        2006  N:         178
 FAILED K-S -- Parm:Precip. Amt.    Mon:          10  Year:        2006  N:         178
*** ERROR *** Could not produce desired level of quality in
                    << Precip. Amt.    >> random deviates.
 Failed SN SD test.
 Parm:Temp. Dew Pt.   Month:          10  Year:        2006  Mlevel=   10.0000000      SDlevel=   100.000000      Days:         837
 FAILED K-S -- Parm:Precip. Amt.    Mon:          10  Year:        2007  N:         181
 FAILED K-S -- Parm:Precip. Amt.    Mon:          10  Year:        2007  N:         181
 FAILED K-S -- Parm:Precip. Amt.    Mon:          10  Year:        2007  N:         181
 FAILED K-S -- Parm:Precip. Amt.    Mon:          10  Year:        2007  N:         181
 FAILED K-S -- Parm:Precip. Amt.    Mon:          10  Year:        2007  N:         181
*** ERROR *** Could not produce desired level of quality in
                    << Precip. Amt.    >> random deviates.
 Failed SN SD test.
 Parm:Temp. Dew Pt.   Month:          10  Year:        2007  Mlevel=   30.0000000      SDlevel=   100.000000      Days:         868
 FAILED K-S -- Parm:Precip. Amt.    Mon:          10  Year:        2008  N:         188
 FAILED K-S -- Parm:Precip. Amt.    Mon:          10  Year:        2008  N:         188
 FAILED K-S -- Parm:Precip. Amt.    Mon:          10  Year:        2008  N:         188
 FAILED K-S -- Parm:Precip. Amt.    Mon:          10  Year:        2008  N:         188
 FAILED K-S -- Parm:Precip. Amt.    Mon:          10  Year:        2008  N:         188
*** ERROR *** Could not produce desired level of quality in
                    << Precip. Amt.    >> random deviates.
 Failed SN SD test.
 Parm:Temp. Dew Pt.   Month:          10  Year:        2008  Mlevel=   10.0000000      SDlevel=   100.000000      Days:         899
 FAILED K-S -- Parm:Precip. Amt.    Mon:          10  Year:        2009  N:         193
 FAILED K-S -- Parm:Precip. Amt.    Mon:          10  Year:        2009  N:         193
 FAILED K-S -- Parm:Precip. Amt.    Mon:          10  Year:        2009  N:         193
 FAILED K-S -- Parm:Precip. Amt.    Mon:          10  Year:        2009  N:         193
 FAILED K-S -- Parm:Precip. Amt.    Mon:          10  Year:        2009  N:         193
*** ERROR *** Could not produce desired level of quality in
                    << Precip. Amt.    >> random deviates.
 FAILED K-S -- Parm:Wind Dir.       Mon:          10  Year:        2009  N:         930
 Failed SN SD test.
 Parm:Temp. Dew Pt.   Month:          10  Year:        2009  Mlevel=   30.0000000      SDlevel=   100.000000      Days:         930
 FAILED K-S -- Parm:Precip. Amt.    Mon:          10  Year:        2010  N:         200
 FAILED K-S -- Parm:Precip. Amt.    Mon:          10  Year:        2010  N:         200
 FAILED K-S -- Parm:Precip. Amt.    Mon:          10  Year:        2010  N:         200
 FAILED K-S -- Parm:Precip. Amt.    Mon:          10  Year:        2010  N:         200
 FAILED K-S -- Parm:Precip. Amt.    Mon:          10  Year:        2010  N:         200
*** ERROR *** Could not produce desired level of quality in
                    << Precip. Amt.    >> random deviates.
 Failed SN SD test.
 Parm:Temp. Dew Pt.   Month:          10  Year:        2010  Mlevel=   20.0000000      SDlevel=   100.000000      Days:         961
 FAILED K-S -- Parm:Precip. Amt.    Mon:          10  Year:        2011  N:         207
 FAILED K-S -- Parm:Precip. Amt.    Mon:          10  Year:        2011  N:         207
 FAILED K-S -- Parm:Precip. Amt.    Mon:          10  Year:        2011  N:         207
 FAILED K-S -- Parm:Precip. Amt.    Mon:          10  Year:        2011  N:         207
 FAILED K-S -- Parm:Precip. Amt.    Mon:          10  Year:        2011  N:         207
*** ERROR *** Could not produce desired level of quality in
                    << Precip. Amt.    >> random deviates.
 Failed SN SD test.
 Parm:Temp. Dew Pt.   Month:          10  Year:        2011  Mlevel=   20.0000000      SDlevel=   100.000000      Days:         992
 FAILED K-S -- Parm:Precip. Amt.    Mon:          10  Year:        2012  N:         209
 FAILED K-S -- Parm:Precip. Amt.    Mon:          10  Year:        2012  N:         209
 FAILED K-S -- Parm:Precip. Amt.    Mon:          10  Year:        2012  N:         209
 FAILED K-S -- Parm:Precip. Amt.    Mon:          10  Year:        2012  N:         209
 FAILED K-S -- Parm:Precip. Amt.    Mon:          10  Year:        2012  N:         209
*** ERROR *** Could not produce desired level of quality in
                    << Precip. Amt.    >> random deviates.
 Failed SN SD test.
 Parm:Temp. Dew Pt.   Month:          10  Year:        2012  Mlevel=   20.0000000      SDlevel=   100.000000      Days:        1023
 FAILED K-S -- Parm:Precip. Amt.    Mon:          10  Year:        2013  N:         216
 FAILED K-S -- Parm:Precip. Amt.    Mon:          10  Year:        2013  N:         216
 FAILED K-S -- Parm:Precip. Amt.    Mon:          10  Year:        2013  N:         216
 FAILED K-S -- Parm:Precip. Amt.    Mon:          10  Year:        2013  N:         216
 FAILED K-S -- Parm:Precip. Amt.    Mon:          10  Year:        2013  N:         216
*** ERROR *** Could not produce desired level of quality in
                    << Precip. Amt.    >> random deviates.
 FAILED K-S -- Parm:Temp. Dew Pt.   Mon:          10  Year:        2013  N:         465
 FAILED K-S -- Parm:Precip. Amt.    Mon:          10  Year:        2014  N:         221
 FAILED K-S -- Parm:Precip. Amt.    Mon:          10  Year:        2014  N:         221
 FAILED K-S -- Parm:Precip. Amt.    Mon:          10  Year:        2014  N:         221
 FAILED K-S -- Parm:Precip. Amt.    Mon:          10  Year:        2014  N:         221
 FAILED K-S -- Parm:Precip. Amt.    Mon:          10  Year:        2014  N:         221
*** ERROR *** Could not produce desired level of quality in
                    << Precip. Amt.    >> random deviates.
 Failed SN SD test.
 Parm:Temp. Dew Pt.   Month:          10  Year:        2014  Mlevel=   5.00000000      SDlevel=   100.000000      Days:        1085
 FAILED K-S -- Parm:Precip. Amt.    Mon:          10  Year:        2015  N:         225
 FAILED K-S -- Parm:Precip. Amt.    Mon:          10  Year:        2015  N:         225
 FAILED K-S -- Parm:Precip. Amt.    Mon:          10  Year:        2015  N:         225
 FAILED K-S -- Parm:Precip. Amt.    Mon:          10  Year:        2015  N:         225
 FAILED K-S -- Parm:Precip. Amt.    Mon:          10  Year:        2015  N:         225
*** ERROR *** Could not produce desired level of quality in
                    << Precip. Amt.    >> random deviates.
 Failed SN SD test.
 Parm:Temp. Dew Pt.   Month:          10  Year:        2015  Mlevel=   20.0000000      SDlevel=   100.000000      Days:        1116
 FAILED K-S -- Parm:Precip. Amt.    Mon:          10  Year:        2016  N:         229
 FAILED K-S -- Parm:Precip. Amt.    Mon:          10  Year:        2016  N:         229
At line 3013 of file cligen53.f (unit = 9, file = '0500000US16005.prn')
Fortran runtime error: Sequential READ or WRITE not allowed after EOF marker, possibly use REWIND or BACKSPACE
 FAILED K-S -- Parm:Precip. Amt.    Mon:          10  Year:        2016  N:         229
 FAILED K-S -- Parm:Precip. Amt.    Mon:          10  Year:        2016  N:         229
 FAILED K-S -- Parm:Precip. Amt.    Mon:          10  Year:        2016  N:         229
*** ERROR *** Could not produce desired level of quality in
                    << Precip. Amt.    >> random deviates.
 Failed SN SD test.
 Parm:Temp. Dew Pt.   Month:          10  Year:        2016  Mlevel=   20.0000000      SDlevel=   100.000000      Days:        1147
 Tdew -10 rangecheck executed.
 FAILED K-S -- Parm:Precip. Amt.    Mon:          10  Year:        2017  N:         230
 FAILED K-S -- Parm:Precip. Amt.    Mon:          10  Year:        2017  N:         230
 FAILED K-S -- Parm:Precip. Amt.    Mon:          10  Year:        2017  N:         230
 FAILED K-S -- Parm:Precip. Amt.    Mon:          10  Year:        2017  N:         230
 FAILED K-S -- Parm:Precip. Amt.    Mon:          10  Year:        2017  N:         230
*** ERROR *** Could not produce desired level of quality in
                    << Precip. Amt.    >> random deviates.
 Failed SN SD test.
 Parm:Temp. Dew Pt.   Month:          10  Year:        2017  Mlevel=   20.0000000      SDlevel=   100.000000      Days:        1178
