

  ********************************************************************
  *                                                                  *
  *              USDA - WATER EROSION PREDICTION PROJECT             *
  *                 WEPP CLIMATE INPUT DATA GENERATOR                *
  *                                                                  *
  *                    CONTINUOUS SIMULATION AND                     *
  *                       SINGLE STORM OPTIONS                       *
  *                    with Command Line Options,                    *
  *                        and Corrections to                        *
  *                  Rainfall Intensity Calculations                 *
  *                   and Random Number Generation.                  *
  *                                                                  *
  *                          VERSION 5.30000                         *
  *                     Revised from VERSION 4.2                     *
  *                           October 2004                           *
  *                                                                  *
  *           (Use -h or /h to list command line options.)           *
  *                                                                  *
  ********************************************************************


 ks140264.par                                                                                                                                                                                                                                                    
 0500000US20077.prn                                                                                                                                                                                                                                              
 Tdew -10 rangecheck executed.
 Tdew -10 rangecheck executed.
 Tdew -10 rangecheck executed.
 Tdew -10 rangecheck executed.
 Tdew -10 rangecheck executed.
 Tdew -10 rangecheck executed.
 Tdew -10 rangecheck executed.
 Tdew -10 rangecheck executed.
 Tdew -10 rangecheck executed.
 Tdew -10 rangecheck executed.
 FAILED K-S -- Parm:Precip. Amt.    Mon:           2  Year:        2000  N:         102
 FAILED K-S -- Parm:Precip. Amt.    Mon:           2  Year:        2000  N:         102
 FAILED K-S -- Parm:Precip. Amt.    Mon:           2  Year:        2000  N:         102
 FAILED K-S -- Parm:Precip. Amt.    Mon:           2  Year:        2000  N:         102
 FAILED K-S -- Parm:Precip. Amt.    Mon:           2  Year:        2000  N:         102
*** ERROR *** Could not produce desired level of quality in
                    << Precip. Amt.    >> random deviates.
 FAILED K-S -- Parm:Time to Peak    Mon:          11  Year:        2000  N:         105
 FAILED K-S -- Parm:Time to Peak    Mon:          11  Year:        2000  N:         105
 FAILED K-S -- Parm:Time to Peak    Mon:          11  Year:        2000  N:         105
 FAILED K-S -- Parm:Time to Peak    Mon:          11  Year:        2000  N:         105
 FAILED K-S -- Parm:Time to Peak    Mon:          11  Year:        2000  N:         105
*** ERROR *** Could not produce desired level of quality in
                    << Time to Peak    >> random deviates.
 FAILED K-S -- Parm:Precip. Amt.    Mon:           2  Year:        2001  N:         103
 FAILED K-S -- Parm:Precip. Amt.    Mon:           2  Year:        2001  N:         103
 FAILED K-S -- Parm:Precip. Amt.    Mon:           2  Year:        2001  N:         103
 FAILED K-S -- Parm:Precip. Amt.    Mon:           2  Year:        2001  N:         103
 FAILED K-S -- Parm:Precip. Amt.    Mon:           2  Year:        2001  N:         103
*** ERROR *** Could not produce desired level of quality in
                    << Precip. Amt.    >> random deviates.
 FAILED K-S -- Parm:Time to Peak    Mon:          11  Year:        2001  N:         112
 FAILED K-S -- Parm:Time to Peak    Mon:          11  Year:        2001  N:         112
 FAILED K-S -- Parm:Time to Peak    Mon:          11  Year:        2001  N:         112
 FAILED K-S -- Parm:Time to Peak    Mon:          11  Year:        2001  N:         112
 FAILED K-S -- Parm:Time to Peak    Mon:          11  Year:        2001  N:         112
*** ERROR *** Could not produce desired level of quality in
                    << Time to Peak    >> random deviates.
 FAILED K-S -- Parm:Precip. Amt.    Mon:           2  Year:        2002  N:         107
 FAILED K-S -- Parm:Precip. Amt.    Mon:           2  Year:        2002  N:         107
 FAILED K-S -- Parm:Precip. Amt.    Mon:           2  Year:        2002  N:         107
 FAILED K-S -- Parm:Precip. Amt.    Mon:           2  Year:        2002  N:         107
 FAILED K-S -- Parm:Precip. Amt.    Mon:           2  Year:        2002  N:         107
*** ERROR *** Could not produce desired level of quality in
                    << Precip. Amt.    >> random deviates.
 FAILED K-S -- Parm:Time to Peak    Mon:          11  Year:        2002  N:         119
 FAILED K-S -- Parm:Time to Peak    Mon:          11  Year:        2002  N:         119
 FAILED K-S -- Parm:Time to Peak    Mon:          11  Year:        2002  N:         119
 FAILED K-S -- Parm:Time to Peak    Mon:          11  Year:        2002  N:         119
 FAILED K-S -- Parm:Time to Peak    Mon:          11  Year:        2002  N:         119
*** ERROR *** Could not produce desired level of quality in
                    << Time to Peak    >> random deviates.
 FAILED K-S -- Parm:Time to Peak    Mon:          12  Year:        2002  N:         102
 FAILED K-S -- Parm:Time to Peak    Mon:          12  Year:        2002  N:         102
 FAILED K-S -- Parm:Time to Peak    Mon:          12  Year:        2002  N:         102
 FAILED K-S -- Parm:Time to Peak    Mon:          12  Year:        2002  N:         102
 FAILED K-S -- Parm:Time to Peak    Mon:          12  Year:        2002  N:         102
*** ERROR *** Could not produce desired level of quality in
                    << Time to Peak    >> random deviates.
 FAILED K-S -- Parm:Precip. Amt.    Mon:           2  Year:        2003  N:         111
 FAILED K-S -- Parm:Precip. Amt.    Mon:           2  Year:        2003  N:         111
 FAILED K-S -- Parm:Precip. Amt.    Mon:           2  Year:        2003  N:         111
 FAILED K-S -- Parm:Precip. Amt.    Mon:           2  Year:        2003  N:         111
 FAILED K-S -- Parm:Precip. Amt.    Mon:           2  Year:        2003  N:         111
*** ERROR *** Could not produce desired level of quality in
                    << Precip. Amt.    >> random deviates.
 FAILED K-S -- Parm:Time to Peak    Mon:          11  Year:        2003  N:         125
 FAILED K-S -- Parm:Time to Peak    Mon:          11  Year:        2003  N:         125
 FAILED K-S -- Parm:Time to Peak    Mon:          11  Year:        2003  N:         125
 FAILED K-S -- Parm:Time to Peak    Mon:          11  Year:        2003  N:         125
 FAILED K-S -- Parm:Time to Peak    Mon:          11  Year:        2003  N:         125
*** ERROR *** Could not produce desired level of quality in
                    << Time to Peak    >> random deviates.
 FAILED K-S -- Parm:Time to Peak    Mon:          12  Year:        2003  N:         105
 FAILED K-S -- Parm:Time to Peak    Mon:          12  Year:        2003  N:         105
 FAILED K-S -- Parm:Time to Peak    Mon:          12  Year:        2003  N:         105
 FAILED K-S -- Parm:Time to Peak    Mon:          12  Year:        2003  N:         105
 FAILED K-S -- Parm:Time to Peak    Mon:          12  Year:        2003  N:         105
*** ERROR *** Could not produce desired level of quality in
                    << Time to Peak    >> random deviates.
 FAILED K-S -- Parm:Precip. Amt.    Mon:           2  Year:        2004  N:         113
 FAILED K-S -- Parm:Precip. Amt.    Mon:           2  Year:        2004  N:         113
 FAILED K-S -- Parm:Precip. Amt.    Mon:           2  Year:        2004  N:         113
 FAILED K-S -- Parm:Precip. Amt.    Mon:           2  Year:        2004  N:         113
 FAILED K-S -- Parm:Precip. Amt.    Mon:           2  Year:        2004  N:         113
*** ERROR *** Could not produce desired level of quality in
                    << Precip. Amt.    >> random deviates.
 FAILED K-S -- Parm:Wind Dir.       Mon:           2  Year:        2004  N:         707
 FAILED K-S -- Parm:Time to Peak    Mon:          11  Year:        2004  N:         130
 FAILED K-S -- Parm:Time to Peak    Mon:          11  Year:        2004  N:         130
 FAILED K-S -- Parm:Time to Peak    Mon:          11  Year:        2004  N:         130
 FAILED K-S -- Parm:Time to Peak    Mon:          11  Year:        2004  N:         130
 FAILED K-S -- Parm:Time to Peak    Mon:          11  Year:        2004  N:         130
*** ERROR *** Could not produce desired level of quality in
                    << Time to Peak    >> random deviates.
 FAILED K-S -- Parm:Time to Peak    Mon:          12  Year:        2004  N:         109
 FAILED K-S -- Parm:Time to Peak    Mon:          12  Year:        2004  N:         109
 FAILED K-S -- Parm:Time to Peak    Mon:          12  Year:        2004  N:         109
 FAILED K-S -- Parm:Time to Peak    Mon:          12  Year:        2004  N:         109
 FAILED K-S -- Parm:Time to Peak    Mon:          12  Year:        2004  N:         109
*** ERROR *** Could not produce desired level of quality in
                    << Time to Peak    >> random deviates.
 FAILED K-S -- Parm:Precip. Amt.    Mon:           2  Year:        2005  N:         117
 FAILED K-S -- Parm:Precip. Amt.    Mon:           2  Year:        2005  N:         117
 FAILED K-S -- Parm:Precip. Amt.    Mon:           2  Year:        2005  N:         117
 FAILED K-S -- Parm:Precip. Amt.    Mon:           2  Year:        2005  N:         117
 FAILED K-S -- Parm:Precip. Amt.    Mon:           2  Year:        2005  N:         117
*** ERROR *** Could not produce desired level of quality in
                    << Precip. Amt.    >> random deviates.
 FAILED K-S -- Parm:Time to Peak    Mon:          11  Year:        2005  N:         135
 FAILED K-S -- Parm:Time to Peak    Mon:          11  Year:        2005  N:         135
 FAILED K-S -- Parm:Time to Peak    Mon:          11  Year:        2005  N:         135
 FAILED K-S -- Parm:Time to Peak    Mon:          11  Year:        2005  N:         135
 FAILED K-S -- Parm:Time to Peak    Mon:          11  Year:        2005  N:         135
*** ERROR *** Could not produce desired level of quality in
                    << Time to Peak    >> random deviates.
 FAILED K-S -- Parm:Time to Peak    Mon:          12  Year:        2005  N:         115
 FAILED K-S -- Parm:Time to Peak    Mon:          12  Year:        2005  N:         115
 FAILED K-S -- Parm:Time to Peak    Mon:          12  Year:        2005  N:         115
 FAILED K-S -- Parm:Time to Peak    Mon:          12  Year:        2005  N:         115
 FAILED K-S -- Parm:Time to Peak    Mon:          12  Year:        2005  N:         115
*** ERROR *** Could not produce desired level of quality in
                    << Time to Peak    >> random deviates.
 FAILED K-S -- Parm:Precip. Amt.    Mon:           2  Year:        2006  N:         122
 FAILED K-S -- Parm:Precip. Amt.    Mon:           2  Year:        2006  N:         122
 FAILED K-S -- Parm:Precip. Amt.    Mon:           2  Year:        2006  N:         122
 FAILED K-S -- Parm:Precip. Amt.    Mon:           2  Year:        2006  N:         122
 FAILED K-S -- Parm:Precip. Amt.    Mon:           2  Year:        2006  N:         122
*** ERROR *** Could not produce desired level of quality in
                    << Precip. Amt.    >> random deviates.
 FAILED K-S -- Parm:Time to Peak    Mon:          11  Year:        2006  N:         139
 FAILED K-S -- Parm:Time to Peak    Mon:          11  Year:        2006  N:         139
 FAILED K-S -- Parm:Time to Peak    Mon:          11  Year:        2006  N:         139
 FAILED K-S -- Parm:Time to Peak    Mon:          11  Year:        2006  N:         139
 FAILED K-S -- Parm:Time to Peak    Mon:          11  Year:        2006  N:         139
*** ERROR *** Could not produce desired level of quality in
                    << Time to Peak    >> random deviates.
 FAILED K-S -- Parm:Time to Peak    Mon:          12  Year:        2006  N:         121
 FAILED K-S -- Parm:Time to Peak    Mon:          12  Year:        2006  N:         121
 FAILED K-S -- Parm:Time to Peak    Mon:          12  Year:        2006  N:         121
 FAILED K-S -- Parm:Time to Peak    Mon:          12  Year:        2006  N:         121
 FAILED K-S -- Parm:Time to Peak    Mon:          12  Year:        2006  N:         121
*** ERROR *** Could not produce desired level of quality in
                    << Time to Peak    >> random deviates.
 FAILED K-S -- Parm:Precip. Amt.    Mon:           2  Year:        2007  N:         126
 FAILED K-S -- Parm:Precip. Amt.    Mon:           2  Year:        2007  N:         126
 FAILED K-S -- Parm:Precip. Amt.    Mon:           2  Year:        2007  N:         126
 FAILED K-S -- Parm:Precip. Amt.    Mon:           2  Year:        2007  N:         126
 FAILED K-S -- Parm:Precip. Amt.    Mon:           2  Year:        2007  N:         126
*** ERROR *** Could not produce desired level of quality in
                    << Precip. Amt.    >> random deviates.
 FAILED K-S -- Parm:Time to Peak    Mon:          11  Year:        2007  N:         143
 FAILED K-S -- Parm:Time to Peak    Mon:          11  Year:        2007  N:         143
 FAILED K-S -- Parm:Time to Peak    Mon:          11  Year:        2007  N:         143
 FAILED K-S -- Parm:Time to Peak    Mon:          11  Year:        2007  N:         143
 FAILED K-S -- Parm:Time to Peak    Mon:          11  Year:        2007  N:         143
*** ERROR *** Could not produce desired level of quality in
                    << Time to Peak    >> random deviates.
 FAILED K-S -- Parm:Time to Peak    Mon:          12  Year:        2007  N:         128
 FAILED K-S -- Parm:Time to Peak    Mon:          12  Year:        2007  N:         128
 FAILED K-S -- Parm:Time to Peak    Mon:          12  Year:        2007  N:         128
 FAILED K-S -- Parm:Time to Peak    Mon:          12  Year:        2007  N:         128
 FAILED K-S -- Parm:Time to Peak    Mon:          12  Year:        2007  N:         128
*** ERROR *** Could not produce desired level of quality in
                    << Time to Peak    >> random deviates.
 FAILED K-S -- Parm:Precip. Amt.    Mon:           2  Year:        2008  N:         130
 FAILED K-S -- Parm:Precip. Amt.    Mon:           2  Year:        2008  N:         130
 FAILED K-S -- Parm:Precip. Amt.    Mon:           2  Year:        2008  N:         130
 FAILED K-S -- Parm:Precip. Amt.    Mon:           2  Year:        2008  N:         130
 FAILED K-S -- Parm:Precip. Amt.    Mon:           2  Year:        2008  N:         130
*** ERROR *** Could not produce desired level of quality in
                    << Precip. Amt.    >> random deviates.
 FAILED K-S -- Parm:Time to Peak    Mon:          11  Year:        2008  N:         147
 FAILED K-S -- Parm:Time to Peak    Mon:          11  Year:        2008  N:         147
 FAILED K-S -- Parm:Time to Peak    Mon:          11  Year:        2008  N:         147
 FAILED K-S -- Parm:Time to Peak    Mon:          11  Year:        2008  N:         147
 FAILED K-S -- Parm:Time to Peak    Mon:          11  Year:        2008  N:         147
*** ERROR *** Could not produce desired level of quality in
                    << Time to Peak    >> random deviates.
 FAILED K-S -- Parm:Time to Peak    Mon:          12  Year:        2008  N:         134
 FAILED K-S -- Parm:Time to Peak    Mon:          12  Year:        2008  N:         134
 FAILED K-S -- Parm:Time to Peak    Mon:          12  Year:        2008  N:         134
 FAILED K-S -- Parm:Time to Peak    Mon:          12  Year:        2008  N:         134
 FAILED K-S -- Parm:Time to Peak    Mon:          12  Year:        2008  N:         134
*** ERROR *** Could not produce desired level of quality in
                    << Time to Peak    >> random deviates.
 FAILED K-S -- Parm:Time to Peak    Mon:          11  Year:        2009  N:         147
 FAILED K-S -- Parm:Time to Peak    Mon:          11  Year:        2009  N:         147
 FAILED K-S -- Parm:Time to Peak    Mon:          11  Year:        2009  N:         147
 FAILED K-S -- Parm:Time to Peak    Mon:          11  Year:        2009  N:         147
 FAILED K-S -- Parm:Time to Peak    Mon:          11  Year:        2009  N:         147
*** ERROR *** Could not produce desired level of quality in
                    << Time to Peak    >> random deviates.
 FAILED K-S -- Parm:Time to Peak    Mon:          12  Year:        2009  N:         136
 FAILED K-S -- Parm:Time to Peak    Mon:          12  Year:        2009  N:         136
 FAILED K-S -- Parm:Time to Peak    Mon:          12  Year:        2009  N:         136
 FAILED K-S -- Parm:Time to Peak    Mon:          12  Year:        2009  N:         136
 FAILED K-S -- Parm:Time to Peak    Mon:          12  Year:        2009  N:         136
*** ERROR *** Could not produce desired level of quality in
                    << Time to Peak    >> random deviates.
 FAILED K-S -- Parm:Time to Peak    Mon:          11  Year:        2010  N:         152
 FAILED K-S -- Parm:Time to Peak    Mon:          11  Year:        2010  N:         152
 FAILED K-S -- Parm:Time to Peak    Mon:          11  Year:        2010  N:         152
 FAILED K-S -- Parm:Time to Peak    Mon:          11  Year:        2010  N:         152
 FAILED K-S -- Parm:Time to Peak    Mon:          11  Year:        2010  N:         152
*** ERROR *** Could not produce desired level of quality in
                    << Time to Peak    >> random deviates.
 FAILED K-S -- Parm:Time to Peak    Mon:          12  Year:        2010  N:         140
 FAILED K-S -- Parm:Time to Peak    Mon:          12  Year:        2010  N:         140
 FAILED K-S -- Parm:Time to Peak    Mon:          12  Year:        2010  N:         140
 FAILED K-S -- Parm:Time to Peak    Mon:          12  Year:        2010  N:         140
 FAILED K-S -- Parm:Time to Peak    Mon:          12  Year:        2010  N:         140
*** ERROR *** Could not produce desired level of quality in
                    << Time to Peak    >> random deviates.
 Tdew -10 rangecheck executed.
 FAILED K-S -- Parm:Time to Peak    Mon:          11  Year:        2011  N:         155
 FAILED K-S -- Parm:Time to Peak    Mon:          11  Year:        2011  N:         155
 FAILED K-S -- Parm:Time to Peak    Mon:          11  Year:        2011  N:         155
 FAILED K-S -- Parm:Time to Peak    Mon:          11  Year:        2011  N:         155
 FAILED K-S -- Parm:Time to Peak    Mon:          11  Year:        2011  N:         155
*** ERROR *** Could not produce desired level of quality in
                    << Time to Peak    >> random deviates.
 FAILED K-S -- Parm:Time to Peak    Mon:          12  Year:        2011  N:         148
 FAILED K-S -- Parm:Time to Peak    Mon:          12  Year:        2011  N:         148
 FAILED K-S -- Parm:Time to Peak    Mon:          12  Year:        2011  N:         148
 FAILED K-S -- Parm:Time to Peak    Mon:          12  Year:        2011  N:         148
 FAILED K-S -- Parm:Time to Peak    Mon:          12  Year:        2011  N:         148
*** ERROR *** Could not produce desired level of quality in
                    << Time to Peak    >> random deviates.
 FAILED K-S -- Parm:Time to Peak    Mon:          11  Year:        2012  N:         157
 FAILED K-S -- Parm:Time to Peak    Mon:          11  Year:        2012  N:         157
 FAILED K-S -- Parm:Time to Peak    Mon:          11  Year:        2012  N:         157
 FAILED K-S -- Parm:Time to Peak    Mon:          11  Year:        2012  N:         157
 FAILED K-S -- Parm:Time to Peak    Mon:          11  Year:        2012  N:         157
*** ERROR *** Could not produce desired level of quality in
                    << Time to Peak    >> random deviates.
 FAILED K-S -- Parm:Time to Peak    Mon:          12  Year:        2012  N:         156
 FAILED K-S -- Parm:Time to Peak    Mon:          12  Year:        2012  N:         156
 FAILED K-S -- Parm:Time to Peak    Mon:          12  Year:        2012  N:         156
 FAILED K-S -- Parm:Time to Peak    Mon:          12  Year:        2012  N:         156
 FAILED K-S -- Parm:Time to Peak    Mon:          12  Year:        2012  N:         156
*** ERROR *** Could not produce desired level of quality in
                    << Time to Peak    >> random deviates.
 FAILED K-S -- Parm:Time to Peak    Mon:          11  Year:        2013  N:         164
 FAILED K-S -- Parm:Time to Peak    Mon:          11  Year:        2013  N:         164
 FAILED K-S -- Parm:Time to Peak    Mon:          11  Year:        2013  N:         164
 FAILED K-S -- Parm:Time to Peak    Mon:          11  Year:        2013  N:         164
 FAILED K-S -- Parm:Time to Peak    Mon:          11  Year:        2013  N:         164
*** ERROR *** Could not produce desired level of quality in
                    << Time to Peak    >> random deviates.
 FAILED K-S -- Parm:Time to Peak    Mon:          12  Year:        2013  N:         157
 FAILED K-S -- Parm:Time to Peak    Mon:          12  Year:        2013  N:         157
 FAILED K-S -- Parm:Time to Peak    Mon:          12  Year:        2013  N:         157
 FAILED K-S -- Parm:Time to Peak    Mon:          12  Year:        2013  N:         157
 FAILED K-S -- Parm:Time to Peak    Mon:          12  Year:        2013  N:         157
*** ERROR *** Could not produce desired level of quality in
                    << Time to Peak    >> random deviates.
 Tdew -10 rangecheck executed.
 FAILED K-S -- Parm:Time to Peak    Mon:          11  Year:        2014  N:         170
 FAILED K-S -- Parm:Time to Peak    Mon:          11  Year:        2014  N:         170
 FAILED K-S -- Parm:Time to Peak    Mon:          11  Year:        2014  N:         170
 FAILED K-S -- Parm:Time to Peak    Mon:          11  Year:        2014  N:         170
 FAILED K-S -- Parm:Time to Peak    Mon:          11  Year:        2014  N:         170
*** ERROR *** Could not produce desired level of quality in
                    << Time to Peak    >> random deviates.
 FAILED K-S -- Parm:Time to Peak    Mon:          12  Year:        2014  N:         159
 FAILED K-S -- Parm:Time to Peak    Mon:          12  Year:        2014  N:         159
 FAILED K-S -- Parm:Time to Peak    Mon:          12  Year:        2014  N:         159
 FAILED K-S -- Parm:Time to Peak    Mon:          12  Year:        2014  N:         159
 FAILED K-S -- Parm:Time to Peak    Mon:          12  Year:        2014  N:         159
*** ERROR *** Could not produce desired level of quality in
                    << Time to Peak    >> random deviates.
 FAILED K-S -- Parm:Time to Peak    Mon:          11  Year:        2015  N:         174
 FAILED K-S -- Parm:Time to Peak    Mon:          11  Year:        2015  N:         174
 FAILED K-S -- Parm:Time to Peak    Mon:          11  Year:        2015  N:         174
 FAILED K-S -- Parm:Time to Peak    Mon:          11  Year:        2015  N:         174
 FAILED K-S -- Parm:Time to Peak    Mon:          11  Year:        2015  N:         174
*** ERROR *** Could not produce desired level of quality in
                    << Time to Peak    >> random deviates.
 FAILED K-S -- Parm:Time to Peak    Mon:          12  Year:        2015  N:         168
 FAILED K-S -- Parm:Time to Peak    Mon:          12  Year:        2015  N:         168
 FAILED K-S -- Parm:Time to Peak    Mon:          12  Year:        2015  N:         168
 FAILED K-S -- Parm:Time to Peak    Mon:          12  Year:        2015  N:         168
 FAILED K-S -- Parm:Time to Peak    Mon:          12  Year:        2015  N:         168
*** ERROR *** Could not produce desired level of quality in
                    << Time to Peak    >> random deviates.
 FAILED K-S -- Parm:Time to Peak    Mon:          11  Year:        2016  N:         176
 FAILED K-S -- Parm:Time to Peak    Mon:          11  Year:        2016  N:         176
 FAILED K-S -- Parm:Time to Peak    Mon:          11  Year:        2016  N:         176
 FAILED K-S -- Parm:Time to Peak    Mon:          11  Year:        2016  N:         176
 FAILED K-S -- Parm:Time to Peak    Mon:          11  Year:        2016  N:         176
*** ERROR *** Could not produce desired level of quality in
                    << Time to Peak    >> random deviates.
 FAILED K-S -- Parm:Time to Peak    Mon:          12  Year:        2016  N:         173
 FAILED K-S -- Parm:Time to Peak    Mon:          12  Year:        2016  N:         173
At line 3013 of file cligen53.f (unit = 9, file = '0500000US20077.prn')
Fortran runtime error: Sequential READ or WRITE not allowed after EOF marker, possibly use REWIND or BACKSPACE
 FAILED K-S -- Parm:Time to Peak    Mon:          12  Year:        2016  N:         173
 FAILED K-S -- Parm:Time to Peak    Mon:          12  Year:        2016  N:         173
 FAILED K-S -- Parm:Time to Peak    Mon:          12  Year:        2016  N:         173
*** ERROR *** Could not produce desired level of quality in
                    << Time to Peak    >> random deviates.
 Tdew -10 rangecheck executed.
 FAILED K-S -- Parm:Time to Peak    Mon:          11  Year:        2017  N:         180
 FAILED K-S -- Parm:Time to Peak    Mon:          11  Year:        2017  N:         180
 FAILED K-S -- Parm:Time to Peak    Mon:          11  Year:        2017  N:         180
 FAILED K-S -- Parm:Time to Peak    Mon:          11  Year:        2017  N:         180
 FAILED K-S -- Parm:Time to Peak    Mon:          11  Year:        2017  N:         180
*** ERROR *** Could not produce desired level of quality in
                    << Time to Peak    >> random deviates.
 FAILED K-S -- Parm:Time to Peak    Mon:          12  Year:        2017  N:         174
 FAILED K-S -- Parm:Time to Peak    Mon:          12  Year:        2017  N:         174
 FAILED K-S -- Parm:Time to Peak    Mon:          12  Year:        2017  N:         174
 FAILED K-S -- Parm:Time to Peak    Mon:          12  Year:        2017  N:         174
 FAILED K-S -- Parm:Time to Peak    Mon:          12  Year:        2017  N:         174
*** ERROR *** Could not produce desired level of quality in
                    << Time to Peak    >> random deviates.
