

  ********************************************************************
  *                                                                  *
  *              USDA - WATER EROSION PREDICTION PROJECT             *
  *                 WEPP CLIMATE INPUT DATA GENERATOR                *
  *                                                                  *
  *                    CONTINUOUS SIMULATION AND                     *
  *                       SINGLE STORM OPTIONS                       *
  *                    with Command Line Options,                    *
  *                        and Corrections to                        *
  *                  Rainfall Intensity Calculations                 *
  *                   and Random Number Generation.                  *
  *                                                                  *
  *                          VERSION 5.30000                         *
  *                     Revised from VERSION 4.2                     *
  *                           October 2004                           *
  *                                                                  *
  *           (Use -h or /h to list command line options.)           *
  *                                                                  *
  ********************************************************************


 co055722.par                                                                                                                                                                                                                                                    
 0500000US08085.prn                                                                                                                                                                                                                                              
 Tdew -10 rangecheck executed.
 Tdew -10 rangecheck executed.
 Tdew -10 rangecheck executed.
 Failed SN SD test.
 Parm:Precip. Amt.    Month:          12  Year:        1981  Mlevel=   20.0000000      SDlevel=   52.4380493      Days:          12
 Failed SN SD test.
 Parm:Precip. Amt.    Month:          12  Year:        1981  Mlevel=   5.00000000      SDlevel=   54.5008774      Days:          12
 Failed SN SD test.
 Parm:Precip. Amt.    Month:          12  Year:        1981  Mlevel=   5.00000000      SDlevel=   61.5177155      Days:          12
 Failed SN SD test.
 Parm:Precip. Amt.    Month:          12  Year:        1981  Mlevel=   20.0000000      SDlevel=   53.2319679      Days:          12
 Failed SN SD test.
 Parm:Precip. Amt.    Month:          12  Year:        1981  Mlevel=   20.0000000      SDlevel=   54.8935471      Days:          12
*** ERROR *** Could not produce desired level of quality in
                    << Precip. Amt.    >> random deviates.
 Tdew -10 rangecheck executed.
 Tdew -10 rangecheck executed.
 Tdew -10 rangecheck executed.
 Tdew -10 rangecheck executed.
 Tdew -10 rangecheck executed.
 Tdew -10 rangecheck executed.
 Tdew -10 rangecheck executed.
 Tdew -10 rangecheck executed.
 Tdew -10 rangecheck executed.
 Tdew -10 rangecheck executed.
 Tdew -10 rangecheck executed.
 Tdew -10 rangecheck executed.
 Tdew -10 rangecheck executed.
 Tdew -10 rangecheck executed.
 Tdew -10 rangecheck executed.
 Tdew -10 rangecheck executed.
 Tdew -10 rangecheck executed.
 Tdew -10 rangecheck executed.
 Tdew -10 rangecheck executed.
 Tdew -10 rangecheck executed.
 Tdew -10 rangecheck executed.
 Tdew -10 rangecheck executed.
 Tdew -10 rangecheck executed.
 Tdew -10 rangecheck executed.
 Tdew -10 rangecheck executed.
 Tdew -10 rangecheck executed.
 Tdew -10 rangecheck executed.
 Tdew -10 rangecheck executed.
 Tdew -10 rangecheck executed.
 Tdew -10 rangecheck executed.
 Tdew -10 rangecheck executed.
 Tdew -10 rangecheck executed.
 Tdew -10 rangecheck executed.
 Tdew -10 rangecheck executed.
 Tdew -10 rangecheck executed.
 Tdew -10 rangecheck executed.
 Tdew -10 rangecheck executed.
 Tdew -10 rangecheck executed.
 Tdew -10 rangecheck executed.
 Tdew -10 rangecheck executed.
 Tdew -10 rangecheck executed.
 Tdew -10 rangecheck executed.
 Tdew -10 rangecheck executed.
 FAILED K-S -- Parm:Time to Peak    Mon:           4  Year:        1997  N:         104
 FAILED K-S -- Parm:Time to Peak    Mon:           4  Year:        1997  N:         104
 FAILED K-S -- Parm:Time to Peak    Mon:           4  Year:        1997  N:         104
 FAILED K-S -- Parm:Time to Peak    Mon:           4  Year:        1997  N:         104
 FAILED K-S -- Parm:Time to Peak    Mon:           4  Year:        1997  N:         104
*** ERROR *** Could not produce desired level of quality in
                    << Time to Peak    >> random deviates.
 Tdew -10 rangecheck executed.
 Tdew -10 rangecheck executed.
 Tdew -10 rangecheck executed.
 Tdew -10 rangecheck executed.
 Tdew -10 rangecheck executed.
 FAILED K-S -- Parm:Time to Peak    Mon:           4  Year:        1998  N:         107
 FAILED K-S -- Parm:Time to Peak    Mon:           4  Year:        1998  N:         107
 FAILED K-S -- Parm:Time to Peak    Mon:           4  Year:        1998  N:         107
 FAILED K-S -- Parm:Time to Peak    Mon:           4  Year:        1998  N:         107
 FAILED K-S -- Parm:Time to Peak    Mon:           4  Year:        1998  N:         107
*** ERROR *** Could not produce desired level of quality in
                    << Time to Peak    >> random deviates.
 FAILED K-S -- Parm:Precip. Amt.    Mon:          11  Year:        1998  N:         100
 FAILED K-S -- Parm:Precip. Amt.    Mon:          11  Year:        1998  N:         100
 FAILED K-S -- Parm:Precip. Amt.    Mon:          11  Year:        1998  N:         100
 FAILED K-S -- Parm:Precip. Amt.    Mon:          11  Year:        1998  N:         100
 FAILED K-S -- Parm:Precip. Amt.    Mon:          11  Year:        1998  N:         100
*** ERROR *** Could not produce desired level of quality in
                    << Precip. Amt.    >> random deviates.
 FAILED K-S -- Parm:Precip. Amt.    Mon:          11  Year:        1999  N:         107
 FAILED K-S -- Parm:Precip. Amt.    Mon:          11  Year:        1999  N:         107
 FAILED K-S -- Parm:Precip. Amt.    Mon:          11  Year:        1999  N:         107
 FAILED K-S -- Parm:Precip. Amt.    Mon:          11  Year:        1999  N:         107
 FAILED K-S -- Parm:Precip. Amt.    Mon:          11  Year:        1999  N:         107
*** ERROR *** Could not produce desired level of quality in
                    << Precip. Amt.    >> random deviates.
 FAILED K-S -- Parm:Time to Peak    Mon:          11  Year:        1999  N:         107
 Tdew -10 rangecheck executed.
 FAILED K-S -- Parm:Precip. Amt.    Mon:          11  Year:        2000  N:         115
 FAILED K-S -- Parm:Precip. Amt.    Mon:          11  Year:        2000  N:         115
 FAILED K-S -- Parm:Precip. Amt.    Mon:          11  Year:        2000  N:         115
 FAILED K-S -- Parm:Precip. Amt.    Mon:          11  Year:        2000  N:         115
 FAILED K-S -- Parm:Precip. Amt.    Mon:          11  Year:        2000  N:         115
*** ERROR *** Could not produce desired level of quality in
                    << Precip. Amt.    >> random deviates.
 Failed SN Mean test.
 Parm:Temp. Dew Pt.   Month:          11  Year:        2000  Mlevel=   60.0000000      SDlevel=   4.64938879      Days:         630
 FAILED K-S -- Parm:Time to Peak    Mon:          11  Year:        2000  N:         108
 Tdew -10 rangecheck executed.
 FAILED K-S -- Parm:Precip. Amt.    Mon:          11  Year:        2001  N:         121
 FAILED K-S -- Parm:Precip. Amt.    Mon:          11  Year:        2001  N:         121
 FAILED K-S -- Parm:Precip. Amt.    Mon:          11  Year:        2001  N:         121
 FAILED K-S -- Parm:Precip. Amt.    Mon:          11  Year:        2001  N:         121
 FAILED K-S -- Parm:Precip. Amt.    Mon:          11  Year:        2001  N:         121
*** ERROR *** Could not produce desired level of quality in
                    << Precip. Amt.    >> random deviates.
 Failed SN Mean test.
 Failed SN SD test.
 Parm:Temp. Dew Pt.   Month:          11  Year:        2001  Mlevel=   70.0000000      SDlevel=   63.2751007      Days:         660
At line 3013 of file cligen53.f (unit = 9, file = '0500000US08085.prn')
Fortran runtime error: Sequential READ or WRITE not allowed after EOF marker, possibly use REWIND or BACKSPACE
 Tdew -10 rangecheck executed.
 Tdew -10 rangecheck executed.
 Tdew -10 rangecheck executed.
 Tdew -10 rangecheck executed.
 Tdew -10 rangecheck executed.
 Tdew -10 rangecheck executed.
 Tdew -10 rangecheck executed.
 Tdew -10 rangecheck executed.
 Tdew -10 rangecheck executed.
 Tdew -10 rangecheck executed.
 Tdew -10 rangecheck executed.
 Tdew -10 rangecheck executed.
 Tdew -10 rangecheck executed.
 Tdew -10 rangecheck executed.
 Tdew -10 rangecheck executed.
 Tdew -10 rangecheck executed.
 Tdew -10 rangecheck executed.
 Tdew -10 rangecheck executed.
 Tdew -10 rangecheck executed.
 Tdew -10 rangecheck executed.
