

  ********************************************************************
  *                                                                  *
  *              USDA - WATER EROSION PREDICTION PROJECT             *
  *                 WEPP CLIMATE INPUT DATA GENERATOR                *
  *                                                                  *
  *                    CONTINUOUS SIMULATION AND                     *
  *                       SINGLE STORM OPTIONS                       *
  *                    with Command Line Options,                    *
  *                        and Corrections to                        *
  *                  Rainfall Intensity Calculations                 *
  *                   and Random Number Generation.                  *
  *                                                                  *
  *                          VERSION 5.30000                         *
  *                     Revised from VERSION 4.2                     *
  *                           October 2004                           *
  *                                                                  *
  *           (Use -h or /h to list command line options.)           *
  *                                                                  *
  ********************************************************************


 co051401.par                                                                                                                                                                                                                                                    
 0500000US08035.prn                                                                                                                                                                                                                                              
 Tdew -10 rangecheck executed.
 Tdew -10 rangecheck executed.
 Tdew -10 rangecheck executed.
 Tdew -10 rangecheck executed.
 Tdew -10 rangecheck executed.
 Tdew -10 rangecheck executed.
 Tdew -10 rangecheck executed.
 Tdew -10 rangecheck executed.
 Tdew -10 rangecheck executed.
 Tdew -10 rangecheck executed.
 Tdew -10 rangecheck executed.
 Tdew -10 rangecheck executed.
 Tdew -10 rangecheck executed.
 Tdew -10 rangecheck executed.
 Tdew -10 rangecheck executed.
 Tdew -10 rangecheck executed.
 Tdew -10 rangecheck executed.
 Tdew -10 rangecheck executed.
 Tdew -10 rangecheck executed.
 Tdew -10 rangecheck executed.
 Tdew -10 rangecheck executed.
 Tdew -10 rangecheck executed.
 Tdew -10 rangecheck executed.
 Tdew -10 rangecheck executed.
 Tdew -10 rangecheck executed.
 Tdew -10 rangecheck executed.
 Tdew -10 rangecheck executed.
 Tdew -10 rangecheck executed.
 Tdew -10 rangecheck executed.
 Tdew -10 rangecheck executed.
 Tdew -10 rangecheck executed.
 Tdew -10 rangecheck executed.
 Tdew -10 rangecheck executed.
 Tdew -10 rangecheck executed.
 Tdew -10 rangecheck executed.
 Tdew -10 rangecheck executed.
 Tdew -10 rangecheck executed.
 Tdew -10 rangecheck executed.
 Tdew -10 rangecheck executed.
 Tdew -10 rangecheck executed.
 Tdew -10 rangecheck executed.
 Tdew -10 rangecheck executed.
 Tdew -10 rangecheck executed.
 Tdew -10 rangecheck executed.
 Tdew -10 rangecheck executed.
 Tdew -10 rangecheck executed.
 Tdew -10 rangecheck executed.
 Tdew -10 rangecheck executed.
 Tdew -10 rangecheck executed.
 Tdew -10 rangecheck executed.
 Tdew -10 rangecheck executed.
 Tdew -10 rangecheck executed.
 Tdew -10 rangecheck executed.
 Tdew -10 rangecheck executed.
 Tdew -10 rangecheck executed.
 Tdew -10 rangecheck executed.
 Tdew -10 rangecheck executed.
 Tdew -10 rangecheck executed.
 Tdew -10 rangecheck executed.
 Tdew -10 rangecheck executed.
 Tdew -10 rangecheck executed.
 Tdew -10 rangecheck executed.
 Tdew -10 rangecheck executed.
 Tdew -10 rangecheck executed.
 Tdew -10 rangecheck executed.
 Tdew -10 rangecheck executed.
 Tdew -10 rangecheck executed.
 Tdew -10 rangecheck executed.
 Tdew -10 rangecheck executed.
 Tdew -10 rangecheck executed.
 Tdew -10 rangecheck executed.
 Tdew -10 rangecheck executed.
 Tdew -10 rangecheck executed.
 Tdew -10 rangecheck executed.
 Tdew -10 rangecheck executed.
 Tdew -10 rangecheck executed.
 Tdew -10 rangecheck executed.
 Tdew -10 rangecheck executed.
 Tdew -10 rangecheck executed.
 Tdew -10 rangecheck executed.
 Tdew -10 rangecheck executed.
 FAILED K-S -- Parm:Precip. Amt.    Mon:           3  Year:        2001  N:         101
 FAILED K-S -- Parm:Precip. Amt.    Mon:           3  Year:        2001  N:         101
 FAILED K-S -- Parm:Precip. Amt.    Mon:           3  Year:        2001  N:         101
 FAILED K-S -- Parm:Precip. Amt.    Mon:           3  Year:        2001  N:         101
 FAILED K-S -- Parm:Precip. Amt.    Mon:           3  Year:        2001  N:         101
*** ERROR *** Could not produce desired level of quality in
                    << Precip. Amt.    >> random deviates.
 FAILED K-S -- Parm:Temp. Dew Pt.   Mon:           3  Year:        2001  N:         682
 FAILED K-S -- Parm:Time to Peak    Mon:           3  Year:        2001  N:         101
 Tdew -10 rangecheck executed.
 FAILED K-S -- Parm:Precip. Amt.    Mon:           3  Year:        2002  N:         106
 FAILED K-S -- Parm:Precip. Amt.    Mon:           3  Year:        2002  N:         106
 FAILED K-S -- Parm:Precip. Amt.    Mon:           3  Year:        2002  N:         106
 FAILED K-S -- Parm:Precip. Amt.    Mon:           3  Year:        2002  N:         106
 FAILED K-S -- Parm:Precip. Amt.    Mon:           3  Year:        2002  N:         106
*** ERROR *** Could not produce desired level of quality in
                    << Precip. Amt.    >> random deviates.
 FAILED K-S -- Parm:Time to Peak    Mon:           3  Year:        2002  N:         104
 Tdew -10 rangecheck executed.
 Tdew -10 rangecheck executed.
 FAILED K-S -- Parm:Precip. Amt.    Mon:           3  Year:        2003  N:         107
 FAILED K-S -- Parm:Precip. Amt.    Mon:           3  Year:        2003  N:         107
 FAILED K-S -- Parm:Precip. Amt.    Mon:           3  Year:        2003  N:         107
 FAILED K-S -- Parm:Precip. Amt.    Mon:           3  Year:        2003  N:         107
 FAILED K-S -- Parm:Precip. Amt.    Mon:           3  Year:        2003  N:         107
*** ERROR *** Could not produce desired level of quality in
                    << Precip. Amt.    >> random deviates.
 FAILED K-S -- Parm:Time to Peak    Mon:           3  Year:        2003  N:         100
 Tdew -10 rangecheck executed.
 Tdew -10 rangecheck executed.
 FAILED K-S -- Parm:Time to Peak    Mon:           3  Year:        2004  N:         105
 FAILED K-S -- Parm:Time to Peak    Mon:           3  Year:        2004  N:         105
 FAILED K-S -- Parm:Time to Peak    Mon:           3  Year:        2004  N:         105
 FAILED K-S -- Parm:Time to Peak    Mon:           3  Year:        2004  N:         105
 FAILED K-S -- Parm:Time to Peak    Mon:           3  Year:        2004  N:         105
*** ERROR *** Could not produce desired level of quality in
                    << Time to Peak    >> random deviates.
 FAILED K-S -- Parm:Time to Peak    Mon:          10  Year:        2004  N:         100
 FAILED K-S -- Parm:Time to Peak    Mon:          10  Year:        2004  N:         100
 FAILED K-S -- Parm:Time to Peak    Mon:          10  Year:        2004  N:         100
 FAILED K-S -- Parm:Time to Peak    Mon:          10  Year:        2004  N:         100
 FAILED K-S -- Parm:Time to Peak    Mon:          10  Year:        2004  N:         100
*** ERROR *** Could not produce desired level of quality in
                    << Time to Peak    >> random deviates.
 Tdew -10 rangecheck executed.
 FAILED K-S -- Parm:Time to Peak    Mon:           3  Year:        2005  N:         114
 FAILED K-S -- Parm:Time to Peak    Mon:           3  Year:        2005  N:         114
 FAILED K-S -- Parm:Time to Peak    Mon:           3  Year:        2005  N:         114
 FAILED K-S -- Parm:Time to Peak    Mon:           3  Year:        2005  N:         114
 FAILED K-S -- Parm:Time to Peak    Mon:           3  Year:        2005  N:         114
*** ERROR *** Could not produce desired level of quality in
                    << Time to Peak    >> random deviates.
 FAILED K-S -- Parm:Time to Peak    Mon:          10  Year:        2005  N:         102
 FAILED K-S -- Parm:Time to Peak    Mon:          10  Year:        2005  N:         102
 FAILED K-S -- Parm:Time to Peak    Mon:          10  Year:        2005  N:         102
 FAILED K-S -- Parm:Time to Peak    Mon:          10  Year:        2005  N:         102
 FAILED K-S -- Parm:Time to Peak    Mon:          10  Year:        2005  N:         102
*** ERROR *** Could not produce desired level of quality in
                    << Time to Peak    >> random deviates.
 Tdew -10 rangecheck executed.
 Tdew -10 rangecheck executed.
 Tdew -10 rangecheck executed.
 FAILED K-S -- Parm:Time to Peak    Mon:           3  Year:        2006  N:         120
 FAILED K-S -- Parm:Time to Peak    Mon:           3  Year:        2006  N:         120
 FAILED K-S -- Parm:Time to Peak    Mon:           3  Year:        2006  N:         120
 FAILED K-S -- Parm:Time to Peak    Mon:           3  Year:        2006  N:         120
 FAILED K-S -- Parm:Time to Peak    Mon:           3  Year:        2006  N:         120
*** ERROR *** Could not produce desired level of quality in
                    << Time to Peak    >> random deviates.
 FAILED K-S -- Parm:Time to Peak    Mon:          10  Year:        2006  N:         105
 FAILED K-S -- Parm:Time to Peak    Mon:          10  Year:        2006  N:         105
 FAILED K-S -- Parm:Time to Peak    Mon:          10  Year:        2006  N:         105
 FAILED K-S -- Parm:Time to Peak    Mon:          10  Year:        2006  N:         105
 FAILED K-S -- Parm:Time to Peak    Mon:          10  Year:        2006  N:         105
*** ERROR *** Could not produce desired level of quality in
                    << Time to Peak    >> random deviates.
 Tdew -10 rangecheck executed.
 Tdew -10 rangecheck executed.
 Tdew -10 rangecheck executed.
 FAILED K-S -- Parm:Time to Peak    Mon:           3  Year:        2007  N:         124
 FAILED K-S -- Parm:Time to Peak    Mon:           3  Year:        2007  N:         124
 FAILED K-S -- Parm:Time to Peak    Mon:           3  Year:        2007  N:         124
 FAILED K-S -- Parm:Time to Peak    Mon:           3  Year:        2007  N:         124
 FAILED K-S -- Parm:Time to Peak    Mon:           3  Year:        2007  N:         124
*** ERROR *** Could not produce desired level of quality in
                    << Time to Peak    >> random deviates.
 FAILED K-S -- Parm:Time to Peak    Mon:           3  Year:        2008  N:         133
 FAILED K-S -- Parm:Time to Peak    Mon:           3  Year:        2008  N:         133
 FAILED K-S -- Parm:Time to Peak    Mon:           3  Year:        2008  N:         133
 FAILED K-S -- Parm:Time to Peak    Mon:           3  Year:        2008  N:         133
 FAILED K-S -- Parm:Time to Peak    Mon:           3  Year:        2008  N:         133
*** ERROR *** Could not produce desired level of quality in
                    << Time to Peak    >> random deviates.
 Tdew -10 rangecheck executed.
 FAILED K-S -- Parm:Time to Peak    Mon:           3  Year:        2009  N:         136
 FAILED K-S -- Parm:Time to Peak    Mon:           3  Year:        2009  N:         136
 FAILED K-S -- Parm:Time to Peak    Mon:           3  Year:        2009  N:         136
 FAILED K-S -- Parm:Time to Peak    Mon:           3  Year:        2009  N:         136
 FAILED K-S -- Parm:Time to Peak    Mon:           3  Year:        2009  N:         136
*** ERROR *** Could not produce desired level of quality in
                    << Time to Peak    >> random deviates.
 Tdew -10 rangecheck executed.
 Tdew -10 rangecheck executed.
 FAILED K-S -- Parm:Time to Peak    Mon:           3  Year:        2010  N:         139
 FAILED K-S -- Parm:Time to Peak    Mon:           3  Year:        2010  N:         139
 FAILED K-S -- Parm:Time to Peak    Mon:           3  Year:        2010  N:         139
 FAILED K-S -- Parm:Time to Peak    Mon:           3  Year:        2010  N:         139
 FAILED K-S -- Parm:Time to Peak    Mon:           3  Year:        2010  N:         139
*** ERROR *** Could not produce desired level of quality in
                    << Time to Peak    >> random deviates.
 Tdew -10 rangecheck executed.
 Tdew -10 rangecheck executed.
 Tdew -10 rangecheck executed.
 Tdew -10 rangecheck executed.
 Tdew -10 rangecheck executed.
 FAILED K-S -- Parm:Time to Peak    Mon:           3  Year:        2011  N:         150
 FAILED K-S -- Parm:Time to Peak    Mon:           3  Year:        2011  N:         150
 FAILED K-S -- Parm:Time to Peak    Mon:           3  Year:        2011  N:         150
 FAILED K-S -- Parm:Time to Peak    Mon:           3  Year:        2011  N:         150
 FAILED K-S -- Parm:Time to Peak    Mon:           3  Year:        2011  N:         150
*** ERROR *** Could not produce desired level of quality in
                    << Time to Peak    >> random deviates.
 FAILED K-S -- Parm:Time to Peak    Mon:           3  Year:        2012  N:         153
 FAILED K-S -- Parm:Time to Peak    Mon:           3  Year:        2012  N:         153
 FAILED K-S -- Parm:Time to Peak    Mon:           3  Year:        2012  N:         153
 FAILED K-S -- Parm:Time to Peak    Mon:           3  Year:        2012  N:         153
 FAILED K-S -- Parm:Time to Peak    Mon:           3  Year:        2012  N:         153
*** ERROR *** Could not produce desired level of quality in
                    << Time to Peak    >> random deviates.
 Tdew -10 rangecheck executed.
 Tdew -10 rangecheck executed.
 Tdew -10 rangecheck executed.
 FAILED K-S -- Parm:Time to Peak    Mon:           3  Year:        2013  N:         160
 FAILED K-S -- Parm:Time to Peak    Mon:           3  Year:        2013  N:         160
 FAILED K-S -- Parm:Time to Peak    Mon:           3  Year:        2013  N:         160
 FAILED K-S -- Parm:Time to Peak    Mon:           3  Year:        2013  N:         160
 FAILED K-S -- Parm:Time to Peak    Mon:           3  Year:        2013  N:         160
*** ERROR *** Could not produce desired level of quality in
                    << Time to Peak    >> random deviates.
 Tdew -10 rangecheck executed.
 Tdew -10 rangecheck executed.
 Tdew -10 rangecheck executed.
 Tdew -10 rangecheck executed.
 Tdew -10 rangecheck executed.
 Tdew -10 rangecheck executed.
 FAILED K-S -- Parm:Time to Peak    Mon:           3  Year:        2014  N:         162
 FAILED K-S -- Parm:Time to Peak    Mon:           3  Year:        2014  N:         162
 FAILED K-S -- Parm:Time to Peak    Mon:           3  Year:        2014  N:         162
 FAILED K-S -- Parm:Time to Peak    Mon:           3  Year:        2014  N:         162
 FAILED K-S -- Parm:Time to Peak    Mon:           3  Year:        2014  N:         162
*** ERROR *** Could not produce desired level of quality in
                    << Time to Peak    >> random deviates.
 Tdew -10 rangecheck executed.
 Tdew -10 rangecheck executed.
 Tdew -10 rangecheck executed.
 Tdew -10 rangecheck executed.
 Tdew -10 rangecheck executed.
 FAILED K-S -- Parm:Time to Peak    Mon:           3  Year:        2015  N:         168
 FAILED K-S -- Parm:Time to Peak    Mon:           3  Year:        2015  N:         168
 FAILED K-S -- Parm:Time to Peak    Mon:           3  Year:        2015  N:         168
 FAILED K-S -- Parm:Time to Peak    Mon:           3  Year:        2015  N:         168
 FAILED K-S -- Parm:Time to Peak    Mon:           3  Year:        2015  N:         168
*** ERROR *** Could not produce desired level of quality in
                    << Time to Peak    >> random deviates.
 FAILED K-S -- Parm:Time to Peak    Mon:           3  Year:        2016  N:         174
 FAILED K-S -- Parm:Time to Peak    Mon:           3  Year:        2016  N:         174
 FAILED K-S -- Parm:Time to Peak    Mon:           3  Year:        2016  N:         174
 FAILED K-S -- Parm:Time to Peak    Mon:           3  Year:        2016  N:         174
 FAILED K-S -- Parm:Time to Peak    Mon:           3  Year:        2016  N:         174
*** ERROR *** Could not produce desired level of quality in
                    << Time to Peak    >> random deviates.
 Tdew -10 rangecheck executed.
 Tdew -10 rangecheck executed.
At line 3013 of file cligen53.f (unit = 9, file = '0500000US08035.prn')
Fortran runtime error: Sequential READ or WRITE not allowed after EOF marker, possibly use REWIND or BACKSPACE
 FAILED K-S -- Parm:Time to Peak    Mon:           3  Year:        2017  N:         177
 FAILED K-S -- Parm:Time to Peak    Mon:           3  Year:        2017  N:         177
 FAILED K-S -- Parm:Time to Peak    Mon:           3  Year:        2017  N:         177
 FAILED K-S -- Parm:Time to Peak    Mon:           3  Year:        2017  N:         177
 FAILED K-S -- Parm:Time to Peak    Mon:           3  Year:        2017  N:         177
*** ERROR *** Could not produce desired level of quality in
                    << Time to Peak    >> random deviates.
