

  ********************************************************************
  *                                                                  *
  *              USDA - WATER EROSION PREDICTION PROJECT             *
  *                 WEPP CLIMATE INPUT DATA GENERATOR                *
  *                                                                  *
  *                    CONTINUOUS SIMULATION AND                     *
  *                       SINGLE STORM OPTIONS                       *
  *                    with Command Line Options,                    *
  *                        and Corrections to                        *
  *                  Rainfall Intensity Calculations                 *
  *                   and Random Number Generation.                  *
  *                                                                  *
  *                          VERSION 5.30000                         *
  *                     Revised from VERSION 4.2                     *
  *                           October 2004                           *
  *                                                                  *
  *           (Use -h or /h to list command line options.)           *
  *                                                                  *
  ********************************************************************


 mo231822.par                                                                                                                                                                                                                                                    
 0500000US29003.prn                                                                                                                                                                                                                                              
 Tdew -10 rangecheck executed.
 Tdew -10 rangecheck executed.
 Tdew -10 rangecheck executed.
 Tdew -10 rangecheck executed.
 Tdew -10 rangecheck executed.
 Tdew -10 rangecheck executed.
 Tdew -10 rangecheck executed.
 Tdew -10 rangecheck executed.
 Tdew -10 rangecheck executed.
 Tdew -10 rangecheck executed.
 Tdew -10 rangecheck executed.
 Tdew -10 rangecheck executed.
 Tdew -10 rangecheck executed.
 Tdew -10 rangecheck executed.
 Tdew -10 rangecheck executed.
 Tdew -10 rangecheck executed.
 Tdew -10 rangecheck executed.
 Tdew -10 rangecheck executed.
 Tdew -10 rangecheck executed.
 Tdew -10 rangecheck executed.
 Tdew -10 rangecheck executed.
 Tdew -10 rangecheck executed.
 Tdew -10 rangecheck executed.
 FAILED K-S -- Parm:Time to Peak    Mon:           7  Year:        1995  N:         102
 FAILED K-S -- Parm:Time to Peak    Mon:           7  Year:        1995  N:         102
 FAILED K-S -- Parm:Time to Peak    Mon:           7  Year:        1995  N:         102
 FAILED K-S -- Parm:Time to Peak    Mon:           7  Year:        1995  N:         102
 FAILED K-S -- Parm:Time to Peak    Mon:           7  Year:        1995  N:         102
*** ERROR *** Could not produce desired level of quality in
                    << Time to Peak    >> random deviates.
 Tdew -10 rangecheck executed.
 Tdew -10 rangecheck executed.
 Tdew -10 rangecheck executed.
 FAILED K-S -- Parm:Time to Peak    Mon:           7  Year:        1996  N:         106
 FAILED K-S -- Parm:Time to Peak    Mon:           7  Year:        1996  N:         106
 FAILED K-S -- Parm:Time to Peak    Mon:           7  Year:        1996  N:         106
 FAILED K-S -- Parm:Time to Peak    Mon:           7  Year:        1996  N:         106
 FAILED K-S -- Parm:Time to Peak    Mon:           7  Year:        1996  N:         106
*** ERROR *** Could not produce desired level of quality in
                    << Time to Peak    >> random deviates.
 FAILED K-S -- Parm:Time to Peak    Mon:           7  Year:        1997  N:         119
 FAILED K-S -- Parm:Time to Peak    Mon:           7  Year:        1997  N:         119
 FAILED K-S -- Parm:Time to Peak    Mon:           7  Year:        1997  N:         119
 FAILED K-S -- Parm:Time to Peak    Mon:           7  Year:        1997  N:         119
At line 3013 of file cligen53.f (unit = 9, file = '0500000US29003.prn')
Fortran runtime error: Sequential READ or WRITE not allowed after EOF marker, possibly use REWIND or BACKSPACE
 FAILED K-S -- Parm:Time to Peak    Mon:           7  Year:        1997  N:         119
*** ERROR *** Could not produce desired level of quality in
                    << Time to Peak    >> random deviates.
 Tdew -10 rangecheck executed.
 Tdew -10 rangecheck executed.
 FAILED K-S -- Parm:Time to Peak    Mon:          12  Year:        2002  N:         103
 FAILED K-S -- Parm:Time to Peak    Mon:          12  Year:        2002  N:         103
 FAILED K-S -- Parm:Time to Peak    Mon:          12  Year:        2002  N:         103
 FAILED K-S -- Parm:Time to Peak    Mon:          12  Year:        2002  N:         103
 FAILED K-S -- Parm:Time to Peak    Mon:          12  Year:        2002  N:         103
*** ERROR *** Could not produce desired level of quality in
                    << Time to Peak    >> random deviates.
 Tdew -10 rangecheck executed.
 FAILED K-S -- Parm:Time to Peak    Mon:          12  Year:        2003  N:         106
 FAILED K-S -- Parm:Time to Peak    Mon:          12  Year:        2003  N:         106
 FAILED K-S -- Parm:Time to Peak    Mon:          12  Year:        2003  N:         106
 FAILED K-S -- Parm:Time to Peak    Mon:          12  Year:        2003  N:         106
 FAILED K-S -- Parm:Time to Peak    Mon:          12  Year:        2003  N:         106
*** ERROR *** Could not produce desired level of quality in
                    << Time to Peak    >> random deviates.
 FAILED K-S -- Parm:Time to Peak    Mon:           2  Year:        2004  N:         101
 FAILED K-S -- Parm:Time to Peak    Mon:           2  Year:        2004  N:         101
 FAILED K-S -- Parm:Time to Peak    Mon:           2  Year:        2004  N:         101
 FAILED K-S -- Parm:Time to Peak    Mon:           2  Year:        2004  N:         101
 FAILED K-S -- Parm:Time to Peak    Mon:           2  Year:        2004  N:         101
*** ERROR *** Could not produce desired level of quality in
                    << Time to Peak    >> random deviates.
 FAILED K-S -- Parm:Time to Peak    Mon:          12  Year:        2004  N:         112
 FAILED K-S -- Parm:Time to Peak    Mon:          12  Year:        2004  N:         112
 FAILED K-S -- Parm:Time to Peak    Mon:          12  Year:        2004  N:         112
 FAILED K-S -- Parm:Time to Peak    Mon:          12  Year:        2004  N:         112
 FAILED K-S -- Parm:Time to Peak    Mon:          12  Year:        2004  N:         112
*** ERROR *** Could not produce desired level of quality in
                    << Time to Peak    >> random deviates.
 FAILED K-S -- Parm:Time to Peak    Mon:          12  Year:        2005  N:         118
 FAILED K-S -- Parm:Time to Peak    Mon:          12  Year:        2005  N:         118
 FAILED K-S -- Parm:Time to Peak    Mon:          12  Year:        2005  N:         118
 FAILED K-S -- Parm:Time to Peak    Mon:          12  Year:        2005  N:         118
 FAILED K-S -- Parm:Time to Peak    Mon:          12  Year:        2005  N:         118
*** ERROR *** Could not produce desired level of quality in
                    << Time to Peak    >> random deviates.
 Tdew -10 rangecheck executed.
 Tdew -10 rangecheck executed.
 Tdew -10 rangecheck executed.
 Tdew -10 rangecheck executed.
 Tdew -10 rangecheck executed.
 Tdew -10 rangecheck executed.
 Tdew -10 rangecheck executed.
