

  ********************************************************************
  *                                                                  *
  *              USDA - WATER EROSION PREDICTION PROJECT             *
  *                 WEPP CLIMATE INPUT DATA GENERATOR                *
  *                                                                  *
  *                    CONTINUOUS SIMULATION AND                     *
  *                       SINGLE STORM OPTIONS                       *
  *                    with Command Line Options,                    *
  *                        and Corrections to                        *
  *                  Rainfall Intensity Calculations                 *
  *                   and Random Number Generation.                  *
  *                                                                  *
  *                          VERSION 5.30000                         *
  *                     Revised from VERSION 4.2                     *
  *                           October 2004                           *
  *                                                                  *
  *           (Use -h or /h to list command line options.)           *
  *                                                                  *
  ********************************************************************


 ms221314.par                                                                                                                                                                                                                                                    
 0500000US28013.prn                                                                                                                                                                                                                                              
 Failed SN SD test.
 Parm:Precip. Amt.    Month:           7  Year:        1981  Mlevel=   20.0000000      SDlevel=   59.3970375      Days:           8
 Failed SN SD test.
 Parm:Precip. Amt.    Month:           7  Year:        1981  Mlevel=   20.0000000      SDlevel=   50.9888039      Days:           8
 Failed SN SD test.
 Parm:Precip. Amt.    Month:           7  Year:        1981  Mlevel=   1.00000000      SDlevel=   65.8460388      Days:           8
 Failed SN SD test.
 Parm:Precip. Amt.    Month:           7  Year:        1981  Mlevel=   10.0000000      SDlevel=   50.9941940      Days:           8
 Failed SN SD test.
 Parm:Precip. Amt.    Month:           7  Year:        1981  Mlevel=   10.0000000      SDlevel=   52.0984192      Days:           8
*** ERROR *** Could not produce desired level of quality in
                    << Precip. Amt.    >> random deviates.
 FAILED K-S -- Parm:Time to Peak    Mon:           2  Year:        1992  N:         102
 FAILED K-S -- Parm:Time to Peak    Mon:           2  Year:        1992  N:         102
 FAILED K-S -- Parm:Time to Peak    Mon:           2  Year:        1992  N:         102
 FAILED K-S -- Parm:Time to Peak    Mon:           2  Year:        1992  N:         102
 FAILED K-S -- Parm:Time to Peak    Mon:           2  Year:        1992  N:         102
*** ERROR *** Could not produce desired level of quality in
                    << Time to Peak    >> random deviates.
 FAILED K-S -- Parm:Time to Peak    Mon:           2  Year:        1993  N:         108
 FAILED K-S -- Parm:Time to Peak    Mon:           2  Year:        1993  N:         108
 FAILED K-S -- Parm:Time to Peak    Mon:           2  Year:        1993  N:         108
 FAILED K-S -- Parm:Time to Peak    Mon:           2  Year:        1993  N:         108
 FAILED K-S -- Parm:Time to Peak    Mon:           2  Year:        1993  N:         108
*** ERROR *** Could not produce desired level of quality in
                    << Time to Peak    >> random deviates.
 FAILED K-S -- Parm:Time to Peak    Mon:           2  Year:        1994  N:         111
 FAILED K-S -- Parm:Time to Peak    Mon:           2  Year:        1994  N:         111
 FAILED K-S -- Parm:Time to Peak    Mon:           2  Year:        1994  N:         111
At line 3013 of file cligen53.f (unit = 9, file = '0500000US28013.prn')
Fortran runtime error: Sequential READ or WRITE not allowed after EOF marker, possibly use REWIND or BACKSPACE
 FAILED K-S -- Parm:Time to Peak    Mon:           2  Year:        1994  N:         111
 FAILED K-S -- Parm:Time to Peak    Mon:           2  Year:        1994  N:         111
*** ERROR *** Could not produce desired level of quality in
                    << Time to Peak    >> random deviates.
 FAILED K-S -- Parm:Time to Peak    Mon:           2  Year:        1995  N:         117
 FAILED K-S -- Parm:Time to Peak    Mon:           2  Year:        1995  N:         117
 FAILED K-S -- Parm:Time to Peak    Mon:           2  Year:        1995  N:         117
 FAILED K-S -- Parm:Time to Peak    Mon:           2  Year:        1995  N:         117
 FAILED K-S -- Parm:Time to Peak    Mon:           2  Year:        1995  N:         117
*** ERROR *** Could not produce desired level of quality in
                    << Time to Peak    >> random deviates.
