

  ********************************************************************
  *                                                                  *
  *              USDA - WATER EROSION PREDICTION PROJECT             *
  *                 WEPP CLIMATE INPUT DATA GENERATOR                *
  *                                                                  *
  *                    CONTINUOUS SIMULATION AND                     *
  *                       SINGLE STORM OPTIONS                       *
  *                    with Command Line Options,                    *
  *                        and Corrections to                        *
  *                  Rainfall Intensity Calculations                 *
  *                   and Random Number Generation.                  *
  *                                                                  *
  *                          VERSION 5.30000                         *
  *                     Revised from VERSION 4.2                     *
  *                           October 2004                           *
  *                                                                  *
  *           (Use -h or /h to list command line options.)           *
  *                                                                  *
  ********************************************************************


 ga092485.par                                                                                                                                                                                                                                                    
 0500000US13223.prn                                                                                                                                                                                                                                              
 FAILED K-S -- Parm:Precip. Amt.    Mon:           3  Year:        1988  N:         100
 FAILED K-S -- Parm:Precip. Amt.    Mon:           3  Year:        1988  N:         100
 FAILED K-S -- Parm:Precip. Amt.    Mon:           3  Year:        1988  N:         100
 FAILED K-S -- Parm:Precip. Amt.    Mon:           3  Year:        1988  N:         100
 FAILED K-S -- Parm:Precip. Amt.    Mon:           3  Year:        1988  N:         100
*** ERROR *** Could not produce desired level of quality in
                    << Precip. Amt.    >> random deviates.
 FAILED K-S -- Parm:Precip. Amt.    Mon:           3  Year:        1989  N:         109
 FAILED K-S -- Parm:Precip. Amt.    Mon:           3  Year:        1989  N:         109
 FAILED K-S -- Parm:Precip. Amt.    Mon:           3  Year:        1989  N:         109
 FAILED K-S -- Parm:Precip. Amt.    Mon:           3  Year:        1989  N:         109
 FAILED K-S -- Parm:Precip. Amt.    Mon:           3  Year:        1989  N:         109
*** ERROR *** Could not produce desired level of quality in
                    << Precip. Amt.    >> random deviates.
 FAILED K-S -- Parm:Precip. Amt.    Mon:           3  Year:        1990  N:         117
 FAILED K-S -- Parm:Precip. Amt.    Mon:           3  Year:        1990  N:         117
 FAILED K-S -- Parm:Precip. Amt.    Mon:           3  Year:        1990  N:         117
 FAILED K-S -- Parm:Precip. Amt.    Mon:           3  Year:        1990  N:         117
 FAILED K-S -- Parm:Precip. Amt.    Mon:           3  Year:        1990  N:         117
*** ERROR *** Could not produce desired level of quality in
                    << Precip. Amt.    >> random deviates.
 FAILED K-S -- Parm:Precip. Amt.    Mon:           3  Year:        1991  N:         126
 FAILED K-S -- Parm:Precip. Amt.    Mon:           3  Year:        1991  N:         126
 FAILED K-S -- Parm:Precip. Amt.    Mon:           3  Year:        1991  N:         126
 FAILED K-S -- Parm:Precip. Amt.    Mon:           3  Year:        1991  N:         126
 FAILED K-S -- Parm:Precip. Amt.    Mon:           3  Year:        1991  N:         126
*** ERROR *** Could not produce desired level of quality in
                    << Precip. Amt.    >> random deviates.
 FAILED K-S -- Parm:Wind Vel.       Mon:           3  Year:        1991  N:         372
 FAILED K-S -- Parm:Precip. Amt.    Mon:           3  Year:        1992  N:         142
 FAILED K-S -- Parm:Precip. Amt.    Mon:           3  Year:        1992  N:         142
 FAILED K-S -- Parm:Precip. Amt.    Mon:           3  Year:        1992  N:         142
 FAILED K-S -- Parm:Precip. Amt.    Mon:           3  Year:        1992  N:         142
 FAILED K-S -- Parm:Precip. Amt.    Mon:           3  Year:        1992  N:         142
*** ERROR *** Could not produce desired level of quality in
                    << Precip. Amt.    >> random deviates.
 Failed SN SD test.
 Parm:Temp. Dew Pt.   Month:           3  Year:        1992  Mlevel=  0.500000000      SDlevel=   56.3370171      Days:         403
 FAILED K-S -- Parm:Time to Peak    Mon:           3  Year:        1992  N:         142
 FAILED K-S -- Parm:Precip. Amt.    Mon:           3  Year:        1993  N:         153
 FAILED K-S -- Parm:Precip. Amt.    Mon:           3  Year:        1993  N:         153
 FAILED K-S -- Parm:Precip. Amt.    Mon:           3  Year:        1993  N:         153
 FAILED K-S -- Parm:Precip. Amt.    Mon:           3  Year:        1993  N:         153
 FAILED K-S -- Parm:Precip. Amt.    Mon:           3  Year:        1993  N:         153
*** ERROR *** Could not produce desired level of quality in
                    << Precip. Amt.    >> random deviates.
 Failed SN SD test.
 Parm:Temp. Dew Pt.   Month:           3  Year:        1993  Mlevel=   30.0000000      SDlevel=   94.8707962      Days:         434
 FAILED K-S -- Parm:Precip. Amt.    Mon:           3  Year:        1994  N:         168
 FAILED K-S -- Parm:Precip. Amt.    Mon:           3  Year:        1994  N:         168
 FAILED K-S -- Parm:Precip. Amt.    Mon:           3  Year:        1994  N:         168
 FAILED K-S -- Parm:Precip. Amt.    Mon:           3  Year:        1994  N:         168
 FAILED K-S -- Parm:Precip. Amt.    Mon:           3  Year:        1994  N:         168
*** ERROR *** Could not produce desired level of quality in
                    << Precip. Amt.    >> random deviates.
 Failed SN SD test.
 Parm:Temp. Dew Pt.   Month:           3  Year:        1994  Mlevel=   10.0000000      SDlevel=   99.2554169      Days:         465
 FAILED K-S -- Parm:Precip. Amt.    Mon:           3  Year:        1995  N:         181
 FAILED K-S -- Parm:Precip. Amt.    Mon:           3  Year:        1995  N:         181
 FAILED K-S -- Parm:Precip. Amt.    Mon:           3  Year:        1995  N:         181
 FAILED K-S -- Parm:Precip. Amt.    Mon:           3  Year:        1995  N:         181
 FAILED K-S -- Parm:Precip. Amt.    Mon:           3  Year:        1995  N:         181
*** ERROR *** Could not produce desired level of quality in
                    << Precip. Amt.    >> random deviates.
 Failed SN SD test.
 Parm:Temp. Dew Pt.   Month:           3  Year:        1995  Mlevel=   20.0000000      SDlevel=   99.8875351      Days:         496
 FAILED K-S -- Parm:Precip. Amt.    Mon:           3  Year:        1996  N:         197
 FAILED K-S -- Parm:Precip. Amt.    Mon:           3  Year:        1996  N:         197
 FAILED K-S -- Parm:Precip. Amt.    Mon:           3  Year:        1996  N:         197
 FAILED K-S -- Parm:Precip. Amt.    Mon:           3  Year:        1996  N:         197
 FAILED K-S -- Parm:Precip. Amt.    Mon:           3  Year:        1996  N:         197
*** ERROR *** Could not produce desired level of quality in
                    << Precip. Amt.    >> random deviates.
 Failed SN SD test.
 Parm:Temp. Dew Pt.   Month:           3  Year:        1996  Mlevel=   20.0000000      SDlevel=   99.9996948      Days:         527
 FAILED K-S -- Parm:Precip. Amt.    Mon:           3  Year:        1997  N:         202
 FAILED K-S -- Parm:Precip. Amt.    Mon:           3  Year:        1997  N:         202
 FAILED K-S -- Parm:Precip. Amt.    Mon:           3  Year:        1997  N:         202
 FAILED K-S -- Parm:Precip. Amt.    Mon:           3  Year:        1997  N:         202
 FAILED K-S -- Parm:Precip. Amt.    Mon:           3  Year:        1997  N:         202
*** ERROR *** Could not produce desired level of quality in
                    << Precip. Amt.    >> random deviates.
 Failed SN SD test.
 Parm:Temp. Dew Pt.   Month:           3  Year:        1997  Mlevel=   20.0000000      SDlevel=   99.9999924      Days:         558
 FAILED K-S -- Parm:Precip. Amt.    Mon:           3  Year:        1998  N:         213
 FAILED K-S -- Parm:Precip. Amt.    Mon:           3  Year:        1998  N:         213
 FAILED K-S -- Parm:Precip. Amt.    Mon:           3  Year:        1998  N:         213
 FAILED K-S -- Parm:Precip. Amt.    Mon:           3  Year:        1998  N:         213
 FAILED K-S -- Parm:Precip. Amt.    Mon:           3  Year:        1998  N:         213
*** ERROR *** Could not produce desired level of quality in
                    << Precip. Amt.    >> random deviates.
 Failed SN SD test.
 Parm:Temp. Dew Pt.   Month:           3  Year:        1998  Mlevel=   30.0000000      SDlevel=   100.000000      Days:         589
 FAILED K-S -- Parm:Precip. Amt.    Mon:           3  Year:        1999  N:         219
 FAILED K-S -- Parm:Precip. Amt.    Mon:           3  Year:        1999  N:         219
 FAILED K-S -- Parm:Precip. Amt.    Mon:           3  Year:        1999  N:         219
 FAILED K-S -- Parm:Precip. Amt.    Mon:           3  Year:        1999  N:         219
 FAILED K-S -- Parm:Precip. Amt.    Mon:           3  Year:        1999  N:         219
*** ERROR *** Could not produce desired level of quality in
                    << Precip. Amt.    >> random deviates.
 Failed SN SD test.
 Parm:Temp. Dew Pt.   Month:           3  Year:        1999  Mlevel=   5.00000000      SDlevel=   100.000000      Days:         620
 FAILED K-S -- Parm:Precip. Amt.    Mon:           3  Year:        2000  N:         226
 FAILED K-S -- Parm:Precip. Amt.    Mon:           3  Year:        2000  N:         226
 FAILED K-S -- Parm:Precip. Amt.    Mon:           3  Year:        2000  N:         226
 FAILED K-S -- Parm:Precip. Amt.    Mon:           3  Year:        2000  N:         226
 FAILED K-S -- Parm:Precip. Amt.    Mon:           3  Year:        2000  N:         226
*** ERROR *** Could not produce desired level of quality in
                    << Precip. Amt.    >> random deviates.
 Failed SN SD test.
 Parm:Temp. Dew Pt.   Month:           3  Year:        2000  Mlevel=   10.0000000      SDlevel=   100.000000      Days:         651
 FAILED K-S -- Parm:Precip. Amt.    Mon:           3  Year:        2001  N:         232
 FAILED K-S -- Parm:Precip. Amt.    Mon:           3  Year:        2001  N:         232
 FAILED K-S -- Parm:Precip. Amt.    Mon:           3  Year:        2001  N:         232
 FAILED K-S -- Parm:Precip. Amt.    Mon:           3  Year:        2001  N:         232
 FAILED K-S -- Parm:Precip. Amt.    Mon:           3  Year:        2001  N:         232
*** ERROR *** Could not produce desired level of quality in
                    << Precip. Amt.    >> random deviates.
 Failed SN SD test.
 Parm:Temp. Dew Pt.   Month:           3  Year:        2001  Mlevel=   20.0000000      SDlevel=   100.000000      Days:         682
 FAILED K-S -- Parm:Precip. Amt.    Mon:           3  Year:        2002  N:         247
 FAILED K-S -- Parm:Precip. Amt.    Mon:           3  Year:        2002  N:         247
 FAILED K-S -- Parm:Precip. Amt.    Mon:           3  Year:        2002  N:         247
 FAILED K-S -- Parm:Precip. Amt.    Mon:           3  Year:        2002  N:         247
 FAILED K-S -- Parm:Precip. Amt.    Mon:           3  Year:        2002  N:         247
*** ERROR *** Could not produce desired level of quality in
                    << Precip. Amt.    >> random deviates.
 Failed SN SD test.
 Parm:Temp. Dew Pt.   Month:           3  Year:        2002  Mlevel=   20.0000000      SDlevel=   100.000000      Days:         713
 FAILED K-S -- Parm:Precip. Amt.    Mon:           3  Year:        2003  N:         264
 FAILED K-S -- Parm:Precip. Amt.    Mon:           3  Year:        2003  N:         264
 FAILED K-S -- Parm:Precip. Amt.    Mon:           3  Year:        2003  N:         264
 FAILED K-S -- Parm:Precip. Amt.    Mon:           3  Year:        2003  N:         264
 FAILED K-S -- Parm:Precip. Amt.    Mon:           3  Year:        2003  N:         264
*** ERROR *** Could not produce desired level of quality in
                    << Precip. Amt.    >> random deviates.
 Failed SN SD test.
 Parm:Temp. Dew Pt.   Month:           3  Year:        2003  Mlevel=   5.00000000      SDlevel=   100.000000      Days:         744
 FAILED K-S -- Parm:Precip. Amt.    Mon:           3  Year:        2004  N:         277
 FAILED K-S -- Parm:Precip. Amt.    Mon:           3  Year:        2004  N:         277
 FAILED K-S -- Parm:Precip. Amt.    Mon:           3  Year:        2004  N:         277
 FAILED K-S -- Parm:Precip. Amt.    Mon:           3  Year:        2004  N:         277
 FAILED K-S -- Parm:Precip. Amt.    Mon:           3  Year:        2004  N:         277
*** ERROR *** Could not produce desired level of quality in
                    << Precip. Amt.    >> random deviates.
 Failed SN SD test.
 Parm:Temp. Dew Pt.   Month:           3  Year:        2004  Mlevel=   5.00000000      SDlevel=   100.000000      Days:         775
 FAILED K-S -- Parm:Precip. Amt.    Mon:           3  Year:        2005  N:         294
 FAILED K-S -- Parm:Precip. Amt.    Mon:           3  Year:        2005  N:         294
 FAILED K-S -- Parm:Precip. Amt.    Mon:           3  Year:        2005  N:         294
 FAILED K-S -- Parm:Precip. Amt.    Mon:           3  Year:        2005  N:         294
 FAILED K-S -- Parm:Precip. Amt.    Mon:           3  Year:        2005  N:         294
*** ERROR *** Could not produce desired level of quality in
                    << Precip. Amt.    >> random deviates.
 Failed SN SD test.
 Parm:Temp. Dew Pt.   Month:           3  Year:        2005  Mlevel=   10.0000000      SDlevel=   100.000000      Days:         806
 FAILED K-S -- Parm:Precip. Amt.    Mon:           3  Year:        2006  N:         306
 FAILED K-S -- Parm:Precip. Amt.    Mon:           3  Year:        2006  N:         306
 FAILED K-S -- Parm:Precip. Amt.    Mon:           3  Year:        2006  N:         306
 FAILED K-S -- Parm:Precip. Amt.    Mon:           3  Year:        2006  N:         306
 FAILED K-S -- Parm:Precip. Amt.    Mon:           3  Year:        2006  N:         306
*** ERROR *** Could not produce desired level of quality in
                    << Precip. Amt.    >> random deviates.
 Failed SN SD test.
 Parm:Temp. Dew Pt.   Month:           3  Year:        2006  Mlevel=   1.00000000      SDlevel=   100.000000      Days:         837
 FAILED K-S -- Parm:Precip. Amt.    Mon:           3  Year:        2007  N:         314
 FAILED K-S -- Parm:Precip. Amt.    Mon:           3  Year:        2007  N:         314
 FAILED K-S -- Parm:Precip. Amt.    Mon:           3  Year:        2007  N:         314
 FAILED K-S -- Parm:Precip. Amt.    Mon:           3  Year:        2007  N:         314
 FAILED K-S -- Parm:Precip. Amt.    Mon:           3  Year:        2007  N:         314
*** ERROR *** Could not produce desired level of quality in
                    << Precip. Amt.    >> random deviates.
 Failed SN SD test.
 Parm:Temp. Dew Pt.   Month:           3  Year:        2007  Mlevel=   10.0000000      SDlevel=   100.000000      Days:         868
 FAILED K-S -- Parm:Precip. Amt.    Mon:           3  Year:        2008  N:         327
 FAILED K-S -- Parm:Precip. Amt.    Mon:           3  Year:        2008  N:         327
 FAILED K-S -- Parm:Precip. Amt.    Mon:           3  Year:        2008  N:         327
 FAILED K-S -- Parm:Precip. Amt.    Mon:           3  Year:        2008  N:         327
 FAILED K-S -- Parm:Precip. Amt.    Mon:           3  Year:        2008  N:         327
*** ERROR *** Could not produce desired level of quality in
                    << Precip. Amt.    >> random deviates.
 Failed SN SD test.
 Parm:Temp. Dew Pt.   Month:           3  Year:        2008  Mlevel=   30.0000000      SDlevel=   100.000000      Days:         899
 FAILED K-S -- Parm:Precip. Amt.    Mon:           3  Year:        2009  N:         334
 FAILED K-S -- Parm:Precip. Amt.    Mon:           3  Year:        2009  N:         334
 FAILED K-S -- Parm:Precip. Amt.    Mon:           3  Year:        2009  N:         334
 FAILED K-S -- Parm:Precip. Amt.    Mon:           3  Year:        2009  N:         334
 FAILED K-S -- Parm:Precip. Amt.    Mon:           3  Year:        2009  N:         334
*** ERROR *** Could not produce desired level of quality in
                    << Precip. Amt.    >> random deviates.
 Failed SN SD test.
 Parm:Temp. Dew Pt.   Month:           3  Year:        2009  Mlevel=   0.00000000      SDlevel=   100.000000      Days:         930
 FAILED K-S -- Parm:Precip. Amt.    Mon:           3  Year:        2010  N:         350
 FAILED K-S -- Parm:Precip. Amt.    Mon:           3  Year:        2010  N:         350
 FAILED K-S -- Parm:Precip. Amt.    Mon:           3  Year:        2010  N:         350
 FAILED K-S -- Parm:Precip. Amt.    Mon:           3  Year:        2010  N:         350
 FAILED K-S -- Parm:Precip. Amt.    Mon:           3  Year:        2010  N:         350
*** ERROR *** Could not produce desired level of quality in
                    << Precip. Amt.    >> random deviates.
 Failed SN SD test.
 Parm:Temp. Dew Pt.   Month:           3  Year:        2010  Mlevel=   20.0000000      SDlevel=   100.000000      Days:         961
 FAILED K-S -- Parm:Precip. Amt.    Mon:           3  Year:        2011  N:         365
 FAILED K-S -- Parm:Precip. Amt.    Mon:           3  Year:        2011  N:         365
 FAILED K-S -- Parm:Precip. Amt.    Mon:           3  Year:        2011  N:         365
 FAILED K-S -- Parm:Precip. Amt.    Mon:           3  Year:        2011  N:         365
 FAILED K-S -- Parm:Precip. Amt.    Mon:           3  Year:        2011  N:         365
*** ERROR *** Could not produce desired level of quality in
                    << Precip. Amt.    >> random deviates.
 Failed SN SD test.
 Parm:Temp. Dew Pt.   Month:           3  Year:        2011  Mlevel=   20.0000000      SDlevel=   100.000000      Days:         992
 FAILED K-S -- Parm:Precip. Amt.    Mon:           3  Year:        2012  N:         377
 FAILED K-S -- Parm:Precip. Amt.    Mon:           3  Year:        2012  N:         377
 FAILED K-S -- Parm:Precip. Amt.    Mon:           3  Year:        2012  N:         377
 FAILED K-S -- Parm:Precip. Amt.    Mon:           3  Year:        2012  N:         377
 FAILED K-S -- Parm:Precip. Amt.    Mon:           3  Year:        2012  N:         377
*** ERROR *** Could not produce desired level of quality in
                    << Precip. Amt.    >> random deviates.
 Failed SN SD test.
 Parm:Temp. Dew Pt.   Month:           3  Year:        2012  Mlevel=   1.00000000      SDlevel=   100.000000      Days:        1023
 FAILED K-S -- Parm:Precip. Amt.    Mon:           3  Year:        2013  N:         392
 FAILED K-S -- Parm:Precip. Amt.    Mon:           3  Year:        2013  N:         392
 FAILED K-S -- Parm:Precip. Amt.    Mon:           3  Year:        2013  N:         392
 FAILED K-S -- Parm:Precip. Amt.    Mon:           3  Year:        2013  N:         392
 FAILED K-S -- Parm:Precip. Amt.    Mon:           3  Year:        2013  N:         392
*** ERROR *** Could not produce desired level of quality in
                    << Precip. Amt.    >> random deviates.
 Failed SN SD test.
 Parm:Temp. Dew Pt.   Month:           3  Year:        2013  Mlevel=   5.00000000      SDlevel=   100.000000      Days:        1054
 FAILED K-S -- Parm:Precip. Amt.    Mon:           3  Year:        2014  N:         403
 FAILED K-S -- Parm:Precip. Amt.    Mon:           3  Year:        2014  N:         403
 FAILED K-S -- Parm:Precip. Amt.    Mon:           3  Year:        2014  N:         403
 FAILED K-S -- Parm:Precip. Amt.    Mon:           3  Year:        2014  N:         403
 FAILED K-S -- Parm:Precip. Amt.    Mon:           3  Year:        2014  N:         403
*** ERROR *** Could not produce desired level of quality in
                    << Precip. Amt.    >> random deviates.
 Failed SN SD test.
 Parm:Temp. Dew Pt.   Month:           3  Year:        2014  Mlevel=  0.500000000      SDlevel=   100.000000      Days:        1085
 FAILED K-S -- Parm:Precip. Amt.    Mon:           3  Year:        2015  N:         420
 FAILED K-S -- Parm:Precip. Amt.    Mon:           3  Year:        2015  N:         420
At line 3013 of file cligen53.f (unit = 9, file = '0500000US13223.prn')
Fortran runtime error: Sequential READ or WRITE not allowed after EOF marker, possibly use REWIND or BACKSPACE
 FAILED K-S -- Parm:Precip. Amt.    Mon:           3  Year:        2015  N:         420
 FAILED K-S -- Parm:Precip. Amt.    Mon:           3  Year:        2015  N:         420
 FAILED K-S -- Parm:Precip. Amt.    Mon:           3  Year:        2015  N:         420
*** ERROR *** Could not produce desired level of quality in
                    << Precip. Amt.    >> random deviates.
 Failed SN SD test.
 Parm:Temp. Dew Pt.   Month:           3  Year:        2015  Mlevel=   20.0000000      SDlevel=   100.000000      Days:        1116
 FAILED K-S -- Parm:Precip. Amt.    Mon:           3  Year:        2016  N:         432
 FAILED K-S -- Parm:Precip. Amt.    Mon:           3  Year:        2016  N:         432
 FAILED K-S -- Parm:Precip. Amt.    Mon:           3  Year:        2016  N:         432
 FAILED K-S -- Parm:Precip. Amt.    Mon:           3  Year:        2016  N:         432
 FAILED K-S -- Parm:Precip. Amt.    Mon:           3  Year:        2016  N:         432
*** ERROR *** Could not produce desired level of quality in
                    << Precip. Amt.    >> random deviates.
 Failed SN SD test.
 Parm:Temp. Dew Pt.   Month:           3  Year:        2016  Mlevel=   20.0000000      SDlevel=   100.000000      Days:        1147
 FAILED K-S -- Parm:Precip. Amt.    Mon:           3  Year:        2017  N:         441
 FAILED K-S -- Parm:Precip. Amt.    Mon:           3  Year:        2017  N:         441
 FAILED K-S -- Parm:Precip. Amt.    Mon:           3  Year:        2017  N:         441
 FAILED K-S -- Parm:Precip. Amt.    Mon:           3  Year:        2017  N:         441
 FAILED K-S -- Parm:Precip. Amt.    Mon:           3  Year:        2017  N:         441
*** ERROR *** Could not produce desired level of quality in
                    << Precip. Amt.    >> random deviates.
 Failed SN SD test.
 Parm:Temp. Dew Pt.   Month:           3  Year:        2017  Mlevel=   10.0000000      SDlevel=   100.000000      Days:        1178
