

  ********************************************************************
  *                                                                  *
  *              USDA - WATER EROSION PREDICTION PROJECT             *
  *                 WEPP CLIMATE INPUT DATA GENERATOR                *
  *                                                                  *
  *                    CONTINUOUS SIMULATION AND                     *
  *                       SINGLE STORM OPTIONS                       *
  *                    with Command Line Options,                    *
  *                        and Corrections to                        *
  *                  Rainfall Intensity Calculations                 *
  *                   and Random Number Generation.                  *
  *                                                                  *
  *                          VERSION 5.30000                         *
  *                     Revised from VERSION 4.2                     *
  *                           October 2004                           *
  *                                                                  *
  *           (Use -h or /h to list command line options.)           *
  *                                                                  *
  ********************************************************************


 ne250050.par                                                                                                                                                                                                                                                    
 0500000US31017.prn                                                                                                                                                                                                                                              
 Tdew -10 rangecheck executed.
 Tdew -10 rangecheck executed.
 Tdew -10 rangecheck executed.
 Tdew -10 rangecheck executed.
 Tdew -10 rangecheck executed.
 Tdew -10 rangecheck executed.
 Tdew -10 rangecheck executed.
 Tdew -10 rangecheck executed.
 Tdew -10 rangecheck executed.
 Tdew -10 rangecheck executed.
 Tdew -10 rangecheck executed.
 Tdew -10 rangecheck executed.
 Tdew -10 rangecheck executed.
 Tdew -10 rangecheck executed.
 Tdew -10 rangecheck executed.
 Tdew -10 rangecheck executed.
 Tdew -10 rangecheck executed.
 Tdew -10 rangecheck executed.
 Tdew -10 rangecheck executed.
 Tdew -10 rangecheck executed.
 Tdew -10 rangecheck executed.
 Tdew -10 rangecheck executed.
 Tdew -10 rangecheck executed.
 Tdew -10 rangecheck executed.
 Tdew -10 rangecheck executed.
 Tdew -10 rangecheck executed.
 Tdew -10 rangecheck executed.
 Tdew -10 rangecheck executed.
 Tdew -10 rangecheck executed.
 Tdew -10 rangecheck executed.
 Tdew -10 rangecheck executed.
 Tdew -10 rangecheck executed.
 Tdew -10 rangecheck executed.
 Tdew -10 rangecheck executed.
 Tdew -10 rangecheck executed.
 Tdew -10 rangecheck executed.
 Tdew -10 rangecheck executed.
 Tdew -10 rangecheck executed.
 Tdew -10 rangecheck executed.
 Tdew -10 rangecheck executed.
 Tdew -10 rangecheck executed.
 Tdew -10 rangecheck executed.
 Tdew -10 rangecheck executed.
 Tdew -10 rangecheck executed.
 Tdew -10 rangecheck executed.
 Tdew -10 rangecheck executed.
 Tdew -10 rangecheck executed.
 Tdew -10 rangecheck executed.
 Tdew -10 rangecheck executed.
 Tdew -10 rangecheck executed.
 Tdew -10 rangecheck executed.
 Tdew -10 rangecheck executed.
 Tdew -10 rangecheck executed.
 Tdew -10 rangecheck executed.
 Tdew -10 rangecheck executed.
 Tdew -10 rangecheck executed.
 Tdew -10 rangecheck executed.
 Tdew -10 rangecheck executed.
 Tdew -10 rangecheck executed.
 Tdew -10 rangecheck executed.
 Tdew -10 rangecheck executed.
 Tdew -10 rangecheck executed.
 Tdew -10 rangecheck executed.
 Tdew -10 rangecheck executed.
 Tdew -10 rangecheck executed.
 Tdew -10 rangecheck executed.
 Tdew -10 rangecheck executed.
 Tdew -10 rangecheck executed.
 Tdew -10 rangecheck executed.
 Tdew -10 rangecheck executed.
 Tdew -10 rangecheck executed.
 Tdew -10 rangecheck executed.
 Tdew -10 rangecheck executed.
 Tdew -10 rangecheck executed.
 Tdew -10 rangecheck executed.
 Tdew -10 rangecheck executed.
 Tdew -10 rangecheck executed.
 Tdew -10 rangecheck executed.
 Tdew -10 rangecheck executed.
 Tdew -10 rangecheck executed.
 Tdew -10 rangecheck executed.
 Tdew -10 rangecheck executed.
 Tdew -10 rangecheck executed.
 Tdew -10 rangecheck executed.
 Tdew -10 rangecheck executed.
 Tdew -10 rangecheck executed.
 FAILED K-S -- Parm:Precip. Amt.    Mon:           8  Year:        1990  N:         100
 FAILED K-S -- Parm:Precip. Amt.    Mon:           8  Year:        1990  N:         100
 FAILED K-S -- Parm:Precip. Amt.    Mon:           8  Year:        1990  N:         100
 FAILED K-S -- Parm:Precip. Amt.    Mon:           8  Year:        1990  N:         100
 FAILED K-S -- Parm:Precip. Amt.    Mon:           8  Year:        1990  N:         100
*** ERROR *** Could not produce desired level of quality in
                    << Precip. Amt.    >> random deviates.
 Tdew -10 rangecheck executed.
 Tdew -10 rangecheck executed.
 Tdew -10 rangecheck executed.
 Tdew -10 rangecheck executed.
 Tdew -10 rangecheck executed.
 Tdew -10 rangecheck executed.
 Tdew -10 rangecheck executed.
 Tdew -10 rangecheck executed.
 Tdew -10 rangecheck executed.
 FAILED K-S -- Parm:Precip. Amt.    Mon:           8  Year:        1991  N:         107
 FAILED K-S -- Parm:Precip. Amt.    Mon:           8  Year:        1991  N:         107
 FAILED K-S -- Parm:Precip. Amt.    Mon:           8  Year:        1991  N:         107
 FAILED K-S -- Parm:Precip. Amt.    Mon:           8  Year:        1991  N:         107
 FAILED K-S -- Parm:Precip. Amt.    Mon:           8  Year:        1991  N:         107
*** ERROR *** Could not produce desired level of quality in
                    << Precip. Amt.    >> random deviates.
 Failed SN Mean test.
 Parm:Temp. Dew Pt.   Month:           8  Year:        1991  Mlevel=   60.0000000      SDlevel=   13.6123543      Days:         372
 Tdew -10 rangecheck executed.
 Tdew -10 rangecheck executed.
 FAILED K-S -- Parm:Precip. Amt.    Mon:           8  Year:        1992  N:         116
 FAILED K-S -- Parm:Precip. Amt.    Mon:           8  Year:        1992  N:         116
 FAILED K-S -- Parm:Precip. Amt.    Mon:           8  Year:        1992  N:         116
 FAILED K-S -- Parm:Precip. Amt.    Mon:           8  Year:        1992  N:         116
 FAILED K-S -- Parm:Precip. Amt.    Mon:           8  Year:        1992  N:         116
*** ERROR *** Could not produce desired level of quality in
                    << Precip. Amt.    >> random deviates.
 Failed SN SD test.
 Parm:Temp. Dew Pt.   Month:           8  Year:        1992  Mlevel=   40.0000000      SDlevel=   75.3494949      Days:         403
 Tdew -10 rangecheck executed.
 Tdew -10 rangecheck executed.
 Tdew -10 rangecheck executed.
 Tdew -10 rangecheck executed.
 Tdew -10 rangecheck executed.
 Tdew -10 rangecheck executed.
 Tdew -10 rangecheck executed.
 Tdew -10 rangecheck executed.
 FAILED K-S -- Parm:Precip. Amt.    Mon:           8  Year:        1993  N:         124
 FAILED K-S -- Parm:Precip. Amt.    Mon:           8  Year:        1993  N:         124
 FAILED K-S -- Parm:Precip. Amt.    Mon:           8  Year:        1993  N:         124
 FAILED K-S -- Parm:Precip. Amt.    Mon:           8  Year:        1993  N:         124
 FAILED K-S -- Parm:Precip. Amt.    Mon:           8  Year:        1993  N:         124
*** ERROR *** Could not produce desired level of quality in
                    << Precip. Amt.    >> random deviates.
 Failed SN SD test.
 Parm:Temp. Dew Pt.   Month:           8  Year:        1993  Mlevel=   10.0000000      SDlevel=   98.3030777      Days:         434
 Tdew -10 rangecheck executed.
 Tdew -10 rangecheck executed.
 Tdew -10 rangecheck executed.
 Tdew -10 rangecheck executed.
 Tdew -10 rangecheck executed.
 Tdew -10 rangecheck executed.
 FAILED K-S -- Parm:Precip. Amt.    Mon:           8  Year:        1994  N:         132
 FAILED K-S -- Parm:Precip. Amt.    Mon:           8  Year:        1994  N:         132
 FAILED K-S -- Parm:Precip. Amt.    Mon:           8  Year:        1994  N:         132
 FAILED K-S -- Parm:Precip. Amt.    Mon:           8  Year:        1994  N:         132
 FAILED K-S -- Parm:Precip. Amt.    Mon:           8  Year:        1994  N:         132
*** ERROR *** Could not produce desired level of quality in
                    << Precip. Amt.    >> random deviates.
 Failed SN SD test.
 Parm:Temp. Dew Pt.   Month:           8  Year:        1994  Mlevel=   40.0000000      SDlevel=   99.9345169      Days:         465
 Tdew -10 rangecheck executed.
 Tdew -10 rangecheck executed.
 FAILED K-S -- Parm:Precip. Amt.    Mon:           8  Year:        1995  N:         149
 FAILED K-S -- Parm:Precip. Amt.    Mon:           8  Year:        1995  N:         149
 FAILED K-S -- Parm:Precip. Amt.    Mon:           8  Year:        1995  N:         149
 FAILED K-S -- Parm:Precip. Amt.    Mon:           8  Year:        1995  N:         149
 FAILED K-S -- Parm:Precip. Amt.    Mon:           8  Year:        1995  N:         149
*** ERROR *** Could not produce desired level of quality in
                    << Precip. Amt.    >> random deviates.
 FAILED K-S -- Parm:Wind Vel.       Mon:           8  Year:        1995  N:         496
 Failed SN SD test.
 Parm:Temp. Dew Pt.   Month:           8  Year:        1995  Mlevel=   5.00000000      SDlevel=   99.9985123      Days:         496
 Tdew -10 rangecheck executed.
 Tdew -10 rangecheck executed.
 Tdew -10 rangecheck executed.
 Tdew -10 rangecheck executed.
 Tdew -10 rangecheck executed.
 Tdew -10 rangecheck executed.
 Tdew -10 rangecheck executed.
 Tdew -10 rangecheck executed.
 Tdew -10 rangecheck executed.
 Tdew -10 rangecheck executed.
 Tdew -10 rangecheck executed.
 Tdew -10 rangecheck executed.
 Tdew -10 rangecheck executed.
 FAILED K-S -- Parm:Precip. Amt.    Mon:           8  Year:        1996  N:         161
 FAILED K-S -- Parm:Precip. Amt.    Mon:           8  Year:        1996  N:         161
 FAILED K-S -- Parm:Precip. Amt.    Mon:           8  Year:        1996  N:         161
 FAILED K-S -- Parm:Precip. Amt.    Mon:           8  Year:        1996  N:         161
 FAILED K-S -- Parm:Precip. Amt.    Mon:           8  Year:        1996  N:         161
*** ERROR *** Could not produce desired level of quality in
                    << Precip. Amt.    >> random deviates.
 Failed SN SD test.
 Parm:Temp. Dew Pt.   Month:           8  Year:        1996  Mlevel=   5.00000000      SDlevel=   99.9999847      Days:         527
 Tdew -10 rangecheck executed.
 Tdew -10 rangecheck executed.
 Tdew -10 rangecheck executed.
 Tdew -10 rangecheck executed.
 Tdew -10 rangecheck executed.
 Tdew -10 rangecheck executed.
 Tdew -10 rangecheck executed.
 Tdew -10 rangecheck executed.
 Tdew -10 rangecheck executed.
 Tdew -10 rangecheck executed.
 Tdew -10 rangecheck executed.
 FAILED K-S -- Parm:Precip. Amt.    Mon:           8  Year:        1997  N:         170
 FAILED K-S -- Parm:Precip. Amt.    Mon:           8  Year:        1997  N:         170
 FAILED K-S -- Parm:Precip. Amt.    Mon:           8  Year:        1997  N:         170
 FAILED K-S -- Parm:Precip. Amt.    Mon:           8  Year:        1997  N:         170
 FAILED K-S -- Parm:Precip. Amt.    Mon:           8  Year:        1997  N:         170
*** ERROR *** Could not produce desired level of quality in
                    << Precip. Amt.    >> random deviates.
 Failed SN SD test.
 Parm:Temp. Dew Pt.   Month:           8  Year:        1997  Mlevel=   30.0000000      SDlevel=   100.000000      Days:         558
 Tdew -10 rangecheck executed.
 Failed SN SD test.
 Parm:Temp. Dew Pt.   Month:           8  Year:        1998  Mlevel=   20.0000000      SDlevel=   100.000000      Days:         589
 Failed SN SD test.
 Parm:Temp. Dew Pt.   Month:           8  Year:        1998  Mlevel=   30.0000000      SDlevel=   100.000000      Days:         589
 Failed SN SD test.
 Parm:Temp. Dew Pt.   Month:           8  Year:        1998  Mlevel=   40.0000000      SDlevel=   100.000000      Days:         589
 Failed SN SD test.
 Parm:Temp. Dew Pt.   Month:           8  Year:        1998  Mlevel=   20.0000000      SDlevel=   100.000000      Days:         589
 Failed SN Mean test.
 Failed SN SD test.
 Parm:Temp. Dew Pt.   Month:           8  Year:        1998  Mlevel=   60.0000000      SDlevel=   100.000000      Days:         589
*** ERROR *** Could not produce desired level of quality in
                    << Temp. Dew Pt.   >> random deviates.
 Tdew -10 rangecheck executed.
 Tdew -10 rangecheck executed.
 Failed SN SD test.
 Parm:Temp. Dew Pt.   Month:           8  Year:        1999  Mlevel=   50.0000000      SDlevel=   100.000000      Days:         620
 Failed SN Mean test.
 Failed SN SD test.
 Parm:Temp. Dew Pt.   Month:           8  Year:        1999  Mlevel=   60.0000000      SDlevel=   100.000000      Days:         620
 Failed SN SD test.
 Parm:Temp. Dew Pt.   Month:           8  Year:        1999  Mlevel=   30.0000000      SDlevel=   100.000000      Days:         620
 Failed SN Mean test.
 Failed SN SD test.
 Parm:Temp. Dew Pt.   Month:           8  Year:        1999  Mlevel=   60.0000000      SDlevel=   100.000000      Days:         620
 Failed SN Mean test.
 Failed SN SD test.
 Parm:Temp. Dew Pt.   Month:           8  Year:        1999  Mlevel=   70.0000000      SDlevel=   100.000000      Days:         620
*** ERROR *** Could not produce desired level of quality in
                    << Temp. Dew Pt.   >> random deviates.
 Failed SN Mean test.
 Failed SN SD test.
 Parm:Temp. Dew Pt.   Month:           8  Year:        2000  Mlevel=   60.0000000      SDlevel=   100.000000      Days:         651
 FAILED K-S -- Parm:Temp. Dew Pt.   Mon:           8  Year:        2000  N:         434
 Failed SN Mean test.
 Failed SN SD test.
 Parm:Temp. Dew Pt.   Month:           8  Year:        2000  Mlevel=   60.0000000      SDlevel=   100.000000      Days:         651
 FAILED K-S -- Parm:Temp. Dew Pt.   Mon:           8  Year:        2000  N:         434
 Failed SN Mean test.
 Failed SN SD test.
 Parm:Temp. Dew Pt.   Month:           8  Year:        2000  Mlevel=   60.0000000      SDlevel=   100.000000      Days:         651
 Failed SN Mean test.
 Failed SN SD test.
 Parm:Temp. Dew Pt.   Month:           8  Year:        2000  Mlevel=   70.0000000      SDlevel=   100.000000      Days:         651
 Failed SN Mean test.
 Failed SN SD test.
 Parm:Temp. Dew Pt.   Month:           8  Year:        2000  Mlevel=   60.0000000      SDlevel=   100.000000      Days:         651
*** ERROR *** Could not produce desired level of quality in
                    << Temp. Dew Pt.   >> random deviates.
 Tdew -10 rangecheck executed.
 Tdew -10 rangecheck executed.
 Tdew -10 rangecheck executed.
 Failed SN Mean test.
 Failed SN SD test.
 Parm:Temp. Dew Pt.   Month:           8  Year:        2001  Mlevel=   70.0000000      SDlevel=   99.9999847      Days:         682
 Failed SN SD test.
 Parm:Temp. Dew Pt.   Month:           8  Year:        2001  Mlevel=   40.0000000      SDlevel=   100.000000      Days:         682
 Failed SN SD test.
 Parm:Temp. Dew Pt.   Month:           8  Year:        2001  Mlevel=   40.0000000      SDlevel=   99.9998856      Days:         682
 Failed SN SD test.
 Parm:Temp. Dew Pt.   Month:           8  Year:        2001  Mlevel=   30.0000000      SDlevel=   100.000000      Days:         682
 Failed SN SD test.
 Parm:Temp. Dew Pt.   Month:           8  Year:        2001  Mlevel=   50.0000000      SDlevel=   99.9999847      Days:         682
*** ERROR *** Could not produce desired level of quality in
                    << Temp. Dew Pt.   >> random deviates.
 Tdew -10 rangecheck executed.
 Tdew -10 rangecheck executed.
 Tdew -10 rangecheck executed.
 Failed SN SD test.
 Parm:Temp. Dew Pt.   Month:           8  Year:        2002  Mlevel=   30.0000000      SDlevel=   99.9999924      Days:         713
 Failed SN SD test.
 Parm:Temp. Dew Pt.   Month:           8  Year:        2002  Mlevel=   50.0000000      SDlevel=   99.9999313      Days:         713
 FAILED K-S -- Parm:Temp. Dew Pt.   Mon:           8  Year:        2002  N:         496
 Failed SN SD test.
 Parm:Temp. Dew Pt.   Month:           8  Year:        2002  Mlevel=   50.0000000      SDlevel=   99.9999313      Days:         713
 Failed SN SD test.
 Parm:Temp. Dew Pt.   Month:           8  Year:        2002  Mlevel=   50.0000000      SDlevel=   99.9999924      Days:         713
 Failed SN SD test.
 Parm:Temp. Dew Pt.   Month:           8  Year:        2002  Mlevel=   40.0000000      SDlevel=   99.9999542      Days:         713
*** ERROR *** Could not produce desired level of quality in
                    << Temp. Dew Pt.   >> random deviates.
 Tdew -10 rangecheck executed.
 Tdew -10 rangecheck executed.
 Tdew -10 rangecheck executed.
 Failed SN SD test.
 Parm:Temp. Dew Pt.   Month:           8  Year:        2003  Mlevel=   30.0000000      SDlevel=   99.9998169      Days:         744
 Failed SN SD test.
 Parm:Temp. Dew Pt.   Month:           8  Year:        2003  Mlevel=   10.0000000      SDlevel=   99.9999313      Days:         744
 Failed SN SD test.
 Parm:Temp. Dew Pt.   Month:           8  Year:        2003  Mlevel=   40.0000000      SDlevel=   99.9999847      Days:         744
 Failed SN SD test.
 Parm:Temp. Dew Pt.   Month:           8  Year:        2003  Mlevel=   50.0000000      SDlevel=   99.9997406      Days:         744
 Failed SN SD test.
 Parm:Temp. Dew Pt.   Month:           8  Year:        2003  Mlevel=   40.0000000      SDlevel=   99.9999084      Days:         744
*** ERROR *** Could not produce desired level of quality in
                    << Temp. Dew Pt.   >> random deviates.
 Tdew -10 rangecheck executed.
 Tdew -10 rangecheck executed.
 Failed SN SD test.
 Parm:Temp. Dew Pt.   Month:           8  Year:        2004  Mlevel=   50.0000000      SDlevel=   99.9998474      Days:         775
 Failed SN SD test.
 Parm:Temp. Dew Pt.   Month:           8  Year:        2004  Mlevel=   30.0000000      SDlevel=   99.9999466      Days:         775
 Failed SN SD test.
 Parm:Temp. Dew Pt.   Month:           8  Year:        2004  Mlevel=   30.0000000      SDlevel=   99.9999695      Days:         775
 FAILED K-S -- Parm:Temp. Dew Pt.   Mon:           8  Year:        2004  N:         558
 Failed SN SD test.
 Parm:Temp. Dew Pt.   Month:           8  Year:        2004  Mlevel=   30.0000000      SDlevel=   99.9999695      Days:         775
 Failed SN Mean test.
 Failed SN SD test.
 Parm:Temp. Dew Pt.   Month:           8  Year:        2004  Mlevel=   60.0000000      SDlevel=   99.9998627      Days:         775
*** ERROR *** Could not produce desired level of quality in
                    << Temp. Dew Pt.   >> random deviates.
 Tdew -10 rangecheck executed.
 Tdew -10 rangecheck executed.
 Tdew -10 rangecheck executed.
 Tdew -10 rangecheck executed.
 Tdew -10 rangecheck executed.
 Tdew -10 rangecheck executed.
 Failed SN SD test.
 Parm:Temp. Dew Pt.   Month:           8  Year:        2005  Mlevel=   30.0000000      SDlevel=   99.9993134      Days:         806
 FAILED K-S -- Parm:Temp. Dew Pt.   Mon:           8  Year:        2005  N:         589
 Failed SN SD test.
 Parm:Temp. Dew Pt.   Month:           8  Year:        2005  Mlevel=   30.0000000      SDlevel=   99.9993134      Days:         806
 Failed SN SD test.
 Parm:Temp. Dew Pt.   Month:           8  Year:        2005  Mlevel=   30.0000000      SDlevel=   99.9999619      Days:         806
 FAILED K-S -- Parm:Temp. Dew Pt.   Mon:           8  Year:        2005  N:         589
 Failed SN SD test.
 Parm:Temp. Dew Pt.   Month:           8  Year:        2005  Mlevel=   30.0000000      SDlevel=   99.9999619      Days:         806
 Failed SN Mean test.
 Failed SN SD test.
 Parm:Temp. Dew Pt.   Month:           8  Year:        2005  Mlevel=   60.0000000      SDlevel=   99.9999161      Days:         806
*** ERROR *** Could not produce desired level of quality in
                    << Temp. Dew Pt.   >> random deviates.
 Tdew -10 rangecheck executed.
 Tdew -10 rangecheck executed.
 Tdew -10 rangecheck executed.
 Tdew -10 rangecheck executed.
 Tdew -10 rangecheck executed.
 Failed SN Mean test.
 Failed SN SD test.
 Parm:Temp. Dew Pt.   Month:           8  Year:        2006  Mlevel=   70.0000000      SDlevel=   99.9999619      Days:         837
 FAILED K-S -- Parm:Temp. Dew Pt.   Mon:           8  Year:        2006  N:         620
 Failed SN Mean test.
 Failed SN SD test.
 Parm:Temp. Dew Pt.   Month:           8  Year:        2006  Mlevel=   70.0000000      SDlevel=   99.9999619      Days:         837
 Failed SN Mean test.
 Failed SN SD test.
 Parm:Temp. Dew Pt.   Month:           8  Year:        2006  Mlevel=   60.0000000      SDlevel=   99.9997482      Days:         837
 Failed SN SD test.
 Parm:Temp. Dew Pt.   Month:           8  Year:        2006  Mlevel=   40.0000000      SDlevel=   99.9999161      Days:         837
 Failed SN Mean test.
 Failed SN SD test.
 Parm:Temp. Dew Pt.   Month:           8  Year:        2006  Mlevel=   60.0000000      SDlevel=   99.9999542      Days:         837
*** ERROR *** Could not produce desired level of quality in
                    << Temp. Dew Pt.   >> random deviates.
 Tdew -10 rangecheck executed.
 Tdew -10 rangecheck executed.
 Tdew -10 rangecheck executed.
 Tdew -10 rangecheck executed.
 Failed SN SD test.
 Parm:Temp. Dew Pt.   Month:           8  Year:        2007  Mlevel=   50.0000000      SDlevel=   99.9999771      Days:         868
 Failed SN SD test.
 Parm:Temp. Dew Pt.   Month:           8  Year:        2007  Mlevel=   50.0000000      SDlevel=   99.9999542      Days:         868
 Failed SN Mean test.
 Failed SN SD test.
 Parm:Temp. Dew Pt.   Month:           8  Year:        2007  Mlevel=   80.0000000      SDlevel=   99.9992218      Days:         868
 Failed SN Mean test.
 Failed SN SD test.
 Parm:Temp. Dew Pt.   Month:           8  Year:        2007  Mlevel=   70.0000000      SDlevel=   99.9999542      Days:         868
 Failed SN SD test.
 Parm:Temp. Dew Pt.   Month:           8  Year:        2007  Mlevel=   50.0000000      SDlevel=   99.9999771      Days:         868
*** ERROR *** Could not produce desired level of quality in
                    << Temp. Dew Pt.   >> random deviates.
 Tdew -10 rangecheck executed.
 Tdew -10 rangecheck executed.
 Tdew -10 rangecheck executed.
 Failed SN SD test.
 Parm:Temp. Dew Pt.   Month:           8  Year:        2008  Mlevel=   50.0000000      SDlevel=   99.9999161      Days:         899
 Failed SN SD test.
 Parm:Temp. Dew Pt.   Month:           8  Year:        2008  Mlevel=   50.0000000      SDlevel=   99.9999466      Days:         899
 Failed SN Mean test.
 Failed SN SD test.
 Parm:Temp. Dew Pt.   Month:           8  Year:        2008  Mlevel=   60.0000000      SDlevel=   99.9999619      Days:         899
 Failed SN SD test.
 Parm:Temp. Dew Pt.   Month:           8  Year:        2008  Mlevel=   50.0000000      SDlevel=   99.9997101      Days:         899
 Failed SN Mean test.
 Failed SN SD test.
 Parm:Temp. Dew Pt.   Month:           8  Year:        2008  Mlevel=   70.0000000      SDlevel=   99.9999924      Days:         899
*** ERROR *** Could not produce desired level of quality in
                    << Temp. Dew Pt.   >> random deviates.
 Tdew -10 rangecheck executed.
 Tdew -10 rangecheck executed.
 Tdew -10 rangecheck executed.
 Tdew -10 rangecheck executed.
 Tdew -10 rangecheck executed.
 Failed SN Mean test.
 Failed SN SD test.
 Parm:Temp. Dew Pt.   Month:           8  Year:        2009  Mlevel=   70.0000000      SDlevel=   99.9999771      Days:         930
 Failed SN Mean test.
 Failed SN SD test.
 Parm:Temp. Dew Pt.   Month:           8  Year:        2009  Mlevel=   80.0000000      SDlevel=   99.9999466      Days:         930
 Failed SN Mean test.
 Failed SN SD test.
 Parm:Temp. Dew Pt.   Month:           8  Year:        2009  Mlevel=   60.0000000      SDlevel=   100.000000      Days:         930
 Failed SN Mean test.
 Failed SN SD test.
 Parm:Temp. Dew Pt.   Month:           8  Year:        2009  Mlevel=   70.0000000      SDlevel=   99.9999847      Days:         930
 Failed SN Mean test.
 Failed SN SD test.
 Parm:Temp. Dew Pt.   Month:           8  Year:        2009  Mlevel=   70.0000000      SDlevel=   99.9999924      Days:         930
*** ERROR *** Could not produce desired level of quality in
                    << Temp. Dew Pt.   >> random deviates.
 Tdew -10 rangecheck executed.
 Tdew -10 rangecheck executed.
 Tdew -10 rangecheck executed.
 Failed SN Mean test.
 Failed SN SD test.
 Parm:Temp. Dew Pt.   Month:           8  Year:        2010  Mlevel=   70.0000000      SDlevel=   99.9999695      Days:         961
 Failed SN Mean test.
 Failed SN SD test.
 Parm:Temp. Dew Pt.   Month:           8  Year:        2010  Mlevel=   70.0000000      SDlevel=   99.9999619      Days:         961
 Failed SN Mean test.
 Failed SN SD test.
 Parm:Temp. Dew Pt.   Month:           8  Year:        2010  Mlevel=   70.0000000      SDlevel=   99.9999390      Days:         961
 Failed SN Mean test.
 Failed SN SD test.
 Parm:Temp. Dew Pt.   Month:           8  Year:        2010  Mlevel=   70.0000000      SDlevel=   99.9999924      Days:         961
 Failed SN Mean test.
 Failed SN SD test.
 Parm:Temp. Dew Pt.   Month:           8  Year:        2010  Mlevel=   70.0000000      SDlevel=   99.9999619      Days:         961
*** ERROR *** Could not produce desired level of quality in
                    << Temp. Dew Pt.   >> random deviates.
 Tdew -10 rangecheck executed.
 Tdew -10 rangecheck executed.
 Tdew -10 rangecheck executed.
 Tdew -10 rangecheck executed.
 FAILED K-S -- Parm:Temp. Dew Pt.   Mon:           8  Year:        2011  N:         775
 Failed SN SD test.
 Parm:Temp. Dew Pt.   Month:           8  Year:        2011  Mlevel=   50.0000000      SDlevel=   99.9999695      Days:         992
 Failed SN Mean test.
 Failed SN SD test.
 Parm:Temp. Dew Pt.   Month:           8  Year:        2011  Mlevel=   70.0000000      SDlevel=   99.9999466      Days:         992
 Failed SN Mean test.
 Failed SN SD test.
 Parm:Temp. Dew Pt.   Month:           8  Year:        2011  Mlevel=   70.0000000      SDlevel=   99.9995956      Days:         992
 Failed SN Mean test.
 Failed SN SD test.
 Parm:Temp. Dew Pt.   Month:           8  Year:        2011  Mlevel=   60.0000000      SDlevel=   99.9999237      Days:         992
 Failed SN SD test.
 Parm:Temp. Dew Pt.   Month:           8  Year:        2011  Mlevel=   40.0000000      SDlevel=   99.9999084      Days:         992
*** ERROR *** Could not produce desired level of quality in
                    << Temp. Dew Pt.   >> random deviates.
 Tdew -10 rangecheck executed.
 Failed SN SD test.
 Parm:Temp. Dew Pt.   Month:           8  Year:        2012  Mlevel=   20.0000000      SDlevel=   99.9999313      Days:        1023
 Failed SN SD test.
 Parm:Temp. Dew Pt.   Month:           8  Year:        2012  Mlevel=   50.0000000      SDlevel=   99.9999542      Days:        1023
 Failed SN SD test.
 Parm:Temp. Dew Pt.   Month:           8  Year:        2012  Mlevel=   1.00000000      SDlevel=   99.9999619      Days:        1023
 Failed SN SD test.
 Parm:Temp. Dew Pt.   Month:           8  Year:        2012  Mlevel=   40.0000000      SDlevel=   99.9998474      Days:        1023
 Failed SN SD test.
 Parm:Temp. Dew Pt.   Month:           8  Year:        2012  Mlevel=   50.0000000      SDlevel=   99.9995956      Days:        1023
*** ERROR *** Could not produce desired level of quality in
                    << Temp. Dew Pt.   >> random deviates.
 Tdew -10 rangecheck executed.
 Tdew -10 rangecheck executed.
 Failed SN Mean test.
 Failed SN SD test.
 Parm:Temp. Dew Pt.   Month:           8  Year:        2013  Mlevel=   70.0000000      SDlevel=   99.9996567      Days:        1054
 Failed SN SD test.
 Parm:Temp. Dew Pt.   Month:           8  Year:        2013  Mlevel=   50.0000000      SDlevel=   99.9998703      Days:        1054
 Failed SN Mean test.
 Failed SN SD test.
 Parm:Temp. Dew Pt.   Month:           8  Year:        2013  Mlevel=   60.0000000      SDlevel=   99.9993210      Days:        1054
 Failed SN Mean test.
 Failed SN SD test.
 Parm:Temp. Dew Pt.   Month:           8  Year:        2013  Mlevel=   60.0000000      SDlevel=   99.9997101      Days:        1054
 Failed SN SD test.
 Parm:Temp. Dew Pt.   Month:           8  Year:        2013  Mlevel=   40.0000000      SDlevel=   99.9996796      Days:        1054
*** ERROR *** Could not produce desired level of quality in
                    << Temp. Dew Pt.   >> random deviates.
 Tdew -10 rangecheck executed.
 Tdew -10 rangecheck executed.
 Tdew -10 rangecheck executed.
 Tdew -10 rangecheck executed.
 Tdew -10 rangecheck executed.
 Tdew -10 rangecheck executed.
 Tdew -10 rangecheck executed.
 Tdew -10 rangecheck executed.
 Tdew -10 rangecheck executed.
 Tdew -10 rangecheck executed.
 Tdew -10 rangecheck executed.
 Tdew -10 rangecheck executed.
 Tdew -10 rangecheck executed.
 Failed SN SD test.
 Parm:Temp. Dew Pt.   Month:           8  Year:        2014  Mlevel=   30.0000000      SDlevel=   99.9997253      Days:        1085
 Failed SN SD test.
 Parm:Temp. Dew Pt.   Month:           8  Year:        2014  Mlevel=   20.0000000      SDlevel=   99.9996109      Days:        1085
 Failed SN SD test.
 Parm:Temp. Dew Pt.   Month:           8  Year:        2014  Mlevel=   20.0000000      SDlevel=   99.9996872      Days:        1085
 Failed SN SD test.
 Parm:Temp. Dew Pt.   Month:           8  Year:        2014  Mlevel=   30.0000000      SDlevel=   99.9987335      Days:        1085
 Failed SN SD test.
 Parm:Temp. Dew Pt.   Month:           8  Year:        2014  Mlevel=   40.0000000      SDlevel=   99.9992294      Days:        1085
*** ERROR *** Could not produce desired level of quality in
                    << Temp. Dew Pt.   >> random deviates.
 Tdew -10 rangecheck executed.
 Tdew -10 rangecheck executed.
 Tdew -10 rangecheck executed.
 Tdew -10 rangecheck executed.
 Tdew -10 rangecheck executed.
 Tdew -10 rangecheck executed.
 Tdew -10 rangecheck executed.
 Tdew -10 rangecheck executed.
 Tdew -10 rangecheck executed.
 Failed SN SD test.
 Parm:Temp. Dew Pt.   Month:           8  Year:        2015  Mlevel=   50.0000000      SDlevel=   99.9994659      Days:        1116
 Failed SN Mean test.
 Failed SN SD test.
 Parm:Temp. Dew Pt.   Month:           8  Year:        2015  Mlevel=   60.0000000      SDlevel=   99.9981537      Days:        1116
 Failed SN SD test.
 Parm:Temp. Dew Pt.   Month:           8  Year:        2015  Mlevel=   30.0000000      SDlevel=   99.9995575      Days:        1116
 Failed SN SD test.
 Parm:Temp. Dew Pt.   Month:           8  Year:        2015  Mlevel=   40.0000000      SDlevel=   99.9989929      Days:        1116
 Failed SN SD test.
 Parm:Temp. Dew Pt.   Month:           8  Year:        2015  Mlevel=   50.0000000      SDlevel=   99.9992523      Days:        1116
*** ERROR *** Could not produce desired level of quality in
                    << Temp. Dew Pt.   >> random deviates.
 Failed SN SD test.
 Parm:Temp. Dew Pt.   Month:           8  Year:        2016  Mlevel=   30.0000000      SDlevel=   99.9996033      Days:        1147
 Failed SN SD test.
 Parm:Temp. Dew Pt.   Month:           8  Year:        2016  Mlevel=   40.0000000      SDlevel=   99.9986725      Days:        1147
 Failed SN SD test.
 Parm:Temp. Dew Pt.   Month:           8  Year:        2016  Mlevel=   50.0000000      SDlevel=   99.9947052      Days:        1147
 Failed SN SD test.
 Parm:Temp. Dew Pt.   Month:           8  Year:        2016  Mlevel=   50.0000000      SDlevel=   99.9991455      Days:        1147
 Failed SN SD test.
 Parm:Temp. Dew Pt.   Month:           8  Year:        2016  Mlevel=   50.0000000      SDlevel=   99.9957352      Days:        1147
*** ERROR *** Could not produce desired level of quality in
                    << Temp. Dew Pt.   >> random deviates.
 Tdew -10 rangecheck executed.
 Tdew -10 rangecheck executed.
 Tdew -10 rangecheck executed.
 Tdew -10 rangecheck executed.
 Failed SN SD test.
 Parm:Temp. Dew Pt.   Month:           8  Year:        2017  Mlevel=   50.0000000      SDlevel=   99.9904480      Days:        1178
 Failed SN Mean test.
 Failed SN SD test.
 Parm:Temp. Dew Pt.   Month:           8  Year:        2017  Mlevel=   60.0000000      SDlevel=   99.9931183      Days:        1178
 Failed SN SD test.
 Parm:Temp. Dew Pt.   Month:           8  Year:        2017  Mlevel=   50.0000000      SDlevel=   99.9919586      Days:        1178
 Failed SN Mean test.
 Failed SN SD test.
 Parm:Temp. Dew Pt.   Month:           8  Year:        2017  Mlevel=   60.0000000      SDlevel=   99.9963150      Days:        1178
 Failed SN Mean test.
 Failed SN SD test.
At line 3013 of file cligen53.f (unit = 9, file = '0500000US31017.prn')
Fortran runtime error: Sequential READ or WRITE not allowed after EOF marker, possibly use REWIND or BACKSPACE
 Parm:Temp. Dew Pt.   Month:           8  Year:        2017  Mlevel=   70.0000000      SDlevel=   99.9951096      Days:        1178
*** ERROR *** Could not produce desired level of quality in
                    << Temp. Dew Pt.   >> random deviates.
 Tdew -10 rangecheck executed.
 Tdew -10 rangecheck executed.
