

  ********************************************************************
  *                                                                  *
  *              USDA - WATER EROSION PREDICTION PROJECT             *
  *                 WEPP CLIMATE INPUT DATA GENERATOR                *
  *                                                                  *
  *                    CONTINUOUS SIMULATION AND                     *
  *                       SINGLE STORM OPTIONS                       *
  *                    with Command Line Options,                    *
  *                        and Corrections to                        *
  *                  Rainfall Intensity Calculations                 *
  *                   and Random Number Generation.                  *
  *                                                                  *
  *                          VERSION 5.30000                         *
  *                     Revised from VERSION 4.2                     *
  *                           October 2004                           *
  *                                                                  *
  *           (Use -h or /h to list command line options.)           *
  *                                                                  *
  ********************************************************************


 ga092153.par                                                                                                                                                                                                                                                    
 0500000US13099.prn                                                                                                                                                                                                                                              
 FAILED K-S -- Parm:Precip. Amt.    Mon:           5  Year:        1996  N:         100
 FAILED K-S -- Parm:Precip. Amt.    Mon:           5  Year:        1996  N:         100
 FAILED K-S -- Parm:Precip. Amt.    Mon:           5  Year:        1996  N:         100
 FAILED K-S -- Parm:Precip. Amt.    Mon:           5  Year:        1996  N:         100
 FAILED K-S -- Parm:Precip. Amt.    Mon:           5  Year:        1996  N:         100
*** ERROR *** Could not produce desired level of quality in
                    << Precip. Amt.    >> random deviates.
 FAILED K-S -- Parm:Precip. Amt.    Mon:           5  Year:        1997  N:         105
 FAILED K-S -- Parm:Precip. Amt.    Mon:           5  Year:        1997  N:         105
 FAILED K-S -- Parm:Precip. Amt.    Mon:           5  Year:        1997  N:         105
 FAILED K-S -- Parm:Precip. Amt.    Mon:           5  Year:        1997  N:         105
 FAILED K-S -- Parm:Precip. Amt.    Mon:           5  Year:        1997  N:         105
*** ERROR *** Could not produce desired level of quality in
                    << Precip. Amt.    >> random deviates.
 FAILED K-S -- Parm:Precip. Amt.    Mon:           5  Year:        1998  N:         109
 FAILED K-S -- Parm:Precip. Amt.    Mon:           5  Year:        1998  N:         109
 FAILED K-S -- Parm:Precip. Amt.    Mon:           5  Year:        1998  N:         109
 FAILED K-S -- Parm:Precip. Amt.    Mon:           5  Year:        1998  N:         109
 FAILED K-S -- Parm:Precip. Amt.    Mon:           5  Year:        1998  N:         109
*** ERROR *** Could not produce desired level of quality in
                    << Precip. Amt.    >> random deviates.
 FAILED K-S -- Parm:Precip. Amt.    Mon:           5  Year:        1999  N:         110
 FAILED K-S -- Parm:Precip. Amt.    Mon:           5  Year:        1999  N:         110
 FAILED K-S -- Parm:Precip. Amt.    Mon:           5  Year:        1999  N:         110
 FAILED K-S -- Parm:Precip. Amt.    Mon:           5  Year:        1999  N:         110
 FAILED K-S -- Parm:Precip. Amt.    Mon:           5  Year:        1999  N:         110
*** ERROR *** Could not produce desired level of quality in
                    << Precip. Amt.    >> random deviates.
 FAILED K-S -- Parm:Precip. Amt.    Mon:           5  Year:        2000  N:         114
 FAILED K-S -- Parm:Precip. Amt.    Mon:           5  Year:        2000  N:         114
 FAILED K-S -- Parm:Precip. Amt.    Mon:           5  Year:        2000  N:         114
 FAILED K-S -- Parm:Precip. Amt.    Mon:           5  Year:        2000  N:         114
 FAILED K-S -- Parm:Precip. Amt.    Mon:           5  Year:        2000  N:         114
*** ERROR *** Could not produce desired level of quality in
                    << Precip. Amt.    >> random deviates.
 FAILED K-S -- Parm:Time to Peak    Mon:          10  Year:        2008  N:         101
 FAILED K-S -- Parm:Time to Peak    Mon:          10  Year:        2008  N:         101
 FAILED K-S -- Parm:Time to Peak    Mon:          10  Year:        2008  N:         101
 FAILED K-S -- Parm:Time to Peak    Mon:          10  Year:        2008  N:         101
 FAILED K-S -- Parm:Time to Peak    Mon:          10  Year:        2008  N:         101
*** ERROR *** Could not produce desired level of quality in
                    << Time to Peak    >> random deviates.
 FAILED K-S -- Parm:Time to Peak    Mon:          10  Year:        2009  N:         105
 FAILED K-S -- Parm:Time to Peak    Mon:          10  Year:        2009  N:         105
 FAILED K-S -- Parm:Time to Peak    Mon:          10  Year:        2009  N:         105
 FAILED K-S -- Parm:Time to Peak    Mon:          10  Year:        2009  N:         105
 FAILED K-S -- Parm:Time to Peak    Mon:          10  Year:        2009  N:         105
*** ERROR *** Could not produce desired level of quality in
                    << Time to Peak    >> random deviates.
 FAILED K-S -- Parm:Time to Peak    Mon:          10  Year:        2010  N:         108
 FAILED K-S -- Parm:Time to Peak    Mon:          10  Year:        2010  N:         108
 FAILED K-S -- Parm:Time to Peak    Mon:          10  Year:        2010  N:         108
 FAILED K-S -- Parm:Time to Peak    Mon:          10  Year:        2010  N:         108
 FAILED K-S -- Parm:Time to Peak    Mon:          10  Year:        2010  N:         108
*** ERROR *** Could not produce desired level of quality in
                    << Time to Peak    >> random deviates.
 FAILED K-S -- Parm:Time to Peak    Mon:          10  Year:        2011  N:         111
 FAILED K-S -- Parm:Time to Peak    Mon:          10  Year:        2011  N:         111
 FAILED K-S -- Parm:Time to Peak    Mon:          10  Year:        2011  N:         111
 FAILED K-S -- Parm:Time to Peak    Mon:          10  Year:        2011  N:         111
 FAILED K-S -- Parm:Time to Peak    Mon:          10  Year:        2011  N:         111
*** ERROR *** Could not produce desired level of quality in
                    << Time to Peak    >> random deviates.
 FAILED K-S -- Parm:Time to Peak    Mon:          10  Year:        2012  N:         111
 FAILED K-S -- Parm:Time to Peak    Mon:          10  Year:        2012  N:         111
 FAILED K-S -- Parm:Time to Peak    Mon:          10  Year:        2012  N:         111
 FAILED K-S -- Parm:Time to Peak    Mon:          10  Year:        2012  N:         111
 FAILED K-S -- Parm:Time to Peak    Mon:          10  Year:        2012  N:         111
*** ERROR *** Could not produce desired level of quality in
                    << Time to Peak    >> random deviates.
 FAILED K-S -- Parm:Time to Peak    Mon:          10  Year:        2013  N:         116
 FAILED K-S -- Parm:Time to Peak    Mon:          10  Year:        2013  N:         116
 FAILED K-S -- Parm:Time to Peak    Mon:          10  Year:        2013  N:         116
 FAILED K-S -- Parm:Time to Peak    Mon:          10  Year:        2013  N:         116
 FAILED K-S -- Parm:Time to Peak    Mon:          10  Year:        2013  N:         116
*** ERROR *** Could not produce desired level of quality in
                    << Time to Peak    >> random deviates.
 FAILED K-S -- Parm:Time to Peak    Mon:          10  Year:        2014  N:         117
 FAILED K-S -- Parm:Time to Peak    Mon:          10  Year:        2014  N:         117
 FAILED K-S -- Parm:Time to Peak    Mon:          10  Year:        2014  N:         117
At line 3013 of file cligen53.f (unit = 9, file = '0500000US13099.prn')
Fortran runtime error: Sequential READ or WRITE not allowed after EOF marker, possibly use REWIND or BACKSPACE
 FAILED K-S -- Parm:Time to Peak    Mon:          10  Year:        2014  N:         117
 FAILED K-S -- Parm:Time to Peak    Mon:          10  Year:        2014  N:         117
*** ERROR *** Could not produce desired level of quality in
                    << Time to Peak    >> random deviates.
 FAILED K-S -- Parm:Time to Peak    Mon:          10  Year:        2015  N:         118
 FAILED K-S -- Parm:Time to Peak    Mon:          10  Year:        2015  N:         118
 FAILED K-S -- Parm:Time to Peak    Mon:          10  Year:        2015  N:         118
 FAILED K-S -- Parm:Time to Peak    Mon:          10  Year:        2015  N:         118
 FAILED K-S -- Parm:Time to Peak    Mon:          10  Year:        2015  N:         118
*** ERROR *** Could not produce desired level of quality in
                    << Time to Peak    >> random deviates.
 FAILED K-S -- Parm:Time to Peak    Mon:          10  Year:        2016  N:         122
 FAILED K-S -- Parm:Time to Peak    Mon:          10  Year:        2016  N:         122
 FAILED K-S -- Parm:Time to Peak    Mon:          10  Year:        2016  N:         122
 FAILED K-S -- Parm:Time to Peak    Mon:          10  Year:        2016  N:         122
 FAILED K-S -- Parm:Time to Peak    Mon:          10  Year:        2016  N:         122
*** ERROR *** Could not produce desired level of quality in
                    << Time to Peak    >> random deviates.
 FAILED K-S -- Parm:Time to Peak    Mon:          10  Year:        2017  N:         123
 FAILED K-S -- Parm:Time to Peak    Mon:          10  Year:        2017  N:         123
 FAILED K-S -- Parm:Time to Peak    Mon:          10  Year:        2017  N:         123
 FAILED K-S -- Parm:Time to Peak    Mon:          10  Year:        2017  N:         123
 FAILED K-S -- Parm:Time to Peak    Mon:          10  Year:        2017  N:         123
*** ERROR *** Could not produce desired level of quality in
                    << Time to Peak    >> random deviates.
