

  ********************************************************************
  *                                                                  *
  *              USDA - WATER EROSION PREDICTION PROJECT             *
  *                 WEPP CLIMATE INPUT DATA GENERATOR                *
  *                                                                  *
  *                    CONTINUOUS SIMULATION AND                     *
  *                       SINGLE STORM OPTIONS                       *
  *                    with Command Line Options,                    *
  *                        and Corrections to                        *
  *                  Rainfall Intensity Calculations                 *
  *                   and Random Number Generation.                  *
  *                                                                  *
  *                          VERSION 5.30000                         *
  *                     Revised from VERSION 4.2                     *
  *                           October 2004                           *
  *                                                                  *
  *           (Use -h or /h to list command line options.)           *
  *                                                                  *
  ********************************************************************


 nm290234.par                                                                                                                                                                                                                                                    
 0500000US35001.prn                                                                                                                                                                                                                                              
 Tdew -10 rangecheck executed.
 Tdew -10 rangecheck executed.
 FAILED K-S -- Parm:Time to Peak    Mon:          10  Year:        1998  N:         104
 FAILED K-S -- Parm:Time to Peak    Mon:          10  Year:        1998  N:         104
 FAILED K-S -- Parm:Time to Peak    Mon:          10  Year:        1998  N:         104
 FAILED K-S -- Parm:Time to Peak    Mon:          10  Year:        1998  N:         104
 FAILED K-S -- Parm:Time to Peak    Mon:          10  Year:        1998  N:         104
*** ERROR *** Could not produce desired level of quality in
                    << Time to Peak    >> random deviates.
 FAILED K-S -- Parm:Time to Peak    Mon:          10  Year:        1999  N:         106
 FAILED K-S -- Parm:Time to Peak    Mon:          10  Year:        1999  N:         106
 FAILED K-S -- Parm:Time to Peak    Mon:          10  Year:        1999  N:         106
 FAILED K-S -- Parm:Time to Peak    Mon:          10  Year:        1999  N:         106
 FAILED K-S -- Parm:Time to Peak    Mon:          10  Year:        1999  N:         106
*** ERROR *** Could not produce desired level of quality in
                    << Time to Peak    >> random deviates.
 FAILED K-S -- Parm:Time to Peak    Mon:          10  Year:        2000  N:         109
 FAILED K-S -- Parm:Time to Peak    Mon:          10  Year:        2000  N:         109
 FAILED K-S -- Parm:Time to Peak    Mon:          10  Year:        2000  N:         109
 FAILED K-S -- Parm:Time to Peak    Mon:          10  Year:        2000  N:         109
 FAILED K-S -- Parm:Time to Peak    Mon:          10  Year:        2000  N:         109
*** ERROR *** Could not produce desired level of quality in
                    << Time to Peak    >> random deviates.
 FAILED K-S -- Parm:Time to Peak    Mon:          10  Year:        2001  N:         115
 FAILED K-S -- Parm:Time to Peak    Mon:          10  Year:        2001  N:         115
 FAILED K-S -- Parm:Time to Peak    Mon:          10  Year:        2001  N:         115
 FAILED K-S -- Parm:Time to Peak    Mon:          10  Year:        2001  N:         115
 FAILED K-S -- Parm:Time to Peak    Mon:          10  Year:        2001  N:         115
*** ERROR *** Could not produce desired level of quality in
                    << Time to Peak    >> random deviates.
 FAILED K-S -- Parm:Time to Peak    Mon:          10  Year:        2002  N:         119
 FAILED K-S -- Parm:Time to Peak    Mon:          10  Year:        2002  N:         119
 FAILED K-S -- Parm:Time to Peak    Mon:          10  Year:        2002  N:         119
 FAILED K-S -- Parm:Time to Peak    Mon:          10  Year:        2002  N:         119
 FAILED K-S -- Parm:Time to Peak    Mon:          10  Year:        2002  N:         119
*** ERROR *** Could not produce desired level of quality in
                    << Time to Peak    >> random deviates.
 FAILED K-S -- Parm:Time to Peak    Mon:          10  Year:        2003  N:         123
 FAILED K-S -- Parm:Time to Peak    Mon:          10  Year:        2003  N:         123
 FAILED K-S -- Parm:Time to Peak    Mon:          10  Year:        2003  N:         123
 FAILED K-S -- Parm:Time to Peak    Mon:          10  Year:        2003  N:         123
 FAILED K-S -- Parm:Time to Peak    Mon:          10  Year:        2003  N:         123
*** ERROR *** Could not produce desired level of quality in
                    << Time to Peak    >> random deviates.
 FAILED K-S -- Parm:Time to Peak    Mon:          10  Year:        2004  N:         127
 FAILED K-S -- Parm:Time to Peak    Mon:          10  Year:        2004  N:         127
 FAILED K-S -- Parm:Time to Peak    Mon:          10  Year:        2004  N:         127
 FAILED K-S -- Parm:Time to Peak    Mon:          10  Year:        2004  N:         127
 FAILED K-S -- Parm:Time to Peak    Mon:          10  Year:        2004  N:         127
*** ERROR *** Could not produce desired level of quality in
                    << Time to Peak    >> random deviates.
 FAILED K-S -- Parm:Time to Peak    Mon:          10  Year:        2005  N:         129
 FAILED K-S -- Parm:Time to Peak    Mon:          10  Year:        2005  N:         129
 FAILED K-S -- Parm:Time to Peak    Mon:          10  Year:        2005  N:         129
 FAILED K-S -- Parm:Time to Peak    Mon:          10  Year:        2005  N:         129
 FAILED K-S -- Parm:Time to Peak    Mon:          10  Year:        2005  N:         129
*** ERROR *** Could not produce desired level of quality in
                    << Time to Peak    >> random deviates.
 FAILED K-S -- Parm:Time to Peak    Mon:          10  Year:        2006  N:         132
 FAILED K-S -- Parm:Time to Peak    Mon:          10  Year:        2006  N:         132
 FAILED K-S -- Parm:Time to Peak    Mon:          10  Year:        2006  N:         132
 FAILED K-S -- Parm:Time to Peak    Mon:          10  Year:        2006  N:         132
 FAILED K-S -- Parm:Time to Peak    Mon:          10  Year:        2006  N:         132
*** ERROR *** Could not produce desired level of quality in
                    << Time to Peak    >> random deviates.
 FAILED K-S -- Parm:Time to Peak    Mon:          10  Year:        2007  N:         135
 FAILED K-S -- Parm:Time to Peak    Mon:          10  Year:        2007  N:         135
 FAILED K-S -- Parm:Time to Peak    Mon:          10  Year:        2007  N:         135
 FAILED K-S -- Parm:Time to Peak    Mon:          10  Year:        2007  N:         135
 FAILED K-S -- Parm:Time to Peak    Mon:          10  Year:        2007  N:         135
*** ERROR *** Could not produce desired level of quality in
                    << Time to Peak    >> random deviates.
 FAILED K-S -- Parm:Time to Peak    Mon:          10  Year:        2008  N:         142
 FAILED K-S -- Parm:Time to Peak    Mon:          10  Year:        2008  N:         142
 FAILED K-S -- Parm:Time to Peak    Mon:          10  Year:        2008  N:         142
 FAILED K-S -- Parm:Time to Peak    Mon:          10  Year:        2008  N:         142
 FAILED K-S -- Parm:Time to Peak    Mon:          10  Year:        2008  N:         142
*** ERROR *** Could not produce desired level of quality in
                    << Time to Peak    >> random deviates.
 FAILED K-S -- Parm:Time to Peak    Mon:          10  Year:        2009  N:         147
 FAILED K-S -- Parm:Time to Peak    Mon:          10  Year:        2009  N:         147
 FAILED K-S -- Parm:Time to Peak    Mon:          10  Year:        2009  N:         147
 FAILED K-S -- Parm:Time to Peak    Mon:          10  Year:        2009  N:         147
 FAILED K-S -- Parm:Time to Peak    Mon:          10  Year:        2009  N:         147
*** ERROR *** Could not produce desired level of quality in
                    << Time to Peak    >> random deviates.
 FAILED K-S -- Parm:Time to Peak    Mon:          10  Year:        2010  N:         154
 FAILED K-S -- Parm:Time to Peak    Mon:          10  Year:        2010  N:         154
 FAILED K-S -- Parm:Time to Peak    Mon:          10  Year:        2010  N:         154
 FAILED K-S -- Parm:Time to Peak    Mon:          10  Year:        2010  N:         154
 FAILED K-S -- Parm:Time to Peak    Mon:          10  Year:        2010  N:         154
*** ERROR *** Could not produce desired level of quality in
                    << Time to Peak    >> random deviates.
 FAILED K-S -- Parm:Time to Peak    Mon:          10  Year:        2011  N:         159
 FAILED K-S -- Parm:Time to Peak    Mon:          10  Year:        2011  N:         159
 FAILED K-S -- Parm:Time to Peak    Mon:          10  Year:        2011  N:         159
 FAILED K-S -- Parm:Time to Peak    Mon:          10  Year:        2011  N:         159
 FAILED K-S -- Parm:Time to Peak    Mon:          10  Year:        2011  N:         159
*** ERROR *** Could not produce desired level of quality in
                    << Time to Peak    >> random deviates.
 FAILED K-S -- Parm:Time to Peak    Mon:          10  Year:        2012  N:         160
 FAILED K-S -- Parm:Time to Peak    Mon:          10  Year:        2012  N:         160
 FAILED K-S -- Parm:Time to Peak    Mon:          10  Year:        2012  N:         160
 FAILED K-S -- Parm:Time to Peak    Mon:          10  Year:        2012  N:         160
 FAILED K-S -- Parm:Time to Peak    Mon:          10  Year:        2012  N:         160
*** ERROR *** Could not produce desired level of quality in
                    << Time to Peak    >> random deviates.
 FAILED K-S -- Parm:Time to Peak    Mon:          10  Year:        2013  N:         167
 FAILED K-S -- Parm:Time to Peak    Mon:          10  Year:        2013  N:         167
 FAILED K-S -- Parm:Time to Peak    Mon:          10  Year:        2013  N:         167
 FAILED K-S -- Parm:Time to Peak    Mon:          10  Year:        2013  N:         167
 FAILED K-S -- Parm:Time to Peak    Mon:          10  Year:        2013  N:         167
*** ERROR *** Could not produce desired level of quality in
                    << Time to Peak    >> random deviates.
 FAILED K-S -- Parm:Time to Peak    Mon:          10  Year:        2014  N:         170
 FAILED K-S -- Parm:Time to Peak    Mon:          10  Year:        2014  N:         170
 FAILED K-S -- Parm:Time to Peak    Mon:          10  Year:        2014  N:         170
 FAILED K-S -- Parm:Time to Peak    Mon:          10  Year:        2014  N:         170
 FAILED K-S -- Parm:Time to Peak    Mon:          10  Year:        2014  N:         170
*** ERROR *** Could not produce desired level of quality in
                    << Time to Peak    >> random deviates.
 FAILED K-S -- Parm:Time to Peak    Mon:          10  Year:        2015  N:         171
 FAILED K-S -- Parm:Time to Peak    Mon:          10  Year:        2015  N:         171
 FAILED K-S -- Parm:Time to Peak    Mon:          10  Year:        2015  N:         171
 FAILED K-S -- Parm:Time to Peak    Mon:          10  Year:        2015  N:         171
 FAILED K-S -- Parm:Time to Peak    Mon:          10  Year:        2015  N:         171
*** ERROR *** Could not produce desired level of quality in
                    << Time to Peak    >> random deviates.
 FAILED K-S -- Parm:Time to Peak    Mon:          10  Year:        2016  N:         175
 FAILED K-S -- Parm:Time to Peak    Mon:          10  Year:        2016  N:         175
 FAILED K-S -- Parm:Time to Peak    Mon:          10  Year:        2016  N:         175
 FAILED K-S -- Parm:Time to Peak    Mon:          10  Year:        2016  N:         175
 FAILED K-S -- Parm:Time to Peak    Mon:          10  Year:        2016  N:         175
At line 3013 of file cligen53.f (unit = 9, file = '0500000US35001.prn')
Fortran runtime error: Sequential READ or WRITE not allowed after EOF marker, possibly use REWIND or BACKSPACE
*** ERROR *** Could not produce desired level of quality in
                    << Time to Peak    >> random deviates.
 FAILED K-S -- Parm:Time to Peak    Mon:          10  Year:        2017  N:         176
 FAILED K-S -- Parm:Time to Peak    Mon:          10  Year:        2017  N:         176
 FAILED K-S -- Parm:Time to Peak    Mon:          10  Year:        2017  N:         176
 FAILED K-S -- Parm:Time to Peak    Mon:          10  Year:        2017  N:         176
 FAILED K-S -- Parm:Time to Peak    Mon:          10  Year:        2017  N:         176
*** ERROR *** Could not produce desired level of quality in
                    << Time to Peak    >> random deviates.
