

  ********************************************************************
  *                                                                  *
  *              USDA - WATER EROSION PREDICTION PROJECT             *
  *                 WEPP CLIMATE INPUT DATA GENERATOR                *
  *                                                                  *
  *                    CONTINUOUS SIMULATION AND                     *
  *                       SINGLE STORM OPTIONS                       *
  *                    with Command Line Options,                    *
  *                        and Corrections to                        *
  *                  Rainfall Intensity Calculations                 *
  *                   and Random Number Generation.                  *
  *                                                                  *
  *                          VERSION 5.30000                         *
  *                     Revised from VERSION 4.2                     *
  *                           October 2004                           *
  *                                                                  *
  *           (Use -h or /h to list command line options.)           *
  *                                                                  *
  ********************************************************************


 tx413201.par                                                                                                                                                                                                                                                    
 0500000US48493.prn                                                                                                                                                                                                                                              
 FAILED K-S -- Parm:Time to Peak    Mon:           2  Year:        2000  N:         103
 FAILED K-S -- Parm:Time to Peak    Mon:           2  Year:        2000  N:         103
 FAILED K-S -- Parm:Time to Peak    Mon:           2  Year:        2000  N:         103
 FAILED K-S -- Parm:Time to Peak    Mon:           2  Year:        2000  N:         103
 FAILED K-S -- Parm:Time to Peak    Mon:           2  Year:        2000  N:         103
*** ERROR *** Could not produce desired level of quality in
                    << Time to Peak    >> random deviates.
 FAILED K-S -- Parm:Time to Peak    Mon:           2  Year:        2001  N:         104
 FAILED K-S -- Parm:Time to Peak    Mon:           2  Year:        2001  N:         104
 FAILED K-S -- Parm:Time to Peak    Mon:           2  Year:        2001  N:         104
 FAILED K-S -- Parm:Time to Peak    Mon:           2  Year:        2001  N:         104
 FAILED K-S -- Parm:Time to Peak    Mon:           2  Year:        2001  N:         104
*** ERROR *** Could not produce desired level of quality in
                    << Time to Peak    >> random deviates.
 FAILED K-S -- Parm:Time to Peak    Mon:           2  Year:        2002  N:         108
 FAILED K-S -- Parm:Time to Peak    Mon:           2  Year:        2002  N:         108
 FAILED K-S -- Parm:Time to Peak    Mon:           2  Year:        2002  N:         108
 FAILED K-S -- Parm:Time to Peak    Mon:           2  Year:        2002  N:         108
 FAILED K-S -- Parm:Time to Peak    Mon:           2  Year:        2002  N:         108
*** ERROR *** Could not produce desired level of quality in
                    << Time to Peak    >> random deviates.
 FAILED K-S -- Parm:Time to Peak    Mon:           3  Year:        2002  N:         103
 FAILED K-S -- Parm:Time to Peak    Mon:           3  Year:        2002  N:         103
 FAILED K-S -- Parm:Time to Peak    Mon:           3  Year:        2002  N:         103
 FAILED K-S -- Parm:Time to Peak    Mon:           3  Year:        2002  N:         103
 FAILED K-S -- Parm:Time to Peak    Mon:           3  Year:        2002  N:         103
*** ERROR *** Could not produce desired level of quality in
                    << Time to Peak    >> random deviates.
 FAILED K-S -- Parm:Time to Peak    Mon:           2  Year:        2003  N:         112
 FAILED K-S -- Parm:Time to Peak    Mon:           2  Year:        2003  N:         112
 FAILED K-S -- Parm:Time to Peak    Mon:           2  Year:        2003  N:         112
 FAILED K-S -- Parm:Time to Peak    Mon:           2  Year:        2003  N:         112
 FAILED K-S -- Parm:Time to Peak    Mon:           2  Year:        2003  N:         112
*** ERROR *** Could not produce desired level of quality in
                    << Time to Peak    >> random deviates.
 FAILED K-S -- Parm:Time to Peak    Mon:           3  Year:        2003  N:         104
 FAILED K-S -- Parm:Time to Peak    Mon:           3  Year:        2003  N:         104
 FAILED K-S -- Parm:Time to Peak    Mon:           3  Year:        2003  N:         104
 FAILED K-S -- Parm:Time to Peak    Mon:           3  Year:        2003  N:         104
 FAILED K-S -- Parm:Time to Peak    Mon:           3  Year:        2003  N:         104
*** ERROR *** Could not produce desired level of quality in
                    << Time to Peak    >> random deviates.
 Failed SN SD test.
 Parm:Precip. Amt.    Month:           2  Year:        2004  Mlevel=   20.0000000      SDlevel=   51.3884850      Days:         113
 Failed SN SD test.
 Parm:Precip. Amt.    Month:           2  Year:        2004  Mlevel=   30.0000000      SDlevel=   50.6375122      Days:         113
 Failed SN SD test.
 Parm:Precip. Amt.    Month:           2  Year:        2004  Mlevel=   20.0000000      SDlevel=   51.3671875      Days:         113
 Failed SN SD test.
 Parm:Precip. Amt.    Month:           2  Year:        2004  Mlevel=   20.0000000      SDlevel=   50.6275902      Days:         113
 Failed SN SD test.
 Parm:Precip. Amt.    Month:           2  Year:        2004  Mlevel=   20.0000000      SDlevel=   50.6349106      Days:         113
*** ERROR *** Could not produce desired level of quality in
                    << Precip. Amt.    >> random deviates.
 FAILED K-S -- Parm:Wind Dir.       Mon:           2  Year:        2004  N:         707
 FAILED K-S -- Parm:Time to Peak    Mon:           2  Year:        2004  N:         113
 FAILED K-S -- Parm:Time to Peak    Mon:           2  Year:        2005  N:         116
 FAILED K-S -- Parm:Time to Peak    Mon:           2  Year:        2005  N:         116
 FAILED K-S -- Parm:Time to Peak    Mon:           2  Year:        2005  N:         116
 FAILED K-S -- Parm:Time to Peak    Mon:           2  Year:        2005  N:         116
 FAILED K-S -- Parm:Time to Peak    Mon:           2  Year:        2005  N:         116
*** ERROR *** Could not produce desired level of quality in
                    << Time to Peak    >> random deviates.
 FAILED K-S -- Parm:Time to Peak    Mon:           2  Year:        2006  N:         120
 FAILED K-S -- Parm:Time to Peak    Mon:           2  Year:        2006  N:         120
 FAILED K-S -- Parm:Time to Peak    Mon:           2  Year:        2006  N:         120
 FAILED K-S -- Parm:Time to Peak    Mon:           2  Year:        2006  N:         120
 FAILED K-S -- Parm:Time to Peak    Mon:           2  Year:        2006  N:         120
*** ERROR *** Could not produce desired level of quality in
                    << Time to Peak    >> random deviates.
 FAILED K-S -- Parm:Time to Peak    Mon:           9  Year:        2006  N:         101
 FAILED K-S -- Parm:Time to Peak    Mon:           9  Year:        2006  N:         101
 FAILED K-S -- Parm:Time to Peak    Mon:           9  Year:        2006  N:         101
 FAILED K-S -- Parm:Time to Peak    Mon:           9  Year:        2006  N:         101
 FAILED K-S -- Parm:Time to Peak    Mon:           9  Year:        2006  N:         101
*** ERROR *** Could not produce desired level of quality in
                    << Time to Peak    >> random deviates.
 FAILED K-S -- Parm:Time to Peak    Mon:           2  Year:        2007  N:         124
 FAILED K-S -- Parm:Time to Peak    Mon:           2  Year:        2007  N:         124
 FAILED K-S -- Parm:Time to Peak    Mon:           2  Year:        2007  N:         124
 FAILED K-S -- Parm:Time to Peak    Mon:           2  Year:        2007  N:         124
 FAILED K-S -- Parm:Time to Peak    Mon:           2  Year:        2007  N:         124
*** ERROR *** Could not produce desired level of quality in
                    << Time to Peak    >> random deviates.
 FAILED K-S -- Parm:Time to Peak    Mon:           9  Year:        2007  N:         109
 FAILED K-S -- Parm:Time to Peak    Mon:           9  Year:        2007  N:         109
 FAILED K-S -- Parm:Time to Peak    Mon:           9  Year:        2007  N:         109
 FAILED K-S -- Parm:Time to Peak    Mon:           9  Year:        2007  N:         109
 FAILED K-S -- Parm:Time to Peak    Mon:           9  Year:        2007  N:         109
*** ERROR *** Could not produce desired level of quality in
                    << Time to Peak    >> random deviates.
 FAILED K-S -- Parm:Time to Peak    Mon:           2  Year:        2008  N:         128
 FAILED K-S -- Parm:Time to Peak    Mon:           2  Year:        2008  N:         128
 FAILED K-S -- Parm:Time to Peak    Mon:           2  Year:        2008  N:         128
 FAILED K-S -- Parm:Time to Peak    Mon:           2  Year:        2008  N:         128
 FAILED K-S -- Parm:Time to Peak    Mon:           2  Year:        2008  N:         128
*** ERROR *** Could not produce desired level of quality in
                    << Time to Peak    >> random deviates.
 FAILED K-S -- Parm:Time to Peak    Mon:           9  Year:        2008  N:         112
 FAILED K-S -- Parm:Time to Peak    Mon:           9  Year:        2008  N:         112
 FAILED K-S -- Parm:Time to Peak    Mon:           9  Year:        2008  N:         112
 FAILED K-S -- Parm:Time to Peak    Mon:           9  Year:        2008  N:         112
 FAILED K-S -- Parm:Time to Peak    Mon:           9  Year:        2008  N:         112
*** ERROR *** Could not produce desired level of quality in
                    << Time to Peak    >> random deviates.
 FAILED K-S -- Parm:Time to Peak    Mon:           2  Year:        2009  N:         138
 FAILED K-S -- Parm:Time to Peak    Mon:           2  Year:        2009  N:         138
 FAILED K-S -- Parm:Time to Peak    Mon:           2  Year:        2009  N:         138
 FAILED K-S -- Parm:Time to Peak    Mon:           2  Year:        2009  N:         138
 FAILED K-S -- Parm:Time to Peak    Mon:           2  Year:        2009  N:         138
*** ERROR *** Could not produce desired level of quality in
                    << Time to Peak    >> random deviates.
 FAILED K-S -- Parm:Time to Peak    Mon:           9  Year:        2009  N:         114
 FAILED K-S -- Parm:Time to Peak    Mon:           9  Year:        2009  N:         114
 FAILED K-S -- Parm:Time to Peak    Mon:           9  Year:        2009  N:         114
 FAILED K-S -- Parm:Time to Peak    Mon:           9  Year:        2009  N:         114
 FAILED K-S -- Parm:Time to Peak    Mon:           9  Year:        2009  N:         114
*** ERROR *** Could not produce desired level of quality in
                    << Time to Peak    >> random deviates.
 FAILED K-S -- Parm:Time to Peak    Mon:           2  Year:        2010  N:         140
 FAILED K-S -- Parm:Time to Peak    Mon:           2  Year:        2010  N:         140
 FAILED K-S -- Parm:Time to Peak    Mon:           2  Year:        2010  N:         140
 FAILED K-S -- Parm:Time to Peak    Mon:           2  Year:        2010  N:         140
 FAILED K-S -- Parm:Time to Peak    Mon:           2  Year:        2010  N:         140
*** ERROR *** Could not produce desired level of quality in
                    << Time to Peak    >> random deviates.
 FAILED K-S -- Parm:Time to Peak    Mon:           2  Year:        2011  N:         146
 FAILED K-S -- Parm:Time to Peak    Mon:           2  Year:        2011  N:         146
 FAILED K-S -- Parm:Time to Peak    Mon:           2  Year:        2011  N:         146
 FAILED K-S -- Parm:Time to Peak    Mon:           2  Year:        2011  N:         146
 FAILED K-S -- Parm:Time to Peak    Mon:           2  Year:        2011  N:         146
*** ERROR *** Could not produce desired level of quality in
At line 3013 of file cligen53.f (unit = 9, file = '0500000US48493.prn')
Fortran runtime error: Sequential READ or WRITE not allowed after EOF marker, possibly use REWIND or BACKSPACE
                    << Time to Peak    >> random deviates.
 FAILED K-S -- Parm:Time to Peak    Mon:           2  Year:        2012  N:         150
 FAILED K-S -- Parm:Time to Peak    Mon:           2  Year:        2012  N:         150
 FAILED K-S -- Parm:Time to Peak    Mon:           2  Year:        2012  N:         150
 FAILED K-S -- Parm:Time to Peak    Mon:           2  Year:        2012  N:         150
 FAILED K-S -- Parm:Time to Peak    Mon:           2  Year:        2012  N:         150
*** ERROR *** Could not produce desired level of quality in
                    << Time to Peak    >> random deviates.
 FAILED K-S -- Parm:Time to Peak    Mon:           2  Year:        2013  N:         154
 FAILED K-S -- Parm:Time to Peak    Mon:           2  Year:        2013  N:         154
 FAILED K-S -- Parm:Time to Peak    Mon:           2  Year:        2013  N:         154
 FAILED K-S -- Parm:Time to Peak    Mon:           2  Year:        2013  N:         154
 FAILED K-S -- Parm:Time to Peak    Mon:           2  Year:        2013  N:         154
*** ERROR *** Could not produce desired level of quality in
                    << Time to Peak    >> random deviates.
 FAILED K-S -- Parm:Time to Peak    Mon:           2  Year:        2014  N:         159
 FAILED K-S -- Parm:Time to Peak    Mon:           2  Year:        2014  N:         159
 FAILED K-S -- Parm:Time to Peak    Mon:           2  Year:        2014  N:         159
 FAILED K-S -- Parm:Time to Peak    Mon:           2  Year:        2014  N:         159
 FAILED K-S -- Parm:Time to Peak    Mon:           2  Year:        2014  N:         159
*** ERROR *** Could not produce desired level of quality in
                    << Time to Peak    >> random deviates.
 FAILED K-S -- Parm:Time to Peak    Mon:           2  Year:        2015  N:         168
 FAILED K-S -- Parm:Time to Peak    Mon:           2  Year:        2015  N:         168
 FAILED K-S -- Parm:Time to Peak    Mon:           2  Year:        2015  N:         168
 FAILED K-S -- Parm:Time to Peak    Mon:           2  Year:        2015  N:         168
 FAILED K-S -- Parm:Time to Peak    Mon:           2  Year:        2015  N:         168
*** ERROR *** Could not produce desired level of quality in
                    << Time to Peak    >> random deviates.
 FAILED K-S -- Parm:Time to Peak    Mon:           2  Year:        2016  N:         170
 FAILED K-S -- Parm:Time to Peak    Mon:           2  Year:        2016  N:         170
 FAILED K-S -- Parm:Time to Peak    Mon:           2  Year:        2016  N:         170
 FAILED K-S -- Parm:Time to Peak    Mon:           2  Year:        2016  N:         170
 FAILED K-S -- Parm:Time to Peak    Mon:           2  Year:        2016  N:         170
*** ERROR *** Could not produce desired level of quality in
                    << Time to Peak    >> random deviates.
 FAILED K-S -- Parm:Time to Peak    Mon:           2  Year:        2017  N:         178
 FAILED K-S -- Parm:Time to Peak    Mon:           2  Year:        2017  N:         178
 FAILED K-S -- Parm:Time to Peak    Mon:           2  Year:        2017  N:         178
 FAILED K-S -- Parm:Time to Peak    Mon:           2  Year:        2017  N:         178
 FAILED K-S -- Parm:Time to Peak    Mon:           2  Year:        2017  N:         178
*** ERROR *** Could not produce desired level of quality in
                    << Time to Peak    >> random deviates.
