

  ********************************************************************
  *                                                                  *
  *              USDA - WATER EROSION PREDICTION PROJECT             *
  *                 WEPP CLIMATE INPUT DATA GENERATOR                *
  *                                                                  *
  *                    CONTINUOUS SIMULATION AND                     *
  *                       SINGLE STORM OPTIONS                       *
  *                    with Command Line Options,                    *
  *                        and Corrections to                        *
  *                  Rainfall Intensity Calculations                 *
  *                   and Random Number Generation.                  *
  *                                                                  *
  *                          VERSION 5.30000                         *
  *                     Revised from VERSION 4.2                     *
  *                           October 2004                           *
  *                                                                  *
  *           (Use -h or /h to list command line options.)           *
  *                                                                  *
  ********************************************************************


 ne254455.par                                                                                                                                                                                                                                                    
 0500000US31101.prn                                                                                                                                                                                                                                              
 Tdew -10 rangecheck executed.
 Tdew -10 rangecheck executed.
 Tdew -10 rangecheck executed.
 Tdew -10 rangecheck executed.
 Tdew -10 rangecheck executed.
 Tdew -10 rangecheck executed.
 Tdew -10 rangecheck executed.
 Tdew -10 rangecheck executed.
 Tdew -10 rangecheck executed.
 Tdew -10 rangecheck executed.
 Tdew -10 rangecheck executed.
 Tdew -10 rangecheck executed.
 Tdew -10 rangecheck executed.
 Tdew -10 rangecheck executed.
 Tdew -10 rangecheck executed.
 Tdew -10 rangecheck executed.
 Tdew -10 rangecheck executed.
 Tdew -10 rangecheck executed.
 Tdew -10 rangecheck executed.
 Tdew -10 rangecheck executed.
 Tdew -10 rangecheck executed.
 Tdew -10 rangecheck executed.
 Tdew -10 rangecheck executed.
 Tdew -10 rangecheck executed.
 Tdew -10 rangecheck executed.
 Tdew -10 rangecheck executed.
 Tdew -10 rangecheck executed.
 Tdew -10 rangecheck executed.
 Tdew -10 rangecheck executed.
 Tdew -10 rangecheck executed.
 Tdew -10 rangecheck executed.
 Tdew -10 rangecheck executed.
 Tdew -10 rangecheck executed.
 Tdew -10 rangecheck executed.
 Tdew -10 rangecheck executed.
 Tdew -10 rangecheck executed.
 Tdew -10 rangecheck executed.
 Tdew -10 rangecheck executed.
 Tdew -10 rangecheck executed.
 Tdew -10 rangecheck executed.
 Tdew -10 rangecheck executed.
 Tdew -10 rangecheck executed.
 Tdew -10 rangecheck executed.
 Tdew -10 rangecheck executed.
 Tdew -10 rangecheck executed.
 Tdew -10 rangecheck executed.
 Tdew -10 rangecheck executed.
 Tdew -10 rangecheck executed.
 Tdew -10 rangecheck executed.
 Tdew -10 rangecheck executed.
 Tdew -10 rangecheck executed.
 Tdew -10 rangecheck executed.
 Tdew -10 rangecheck executed.
 Tdew -10 rangecheck executed.
 Tdew -10 rangecheck executed.
 Tdew -10 rangecheck executed.
 Tdew -10 rangecheck executed.
 Tdew -10 rangecheck executed.
 Tdew -10 rangecheck executed.
 Tdew -10 rangecheck executed.
 Tdew -10 rangecheck executed.
 Tdew -10 rangecheck executed.
 Tdew -10 rangecheck executed.
 Tdew -10 rangecheck executed.
 Tdew -10 rangecheck executed.
 Tdew -10 rangecheck executed.
 Tdew -10 rangecheck executed.
 Tdew -10 rangecheck executed.
 Tdew -10 rangecheck executed.
 Tdew -10 rangecheck executed.
 Tdew -10 rangecheck executed.
 Tdew -10 rangecheck executed.
 Tdew -10 rangecheck executed.
 Tdew -10 rangecheck executed.
 Tdew -10 rangecheck executed.
 Tdew -10 rangecheck executed.
 FAILED K-S -- Parm:Precip. Amt.    Mon:           7  Year:        1993  N:         100
 FAILED K-S -- Parm:Precip. Amt.    Mon:           7  Year:        1993  N:         100
 FAILED K-S -- Parm:Precip. Amt.    Mon:           7  Year:        1993  N:         100
 FAILED K-S -- Parm:Precip. Amt.    Mon:           7  Year:        1993  N:         100
 FAILED K-S -- Parm:Precip. Amt.    Mon:           7  Year:        1993  N:         100
*** ERROR *** Could not produce desired level of quality in
                    << Precip. Amt.    >> random deviates.
 Tdew -10 rangecheck executed.
 Tdew -10 rangecheck executed.
 Tdew -10 rangecheck executed.
 FAILED K-S -- Parm:Precip. Amt.    Mon:           7  Year:        1994  N:         109
 FAILED K-S -- Parm:Precip. Amt.    Mon:           7  Year:        1994  N:         109
 FAILED K-S -- Parm:Precip. Amt.    Mon:           7  Year:        1994  N:         109
 FAILED K-S -- Parm:Precip. Amt.    Mon:           7  Year:        1994  N:         109
 FAILED K-S -- Parm:Precip. Amt.    Mon:           7  Year:        1994  N:         109
*** ERROR *** Could not produce desired level of quality in
                    << Precip. Amt.    >> random deviates.
 Tdew -10 rangecheck executed.
 Tdew -10 rangecheck executed.
 Tdew -10 rangecheck executed.
 Tdew -10 rangecheck executed.
 FAILED K-S -- Parm:Precip. Amt.    Mon:           7  Year:        1995  N:         116
 FAILED K-S -- Parm:Precip. Amt.    Mon:           7  Year:        1995  N:         116
 FAILED K-S -- Parm:Precip. Amt.    Mon:           7  Year:        1995  N:         116
 FAILED K-S -- Parm:Precip. Amt.    Mon:           7  Year:        1995  N:         116
 FAILED K-S -- Parm:Precip. Amt.    Mon:           7  Year:        1995  N:         116
*** ERROR *** Could not produce desired level of quality in
                    << Precip. Amt.    >> random deviates.
 Tdew -10 rangecheck executed.
 Tdew -10 rangecheck executed.
 Tdew -10 rangecheck executed.
 Tdew -10 rangecheck executed.
 Tdew -10 rangecheck executed.
 Tdew -10 rangecheck executed.
 Tdew -10 rangecheck executed.
 Tdew -10 rangecheck executed.
 Tdew -10 rangecheck executed.
 Tdew -10 rangecheck executed.
 Tdew -10 rangecheck executed.
 Tdew -10 rangecheck executed.
 FAILED K-S -- Parm:Precip. Amt.    Mon:           7  Year:        1996  N:         122
 FAILED K-S -- Parm:Precip. Amt.    Mon:           7  Year:        1996  N:         122
 FAILED K-S -- Parm:Precip. Amt.    Mon:           7  Year:        1996  N:         122
 FAILED K-S -- Parm:Precip. Amt.    Mon:           7  Year:        1996  N:         122
 FAILED K-S -- Parm:Precip. Amt.    Mon:           7  Year:        1996  N:         122
*** ERROR *** Could not produce desired level of quality in
                    << Precip. Amt.    >> random deviates.
 FAILED K-S -- Parm:Wind Vel.       Mon:           7  Year:        1996  N:         527
 Tdew -10 rangecheck executed.
 Tdew -10 rangecheck executed.
 Tdew -10 rangecheck executed.
 Tdew -10 rangecheck executed.
 FAILED K-S -- Parm:Time to Peak    Mon:           3  Year:        1997  N:         101
 FAILED K-S -- Parm:Time to Peak    Mon:           3  Year:        1997  N:         101
 FAILED K-S -- Parm:Time to Peak    Mon:           3  Year:        1997  N:         101
 FAILED K-S -- Parm:Time to Peak    Mon:           3  Year:        1997  N:         101
 FAILED K-S -- Parm:Time to Peak    Mon:           3  Year:        1997  N:         101
*** ERROR *** Could not produce desired level of quality in
                    << Time to Peak    >> random deviates.
 Tdew -10 rangecheck executed.
 FAILED K-S -- Parm:Precip. Amt.    Mon:           7  Year:        1997  N:         134
 FAILED K-S -- Parm:Precip. Amt.    Mon:           7  Year:        1997  N:         134
 FAILED K-S -- Parm:Precip. Amt.    Mon:           7  Year:        1997  N:         134
 FAILED K-S -- Parm:Precip. Amt.    Mon:           7  Year:        1997  N:         134
At line 3013 of file cligen53.f (unit = 9, file = '0500000US31101.prn')
Fortran runtime error: Sequential READ or WRITE not allowed after EOF marker, possibly use REWIND or BACKSPACE
 FAILED K-S -- Parm:Precip. Amt.    Mon:           7  Year:        1997  N:         134
*** ERROR *** Could not produce desired level of quality in
                    << Precip. Amt.    >> random deviates.
 Failed SN SD test.
 Parm:Temp. Dew Pt.   Month:           7  Year:        1997  Mlevel=   5.00000000      SDlevel=   50.3339767      Days:         558
 FAILED K-S -- Parm:Precip. Amt.    Mon:           7  Year:        1998  N:         145
 FAILED K-S -- Parm:Precip. Amt.    Mon:           7  Year:        1998  N:         145
 FAILED K-S -- Parm:Precip. Amt.    Mon:           7  Year:        1998  N:         145
 FAILED K-S -- Parm:Precip. Amt.    Mon:           7  Year:        1998  N:         145
 FAILED K-S -- Parm:Precip. Amt.    Mon:           7  Year:        1998  N:         145
*** ERROR *** Could not produce desired level of quality in
                    << Precip. Amt.    >> random deviates.
 Tdew -10 rangecheck executed.
 Tdew -10 rangecheck executed.
 Tdew -10 rangecheck executed.
 Tdew -10 rangecheck executed.
 FAILED K-S -- Parm:Precip. Amt.    Mon:           7  Year:        1999  N:         157
 FAILED K-S -- Parm:Precip. Amt.    Mon:           7  Year:        1999  N:         157
 FAILED K-S -- Parm:Precip. Amt.    Mon:           7  Year:        1999  N:         157
 FAILED K-S -- Parm:Precip. Amt.    Mon:           7  Year:        1999  N:         157
 FAILED K-S -- Parm:Precip. Amt.    Mon:           7  Year:        1999  N:         157
*** ERROR *** Could not produce desired level of quality in
                    << Precip. Amt.    >> random deviates.
 FAILED K-S -- Parm:Precip. Amt.    Mon:           7  Year:        2000  N:         163
 FAILED K-S -- Parm:Precip. Amt.    Mon:           7  Year:        2000  N:         163
 FAILED K-S -- Parm:Precip. Amt.    Mon:           7  Year:        2000  N:         163
 FAILED K-S -- Parm:Precip. Amt.    Mon:           7  Year:        2000  N:         163
 FAILED K-S -- Parm:Precip. Amt.    Mon:           7  Year:        2000  N:         163
*** ERROR *** Could not produce desired level of quality in
                    << Precip. Amt.    >> random deviates.
 Tdew -10 rangecheck executed.
 Tdew -10 rangecheck executed.
 Tdew -10 rangecheck executed.
 Tdew -10 rangecheck executed.
 Tdew -10 rangecheck executed.
 Tdew -10 rangecheck executed.
 Tdew -10 rangecheck executed.
 Tdew -10 rangecheck executed.
 Tdew -10 rangecheck executed.
 Tdew -10 rangecheck executed.
 Tdew -10 rangecheck executed.
 Tdew -10 rangecheck executed.
 Tdew -10 rangecheck executed.
 Tdew -10 rangecheck executed.
 Tdew -10 rangecheck executed.
 Tdew -10 rangecheck executed.
 Tdew -10 rangecheck executed.
 Tdew -10 rangecheck executed.
 Tdew -10 rangecheck executed.
 Tdew -10 rangecheck executed.
 Tdew -10 rangecheck executed.
 Tdew -10 rangecheck executed.
 Tdew -10 rangecheck executed.
 Tdew -10 rangecheck executed.
 Tdew -10 rangecheck executed.
 Tdew -10 rangecheck executed.
 Tdew -10 rangecheck executed.
 Tdew -10 rangecheck executed.
 Tdew -10 rangecheck executed.
 Tdew -10 rangecheck executed.
 Tdew -10 rangecheck executed.
 Tdew -10 rangecheck executed.
 Tdew -10 rangecheck executed.
 Tdew -10 rangecheck executed.
 Tdew -10 rangecheck executed.
 Tdew -10 rangecheck executed.
 Tdew -10 rangecheck executed.
 Tdew -10 rangecheck executed.
 Tdew -10 rangecheck executed.
 Tdew -10 rangecheck executed.
 Tdew -10 rangecheck executed.
 Tdew -10 rangecheck executed.
 Tdew -10 rangecheck executed.
 Tdew -10 rangecheck executed.
 Tdew -10 rangecheck executed.
 Tdew -10 rangecheck executed.
 Tdew -10 rangecheck executed.
 Tdew -10 rangecheck executed.
 Tdew -10 rangecheck executed.
