

  ********************************************************************
  *                                                                  *
  *              USDA - WATER EROSION PREDICTION PROJECT             *
  *                 WEPP CLIMATE INPUT DATA GENERATOR                *
  *                                                                  *
  *                    CONTINUOUS SIMULATION AND                     *
  *                       SINGLE STORM OPTIONS                       *
  *                    with Command Line Options,                    *
  *                        and Corrections to                        *
  *                  Rainfall Intensity Calculations                 *
  *                   and Random Number Generation.                  *
  *                                                                  *
  *                          VERSION 5.30000                         *
  *                     Revised from VERSION 4.2                     *
  *                           October 2004                           *
  *                                                                  *
  *           (Use -h or /h to list command line options.)           *
  *                                                                  *
  ********************************************************************


 in126164.par                                                                                                                                                                                                                                                    
 0500000US18065.prn                                                                                                                                                                                                                                              
 Tdew -10 rangecheck executed.
 Tdew -10 rangecheck executed.
 Tdew -10 rangecheck executed.
 Tdew -10 rangecheck executed.
 Tdew -10 rangecheck executed.
 Tdew -10 rangecheck executed.
 FAILED K-S -- Parm:Time to Peak    Mon:           3  Year:        1988  N:         101
 FAILED K-S -- Parm:Time to Peak    Mon:           3  Year:        1988  N:         101
 FAILED K-S -- Parm:Time to Peak    Mon:           3  Year:        1988  N:         101
 FAILED K-S -- Parm:Time to Peak    Mon:           3  Year:        1988  N:         101
 FAILED K-S -- Parm:Time to Peak    Mon:           3  Year:        1988  N:         101
*** ERROR *** Could not produce desired level of quality in
                    << Time to Peak    >> random deviates.
 FAILED K-S -- Parm:Time to Peak    Mon:           3  Year:        1989  N:         111
 FAILED K-S -- Parm:Time to Peak    Mon:           3  Year:        1989  N:         111
 FAILED K-S -- Parm:Time to Peak    Mon:           3  Year:        1989  N:         111
 FAILED K-S -- Parm:Time to Peak    Mon:           3  Year:        1989  N:         111
 FAILED K-S -- Parm:Time to Peak    Mon:           3  Year:        1989  N:         111
*** ERROR *** Could not produce desired level of quality in
                    << Time to Peak    >> random deviates.
 Tdew -10 rangecheck executed.
 Tdew -10 rangecheck executed.
 FAILED K-S -- Parm:Time to Peak    Mon:           3  Year:        1990  N:         119
 FAILED K-S -- Parm:Time to Peak    Mon:           3  Year:        1990  N:         119
 FAILED K-S -- Parm:Time to Peak    Mon:           3  Year:        1990  N:         119
 FAILED K-S -- Parm:Time to Peak    Mon:           3  Year:        1990  N:         119
 FAILED K-S -- Parm:Time to Peak    Mon:           3  Year:        1990  N:         119
*** ERROR *** Could not produce desired level of quality in
                    << Time to Peak    >> random deviates.
 FAILED K-S -- Parm:Time to Peak    Mon:           3  Year:        1991  N:         129
 FAILED K-S -- Parm:Time to Peak    Mon:           3  Year:        1991  N:         129
 FAILED K-S -- Parm:Time to Peak    Mon:           3  Year:        1991  N:         129
 FAILED K-S -- Parm:Time to Peak    Mon:           3  Year:        1991  N:         129
At line 3013 of file cligen53.f (unit = 9, file = '0500000US18065.prn')
Fortran runtime error: Sequential READ or WRITE not allowed after EOF marker, possibly use REWIND or BACKSPACE
 FAILED K-S -- Parm:Time to Peak    Mon:           3  Year:        1991  N:         129
*** ERROR *** Could not produce desired level of quality in
                    << Time to Peak    >> random deviates.
 FAILED K-S -- Parm:Precip. Amt.    Mon:           9  Year:        1993  N:         102
 FAILED K-S -- Parm:Precip. Amt.    Mon:           9  Year:        1993  N:         102
 FAILED K-S -- Parm:Precip. Amt.    Mon:           9  Year:        1993  N:         102
 FAILED K-S -- Parm:Precip. Amt.    Mon:           9  Year:        1993  N:         102
 FAILED K-S -- Parm:Precip. Amt.    Mon:           9  Year:        1993  N:         102
*** ERROR *** Could not produce desired level of quality in
                    << Precip. Amt.    >> random deviates.
 Tdew -10 rangecheck executed.
 Tdew -10 rangecheck executed.
 FAILED K-S -- Parm:Precip. Amt.    Mon:           9  Year:        1994  N:         110
 FAILED K-S -- Parm:Precip. Amt.    Mon:           9  Year:        1994  N:         110
 FAILED K-S -- Parm:Precip. Amt.    Mon:           9  Year:        1994  N:         110
 FAILED K-S -- Parm:Precip. Amt.    Mon:           9  Year:        1994  N:         110
 FAILED K-S -- Parm:Precip. Amt.    Mon:           9  Year:        1994  N:         110
*** ERROR *** Could not produce desired level of quality in
                    << Precip. Amt.    >> random deviates.
 Failed SN SD test.
 Parm:Temp. Dew Pt.   Month:           9  Year:        1994  Mlevel=   10.0000000      SDlevel=   52.6736374      Days:         450
 FAILED K-S -- Parm:Precip. Amt.    Mon:           9  Year:        1995  N:         113
 FAILED K-S -- Parm:Precip. Amt.    Mon:           9  Year:        1995  N:         113
 FAILED K-S -- Parm:Precip. Amt.    Mon:           9  Year:        1995  N:         113
 FAILED K-S -- Parm:Precip. Amt.    Mon:           9  Year:        1995  N:         113
 FAILED K-S -- Parm:Precip. Amt.    Mon:           9  Year:        1995  N:         113
*** ERROR *** Could not produce desired level of quality in
                    << Precip. Amt.    >> random deviates.
 Tdew -10 rangecheck executed.
 Tdew -10 rangecheck executed.
 Tdew -10 rangecheck executed.
 Tdew -10 rangecheck executed.
 Tdew -10 rangecheck executed.
 Tdew -10 rangecheck executed.
 Tdew -10 rangecheck executed.
