At line 3013 of file cligen53.f (unit = 9, file = '0500000US47049.prn')
Fortran runtime error: Sequential READ or WRITE not allowed after EOF marker, possibly use REWIND or BACKSPACE


  ********************************************************************
  *                                                                  *
  *              USDA - WATER EROSION PREDICTION PROJECT             *
  *                 WEPP CLIMATE INPUT DATA GENERATOR                *
  *                                                                  *
  *                    CONTINUOUS SIMULATION AND                     *
  *                       SINGLE STORM OPTIONS                       *
  *                    with Command Line Options,                    *
  *                        and Corrections to                        *
  *                  Rainfall Intensity Calculations                 *
  *                   and Random Number Generation.                  *
  *                                                                  *
  *                          VERSION 5.30000                         *
  *                     Revised from VERSION 4.2                     *
  *                           October 2004                           *
  *                                                                  *
  *           (Use -h or /h to list command line options.)           *
  *                                                                  *
  ********************************************************************


 tn400081.par                                                                                                                                                                                                                                                    
 0500000US47049.prn                                                                                                                                                                                                                                              
 Tdew -10 rangecheck executed.
 Tdew -10 rangecheck executed.
 FAILED K-S -- Parm:Precip. Amt.    Mon:           6  Year:        1988  N:         107
 FAILED K-S -- Parm:Precip. Amt.    Mon:           6  Year:        1988  N:         107
 FAILED K-S -- Parm:Precip. Amt.    Mon:           6  Year:        1988  N:         107
 FAILED K-S -- Parm:Precip. Amt.    Mon:           6  Year:        1988  N:         107
 FAILED K-S -- Parm:Precip. Amt.    Mon:           6  Year:        1988  N:         107
*** ERROR *** Could not produce desired level of quality in
                    << Precip. Amt.    >> random deviates.
 Tdew -10 rangecheck executed.
