

  ********************************************************************
  *                                                                  *
  *              USDA - WATER EROSION PREDICTION PROJECT             *
  *                 WEPP CLIMATE INPUT DATA GENERATOR                *
  *                                                                  *
  *                    CONTINUOUS SIMULATION AND                     *
  *                       SINGLE STORM OPTIONS                       *
  *                    with Command Line Options,                    *
  *                        and Corrections to                        *
  *                  Rainfall Intensity Calculations                 *
  *                   and Random Number Generation.                  *
  *                                                                  *
  *                          VERSION 5.30000                         *
  *                     Revised from VERSION 4.2                     *
  *                           October 2004                           *
  *                                                                  *
  *           (Use -h or /h to list command line options.)           *
  *                                                                  *
  ********************************************************************


 ne250760.par                                                                                                                                                                                                                                                    
 0500000US31057.prn                                                                                                                                                                                                                                              
 Tdew -10 rangecheck executed.
 Tdew -10 rangecheck executed.
 Tdew -10 rangecheck executed.
 Tdew -10 rangecheck executed.
 Tdew -10 rangecheck executed.
 Tdew -10 rangecheck executed.
 Tdew -10 rangecheck executed.
 Tdew -10 rangecheck executed.
 Tdew -10 rangecheck executed.
 Tdew -10 rangecheck executed.
 Tdew -10 rangecheck executed.
 Tdew -10 rangecheck executed.
 Tdew -10 rangecheck executed.
 Tdew -10 rangecheck executed.
 Tdew -10 rangecheck executed.
 Tdew -10 rangecheck executed.
 Tdew -10 rangecheck executed.
 Tdew -10 rangecheck executed.
 Tdew -10 rangecheck executed.
 Tdew -10 rangecheck executed.
 Tdew -10 rangecheck executed.
 Tdew -10 rangecheck executed.
 Tdew -10 rangecheck executed.
 Tdew -10 rangecheck executed.
 Tdew -10 rangecheck executed.
 Tdew -10 rangecheck executed.
 Tdew -10 rangecheck executed.
 Tdew -10 rangecheck executed.
 Tdew -10 rangecheck executed.
 Tdew -10 rangecheck executed.
 Tdew -10 rangecheck executed.
 Tdew -10 rangecheck executed.
 Tdew -10 rangecheck executed.
 Tdew -10 rangecheck executed.
 Tdew -10 rangecheck executed.
 Tdew -10 rangecheck executed.
 Tdew -10 rangecheck executed.
 Tdew -10 rangecheck executed.
 Tdew -10 rangecheck executed.
 Tdew -10 rangecheck executed.
 Tdew -10 rangecheck executed.
 Failed SN SD test.
 Parm:Precip. Amt.    Month:           9  Year:        1991  Mlevel=   40.0000000      SDlevel=   52.1758690      Days:          53
 Failed SN SD test.
 Parm:Precip. Amt.    Month:           9  Year:        1991  Mlevel=   50.0000000      SDlevel=   52.4857407      Days:          53
 Failed SN SD test.
 Parm:Precip. Amt.    Month:           9  Year:        1991  Mlevel=   40.0000000      SDlevel=   54.7711983      Days:          53
 Failed SN SD test.
 Parm:Precip. Amt.    Month:           9  Year:        1991  Mlevel=   50.0000000      SDlevel=   53.4072876      Days:          53
 Failed SN SD test.
 Parm:Precip. Amt.    Month:           9  Year:        1991  Mlevel=   40.0000000      SDlevel=   54.5061646      Days:          53
*** ERROR *** Could not produce desired level of quality in
                    << Precip. Amt.    >> random deviates.
 Tdew -10 rangecheck executed.
 Tdew -10 rangecheck executed.
 Tdew -10 rangecheck executed.
 Failed SN SD test.
 Parm:Precip. Amt.    Month:           1  Year:        1994  Mlevel=   1.00000000      SDlevel=   52.9261932      Days:          51
 Failed SN SD test.
 Parm:Precip. Amt.    Month:           1  Year:        1994  Mlevel=   1.00000000      SDlevel=   53.6192398      Days:          51
 Failed SN SD test.
 Parm:Precip. Amt.    Month:           1  Year:        1994  Mlevel=   0.00000000      SDlevel=   53.8936615      Days:          51
 Failed SN SD test.
 Parm:Precip. Amt.    Month:           1  Year:        1994  Mlevel=   1.00000000      SDlevel=   53.8711014      Days:          51
 Failed SN SD test.
 Parm:Precip. Amt.    Month:           1  Year:        1994  Mlevel=   1.00000000      SDlevel=   54.0621643      Days:          51
*** ERROR *** Could not produce desired level of quality in
                    << Precip. Amt.    >> random deviates.
 Tdew -10 rangecheck executed.
 Tdew -10 rangecheck executed.
 Tdew -10 rangecheck executed.
 Tdew -10 rangecheck executed.
 Tdew -10 rangecheck executed.
 Tdew -10 rangecheck executed.
 Tdew -10 rangecheck executed.
 Tdew -10 rangecheck executed.
 Tdew -10 rangecheck executed.
 Tdew -10 rangecheck executed.
 Tdew -10 rangecheck executed.
 Tdew -10 rangecheck executed.
 Tdew -10 rangecheck executed.
 Tdew -10 rangecheck executed.
 Tdew -10 rangecheck executed.
 FAILED K-S -- Parm:Precip. Amt.    Mon:          12  Year:        2003  N:         101
 FAILED K-S -- Parm:Precip. Amt.    Mon:          12  Year:        2003  N:         101
 FAILED K-S -- Parm:Precip. Amt.    Mon:          12  Year:        2003  N:         101
 FAILED K-S -- Parm:Precip. Amt.    Mon:          12  Year:        2003  N:         101
 FAILED K-S -- Parm:Precip. Amt.    Mon:          12  Year:        2003  N:         101
*** ERROR *** Could not produce desired level of quality in
                    << Precip. Amt.    >> random deviates.
 Tdew -10 rangecheck executed.
 FAILED K-S -- Parm:Precip. Amt.    Mon:          12  Year:        2004  N:         105
 FAILED K-S -- Parm:Precip. Amt.    Mon:          12  Year:        2004  N:         105
 FAILED K-S -- Parm:Precip. Amt.    Mon:          12  Year:        2004  N:         105
 FAILED K-S -- Parm:Precip. Amt.    Mon:          12  Year:        2004  N:         105
 FAILED K-S -- Parm:Precip. Amt.    Mon:          12  Year:        2004  N:         105
*** ERROR *** Could not produce desired level of quality in
                    << Precip. Amt.    >> random deviates.
 Failed SN Mean test.
 Parm:Temp. Dew Pt.   Month:          12  Year:        2004  Mlevel=   60.0000000      SDlevel=   42.5746689      Days:         775
 Tdew -10 rangecheck executed.
 FAILED K-S -- Parm:Precip. Amt.    Mon:          12  Year:        2005  N:         111
 FAILED K-S -- Parm:Precip. Amt.    Mon:          12  Year:        2005  N:         111
 FAILED K-S -- Parm:Precip. Amt.    Mon:          12  Year:        2005  N:         111
 FAILED K-S -- Parm:Precip. Amt.    Mon:          12  Year:        2005  N:         111
 FAILED K-S -- Parm:Precip. Amt.    Mon:          12  Year:        2005  N:         111
*** ERROR *** Could not produce desired level of quality in
                    << Precip. Amt.    >> random deviates.
 Failed SN Mean test.
 Failed SN SD test.
 Parm:Temp. Dew Pt.   Month:          12  Year:        2005  Mlevel=   60.0000000      SDlevel=   74.0123444      Days:         806
 Tdew -10 rangecheck executed.
 Tdew -10 rangecheck executed.
 FAILED K-S -- Parm:Precip. Amt.    Mon:          12  Year:        2006  N:         114
 FAILED K-S -- Parm:Precip. Amt.    Mon:          12  Year:        2006  N:         114
 FAILED K-S -- Parm:Precip. Amt.    Mon:          12  Year:        2006  N:         114
 FAILED K-S -- Parm:Precip. Amt.    Mon:          12  Year:        2006  N:         114
 FAILED K-S -- Parm:Precip. Amt.    Mon:          12  Year:        2006  N:         114
*** ERROR *** Could not produce desired level of quality in
                    << Precip. Amt.    >> random deviates.
 Failed SN Mean test.
 Failed SN SD test.
 Parm:Temp. Dew Pt.   Month:          12  Year:        2006  Mlevel=   60.0000000      SDlevel=   96.2117615      Days:         837
 Tdew -10 rangecheck executed.
 Tdew -10 rangecheck executed.
 FAILED K-S -- Parm:Precip. Amt.    Mon:          12  Year:        2007  N:         120
 Failed SN SD test.
 Parm:Precip. Amt.    Month:          12  Year:        2007  Mlevel=   40.0000000      SDlevel=   84.1632156      Days:         120
 FAILED K-S -- Parm:Precip. Amt.    Mon:          12  Year:        2007  N:         120
 Failed SN SD test.
 Parm:Precip. Amt.    Month:          12  Year:        2007  Mlevel=   40.0000000      SDlevel=   84.1632156      Days:         120
 FAILED K-S -- Parm:Precip. Amt.    Mon:          12  Year:        2007  N:         120
 Failed SN SD test.
 Parm:Precip. Amt.    Month:          12  Year:        2007  Mlevel=   40.0000000      SDlevel=   84.1632156      Days:         120
 FAILED K-S -- Parm:Precip. Amt.    Mon:          12  Year:        2007  N:         120
 Failed SN SD test.
 Parm:Precip. Amt.    Month:          12  Year:        2007  Mlevel=   40.0000000      SDlevel=   84.1632156      Days:         120
 FAILED K-S -- Parm:Precip. Amt.    Mon:          12  Year:        2007  N:         120
 Failed SN SD test.
 Parm:Precip. Amt.    Month:          12  Year:        2007  Mlevel=   40.0000000      SDlevel=   84.1632156      Days:         120
*** ERROR *** Could not produce desired level of quality in
                    << Precip. Amt.    >> random deviates.
 Failed SN SD test.
 Parm:Temp. Dew Pt.   Month:          12  Year:        2007  Mlevel=   20.0000000      SDlevel=   99.7404556      Days:         868
 FAILED K-S -- Parm:Precip. Amt.    Mon:          12  Year:        2008  N:         125
 Failed SN SD test.
 Parm:Precip. Amt.    Month:          12  Year:        2008  Mlevel=   40.0000000      SDlevel=   77.6000519      Days:         125
 FAILED K-S -- Parm:Precip. Amt.    Mon:          12  Year:        2008  N:         125
 Failed SN SD test.
 Parm:Precip. Amt.    Month:          12  Year:        2008  Mlevel=   40.0000000      SDlevel=   77.6000519      Days:         125
 FAILED K-S -- Parm:Precip. Amt.    Mon:          12  Year:        2008  N:         125
 Failed SN SD test.
 Parm:Precip. Amt.    Month:          12  Year:        2008  Mlevel=   40.0000000      SDlevel=   77.6000519      Days:         125
 FAILED K-S -- Parm:Precip. Amt.    Mon:          12  Year:        2008  N:         125
 Failed SN SD test.
 Parm:Precip. Amt.    Month:          12  Year:        2008  Mlevel=   40.0000000      SDlevel=   77.6000519      Days:         125
 FAILED K-S -- Parm:Precip. Amt.    Mon:          12  Year:        2008  N:         125
 Failed SN SD test.
 Parm:Precip. Amt.    Month:          12  Year:        2008  Mlevel=   40.0000000      SDlevel=   77.6000519      Days:         125
*** ERROR *** Could not produce desired level of quality in
                    << Precip. Amt.    >> random deviates.
 Failed SN SD test.
 Parm:Temp. Dew Pt.   Month:          12  Year:        2008  Mlevel=   40.0000000      SDlevel=   99.9921646      Days:         899
 FAILED K-S -- Parm:Precip. Amt.    Mon:          12  Year:        2009  N:         125
 FAILED K-S -- Parm:Precip. Amt.    Mon:          12  Year:        2009  N:         125
 FAILED K-S -- Parm:Precip. Amt.    Mon:          12  Year:        2009  N:         125
 FAILED K-S -- Parm:Precip. Amt.    Mon:          12  Year:        2009  N:         125
 FAILED K-S -- Parm:Precip. Amt.    Mon:          12  Year:        2009  N:         125
*** ERROR *** Could not produce desired level of quality in
                    << Precip. Amt.    >> random deviates.
 Failed SN SD test.
 Parm:Temp. Dew Pt.   Month:          12  Year:        2009  Mlevel=   40.0000000      SDlevel=   99.9987640      Days:         930
 Tdew -10 rangecheck executed.
 FAILED K-S -- Parm:Precip. Amt.    Mon:          12  Year:        2010  N:         129
 Failed SN SD test.
 Parm:Precip. Amt.    Month:          12  Year:        2010  Mlevel=   40.0000000      SDlevel=   70.5309067      Days:         129
 FAILED K-S -- Parm:Precip. Amt.    Mon:          12  Year:        2010  N:         129
 Failed SN SD test.
 Parm:Precip. Amt.    Month:          12  Year:        2010  Mlevel=   40.0000000      SDlevel=   70.5309067      Days:         129
 FAILED K-S -- Parm:Precip. Amt.    Mon:          12  Year:        2010  N:         129
 Failed SN SD test.
 Parm:Precip. Amt.    Month:          12  Year:        2010  Mlevel=   40.0000000      SDlevel=   70.5309067      Days:         129
 FAILED K-S -- Parm:Precip. Amt.    Mon:          12  Year:        2010  N:         129
 Failed SN SD test.
 Parm:Precip. Amt.    Month:          12  Year:        2010  Mlevel=   40.0000000      SDlevel=   70.5309067      Days:         129
 FAILED K-S -- Parm:Precip. Amt.    Mon:          12  Year:        2010  N:         129
 Failed SN SD test.
 Parm:Precip. Amt.    Month:          12  Year:        2010  Mlevel=   40.0000000      SDlevel=   70.5309067      Days:         129
*** ERROR *** Could not produce desired level of quality in
                    << Precip. Amt.    >> random deviates.
 Failed SN SD test.
 Parm:Temp. Dew Pt.   Month:          12  Year:        2010  Mlevel=   50.0000000      SDlevel=   99.9998245      Days:         961
 Tdew -10 rangecheck executed.
 Tdew -10 rangecheck executed.
 FAILED K-S -- Parm:Precip. Amt.    Mon:          12  Year:        2011  N:         137
 Failed SN SD test.
 Parm:Precip. Amt.    Month:          12  Year:        2011  Mlevel=   50.0000000      SDlevel=   79.5232391      Days:         137
 FAILED K-S -- Parm:Precip. Amt.    Mon:          12  Year:        2011  N:         137
 Failed SN SD test.
 Parm:Precip. Amt.    Month:          12  Year:        2011  Mlevel=   50.0000000      SDlevel=   79.5232391      Days:         137
 Failed SN SD test.
 Parm:Precip. Amt.    Month:          12  Year:        2011  Mlevel=   30.0000000      SDlevel=   75.8169022      Days:         137
 FAILED K-S -- Parm:Precip. Amt.    Mon:          12  Year:        2011  N:         137
 Failed SN SD test.
 Parm:Precip. Amt.    Month:          12  Year:        2011  Mlevel=   30.0000000      SDlevel=   75.8169022      Days:         137
 FAILED K-S -- Parm:Precip. Amt.    Mon:          12  Year:        2011  N:         137
 Failed SN SD test.
 Parm:Precip. Amt.    Month:          12  Year:        2011  Mlevel=   30.0000000      SDlevel=   75.8169022      Days:         137
*** ERROR *** Could not produce desired level of quality in
                    << Precip. Amt.    >> random deviates.
 Failed SN SD test.
 Parm:Temp. Dew Pt.   Month:          12  Year:        2011  Mlevel=   30.0000000      SDlevel=   100.000000      Days:         992
 Tdew -10 rangecheck executed.
 FAILED K-S -- Parm:Precip. Amt.    Mon:          12  Year:        2012  N:         144
 Failed SN SD test.
 Parm:Precip. Amt.    Month:          12  Year:        2012  Mlevel=   40.0000000      SDlevel=   70.4295502      Days:         144
 FAILED K-S -- Parm:Precip. Amt.    Mon:          12  Year:        2012  N:         144
 Failed SN SD test.
 Parm:Precip. Amt.    Month:          12  Year:        2012  Mlevel=   40.0000000      SDlevel=   70.4295502      Days:         144
 FAILED K-S -- Parm:Precip. Amt.    Mon:          12  Year:        2012  N:         144
 Failed SN SD test.
 Parm:Precip. Amt.    Month:          12  Year:        2012  Mlevel=   40.0000000      SDlevel=   70.4295502      Days:         144
 FAILED K-S -- Parm:Precip. Amt.    Mon:          12  Year:        2012  N:         144
 Failed SN SD test.
 Parm:Precip. Amt.    Month:          12  Year:        2012  Mlevel=   40.0000000      SDlevel=   70.4295502      Days:         144
 Failed SN SD test.
 Parm:Precip. Amt.    Month:          12  Year:        2012  Mlevel=   50.0000000      SDlevel=   67.5155792      Days:         144
*** ERROR *** Could not produce desired level of quality in
                    << Precip. Amt.    >> random deviates.
 Failed SN SD test.
 Parm:Temp. Dew Pt.   Month:          12  Year:        2012  Mlevel=   30.0000000      SDlevel=   100.000000      Days:        1023
 Tdew -10 rangecheck executed.
 FAILED K-S -- Parm:Precip. Amt.    Mon:          12  Year:        2013  N:         145
 Failed SN SD test.
 Parm:Precip. Amt.    Month:          12  Year:        2013  Mlevel=   40.0000000      SDlevel=   71.5420227      Days:         145
 Failed SN SD test.
 Parm:Precip. Amt.    Month:          12  Year:        2013  Mlevel=   40.0000000      SDlevel=   70.9007034      Days:         145
 FAILED K-S -- Parm:Precip. Amt.    Mon:          12  Year:        2013  N:         145
 Failed SN SD test.
 Parm:Precip. Amt.    Month:          12  Year:        2013  Mlevel=   40.0000000      SDlevel=   70.9007034      Days:         145
 Failed SN SD test.
 Parm:Precip. Amt.    Month:          12  Year:        2013  Mlevel=   50.0000000      SDlevel=   68.1702271      Days:         145
 FAILED K-S -- Parm:Precip. Amt.    Mon:          12  Year:        2013  N:         145
 Failed SN SD test.
 Parm:Precip. Amt.    Month:          12  Year:        2013  Mlevel=   50.0000000      SDlevel=   68.1702271      Days:         145
*** ERROR *** Could not produce desired level of quality in
                    << Precip. Amt.    >> random deviates.
 Failed SN SD test.
 Parm:Temp. Dew Pt.   Month:          12  Year:        2013  Mlevel=   40.0000000      SDlevel=   100.000000      Days:        1054
 Tdew -10 rangecheck executed.
 Failed SN SD test.
 Parm:Precip. Amt.    Month:          12  Year:        2014  Mlevel=   50.0000000      SDlevel=   62.2645378      Days:         147
 FAILED K-S -- Parm:Precip. Amt.    Mon:          12  Year:        2014  N:         147
 Failed SN SD test.
 Parm:Precip. Amt.    Month:          12  Year:        2014  Mlevel=   50.0000000      SDlevel=   62.2645378      Days:         147
 Failed SN SD test.
 Parm:Precip. Amt.    Month:          12  Year:        2014  Mlevel=   50.0000000      SDlevel=   61.7051239      Days:         147
 FAILED K-S -- Parm:Precip. Amt.    Mon:          12  Year:        2014  N:         147
 Failed SN SD test.
 Parm:Precip. Amt.    Month:          12  Year:        2014  Mlevel=   50.0000000      SDlevel=   61.7051239      Days:         147
 FAILED K-S -- Parm:Precip. Amt.    Mon:          12  Year:        2014  N:         147
 Failed SN SD test.
 Parm:Precip. Amt.    Month:          12  Year:        2014  Mlevel=   50.0000000      SDlevel=   61.7051239      Days:         147
*** ERROR *** Could not produce desired level of quality in
                    << Precip. Amt.    >> random deviates.
 Failed SN SD test.
 Parm:Temp. Dew Pt.   Month:          12  Year:        2014  Mlevel=   40.0000000      SDlevel=   100.000000      Days:        1085
 Tdew -10 rangecheck executed.
 Tdew -10 rangecheck executed.
 Tdew -10 rangecheck executed.
 Failed SN SD test.
 Parm:Temp. Dew Pt.   Month:          12  Year:        2015  Mlevel=   20.0000000      SDlevel=   100.000000      Days:        1116
 Failed SN SD test.
 Parm:Temp. Dew Pt.   Month:          12  Year:        2015  Mlevel=   30.0000000      SDlevel=   100.000000      Days:        1116
 Failed SN SD test.
 Parm:Temp. Dew Pt.   Month:          12  Year:        2015  Mlevel=   30.0000000      SDlevel=   100.000000      Days:        1116
 Failed SN SD test.
 Parm:Temp. Dew Pt.   Month:          12  Year:        2015  Mlevel=   40.0000000      SDlevel=   100.000000      Days:        1116
 Failed SN SD test.
 Parm:Temp. Dew Pt.   Month:          12  Year:        2015  Mlevel=   50.0000000      SDlevel=   100.000000      Days:        1116
*** ERROR *** Could not produce desired level of quality in
                    << Temp. Dew Pt.   >> random deviates.
 Failed SN SD test.
 Parm:Temp. Dew Pt.   Month:          12  Year:        2016  Mlevel=   50.0000000      SDlevel=   100.000000      Days:        1147
 Failed SN SD test.
 Parm:Temp. Dew Pt.   Month:          12  Year:        2016  Mlevel=   50.0000000      SDlevel=   100.000000      Days:        1147
 Failed SN SD test.
 Parm:Temp. Dew Pt.   Month:          12  Year:        2016  Mlevel=   50.0000000      SDlevel=   100.000000      Days:        1147
 Failed SN SD test.
 Parm:Temp. Dew Pt.   Month:          12  Year:        2016  Mlevel=   40.0000000      SDlevel=   100.000000      Days:        1147
 Failed SN SD test.
 Parm:Temp. Dew Pt.   Month:          12  Year:        2016  Mlevel=   50.0000000      SDlevel=   100.000000      Days:        1147
At line 3013 of file cligen53.f (unit = 9, file = '0500000US31057.prn')
Fortran runtime error: Sequential READ or WRITE not allowed after EOF marker, possibly use REWIND or BACKSPACE
*** ERROR *** Could not produce desired level of quality in
                    << Temp. Dew Pt.   >> random deviates.
 Failed SN SD test.
 Parm:Temp. Dew Pt.   Month:          12  Year:        2017  Mlevel=   40.0000000      SDlevel=   100.000000      Days:        1178
 Failed SN SD test.
 Parm:Temp. Dew Pt.   Month:          12  Year:        2017  Mlevel=   40.0000000      SDlevel=   100.000000      Days:        1178
 Failed SN SD test.
 Parm:Temp. Dew Pt.   Month:          12  Year:        2017  Mlevel=   40.0000000      SDlevel=   100.000000      Days:        1178
 Failed SN SD test.
 Parm:Temp. Dew Pt.   Month:          12  Year:        2017  Mlevel=   50.0000000      SDlevel=   100.000000      Days:        1178
 Failed SN SD test.
 Parm:Temp. Dew Pt.   Month:          12  Year:        2017  Mlevel=   40.0000000      SDlevel=   100.000000      Days:        1178
*** ERROR *** Could not produce desired level of quality in
                    << Temp. Dew Pt.   >> random deviates.
