

  ********************************************************************
  *                                                                  *
  *              USDA - WATER EROSION PREDICTION PROJECT             *
  *                 WEPP CLIMATE INPUT DATA GENERATOR                *
  *                                                                  *
  *                    CONTINUOUS SIMULATION AND                     *
  *                       SINGLE STORM OPTIONS                       *
  *                    with Command Line Options,                    *
  *                        and Corrections to                        *
  *                  Rainfall Intensity Calculations                 *
  *                   and Random Number Generation.                  *
  *                                                                  *
  *                          VERSION 5.30000                         *
  *                     Revised from VERSION 4.2                     *
  *                           October 2004                           *
  *                                                                  *
  *           (Use -h or /h to list command line options.)           *
  *                                                                  *
  ********************************************************************


 tx412360.par                                                                                                                                                                                                                                                    
 0500000US48271.prn                                                                                                                                                                                                                                              
 Failed SN SD test.
 Parm:Precip. Amt.    Month:          12  Year:        1981  Mlevel=   20.0000000      SDlevel=   56.4841614      Days:          12
 Failed SN SD test.
 Parm:Precip. Amt.    Month:          12  Year:        1981  Mlevel=   10.0000000      SDlevel=   59.5148926      Days:          12
 Failed SN SD test.
 Parm:Precip. Amt.    Month:          12  Year:        1981  Mlevel=   20.0000000      SDlevel=   56.3592606      Days:          12
 Failed SN SD test.
 Parm:Precip. Amt.    Month:          12  Year:        1981  Mlevel=   20.0000000      SDlevel=   57.8334160      Days:          12
 Failed SN SD test.
 Parm:Precip. Amt.    Month:          12  Year:        1981  Mlevel=   1.00000000      SDlevel=   59.0941505      Days:          12
*** ERROR *** Could not produce desired level of quality in
                    << Precip. Amt.    >> random deviates.
 FAILED K-S -- Parm:Time to Peak    Mon:          12  Year:        1997  N:         102
 FAILED K-S -- Parm:Time to Peak    Mon:          12  Year:        1997  N:         102
 FAILED K-S -- Parm:Time to Peak    Mon:          12  Year:        1997  N:         102
 FAILED K-S -- Parm:Time to Peak    Mon:          12  Year:        1997  N:         102
 FAILED K-S -- Parm:Time to Peak    Mon:          12  Year:        1997  N:         102
*** ERROR *** Could not produce desired level of quality in
                    << Time to Peak    >> random deviates.
 FAILED K-S -- Parm:Time to Peak    Mon:          12  Year:        1998  N:         103
 FAILED K-S -- Parm:Time to Peak    Mon:          12  Year:        1998  N:         103
 FAILED K-S -- Parm:Time to Peak    Mon:          12  Year:        1998  N:         103
 FAILED K-S -- Parm:Time to Peak    Mon:          12  Year:        1998  N:         103
 FAILED K-S -- Parm:Time to Peak    Mon:          12  Year:        1998  N:         103
*** ERROR *** Could not produce desired level of quality in
                    << Time to Peak    >> random deviates.
 FAILED K-S -- Parm:Time to Peak    Mon:          12  Year:        1999  N:         108
 FAILED K-S -- Parm:Time to Peak    Mon:          12  Year:        1999  N:         108
 FAILED K-S -- Parm:Time to Peak    Mon:          12  Year:        1999  N:         108
At line 3013 of file cligen53.f (unit = 9, file = '0500000US48271.prn')
Fortran runtime error: Sequential READ or WRITE not allowed after EOF marker, possibly use REWIND or BACKSPACE
 FAILED K-S -- Parm:Time to Peak    Mon:          12  Year:        1999  N:         108
 FAILED K-S -- Parm:Time to Peak    Mon:          12  Year:        1999  N:         108
*** ERROR *** Could not produce desired level of quality in
                    << Time to Peak    >> random deviates.
 FAILED K-S -- Parm:Time to Peak    Mon:           9  Year:        2000  N:         100
 FAILED K-S -- Parm:Time to Peak    Mon:           9  Year:        2000  N:         100
 FAILED K-S -- Parm:Time to Peak    Mon:           9  Year:        2000  N:         100
 FAILED K-S -- Parm:Time to Peak    Mon:           9  Year:        2000  N:         100
 FAILED K-S -- Parm:Time to Peak    Mon:           9  Year:        2000  N:         100
*** ERROR *** Could not produce desired level of quality in
                    << Time to Peak    >> random deviates.
 FAILED K-S -- Parm:Time to Peak    Mon:           9  Year:        2001  N:         105
 FAILED K-S -- Parm:Time to Peak    Mon:           9  Year:        2001  N:         105
 FAILED K-S -- Parm:Time to Peak    Mon:           9  Year:        2001  N:         105
 FAILED K-S -- Parm:Time to Peak    Mon:           9  Year:        2001  N:         105
 FAILED K-S -- Parm:Time to Peak    Mon:           9  Year:        2001  N:         105
*** ERROR *** Could not produce desired level of quality in
                    << Time to Peak    >> random deviates.
 FAILED K-S -- Parm:Time to Peak    Mon:           9  Year:        2002  N:         109
 FAILED K-S -- Parm:Time to Peak    Mon:           9  Year:        2002  N:         109
 FAILED K-S -- Parm:Time to Peak    Mon:           9  Year:        2002  N:         109
 FAILED K-S -- Parm:Time to Peak    Mon:           9  Year:        2002  N:         109
 FAILED K-S -- Parm:Time to Peak    Mon:           9  Year:        2002  N:         109
*** ERROR *** Could not produce desired level of quality in
                    << Time to Peak    >> random deviates.
 FAILED K-S -- Parm:Time to Peak    Mon:           9  Year:        2003  N:         113
 FAILED K-S -- Parm:Time to Peak    Mon:           9  Year:        2003  N:         113
 FAILED K-S -- Parm:Time to Peak    Mon:           9  Year:        2003  N:         113
 FAILED K-S -- Parm:Time to Peak    Mon:           9  Year:        2003  N:         113
 FAILED K-S -- Parm:Time to Peak    Mon:           9  Year:        2003  N:         113
*** ERROR *** Could not produce desired level of quality in
                    << Time to Peak    >> random deviates.
