

  ********************************************************************
  *                                                                  *
  *              USDA - WATER EROSION PREDICTION PROJECT             *
  *                 WEPP CLIMATE INPUT DATA GENERATOR                *
  *                                                                  *
  *                    CONTINUOUS SIMULATION AND                     *
  *                       SINGLE STORM OPTIONS                       *
  *                    with Command Line Options,                    *
  *                        and Corrections to                        *
  *                  Rainfall Intensity Calculations                 *
  *                   and Random Number Generation.                  *
  *                                                                  *
  *                          VERSION 5.30000                         *
  *                     Revised from VERSION 4.2                     *
  *                           October 2004                           *
  *                                                                  *
  *           (Use -h or /h to list command line options.)           *
  *                                                                  *
  ********************************************************************


 az020949.par                                                                                                                                                                                                                                                    
 0500000US04012.prn                                                                                                                                                                                                                                              
 Failed SN SD test.
 Parm:Precip. Amt.    Month:           5  Year:        1990  Mlevel=   20.0000000      SDlevel=   63.0919952      Days:           5
 Failed SN SD test.
 Parm:Precip. Amt.    Month:           5  Year:        1990  Mlevel=   5.00000000      SDlevel=   68.1304245      Days:           5
 Failed SN SD test.
 Parm:Precip. Amt.    Month:           5  Year:        1990  Mlevel=   20.0000000      SDlevel=   61.8570747      Days:           5
 Failed SN SD test.
 Parm:Precip. Amt.    Month:           5  Year:        1990  Mlevel=   10.0000000      SDlevel=   64.1844254      Days:           5
 Failed SN SD test.
 Parm:Precip. Amt.    Month:           5  Year:        1990  Mlevel=   5.00000000      SDlevel=   64.6125793      Days:           5
*** ERROR *** Could not produce desired level of quality in
                    << Precip. Amt.    >> random deviates.
 Failed SN SD test.
 Parm:Precip. Amt.    Month:           4  Year:        1999  Mlevel=   5.00000000      SDlevel=   57.1354866      Days:          26
 Failed SN SD test.
 Parm:Precip. Amt.    Month:           4  Year:        1999  Mlevel=  0.500000000      SDlevel=   57.0634003      Days:          26
 Failed SN SD test.
 Parm:Precip. Amt.    Month:           4  Year:        1999  Mlevel=   0.00000000      SDlevel=   57.0421753      Days:          26
 Failed SN SD test.
 Parm:Precip. Amt.    Month:           4  Year:        1999  Mlevel=   0.00000000      SDlevel=   57.0095520      Days:          26
 Failed SN SD test.
 Parm:Precip. Amt.    Month:           4  Year:        1999  Mlevel=   1.00000000      SDlevel=   57.2128754      Days:          26
*** ERROR *** Could not produce desired level of quality in
                    << Precip. Amt.    >> random deviates.
 Failed SN SD test.
 Parm:Precip. Amt.    Month:           5  Year:        2005  Mlevel=   30.0000000      SDlevel=   53.2851562      Days:          13
 Failed SN SD test.
 Parm:Precip. Amt.    Month:           5  Year:        2005  Mlevel=   30.0000000      SDlevel=   57.0892448      Days:          13
 Failed SN SD test.
 Parm:Precip. Amt.    Month:           5  Year:        2005  Mlevel=   10.0000000      SDlevel=   57.2097664      Days:          13
 Failed SN SD test.
At line 3013 of file cligen53.f (unit = 9, file = '0500000US04012.prn')
Fortran runtime error: Sequential READ or WRITE not allowed after EOF marker, possibly use REWIND or BACKSPACE
 Parm:Precip. Amt.    Month:           5  Year:        2005  Mlevel=   10.0000000      SDlevel=   53.1764030      Days:          13
 Failed SN SD test.
 Parm:Precip. Amt.    Month:           5  Year:        2005  Mlevel=   30.0000000      SDlevel=   56.2949181      Days:          13
*** ERROR *** Could not produce desired level of quality in
                    << Precip. Amt.    >> random deviates.
 Failed SN SD test.
 Parm:Precip. Amt.    Month:           5  Year:        2006  Mlevel=   30.0000000      SDlevel=   56.2949181      Days:          13
 Failed SN SD test.
 Parm:Precip. Amt.    Month:           5  Year:        2006  Mlevel=   30.0000000      SDlevel=   56.2949181      Days:          13
 Failed SN SD test.
 Parm:Precip. Amt.    Month:           5  Year:        2006  Mlevel=   30.0000000      SDlevel=   56.2949181      Days:          13
 Failed SN SD test.
 Parm:Precip. Amt.    Month:           5  Year:        2006  Mlevel=   30.0000000      SDlevel=   56.2949181      Days:          13
 Failed SN SD test.
 Parm:Precip. Amt.    Month:           5  Year:        2006  Mlevel=   30.0000000      SDlevel=   56.2949181      Days:          13
*** ERROR *** Could not produce desired level of quality in
                    << Precip. Amt.    >> random deviates.
