

  ********************************************************************
  *                                                                  *
  *              USDA - WATER EROSION PREDICTION PROJECT             *
  *                 WEPP CLIMATE INPUT DATA GENERATOR                *
  *                                                                  *
  *                    CONTINUOUS SIMULATION AND                     *
  *                       SINGLE STORM OPTIONS                       *
  *                    with Command Line Options,                    *
  *                        and Corrections to                        *
  *                  Rainfall Intensity Calculations                 *
  *                   and Random Number Generation.                  *
  *                                                                  *
  *                          VERSION 5.30000                         *
  *                     Revised from VERSION 4.2                     *
  *                           October 2004                           *
  *                                                                  *
  *           (Use -h or /h to list command line options.)           *
  *                                                                  *
  ********************************************************************


 ks143527.par                                                                                                                                                                                                                                                    
 0500000US20051.prn                                                                                                                                                                                                                                              
 Tdew -10 rangecheck executed.
 Failed SN SD test.
 Parm:Precip. Amt.    Month:           2  Year:        1982  Mlevel=   1.00000000      SDlevel=   51.0386696      Days:           8
 Failed SN SD test.
 Parm:Precip. Amt.    Month:           2  Year:        1982  Mlevel=   0.00000000      SDlevel=   55.9160118      Days:           8
 Failed SN SD test.
 Parm:Precip. Amt.    Month:           2  Year:        1982  Mlevel=   20.0000000      SDlevel=   62.3221741      Days:           8
 Failed SN SD test.
 Parm:Precip. Amt.    Month:           2  Year:        1982  Mlevel=   1.00000000      SDlevel=   58.3462181      Days:           8
 Failed SN SD test.
 Parm:Precip. Amt.    Month:           2  Year:        1982  Mlevel=   30.0000000      SDlevel=   54.9251785      Days:           8
*** ERROR *** Could not produce desired level of quality in
                    << Precip. Amt.    >> random deviates.
 Tdew -10 rangecheck executed.
 Tdew -10 rangecheck executed.
 Tdew -10 rangecheck executed.
 Tdew -10 rangecheck executed.
 Tdew -10 rangecheck executed.
 Tdew -10 rangecheck executed.
 Tdew -10 rangecheck executed.
 Tdew -10 rangecheck executed.
 Tdew -10 rangecheck executed.
 Tdew -10 rangecheck executed.
 Tdew -10 rangecheck executed.
 Tdew -10 rangecheck executed.
 Tdew -10 rangecheck executed.
 Tdew -10 rangecheck executed.
 FAILED K-S -- Parm:Time to Peak    Mon:           8  Year:        1991  N:         104
 FAILED K-S -- Parm:Time to Peak    Mon:           8  Year:        1991  N:         104
 FAILED K-S -- Parm:Time to Peak    Mon:           8  Year:        1991  N:         104
 FAILED K-S -- Parm:Time to Peak    Mon:           8  Year:        1991  N:         104
 FAILED K-S -- Parm:Time to Peak    Mon:           8  Year:        1991  N:         104
*** ERROR *** Could not produce desired level of quality in
                    << Time to Peak    >> random deviates.
 FAILED K-S -- Parm:Time to Peak    Mon:           8  Year:        1992  N:         113
 FAILED K-S -- Parm:Time to Peak    Mon:           8  Year:        1992  N:         113
 FAILED K-S -- Parm:Time to Peak    Mon:           8  Year:        1992  N:         113
 FAILED K-S -- Parm:Time to Peak    Mon:           8  Year:        1992  N:         113
At line 3013 of file cligen53.f (unit = 9, file = '0500000US20051.prn')
Fortran runtime error: Sequential READ or WRITE not allowed after EOF marker, possibly use REWIND or BACKSPACE
 FAILED K-S -- Parm:Time to Peak    Mon:           8  Year:        1992  N:         113
*** ERROR *** Could not produce desired level of quality in
                    << Time to Peak    >> random deviates.
 FAILED K-S -- Parm:Precip. Amt.    Mon:           7  Year:        1993  N:         104
 FAILED K-S -- Parm:Precip. Amt.    Mon:           7  Year:        1993  N:         104
 FAILED K-S -- Parm:Precip. Amt.    Mon:           7  Year:        1993  N:         104
 FAILED K-S -- Parm:Precip. Amt.    Mon:           7  Year:        1993  N:         104
 FAILED K-S -- Parm:Precip. Amt.    Mon:           7  Year:        1993  N:         104
*** ERROR *** Could not produce desired level of quality in
                    << Precip. Amt.    >> random deviates.
 Tdew -10 rangecheck executed.
 FAILED K-S -- Parm:Precip. Amt.    Mon:           7  Year:        1994  N:         115
 FAILED K-S -- Parm:Precip. Amt.    Mon:           7  Year:        1994  N:         115
 FAILED K-S -- Parm:Precip. Amt.    Mon:           7  Year:        1994  N:         115
 FAILED K-S -- Parm:Precip. Amt.    Mon:           7  Year:        1994  N:         115
 FAILED K-S -- Parm:Precip. Amt.    Mon:           7  Year:        1994  N:         115
*** ERROR *** Could not produce desired level of quality in
                    << Precip. Amt.    >> random deviates.
 Tdew -10 rangecheck executed.
 FAILED K-S -- Parm:Precip. Amt.    Mon:           7  Year:        1995  N:         123
 FAILED K-S -- Parm:Precip. Amt.    Mon:           7  Year:        1995  N:         123
 FAILED K-S -- Parm:Precip. Amt.    Mon:           7  Year:        1995  N:         123
 FAILED K-S -- Parm:Precip. Amt.    Mon:           7  Year:        1995  N:         123
 FAILED K-S -- Parm:Precip. Amt.    Mon:           7  Year:        1995  N:         123
*** ERROR *** Could not produce desired level of quality in
                    << Precip. Amt.    >> random deviates.
 Tdew -10 rangecheck executed.
 Tdew -10 rangecheck executed.
 Tdew -10 rangecheck executed.
 Tdew -10 rangecheck executed.
 Tdew -10 rangecheck executed.
 FAILED K-S -- Parm:Precip. Amt.    Mon:           7  Year:        1996  N:         129
 FAILED K-S -- Parm:Precip. Amt.    Mon:           7  Year:        1996  N:         129
 FAILED K-S -- Parm:Precip. Amt.    Mon:           7  Year:        1996  N:         129
 FAILED K-S -- Parm:Precip. Amt.    Mon:           7  Year:        1996  N:         129
 FAILED K-S -- Parm:Precip. Amt.    Mon:           7  Year:        1996  N:         129
*** ERROR *** Could not produce desired level of quality in
                    << Precip. Amt.    >> random deviates.
 FAILED K-S -- Parm:Wind Vel.       Mon:           7  Year:        1996  N:         527
 Tdew -10 rangecheck executed.
 Tdew -10 rangecheck executed.
 Tdew -10 rangecheck executed.
 Tdew -10 rangecheck executed.
 Tdew -10 rangecheck executed.
 Tdew -10 rangecheck executed.
 Tdew -10 rangecheck executed.
 Tdew -10 rangecheck executed.
 Tdew -10 rangecheck executed.
 Tdew -10 rangecheck executed.
 Tdew -10 rangecheck executed.
 Tdew -10 rangecheck executed.
 Tdew -10 rangecheck executed.
