

  ********************************************************************
  *                                                                  *
  *              USDA - WATER EROSION PREDICTION PROJECT             *
  *                 WEPP CLIMATE INPUT DATA GENERATOR                *
  *                                                                  *
  *                    CONTINUOUS SIMULATION AND                     *
  *                       SINGLE STORM OPTIONS                       *
  *                    with Command Line Options,                    *
  *                        and Corrections to                        *
  *                  Rainfall Intensity Calculations                 *
  *                   and Random Number Generation.                  *
  *                                                                  *
  *                          VERSION 5.30000                         *
  *                     Revised from VERSION 4.2                     *
  *                           October 2004                           *
  *                                                                  *
  *           (Use -h or /h to list command line options.)           *
  *                                                                  *
  ********************************************************************


 tx411398.par                                                                                                                                                                                                                                                    
 0500000US48137.prn                                                                                                                                                                                                                                              
 FAILED K-S -- Parm:Time to Peak    Mon:           7  Year:        2000  N:         101
 FAILED K-S -- Parm:Time to Peak    Mon:           7  Year:        2000  N:         101
 FAILED K-S -- Parm:Time to Peak    Mon:           7  Year:        2000  N:         101
 FAILED K-S -- Parm:Time to Peak    Mon:           7  Year:        2000  N:         101
 FAILED K-S -- Parm:Time to Peak    Mon:           7  Year:        2000  N:         101
*** ERROR *** Could not produce desired level of quality in
                    << Time to Peak    >> random deviates.
 FAILED K-S -- Parm:Time to Peak    Mon:           7  Year:        2001  N:         106
 FAILED K-S -- Parm:Time to Peak    Mon:           7  Year:        2001  N:         106
 FAILED K-S -- Parm:Time to Peak    Mon:           7  Year:        2001  N:         106
 FAILED K-S -- Parm:Time to Peak    Mon:           7  Year:        2001  N:         106
 FAILED K-S -- Parm:Time to Peak    Mon:           7  Year:        2001  N:         106
*** ERROR *** Could not produce desired level of quality in
                    << Time to Peak    >> random deviates.
 FAILED K-S -- Parm:Time to Peak    Mon:           7  Year:        2002  N:         112
 FAILED K-S -- Parm:Time to Peak    Mon:           7  Year:        2002  N:         112
 FAILED K-S -- Parm:Time to Peak    Mon:           7  Year:        2002  N:         112
 FAILED K-S -- Parm:Time to Peak    Mon:           7  Year:        2002  N:         112
 FAILED K-S -- Parm:Time to Peak    Mon:           7  Year:        2002  N:         112
*** ERROR *** Could not produce desired level of quality in
                    << Time to Peak    >> random deviates.
 FAILED K-S -- Parm:Time to Peak    Mon:           7  Year:        2003  N:         115
 FAILED K-S -- Parm:Time to Peak    Mon:           7  Year:        2003  N:         115
 FAILED K-S -- Parm:Time to Peak    Mon:           7  Year:        2003  N:         115
 FAILED K-S -- Parm:Time to Peak    Mon:           7  Year:        2003  N:         115
 FAILED K-S -- Parm:Time to Peak    Mon:           7  Year:        2003  N:         115
*** ERROR *** Could not produce desired level of quality in
                    << Time to Peak    >> random deviates.
At line 3013 of file cligen53.f (unit = 9, file = '0500000US48137.prn')
Fortran runtime error: Sequential READ or WRITE not allowed after EOF marker, possibly use REWIND or BACKSPACE
