At line 3013 of file cligen53.f (unit = 9, file = '0500000US08103.prn')
Fortran runtime error: Sequential READ or WRITE not allowed after EOF marker, possibly use REWIND or BACKSPACE


  ********************************************************************
  *                                                                  *
  *              USDA - WATER EROSION PREDICTION PROJECT             *
  *                 WEPP CLIMATE INPUT DATA GENERATOR                *
  *                                                                  *
  *                    CONTINUOUS SIMULATION AND                     *
  *                       SINGLE STORM OPTIONS                       *
  *                    with Command Line Options,                    *
  *                        and Corrections to                        *
  *                  Rainfall Intensity Calculations                 *
  *                   and Random Number Generation.                  *
  *                                                                  *
  *                          VERSION 5.30000                         *
  *                     Revised from VERSION 4.2                     *
  *                           October 2004                           *
  *                                                                  *
  *           (Use -h or /h to list command line options.)           *
  *                                                                  *
  ********************************************************************


 co056832.par                                                                                                                                                                                                                                                    
 0500000US08103.prn                                                                                                                                                                                                                                              
 Tdew -10 rangecheck executed.
 Tdew -10 rangecheck executed.
 Tdew -10 rangecheck executed.
 Tdew -10 rangecheck executed.
 Tdew -10 rangecheck executed.
 Tdew -10 rangecheck executed.
 Tdew -10 rangecheck executed.
 Failed SN SD test.
 Parm:Precip. Amt.    Month:          11  Year:        1996  Mlevel=   50.0000000      SDlevel=   52.9058342      Days:          78
 Failed SN SD test.
 Parm:Precip. Amt.    Month:          11  Year:        1996  Mlevel=   50.0000000      SDlevel=   53.1751175      Days:          78
 Failed SN SD test.
 Parm:Precip. Amt.    Month:          11  Year:        1996  Mlevel=   40.0000000      SDlevel=   52.9165039      Days:          78
 Failed SN SD test.
 Parm:Precip. Amt.    Month:          11  Year:        1996  Mlevel=   50.0000000      SDlevel=   53.1750374      Days:          78
 Failed SN SD test.
 Parm:Precip. Amt.    Month:          11  Year:        1996  Mlevel=   50.0000000      SDlevel=   53.1628494      Days:          78
*** ERROR *** Could not produce desired level of quality in
                    << Precip. Amt.    >> random deviates.
 Tdew -10 rangecheck executed.
 Tdew -10 rangecheck executed.
 Tdew -10 rangecheck executed.
 Tdew -10 rangecheck executed.
 Tdew -10 rangecheck executed.
 Tdew -10 rangecheck executed.
 Tdew -10 rangecheck executed.
