

  ********************************************************************
  *                                                                  *
  *              USDA - WATER EROSION PREDICTION PROJECT             *
  *                 WEPP CLIMATE INPUT DATA GENERATOR                *
  *                                                                  *
  *                    CONTINUOUS SIMULATION AND                     *
  *                       SINGLE STORM OPTIONS                       *
  *                    with Command Line Options,                    *
  *                        and Corrections to                        *
  *                  Rainfall Intensity Calculations                 *
  *                   and Random Number Generation.                  *
  *                                                                  *
  *                          VERSION 5.30000                         *
  *                     Revised from VERSION 4.2                     *
  *                           October 2004                           *
  *                                                                  *
  *           (Use -h or /h to list command line options.)           *
  *                                                                  *
  ********************************************************************


 tn406750.par                                                                                                                                                                                                                                                    
 0500000US47145.prn                                                                                                                                                                                                                                              
 Tdew -10 rangecheck executed.
 FAILED K-S -- Parm:Time to Peak    Mon:           3  Year:        1988  N:         107
 FAILED K-S -- Parm:Time to Peak    Mon:           3  Year:        1988  N:         107
 FAILED K-S -- Parm:Time to Peak    Mon:           3  Year:        1988  N:         107
 FAILED K-S -- Parm:Time to Peak    Mon:           3  Year:        1988  N:         107
 FAILED K-S -- Parm:Time to Peak    Mon:           3  Year:        1988  N:         107
*** ERROR *** Could not produce desired level of quality in
                    << Time to Peak    >> random deviates.
 FAILED K-S -- Parm:Time to Peak    Mon:           3  Year:        1989  N:         117
 FAILED K-S -- Parm:Time to Peak    Mon:           3  Year:        1989  N:         117
 FAILED K-S -- Parm:Time to Peak    Mon:           3  Year:        1989  N:         117
 FAILED K-S -- Parm:Time to Peak    Mon:           3  Year:        1989  N:         117
 FAILED K-S -- Parm:Time to Peak    Mon:           3  Year:        1989  N:         117
*** ERROR *** Could not produce desired level of quality in
                    << Time to Peak    >> random deviates.
 FAILED K-S -- Parm:Time to Peak    Mon:           3  Year:        1990  N:         125
 FAILED K-S -- Parm:Time to Peak    Mon:           3  Year:        1990  N:         125
 FAILED K-S -- Parm:Time to Peak    Mon:           3  Year:        1990  N:         125
 FAILED K-S -- Parm:Time to Peak    Mon:           3  Year:        1990  N:         125
 FAILED K-S -- Parm:Time to Peak    Mon:           3  Year:        1990  N:         125
*** ERROR *** Could not produce desired level of quality in
                    << Time to Peak    >> random deviates.
 FAILED K-S -- Parm:Time to Peak    Mon:           3  Year:        1991  N:         135
 FAILED K-S -- Parm:Time to Peak    Mon:           3  Year:        1991  N:         135
 FAILED K-S -- Parm:Time to Peak    Mon:           3  Year:        1991  N:         135
 FAILED K-S -- Parm:Time to Peak    Mon:           3  Year:        1991  N:         135
 FAILED K-S -- Parm:Time to Peak    Mon:           3  Year:        1991  N:         135
*** ERROR *** Could not produce desired level of quality in
                    << Time to Peak    >> random deviates.
 FAILED K-S -- Parm:Time to Peak    Mon:           3  Year:        1992  N:         150
 FAILED K-S -- Parm:Time to Peak    Mon:           3  Year:        1992  N:         150
 FAILED K-S -- Parm:Time to Peak    Mon:           3  Year:        1992  N:         150
 FAILED K-S -- Parm:Time to Peak    Mon:           3  Year:        1992  N:         150
 FAILED K-S -- Parm:Time to Peak    Mon:           3  Year:        1992  N:         150
*** ERROR *** Could not produce desired level of quality in
                    << Time to Peak    >> random deviates.
 FAILED K-S -- Parm:Time to Peak    Mon:           3  Year:        1993  N:         162
 FAILED K-S -- Parm:Time to Peak    Mon:           3  Year:        1993  N:         162
 FAILED K-S -- Parm:Time to Peak    Mon:           3  Year:        1993  N:         162
 FAILED K-S -- Parm:Time to Peak    Mon:           3  Year:        1993  N:         162
 FAILED K-S -- Parm:Time to Peak    Mon:           3  Year:        1993  N:         162
*** ERROR *** Could not produce desired level of quality in
                    << Time to Peak    >> random deviates.
 FAILED K-S -- Parm:Time to Peak    Mon:           3  Year:        1994  N:         178
 FAILED K-S -- Parm:Time to Peak    Mon:           3  Year:        1994  N:         178
 FAILED K-S -- Parm:Time to Peak    Mon:           3  Year:        1994  N:         178
 FAILED K-S -- Parm:Time to Peak    Mon:           3  Year:        1994  N:         178
 FAILED K-S -- Parm:Time to Peak    Mon:           3  Year:        1994  N:         178
*** ERROR *** Could not produce desired level of quality in
                    << Time to Peak    >> random deviates.
 FAILED K-S -- Parm:Time to Peak    Mon:           3  Year:        1995  N:         191
 FAILED K-S -- Parm:Time to Peak    Mon:           3  Year:        1995  N:         191
 FAILED K-S -- Parm:Time to Peak    Mon:           3  Year:        1995  N:         191
 FAILED K-S -- Parm:Time to Peak    Mon:           3  Year:        1995  N:         191
 FAILED K-S -- Parm:Time to Peak    Mon:           3  Year:        1995  N:         191
*** ERROR *** Could not produce desired level of quality in
                    << Time to Peak    >> random deviates.
 Tdew -10 rangecheck executed.
 FAILED K-S -- Parm:Time to Peak    Mon:           3  Year:        1996  N:         208
 FAILED K-S -- Parm:Time to Peak    Mon:           3  Year:        1996  N:         208
 FAILED K-S -- Parm:Time to Peak    Mon:           3  Year:        1996  N:         208
 FAILED K-S -- Parm:Time to Peak    Mon:           3  Year:        1996  N:         208
 FAILED K-S -- Parm:Time to Peak    Mon:           3  Year:        1996  N:         208
*** ERROR *** Could not produce desired level of quality in
                    << Time to Peak    >> random deviates.
 FAILED K-S -- Parm:Time to Peak    Mon:           3  Year:        1997  N:         216
 FAILED K-S -- Parm:Time to Peak    Mon:           3  Year:        1997  N:         216
 FAILED K-S -- Parm:Time to Peak    Mon:           3  Year:        1997  N:         216
 FAILED K-S -- Parm:Time to Peak    Mon:           3  Year:        1997  N:         216
 FAILED K-S -- Parm:Time to Peak    Mon:           3  Year:        1997  N:         216
*** ERROR *** Could not produce desired level of quality in
                    << Time to Peak    >> random deviates.
 FAILED K-S -- Parm:Time to Peak    Mon:           3  Year:        1998  N:         227
 FAILED K-S -- Parm:Time to Peak    Mon:           3  Year:        1998  N:         227
 FAILED K-S -- Parm:Time to Peak    Mon:           3  Year:        1998  N:         227
 FAILED K-S -- Parm:Time to Peak    Mon:           3  Year:        1998  N:         227
 FAILED K-S -- Parm:Time to Peak    Mon:           3  Year:        1998  N:         227
*** ERROR *** Could not produce desired level of quality in
                    << Time to Peak    >> random deviates.
 FAILED K-S -- Parm:Time to Peak    Mon:           3  Year:        1999  N:         234
 FAILED K-S -- Parm:Time to Peak    Mon:           3  Year:        1999  N:         234
 FAILED K-S -- Parm:Time to Peak    Mon:           3  Year:        1999  N:         234
 FAILED K-S -- Parm:Time to Peak    Mon:           3  Year:        1999  N:         234
 FAILED K-S -- Parm:Time to Peak    Mon:           3  Year:        1999  N:         234
*** ERROR *** Could not produce desired level of quality in
                    << Time to Peak    >> random deviates.
 FAILED K-S -- Parm:Time to Peak    Mon:           3  Year:        2000  N:         242
 FAILED K-S -- Parm:Time to Peak    Mon:           3  Year:        2000  N:         242
 FAILED K-S -- Parm:Time to Peak    Mon:           3  Year:        2000  N:         242
 FAILED K-S -- Parm:Time to Peak    Mon:           3  Year:        2000  N:         242
 FAILED K-S -- Parm:Time to Peak    Mon:           3  Year:        2000  N:         242
*** ERROR *** Could not produce desired level of quality in
                    << Time to Peak    >> random deviates.
 FAILED K-S -- Parm:Time to Peak    Mon:           3  Year:        2001  N:         252
 FAILED K-S -- Parm:Time to Peak    Mon:           3  Year:        2001  N:         252
 FAILED K-S -- Parm:Time to Peak    Mon:           3  Year:        2001  N:         252
 FAILED K-S -- Parm:Time to Peak    Mon:           3  Year:        2001  N:         252
 FAILED K-S -- Parm:Time to Peak    Mon:           3  Year:        2001  N:         252
*** ERROR *** Could not produce desired level of quality in
                    << Time to Peak    >> random deviates.
 FAILED K-S -- Parm:Time to Peak    Mon:           3  Year:        2002  N:         266
 FAILED K-S -- Parm:Time to Peak    Mon:           3  Year:        2002  N:         266
 FAILED K-S -- Parm:Time to Peak    Mon:           3  Year:        2002  N:         266
 FAILED K-S -- Parm:Time to Peak    Mon:           3  Year:        2002  N:         266
 FAILED K-S -- Parm:Time to Peak    Mon:           3  Year:        2002  N:         266
*** ERROR *** Could not produce desired level of quality in
                    << Time to Peak    >> random deviates.
 FAILED K-S -- Parm:Time to Peak    Mon:           3  Year:        2003  N:         284
 FAILED K-S -- Parm:Time to Peak    Mon:           3  Year:        2003  N:         284
 FAILED K-S -- Parm:Time to Peak    Mon:           3  Year:        2003  N:         284
 FAILED K-S -- Parm:Time to Peak    Mon:           3  Year:        2003  N:         284
 FAILED K-S -- Parm:Time to Peak    Mon:           3  Year:        2003  N:         284
*** ERROR *** Could not produce desired level of quality in
                    << Time to Peak    >> random deviates.
 FAILED K-S -- Parm:Time to Peak    Mon:           3  Year:        2004  N:         299
 FAILED K-S -- Parm:Time to Peak    Mon:           3  Year:        2004  N:         299
 FAILED K-S -- Parm:Time to Peak    Mon:           3  Year:        2004  N:         299
 FAILED K-S -- Parm:Time to Peak    Mon:           3  Year:        2004  N:         299
 FAILED K-S -- Parm:Time to Peak    Mon:           3  Year:        2004  N:         299
*** ERROR *** Could not produce desired level of quality in
                    << Time to Peak    >> random deviates.
 FAILED K-S -- Parm:Time to Peak    Mon:           3  Year:        2005  N:         317
 FAILED K-S -- Parm:Time to Peak    Mon:           3  Year:        2005  N:         317
 FAILED K-S -- Parm:Time to Peak    Mon:           3  Year:        2005  N:         317
 FAILED K-S -- Parm:Time to Peak    Mon:           3  Year:        2005  N:         317
 FAILED K-S -- Parm:Time to Peak    Mon:           3  Year:        2005  N:         317
*** ERROR *** Could not produce desired level of quality in
                    << Time to Peak    >> random deviates.
 FAILED K-S -- Parm:Time to Peak    Mon:           3  Year:        2006  N:         329
 FAILED K-S -- Parm:Time to Peak    Mon:           3  Year:        2006  N:         329
 FAILED K-S -- Parm:Time to Peak    Mon:           3  Year:        2006  N:         329
 FAILED K-S -- Parm:Time to Peak    Mon:           3  Year:        2006  N:         329
 FAILED K-S -- Parm:Time to Peak    Mon:           3  Year:        2006  N:         329
*** ERROR *** Could not produce desired level of quality in
                    << Time to Peak    >> random deviates.
 FAILED K-S -- Parm:Time to Peak    Mon:           3  Year:        2007  N:         340
 FAILED K-S -- Parm:Time to Peak    Mon:           3  Year:        2007  N:         340
 FAILED K-S -- Parm:Time to Peak    Mon:           3  Year:        2007  N:         340
 FAILED K-S -- Parm:Time to Peak    Mon:           3  Year:        2007  N:         340
 FAILED K-S -- Parm:Time to Peak    Mon:           3  Year:        2007  N:         340
*** ERROR *** Could not produce desired level of quality in
                    << Time to Peak    >> random deviates.
 FAILED K-S -- Parm:Time to Peak    Mon:           3  Year:        2008  N:         356
 FAILED K-S -- Parm:Time to Peak    Mon:           3  Year:        2008  N:         356
 FAILED K-S -- Parm:Time to Peak    Mon:           3  Year:        2008  N:         356
 FAILED K-S -- Parm:Time to Peak    Mon:           3  Year:        2008  N:         356
 FAILED K-S -- Parm:Time to Peak    Mon:           3  Year:        2008  N:         356
*** ERROR *** Could not produce desired level of quality in
                    << Time to Peak    >> random deviates.
 FAILED K-S -- Parm:Time to Peak    Mon:           3  Year:        2009  N:         365
 FAILED K-S -- Parm:Time to Peak    Mon:           3  Year:        2009  N:         365
 FAILED K-S -- Parm:Time to Peak    Mon:           3  Year:        2009  N:         365
 FAILED K-S -- Parm:Time to Peak    Mon:           3  Year:        2009  N:         365
 FAILED K-S -- Parm:Time to Peak    Mon:           3  Year:        2009  N:         365
*** ERROR *** Could not produce desired level of quality in
                    << Time to Peak    >> random deviates.
 FAILED K-S -- Parm:Time to Peak    Mon:           3  Year:        2010  N:         378
 FAILED K-S -- Parm:Time to Peak    Mon:           3  Year:        2010  N:         378
 FAILED K-S -- Parm:Time to Peak    Mon:           3  Year:        2010  N:         378
 FAILED K-S -- Parm:Time to Peak    Mon:           3  Year:        2010  N:         378
 FAILED K-S -- Parm:Time to Peak    Mon:           3  Year:        2010  N:         378
*** ERROR *** Could not produce desired level of quality in
                    << Time to Peak    >> random deviates.
 FAILED K-S -- Parm:Time to Peak    Mon:           3  Year:        2011  N:         393
 FAILED K-S -- Parm:Time to Peak    Mon:           3  Year:        2011  N:         393
 FAILED K-S -- Parm:Time to Peak    Mon:           3  Year:        2011  N:         393
 FAILED K-S -- Parm:Time to Peak    Mon:           3  Year:        2011  N:         393
 FAILED K-S -- Parm:Time to Peak    Mon:           3  Year:        2011  N:         393
*** ERROR *** Could not produce desired level of quality in
                    << Time to Peak    >> random deviates.
 FAILED K-S -- Parm:Time to Peak    Mon:           3  Year:        2012  N:         405
 FAILED K-S -- Parm:Time to Peak    Mon:           3  Year:        2012  N:         405
 FAILED K-S -- Parm:Time to Peak    Mon:           3  Year:        2012  N:         405
 FAILED K-S -- Parm:Time to Peak    Mon:           3  Year:        2012  N:         405
 FAILED K-S -- Parm:Time to Peak    Mon:           3  Year:        2012  N:         405
*** ERROR *** Could not produce desired level of quality in
                    << Time to Peak    >> random deviates.
 FAILED K-S -- Parm:Time to Peak    Mon:           3  Year:        2013  N:         419
 FAILED K-S -- Parm:Time to Peak    Mon:           3  Year:        2013  N:         419
 FAILED K-S -- Parm:Time to Peak    Mon:           3  Year:        2013  N:         419
 FAILED K-S -- Parm:Time to Peak    Mon:           3  Year:        2013  N:         419
 FAILED K-S -- Parm:Time to Peak    Mon:           3  Year:        2013  N:         419
*** ERROR *** Could not produce desired level of quality in
                    << Time to Peak    >> random deviates.
 FAILED K-S -- Parm:Time to Peak    Mon:           3  Year:        2014  N:         431
At line 3013 of file cligen53.f (unit = 9, file = '0500000US47145.prn')
Fortran runtime error: Sequential READ or WRITE not allowed after EOF marker, possibly use REWIND or BACKSPACE
 FAILED K-S -- Parm:Time to Peak    Mon:           3  Year:        2014  N:         431
 FAILED K-S -- Parm:Time to Peak    Mon:           3  Year:        2014  N:         431
 FAILED K-S -- Parm:Time to Peak    Mon:           3  Year:        2014  N:         431
 FAILED K-S -- Parm:Time to Peak    Mon:           3  Year:        2014  N:         431
*** ERROR *** Could not produce desired level of quality in
                    << Time to Peak    >> random deviates.
