

  ********************************************************************
  *                                                                  *
  *              USDA - WATER EROSION PREDICTION PROJECT             *
  *                 WEPP CLIMATE INPUT DATA GENERATOR                *
  *                                                                  *
  *                    CONTINUOUS SIMULATION AND                     *
  *                       SINGLE STORM OPTIONS                       *
  *                    with Command Line Options,                    *
  *                        and Corrections to                        *
  *                  Rainfall Intensity Calculations                 *
  *                   and Random Number Generation.                  *
  *                                                                  *
  *                          VERSION 5.30000                         *
  *                     Revised from VERSION 4.2                     *
  *                           October 2004                           *
  *                                                                  *
  *           (Use -h or /h to list command line options.)           *
  *                                                                  *
  ********************************************************************


 ok349629.par                                                                                                                                                                                                                                                    
 0500000US40141.prn                                                                                                                                                                                                                                              
 FAILED K-S -- Parm:Time to Peak    Mon:           9  Year:        2003  N:         100
 FAILED K-S -- Parm:Time to Peak    Mon:           9  Year:        2003  N:         100
 FAILED K-S -- Parm:Time to Peak    Mon:           9  Year:        2003  N:         100
 FAILED K-S -- Parm:Time to Peak    Mon:           9  Year:        2003  N:         100
 FAILED K-S -- Parm:Time to Peak    Mon:           9  Year:        2003  N:         100
*** ERROR *** Could not produce desired level of quality in
                    << Time to Peak    >> random deviates.
 FAILED K-S -- Parm:Time to Peak    Mon:           9  Year:        2004  N:         106
 FAILED K-S -- Parm:Time to Peak    Mon:           9  Year:        2004  N:         106
 FAILED K-S -- Parm:Time to Peak    Mon:           9  Year:        2004  N:         106
 FAILED K-S -- Parm:Time to Peak    Mon:           9  Year:        2004  N:         106
 FAILED K-S -- Parm:Time to Peak    Mon:           9  Year:        2004  N:         106
*** ERROR *** Could not produce desired level of quality in
                    << Time to Peak    >> random deviates.
 FAILED K-S -- Parm:Time to Peak    Mon:           9  Year:        2005  N:         109
 FAILED K-S -- Parm:Time to Peak    Mon:           9  Year:        2005  N:         109
 FAILED K-S -- Parm:Time to Peak    Mon:           9  Year:        2005  N:         109
 FAILED K-S -- Parm:Time to Peak    Mon:           9  Year:        2005  N:         109
 FAILED K-S -- Parm:Time to Peak    Mon:           9  Year:        2005  N:         109
*** ERROR *** Could not produce desired level of quality in
                    << Time to Peak    >> random deviates.
 FAILED K-S -- Parm:Time to Peak    Mon:          12  Year:        2005  N:         100
 FAILED K-S -- Parm:Time to Peak    Mon:          12  Year:        2005  N:         100
 FAILED K-S -- Parm:Time to Peak    Mon:          12  Year:        2005  N:         100
 FAILED K-S -- Parm:Time to Peak    Mon:          12  Year:        2005  N:         100
 FAILED K-S -- Parm:Time to Peak    Mon:          12  Year:        2005  N:         100
*** ERROR *** Could not produce desired level of quality in
                    << Time to Peak    >> random deviates.
 FAILED K-S -- Parm:Time to Peak    Mon:           9  Year:        2006  N:         112
 FAILED K-S -- Parm:Time to Peak    Mon:           9  Year:        2006  N:         112
 FAILED K-S -- Parm:Time to Peak    Mon:           9  Year:        2006  N:         112
 FAILED K-S -- Parm:Time to Peak    Mon:           9  Year:        2006  N:         112
 FAILED K-S -- Parm:Time to Peak    Mon:           9  Year:        2006  N:         112
*** ERROR *** Could not produce desired level of quality in
                    << Time to Peak    >> random deviates.
 FAILED K-S -- Parm:Time to Peak    Mon:          12  Year:        2006  N:         103
 FAILED K-S -- Parm:Time to Peak    Mon:          12  Year:        2006  N:         103
 FAILED K-S -- Parm:Time to Peak    Mon:          12  Year:        2006  N:         103
 FAILED K-S -- Parm:Time to Peak    Mon:          12  Year:        2006  N:         103
 FAILED K-S -- Parm:Time to Peak    Mon:          12  Year:        2006  N:         103
*** ERROR *** Could not produce desired level of quality in
                    << Time to Peak    >> random deviates.
 FAILED K-S -- Parm:Time to Peak    Mon:          12  Year:        2007  N:         109
 FAILED K-S -- Parm:Time to Peak    Mon:          12  Year:        2007  N:         109
 FAILED K-S -- Parm:Time to Peak    Mon:          12  Year:        2007  N:         109
 FAILED K-S -- Parm:Time to Peak    Mon:          12  Year:        2007  N:         109
 FAILED K-S -- Parm:Time to Peak    Mon:          12  Year:        2007  N:         109
*** ERROR *** Could not produce desired level of quality in
                    << Time to Peak    >> random deviates.
 FAILED K-S -- Parm:Time to Peak    Mon:          12  Year:        2008  N:         113
 FAILED K-S -- Parm:Time to Peak    Mon:          12  Year:        2008  N:         113
 FAILED K-S -- Parm:Time to Peak    Mon:          12  Year:        2008  N:         113
 FAILED K-S -- Parm:Time to Peak    Mon:          12  Year:        2008  N:         113
 FAILED K-S -- Parm:Time to Peak    Mon:          12  Year:        2008  N:         113
*** ERROR *** Could not produce desired level of quality in
                    << Time to Peak    >> random deviates.
 FAILED K-S -- Parm:Time to Peak    Mon:          12  Year:        2009  N:         113
 FAILED K-S -- Parm:Time to Peak    Mon:          12  Year:        2009  N:         113
 FAILED K-S -- Parm:Time to Peak    Mon:          12  Year:        2009  N:         113
 FAILED K-S -- Parm:Time to Peak    Mon:          12  Year:        2009  N:         113
 FAILED K-S -- Parm:Time to Peak    Mon:          12  Year:        2009  N:         113
*** ERROR *** Could not produce desired level of quality in
                    << Time to Peak    >> random deviates.
 FAILED K-S -- Parm:Time to Peak    Mon:          12  Year:        2010  N:         116
 FAILED K-S -- Parm:Time to Peak    Mon:          12  Year:        2010  N:         116
 FAILED K-S -- Parm:Time to Peak    Mon:          12  Year:        2010  N:         116
 FAILED K-S -- Parm:Time to Peak    Mon:          12  Year:        2010  N:         116
 FAILED K-S -- Parm:Time to Peak    Mon:          12  Year:        2010  N:         116
*** ERROR *** Could not produce desired level of quality in
                    << Time to Peak    >> random deviates.
 FAILED K-S -- Parm:Time to Peak    Mon:          12  Year:        2011  N:         122
 FAILED K-S -- Parm:Time to Peak    Mon:          12  Year:        2011  N:         122
 FAILED K-S -- Parm:Time to Peak    Mon:          12  Year:        2011  N:         122
 FAILED K-S -- Parm:Time to Peak    Mon:          12  Year:        2011  N:         122
 FAILED K-S -- Parm:Time to Peak    Mon:          12  Year:        2011  N:         122
*** ERROR *** Could not produce desired level of quality in
                    << Time to Peak    >> random deviates.
 FAILED K-S -- Parm:Time to Peak    Mon:          12  Year:        2012  N:         129
 FAILED K-S -- Parm:Time to Peak    Mon:          12  Year:        2012  N:         129
 FAILED K-S -- Parm:Time to Peak    Mon:          12  Year:        2012  N:         129
At line 3013 of file cligen53.f (unit = 9, file = '0500000US40141.prn')
Fortran runtime error: Sequential READ or WRITE not allowed after EOF marker, possibly use REWIND or BACKSPACE
 FAILED K-S -- Parm:Time to Peak    Mon:          12  Year:        2012  N:         129
 FAILED K-S -- Parm:Time to Peak    Mon:          12  Year:        2012  N:         129
*** ERROR *** Could not produce desired level of quality in
                    << Time to Peak    >> random deviates.
 FAILED K-S -- Parm:Time to Peak    Mon:          12  Year:        2013  N:         130
 FAILED K-S -- Parm:Time to Peak    Mon:          12  Year:        2013  N:         130
 FAILED K-S -- Parm:Time to Peak    Mon:          12  Year:        2013  N:         130
 FAILED K-S -- Parm:Time to Peak    Mon:          12  Year:        2013  N:         130
 FAILED K-S -- Parm:Time to Peak    Mon:          12  Year:        2013  N:         130
*** ERROR *** Could not produce desired level of quality in
                    << Time to Peak    >> random deviates.
 FAILED K-S -- Parm:Time to Peak    Mon:          12  Year:        2014  N:         132
 FAILED K-S -- Parm:Time to Peak    Mon:          12  Year:        2014  N:         132
 FAILED K-S -- Parm:Time to Peak    Mon:          12  Year:        2014  N:         132
 FAILED K-S -- Parm:Time to Peak    Mon:          12  Year:        2014  N:         132
 FAILED K-S -- Parm:Time to Peak    Mon:          12  Year:        2014  N:         132
*** ERROR *** Could not produce desired level of quality in
                    << Time to Peak    >> random deviates.
