

  ********************************************************************
  *                                                                  *
  *              USDA - WATER EROSION PREDICTION PROJECT             *
  *                 WEPP CLIMATE INPUT DATA GENERATOR                *
  *                                                                  *
  *                    CONTINUOUS SIMULATION AND                     *
  *                       SINGLE STORM OPTIONS                       *
  *                    with Command Line Options,                    *
  *                        and Corrections to                        *
  *                  Rainfall Intensity Calculations                 *
  *                   and Random Number Generation.                  *
  *                                                                  *
  *                          VERSION 5.30000                         *
  *                     Revised from VERSION 4.2                     *
  *                           October 2004                           *
  *                                                                  *
  *           (Use -h or /h to list command line options.)           *
  *                                                                  *
  ********************************************************************


 tx415658.par                                                                                                                                                                                                                                                    
 0500000US48345.prn                                                                                                                                                                                                                                              
 Tdew -10 rangecheck executed.
 Tdew -10 rangecheck executed.
 Tdew -10 rangecheck executed.
 Tdew -10 rangecheck executed.
 Tdew -10 rangecheck executed.
 Tdew -10 rangecheck executed.
 FAILED K-S -- Parm:Precip. Amt.    Mon:           7  Year:        2000  N:         102
 FAILED K-S -- Parm:Precip. Amt.    Mon:           7  Year:        2000  N:         102
 FAILED K-S -- Parm:Precip. Amt.    Mon:           7  Year:        2000  N:         102
 FAILED K-S -- Parm:Precip. Amt.    Mon:           7  Year:        2000  N:         102
 FAILED K-S -- Parm:Precip. Amt.    Mon:           7  Year:        2000  N:         102
*** ERROR *** Could not produce desired level of quality in
                    << Precip. Amt.    >> random deviates.
 FAILED K-S -- Parm:Time to Peak    Mon:           7  Year:        2000  N:         102
 FAILED K-S -- Parm:Precip. Amt.    Mon:           7  Year:        2001  N:         108
 FAILED K-S -- Parm:Precip. Amt.    Mon:           7  Year:        2001  N:         108
 FAILED K-S -- Parm:Precip. Amt.    Mon:           7  Year:        2001  N:         108
 FAILED K-S -- Parm:Precip. Amt.    Mon:           7  Year:        2001  N:         108
 FAILED K-S -- Parm:Precip. Amt.    Mon:           7  Year:        2001  N:         108
*** ERROR *** Could not produce desired level of quality in
                    << Precip. Amt.    >> random deviates.
 FAILED K-S -- Parm:Time to Peak    Mon:           7  Year:        2001  N:         105
 FAILED K-S -- Parm:Precip. Amt.    Mon:           7  Year:        2002  N:         114
 FAILED K-S -- Parm:Precip. Amt.    Mon:           7  Year:        2002  N:         114
 FAILED K-S -- Parm:Precip. Amt.    Mon:           7  Year:        2002  N:         114
 FAILED K-S -- Parm:Precip. Amt.    Mon:           7  Year:        2002  N:         114
 FAILED K-S -- Parm:Precip. Amt.    Mon:           7  Year:        2002  N:         114
*** ERROR *** Could not produce desired level of quality in
                    << Precip. Amt.    >> random deviates.
 FAILED K-S -- Parm:Wind Dir.       Mon:           7  Year:        2002  N:         713
 FAILED K-S -- Parm:Time to Peak    Mon:           7  Year:        2002  N:         105
 FAILED K-S -- Parm:Time to Peak    Mon:          11  Year:        2002  N:         101
 FAILED K-S -- Parm:Time to Peak    Mon:          11  Year:        2002  N:         101
 FAILED K-S -- Parm:Time to Peak    Mon:          11  Year:        2002  N:         101
 FAILED K-S -- Parm:Time to Peak    Mon:          11  Year:        2002  N:         101
 FAILED K-S -- Parm:Time to Peak    Mon:          11  Year:        2002  N:         101
*** ERROR *** Could not produce desired level of quality in
                    << Time to Peak    >> random deviates.
 Failed SN SD test.
 Parm:Precip. Amt.    Month:           3  Year:        2003  Mlevel=   40.0000000      SDlevel=   51.0428200      Days:         111
 FAILED K-S -- Parm:Precip. Amt.    Mon:           3  Year:        2003  N:         111
 Failed SN SD test.
 Parm:Precip. Amt.    Month:           3  Year:        2003  Mlevel=   40.0000000      SDlevel=   51.0428200      Days:         111
 FAILED K-S -- Parm:Precip. Amt.    Mon:           3  Year:        2003  N:         111
 Failed SN SD test.
 Parm:Precip. Amt.    Month:           3  Year:        2003  Mlevel=   40.0000000      SDlevel=   51.0428200      Days:         111
 FAILED K-S -- Parm:Precip. Amt.    Mon:           3  Year:        2003  N:         111
 Failed SN SD test.
 Parm:Precip. Amt.    Month:           3  Year:        2003  Mlevel=   40.0000000      SDlevel=   51.0428200      Days:         111
 Failed SN SD test.
 Parm:Precip. Amt.    Month:           3  Year:        2003  Mlevel=   40.0000000      SDlevel=   51.0443687      Days:         111
*** ERROR *** Could not produce desired level of quality in
                    << Precip. Amt.    >> random deviates.
 FAILED K-S -- Parm:Precip. Amt.    Mon:           7  Year:        2003  N:         117
 FAILED K-S -- Parm:Precip. Amt.    Mon:           7  Year:        2003  N:         117
 FAILED K-S -- Parm:Precip. Amt.    Mon:           7  Year:        2003  N:         117
 FAILED K-S -- Parm:Precip. Amt.    Mon:           7  Year:        2003  N:         117
 FAILED K-S -- Parm:Precip. Amt.    Mon:           7  Year:        2003  N:         117
*** ERROR *** Could not produce desired level of quality in
                    << Precip. Amt.    >> random deviates.
 FAILED K-S -- Parm:Time to Peak    Mon:           7  Year:        2003  N:         102
 FAILED K-S -- Parm:Time to Peak    Mon:          11  Year:        2003  N:         106
 FAILED K-S -- Parm:Time to Peak    Mon:          11  Year:        2003  N:         106
 FAILED K-S -- Parm:Time to Peak    Mon:          11  Year:        2003  N:         106
 FAILED K-S -- Parm:Time to Peak    Mon:          11  Year:        2003  N:         106
 FAILED K-S -- Parm:Time to Peak    Mon:          11  Year:        2003  N:         106
*** ERROR *** Could not produce desired level of quality in
                    << Time to Peak    >> random deviates.
 FAILED K-S -- Parm:Time to Peak    Mon:          11  Year:        2004  N:         109
 FAILED K-S -- Parm:Time to Peak    Mon:          11  Year:        2004  N:         109
 FAILED K-S -- Parm:Time to Peak    Mon:          11  Year:        2004  N:         109
 FAILED K-S -- Parm:Time to Peak    Mon:          11  Year:        2004  N:         109
 FAILED K-S -- Parm:Time to Peak    Mon:          11  Year:        2004  N:         109
*** ERROR *** Could not produce desired level of quality in
                    << Time to Peak    >> random deviates.
 FAILED K-S -- Parm:Time to Peak    Mon:          11  Year:        2005  N:         114
 FAILED K-S -- Parm:Time to Peak    Mon:          11  Year:        2005  N:         114
 FAILED K-S -- Parm:Time to Peak    Mon:          11  Year:        2005  N:         114
 FAILED K-S -- Parm:Time to Peak    Mon:          11  Year:        2005  N:         114
 FAILED K-S -- Parm:Time to Peak    Mon:          11  Year:        2005  N:         114
*** ERROR *** Could not produce desired level of quality in
                    << Time to Peak    >> random deviates.
 FAILED K-S -- Parm:Time to Peak    Mon:          11  Year:        2006  N:         117
 FAILED K-S -- Parm:Time to Peak    Mon:          11  Year:        2006  N:         117
At line 3013 of file cligen53.f (unit = 9, file = '0500000US48345.prn')
Fortran runtime error: Sequential READ or WRITE not allowed after EOF marker, possibly use REWIND or BACKSPACE
 FAILED K-S -- Parm:Time to Peak    Mon:          11  Year:        2006  N:         117
 FAILED K-S -- Parm:Time to Peak    Mon:          11  Year:        2006  N:         117
 FAILED K-S -- Parm:Time to Peak    Mon:          11  Year:        2006  N:         117
*** ERROR *** Could not produce desired level of quality in
                    << Time to Peak    >> random deviates.
 FAILED K-S -- Parm:Time to Peak    Mon:          11  Year:        2007  N:         118
 FAILED K-S -- Parm:Time to Peak    Mon:          11  Year:        2007  N:         118
 FAILED K-S -- Parm:Time to Peak    Mon:          11  Year:        2007  N:         118
 FAILED K-S -- Parm:Time to Peak    Mon:          11  Year:        2007  N:         118
 FAILED K-S -- Parm:Time to Peak    Mon:          11  Year:        2007  N:         118
*** ERROR *** Could not produce desired level of quality in
                    << Time to Peak    >> random deviates.
 FAILED K-S -- Parm:Time to Peak    Mon:          11  Year:        2008  N:         122
 FAILED K-S -- Parm:Time to Peak    Mon:          11  Year:        2008  N:         122
 FAILED K-S -- Parm:Time to Peak    Mon:          11  Year:        2008  N:         122
 FAILED K-S -- Parm:Time to Peak    Mon:          11  Year:        2008  N:         122
 FAILED K-S -- Parm:Time to Peak    Mon:          11  Year:        2008  N:         122
*** ERROR *** Could not produce desired level of quality in
                    << Time to Peak    >> random deviates.
 FAILED K-S -- Parm:Time to Peak    Mon:          11  Year:        2009  N:         122
 FAILED K-S -- Parm:Time to Peak    Mon:          11  Year:        2009  N:         122
 FAILED K-S -- Parm:Time to Peak    Mon:          11  Year:        2009  N:         122
 FAILED K-S -- Parm:Time to Peak    Mon:          11  Year:        2009  N:         122
 FAILED K-S -- Parm:Time to Peak    Mon:          11  Year:        2009  N:         122
*** ERROR *** Could not produce desired level of quality in
                    << Time to Peak    >> random deviates.
 FAILED K-S -- Parm:Time to Peak    Mon:          11  Year:        2010  N:         127
 FAILED K-S -- Parm:Time to Peak    Mon:          11  Year:        2010  N:         127
 FAILED K-S -- Parm:Time to Peak    Mon:          11  Year:        2010  N:         127
 FAILED K-S -- Parm:Time to Peak    Mon:          11  Year:        2010  N:         127
 FAILED K-S -- Parm:Time to Peak    Mon:          11  Year:        2010  N:         127
*** ERROR *** Could not produce desired level of quality in
                    << Time to Peak    >> random deviates.
 Tdew -10 rangecheck executed.
 FAILED K-S -- Parm:Time to Peak    Mon:          11  Year:        2011  N:         130
 FAILED K-S -- Parm:Time to Peak    Mon:          11  Year:        2011  N:         130
 FAILED K-S -- Parm:Time to Peak    Mon:          11  Year:        2011  N:         130
 FAILED K-S -- Parm:Time to Peak    Mon:          11  Year:        2011  N:         130
 FAILED K-S -- Parm:Time to Peak    Mon:          11  Year:        2011  N:         130
*** ERROR *** Could not produce desired level of quality in
                    << Time to Peak    >> random deviates.
 FAILED K-S -- Parm:Time to Peak    Mon:          11  Year:        2012  N:         132
 FAILED K-S -- Parm:Time to Peak    Mon:          11  Year:        2012  N:         132
 FAILED K-S -- Parm:Time to Peak    Mon:          11  Year:        2012  N:         132
 FAILED K-S -- Parm:Time to Peak    Mon:          11  Year:        2012  N:         132
 FAILED K-S -- Parm:Time to Peak    Mon:          11  Year:        2012  N:         132
*** ERROR *** Could not produce desired level of quality in
                    << Time to Peak    >> random deviates.
 Tdew -10 rangecheck executed.
