

  ********************************************************************
  *                                                                  *
  *              USDA - WATER EROSION PREDICTION PROJECT             *
  *                 WEPP CLIMATE INPUT DATA GENERATOR                *
  *                                                                  *
  *                    CONTINUOUS SIMULATION AND                     *
  *                       SINGLE STORM OPTIONS                       *
  *                    with Command Line Options,                    *
  *                        and Corrections to                        *
  *                  Rainfall Intensity Calculations                 *
  *                   and Random Number Generation.                  *
  *                                                                  *
  *                          VERSION 5.30000                         *
  *                     Revised from VERSION 4.2                     *
  *                           October 2004                           *
  *                                                                  *
  *           (Use -h or /h to list command line options.)           *
  *                                                                  *
  ********************************************************************


 ks140682.par                                                                                                                                                                                                                                                    
 0500000US20157.prn                                                                                                                                                                                                                                              
 Tdew -10 rangecheck executed.
 Tdew -10 rangecheck executed.
 Tdew -10 rangecheck executed.
 Tdew -10 rangecheck executed.
 Tdew -10 rangecheck executed.
 Tdew -10 rangecheck executed.
 Tdew -10 rangecheck executed.
 Failed SN SD test.
 Parm:Precip. Amt.    Month:          10  Year:        1983  Mlevel=   1.00000000      SDlevel=   56.9064636      Days:          23
 Failed SN SD test.
 Parm:Precip. Amt.    Month:          10  Year:        1983  Mlevel=   10.0000000      SDlevel=   54.5754929      Days:          23
 Failed SN SD test.
 Parm:Precip. Amt.    Month:          10  Year:        1983  Mlevel=   1.00000000      SDlevel=   55.0549622      Days:          23
 Failed SN SD test.
 Parm:Precip. Amt.    Month:          10  Year:        1983  Mlevel=   1.00000000      SDlevel=   56.8948746      Days:          23
 Failed SN SD test.
 Parm:Precip. Amt.    Month:          10  Year:        1983  Mlevel=   1.00000000      SDlevel=   54.6083260      Days:          23
*** ERROR *** Could not produce desired level of quality in
                    << Precip. Amt.    >> random deviates.
 Failed SN Mean test.
 Parm:Temp. Dew Pt.   Month:          10  Year:        1983  Mlevel=   70.0000000      SDlevel=   5.11560440      Days:         124
 Tdew -10 rangecheck executed.
 Tdew -10 rangecheck executed.
 Tdew -10 rangecheck executed.
 Tdew -10 rangecheck executed.
 Tdew -10 rangecheck executed.
 Tdew -10 rangecheck executed.
 Tdew -10 rangecheck executed.
 Tdew -10 rangecheck executed.
 Tdew -10 rangecheck executed.
 Tdew -10 rangecheck executed.
 Tdew -10 rangecheck executed.
 Tdew -10 rangecheck executed.
 Tdew -10 rangecheck executed.
 Tdew -10 rangecheck executed.
 Tdew -10 rangecheck executed.
 Tdew -10 rangecheck executed.
 Tdew -10 rangecheck executed.
 Tdew -10 rangecheck executed.
 Tdew -10 rangecheck executed.
 Tdew -10 rangecheck executed.
 Tdew -10 rangecheck executed.
 Tdew -10 rangecheck executed.
 Tdew -10 rangecheck executed.
 Tdew -10 rangecheck executed.
 Tdew -10 rangecheck executed.
 Tdew -10 rangecheck executed.
 Tdew -10 rangecheck executed.
 Tdew -10 rangecheck executed.
 Tdew -10 rangecheck executed.
 Tdew -10 rangecheck executed.
 Tdew -10 rangecheck executed.
 Tdew -10 rangecheck executed.
 Tdew -10 rangecheck executed.
 Tdew -10 rangecheck executed.
 Tdew -10 rangecheck executed.
 Tdew -10 rangecheck executed.
 FAILED K-S -- Parm:Precip. Amt.    Mon:           2  Year:        2006  N:         101
 FAILED K-S -- Parm:Precip. Amt.    Mon:           2  Year:        2006  N:         101
 FAILED K-S -- Parm:Precip. Amt.    Mon:           2  Year:        2006  N:         101
 FAILED K-S -- Parm:Precip. Amt.    Mon:           2  Year:        2006  N:         101
 FAILED K-S -- Parm:Precip. Amt.    Mon:           2  Year:        2006  N:         101
*** ERROR *** Could not produce desired level of quality in
                    << Precip. Amt.    >> random deviates.
 FAILED K-S -- Parm:Precip. Amt.    Mon:           2  Year:        2007  N:         105
 FAILED K-S -- Parm:Precip. Amt.    Mon:           2  Year:        2007  N:         105
 FAILED K-S -- Parm:Precip. Amt.    Mon:           2  Year:        2007  N:         105
 FAILED K-S -- Parm:Precip. Amt.    Mon:           2  Year:        2007  N:         105
 FAILED K-S -- Parm:Precip. Amt.    Mon:           2  Year:        2007  N:         105
*** ERROR *** Could not produce desired level of quality in
                    << Precip. Amt.    >> random deviates.
 FAILED K-S -- Parm:Precip. Amt.    Mon:           2  Year:        2008  N:         109
 FAILED K-S -- Parm:Precip. Amt.    Mon:           2  Year:        2008  N:         109
 FAILED K-S -- Parm:Precip. Amt.    Mon:           2  Year:        2008  N:         109
 FAILED K-S -- Parm:Precip. Amt.    Mon:           2  Year:        2008  N:         109
 FAILED K-S -- Parm:Precip. Amt.    Mon:           2  Year:        2008  N:         109
*** ERROR *** Could not produce desired level of quality in
                    << Precip. Amt.    >> random deviates.
 FAILED K-S -- Parm:Precip. Amt.    Mon:           2  Year:        2009  N:         117
 FAILED K-S -- Parm:Precip. Amt.    Mon:           2  Year:        2009  N:         117
 FAILED K-S -- Parm:Precip. Amt.    Mon:           2  Year:        2009  N:         117
 FAILED K-S -- Parm:Precip. Amt.    Mon:           2  Year:        2009  N:         117
 FAILED K-S -- Parm:Precip. Amt.    Mon:           2  Year:        2009  N:         117
*** ERROR *** Could not produce desired level of quality in
                    << Precip. Amt.    >> random deviates.
 Tdew -10 rangecheck executed.
 Tdew -10 rangecheck executed.
 FAILED K-S -- Parm:Precip. Amt.    Mon:           2  Year:        2010  N:         119
 FAILED K-S -- Parm:Precip. Amt.    Mon:           2  Year:        2010  N:         119
 FAILED K-S -- Parm:Precip. Amt.    Mon:           2  Year:        2010  N:         119
 FAILED K-S -- Parm:Precip. Amt.    Mon:           2  Year:        2010  N:         119
 FAILED K-S -- Parm:Precip. Amt.    Mon:           2  Year:        2010  N:         119
*** ERROR *** Could not produce desired level of quality in
                    << Precip. Amt.    >> random deviates.
 FAILED K-S -- Parm:Precip. Amt.    Mon:           2  Year:        2011  N:         125
 FAILED K-S -- Parm:Precip. Amt.    Mon:           2  Year:        2011  N:         125
 FAILED K-S -- Parm:Precip. Amt.    Mon:           2  Year:        2011  N:         125
 FAILED K-S -- Parm:Precip. Amt.    Mon:           2  Year:        2011  N:         125
 FAILED K-S -- Parm:Precip. Amt.    Mon:           2  Year:        2011  N:         125
*** ERROR *** Could not produce desired level of quality in
                    << Precip. Amt.    >> random deviates.
 Tdew -10 rangecheck executed.
 FAILED K-S -- Parm:Precip. Amt.    Mon:           2  Year:        2012  N:         129
 FAILED K-S -- Parm:Precip. Amt.    Mon:           2  Year:        2012  N:         129
 FAILED K-S -- Parm:Precip. Amt.    Mon:           2  Year:        2012  N:         129
 FAILED K-S -- Parm:Precip. Amt.    Mon:           2  Year:        2012  N:         129
 FAILED K-S -- Parm:Precip. Amt.    Mon:           2  Year:        2012  N:         129
*** ERROR *** Could not produce desired level of quality in
                    << Precip. Amt.    >> random deviates.
At line 3013 of file cligen53.f (unit = 9, file = '0500000US20157.prn')
Fortran runtime error: Sequential READ or WRITE not allowed after EOF marker, possibly use REWIND or BACKSPACE
 Tdew -10 rangecheck executed.
 Tdew -10 rangecheck executed.
