

  ********************************************************************
  *                                                                  *
  *              USDA - WATER EROSION PREDICTION PROJECT             *
  *                 WEPP CLIMATE INPUT DATA GENERATOR                *
  *                                                                  *
  *                    CONTINUOUS SIMULATION AND                     *
  *                       SINGLE STORM OPTIONS                       *
  *                    with Command Line Options,                    *
  *                        and Corrections to                        *
  *                  Rainfall Intensity Calculations                 *
  *                   and Random Number Generation.                  *
  *                                                                  *
  *                          VERSION 5.30000                         *
  *                     Revised from VERSION 4.2                     *
  *                           October 2004                           *
  *                                                                  *
  *           (Use -h or /h to list command line options.)           *
  *                                                                  *
  ********************************************************************


 ut422257.par                                                                                                                                                                                                                                                    
 0500000US49045.prn                                                                                                                                                                                                                                              
 Tdew -10 rangecheck executed.
 Tdew -10 rangecheck executed.
 FAILED K-S -- Parm:Precip. Amt.    Mon:           1  Year:        1995  N:         101
 FAILED K-S -- Parm:Precip. Amt.    Mon:           1  Year:        1995  N:         101
 FAILED K-S -- Parm:Precip. Amt.    Mon:           1  Year:        1995  N:         101
 FAILED K-S -- Parm:Precip. Amt.    Mon:           1  Year:        1995  N:         101
 FAILED K-S -- Parm:Precip. Amt.    Mon:           1  Year:        1995  N:         101
*** ERROR *** Could not produce desired level of quality in
                    << Precip. Amt.    >> random deviates.
 FAILED K-S -- Parm:Precip. Amt.    Mon:           1  Year:        1996  N:         104
 FAILED K-S -- Parm:Precip. Amt.    Mon:           1  Year:        1996  N:         104
 FAILED K-S -- Parm:Precip. Amt.    Mon:           1  Year:        1996  N:         104
 FAILED K-S -- Parm:Precip. Amt.    Mon:           1  Year:        1996  N:         104
 FAILED K-S -- Parm:Precip. Amt.    Mon:           1  Year:        1996  N:         104
*** ERROR *** Could not produce desired level of quality in
                    << Precip. Amt.    >> random deviates.
 Failed SN SD test.
 Parm:Precip. Amt.    Month:           6  Year:        1996  Mlevel=   30.0000000      SDlevel=   53.3445663      Days:          33
 Failed SN SD test.
 Parm:Precip. Amt.    Month:           6  Year:        1996  Mlevel=   30.0000000      SDlevel=   53.1262703      Days:          33
 Failed SN SD test.
 Parm:Precip. Amt.    Month:           6  Year:        1996  Mlevel=   40.0000000      SDlevel=   57.8359833      Days:          33
 Failed SN SD test.
 Parm:Precip. Amt.    Month:           6  Year:        1996  Mlevel=   50.0000000      SDlevel=   56.2560425      Days:          33
 Failed SN SD test.
 Parm:Precip. Amt.    Month:           6  Year:        1996  Mlevel=   50.0000000      SDlevel=   53.7327652      Days:          33
*** ERROR *** Could not produce desired level of quality in
                    << Precip. Amt.    >> random deviates.
 FAILED K-S -- Parm:Precip. Amt.    Mon:          10  Year:        1996  N:         100
 FAILED K-S -- Parm:Precip. Amt.    Mon:          10  Year:        1996  N:         100
 FAILED K-S -- Parm:Precip. Amt.    Mon:          10  Year:        1996  N:         100
 FAILED K-S -- Parm:Precip. Amt.    Mon:          10  Year:        1996  N:         100
 FAILED K-S -- Parm:Precip. Amt.    Mon:          10  Year:        1996  N:         100
*** ERROR *** Could not produce desired level of quality in
                    << Precip. Amt.    >> random deviates.
 FAILED K-S -- Parm:Wind Vel.       Mon:          10  Year:        1996  N:         527
 FAILED K-S -- Parm:Time to Peak    Mon:          10  Year:        1996  N:         100
 FAILED K-S -- Parm:Precip. Amt.    Mon:           1  Year:        1997  N:         110
 FAILED K-S -- Parm:Precip. Amt.    Mon:           1  Year:        1997  N:         110
 FAILED K-S -- Parm:Precip. Amt.    Mon:           1  Year:        1997  N:         110
 FAILED K-S -- Parm:Precip. Amt.    Mon:           1  Year:        1997  N:         110
 FAILED K-S -- Parm:Precip. Amt.    Mon:           1  Year:        1997  N:         110
*** ERROR *** Could not produce desired level of quality in
                    << Precip. Amt.    >> random deviates.
 Tdew -10 rangecheck executed.
 FAILED K-S -- Parm:Precip. Amt.    Mon:          10  Year:        1997  N:         103
 FAILED K-S -- Parm:Precip. Amt.    Mon:          10  Year:        1997  N:         103
 FAILED K-S -- Parm:Precip. Amt.    Mon:          10  Year:        1997  N:         103
 FAILED K-S -- Parm:Precip. Amt.    Mon:          10  Year:        1997  N:         103
 FAILED K-S -- Parm:Precip. Amt.    Mon:          10  Year:        1997  N:         103
*** ERROR *** Could not produce desired level of quality in
                    << Precip. Amt.    >> random deviates.
 FAILED K-S -- Parm:Precip. Amt.    Mon:           1  Year:        1998  N:         119
 FAILED K-S -- Parm:Precip. Amt.    Mon:           1  Year:        1998  N:         119
 FAILED K-S -- Parm:Precip. Amt.    Mon:           1  Year:        1998  N:         119
 FAILED K-S -- Parm:Precip. Amt.    Mon:           1  Year:        1998  N:         119
 FAILED K-S -- Parm:Precip. Amt.    Mon:           1  Year:        1998  N:         119
*** ERROR *** Could not produce desired level of quality in
                    << Precip. Amt.    >> random deviates.
 FAILED K-S -- Parm:Precip. Amt.    Mon:           1  Year:        1999  N:         125
 FAILED K-S -- Parm:Precip. Amt.    Mon:           1  Year:        1999  N:         125
 FAILED K-S -- Parm:Precip. Amt.    Mon:           1  Year:        1999  N:         125
 FAILED K-S -- Parm:Precip. Amt.    Mon:           1  Year:        1999  N:         125
 FAILED K-S -- Parm:Precip. Amt.    Mon:           1  Year:        1999  N:         125
*** ERROR *** Could not produce desired level of quality in
                    << Precip. Amt.    >> random deviates.
 FAILED K-S -- Parm:Wind Vel.       Mon:           1  Year:        1999  N:         620
 FAILED K-S -- Parm:Precip. Amt.    Mon:           1  Year:        2000  N:         126
 FAILED K-S -- Parm:Precip. Amt.    Mon:           1  Year:        2000  N:         126
 FAILED K-S -- Parm:Precip. Amt.    Mon:           1  Year:        2000  N:         126
 FAILED K-S -- Parm:Precip. Amt.    Mon:           1  Year:        2000  N:         126
 FAILED K-S -- Parm:Precip. Amt.    Mon:           1  Year:        2000  N:         126
*** ERROR *** Could not produce desired level of quality in
                    << Precip. Amt.    >> random deviates.
 FAILED K-S -- Parm:Wind Vel.       Mon:           1  Year:        2000  N:         620
 FAILED K-S -- Parm:Temp. Dew Pt.   Mon:           1  Year:        2000  N:         651
 FAILED K-S -- Parm:Precip. Amt.    Mon:           1  Year:        2001  N:         134
 FAILED K-S -- Parm:Precip. Amt.    Mon:           1  Year:        2001  N:         134
 FAILED K-S -- Parm:Precip. Amt.    Mon:           1  Year:        2001  N:         134
 FAILED K-S -- Parm:Precip. Amt.    Mon:           1  Year:        2001  N:         134
 FAILED K-S -- Parm:Precip. Amt.    Mon:           1  Year:        2001  N:         134
*** ERROR *** Could not produce desired level of quality in
                    << Precip. Amt.    >> random deviates.
 FAILED K-S -- Parm:Wind Vel.       Mon:           1  Year:        2001  N:         620
 FAILED K-S -- Parm:Temp. Dew Pt.   Mon:           1  Year:        2001  N:         651
 FAILED K-S -- Parm:Precip. Amt.    Mon:           1  Year:        2002  N:         141
 FAILED K-S -- Parm:Precip. Amt.    Mon:           1  Year:        2002  N:         141
 FAILED K-S -- Parm:Precip. Amt.    Mon:           1  Year:        2002  N:         141
 FAILED K-S -- Parm:Precip. Amt.    Mon:           1  Year:        2002  N:         141
 FAILED K-S -- Parm:Precip. Amt.    Mon:           1  Year:        2002  N:         141
*** ERROR *** Could not produce desired level of quality in
                    << Precip. Amt.    >> random deviates.
 Failed SN SD test.
 Parm:Temp. Dew Pt.   Month:           1  Year:        2002  Mlevel=   1.00000000      SDlevel=   86.7330933      Days:         713
 FAILED K-S -- Parm:Precip. Amt.    Mon:           1  Year:        2003  N:         144
 FAILED K-S -- Parm:Precip. Amt.    Mon:           1  Year:        2003  N:         144
 FAILED K-S -- Parm:Precip. Amt.    Mon:           1  Year:        2003  N:         144
 FAILED K-S -- Parm:Precip. Amt.    Mon:           1  Year:        2003  N:         144
 FAILED K-S -- Parm:Precip. Amt.    Mon:           1  Year:        2003  N:         144
*** ERROR *** Could not produce desired level of quality in
                    << Precip. Amt.    >> random deviates.
 Failed SN SD test.
 Parm:Temp. Dew Pt.   Month:           1  Year:        2003  Mlevel=   10.0000000      SDlevel=   98.9498825      Days:         744
 FAILED K-S -- Parm:Precip. Amt.    Mon:           1  Year:        2004  N:         149
 FAILED K-S -- Parm:Precip. Amt.    Mon:           1  Year:        2004  N:         149
 FAILED K-S -- Parm:Precip. Amt.    Mon:           1  Year:        2004  N:         149
 FAILED K-S -- Parm:Precip. Amt.    Mon:           1  Year:        2004  N:         149
 FAILED K-S -- Parm:Precip. Amt.    Mon:           1  Year:        2004  N:         149
*** ERROR *** Could not produce desired level of quality in
                    << Precip. Amt.    >> random deviates.
 Failed SN SD test.
 Parm:Temp. Dew Pt.   Month:           1  Year:        2004  Mlevel=   10.0000000      SDlevel=   99.7925491      Days:         775
 FAILED K-S -- Parm:Precip. Amt.    Mon:           1  Year:        2005  N:         154
 FAILED K-S -- Parm:Precip. Amt.    Mon:           1  Year:        2005  N:         154
 FAILED K-S -- Parm:Precip. Amt.    Mon:           1  Year:        2005  N:         154
 FAILED K-S -- Parm:Precip. Amt.    Mon:           1  Year:        2005  N:         154
 FAILED K-S -- Parm:Precip. Amt.    Mon:           1  Year:        2005  N:         154
*** ERROR *** Could not produce desired level of quality in
                    << Precip. Amt.    >> random deviates.
 Failed SN SD test.
 Parm:Temp. Dew Pt.   Month:           1  Year:        2005  Mlevel=   10.0000000      SDlevel=   99.9914398      Days:         806
 FAILED K-S -- Parm:Precip. Amt.    Mon:           1  Year:        2006  N:         165
 FAILED K-S -- Parm:Precip. Amt.    Mon:           1  Year:        2006  N:         165
 FAILED K-S -- Parm:Precip. Amt.    Mon:           1  Year:        2006  N:         165
 FAILED K-S -- Parm:Precip. Amt.    Mon:           1  Year:        2006  N:         165
 FAILED K-S -- Parm:Precip. Amt.    Mon:           1  Year:        2006  N:         165
*** ERROR *** Could not produce desired level of quality in
                    << Precip. Amt.    >> random deviates.
 FAILED K-S -- Parm:Temp. Dew Pt.   Mon:           1  Year:        2006  N:         651
 FAILED K-S -- Parm:Precip. Amt.    Mon:           1  Year:        2007  N:         168
 FAILED K-S -- Parm:Precip. Amt.    Mon:           1  Year:        2007  N:         168
 FAILED K-S -- Parm:Precip. Amt.    Mon:           1  Year:        2007  N:         168
 FAILED K-S -- Parm:Precip. Amt.    Mon:           1  Year:        2007  N:         168
 FAILED K-S -- Parm:Precip. Amt.    Mon:           1  Year:        2007  N:         168
*** ERROR *** Could not produce desired level of quality in
                    << Precip. Amt.    >> random deviates.
 FAILED K-S -- Parm:Temp. Dew Pt.   Mon:           1  Year:        2007  N:         651
 FAILED K-S -- Parm:Precip. Amt.    Mon:           1  Year:        2008  N:         175
 FAILED K-S -- Parm:Precip. Amt.    Mon:           1  Year:        2008  N:         175
 FAILED K-S -- Parm:Precip. Amt.    Mon:           1  Year:        2008  N:         175
 FAILED K-S -- Parm:Precip. Amt.    Mon:           1  Year:        2008  N:         175
 FAILED K-S -- Parm:Precip. Amt.    Mon:           1  Year:        2008  N:         175
*** ERROR *** Could not produce desired level of quality in
                    << Precip. Amt.    >> random deviates.
 Failed SN SD test.
 Parm:Temp. Dew Pt.   Month:           1  Year:        2008  Mlevel=   20.0000000      SDlevel=   100.000000      Days:         899
 FAILED K-S -- Parm:Precip. Amt.    Mon:           1  Year:        2009  N:         180
 FAILED K-S -- Parm:Precip. Amt.    Mon:           1  Year:        2009  N:         180
 FAILED K-S -- Parm:Precip. Amt.    Mon:           1  Year:        2009  N:         180
 FAILED K-S -- Parm:Precip. Amt.    Mon:           1  Year:        2009  N:         180
 FAILED K-S -- Parm:Precip. Amt.    Mon:           1  Year:        2009  N:         180
*** ERROR *** Could not produce desired level of quality in
                    << Precip. Amt.    >> random deviates.
 Failed SN SD test.
 Parm:Temp. Dew Pt.   Month:           1  Year:        2009  Mlevel=   1.00000000      SDlevel=   100.000000      Days:         930
 FAILED K-S -- Parm:Precip. Amt.    Mon:           1  Year:        2010  N:         187
 FAILED K-S -- Parm:Precip. Amt.    Mon:           1  Year:        2010  N:         187
 FAILED K-S -- Parm:Precip. Amt.    Mon:           1  Year:        2010  N:         187
 FAILED K-S -- Parm:Precip. Amt.    Mon:           1  Year:        2010  N:         187
 FAILED K-S -- Parm:Precip. Amt.    Mon:           1  Year:        2010  N:         187
*** ERROR *** Could not produce desired level of quality in
                    << Precip. Amt.    >> random deviates.
 FAILED K-S -- Parm:Temp. Dew Pt.   Mon:           1  Year:        2010  N:         651
 FAILED K-S -- Parm:Precip. Amt.    Mon:           1  Year:        2011  N:         192
 FAILED K-S -- Parm:Precip. Amt.    Mon:           1  Year:        2011  N:         192
 FAILED K-S -- Parm:Precip. Amt.    Mon:           1  Year:        2011  N:         192
 FAILED K-S -- Parm:Precip. Amt.    Mon:           1  Year:        2011  N:         192
 FAILED K-S -- Parm:Precip. Amt.    Mon:           1  Year:        2011  N:         192
*** ERROR *** Could not produce desired level of quality in
                    << Precip. Amt.    >> random deviates.
 FAILED K-S -- Parm:Temp. Dew Pt.   Mon:           1  Year:        2011  N:         651
 FAILED K-S -- Parm:Precip. Amt.    Mon:           1  Year:        2012  N:         196
 FAILED K-S -- Parm:Precip. Amt.    Mon:           1  Year:        2012  N:         196
 FAILED K-S -- Parm:Precip. Amt.    Mon:           1  Year:        2012  N:         196
 FAILED K-S -- Parm:Precip. Amt.    Mon:           1  Year:        2012  N:         196
 FAILED K-S -- Parm:Precip. Amt.    Mon:           1  Year:        2012  N:         196
*** ERROR *** Could not produce desired level of quality in
                    << Precip. Amt.    >> random deviates.
 FAILED K-S -- Parm:Temp. Dew Pt.   Mon:           1  Year:        2012  N:         651
 FAILED K-S -- Parm:Precip. Amt.    Mon:           1  Year:        2013  N:         200
 FAILED K-S -- Parm:Precip. Amt.    Mon:           1  Year:        2013  N:         200
 FAILED K-S -- Parm:Precip. Amt.    Mon:           1  Year:        2013  N:         200
 FAILED K-S -- Parm:Precip. Amt.    Mon:           1  Year:        2013  N:         200
 FAILED K-S -- Parm:Precip. Amt.    Mon:           1  Year:        2013  N:         200
*** ERROR *** Could not produce desired level of quality in
                    << Precip. Amt.    >> random deviates.
At line 3013 of file cligen53.f (unit = 9, file = '0500000US49045.prn')
Fortran runtime error: Sequential READ or WRITE not allowed after EOF marker, possibly use REWIND or BACKSPACE
 Failed SN SD test.
 Parm:Temp. Dew Pt.   Month:           1  Year:        2013  Mlevel=   5.00000000      SDlevel=   100.000000      Days:        1054
 FAILED K-S -- Parm:Precip. Amt.    Mon:           1  Year:        2014  N:         208
 FAILED K-S -- Parm:Precip. Amt.    Mon:           1  Year:        2014  N:         208
 FAILED K-S -- Parm:Precip. Amt.    Mon:           1  Year:        2014  N:         208
 FAILED K-S -- Parm:Precip. Amt.    Mon:           1  Year:        2014  N:         208
 FAILED K-S -- Parm:Precip. Amt.    Mon:           1  Year:        2014  N:         208
*** ERROR *** Could not produce desired level of quality in
                    << Precip. Amt.    >> random deviates.
 FAILED K-S -- Parm:Temp. Dew Pt.   Mon:           1  Year:        2014  N:         651
 FAILED K-S -- Parm:Precip. Amt.    Mon:           1  Year:        2015  N:         213
 FAILED K-S -- Parm:Precip. Amt.    Mon:           1  Year:        2015  N:         213
 FAILED K-S -- Parm:Precip. Amt.    Mon:           1  Year:        2015  N:         213
 FAILED K-S -- Parm:Precip. Amt.    Mon:           1  Year:        2015  N:         213
 FAILED K-S -- Parm:Precip. Amt.    Mon:           1  Year:        2015  N:         213
*** ERROR *** Could not produce desired level of quality in
                    << Precip. Amt.    >> random deviates.
 Failed SN SD test.
 Parm:Temp. Dew Pt.   Month:           1  Year:        2015  Mlevel=   10.0000000      SDlevel=   100.000000      Days:        1116
 FAILED K-S -- Parm:Precip. Amt.    Mon:           1  Year:        2016  N:         225
 FAILED K-S -- Parm:Precip. Amt.    Mon:           1  Year:        2016  N:         225
 FAILED K-S -- Parm:Precip. Amt.    Mon:           1  Year:        2016  N:         225
 FAILED K-S -- Parm:Precip. Amt.    Mon:           1  Year:        2016  N:         225
 FAILED K-S -- Parm:Precip. Amt.    Mon:           1  Year:        2016  N:         225
*** ERROR *** Could not produce desired level of quality in
                    << Precip. Amt.    >> random deviates.
 Failed SN SD test.
 Parm:Temp. Dew Pt.   Month:           1  Year:        2016  Mlevel=   10.0000000      SDlevel=   100.000000      Days:        1147
 FAILED K-S -- Parm:Precip. Amt.    Mon:           1  Year:        2017  N:         233
 FAILED K-S -- Parm:Precip. Amt.    Mon:           1  Year:        2017  N:         233
 FAILED K-S -- Parm:Precip. Amt.    Mon:           1  Year:        2017  N:         233
 FAILED K-S -- Parm:Precip. Amt.    Mon:           1  Year:        2017  N:         233
 FAILED K-S -- Parm:Precip. Amt.    Mon:           1  Year:        2017  N:         233
*** ERROR *** Could not produce desired level of quality in
                    << Precip. Amt.    >> random deviates.
 Failed SN SD test.
 Parm:Temp. Dew Pt.   Month:           1  Year:        2017  Mlevel=   10.0000000      SDlevel=   100.000000      Days:        1178
