mukey: 1588028
found 6 components
looping over components
analyzing cokey 15168075
found 3 layers
analyzing chkey 43860223
analyzing chkey 43860224
analyzing chkey 43860225
horizons mask: [False, False, False]
computing erodibility for h0
analyzing cokey 15168070
found 2 layers
analyzing chkey 43860209
analyzing chkey 43860210
horizons mask: [False, False]
computing erodibility for h0
analyzing cokey 15168072
found 2 layers
analyzing chkey 43860214
analyzing chkey 43860215
horizons mask: [False, False]
computing erodibility for h0
analyzing cokey 15168071
found 3 layers
analyzing chkey 43860212
analyzing chkey 43860213
analyzing chkey 43860211
horizons mask: [False, False, True]
computing erodibility for h0
building major component
identified 1 layers, ksat_min=7.7
done
Validity: all checks passed
Validity: all checks passed