mukey: 278841
found 5 components
looping over components
analyzing cokey 15343714
found 8 layers
analyzing chkey 44418217
analyzing chkey 44418218
analyzing chkey 44418219
analyzing chkey 44418220
analyzing chkey 44418221
analyzing chkey 44418222
analyzing chkey 44418224
analyzing chkey 44418223
horizons mask: [True, True, True, True, True, True, True, True]
computing erodibility for h0
building major component
identified 7 layers, ksat_min=1.5
done
Validity: all checks passed
Validity: all checks passed