mukey: 2997080
found 9 components
looping over components
analyzing cokey 15160037
found 8 layers
analyzing chkey 43837716
analyzing chkey 43837718
analyzing chkey 43837722
analyzing chkey 43837717
analyzing chkey 43837719
analyzing chkey 43837720
analyzing chkey 43837721
analyzing chkey 43837715
horizons mask: [True, True, True, True, True, True, True, True]
computing erodibility for h0
building major component
identified 7 layers, ksat_min=0.005
done
Validity: all checks passed
Validity: all checks passed