mukey: 309452
found 3 components
looping over components
analyzing cokey 15345810
found 0 layers
horizons mask: []
analyzing cokey 15345809
found 7 layers
analyzing chkey 44429148
analyzing chkey 44429149
analyzing chkey 44429147
analyzing chkey 44429150
analyzing chkey 44429151
analyzing chkey 44429152
analyzing chkey 44429153
horizons mask: [False, False, False, False, False, False, False]
computing erodibility for h0
analyzing cokey 15345811
found 5 layers
analyzing chkey 44429155
analyzing chkey 44429156
analyzing chkey 44429154
analyzing chkey 44429158
analyzing chkey 44429157
horizons mask: [False, False, False, True, True]
computing erodibility for h0
building major component
identified 2 layers, ksat_min=50.0
done
Validity: all checks passed
Validity: all checks passed