mukey: 550960
found 8 components
looping over components
analyzing cokey 15244668
found 8 layers
analyzing chkey 44085836
analyzing chkey 44085837
analyzing chkey 44085838
analyzing chkey 44085839
analyzing chkey 44085840
analyzing chkey 44085841
analyzing chkey 44085842
analyzing chkey 44085835
horizons mask: [True, True, True, True, True, True, True, True]
computing erodibility for h0
building major component
identified 7 layers, ksat_min=0.005
done
Validity: all checks passed
Validity: all checks passed