mukey: 550959
found 6 components
looping over components
analyzing cokey 15244662
found 8 layers
analyzing chkey 44085808
analyzing chkey 44085802
analyzing chkey 44085803
analyzing chkey 44085807
analyzing chkey 44085804
analyzing chkey 44085805
analyzing chkey 44085806
analyzing chkey 44085809
horizons mask: [True, True, True, True, True, True, True, True]
computing erodibility for h0
building major component
identified 7 layers, ksat_min=0.005
done
Validity: all checks passed
Validity: all checks passed