mukey: 557799
found 6 components
looping over components
analyzing cokey 15240960
found 8 layers
analyzing chkey 44073914
analyzing chkey 44073908
analyzing chkey 44073909
analyzing chkey 44073913
analyzing chkey 44073910
analyzing chkey 44073911
analyzing chkey 44073912
analyzing chkey 44073915
horizons mask: [True, True, True, True, True, True, True, True]
computing erodibility for h0
building major component
identified 7 layers, ksat_min=0.005
done
Validity: all checks passed
Validity: all checks passed