mukey: 676924
found 6 components
looping over components
analyzing cokey 14273283
found 2 layers
analyzing chkey 41082793
analyzing chkey 41082794
horizons mask: [False, False]
computing erodibility for h0
analyzing cokey 14273288
found 3 layers
analyzing chkey 41082809
analyzing chkey 41082810
analyzing chkey 41082811
horizons mask: [True, True, True]
computing erodibility for h0
building major component
identified 3 layers, ksat_min=9.1743
done
Validity: all checks passed
Validity: all checks passed