mukey: 796346
found 4 components
looping over components
analyzing cokey 15345122
found 2 layers
analyzing chkey 44425721
analyzing chkey 44425720
horizons mask: [False, False]
computing erodibility for h0
analyzing cokey 15345119
found 3 layers
analyzing chkey 44425707
analyzing chkey 44425708
analyzing chkey 44425709
horizons mask: [False, False, True]
computing erodibility for h0
building major component
identified 1 layers, ksat_min=10.0
done
Validity: all checks passed
Validity: all checks passed