

  ********************************************************************
  *                                                                  *
  *              USDA - WATER EROSION PREDICTION PROJECT             *
  *                 WEPP CLIMATE INPUT DATA GENERATOR                *
  *                                                                  *
  *                    CONTINUOUS SIMULATION AND                     *
  *                       SINGLE STORM OPTIONS                       *
  *                    with Command Line Options,                    *
  *                        and Corrections to                        *
  *                  Rainfall Intensity Calculations                 *
  *                   and Random Number Generation.                  *
  *                                                                  *
  *                          VERSION 5.32000                         *
  *                     Revised from VERSION 4.2                     *
  *           (Use -h or /h to list command line options.)           *
  *                                                                  *
  ********************************************************************


 or353770.par                                                                   
                                                                                
                                                                                
                    
 data_45.53125_-121.90625.prn                                                   
                                                                                
                                                                                
                    
Normal program termination
